{"RecordNumber":24380,"TimeGenerated":"2025-07-01 16:18:16 +0700","TimeWritten":"2025-07-01 16:18:16 +0700","EventID":16384,"Qualifiers":16384,"EventType":"Information","EventCategory":0,"Channel":"Application","SourceName":"Software Protection Platform Service","ComputerName":"DESKTOP-RB8ENUF","Data":"","Sid":"","Message":"Successfully scheduled Software Protection service for re-start at 2025-07-02T06:42:16Z. Reason: RulesEngine.\r\n","StringInserts":["2025-07-02T06:42:16Z","RulesEngine"]}
{"RecordNumber":24381,"TimeGenerated":"2025-07-01 16:32:14 +0700","TimeWritten":"2025-07-01 16:32:14 +0700","EventID":0,"Qualifiers":0,"EventType":"Information","EventCategory":0,"Channel":"Application","SourceName":"coccoc","ComputerName":"DESKTOP-RB8ENUF","Data":"","Sid":"","Message":"","StringInserts":["Service stopped"]}
{"RecordNumber":24382,"TimeGenerated":"2025-07-01 17:27:57 +0700","TimeWritten":"2025-07-01 17:27:57 +0700","EventID":4354,"Qualifiers":32768,"EventType":"Warning","EventCategory":18,"Channel":"Application","SourceName":"EventSystem","ComputerName":"DESKTOP-RB8ENUF","Data":"","Sid":"","Message":"The COM+ Event System failed to fire the DisplayLock method on event class {D5978630-5B9F-11D1-8DD2-00AA004ABD5E} for publisher  and subscriber . The display name of the subscription is \"Visual Studio ISensLogon Subscription\". The HRESULT was 8001010a.","StringInserts":["8001010a","DisplayLock","{D5978630-5B9F-11D1-8DD2-00AA004ABD5E}","","","Visual Studio ISensLogon Subscription",""]}
{"RecordNumber":24383,"TimeGenerated":"2025-07-01 17:28:12 +0700","TimeWritten":"2025-07-01 17:28:12 +0700","EventID":4354,"Qualifiers":32768,"EventType":"Warning","EventCategory":18,"Channel":"Application","SourceName":"EventSystem","ComputerName":"DESKTOP-RB8ENUF","Data":"","Sid":"","Message":"The COM+ Event System failed to fire the DisplayLock method on event class {D5978630-5B9F-11D1-8DD2-00AA004ABD5E} for publisher  and subscriber . The display name of the subscription is \"Visual Studio ISensLogon Subscription\". The HRESULT was 8001010a.","StringInserts":["8001010a","DisplayLock","{D5978630-5B9F-11D1-8DD2-00AA004ABD5E}","","","Visual Studio ISensLogon Subscription",""]}
{"RecordNumber":24384,"TimeGenerated":"2025-07-01 17:32:44 +0700","TimeWritten":"2025-07-01 17:32:44 +0700","EventID":16394,"Qualifiers":49152,"EventType":"Information","EventCategory":0,"Channel":"Application","SourceName":"Software Protection Platform Service","ComputerName":"DESKTOP-RB8ENUF","Data":"","Sid":"","Message":"Offline downlevel migration succeeded.\r\n","StringInserts":[]}
{"RecordNumber":24385,"TimeGenerated":"2025-07-01 17:33:05 +0700","TimeWritten":"2025-07-01 17:33:05 +0700","EventID":15,"Qualifiers":0,"EventType":"Information","EventCategory":0,"Channel":"Application","SourceName":"SecurityCenter","ComputerName":"DESKTOP-RB8ENUF","Data":"","Sid":"","Message":"Updated Windows Defender status successfully to SECURITY_PRODUCT_STATE_ON.\r\n","StringInserts":["Windows Defender","SECURITY_PRODUCT_STATE_ON"]}
{"RecordNumber":24386,"TimeGenerated":"2025-07-01 17:33:07 +0700","TimeWritten":"2025-07-01 17:33:07 +0700","EventID":15,"Qualifiers":0,"EventType":"Information","EventCategory":0,"Channel":"Application","SourceName":"SecurityCenter","ComputerName":"DESKTOP-RB8ENUF","Data":"","Sid":"","Message":"Updated Windows Defender status successfully to SECURITY_PRODUCT_STATE_ON.\r\n","StringInserts":["Windows Defender","SECURITY_PRODUCT_STATE_ON"]}
{"RecordNumber":24387,"TimeGenerated":"2025-07-01 17:33:15 +0700","TimeWritten":"2025-07-01 17:33:15 +0700","EventID":16384,"Qualifiers":16384,"EventType":"Information","EventCategory":0,"Channel":"Application","SourceName":"Software Protection Platform Service","ComputerName":"DESKTOP-RB8ENUF","Data":"","Sid":"","Message":"Successfully scheduled Software Protection service for re-start at 2025-07-02T06:42:15Z. Reason: RulesEngine.\r\n","StringInserts":["2025-07-02T06:42:15Z","RulesEngine"]}
{"RecordNumber":24388,"TimeGenerated":"2025-07-01 17:33:22 +0700","TimeWritten":"2025-07-01 17:33:22 +0700","EventID":16394,"Qualifiers":49152,"EventType":"Information","EventCategory":0,"Channel":"Application","SourceName":"Software Protection Platform Service","ComputerName":"DESKTOP-RB8ENUF","Data":"","Sid":"","Message":"Offline downlevel migration succeeded.\r\n","StringInserts":[]}
{"RecordNumber":24389,"TimeGenerated":"2025-07-01 17:33:34 +0700","TimeWritten":"2025-07-01 17:33:34 +0700","EventID":15,"Qualifiers":0,"EventType":"Information","EventCategory":0,"Channel":"Application","SourceName":"SecurityCenter","ComputerName":"DESKTOP-RB8ENUF","Data":"","Sid":"","Message":"Updated Windows Defender status successfully to SECURITY_PRODUCT_STATE_ON.\r\n","StringInserts":["Windows Defender","SECURITY_PRODUCT_STATE_ON"]}
{"RecordNumber":24390,"TimeGenerated":"2025-07-01 17:33:53 +0700","TimeWritten":"2025-07-01 17:33:53 +0700","EventID":16384,"Qualifiers":16384,"EventType":"Information","EventCategory":0,"Channel":"Application","SourceName":"Software Protection Platform Service","ComputerName":"DESKTOP-RB8ENUF","Data":"","Sid":"","Message":"Successfully scheduled Software Protection service for re-start at 2025-07-02T06:42:53Z. Reason: RulesEngine.\r\n","StringInserts":["2025-07-02T06:42:53Z","RulesEngine"]}
{"RecordNumber":24391,"TimeGenerated":"2025-07-01 17:37:42 +0700","TimeWritten":"2025-07-01 17:37:42 +0700","EventID":16394,"Qualifiers":49152,"EventType":"Information","EventCategory":0,"Channel":"Application","SourceName":"Software Protection Platform Service","ComputerName":"DESKTOP-RB8ENUF","Data":"","Sid":"","Message":"Offline downlevel migration succeeded.\r\n","StringInserts":[]}
{"RecordNumber":24392,"TimeGenerated":"2025-07-01 17:38:18 +0700","TimeWritten":"2025-07-01 17:38:18 +0700","EventID":16384,"Qualifiers":16384,"EventType":"Information","EventCategory":0,"Channel":"Application","SourceName":"Software Protection Platform Service","ComputerName":"DESKTOP-RB8ENUF","Data":"","Sid":"","Message":"Successfully scheduled Software Protection service for re-start at 2025-07-02T06:42:18Z. Reason: RulesEngine.\r\n","StringInserts":["2025-07-02T06:42:18Z","RulesEngine"]}
{"RecordNumber":24393,"TimeGenerated":"2025-07-01 19:17:23 +0700","TimeWritten":"2025-07-01 19:17:23 +0700","EventID":16394,"Qualifiers":49152,"EventType":"Information","EventCategory":0,"Channel":"Application","SourceName":"Software Protection Platform Service","ComputerName":"DESKTOP-RB8ENUF","Data":"","Sid":"","Message":"Offline downlevel migration succeeded.\r\n","StringInserts":[]}
{"RecordNumber":24394,"TimeGenerated":"2025-07-01 19:17:53 +0700","TimeWritten":"2025-07-01 19:17:53 +0700","EventID":16384,"Qualifiers":16384,"EventType":"Information","EventCategory":0,"Channel":"Application","SourceName":"Software Protection Platform Service","ComputerName":"DESKTOP-RB8ENUF","Data":"","Sid":"","Message":"Successfully scheduled Software Protection service for re-start at 2025-07-02T06:42:53Z. Reason: RulesEngine.\r\n","StringInserts":["2025-07-02T06:42:53Z","RulesEngine"]}
{"RecordNumber":24395,"TimeGenerated":"2025-07-01 19:40:35 +0700","TimeWritten":"2025-07-01 19:40:35 +0700","EventID":16394,"Qualifiers":49152,"EventType":"Information","EventCategory":0,"Channel":"Application","SourceName":"Software Protection Platform Service","ComputerName":"DESKTOP-RB8ENUF","Data":"","Sid":"","Message":"Offline downlevel migration succeeded.\r\n","StringInserts":[]}
{"RecordNumber":24396,"TimeGenerated":"2025-07-01 19:41:06 +0700","TimeWritten":"2025-07-01 19:41:06 +0700","EventID":16384,"Qualifiers":16384,"EventType":"Information","EventCategory":0,"Channel":"Application","SourceName":"Software Protection Platform Service","ComputerName":"DESKTOP-RB8ENUF","Data":"","Sid":"","Message":"Successfully scheduled Software Protection service for re-start at 2025-07-02T06:43:05Z. Reason: RulesEngine.\r\n","StringInserts":["2025-07-02T06:43:05Z","RulesEngine"]}
{"RecordNumber":24397,"TimeGenerated":"2025-07-01 21:13:52 +0700","TimeWritten":"2025-07-01 21:13:52 +0700","EventID":16394,"Qualifiers":49152,"EventType":"Information","EventCategory":0,"Channel":"Application","SourceName":"Software Protection Platform Service","ComputerName":"DESKTOP-RB8ENUF","Data":"","Sid":"","Message":"Offline downlevel migration succeeded.\r\n","StringInserts":[]}
{"RecordNumber":24398,"TimeGenerated":"2025-07-01 21:14:22 +0700","TimeWritten":"2025-07-01 21:14:22 +0700","EventID":16384,"Qualifiers":16384,"EventType":"Information","EventCategory":0,"Channel":"Application","SourceName":"Software Protection Platform Service","ComputerName":"DESKTOP-RB8ENUF","Data":"","Sid":"","Message":"Successfully scheduled Software Protection service for re-start at 2025-07-02T06:42:22Z. Reason: RulesEngine.\r\n","StringInserts":["2025-07-02T06:42:22Z","RulesEngine"]}
{"RecordNumber":24399,"TimeGenerated":"2025-07-01 21:32:12 +0700","TimeWritten":"2025-07-01 21:32:12 +0700","EventID":0,"Qualifiers":0,"EventType":"Information","EventCategory":0,"Channel":"Application","SourceName":"coccoc","ComputerName":"DESKTOP-RB8ENUF","Data":"","Sid":"","Message":"","StringInserts":["Service stopped"]}
{"RecordNumber":24400,"TimeGenerated":"2025-07-01 22:02:01 +0700","TimeWritten":"2025-07-01 22:02:01 +0700","EventID":16394,"Qualifiers":49152,"EventType":"Information","EventCategory":0,"Channel":"Application","SourceName":"Software Protection Platform Service","ComputerName":"DESKTOP-RB8ENUF","Data":"","Sid":"","Message":"Offline downlevel migration succeeded.\r\n","StringInserts":[]}
{"RecordNumber":24401,"TimeGenerated":"2025-07-01 22:02:33 +0700","TimeWritten":"2025-07-01 22:02:33 +0700","EventID":16384,"Qualifiers":16384,"EventType":"Information","EventCategory":0,"Channel":"Application","SourceName":"Software Protection Platform Service","ComputerName":"DESKTOP-RB8ENUF","Data":"","Sid":"","Message":"Successfully scheduled Software Protection service for re-start at 2025-07-02T06:42:33Z. Reason: RulesEngine.\r\n","StringInserts":["2025-07-02T06:42:33Z","RulesEngine"]}
{"RecordNumber":24402,"TimeGenerated":"2025-07-02 01:26:11 +0700","TimeWritten":"2025-07-02 01:26:11 +0700","EventID":8224,"Qualifiers":0,"EventType":"Information","EventCategory":0,"Channel":"Application","SourceName":"VSS","ComputerName":"DESKTOP-RB8ENUF","Data":"2d20436f64653a2020434f525356434330303030303737342d2043616c6c3a2020434f525356434330303030303735362d205049443a202030303032313635322d205449443a202030303031343238302d20434d443a2020433a5c57696e646f77735c73797374656d33325c76737376632e6578652020202d20557365723a204e616d653a204e5420415554484f524954595c53595354454d2c205349443a532d312d352d313820","Sid":"","Message":"The VSS service is shutting down due to idle timeout.\r\n\r\n","StringInserts":[""]}
{"RecordNumber":24403,"TimeGenerated":"2025-07-02 01:27:16 +0700","TimeWritten":"2025-07-02 01:27:16 +0700","EventID":0,"Qualifiers":0,"EventType":"Information","EventCategory":0,"Channel":"Application","SourceName":"edgeupdate","ComputerName":"DESKTOP-RB8ENUF","Data":"","Sid":"","Message":"Service stopped.\r\n","StringInserts":["Service stopped"]}
{"RecordNumber":24404,"TimeGenerated":"2025-07-02 02:21:08 +0700","TimeWritten":"2025-07-02 02:21:08 +0700","EventID":16394,"Qualifiers":49152,"EventType":"Information","EventCategory":0,"Channel":"Application","SourceName":"Software Protection Platform Service","ComputerName":"DESKTOP-RB8ENUF","Data":"","Sid":"","Message":"Offline downlevel migration succeeded.\r\n","StringInserts":[]}
{"RecordNumber":24405,"TimeGenerated":"2025-07-02 02:21:40 +0700","TimeWritten":"2025-07-02 02:21:40 +0700","EventID":16384,"Qualifiers":16384,"EventType":"Information","EventCategory":0,"Channel":"Application","SourceName":"Software Protection Platform Service","ComputerName":"DESKTOP-RB8ENUF","Data":"","Sid":"","Message":"Successfully scheduled Software Protection service for re-start at 2025-07-02T06:42:40Z. Reason: RulesEngine.\r\n","StringInserts":["2025-07-02T06:42:40Z","RulesEngine"]}
{"RecordNumber":24406,"TimeGenerated":"2025-07-02 02:32:06 +0700","TimeWritten":"2025-07-02 02:32:06 +0700","EventID":0,"Qualifiers":0,"EventType":"Information","EventCategory":0,"Channel":"Application","SourceName":"coccoc","ComputerName":"DESKTOP-RB8ENUF","Data":"","Sid":"","Message":"","StringInserts":["Service stopped"]}
{"RecordNumber":24407,"TimeGenerated":"2025-07-02 03:07:10 +0700","TimeWritten":"2025-07-02 03:07:10 +0700","EventID":16394,"Qualifiers":49152,"EventType":"Information","EventCategory":0,"Channel":"Application","SourceName":"Software Protection Platform Service","ComputerName":"DESKTOP-RB8ENUF","Data":"","Sid":"","Message":"Offline downlevel migration succeeded.\r\n","StringInserts":[]}
{"RecordNumber":24408,"TimeGenerated":"2025-07-02 03:07:42 +0700","TimeWritten":"2025-07-02 03:07:42 +0700","EventID":16384,"Qualifiers":16384,"EventType":"Information","EventCategory":0,"Channel":"Application","SourceName":"Software Protection Platform Service","ComputerName":"DESKTOP-RB8ENUF","Data":"","Sid":"","Message":"Successfully scheduled Software Protection service for re-start at 2025-07-02T06:42:42Z. Reason: RulesEngine.\r\n","StringInserts":["2025-07-02T06:42:42Z","RulesEngine"]}
{"RecordNumber":24409,"TimeGenerated":"2025-07-02 03:57:39 +0700","TimeWritten":"2025-07-02 03:57:39 +0700","EventID":16394,"Qualifiers":49152,"EventType":"Information","EventCategory":0,"Channel":"Application","SourceName":"Software Protection Platform Service","ComputerName":"DESKTOP-RB8ENUF","Data":"","Sid":"","Message":"Offline downlevel migration succeeded.\r\n","StringInserts":[]}
{"RecordNumber":24410,"TimeGenerated":"2025-07-02 03:58:10 +0700","TimeWritten":"2025-07-02 03:58:10 +0700","EventID":16384,"Qualifiers":16384,"EventType":"Information","EventCategory":0,"Channel":"Application","SourceName":"Software Protection Platform Service","ComputerName":"DESKTOP-RB8ENUF","Data":"","Sid":"","Message":"Successfully scheduled Software Protection service for re-start at 2025-07-02T06:42:10Z. Reason: RulesEngine.\r\n","StringInserts":["2025-07-02T06:42:10Z","RulesEngine"]}
{"RecordNumber":24411,"TimeGenerated":"2025-07-02 03:59:05 +0700","TimeWritten":"2025-07-02 03:59:05 +0700","EventID":16394,"Qualifiers":49152,"EventType":"Information","EventCategory":0,"Channel":"Application","SourceName":"Software Protection Platform Service","ComputerName":"DESKTOP-RB8ENUF","Data":"","Sid":"","Message":"Offline downlevel migration succeeded.\r\n","StringInserts":[]}
{"RecordNumber":24412,"TimeGenerated":"2025-07-02 03:59:35 +0700","TimeWritten":"2025-07-02 03:59:35 +0700","EventID":16384,"Qualifiers":16384,"EventType":"Information","EventCategory":0,"Channel":"Application","SourceName":"Software Protection Platform Service","ComputerName":"DESKTOP-RB8ENUF","Data":"","Sid":"","Message":"Successfully scheduled Software Protection service for re-start at 2025-07-02T06:42:35Z. Reason: RulesEngine.\r\n","StringInserts":["2025-07-02T06:42:35Z","RulesEngine"]}
{"RecordNumber":24413,"TimeGenerated":"2025-07-02 04:37:05 +0700","TimeWritten":"2025-07-02 04:37:05 +0700","EventID":16394,"Qualifiers":49152,"EventType":"Information","EventCategory":0,"Channel":"Application","SourceName":"Software Protection Platform Service","ComputerName":"DESKTOP-RB8ENUF","Data":"","Sid":"","Message":"Offline downlevel migration succeeded.\r\n","StringInserts":[]}
{"RecordNumber":24414,"TimeGenerated":"2025-07-02 04:37:35 +0700","TimeWritten":"2025-07-02 04:37:35 +0700","EventID":16384,"Qualifiers":16384,"EventType":"Information","EventCategory":0,"Channel":"Application","SourceName":"Software Protection Platform Service","ComputerName":"DESKTOP-RB8ENUF","Data":"","Sid":"","Message":"Successfully scheduled Software Protection service for re-start at 2025-07-02T06:42:35Z. Reason: RulesEngine.\r\n","StringInserts":["2025-07-02T06:42:35Z","RulesEngine"]}
{"RecordNumber":24415,"TimeGenerated":"2025-07-02 06:20:33 +0700","TimeWritten":"2025-07-02 06:20:33 +0700","EventID":16394,"Qualifiers":49152,"EventType":"Information","EventCategory":0,"Channel":"Application","SourceName":"Software Protection Platform Service","ComputerName":"DESKTOP-RB8ENUF","Data":"","Sid":"","Message":"Offline downlevel migration succeeded.\r\n","StringInserts":[]}
{"RecordNumber":24416,"TimeGenerated":"2025-07-02 06:21:03 +0700","TimeWritten":"2025-07-02 06:21:03 +0700","EventID":16384,"Qualifiers":16384,"EventType":"Information","EventCategory":0,"Channel":"Application","SourceName":"Software Protection Platform Service","ComputerName":"DESKTOP-RB8ENUF","Data":"","Sid":"","Message":"Successfully scheduled Software Protection service for re-start at 2025-07-02T06:43:03Z. Reason: RulesEngine.\r\n","StringInserts":["2025-07-02T06:43:03Z","RulesEngine"]}
{"RecordNumber":24417,"TimeGenerated":"2025-07-02 06:21:34 +0700","TimeWritten":"2025-07-02 06:21:34 +0700","EventID":16394,"Qualifiers":49152,"EventType":"Information","EventCategory":0,"Channel":"Application","SourceName":"Software Protection Platform Service","ComputerName":"DESKTOP-RB8ENUF","Data":"","Sid":"","Message":"Offline downlevel migration succeeded.\r\n","StringInserts":[]}
{"RecordNumber":24418,"TimeGenerated":"2025-07-02 06:22:04 +0700","TimeWritten":"2025-07-02 06:22:04 +0700","EventID":16384,"Qualifiers":16384,"EventType":"Information","EventCategory":0,"Channel":"Application","SourceName":"Software Protection Platform Service","ComputerName":"DESKTOP-RB8ENUF","Data":"","Sid":"","Message":"Successfully scheduled Software Protection service for re-start at 2025-07-02T06:43:04Z. Reason: RulesEngine.\r\n","StringInserts":["2025-07-02T06:43:04Z","RulesEngine"]}
{"RecordNumber":24419,"TimeGenerated":"2025-07-02 06:42:47 +0700","TimeWritten":"2025-07-02 06:42:47 +0700","EventID":16394,"Qualifiers":49152,"EventType":"Information","EventCategory":0,"Channel":"Application","SourceName":"Software Protection Platform Service","ComputerName":"DESKTOP-RB8ENUF","Data":"","Sid":"","Message":"Offline downlevel migration succeeded.\r\n","StringInserts":[]}
{"RecordNumber":24420,"TimeGenerated":"2025-07-02 06:43:17 +0700","TimeWritten":"2025-07-02 06:43:17 +0700","EventID":16384,"Qualifiers":16384,"EventType":"Information","EventCategory":0,"Channel":"Application","SourceName":"Software Protection Platform Service","ComputerName":"DESKTOP-RB8ENUF","Data":"","Sid":"","Message":"Successfully scheduled Software Protection service for re-start at 2025-07-02T06:42:17Z. Reason: RulesEngine.\r\n","StringInserts":["2025-07-02T06:42:17Z","RulesEngine"]}
{"RecordNumber":24421,"TimeGenerated":"2025-07-02 07:33:24 +0700","TimeWritten":"2025-07-02 07:33:24 +0700","EventID":0,"Qualifiers":0,"EventType":"Information","EventCategory":0,"Channel":"Application","SourceName":"coccoc","ComputerName":"DESKTOP-RB8ENUF","Data":"","Sid":"","Message":"","StringInserts":["Service stopped"]}
{"RecordNumber":24422,"TimeGenerated":"2025-07-02 08:33:03 +0700","TimeWritten":"2025-07-02 08:33:03 +0700","EventID":0,"Qualifiers":0,"EventType":"Information","EventCategory":0,"Channel":"Application","SourceName":"coccoc","ComputerName":"DESKTOP-RB8ENUF","Data":"","Sid":"","Message":"","StringInserts":["Service stopped"]}
{"RecordNumber":24423,"TimeGenerated":"2025-07-02 08:35:53 +0700","TimeWritten":"2025-07-02 08:35:53 +0700","EventID":0,"Qualifiers":0,"EventType":"Information","EventCategory":0,"Channel":"Application","SourceName":"igfxCUIService2.0.0.0","ComputerName":"DESKTOP-RB8ENUF","Data":"","Sid":"","Message":"","StringInserts":["Service started/resumed"]}
{"RecordNumber":24424,"TimeGenerated":"2025-07-02 08:35:53 +0700","TimeWritten":"2025-07-02 08:35:53 +0700","EventID":0,"Qualifiers":0,"EventType":"Information","EventCategory":0,"Channel":"Application","SourceName":"igfxCUIService2.0.0.0","ComputerName":"DESKTOP-RB8ENUF","Data":"","Sid":"","Message":"","StringInserts":["Service stopped"]}
{"RecordNumber":24425,"TimeGenerated":"2025-07-02 08:36:14 +0700","TimeWritten":"2025-07-02 08:36:14 +0700","EventID":4354,"Qualifiers":32768,"EventType":"Warning","EventCategory":18,"Channel":"Application","SourceName":"EventSystem","ComputerName":"DESKTOP-RB8ENUF","Data":"","Sid":"","Message":"The COM+ Event System failed to fire the DisplayUnlock method on event class {D5978630-5B9F-11D1-8DD2-00AA004ABD5E} for publisher  and subscriber . The display name of the subscription is \"Visual Studio ISensLogon Subscription\". The HRESULT was 8001010a.","StringInserts":["8001010a","DisplayUnlock","{D5978630-5B9F-11D1-8DD2-00AA004ABD5E}","","","Visual Studio ISensLogon Subscription",""]}
{"RecordNumber":24426,"TimeGenerated":"2025-07-02 08:36:17 +0700","TimeWritten":"2025-07-02 08:36:17 +0700","EventID":4354,"Qualifiers":32768,"EventType":"Warning","EventCategory":18,"Channel":"Application","SourceName":"EventSystem","ComputerName":"DESKTOP-RB8ENUF","Data":"","Sid":"","Message":"The COM+ Event System failed to fire the DisplayUnlock method on event class {D5978630-5B9F-11D1-8DD2-00AA004ABD5E} for publisher  and subscriber . The display name of the subscription is \"Visual Studio ISensLogon Subscription\". The HRESULT was 8001010a.","StringInserts":["8001010a","DisplayUnlock","{D5978630-5B9F-11D1-8DD2-00AA004ABD5E}","","","Visual Studio ISensLogon Subscription",""]}
{"RecordNumber":24427,"TimeGenerated":"2025-07-02 08:40:01 +0700","TimeWritten":"2025-07-02 08:40:01 +0700","EventID":16394,"Qualifiers":49152,"EventType":"Information","EventCategory":0,"Channel":"Application","SourceName":"Software Protection Platform Service","ComputerName":"DESKTOP-RB8ENUF","Data":"","Sid":"","Message":"Offline downlevel migration succeeded.\r\n","StringInserts":[]}
{"RecordNumber":24428,"TimeGenerated":"2025-07-02 08:40:01 +0700","TimeWritten":"2025-07-02 08:40:01 +0700","EventID":1003,"Qualifiers":16384,"EventType":"Information","EventCategory":0,"Channel":"Application","SourceName":"Software Protection Platform Service","ComputerName":"DESKTOP-RB8ENUF","Data":"","Sid":"","Message":"The Software Protection service has completed licensing status check.\r\nApplication Id=0ff1ce15-a989-479d-af46-f275c6370663\r\nLicensing Status=\n1: 0b4e6cfa-3072-434c-b702-bd1836e6887c, 1, 0 [(0 [0xC004F014, 0, 0], [(?)(?)(?)(?)(?)(?)(?)(?)])(1 )(2 )(3 )]\n2: 0bc88885-718c-491d-921f-6f214349e79c, 1, 0 [(0 [0xC004F014, 0, 0], [(?)(?)(?)(?)(?)(?)(?)(?)])(1 )(2 )(3 )]\n3: 2ca2bf3f-949e-446a-82c7-e25a15ec78c4, 1, 1 [(0 [0x00000000, 1, 0], [(?)( 1 0x00000000)(?)( 2 0x00000000 0 0 msft:rm/algorithm/volume/1.0 0x00000000 249423)(?)(?)(?)(?)])(1 )(2 )(3 )]\n4: 6755c7a7-4dfe-46f5-bce8-427be8e9dc62, 1, 0 [(0 [0xC004F014, 0, 0], [(?)(?)(?)(?)(?)(?)(?)(?)])(1 )(2 )(3 )]\n5: 73fc2508-0fb1-475a-bd6f-2d42fd84c62a, 1, 0 [(0 [0xC004F014, 0, 0], [(?)(?)(?)(?)(?)(?)(?)(?)])(1 )(2 )(3 )]\n6: 85dd8b5f-eaa4-4af3-a628-cce9e77c9a03, 1, 1 [(0 [0x00000000, 1, 0], [(?)( 1 0x00000000)(?)( 2 0x00000000 0 0 msft:rm/algorithm/volume/1.0 0x00000000 249581)(?)(?)(?)(?)])(1 )(2 )(3 )]\n7: d4ebadd6-401b-40d5-adf4-a5d4accd72d1, 1, 0 [(0 [0xC004F014, 0, 0], [(?)(?)(?)(?)(?)(?)(?)(?)])(1 )(2 )(3 )]\n8: fc7c4d0c-2e85-4bb9-afd4-01ed1476b5e9, 1, 0 [(0 [0xC004F014, 0, 0], [(?)(?)(?)(?)(?)(?)(?)(?)])(1 )(2 )(3 )]\n\n\r\n","StringInserts":["0ff1ce15-a989-479d-af46-f275c6370663","\n1: 0b4e6cfa-3072-434c-b702-bd1836e6887c, 1, 0 [(0 [0xC004F014, 0, 0], [(?)(?)(?)(?)(?)(?)(?)(?)])(1 )(2 )(3 )]\n2: 0bc88885-718c-491d-921f-6f214349e79c, 1, 0 [(0 [0xC004F014, 0, 0], [(?)(?)(?)(?)(?)(?)(?)(?)])(1 )(2 )(3 )]\n3: 2ca2bf3f-949e-446a-82c7-e25a15ec78c4, 1, 1 [(0 [0x00000000, 1, 0], [(?)( 1 0x00000000)(?)( 2 0x00000000 0 0 msft:rm/algorithm/volume/1.0 0x00000000 249423)(?)(?)(?)(?)])(1 )(2 )(3 )]\n4: 6755c7a7-4dfe-46f5-bce8-427be8e9dc62, 1, 0 [(0 [0xC004F014, 0, 0], [(?)(?)(?)(?)(?)(?)(?)(?)])(1 )(2 )(3 )]\n5: 73fc2508-0fb1-475a-bd6f-2d42fd84c62a, 1, 0 [(0 [0xC004F014, 0, 0], [(?)(?)(?)(?)(?)(?)(?)(?)])(1 )(2 )(3 )]\n6: 85dd8b5f-eaa4-4af3-a628-cce9e77c9a03, 1, 1 [(0 [0x00000000, 1, 0], [(?)( 1 0x00000000)(?)( 2 0x00000000 0 0 msft:rm/algorithm/volume/1.0 0x00000000 249581)(?)(?)(?)(?)])(1 )(2 )(3 )]\n7: d4ebadd6-401b-40d5-adf4-a5d4accd72d1, 1, 0 [(0 [0xC004F014, 0, 0], [(?)(?)(?)(?)(?)(?)(?)(?)])(1 )(2 )(3 )]\n8: fc7c4d0c-2e85-4bb9-afd4-01ed1476b5e9, 1, 0 [(0 [0xC004F014, 0, 0], [(?)(?)(?)(?)(?)(?)(?)(?)])(1 )(2 )(3 )]\n\n"]}
{"RecordNumber":24429,"TimeGenerated":"2025-07-02 08:40:02 +0700","TimeWritten":"2025-07-02 08:40:02 +0700","EventID":1003,"Qualifiers":16384,"EventType":"Information","EventCategory":0,"Channel":"Application","SourceName":"Software Protection Platform Service","ComputerName":"DESKTOP-RB8ENUF","Data":"","Sid":"","Message":"The Software Protection service has completed licensing status check.\r\nApplication Id=0ff1ce15-a989-479d-af46-f275c6370663\r\nLicensing Status=\n1: 2ca2bf3f-949e-446a-82c7-e25a15ec78c4, 1, 1 [(0 [0x00000000, 1, 0], [(?)( 1 0x00000000)(?)( 2 0x00000000 0 0 msft:rm/algorithm/volume/1.0 0x00000000 249423)(?)(?)(?)(?)])(1 )(2 )(3 )]\n\n\r\n","StringInserts":["0ff1ce15-a989-479d-af46-f275c6370663","\n1: 2ca2bf3f-949e-446a-82c7-e25a15ec78c4, 1, 1 [(0 [0x00000000, 1, 0], [(?)( 1 0x00000000)(?)( 2 0x00000000 0 0 msft:rm/algorithm/volume/1.0 0x00000000 249423)(?)(?)(?)(?)])(1 )(2 )(3 )]\n\n"]}
{"RecordNumber":24430,"TimeGenerated":"2025-07-02 08:40:02 +0700","TimeWritten":"2025-07-02 08:40:02 +0700","EventID":1003,"Qualifiers":16384,"EventType":"Information","EventCategory":0,"Channel":"Application","SourceName":"Software Protection Platform Service","ComputerName":"DESKTOP-RB8ENUF","Data":"","Sid":"","Message":"The Software Protection service has completed licensing status check.\r\nApplication Id=0ff1ce15-a989-479d-af46-f275c6370663\r\nLicensing Status=\n1: 85dd8b5f-eaa4-4af3-a628-cce9e77c9a03, 1, 1 [(0 [0x00000000, 1, 0], [(?)( 1 0x00000000)(?)( 2 0x00000000 0 0 msft:rm/algorithm/volume/1.0 0x00000000 249581)(?)(?)(?)(?)])(1 )(2 )(3 )]\n\n\r\n","StringInserts":["0ff1ce15-a989-479d-af46-f275c6370663","\n1: 85dd8b5f-eaa4-4af3-a628-cce9e77c9a03, 1, 1 [(0 [0x00000000, 1, 0], [(?)( 1 0x00000000)(?)( 2 0x00000000 0 0 msft:rm/algorithm/volume/1.0 0x00000000 249581)(?)(?)(?)(?)])(1 )(2 )(3 )]\n\n"]}
{"RecordNumber":24431,"TimeGenerated":"2025-07-02 08:40:02 +0700","TimeWritten":"2025-07-02 08:40:02 +0700","EventID":1003,"Qualifiers":16384,"EventType":"Information","EventCategory":0,"Channel":"Application","SourceName":"Software Protection Platform Service","ComputerName":"DESKTOP-RB8ENUF","Data":"","Sid":"","Message":"The Software Protection service has completed licensing status check.\r\nApplication Id=0ff1ce15-a989-479d-af46-f275c6370663\r\nLicensing Status=\n1: 85dd8b5f-eaa4-4af3-a628-cce9e77c9a03, 1, 1 [(0 [0x00000000, 1, 0], [(?)( 1 0x00000000)(?)( 2 0x00000000 0 0 msft:rm/algorithm/volume/1.0 0x00000000 249581)(?)(?)(?)(?)])(1 )(2 )(3 )]\n\n\r\n","StringInserts":["0ff1ce15-a989-479d-af46-f275c6370663","\n1: 85dd8b5f-eaa4-4af3-a628-cce9e77c9a03, 1, 1 [(0 [0x00000000, 1, 0], [(?)( 1 0x00000000)(?)( 2 0x00000000 0 0 msft:rm/algorithm/volume/1.0 0x00000000 249581)(?)(?)(?)(?)])(1 )(2 )(3 )]\n\n"]}
{"RecordNumber":24432,"TimeGenerated":"2025-07-02 08:40:36 +0700","TimeWritten":"2025-07-02 08:40:36 +0700","EventID":16384,"Qualifiers":16384,"EventType":"Information","EventCategory":0,"Channel":"Application","SourceName":"Software Protection Platform Service","ComputerName":"DESKTOP-RB8ENUF","Data":"","Sid":"","Message":"Successfully scheduled Software Protection service for re-start at 2025-07-02T06:42:36Z. Reason: RulesEngine.\r\n","StringInserts":["2025-07-02T06:42:36Z","RulesEngine"]}
{"RecordNumber":24433,"TimeGenerated":"2025-07-02 08:47:17 +0700","TimeWritten":"2025-07-02 08:47:17 +0700","EventID":1001,"Qualifiers":0,"EventType":"Information","EventCategory":0,"Channel":"Application","SourceName":"Windows Error Reporting","ComputerName":"DESKTOP-RB8ENUF","Data":"","Sid":"","Message":"Fault bucket 2111525315961788241, type 5\r\nEvent Name: PerfWatsonVS12Data\r\nResponse: Not available\r\nCab Id: 1658712105517478932\r\n\r\nProblem signature:\r\nP1: PerfWatsonTcdb\r\nP2: 0\r\nP3: 0\r\nP4: 0\r\nP5: 0\r\nP6: \r\nP7: \r\nP8: \r\nP9: \r\nP10: \r\n\r\nAttached files:\r\n\\\\?\\C:\\Users\\Admin\\AppData\\Local\\Temp\\VSTelem.Out\\202507020147_d17.13_17.13.35825.156_21784_2cff21ec-6045-45ce-86cd-2d74fd6b6b1a.tcdb\r\n\\\\?\\C:\\ProgramData\\Microsoft\\Windows\\WER\\Temp\\WERB03D.tmp.WERInternalMetadata.xml\r\n\\\\?\\C:\\ProgramData\\Microsoft\\Windows\\WER\\Temp\\WERB06D.tmp.xml\r\n\\\\?\\C:\\ProgramData\\Microsoft\\Windows\\WER\\Temp\\WERB06C.tmp.csv\r\n\\\\?\\C:\\ProgramData\\Microsoft\\Windows\\WER\\Temp\\WERB08C.tmp.txt\r\n\\\\?\\C:\\Users\\Admin\\AppData\\Local\\Temp\\WERBB6B.tmp.WERDataCollectionStatus.txt\r\n\r\nThese files may be available here:\r\n\\\\?\\C:\\ProgramData\\Microsoft\\Windows\\WER\\ReportArchive\\NonCritical_PerfWatsonTcdb_688f135dd185f2a8133a474a2518efc6ce6cc4a_00000000_cab_0ab2811e-0c37-4f37-a4fa-0ffa75f3d170\r\n\r\nAnalysis symbol: \r\nRechecking for solution: 0\r\nReport Id: 0ab2811e-0c37-4f37-a4fa-0ffa75f3d170\r\nReport Status: 268435464\r\nHashed bucket: fb30d2b9a7acf0305d4da51668259751\r\nCab Guid: f5085c31-e55b-49a3-b704-eddf2a027414\r\n","StringInserts":["2111525315961788241","5","PerfWatsonVS12Data","Not available","1658712105517478932","PerfWatsonTcdb","0","0","0","0","","","","","","\r\n\\\\?\\C:\\Users\\Admin\\AppData\\Local\\Temp\\VSTelem.Out\\202507020147_d17.13_17.13.35825.156_21784_2cff21ec-6045-45ce-86cd-2d74fd6b6b1a.tcdb\r\n\\\\?\\C:\\ProgramData\\Microsoft\\Windows\\WER\\Temp\\WERB03D.tmp.WERInternalMetadata.xml\r\n\\\\?\\C:\\ProgramData\\Microsoft\\Windows\\WER\\Temp\\WERB06D.tmp.xml\r\n\\\\?\\C:\\ProgramData\\Microsoft\\Windows\\WER\\Temp\\WERB06C.tmp.csv\r\n\\\\?\\C:\\ProgramData\\Microsoft\\Windows\\WER\\Temp\\WERB08C.tmp.txt\r\n\\\\?\\C:\\Users\\Admin\\AppData\\Local\\Temp\\WERBB6B.tmp.WERDataCollectionStatus.txt","\\\\?\\C:\\ProgramData\\Microsoft\\Windows\\WER\\ReportArchive\\NonCritical_PerfWatsonTcdb_688f135dd185f2a8133a474a2518efc6ce6cc4a_00000000_cab_0ab2811e-0c37-4f37-a4fa-0ffa75f3d170","","0","0ab2811e-0c37-4f37-a4fa-0ffa75f3d170","268435464","fb30d2b9a7acf0305d4da51668259751","f5085c31-e55b-49a3-b704-eddf2a027414"]}
{"RecordNumber":24434,"TimeGenerated":"2025-07-02 08:56:46 +0700","TimeWritten":"2025-07-02 08:56:46 +0700","EventID":16394,"Qualifiers":49152,"EventType":"Information","EventCategory":0,"Channel":"Application","SourceName":"Software Protection Platform Service","ComputerName":"DESKTOP-RB8ENUF","Data":"","Sid":"","Message":"Offline downlevel migration succeeded.\r\n","StringInserts":[]}
{"RecordNumber":24435,"TimeGenerated":"2025-07-02 08:57:18 +0700","TimeWritten":"2025-07-02 08:57:18 +0700","EventID":16384,"Qualifiers":16384,"EventType":"Information","EventCategory":0,"Channel":"Application","SourceName":"Software Protection Platform Service","ComputerName":"DESKTOP-RB8ENUF","Data":"","Sid":"","Message":"Successfully scheduled Software Protection service for re-start at 2025-07-02T06:42:18Z. Reason: RulesEngine.\r\n","StringInserts":["2025-07-02T06:42:18Z","RulesEngine"]}
{"RecordNumber":24436,"TimeGenerated":"2025-07-02 09:01:52 +0700","TimeWritten":"2025-07-02 09:01:52 +0700","EventID":16394,"Qualifiers":49152,"EventType":"Information","EventCategory":0,"Channel":"Application","SourceName":"Software Protection Platform Service","ComputerName":"DESKTOP-RB8ENUF","Data":"","Sid":"","Message":"Offline downlevel migration succeeded.\r\n","StringInserts":[]}
{"RecordNumber":24437,"TimeGenerated":"2025-07-02 09:02:22 +0700","TimeWritten":"2025-07-02 09:02:22 +0700","EventID":16384,"Qualifiers":16384,"EventType":"Information","EventCategory":0,"Channel":"Application","SourceName":"Software Protection Platform Service","ComputerName":"DESKTOP-RB8ENUF","Data":"","Sid":"","Message":"Successfully scheduled Software Protection service for re-start at 2025-07-02T06:42:22Z. Reason: RulesEngine.\r\n","StringInserts":["2025-07-02T06:42:22Z","RulesEngine"]}
{"RecordNumber":24438,"TimeGenerated":"2025-07-02 09:16:18 +0700","TimeWritten":"2025-07-02 09:16:18 +0700","EventID":16394,"Qualifiers":49152,"EventType":"Information","EventCategory":0,"Channel":"Application","SourceName":"Software Protection Platform Service","ComputerName":"DESKTOP-RB8ENUF","Data":"","Sid":"","Message":"Offline downlevel migration succeeded.\r\n","StringInserts":[]}
{"RecordNumber":24439,"TimeGenerated":"2025-07-02 09:16:49 +0700","TimeWritten":"2025-07-02 09:16:49 +0700","EventID":16384,"Qualifiers":16384,"EventType":"Information","EventCategory":0,"Channel":"Application","SourceName":"Software Protection Platform Service","ComputerName":"DESKTOP-RB8ENUF","Data":"","Sid":"","Message":"Successfully scheduled Software Protection service for re-start at 2025-07-02T06:42:48Z. Reason: RulesEngine.\r\n","StringInserts":["2025-07-02T06:42:48Z","RulesEngine"]}
{"RecordNumber":24440,"TimeGenerated":"2025-07-02 09:37:22 +0700","TimeWritten":"2025-07-02 09:37:22 +0700","EventID":16394,"Qualifiers":49152,"EventType":"Information","EventCategory":0,"Channel":"Application","SourceName":"Software Protection Platform Service","ComputerName":"DESKTOP-RB8ENUF","Data":"","Sid":"","Message":"Offline downlevel migration succeeded.\r\n","StringInserts":[]}
{"RecordNumber":24441,"TimeGenerated":"2025-07-02 09:37:52 +0700","TimeWritten":"2025-07-02 09:37:52 +0700","EventID":16384,"Qualifiers":16384,"EventType":"Information","EventCategory":0,"Channel":"Application","SourceName":"Software Protection Platform Service","ComputerName":"DESKTOP-RB8ENUF","Data":"","Sid":"","Message":"Successfully scheduled Software Protection service for re-start at 2025-07-02T06:42:52Z. Reason: RulesEngine.\r\n","StringInserts":["2025-07-02T06:42:52Z","RulesEngine"]}
{"RecordNumber":24442,"TimeGenerated":"2025-07-02 10:04:44 +0700","TimeWritten":"2025-07-02 10:04:44 +0700","EventID":16394,"Qualifiers":49152,"EventType":"Information","EventCategory":0,"Channel":"Application","SourceName":"Software Protection Platform Service","ComputerName":"DESKTOP-RB8ENUF","Data":"","Sid":"","Message":"Offline downlevel migration succeeded.\r\n","StringInserts":[]}
{"RecordNumber":24443,"TimeGenerated":"2025-07-02 10:05:20 +0700","TimeWritten":"2025-07-02 10:05:20 +0700","EventID":16384,"Qualifiers":16384,"EventType":"Information","EventCategory":0,"Channel":"Application","SourceName":"Software Protection Platform Service","ComputerName":"DESKTOP-RB8ENUF","Data":"","Sid":"","Message":"Successfully scheduled Software Protection service for re-start at 2025-07-02T06:42:20Z. Reason: RulesEngine.\r\n","StringInserts":["2025-07-02T06:42:20Z","RulesEngine"]}
{"RecordNumber":24444,"TimeGenerated":"2025-07-02 11:10:15 +0700","TimeWritten":"2025-07-02 11:10:15 +0700","EventID":16394,"Qualifiers":49152,"EventType":"Information","EventCategory":0,"Channel":"Application","SourceName":"Software Protection Platform Service","ComputerName":"DESKTOP-RB8ENUF","Data":"","Sid":"","Message":"Offline downlevel migration succeeded.\r\n","StringInserts":[]}
{"RecordNumber":24445,"TimeGenerated":"2025-07-02 11:10:16 +0700","TimeWritten":"2025-07-02 11:10:16 +0700","EventID":1003,"Qualifiers":16384,"EventType":"Information","EventCategory":0,"Channel":"Application","SourceName":"Software Protection Platform Service","ComputerName":"DESKTOP-RB8ENUF","Data":"","Sid":"","Message":"The Software Protection service has completed licensing status check.\r\nApplication Id=0ff1ce15-a989-479d-af46-f275c6370663\r\nLicensing Status=\n1: 0b4e6cfa-3072-434c-b702-bd1836e6887c, 1, 0 [(0 [0xC004F014, 0, 0], [(?)(?)(?)(?)(?)(?)(?)(?)])(1 )(2 )(3 )]\n2: 0bc88885-718c-491d-921f-6f214349e79c, 1, 0 [(0 [0xC004F014, 0, 0], [(?)(?)(?)(?)(?)(?)(?)(?)])(1 )(2 )(3 )]\n3: 2ca2bf3f-949e-446a-82c7-e25a15ec78c4, 1, 1 [(0 [0x00000000, 1, 0], [(?)( 1 0x00000000)(?)( 2 0x00000000 0 0 msft:rm/algorithm/volume/1.0 0x00000000 249273)(?)(?)(?)(?)])(1 )(2 )(3 )]\n4: 6755c7a7-4dfe-46f5-bce8-427be8e9dc62, 1, 0 [(0 [0xC004F014, 0, 0], [(?)(?)(?)(?)(?)(?)(?)(?)])(1 )(2 )(3 )]\n5: 73fc2508-0fb1-475a-bd6f-2d42fd84c62a, 1, 0 [(0 [0xC004F014, 0, 0], [(?)(?)(?)(?)(?)(?)(?)(?)])(1 )(2 )(3 )]\n6: 85dd8b5f-eaa4-4af3-a628-cce9e77c9a03, 1, 1 [(0 [0x00000000, 1, 0], [(?)( 1 0x00000000)(?)( 2 0x00000000 0 0 msft:rm/algorithm/volume/1.0 0x00000000 249431)(?)(?)(?)(?)])(1 )(2 )(3 )]\n7: d4ebadd6-401b-40d5-adf4-a5d4accd72d1, 1, 0 [(0 [0xC004F014, 0, 0], [(?)(?)(?)(?)(?)(?)(?)(?)])(1 )(2 )(3 )]\n8: fc7c4d0c-2e85-4bb9-afd4-01ed1476b5e9, 1, 0 [(0 [0xC004F014, 0, 0], [(?)(?)(?)(?)(?)(?)(?)(?)])(1 )(2 )(3 )]\n\n\r\n","StringInserts":["0ff1ce15-a989-479d-af46-f275c6370663","\n1: 0b4e6cfa-3072-434c-b702-bd1836e6887c, 1, 0 [(0 [0xC004F014, 0, 0], [(?)(?)(?)(?)(?)(?)(?)(?)])(1 )(2 )(3 )]\n2: 0bc88885-718c-491d-921f-6f214349e79c, 1, 0 [(0 [0xC004F014, 0, 0], [(?)(?)(?)(?)(?)(?)(?)(?)])(1 )(2 )(3 )]\n3: 2ca2bf3f-949e-446a-82c7-e25a15ec78c4, 1, 1 [(0 [0x00000000, 1, 0], [(?)( 1 0x00000000)(?)( 2 0x00000000 0 0 msft:rm/algorithm/volume/1.0 0x00000000 249273)(?)(?)(?)(?)])(1 )(2 )(3 )]\n4: 6755c7a7-4dfe-46f5-bce8-427be8e9dc62, 1, 0 [(0 [0xC004F014, 0, 0], [(?)(?)(?)(?)(?)(?)(?)(?)])(1 )(2 )(3 )]\n5: 73fc2508-0fb1-475a-bd6f-2d42fd84c62a, 1, 0 [(0 [0xC004F014, 0, 0], [(?)(?)(?)(?)(?)(?)(?)(?)])(1 )(2 )(3 )]\n6: 85dd8b5f-eaa4-4af3-a628-cce9e77c9a03, 1, 1 [(0 [0x00000000, 1, 0], [(?)( 1 0x00000000)(?)( 2 0x00000000 0 0 msft:rm/algorithm/volume/1.0 0x00000000 249431)(?)(?)(?)(?)])(1 )(2 )(3 )]\n7: d4ebadd6-401b-40d5-adf4-a5d4accd72d1, 1, 0 [(0 [0xC004F014, 0, 0], [(?)(?)(?)(?)(?)(?)(?)(?)])(1 )(2 )(3 )]\n8: fc7c4d0c-2e85-4bb9-afd4-01ed1476b5e9, 1, 0 [(0 [0xC004F014, 0, 0], [(?)(?)(?)(?)(?)(?)(?)(?)])(1 )(2 )(3 )]\n\n"]}
{"RecordNumber":24446,"TimeGenerated":"2025-07-02 11:10:16 +0700","TimeWritten":"2025-07-02 11:10:16 +0700","EventID":1003,"Qualifiers":16384,"EventType":"Information","EventCategory":0,"Channel":"Application","SourceName":"Software Protection Platform Service","ComputerName":"DESKTOP-RB8ENUF","Data":"","Sid":"","Message":"The Software Protection service has completed licensing status check.\r\nApplication Id=0ff1ce15-a989-479d-af46-f275c6370663\r\nLicensing Status=\n1: 2ca2bf3f-949e-446a-82c7-e25a15ec78c4, 1, 1 [(0 [0x00000000, 1, 0], [(?)( 1 0x00000000)(?)( 2 0x00000000 0 0 msft:rm/algorithm/volume/1.0 0x00000000 249273)(?)(?)(?)(?)])(1 )(2 )(3 )]\n\n\r\n","StringInserts":["0ff1ce15-a989-479d-af46-f275c6370663","\n1: 2ca2bf3f-949e-446a-82c7-e25a15ec78c4, 1, 1 [(0 [0x00000000, 1, 0], [(?)( 1 0x00000000)(?)( 2 0x00000000 0 0 msft:rm/algorithm/volume/1.0 0x00000000 249273)(?)(?)(?)(?)])(1 )(2 )(3 )]\n\n"]}
{"RecordNumber":24447,"TimeGenerated":"2025-07-02 11:10:16 +0700","TimeWritten":"2025-07-02 11:10:16 +0700","EventID":1003,"Qualifiers":16384,"EventType":"Information","EventCategory":0,"Channel":"Application","SourceName":"Software Protection Platform Service","ComputerName":"DESKTOP-RB8ENUF","Data":"","Sid":"","Message":"The Software Protection service has completed licensing status check.\r\nApplication Id=0ff1ce15-a989-479d-af46-f275c6370663\r\nLicensing Status=\n1: 85dd8b5f-eaa4-4af3-a628-cce9e77c9a03, 1, 1 [(0 [0x00000000, 1, 0], [(?)( 1 0x00000000)(?)( 2 0x00000000 0 0 msft:rm/algorithm/volume/1.0 0x00000000 249431)(?)(?)(?)(?)])(1 )(2 )(3 )]\n\n\r\n","StringInserts":["0ff1ce15-a989-479d-af46-f275c6370663","\n1: 85dd8b5f-eaa4-4af3-a628-cce9e77c9a03, 1, 1 [(0 [0x00000000, 1, 0], [(?)( 1 0x00000000)(?)( 2 0x00000000 0 0 msft:rm/algorithm/volume/1.0 0x00000000 249431)(?)(?)(?)(?)])(1 )(2 )(3 )]\n\n"]}
{"RecordNumber":24448,"TimeGenerated":"2025-07-02 11:10:16 +0700","TimeWritten":"2025-07-02 11:10:16 +0700","EventID":1003,"Qualifiers":16384,"EventType":"Information","EventCategory":0,"Channel":"Application","SourceName":"Software Protection Platform Service","ComputerName":"DESKTOP-RB8ENUF","Data":"","Sid":"","Message":"The Software Protection service has completed licensing status check.\r\nApplication Id=0ff1ce15-a989-479d-af46-f275c6370663\r\nLicensing Status=\n1: 85dd8b5f-eaa4-4af3-a628-cce9e77c9a03, 1, 1 [(0 [0x00000000, 1, 0], [(?)( 1 0x00000000)(?)( 2 0x00000000 0 0 msft:rm/algorithm/volume/1.0 0x00000000 249431)(?)(?)(?)(?)])(1 )(2 )(3 )]\n\n\r\n","StringInserts":["0ff1ce15-a989-479d-af46-f275c6370663","\n1: 85dd8b5f-eaa4-4af3-a628-cce9e77c9a03, 1, 1 [(0 [0x00000000, 1, 0], [(?)( 1 0x00000000)(?)( 2 0x00000000 0 0 msft:rm/algorithm/volume/1.0 0x00000000 249431)(?)(?)(?)(?)])(1 )(2 )(3 )]\n\n"]}
{"RecordNumber":24449,"TimeGenerated":"2025-07-02 11:10:21 +0700","TimeWritten":"2025-07-02 11:10:21 +0700","EventID":3000,"Qualifiers":16384,"EventType":"Information","EventCategory":0,"Channel":"Application","SourceName":"Process Exit Monitor","ComputerName":"DESKTOP-RB8ENUF","Data":"","Sid":"S-1-5-21-3306260603-718234045-292622573-1001","Message":"The process 'C:\\Program Files\\Microsoft Office\\root\\Office16\\EXCEL.EXE' exited with exit code 0. The creation time for the exiting process was 0x01dbeb0735f29c54.\r\n","StringInserts":["C:\\Program Files\\Microsoft Office\\root\\Office16\\EXCEL.EXE","0","01dbeb0735f29c54"]}
{"RecordNumber":24450,"TimeGenerated":"2025-07-02 11:10:46 +0700","TimeWritten":"2025-07-02 11:10:46 +0700","EventID":16384,"Qualifiers":16384,"EventType":"Information","EventCategory":0,"Channel":"Application","SourceName":"Software Protection Platform Service","ComputerName":"DESKTOP-RB8ENUF","Data":"","Sid":"","Message":"Successfully scheduled Software Protection service for re-start at 2025-07-02T06:42:46Z. Reason: RulesEngine.\r\n","StringInserts":["2025-07-02T06:42:46Z","RulesEngine"]}
{"RecordNumber":24451,"TimeGenerated":"2025-07-02 11:11:48 +0700","TimeWritten":"2025-07-02 11:11:48 +0700","EventID":3000,"Qualifiers":16384,"EventType":"Information","EventCategory":0,"Channel":"Application","SourceName":"Process Exit Monitor","ComputerName":"DESKTOP-RB8ENUF","Data":"","Sid":"S-1-5-21-3306260603-718234045-292622573-1001","Message":"The process 'C:\\Program Files\\Microsoft Office\\root\\Office16\\EXCEL.EXE' exited with exit code 0. The creation time for the exiting process was 0x01dbea557775341c.\r\n","StringInserts":["C:\\Program Files\\Microsoft Office\\root\\Office16\\EXCEL.EXE","0","01dbea557775341c"]}
{"RecordNumber":24452,"TimeGenerated":"2025-07-02 11:26:43 +0700","TimeWritten":"2025-07-02 11:26:43 +0700","EventID":0,"Qualifiers":0,"EventType":"Information","EventCategory":0,"Channel":"Application","SourceName":"edgeupdate","ComputerName":"DESKTOP-RB8ENUF","Data":"","Sid":"","Message":"Service stopped.\r\n","StringInserts":["Service stopped"]}
{"RecordNumber":24453,"TimeGenerated":"2025-07-02 11:44:39 +0700","TimeWritten":"2025-07-02 11:44:39 +0700","EventID":15,"Qualifiers":0,"EventType":"Information","EventCategory":0,"Channel":"Application","SourceName":"SecurityCenter","ComputerName":"DESKTOP-RB8ENUF","Data":"","Sid":"","Message":"Updated Windows Defender status successfully to SECURITY_PRODUCT_STATE_ON.\r\n","StringInserts":["Windows Defender","SECURITY_PRODUCT_STATE_ON"]}
{"RecordNumber":24454,"TimeGenerated":"2025-07-02 11:44:41 +0700","TimeWritten":"2025-07-02 11:44:41 +0700","EventID":15,"Qualifiers":0,"EventType":"Information","EventCategory":0,"Channel":"Application","SourceName":"SecurityCenter","ComputerName":"DESKTOP-RB8ENUF","Data":"","Sid":"","Message":"Updated Windows Defender status successfully to SECURITY_PRODUCT_STATE_ON.\r\n","StringInserts":["Windows Defender","SECURITY_PRODUCT_STATE_ON"]}
{"RecordNumber":24455,"TimeGenerated":"2025-07-02 12:23:39 +0700","TimeWritten":"2025-07-02 12:23:39 +0700","EventID":16394,"Qualifiers":49152,"EventType":"Information","EventCategory":0,"Channel":"Application","SourceName":"Software Protection Platform Service","ComputerName":"DESKTOP-RB8ENUF","Data":"","Sid":"","Message":"Offline downlevel migration succeeded.\r\n","StringInserts":[]}
{"RecordNumber":24456,"TimeGenerated":"2025-07-02 12:24:12 +0700","TimeWritten":"2025-07-02 12:24:12 +0700","EventID":16384,"Qualifiers":16384,"EventType":"Information","EventCategory":0,"Channel":"Application","SourceName":"Software Protection Platform Service","ComputerName":"DESKTOP-RB8ENUF","Data":"","Sid":"","Message":"Successfully scheduled Software Protection service for re-start at 2025-07-02T06:42:12Z. Reason: RulesEngine.\r\n","StringInserts":["2025-07-02T06:42:12Z","RulesEngine"]}
{"RecordNumber":24457,"TimeGenerated":"2025-07-02 13:32:12 +0700","TimeWritten":"2025-07-02 13:32:12 +0700","EventID":0,"Qualifiers":0,"EventType":"Information","EventCategory":0,"Channel":"Application","SourceName":"coccoc","ComputerName":"DESKTOP-RB8ENUF","Data":"","Sid":"","Message":"","StringInserts":["Service stopped"]}
{"RecordNumber":24458,"TimeGenerated":"2025-07-02 13:42:12 +0700","TimeWritten":"2025-07-02 13:42:12 +0700","EventID":16394,"Qualifiers":49152,"EventType":"Information","EventCategory":0,"Channel":"Application","SourceName":"Software Protection Platform Service","ComputerName":"DESKTOP-RB8ENUF","Data":"","Sid":"","Message":"Offline downlevel migration succeeded.\r\n","StringInserts":[]}
{"RecordNumber":24459,"TimeGenerated":"2025-07-02 13:42:15 +0700","TimeWritten":"2025-07-02 13:42:15 +0700","EventID":8230,"Qualifiers":16384,"EventType":"Information","EventCategory":0,"Channel":"Application","SourceName":"Software Protection Platform Service","ComputerName":"DESKTOP-RB8ENUF","Data":"","Sid":"","Message":"The rules engine successfully re-evaluated the schedule.\r\nKernel policies:\r\nSecurity-SPP-Action-StateData (REG_SZ) =AppId=55c92734-d682-4d71-983e-d6ec3f16059f;GraceEndDate=2025/12/22:06:43:14;LastConsumptionReason=0x00000000;LastNotificationId=Cleanup;LicenseState=SL_LICENSING_STATUS_LICENSED;PartialProductKey=T83GX;ProductKeyType=Volume:GVLK;SkuId=2de67392-b7a7-462a-b1ca-108dd189f588;ruleId=379cccfb-d4e0-48fe-b0f2-0136097be147;uxDifferentiator=ENVIRONMENT;volumeActivationOrder=normal\r\n","StringInserts":["Security-SPP-Action-StateData (REG_SZ) =AppId=55c92734-d682-4d71-983e-d6ec3f16059f;GraceEndDate=2025/12/22:06:43:14;LastConsumptionReason=0x00000000;LastNotificationId=Cleanup;LicenseState=SL_LICENSING_STATUS_LICENSED;PartialProductKey=T83GX;ProductKeyType=Volume:GVLK;SkuId=2de67392-b7a7-462a-b1ca-108dd189f588;ruleId=379cccfb-d4e0-48fe-b0f2-0136097be147;uxDifferentiator=ENVIRONMENT;volumeActivationOrder=normal"]}
{"RecordNumber":24460,"TimeGenerated":"2025-07-02 13:43:14 +0700","TimeWritten":"2025-07-02 13:43:14 +0700","EventID":8230,"Qualifiers":16384,"EventType":"Information","EventCategory":0,"Channel":"Application","SourceName":"Software Protection Platform Service","ComputerName":"DESKTOP-RB8ENUF","Data":"","Sid":"","Message":"The rules engine successfully re-evaluated the schedule.\r\nKernel policies:\r\nSecurity-SPP-Action-StateData (REG_SZ) =AppId=55c92734-d682-4d71-983e-d6ec3f16059f;GraceEndDate=2025/12/22:06:43:14;LastConsumptionReason=0x00000000;LastNotificationId=VolumeRenewalRequired;LicenseState=SL_LICENSING_STATUS_LICENSED;PartialProductKey=T83GX;ProductKeyType=Volume:GVLK;SkuId=2de67392-b7a7-462a-b1ca-108dd189f588;ruleId=502ff3ba-669a-4674-bbb1-601f34a3b968;uxDifferentiator=ENVIRONMENT;volumeActivationOrder=normal\r\n","StringInserts":["Security-SPP-Action-StateData (REG_SZ) =AppId=55c92734-d682-4d71-983e-d6ec3f16059f;GraceEndDate=2025/12/22:06:43:14;LastConsumptionReason=0x00000000;LastNotificationId=VolumeRenewalRequired;LicenseState=SL_LICENSING_STATUS_LICENSED;PartialProductKey=T83GX;ProductKeyType=Volume:GVLK;SkuId=2de67392-b7a7-462a-b1ca-108dd189f588;ruleId=502ff3ba-669a-4674-bbb1-601f34a3b968;uxDifferentiator=ENVIRONMENT;volumeActivationOrder=normal"]}
{"RecordNumber":24461,"TimeGenerated":"2025-07-02 13:43:20 +0700","TimeWritten":"2025-07-02 13:43:20 +0700","EventID":12288,"Qualifiers":16384,"EventType":"Information","EventCategory":0,"Channel":"Application","SourceName":"Software Protection Platform Service","ComputerName":"DESKTOP-RB8ENUF","Data":"00000600f83239b2a1469bdcf153410f9d0dc30cff47dbf3c2d0ce33c40897cdf0d4617ca4f8cbb18201de35994c2a21344cbce2f34df624954bc330dabe90b4e432f7a2c09a0dfae0facbb7f2a1cec47d58887e26a4da1b31eaa0ceba7a2f96068b50aceb3f65e79a8496bf03bd719a52c3f0a5a1a84889d9c487725333f25a38cc44b0cb7ffe38d7fcf272412541380fddeb58d910aa8134d94edf361f841fc869b48a284da75e78767ce76fedec7dc0658ffc9d63ccde4427309f68e66e48dd1351b49024afe8df49bebee80519a7806b57b378087d544f474c5dc3f3cd0a7cc29e22279d67534130cd10e773237cae7f03fe1d8f3b8e9c8e06ca9f52c8685f01b1c5","Sid":"","Message":"The client has sent an activation request to the key management service machine.\r\nInfo:\r\n0x00000000, 0x00000000, 70.37.61.117:1688, 027b3fcb-307b-4034-99b1-ea592ddb80f7, 2025/07/02 06:43, 0, 1, 249120, 2ca2bf3f-949e-446a-82c7-e25a15ec78c4, 5\r\n","StringInserts":["0x00000000, 0x00000000, 70.37.61.117:1688, 027b3fcb-307b-4034-99b1-ea592ddb80f7, 2025/07/02 06:43, 0, 1, 249120, 2ca2bf3f-949e-446a-82c7-e25a15ec78c4, 5"]}
{"RecordNumber":24462,"TimeGenerated":"2025-07-02 13:43:20 +0700","TimeWritten":"2025-07-02 13:43:20 +0700","EventID":12289,"Qualifiers":16384,"EventType":"Information","EventCategory":0,"Channel":"Application","SourceName":"Software Protection Platform Service","ComputerName":"DESKTOP-RB8ENUF","Data":"000006000dfc9dcc961c77064ecdbc9fcbdd25d64a86345d2aff56e09785e862d2ad864b5886d538ce461656fbaeeff9203bb09b21987f8ab82567d1aa40fb39a781af5f9813ac325f578deb4aeb235271c056f3f5cc1332daced083004d3e188523bd784dcefcaf3b4147d8acd18c362c78198b098765c9f015dba3a2c0d732aa1570419646ecd08a5e7f4c5bb2eeaad15b5e313550c8d2bcbe115647060fd8bde0f41bd37cc7a7fb86e0db198b3536630139e72fdf8af3e88b35ef6e5c73e2566df2d3b42e952f654b794070188a1a37aa4d33db71b7c391c352560d2a93e9da7c877ecdc0e513d6cc39959ee9b6b9ac1b896fc3b1bdb569265278965c96c01c763ff8","Sid":"","Message":"The client has processed an activation response from the key management service machine.\r\nInfo:\r\n0x00000000, 0x00000000, 1, 0, 10, 120, 10080, 2025/07/02 06:43\r\n","StringInserts":["0x00000000, 0x00000000, 1, 0, 10, 120, 10080, 2025/07/02 06:43"]}
