{"RecordNumber":23872,"TimeGenerated":"2025-06-25 15:07:35 +0700","TimeWritten":"2025-06-25 15:07:35 +0700","EventID":105,"Qualifiers":0,"EventType":"Information","EventCategory":1,"Channel":"Application","SourceName":"ESENT","ComputerName":"DESKTOP-RB8ENUF","Data":"","Sid":"","Message":"Video.UI (14104,D,0) {C274A28D-802C-4025-9C0C-E89A03B32137}: The database engine started a new instance (0). (Time=0 seconds)\r\n\r\n\r\n\r\nAdditional Data:\r\n\r\nlgposV2[] = 00000001:0064:0000 - 00000001:0066:002B - 00000001:0067:0000 - 00000001:0067:0000 (00000000:0000:0000)\ncReInits = 1\n\r\n\r\n\r\n\r\nInternal Timing Sequence: \n[1] 0.009481 +J(0) +M(C:0K, Fs:197, WS:736K # 736K, PF:2756K # 2836K, P:2756K)\n[2] 0.000182 +J(0) +M(C:0K, Fs:97, WS:388K # 388K, PF:308K # 228K, P:308K)\n[3] 0.000013 +J(0) +M(C:0K, Fs:4, WS:16K # 16K, PF:64K # 64K, P:64K)\n[4] 0.000088 +J(0) +M(C:0K, Fs:37, WS:148K # 148K, PF:156K # 156K, P:156K)\n[5] 0.000982 +J(0) +M(C:0K, Fs:12, WS:48K # 48K, PF:16K # 16K, P:16K)\n[6] 0.050767 +J(0) +M(C:0K, Fs:289, WS:940K # 940K, PF:68K # 72K, P:68K)\n[7] 0.040131 -0.000011 (5) WT +J(0) +M(C:0K, Fs:528, WS:2108K # 2108K, PF:2072K # 2068K, P:2072K)\n[8] 0.007107 -0.001235 (4) WT +J(CM:0, PgRf:0, Rd:0/0, Dy:0/0, Lg:12168/7) +M(C:0K, Fs:326, WS:1204K # 1204K, PF:608K # 616K, P:608K)\n[9] 0.000288 +J(0) +M(C:0K, Fs:7, WS:28K # 28K, PF:0K # 0K, P:0K)\n[10] 0.001048 -0.000002 (1) WT +J(0) +M(C:0K, Fs:15, WS:-1984K # 60K, PF:-2024K # 12K, P:-2024K)\n[11] 0.000015 +J(CM:0, PgRf:0, Rd:0/0, Dy:0/0, Lg:49/1) +M(C:0K, Fs:2, WS:8K # 0K, PF:0K # 0K, P:0K)\n[12] 0.015682 -0.015587 (2) WT +J(0) +M(C:0K, Fs:223, WS:892K # 0K, PF:136K # 0K, P:136K)\n[13] 0.041218 -0.000471 (2) CM -0.014989 (28) WT +J(CM:2, PgRf:2, Rd:0/2, Dy:0/0, Lg:8759/5) +M(C:0K, Fs:554, WS:80K # 984K, PF:108K # 252K, P:108K)\n[14] 0.000019 +J(0)\n[15] 0.000011 +J(0)\n[16] 0.000165 -0.000001 (1) WT +J(0) +M(C:0K, Fs:2, WS:0K # 0K, PF:0K # 0K, P:0K).\r\n","StringInserts":["Video.UI","14104,D,0","{C274A28D-802C-4025-9C0C-E89A03B32137}: ","0","0","\n[1] 0.009481 +J(0) +M(C:0K, Fs:197, WS:736K # 736K, PF:2756K # 2836K, P:2756K)\n[2] 0.000182 +J(0) +M(C:0K, Fs:97, WS:388K # 388K, PF:308K # 228K, P:308K)\n[3] 0.000013 +J(0) +M(C:0K, Fs:4, WS:16K # 16K, PF:64K # 64K, P:64K)\n[4] 0.000088 +J(0) +M(C:0K, Fs:37, WS:148K # 148K, PF:156K # 156K, P:156K)\n[5] 0.000982 +J(0) +M(C:0K, Fs:12, WS:48K # 48K, PF:16K # 16K, P:16K)\n[6] 0.050767 +J(0) +M(C:0K, Fs:289, WS:940K # 940K, PF:68K # 72K, P:68K)\n[7] 0.040131 -0.000011 (5) WT +J(0) +M(C:0K, Fs:528, WS:2108K # 2108K, PF:2072K # 2068K, P:2072K)\n[8] 0.007107 -0.001235 (4) WT +J(CM:0, PgRf:0, Rd:0/0, Dy:0/0, Lg:12168/7) +M(C:0K, Fs:326, WS:1204K # 1204K, PF:608K # 616K, P:608K)\n[9] 0.000288 +J(0) +M(C:0K, Fs:7, WS:28K # 28K, PF:0K # 0K, P:0K)\n[10] 0.001048 -0.000002 (1) WT +J(0) +M(C:0K, Fs:15, WS:-1984K # 60K, PF:-2024K # 12K, P:-2024K)\n[11] 0.000015 +J(CM:0, PgRf:0, Rd:0/0, Dy:0/0, Lg:49/1) +M(C:0K, Fs:2, WS:8K # 0K, PF:0K # 0K, P:0K)\n[12] 0.015682 -0.015587 (2) WT +J(0) +M(C:0K, Fs:223, WS:892K # 0K, PF:136K # 0K, P:136K)\n[13] 0.041218 -0.000471 (2) CM -0.014989 (28) WT +J(CM:2, PgRf:2, Rd:0/2, Dy:0/0, Lg:8759/5) +M(C:0K, Fs:554, WS:80K # 984K, PF:108K # 252K, P:108K)\n[14] 0.000019 +J(0)\n[15] 0.000011 +J(0)\n[16] 0.000165 -0.000001 (1) WT +J(0) +M(C:0K, Fs:2, WS:0K # 0K, PF:0K # 0K, P:0K).","lgposV2[] = 00000001:0064:0000 - 00000001:0066:002B - 00000001:0067:0000 - 00000001:0067:0000 (00000000:0000:0000)\ncReInits = 1\n"]}
{"RecordNumber":23873,"TimeGenerated":"2025-06-25 15:07:35 +0700","TimeWritten":"2025-06-25 15:07:35 +0700","EventID":330,"Qualifiers":0,"EventType":"Information","EventCategory":1,"Channel":"Application","SourceName":"ESENT","ComputerName":"DESKTOP-RB8ENUF","Data":"","Sid":"","Message":"Video.UI (14104,D,50) {C274A28D-802C-4025-9C0C-E89A03B32137}: The database [C:\\Users\\Admin\\AppData\\Local\\Packages\\Microsoft.ZuneVideo_8wekyb3d8bbwe\\LocalState\\Database\\anonymous\\EntClientDb.edb] format version is being held back to 8920 (0x22d8) due to application parameter setting of 0x410022D8 (8920 | JET_efvAllowHigherPersistedFormat). Current default engine version: 9180 (0x23dc).\r\n","StringInserts":["Video.UI","14104,D,50","{C274A28D-802C-4025-9C0C-E89A03B32137}: ","C:\\Users\\Admin\\AppData\\Local\\Packages\\Microsoft.ZuneVideo_8wekyb3d8bbwe\\LocalState\\Database\\anonymous\\EntClientDb.edb","0x410022D8 (8920 | JET_efvAllowHigherPersistedFormat)","8920 (0x22d8)","9180 (0x23dc)"]}
{"RecordNumber":23874,"TimeGenerated":"2025-06-25 15:07:35 +0700","TimeWritten":"2025-06-25 15:07:35 +0700","EventID":641,"Qualifiers":0,"EventType":"Information","EventCategory":1,"Channel":"Application","SourceName":"ESENT","ComputerName":"DESKTOP-RB8ENUF","Data":"","Sid":"","Message":"Video.UI (14104,D,50) {C274A28D-802C-4025-9C0C-E89A03B32137}: The log format feature version 8940 (0x22ec - 8.6.20) could not be used due to the current log format 8.5.16, controlled by the parameter 0x410022D8 (8920 | JET_efvAllowHigherPersistedFormat).\r\n","StringInserts":["Video.UI","14104,D,50","{C274A28D-802C-4025-9C0C-E89A03B32137}: ","0x410022D8 (8920 | JET_efvAllowHigherPersistedFormat)","8940 (0x22ec - 8.6.20)","8.5.16"]}
{"RecordNumber":23875,"TimeGenerated":"2025-06-25 15:07:35 +0700","TimeWritten":"2025-06-25 15:07:35 +0700","EventID":326,"Qualifiers":0,"EventType":"Information","EventCategory":1,"Channel":"Application","SourceName":"ESENT","ComputerName":"DESKTOP-RB8ENUF","Data":"","Sid":"","Message":"Video.UI (14104,D,50) {C274A28D-802C-4025-9C0C-E89A03B32137}: The database engine attached a database (1, C:\\Users\\Admin\\AppData\\Local\\Packages\\Microsoft.ZuneVideo_8wekyb3d8bbwe\\LocalState\\Database\\anonymous\\EntClientDb.edb). (Time=0 seconds)\r\n\r\n\r\n\r\nSaved Cache: 0 0\r\n\r\nAdditional Data: lgposAttach = 00000001:0069:0268,\ndbv = 1568.20.0\r\n\r\n\r\n\r\nInternal Timing Sequence: \n[1] 0.000007 +J(0)\n[2] 0.000622 -0.000001 (1) WT +J(0) +M(C:0K, Fs:18, WS:8K # 0K, PF:8K # 0K, P:8K)\n[3] 0.003355 -0.000569 (6) WT +J(CM:0, PgRf:0, Rd:0/0, Dy:0/0, Lg:3480/2) +M(C:0K, Fs:10, WS:24K # 0K, PF:60K # 0K, P:60K)\n[4] 0.000149 +J(0)\n[5] -\n[6] -\n[7] -\n[8] 0.003203 -0.000214 (2) CM +J(CM:2, PgRf:2, Rd:14/2, Dy:0/0, Lg:0/0) +M(C:0K, Fs:9, WS:28K # 0K, PF:120K # 0K, P:120K)\n[9] 0.015210 -0.000567 (5) CM -0.014262 (1) WT +J(CM:5, PgRf:23, Rd:0/5, Dy:0/0, Lg:0/0) +M(C:0K, Fs:42, WS:148K # 0K, PF:204K # 0K, P:204K)\n[10] 0.000160 -0.000010 (2) CM +J(CM:2, PgRf:40, Rd:0/2, Dy:0/0, Lg:0/0) +M(C:0K, Fs:5, WS:4K # 0K, PF:64K # 0K, P:64K)\n[11] 0.000043 -0.000004 (1) CM +J(CM:1, PgRf:1, Rd:0/1, Dy:0/0, Lg:0/0) +M(C:0K, Fs:4, WS:8K # 0K, PF:0K # 0K, P:0K)\n[12] 0.000082 -0.000006 (1) CM +J(CM:1, PgRf:42, Rd:0/1, Dy:0/0, Lg:0/0) +M(C:0K, Fs:5, WS:12K # 0K, PF:0K # 0K, P:0K)\n[13] 0.000001 +J(0)\n[14] 0.000001 +J(0)\n[15] 0.000032 -0.000004 (1) CM +J(CM:1, PgRf:1, Rd:0/1, Dy:0/0, Lg:0/0) +M(C:0K, Fs:2, WS:0K # 0K, PF:0K # 0K, P:0K).\r\n","StringInserts":["Video.UI","14104,D,50","{C274A28D-802C-4025-9C0C-E89A03B32137}: ","1","C:\\Users\\Admin\\AppData\\Local\\Packages\\Microsoft.ZuneVideo_8wekyb3d8bbwe\\LocalState\\Database\\anonymous\\EntClientDb.edb","0","\n[1] 0.000007 +J(0)\n[2] 0.000622 -0.000001 (1) WT +J(0) +M(C:0K, Fs:18, WS:8K # 0K, PF:8K # 0K, P:8K)\n[3] 0.003355 -0.000569 (6) WT +J(CM:0, PgRf:0, Rd:0/0, Dy:0/0, Lg:3480/2) +M(C:0K, Fs:10, WS:24K # 0K, PF:60K # 0K, P:60K)\n[4] 0.000149 +J(0)\n[5] -\n[6] -\n[7] -\n[8] 0.003203 -0.000214 (2) CM +J(CM:2, PgRf:2, Rd:14/2, Dy:0/0, Lg:0/0) +M(C:0K, Fs:9, WS:28K # 0K, PF:120K # 0K, P:120K)\n[9] 0.015210 -0.000567 (5) CM -0.014262 (1) WT +J(CM:5, PgRf:23, Rd:0/5, Dy:0/0, Lg:0/0) +M(C:0K, Fs:42, WS:148K # 0K, PF:204K # 0K, P:204K)\n[10] 0.000160 -0.000010 (2) CM +J(CM:2, PgRf:40, Rd:0/2, Dy:0/0, Lg:0/0) +M(C:0K, Fs:5, WS:4K # 0K, PF:64K # 0K, P:64K)\n[11] 0.000043 -0.000004 (1) CM +J(CM:1, PgRf:1, Rd:0/1, Dy:0/0, Lg:0/0) +M(C:0K, Fs:4, WS:8K # 0K, PF:0K # 0K, P:0K)\n[12] 0.000082 -0.000006 (1) CM +J(CM:1, PgRf:42, Rd:0/1, Dy:0/0, Lg:0/0) +M(C:0K, Fs:5, WS:12K # 0K, PF:0K # 0K, P:0K)\n[13] 0.000001 +J(0)\n[14] 0.000001 +J(0)\n[15] 0.000032 -0.000004 (1) CM +J(CM:1, PgRf:1, Rd:0/1, Dy:0/0, Lg:0/0) +M(C:0K, Fs:2, WS:0K # 0K, PF:0K # 0K, P:0K).","0 0","lgposAttach = 00000001:0069:0268,\ndbv = 1568.20.0"]}
{"RecordNumber":23876,"TimeGenerated":"2025-06-25 15:07:35 +0700","TimeWritten":"2025-06-25 15:07:35 +0700","EventID":330,"Qualifiers":0,"EventType":"Information","EventCategory":1,"Channel":"Application","SourceName":"ESENT","ComputerName":"DESKTOP-RB8ENUF","Data":"","Sid":"","Message":"Video.UI (14104,D,2) {C274A28D-802C-4025-9C0C-E89A03B32137}: The database [C:\\Users\\Admin\\AppData\\Local\\Packages\\Microsoft.ZuneVideo_8wekyb3d8bbwe\\LocalState\\Database\\anonymous\\tmp.edb] format version is being held back to 8920 (0x22d8) due to application parameter setting of 0x410022D8 (8920 | JET_efvAllowHigherPersistedFormat). Current default engine version: 9180 (0x23dc).\r\n","StringInserts":["Video.UI","14104,D,2","{C274A28D-802C-4025-9C0C-E89A03B32137}: ","C:\\Users\\Admin\\AppData\\Local\\Packages\\Microsoft.ZuneVideo_8wekyb3d8bbwe\\LocalState\\Database\\anonymous\\tmp.edb","0x410022D8 (8920 | JET_efvAllowHigherPersistedFormat)","8920 (0x22d8)","9180 (0x23dc)"]}
{"RecordNumber":23877,"TimeGenerated":"2025-06-25 15:07:42 +0700","TimeWritten":"2025-06-25 15:07:42 +0700","EventID":10000,"Qualifiers":0,"EventType":"Information","EventCategory":0,"Channel":"Application","SourceName":"Microsoft-Windows-RestartManager","ComputerName":"DESKTOP-RB8ENUF","Data":"","Sid":"S-1-5-21-3306260603-718234045-292622573-1001","Message":"Starting session 1 - 2025-06-25T08:07:42.0986769Z.\r\n","StringInserts":["1","2025-06-25T08:07:42.0986769Z"]}
{"RecordNumber":23878,"TimeGenerated":"2025-06-25 15:07:42 +0700","TimeWritten":"2025-06-25 15:07:42 +0700","EventID":10001,"Qualifiers":0,"EventType":"Information","EventCategory":0,"Channel":"Application","SourceName":"Microsoft-Windows-RestartManager","ComputerName":"DESKTOP-RB8ENUF","Data":"","Sid":"S-1-5-21-3306260603-718234045-292622573-1001","Message":"Ending session 1 started 2025-06-25T08:07:42.0986769Z.\r\n","StringInserts":["1","2025-06-25T08:07:42.0986769Z"]}
{"RecordNumber":23879,"TimeGenerated":"2025-06-25 15:29:38 +0700","TimeWritten":"2025-06-25 15:29:38 +0700","EventID":1040,"Qualifiers":0,"EventType":"Information","EventCategory":0,"Channel":"Application","SourceName":"MsiInstaller","ComputerName":"DESKTOP-RB8ENUF","Data":"","Sid":"S-1-5-21-3306260603-718234045-292622573-1001","Message":"Beginning a Windows Installer transaction: F:\\Code\\SIEMAg\\Debug\\SIEMAg.msi. Client Process Id: 24736.\r\n","StringInserts":["F:\\Code\\SIEMAg\\Debug\\SIEMAg.msi","24736","(NULL)","(NULL)","(NULL)","(NULL)",""]}
{"RecordNumber":23880,"TimeGenerated":"2025-06-25 15:29:56 +0700","TimeWritten":"2025-06-25 15:29:56 +0700","EventID":8194,"Qualifiers":0,"EventType":"Information","EventCategory":0,"Channel":"Application","SourceName":"System Restore","ComputerName":"DESKTOP-RB8ENUF","Data":"0000000067020000590200000000000022ce28677c6dda79e28c1c000000000000000000","Sid":"","Message":"Successfully created restore point (Process = C:\\Windows\\system32\\msiexec.exe /V; Description = Installed SIEMAg).\r\n","StringInserts":["C:\\Windows\\system32\\msiexec.exe /V","Installed SIEMAg"]}
{"RecordNumber":23881,"TimeGenerated":"2025-06-25 15:30:00 +0700","TimeWritten":"2025-06-25 15:30:00 +0700","EventID":10000,"Qualifiers":0,"EventType":"Information","EventCategory":0,"Channel":"Application","SourceName":"Microsoft-Windows-RestartManager","ComputerName":"DESKTOP-RB8ENUF","Data":"","Sid":"S-1-5-21-3306260603-718234045-292622573-1001","Message":"Starting session 0 - 2025-06-25T08:30:00.2867465Z.\r\n","StringInserts":["0","2025-06-25T08:30:00.2867465Z"]}
{"RecordNumber":23882,"TimeGenerated":"2025-06-25 15:30:01 +0700","TimeWritten":"2025-06-25 15:30:01 +0700","EventID":1042,"Qualifiers":0,"EventType":"Information","EventCategory":0,"Channel":"Application","SourceName":"MsiInstaller","ComputerName":"DESKTOP-RB8ENUF","Data":"","Sid":"S-1-5-18","Message":"Ending a Windows Installer transaction: F:\\Code\\SIEMAg\\Debug\\SIEMAg.msi. Client Process Id: 24736.\r\n","StringInserts":["F:\\Code\\SIEMAg\\Debug\\SIEMAg.msi","24736","(NULL)","(NULL)","(NULL)","(NULL)",""]}
{"RecordNumber":23883,"TimeGenerated":"2025-06-25 15:30:01 +0700","TimeWritten":"2025-06-25 15:30:01 +0700","EventID":10001,"Qualifiers":0,"EventType":"Information","EventCategory":0,"Channel":"Application","SourceName":"Microsoft-Windows-RestartManager","ComputerName":"DESKTOP-RB8ENUF","Data":"","Sid":"S-1-5-21-3306260603-718234045-292622573-1001","Message":"Ending session 0 started 2025-06-25T08:30:00.2867465Z.\r\n","StringInserts":["0","2025-06-25T08:30:00.2867465Z"]}
{"RecordNumber":23884,"TimeGenerated":"2025-06-25 15:30:07 +0700","TimeWritten":"2025-06-25 15:30:07 +0700","EventID":8300,"Qualifiers":0,"EventType":"Information","EventCategory":0,"Channel":"Application","SourceName":"Microsoft-Windows-System-Restore","ComputerName":"DESKTOP-RB8ENUF","Data":"","Sid":"S-1-5-18","Message":"Scoping started for shadowcopy \\\\?\\GLOBALROOT\\Device\\HarddiskVolumeShadowCopy3.\r\n","StringInserts":["\\\\?\\GLOBALROOT\\Device\\HarddiskVolumeShadowCopy3"]}
{"RecordNumber":23885,"TimeGenerated":"2025-06-25 15:30:14 +0700","TimeWritten":"2025-06-25 15:30:14 +0700","EventID":11707,"Qualifiers":0,"EventType":"Information","EventCategory":0,"Channel":"Application","SourceName":"MsiInstaller","ComputerName":"DESKTOP-RB8ENUF","Data":"7b44303546344433322d424135432d343344462d393743312d4233383645333343454541317d","Sid":"S-1-5-21-3306260603-718234045-292622573-1001","Message":"Product: SIEMAg -- Installation completed successfully.\r\n","StringInserts":["Product: SIEMAg -- Installation completed successfully.","(NULL)","(NULL)","(NULL)","(NULL)","(NULL)",""]}
{"RecordNumber":23886,"TimeGenerated":"2025-06-25 15:30:14 +0700","TimeWritten":"2025-06-25 15:30:14 +0700","EventID":1033,"Qualifiers":0,"EventType":"Information","EventCategory":0,"Channel":"Application","SourceName":"MsiInstaller","ComputerName":"DESKTOP-RB8ENUF","Data":"7b44303546344433322d424135432d343344462d393743312d4233383645333343454541317d3030303062633936653837666339363764313038353538303036393832396537356637323030303030393034","Sid":"S-1-5-21-3306260603-718234045-292622573-1001","Message":"Windows Installer installed the product. Product Name: SIEMAg. Product Version: 1.0.0. Product Language: 1033. Manufacturer: Default Company Name. Installation success or error status: 0.\r\n","StringInserts":["SIEMAg","1.0.0","1033","0","Default Company Name","(NULL)",""]}
{"RecordNumber":23887,"TimeGenerated":"2025-06-25 15:30:45 +0700","TimeWritten":"2025-06-25 15:30:45 +0700","EventID":1001,"Qualifiers":0,"EventType":"Information","EventCategory":0,"Channel":"Application","SourceName":"Windows Error Reporting","ComputerName":"DESKTOP-RB8ENUF","Data":"","Sid":"","Message":"Fault bucket , type 0\r\nEvent Name: AppHangTransient\r\nResponse: Not available\r\nCab Id: 0\r\n\r\nProblem signature:\r\nP1: devenv.exe\r\nP2: 17.13.35825.156\r\nP3: 67be2c5e\r\nP4: unknown\r\nP5: unknown\r\nP6: unknown\r\nP7: unknown\r\nP8: \r\nP9: \r\nP10: \r\n\r\nAttached files:\r\n\\\\?\\C:\\ProgramData\\Microsoft\\Windows\\WER\\Temp\\WER95F1.tmp.WERInternalMetadata.xml\r\n\\\\?\\C:\\ProgramData\\Microsoft\\Windows\\WER\\Temp\\WER9621.tmp.xml\r\n\\\\?\\C:\\ProgramData\\Microsoft\\Windows\\WER\\Temp\\WER9620.tmp.csv\r\n\\\\?\\C:\\ProgramData\\Microsoft\\Windows\\WER\\Temp\\WER9640.tmp.txt\r\n\r\nThese files may be available here:\r\n\r\n\r\nAnalysis symbol: \r\nRechecking for solution: 0\r\nReport Id: 4df32f1d-9b74-4c77-a1a4-8ed3192fd0c1\r\nReport Status: 2049\r\nHashed bucket: \r\nCab Guid: 0\r\n","StringInserts":["","0","AppHangTransient","Not available","0","devenv.exe","17.13.35825.156","67be2c5e","unknown","unknown","unknown","unknown","","","","\r\n\\\\?\\C:\\ProgramData\\Microsoft\\Windows\\WER\\Temp\\WER95F1.tmp.WERInternalMetadata.xml\r\n\\\\?\\C:\\ProgramData\\Microsoft\\Windows\\WER\\Temp\\WER9621.tmp.xml\r\n\\\\?\\C:\\ProgramData\\Microsoft\\Windows\\WER\\Temp\\WER9620.tmp.csv\r\n\\\\?\\C:\\ProgramData\\Microsoft\\Windows\\WER\\Temp\\WER9640.tmp.txt","","","0","4df32f1d-9b74-4c77-a1a4-8ed3192fd0c1","2049","","0"]}
{"RecordNumber":23888,"TimeGenerated":"2025-06-25 15:31:02 +0700","TimeWritten":"2025-06-25 15:31:02 +0700","EventID":8301,"Qualifiers":0,"EventType":"Information","EventCategory":0,"Channel":"Application","SourceName":"Microsoft-Windows-System-Restore","ComputerName":"DESKTOP-RB8ENUF","Data":"","Sid":"S-1-5-18","Message":"Scoping completed for shadowcopy \\\\?\\GLOBALROOT\\Device\\HarddiskVolumeShadowCopy3.\r\n","StringInserts":["\\\\?\\GLOBALROOT\\Device\\HarddiskVolumeShadowCopy3","0x0","282473","1214237","365772","249478","315781","314856"]}
{"RecordNumber":23889,"TimeGenerated":"2025-06-25 15:31:02 +0700","TimeWritten":"2025-06-25 15:31:02 +0700","EventID":8302,"Qualifiers":0,"EventType":"Information","EventCategory":0,"Channel":"Application","SourceName":"Microsoft-Windows-System-Restore","ComputerName":"DESKTOP-RB8ENUF","Data":"","Sid":"S-1-5-18","Message":"Scoping successfully completed for shadowcopy \\\\?\\GLOBALROOT\\Device\\HarddiskVolumeShadowCopy3.\r\n","StringInserts":["\\\\?\\GLOBALROOT\\Device\\HarddiskVolumeShadowCopy3","0x0","282473","1214237","365772","249478","315781","314856"]}
{"RecordNumber":23890,"TimeGenerated":"2025-06-25 15:31:05 +0700","TimeWritten":"2025-06-25 15:31:05 +0700","EventID":1001,"Qualifiers":0,"EventType":"Information","EventCategory":0,"Channel":"Application","SourceName":"Windows Error Reporting","ComputerName":"DESKTOP-RB8ENUF","Data":"","Sid":"","Message":"Fault bucket 2111525315961788241, type 5\r\nEvent Name: PerfWatsonVS12Data\r\nResponse: Not available\r\nCab Id: 1343657884760134984\r\n\r\nProblem signature:\r\nP1: PerfWatsonTcdb\r\nP2: 0\r\nP3: 0\r\nP4: 0\r\nP5: 0\r\nP6: \r\nP7: \r\nP8: \r\nP9: \r\nP10: \r\n\r\nAttached files:\r\n\\\\?\\C:\\Users\\Admin\\AppData\\Local\\Temp\\VSTelem.Out\\202506250831_d17.13_17.13.35825.156_22136_0d66d9d3-0a23-47b8-ab25-71bebc20589c.tcdb\r\n\\\\?\\C:\\ProgramData\\Microsoft\\Windows\\WER\\Temp\\WERD2CB.tmp.WERInternalMetadata.xml\r\n\\\\?\\C:\\ProgramData\\Microsoft\\Windows\\WER\\Temp\\WERD2FB.tmp.xml\r\n\\\\?\\C:\\ProgramData\\Microsoft\\Windows\\WER\\Temp\\WERD2FC.tmp.csv\r\n\\\\?\\C:\\ProgramData\\Microsoft\\Windows\\WER\\Temp\\WERD30D.tmp.txt\r\n\\\\?\\C:\\Users\\Admin\\AppData\\Local\\Temp\\WERD722.tmp.WERDataCollectionStatus.txt\r\n\r\nThese files may be available here:\r\n\\\\?\\C:\\ProgramData\\Microsoft\\Windows\\WER\\ReportArchive\\NonCritical_PerfWatsonTcdb_688f135dd185f2a8133a474a2518efc6ce6cc4a_00000000_cab_b2b9f6ef-fba5-42a3-bf02-b169c698423d\r\n\r\nAnalysis symbol: \r\nRechecking for solution: 0\r\nReport Id: b2b9f6ef-fba5-42a3-bf02-b169c698423d\r\nReport Status: 268435464\r\nHashed bucket: fb30d2b9a7acf0305d4da51668259751\r\nCab Guid: 642e8059-ad34-4788-a2a5-a1ba28c7d548\r\n","StringInserts":["2111525315961788241","5","PerfWatsonVS12Data","Not available","1343657884760134984","PerfWatsonTcdb","0","0","0","0","","","","","","\r\n\\\\?\\C:\\Users\\Admin\\AppData\\Local\\Temp\\VSTelem.Out\\202506250831_d17.13_17.13.35825.156_22136_0d66d9d3-0a23-47b8-ab25-71bebc20589c.tcdb\r\n\\\\?\\C:\\ProgramData\\Microsoft\\Windows\\WER\\Temp\\WERD2CB.tmp.WERInternalMetadata.xml\r\n\\\\?\\C:\\ProgramData\\Microsoft\\Windows\\WER\\Temp\\WERD2FB.tmp.xml\r\n\\\\?\\C:\\ProgramData\\Microsoft\\Windows\\WER\\Temp\\WERD2FC.tmp.csv\r\n\\\\?\\C:\\ProgramData\\Microsoft\\Windows\\WER\\Temp\\WERD30D.tmp.txt\r\n\\\\?\\C:\\Users\\Admin\\AppData\\Local\\Temp\\WERD722.tmp.WERDataCollectionStatus.txt","\\\\?\\C:\\ProgramData\\Microsoft\\Windows\\WER\\ReportArchive\\NonCritical_PerfWatsonTcdb_688f135dd185f2a8133a474a2518efc6ce6cc4a_00000000_cab_b2b9f6ef-fba5-42a3-bf02-b169c698423d","","0","b2b9f6ef-fba5-42a3-bf02-b169c698423d","268435464","fb30d2b9a7acf0305d4da51668259751","642e8059-ad34-4788-a2a5-a1ba28c7d548"]}
{"RecordNumber":23891,"TimeGenerated":"2025-06-25 15:33:07 +0700","TimeWritten":"2025-06-25 15:33:07 +0700","EventID":8224,"Qualifiers":0,"EventType":"Information","EventCategory":0,"Channel":"Application","SourceName":"VSS","ComputerName":"DESKTOP-RB8ENUF","Data":"2d20436f64653a2020434f525356434330303030303737342d2043616c6c3a2020434f525356434330303030303735362d205049443a202030303030393733362d205449443a202030303032313832302d20434d443a2020433a5c57696e646f77735c73797374656d33325c76737376632e6578652020202d20557365723a204e616d653a204e5420415554484f524954595c53595354454d2c205349443a532d312d352d313820","Sid":"","Message":"The VSS service is shutting down due to idle timeout.\r\n\r\n","StringInserts":[""]}
{"RecordNumber":23892,"TimeGenerated":"2025-06-25 15:49:45 +0700","TimeWritten":"2025-06-25 15:49:45 +0700","EventID":1040,"Qualifiers":0,"EventType":"Information","EventCategory":0,"Channel":"Application","SourceName":"MsiInstaller","ComputerName":"DESKTOP-RB8ENUF","Data":"","Sid":"S-1-5-21-3306260603-718234045-292622573-1001","Message":"Beginning a Windows Installer transaction: F:\\Code\\SIEM Agent\\Debug\\SIEM Agent.msi. Client Process Id: 7676.\r\n","StringInserts":["F:\\Code\\SIEM Agent\\Debug\\SIEM Agent.msi","7676","(NULL)","(NULL)","(NULL)","(NULL)",""]}
{"RecordNumber":23893,"TimeGenerated":"2025-06-25 15:49:45 +0700","TimeWritten":"2025-06-25 15:49:45 +0700","EventID":8216,"Qualifiers":0,"EventType":"Information","EventCategory":0,"Channel":"Application","SourceName":"System Restore","ComputerName":"DESKTOP-RB8ENUF","Data":"0000000063020000590200000000000022ce28677c6dda79e28c1c000000000000000000","Sid":"","Message":"Skipping creation of restore point (Process = C:\\Windows\\system32\\msiexec.exe /V; Description = Installed SIEM Agent) as there is a restore point avaliable which is recent enough for System Restore.\r\n","StringInserts":["C:\\Windows\\system32\\msiexec.exe /V","Installed SIEM Agent"]}
{"RecordNumber":23894,"TimeGenerated":"2025-06-25 15:49:47 +0700","TimeWritten":"2025-06-25 15:49:47 +0700","EventID":10000,"Qualifiers":0,"EventType":"Information","EventCategory":0,"Channel":"Application","SourceName":"Microsoft-Windows-RestartManager","ComputerName":"DESKTOP-RB8ENUF","Data":"","Sid":"S-1-5-21-3306260603-718234045-292622573-1001","Message":"Starting session 0 - 2025-06-25T08:49:47.3960284Z.\r\n","StringInserts":["0","2025-06-25T08:49:47.3960284Z"]}
{"RecordNumber":23895,"TimeGenerated":"2025-06-25 15:49:48 +0700","TimeWritten":"2025-06-25 15:49:48 +0700","EventID":1042,"Qualifiers":0,"EventType":"Information","EventCategory":0,"Channel":"Application","SourceName":"MsiInstaller","ComputerName":"DESKTOP-RB8ENUF","Data":"","Sid":"S-1-5-18","Message":"Ending a Windows Installer transaction: F:\\Code\\SIEM Agent\\Debug\\SIEM Agent.msi. Client Process Id: 7676.\r\n","StringInserts":["F:\\Code\\SIEM Agent\\Debug\\SIEM Agent.msi","7676","(NULL)","(NULL)","(NULL)","(NULL)",""]}
{"RecordNumber":23896,"TimeGenerated":"2025-06-25 15:49:48 +0700","TimeWritten":"2025-06-25 15:49:48 +0700","EventID":10001,"Qualifiers":0,"EventType":"Information","EventCategory":0,"Channel":"Application","SourceName":"Microsoft-Windows-RestartManager","ComputerName":"DESKTOP-RB8ENUF","Data":"","Sid":"S-1-5-21-3306260603-718234045-292622573-1001","Message":"Ending session 0 started 2025-06-25T08:49:47.3960284Z.\r\n","StringInserts":["0","2025-06-25T08:49:47.3960284Z"]}
{"RecordNumber":23897,"TimeGenerated":"2025-06-25 15:49:50 +0700","TimeWritten":"2025-06-25 15:49:50 +0700","EventID":11707,"Qualifiers":0,"EventType":"Information","EventCategory":0,"Channel":"Application","SourceName":"MsiInstaller","ComputerName":"DESKTOP-RB8ENUF","Data":"7b38443339353736322d453930442d343436332d413737382d3742373443383839333131347d","Sid":"S-1-5-21-3306260603-718234045-292622573-1001","Message":"Product: SIEM Agent -- Installation completed successfully.\r\n","StringInserts":["Product: SIEM Agent -- Installation completed successfully.","(NULL)","(NULL)","(NULL)","(NULL)","(NULL)",""]}
{"RecordNumber":23898,"TimeGenerated":"2025-06-25 15:49:50 +0700","TimeWritten":"2025-06-25 15:49:50 +0700","EventID":1033,"Qualifiers":0,"EventType":"Information","EventCategory":0,"Channel":"Application","SourceName":"MsiInstaller","ComputerName":"DESKTOP-RB8ENUF","Data":"7b38443339353736322d453930442d343436332d413737382d3742373443383839333131347d3030303063623835303830623736393331613733336630353239306532613637393632303030303030393034","Sid":"S-1-5-21-3306260603-718234045-292622573-1001","Message":"Windows Installer installed the product. Product Name: SIEM Agent. Product Version: 1.0.0. Product Language: 1033. Manufacturer: Default Company Name. Installation success or error status: 0.\r\n","StringInserts":["SIEM Agent","1.0.0","1033","0","Default Company Name","(NULL)",""]}
{"RecordNumber":23899,"TimeGenerated":"2025-06-25 15:52:45 +0700","TimeWritten":"2025-06-25 15:52:45 +0700","EventID":8224,"Qualifiers":0,"EventType":"Information","EventCategory":0,"Channel":"Application","SourceName":"VSS","ComputerName":"DESKTOP-RB8ENUF","Data":"2d20436f64653a2020434f525356434330303030303737342d2043616c6c3a2020434f525356434330303030303735362d205049443a202030303032353434302d205449443a202030303031363234342d20434d443a2020433a5c57696e646f77735c73797374656d33325c76737376632e6578652020202d20557365723a204e616d653a204e5420415554484f524954595c53595354454d2c205349443a532d312d352d313820","Sid":"","Message":"The VSS service is shutting down due to idle timeout.\r\n\r\n","StringInserts":[""]}
{"RecordNumber":23900,"TimeGenerated":"2025-06-25 15:54:24 +0700","TimeWritten":"2025-06-25 15:54:24 +0700","EventID":16394,"Qualifiers":49152,"EventType":"Information","EventCategory":0,"Channel":"Application","SourceName":"Software Protection Platform Service","ComputerName":"DESKTOP-RB8ENUF","Data":"","Sid":"","Message":"Offline downlevel migration succeeded.\r\n","StringInserts":[]}
{"RecordNumber":23901,"TimeGenerated":"2025-06-25 15:54:25 +0700","TimeWritten":"2025-06-25 15:54:25 +0700","EventID":1003,"Qualifiers":16384,"EventType":"Information","EventCategory":0,"Channel":"Application","SourceName":"Software Protection Platform Service","ComputerName":"DESKTOP-RB8ENUF","Data":"","Sid":"","Message":"The Software Protection service has completed licensing status check.\r\nApplication Id=0ff1ce15-a989-479d-af46-f275c6370663\r\nLicensing Status=\n1: 0b4e6cfa-3072-434c-b702-bd1836e6887c, 1, 0 [(0 [0xC004F014, 0, 0], [(?)(?)(?)(?)(?)(?)(?)(?)])(1 )(2 )(3 )]\n2: 0bc88885-718c-491d-921f-6f214349e79c, 1, 0 [(0 [0xC004F014, 0, 0], [(?)(?)(?)(?)(?)(?)(?)(?)])(1 )(2 )(3 )]\n3: 2ca2bf3f-949e-446a-82c7-e25a15ec78c4, 1, 1 [(0 [0x00000000, 1, 0], [(?)( 1 0x00000000)(?)( 2 0x00000000 0 0 msft:rm/algorithm/volume/1.0 0x00000000 259069)(?)(?)(?)(?)])(1 )(2 )(3 )]\n4: 6755c7a7-4dfe-46f5-bce8-427be8e9dc62, 1, 0 [(0 [0xC004F014, 0, 0], [(?)(?)(?)(?)(?)(?)(?)(?)])(1 )(2 )(3 )]\n5: 73fc2508-0fb1-475a-bd6f-2d42fd84c62a, 1, 0 [(0 [0xC004F014, 0, 0], [(?)(?)(?)(?)(?)(?)(?)(?)])(1 )(2 )(3 )]\n6: 85dd8b5f-eaa4-4af3-a628-cce9e77c9a03, 1, 1 [(0 [0x00000000, 1, 0], [(?)( 1 0x00000000)(?)( 2 0x00000000 0 0 msft:rm/algorithm/volume/1.0 0x00000000 249146)(?)(?)(?)(?)])(1 )(2 )(3 )]\n7: d4ebadd6-401b-40d5-adf4-a5d4accd72d1, 1, 0 [(0 [0xC004F014, 0, 0], [(?)(?)(?)(?)(?)(?)(?)(?)])(1 )(2 )(3 )]\n8: fc7c4d0c-2e85-4bb9-afd4-01ed1476b5e9, 1, 0 [(0 [0xC004F014, 0, 0], [(?)(?)(?)(?)(?)(?)(?)(?)])(1 )(2 )(3 )]\n\n\r\n","StringInserts":["0ff1ce15-a989-479d-af46-f275c6370663","\n1: 0b4e6cfa-3072-434c-b702-bd1836e6887c, 1, 0 [(0 [0xC004F014, 0, 0], [(?)(?)(?)(?)(?)(?)(?)(?)])(1 )(2 )(3 )]\n2: 0bc88885-718c-491d-921f-6f214349e79c, 1, 0 [(0 [0xC004F014, 0, 0], [(?)(?)(?)(?)(?)(?)(?)(?)])(1 )(2 )(3 )]\n3: 2ca2bf3f-949e-446a-82c7-e25a15ec78c4, 1, 1 [(0 [0x00000000, 1, 0], [(?)( 1 0x00000000)(?)( 2 0x00000000 0 0 msft:rm/algorithm/volume/1.0 0x00000000 259069)(?)(?)(?)(?)])(1 )(2 )(3 )]\n4: 6755c7a7-4dfe-46f5-bce8-427be8e9dc62, 1, 0 [(0 [0xC004F014, 0, 0], [(?)(?)(?)(?)(?)(?)(?)(?)])(1 )(2 )(3 )]\n5: 73fc2508-0fb1-475a-bd6f-2d42fd84c62a, 1, 0 [(0 [0xC004F014, 0, 0], [(?)(?)(?)(?)(?)(?)(?)(?)])(1 )(2 )(3 )]\n6: 85dd8b5f-eaa4-4af3-a628-cce9e77c9a03, 1, 1 [(0 [0x00000000, 1, 0], [(?)( 1 0x00000000)(?)( 2 0x00000000 0 0 msft:rm/algorithm/volume/1.0 0x00000000 249146)(?)(?)(?)(?)])(1 )(2 )(3 )]\n7: d4ebadd6-401b-40d5-adf4-a5d4accd72d1, 1, 0 [(0 [0xC004F014, 0, 0], [(?)(?)(?)(?)(?)(?)(?)(?)])(1 )(2 )(3 )]\n8: fc7c4d0c-2e85-4bb9-afd4-01ed1476b5e9, 1, 0 [(0 [0xC004F014, 0, 0], [(?)(?)(?)(?)(?)(?)(?)(?)])(1 )(2 )(3 )]\n\n"]}
{"RecordNumber":23902,"TimeGenerated":"2025-06-25 15:54:25 +0700","TimeWritten":"2025-06-25 15:54:25 +0700","EventID":1003,"Qualifiers":16384,"EventType":"Information","EventCategory":0,"Channel":"Application","SourceName":"Software Protection Platform Service","ComputerName":"DESKTOP-RB8ENUF","Data":"","Sid":"","Message":"The Software Protection service has completed licensing status check.\r\nApplication Id=0ff1ce15-a989-479d-af46-f275c6370663\r\nLicensing Status=\n1: 2ca2bf3f-949e-446a-82c7-e25a15ec78c4, 1, 1 [(0 [0x00000000, 1, 0], [(?)( 1 0x00000000)(?)( 2 0x00000000 0 0 msft:rm/algorithm/volume/1.0 0x00000000 259069)(?)(?)(?)(?)])(1 )(2 )(3 )]\n\n\r\n","StringInserts":["0ff1ce15-a989-479d-af46-f275c6370663","\n1: 2ca2bf3f-949e-446a-82c7-e25a15ec78c4, 1, 1 [(0 [0x00000000, 1, 0], [(?)( 1 0x00000000)(?)( 2 0x00000000 0 0 msft:rm/algorithm/volume/1.0 0x00000000 259069)(?)(?)(?)(?)])(1 )(2 )(3 )]\n\n"]}
{"RecordNumber":23903,"TimeGenerated":"2025-06-25 15:54:25 +0700","TimeWritten":"2025-06-25 15:54:25 +0700","EventID":1003,"Qualifiers":16384,"EventType":"Information","EventCategory":0,"Channel":"Application","SourceName":"Software Protection Platform Service","ComputerName":"DESKTOP-RB8ENUF","Data":"","Sid":"","Message":"The Software Protection service has completed licensing status check.\r\nApplication Id=0ff1ce15-a989-479d-af46-f275c6370663\r\nLicensing Status=\n1: 85dd8b5f-eaa4-4af3-a628-cce9e77c9a03, 1, 1 [(0 [0x00000000, 1, 0], [(?)( 1 0x00000000)(?)( 2 0x00000000 0 0 msft:rm/algorithm/volume/1.0 0x00000000 249146)(?)(?)(?)(?)])(1 )(2 )(3 )]\n\n\r\n","StringInserts":["0ff1ce15-a989-479d-af46-f275c6370663","\n1: 85dd8b5f-eaa4-4af3-a628-cce9e77c9a03, 1, 1 [(0 [0x00000000, 1, 0], [(?)( 1 0x00000000)(?)( 2 0x00000000 0 0 msft:rm/algorithm/volume/1.0 0x00000000 249146)(?)(?)(?)(?)])(1 )(2 )(3 )]\n\n"]}
{"RecordNumber":23904,"TimeGenerated":"2025-06-25 15:54:25 +0700","TimeWritten":"2025-06-25 15:54:25 +0700","EventID":1003,"Qualifiers":16384,"EventType":"Information","EventCategory":0,"Channel":"Application","SourceName":"Software Protection Platform Service","ComputerName":"DESKTOP-RB8ENUF","Data":"","Sid":"","Message":"The Software Protection service has completed licensing status check.\r\nApplication Id=0ff1ce15-a989-479d-af46-f275c6370663\r\nLicensing Status=\n1: 85dd8b5f-eaa4-4af3-a628-cce9e77c9a03, 1, 1 [(0 [0x00000000, 1, 0], [(?)( 1 0x00000000)(?)( 2 0x00000000 0 0 msft:rm/algorithm/volume/1.0 0x00000000 249146)(?)(?)(?)(?)])(1 )(2 )(3 )]\n\n\r\n","StringInserts":["0ff1ce15-a989-479d-af46-f275c6370663","\n1: 85dd8b5f-eaa4-4af3-a628-cce9e77c9a03, 1, 1 [(0 [0x00000000, 1, 0], [(?)( 1 0x00000000)(?)( 2 0x00000000 0 0 msft:rm/algorithm/volume/1.0 0x00000000 249146)(?)(?)(?)(?)])(1 )(2 )(3 )]\n\n"]}
{"RecordNumber":23905,"TimeGenerated":"2025-06-25 15:55:10 +0700","TimeWritten":"2025-06-25 15:55:10 +0700","EventID":16384,"Qualifiers":16384,"EventType":"Information","EventCategory":0,"Channel":"Application","SourceName":"Software Protection Platform Service","ComputerName":"DESKTOP-RB8ENUF","Data":"","Sid":"","Message":"Successfully scheduled Software Protection service for re-start at 2025-06-25T09:19:09Z. Reason: RulesEngine.\r\n","StringInserts":["2025-06-25T09:19:09Z","RulesEngine"]}
{"RecordNumber":23906,"TimeGenerated":"2025-06-25 16:01:21 +0700","TimeWritten":"2025-06-25 16:01:21 +0700","EventID":11729,"Qualifiers":0,"EventType":"Information","EventCategory":0,"Channel":"Application","SourceName":"MsiInstaller","ComputerName":"DESKTOP-RB8ENUF","Data":"7b38443339353736322d453930442d343436332d413737382d3742373443383839333131347d","Sid":"S-1-5-21-3306260603-718234045-292622573-1001","Message":"Product: SIEM Agent -- Configuration failed.\r\n","StringInserts":["Product: SIEM Agent -- Configuration failed.","(NULL)","(NULL)","(NULL)","(NULL)","(NULL)",""]}
{"RecordNumber":23907,"TimeGenerated":"2025-06-25 16:01:21 +0700","TimeWritten":"2025-06-25 16:01:21 +0700","EventID":1035,"Qualifiers":0,"EventType":"Information","EventCategory":0,"Channel":"Application","SourceName":"MsiInstaller","ComputerName":"DESKTOP-RB8ENUF","Data":"7b38443339353736322d453930442d343436332d413737382d3742373443383839333131347d3030303063623835303830623736393331613733336630353239306532613637393632303030303030393034","Sid":"S-1-5-21-3306260603-718234045-292622573-1001","Message":"Windows Installer reconfigured the product. Product Name: SIEM Agent. Product Version: 1.0.0. Product Language: 1033. Manufacturer: Default Company Name. Reconfiguration success or error status: 1638.\r\n","StringInserts":["SIEM Agent","1.0.0","1033","1638","Default Company Name","(NULL)",""]}
{"RecordNumber":23908,"TimeGenerated":"2025-06-25 16:01:51 +0700","TimeWritten":"2025-06-25 16:01:51 +0700","EventID":1040,"Qualifiers":0,"EventType":"Information","EventCategory":0,"Channel":"Application","SourceName":"MsiInstaller","ComputerName":"DESKTOP-RB8ENUF","Data":"","Sid":"S-1-5-21-3306260603-718234045-292622573-1001","Message":"Beginning a Windows Installer transaction: {8D395762-E90D-4463-A778-7B74C8893114}. Client Process Id: 6056.\r\n","StringInserts":["{8D395762-E90D-4463-A778-7B74C8893114}","6056","(NULL)","(NULL)","(NULL)","(NULL)",""]}
{"RecordNumber":23909,"TimeGenerated":"2025-06-25 16:01:51 +0700","TimeWritten":"2025-06-25 16:01:51 +0700","EventID":8216,"Qualifiers":0,"EventType":"Information","EventCategory":0,"Channel":"Application","SourceName":"System Restore","ComputerName":"DESKTOP-RB8ENUF","Data":"0000000063020000590200000000000022ce28677c6dda79e28c1c000000000000000000","Sid":"","Message":"Skipping creation of restore point (Process = C:\\Windows\\system32\\msiexec.exe /V; Description = Removed SIEM Agent) as there is a restore point avaliable which is recent enough for System Restore.\r\n","StringInserts":["C:\\Windows\\system32\\msiexec.exe /V","Removed SIEM Agent"]}
{"RecordNumber":23910,"TimeGenerated":"2025-06-25 16:01:53 +0700","TimeWritten":"2025-06-25 16:01:53 +0700","EventID":11724,"Qualifiers":0,"EventType":"Information","EventCategory":0,"Channel":"Application","SourceName":"MsiInstaller","ComputerName":"DESKTOP-RB8ENUF","Data":"7b38443339353736322d453930442d343436332d413737382d3742373443383839333131347d","Sid":"S-1-5-21-3306260603-718234045-292622573-1001","Message":"Product: SIEM Agent -- Removal completed successfully.\r\n","StringInserts":["Product: SIEM Agent -- Removal completed successfully.","(NULL)","(NULL)","(NULL)","(NULL)","(NULL)",""]}
{"RecordNumber":23911,"TimeGenerated":"2025-06-25 16:01:53 +0700","TimeWritten":"2025-06-25 16:01:53 +0700","EventID":1034,"Qualifiers":0,"EventType":"Information","EventCategory":0,"Channel":"Application","SourceName":"MsiInstaller","ComputerName":"DESKTOP-RB8ENUF","Data":"7b38443339353736322d453930442d343436332d413737382d3742373443383839333131347d3030303063623835303830623736393331613733336630353239306532613637393632303030303030393034","Sid":"S-1-5-21-3306260603-718234045-292622573-1001","Message":"Windows Installer removed the product. Product Name: SIEM Agent. Product Version: 1.0.0. Product Language: 1033. Manufacturer: Default Company Name. Removal success or error status: 0.\r\n","StringInserts":["SIEM Agent","1.0.0","1033","0","Default Company Name","(NULL)",""]}
{"RecordNumber":23912,"TimeGenerated":"2025-06-25 16:01:53 +0700","TimeWritten":"2025-06-25 16:01:53 +0700","EventID":1042,"Qualifiers":0,"EventType":"Information","EventCategory":0,"Channel":"Application","SourceName":"MsiInstaller","ComputerName":"DESKTOP-RB8ENUF","Data":"","Sid":"S-1-5-18","Message":"Ending a Windows Installer transaction: {8D395762-E90D-4463-A778-7B74C8893114}. Client Process Id: 6056.\r\n","StringInserts":["{8D395762-E90D-4463-A778-7B74C8893114}","6056","(NULL)","(NULL)","(NULL)","(NULL)",""]}
{"RecordNumber":23913,"TimeGenerated":"2025-06-25 16:01:53 +0700","TimeWritten":"2025-06-25 16:01:53 +0700","EventID":10000,"Qualifiers":0,"EventType":"Information","EventCategory":0,"Channel":"Application","SourceName":"Microsoft-Windows-RestartManager","ComputerName":"DESKTOP-RB8ENUF","Data":"","Sid":"S-1-5-21-3306260603-718234045-292622573-1001","Message":"Starting session 0 - 2025-06-25T09:01:53.2853861Z.\r\n","StringInserts":["0","2025-06-25T09:01:53.2853861Z"]}
{"RecordNumber":23914,"TimeGenerated":"2025-06-25 16:01:53 +0700","TimeWritten":"2025-06-25 16:01:53 +0700","EventID":10001,"Qualifiers":0,"EventType":"Information","EventCategory":0,"Channel":"Application","SourceName":"Microsoft-Windows-RestartManager","ComputerName":"DESKTOP-RB8ENUF","Data":"","Sid":"S-1-5-21-3306260603-718234045-292622573-1001","Message":"Ending session 0 started 2025-06-25T09:01:53.2853861Z.\r\n","StringInserts":["0","2025-06-25T09:01:53.2853861Z"]}
{"RecordNumber":23915,"TimeGenerated":"2025-06-25 16:01:56 +0700","TimeWritten":"2025-06-25 16:01:56 +0700","EventID":1040,"Qualifiers":0,"EventType":"Information","EventCategory":0,"Channel":"Application","SourceName":"MsiInstaller","ComputerName":"DESKTOP-RB8ENUF","Data":"","Sid":"S-1-5-21-3306260603-718234045-292622573-1001","Message":"Beginning a Windows Installer transaction: {D05F4D32-BA5C-43DF-97C1-B386E33CEEA1}. Client Process Id: 23404.\r\n","StringInserts":["{D05F4D32-BA5C-43DF-97C1-B386E33CEEA1}","23404","(NULL)","(NULL)","(NULL)","(NULL)",""]}
{"RecordNumber":23916,"TimeGenerated":"2025-06-25 16:01:56 +0700","TimeWritten":"2025-06-25 16:01:56 +0700","EventID":8216,"Qualifiers":0,"EventType":"Information","EventCategory":0,"Channel":"Application","SourceName":"System Restore","ComputerName":"DESKTOP-RB8ENUF","Data":"0000000063020000590200000000000022ce28677c6dda79e28c1c000000000000000000","Sid":"","Message":"Skipping creation of restore point (Process = C:\\Windows\\system32\\msiexec.exe /V; Description = Removed SIEMAg) as there is a restore point avaliable which is recent enough for System Restore.\r\n","StringInserts":["C:\\Windows\\system32\\msiexec.exe /V","Removed SIEMAg"]}
{"RecordNumber":23917,"TimeGenerated":"2025-06-25 16:01:58 +0700","TimeWritten":"2025-06-25 16:01:58 +0700","EventID":11724,"Qualifiers":0,"EventType":"Information","EventCategory":0,"Channel":"Application","SourceName":"MsiInstaller","ComputerName":"DESKTOP-RB8ENUF","Data":"7b44303546344433322d424135432d343344462d393743312d4233383645333343454541317d","Sid":"S-1-5-21-3306260603-718234045-292622573-1001","Message":"Product: SIEMAg -- Removal completed successfully.\r\n","StringInserts":["Product: SIEMAg -- Removal completed successfully.","(NULL)","(NULL)","(NULL)","(NULL)","(NULL)",""]}
{"RecordNumber":23918,"TimeGenerated":"2025-06-25 16:01:58 +0700","TimeWritten":"2025-06-25 16:01:58 +0700","EventID":1034,"Qualifiers":0,"EventType":"Information","EventCategory":0,"Channel":"Application","SourceName":"MsiInstaller","ComputerName":"DESKTOP-RB8ENUF","Data":"7b44303546344433322d424135432d343344462d393743312d4233383645333343454541317d3030303062633936653837666339363764313038353538303036393832396537356637323030303030393034","Sid":"S-1-5-21-3306260603-718234045-292622573-1001","Message":"Windows Installer removed the product. Product Name: SIEMAg. Product Version: 1.0.0. Product Language: 1033. Manufacturer: Default Company Name. Removal success or error status: 0.\r\n","StringInserts":["SIEMAg","1.0.0","1033","0","Default Company Name","(NULL)",""]}
{"RecordNumber":23919,"TimeGenerated":"2025-06-25 16:01:58 +0700","TimeWritten":"2025-06-25 16:01:58 +0700","EventID":1042,"Qualifiers":0,"EventType":"Information","EventCategory":0,"Channel":"Application","SourceName":"MsiInstaller","ComputerName":"DESKTOP-RB8ENUF","Data":"","Sid":"S-1-5-18","Message":"Ending a Windows Installer transaction: {D05F4D32-BA5C-43DF-97C1-B386E33CEEA1}. Client Process Id: 23404.\r\n","StringInserts":["{D05F4D32-BA5C-43DF-97C1-B386E33CEEA1}","23404","(NULL)","(NULL)","(NULL)","(NULL)",""]}
{"RecordNumber":23920,"TimeGenerated":"2025-06-25 16:01:57 +0700","TimeWritten":"2025-06-25 16:01:57 +0700","EventID":10000,"Qualifiers":0,"EventType":"Information","EventCategory":0,"Channel":"Application","SourceName":"Microsoft-Windows-RestartManager","ComputerName":"DESKTOP-RB8ENUF","Data":"","Sid":"S-1-5-21-3306260603-718234045-292622573-1001","Message":"Starting session 0 - 2025-06-25T09:01:57.9919686Z.\r\n","StringInserts":["0","2025-06-25T09:01:57.9919686Z"]}
{"RecordNumber":23921,"TimeGenerated":"2025-06-25 16:01:58 +0700","TimeWritten":"2025-06-25 16:01:58 +0700","EventID":10001,"Qualifiers":0,"EventType":"Information","EventCategory":0,"Channel":"Application","SourceName":"Microsoft-Windows-RestartManager","ComputerName":"DESKTOP-RB8ENUF","Data":"","Sid":"S-1-5-21-3306260603-718234045-292622573-1001","Message":"Ending session 0 started 2025-06-25T09:01:57.9919686Z.\r\n","StringInserts":["0","2025-06-25T09:01:57.9919686Z"]}
{"RecordNumber":23922,"TimeGenerated":"2025-06-25 16:02:03 +0700","TimeWritten":"2025-06-25 16:02:03 +0700","EventID":1040,"Qualifiers":0,"EventType":"Information","EventCategory":0,"Channel":"Application","SourceName":"MsiInstaller","ComputerName":"DESKTOP-RB8ENUF","Data":"","Sid":"S-1-5-21-3306260603-718234045-292622573-1001","Message":"Beginning a Windows Installer transaction: F:\\Code\\SIEM Agent\\Debug\\SIEM Agent.msi. Client Process Id: 15784.\r\n","StringInserts":["F:\\Code\\SIEM Agent\\Debug\\SIEM Agent.msi","15784","(NULL)","(NULL)","(NULL)","(NULL)",""]}
{"RecordNumber":23923,"TimeGenerated":"2025-06-25 16:02:03 +0700","TimeWritten":"2025-06-25 16:02:03 +0700","EventID":8216,"Qualifiers":0,"EventType":"Information","EventCategory":0,"Channel":"Application","SourceName":"System Restore","ComputerName":"DESKTOP-RB8ENUF","Data":"0000000063020000590200000000000022ce28677c6dda79e28c1c000000000000000000","Sid":"","Message":"Skipping creation of restore point (Process = C:\\Windows\\system32\\msiexec.exe /V; Description = Installed SIEM Agent) as there is a restore point avaliable which is recent enough for System Restore.\r\n","StringInserts":["C:\\Windows\\system32\\msiexec.exe /V","Installed SIEM Agent"]}
{"RecordNumber":23924,"TimeGenerated":"2025-06-25 16:02:04 +0700","TimeWritten":"2025-06-25 16:02:04 +0700","EventID":10000,"Qualifiers":0,"EventType":"Information","EventCategory":0,"Channel":"Application","SourceName":"Microsoft-Windows-RestartManager","ComputerName":"DESKTOP-RB8ENUF","Data":"","Sid":"S-1-5-21-3306260603-718234045-292622573-1001","Message":"Starting session 0 - 2025-06-25T09:02:04.9152206Z.\r\n","StringInserts":["0","2025-06-25T09:02:04.9152206Z"]}
{"RecordNumber":23925,"TimeGenerated":"2025-06-25 16:02:06 +0700","TimeWritten":"2025-06-25 16:02:06 +0700","EventID":1042,"Qualifiers":0,"EventType":"Information","EventCategory":0,"Channel":"Application","SourceName":"MsiInstaller","ComputerName":"DESKTOP-RB8ENUF","Data":"","Sid":"S-1-5-18","Message":"Ending a Windows Installer transaction: F:\\Code\\SIEM Agent\\Debug\\SIEM Agent.msi. Client Process Id: 15784.\r\n","StringInserts":["F:\\Code\\SIEM Agent\\Debug\\SIEM Agent.msi","15784","(NULL)","(NULL)","(NULL)","(NULL)",""]}
{"RecordNumber":23926,"TimeGenerated":"2025-06-25 16:02:06 +0700","TimeWritten":"2025-06-25 16:02:06 +0700","EventID":10001,"Qualifiers":0,"EventType":"Information","EventCategory":0,"Channel":"Application","SourceName":"Microsoft-Windows-RestartManager","ComputerName":"DESKTOP-RB8ENUF","Data":"","Sid":"S-1-5-21-3306260603-718234045-292622573-1001","Message":"Ending session 0 started 2025-06-25T09:02:04.9152206Z.\r\n","StringInserts":["0","2025-06-25T09:02:04.9152206Z"]}
{"RecordNumber":23927,"TimeGenerated":"2025-06-25 16:02:07 +0700","TimeWritten":"2025-06-25 16:02:07 +0700","EventID":11707,"Qualifiers":0,"EventType":"Information","EventCategory":0,"Channel":"Application","SourceName":"MsiInstaller","ComputerName":"DESKTOP-RB8ENUF","Data":"7b38443339353736322d453930442d343436332d413737382d3742373443383839333131347d","Sid":"S-1-5-21-3306260603-718234045-292622573-1001","Message":"Product: SIEM Agent -- Installation completed successfully.\r\n","StringInserts":["Product: SIEM Agent -- Installation completed successfully.","(NULL)","(NULL)","(NULL)","(NULL)","(NULL)",""]}
{"RecordNumber":23928,"TimeGenerated":"2025-06-25 16:02:07 +0700","TimeWritten":"2025-06-25 16:02:07 +0700","EventID":1033,"Qualifiers":0,"EventType":"Information","EventCategory":0,"Channel":"Application","SourceName":"MsiInstaller","ComputerName":"DESKTOP-RB8ENUF","Data":"7b38443339353736322d453930442d343436332d413737382d3742373443383839333131347d3030303063623835303830623736393331613733336630353239306532613637393632303030303030393034","Sid":"S-1-5-21-3306260603-718234045-292622573-1001","Message":"Windows Installer installed the product. Product Name: SIEM Agent. Product Version: 1.0.0. Product Language: 1033. Manufacturer: Default Company Name. Installation success or error status: 0.\r\n","StringInserts":["SIEM Agent","1.0.0","1033","0","Default Company Name","(NULL)",""]}
{"RecordNumber":23929,"TimeGenerated":"2025-06-25 16:05:03 +0700","TimeWritten":"2025-06-25 16:05:03 +0700","EventID":8224,"Qualifiers":0,"EventType":"Information","EventCategory":0,"Channel":"Application","SourceName":"VSS","ComputerName":"DESKTOP-RB8ENUF","Data":"2d20436f64653a2020434f525356434330303030303737342d2043616c6c3a2020434f525356434330303030303735362d205049443a202030303030373536302d205449443a202030303032323939362d20434d443a2020433a5c57696e646f77735c73797374656d33325c76737376632e6578652020202d20557365723a204e616d653a204e5420415554484f524954595c53595354454d2c205349443a532d312d352d313820","Sid":"","Message":"The VSS service is shutting down due to idle timeout.\r\n\r\n","StringInserts":[""]}
{"RecordNumber":23930,"TimeGenerated":"2025-06-25 16:19:09 +0700","TimeWritten":"2025-06-25 16:19:09 +0700","EventID":16394,"Qualifiers":49152,"EventType":"Information","EventCategory":0,"Channel":"Application","SourceName":"Software Protection Platform Service","ComputerName":"DESKTOP-RB8ENUF","Data":"","Sid":"","Message":"Offline downlevel migration succeeded.\r\n","StringInserts":[]}
{"RecordNumber":23931,"TimeGenerated":"2025-06-25 16:19:11 +0700","TimeWritten":"2025-06-25 16:19:11 +0700","EventID":8230,"Qualifiers":16384,"EventType":"Information","EventCategory":0,"Channel":"Application","SourceName":"Software Protection Platform Service","ComputerName":"DESKTOP-RB8ENUF","Data":"","Sid":"","Message":"The rules engine successfully re-evaluated the schedule.\r\nKernel policies:\r\nSecurity-SPP-Action-StateData (REG_SZ) =AppId=55c92734-d682-4d71-983e-d6ec3f16059f;GraceEndDate=2025/12/22:06:43:10;LastConsumptionReason=0x00000000;LastNotificationId=Cleanup;LicenseState=SL_LICENSING_STATUS_LICENSED;PartialProductKey=T83GX;ProductKeyType=Volume:GVLK;SkuId=2de67392-b7a7-462a-b1ca-108dd189f588;ruleId=379cccfb-d4e0-48fe-b0f2-0136097be147;uxDifferentiator=ENVIRONMENT;volumeActivationOrder=normal\r\n","StringInserts":["Security-SPP-Action-StateData (REG_SZ) =AppId=55c92734-d682-4d71-983e-d6ec3f16059f;GraceEndDate=2025/12/22:06:43:10;LastConsumptionReason=0x00000000;LastNotificationId=Cleanup;LicenseState=SL_LICENSING_STATUS_LICENSED;PartialProductKey=T83GX;ProductKeyType=Volume:GVLK;SkuId=2de67392-b7a7-462a-b1ca-108dd189f588;ruleId=379cccfb-d4e0-48fe-b0f2-0136097be147;uxDifferentiator=ENVIRONMENT;volumeActivationOrder=normal"]}
{"RecordNumber":23932,"TimeGenerated":"2025-06-25 16:20:12 +0700","TimeWritten":"2025-06-25 16:20:12 +0700","EventID":8230,"Qualifiers":16384,"EventType":"Information","EventCategory":0,"Channel":"Application","SourceName":"Software Protection Platform Service","ComputerName":"DESKTOP-RB8ENUF","Data":"","Sid":"","Message":"The rules engine successfully re-evaluated the schedule.\r\nKernel policies:\r\nSecurity-SPP-Action-StateData (REG_SZ) =AppId=55c92734-d682-4d71-983e-d6ec3f16059f;GraceEndDate=2025/12/22:06:43:11;LastConsumptionReason=0x00000000;LastNotificationId=Cleanup;LicenseState=SL_LICENSING_STATUS_LICENSED;PartialProductKey=T83GX;ProductKeyType=Volume:GVLK;SkuId=2de67392-b7a7-462a-b1ca-108dd189f588;ruleId=379cccfb-d4e0-48fe-b0f2-0136097be147;uxDifferentiator=ENVIRONMENT;volumeActivationOrder=normal\r\n","StringInserts":["Security-SPP-Action-StateData (REG_SZ) =AppId=55c92734-d682-4d71-983e-d6ec3f16059f;GraceEndDate=2025/12/22:06:43:11;LastConsumptionReason=0x00000000;LastNotificationId=Cleanup;LicenseState=SL_LICENSING_STATUS_LICENSED;PartialProductKey=T83GX;ProductKeyType=Volume:GVLK;SkuId=2de67392-b7a7-462a-b1ca-108dd189f588;ruleId=379cccfb-d4e0-48fe-b0f2-0136097be147;uxDifferentiator=ENVIRONMENT;volumeActivationOrder=normal"]}
