{"RecordNumber":23933,"TimeGenerated":"2025-06-25 16:20:18 +0700","TimeWritten":"2025-06-25 16:20:18 +0700","EventID":12288,"Qualifiers":16384,"EventType":"Information","EventCategory":0,"Channel":"Application","SourceName":"Software Protection Platform Service","ComputerName":"DESKTOP-RB8ENUF","Data":"000006001520fa1340d473ea703678ab534a4b1008dff75e32071c981190433706401cd9bbff4079c93ec6334e84406ccd7d3db251032caa1ff64a8a8851b010c3ad6cfa84b4add4ab40ff47d449bd390723780ad0e844dca29df25167e678470ee3afbd18a81a2249d862e02bc55bb85eedf1ecde639de6209ed221642a17c75cc87e5f4597b5092ec3ba90dcce714555daaffc75ba774cf0e5d629e7fac70b2d9433be3db31d3844d9f36c92037e077c390062355472b4564602f3bae940f87f4d04cab3c74e9e56d39797d23357515eaf5f4080f7b4f6fb3084be9ce0d7e0de6e7642506ae88f7c4e100870e965e748d6b88c2f0add6d1008b7aab5cb9afa32c58527","Sid":"","Message":"The client has sent an activation request to the key management service machine.\r\nInfo:\r\n0x00000000, 0x00000000, 70.37.61.117:1688, 027b3fcb-307b-4034-99b1-ea592ddb80f7, 2025/06/25 09:20, 0, 1, 249120, 85dd8b5f-eaa4-4af3-a628-cce9e77c9a03, 5\r\n","StringInserts":["0x00000000, 0x00000000, 70.37.61.117:1688, 027b3fcb-307b-4034-99b1-ea592ddb80f7, 2025/06/25 09:20, 0, 1, 249120, 85dd8b5f-eaa4-4af3-a628-cce9e77c9a03, 5"]}
{"RecordNumber":23934,"TimeGenerated":"2025-06-25 16:20:18 +0700","TimeWritten":"2025-06-25 16:20:18 +0700","EventID":12289,"Qualifiers":16384,"EventType":"Information","EventCategory":0,"Channel":"Application","SourceName":"Software Protection Platform Service","ComputerName":"DESKTOP-RB8ENUF","Data":"00000600c4b4fc5ad8d49768ec4cc23e15bb1cf7e7867df86223513937af20926dc8a0ce1834d32bf87b08eeeb10bed4ded8b644d19b2ffaafe44db56ac5457bce0554c23854726f7e9f66c2f687ec3f2264205765f435c36893784ca7613c5eee7fd7e414a6e2420b94b1ab47c19996a0eb5762133b3351251ab99a32d77b5e284ecb51efb9b18895a60557fbb3fc7c1c18caa80d96db5619799d8c269a3950f063d10a2dd84bdbf33d6fb4f66d461db295158abf460f269dcc489d0691e4d327999d70d76c746c89ee1f1bbd6f528f81d418bec29dc9451cbfd3775cae1108b4240b812e01528a410feef4ed55024b87e7d1ca34df1b5c298bc9e512b84ade4742e56b","Sid":"","Message":"The client has processed an activation response from the key management service machine.\r\nInfo:\r\n0x00000000, 0x00000000, 1, 0, 10, 120, 10080, 2025/06/25 09:20\r\n","StringInserts":["0x00000000, 0x00000000, 1, 0, 10, 120, 10080, 2025/06/25 09:20"]}
{"RecordNumber":23935,"TimeGenerated":"2025-06-25 16:20:49 +0700","TimeWritten":"2025-06-25 16:20:49 +0700","EventID":16384,"Qualifiers":16384,"EventType":"Information","EventCategory":0,"Channel":"Application","SourceName":"Software Protection Platform Service","ComputerName":"DESKTOP-RB8ENUF","Data":"","Sid":"","Message":"Successfully scheduled Software Protection service for re-start at 2025-07-02T06:42:49Z. Reason: RulesEngine.\r\n","StringInserts":["2025-07-02T06:42:49Z","RulesEngine"]}
{"RecordNumber":23936,"TimeGenerated":"2025-06-25 16:26:47 +0700","TimeWritten":"2025-06-25 16:26:47 +0700","EventID":16394,"Qualifiers":49152,"EventType":"Information","EventCategory":0,"Channel":"Application","SourceName":"Software Protection Platform Service","ComputerName":"DESKTOP-RB8ENUF","Data":"","Sid":"","Message":"Offline downlevel migration succeeded.\r\n","StringInserts":[]}
{"RecordNumber":23937,"TimeGenerated":"2025-06-25 16:26:48 +0700","TimeWritten":"2025-06-25 16:26:48 +0700","EventID":15,"Qualifiers":0,"EventType":"Information","EventCategory":0,"Channel":"Application","SourceName":"SecurityCenter","ComputerName":"DESKTOP-RB8ENUF","Data":"","Sid":"","Message":"Updated Windows Defender status successfully to SECURITY_PRODUCT_STATE_ON.\r\n","StringInserts":["Windows Defender","SECURITY_PRODUCT_STATE_ON"]}
{"RecordNumber":23938,"TimeGenerated":"2025-06-25 16:26:50 +0700","TimeWritten":"2025-06-25 16:26:50 +0700","EventID":15,"Qualifiers":0,"EventType":"Information","EventCategory":0,"Channel":"Application","SourceName":"SecurityCenter","ComputerName":"DESKTOP-RB8ENUF","Data":"","Sid":"","Message":"Updated Windows Defender status successfully to SECURITY_PRODUCT_STATE_ON.\r\n","StringInserts":["Windows Defender","SECURITY_PRODUCT_STATE_ON"]}
{"RecordNumber":23939,"TimeGenerated":"2025-06-25 16:27:17 +0700","TimeWritten":"2025-06-25 16:27:17 +0700","EventID":16384,"Qualifiers":16384,"EventType":"Information","EventCategory":0,"Channel":"Application","SourceName":"Software Protection Platform Service","ComputerName":"DESKTOP-RB8ENUF","Data":"","Sid":"","Message":"Successfully scheduled Software Protection service for re-start at 2025-07-02T06:42:17Z. Reason: RulesEngine.\r\n","StringInserts":["2025-07-02T06:42:17Z","RulesEngine"]}
{"RecordNumber":23940,"TimeGenerated":"2025-06-25 16:47:34 +0700","TimeWritten":"2025-06-25 16:47:34 +0700","EventID":3000,"Qualifiers":16384,"EventType":"Information","EventCategory":0,"Channel":"Application","SourceName":"Process Exit Monitor","ComputerName":"DESKTOP-RB8ENUF","Data":"","Sid":"S-1-5-21-3306260603-718234045-292622573-1001","Message":"The process 'C:\\Program Files\\Microsoft Office\\root\\Office16\\WINWORD.EXE' exited with exit code 0. The creation time for the exiting process was 0x01dbe5b62c35d813.\r\n","StringInserts":["C:\\Program Files\\Microsoft Office\\root\\Office16\\WINWORD.EXE","0","01dbe5b62c35d813"]}
{"RecordNumber":23941,"TimeGenerated":"2025-06-25 17:03:04 +0700","TimeWritten":"2025-06-25 17:03:04 +0700","EventID":1001,"Qualifiers":0,"EventType":"Information","EventCategory":0,"Channel":"Application","SourceName":"Windows Error Reporting","ComputerName":"DESKTOP-RB8ENUF","Data":"","Sid":"","Message":"Fault bucket 2111525315961788241, type 5\r\nEvent Name: PerfWatsonVS12Data\r\nResponse: Not available\r\nCab Id: 1291297907276895891\r\n\r\nProblem signature:\r\nP1: PerfWatsonTcdb\r\nP2: 0\r\nP3: 0\r\nP4: 0\r\nP5: 0\r\nP6: \r\nP7: \r\nP8: \r\nP9: \r\nP10: \r\n\r\nAttached files:\r\n\\\\?\\C:\\Users\\Admin\\AppData\\Local\\Temp\\VSTelem.Out\\202506251002_d17.13_17.13.35825.156_26324_9f46fd0f-6e89-4d8d-9152-38912433813b.tcdb\r\n\\\\?\\C:\\ProgramData\\Microsoft\\Windows\\WER\\Temp\\WERF59D.tmp.WERInternalMetadata.xml\r\n\\\\?\\C:\\ProgramData\\Microsoft\\Windows\\WER\\Temp\\WERF80F.tmp.xml\r\n\\\\?\\C:\\ProgramData\\Microsoft\\Windows\\WER\\Temp\\WERF80E.tmp.csv\r\n\\\\?\\C:\\ProgramData\\Microsoft\\Windows\\WER\\Temp\\WERF82E.tmp.txt\r\n\\\\?\\C:\\Users\\Admin\\AppData\\Local\\Temp\\WER9C3.tmp.WERDataCollectionStatus.txt\r\n\r\nThese files may be available here:\r\n\\\\?\\C:\\ProgramData\\Microsoft\\Windows\\WER\\ReportArchive\\NonCritical_PerfWatsonTcdb_688f135dd185f2a8133a474a2518efc6ce6cc4a_00000000_cab_065f3a71-752f-4c60-b0c2-e80dfa9ee6d9\r\n\r\nAnalysis symbol: \r\nRechecking for solution: 0\r\nReport Id: 065f3a71-752f-4c60-b0c2-e80dfa9ee6d9\r\nReport Status: 268435464\r\nHashed bucket: fb30d2b9a7acf0305d4da51668259751\r\nCab Guid: ba0da9d5-9290-4f18-a1eb-9c9ae671d693\r\n","StringInserts":["2111525315961788241","5","PerfWatsonVS12Data","Not available","1291297907276895891","PerfWatsonTcdb","0","0","0","0","","","","","","\r\n\\\\?\\C:\\Users\\Admin\\AppData\\Local\\Temp\\VSTelem.Out\\202506251002_d17.13_17.13.35825.156_26324_9f46fd0f-6e89-4d8d-9152-38912433813b.tcdb\r\n\\\\?\\C:\\ProgramData\\Microsoft\\Windows\\WER\\Temp\\WERF59D.tmp.WERInternalMetadata.xml\r\n\\\\?\\C:\\ProgramData\\Microsoft\\Windows\\WER\\Temp\\WERF80F.tmp.xml\r\n\\\\?\\C:\\ProgramData\\Microsoft\\Windows\\WER\\Temp\\WERF80E.tmp.csv\r\n\\\\?\\C:\\ProgramData\\Microsoft\\Windows\\WER\\Temp\\WERF82E.tmp.txt\r\n\\\\?\\C:\\Users\\Admin\\AppData\\Local\\Temp\\WER9C3.tmp.WERDataCollectionStatus.txt","\\\\?\\C:\\ProgramData\\Microsoft\\Windows\\WER\\ReportArchive\\NonCritical_PerfWatsonTcdb_688f135dd185f2a8133a474a2518efc6ce6cc4a_00000000_cab_065f3a71-752f-4c60-b0c2-e80dfa9ee6d9","","0","065f3a71-752f-4c60-b0c2-e80dfa9ee6d9","268435464","fb30d2b9a7acf0305d4da51668259751","ba0da9d5-9290-4f18-a1eb-9c9ae671d693"]}
{"RecordNumber":23942,"TimeGenerated":"2025-06-25 17:32:14 +0700","TimeWritten":"2025-06-25 17:32:14 +0700","EventID":0,"Qualifiers":0,"EventType":"Information","EventCategory":0,"Channel":"Application","SourceName":"coccoc","ComputerName":"DESKTOP-RB8ENUF","Data":"","Sid":"","Message":"","StringInserts":["Service stopped"]}
{"RecordNumber":23943,"TimeGenerated":"2025-06-25 17:32:58 +0700","TimeWritten":"2025-06-25 17:32:58 +0700","EventID":16394,"Qualifiers":49152,"EventType":"Information","EventCategory":0,"Channel":"Application","SourceName":"Software Protection Platform Service","ComputerName":"DESKTOP-RB8ENUF","Data":"","Sid":"","Message":"Offline downlevel migration succeeded.\r\n","StringInserts":[]}
{"RecordNumber":23944,"TimeGenerated":"2025-06-25 17:33:11 +0700","TimeWritten":"2025-06-25 17:33:11 +0700","EventID":15,"Qualifiers":0,"EventType":"Information","EventCategory":0,"Channel":"Application","SourceName":"SecurityCenter","ComputerName":"DESKTOP-RB8ENUF","Data":"","Sid":"","Message":"Updated Windows Defender status successfully to SECURITY_PRODUCT_STATE_ON.\r\n","StringInserts":["Windows Defender","SECURITY_PRODUCT_STATE_ON"]}
{"RecordNumber":23945,"TimeGenerated":"2025-06-25 17:33:13 +0700","TimeWritten":"2025-06-25 17:33:13 +0700","EventID":15,"Qualifiers":0,"EventType":"Information","EventCategory":0,"Channel":"Application","SourceName":"SecurityCenter","ComputerName":"DESKTOP-RB8ENUF","Data":"","Sid":"","Message":"Updated Windows Defender status successfully to SECURITY_PRODUCT_STATE_ON.\r\n","StringInserts":["Windows Defender","SECURITY_PRODUCT_STATE_ON"]}
{"RecordNumber":23946,"TimeGenerated":"2025-06-25 17:33:18 +0700","TimeWritten":"2025-06-25 17:33:18 +0700","EventID":15,"Qualifiers":0,"EventType":"Information","EventCategory":0,"Channel":"Application","SourceName":"SecurityCenter","ComputerName":"DESKTOP-RB8ENUF","Data":"","Sid":"","Message":"Updated Windows Defender status successfully to SECURITY_PRODUCT_STATE_ON.\r\n","StringInserts":["Windows Defender","SECURITY_PRODUCT_STATE_ON"]}
{"RecordNumber":23947,"TimeGenerated":"2025-06-25 17:33:39 +0700","TimeWritten":"2025-06-25 17:33:39 +0700","EventID":16384,"Qualifiers":16384,"EventType":"Information","EventCategory":0,"Channel":"Application","SourceName":"Software Protection Platform Service","ComputerName":"DESKTOP-RB8ENUF","Data":"","Sid":"","Message":"Successfully scheduled Software Protection service for re-start at 2025-07-02T06:42:39Z. Reason: RulesEngine.\r\n","StringInserts":["2025-07-02T06:42:39Z","RulesEngine"]}
{"RecordNumber":23948,"TimeGenerated":"2025-06-25 18:26:25 +0700","TimeWritten":"2025-06-25 18:26:25 +0700","EventID":0,"Qualifiers":0,"EventType":"Information","EventCategory":0,"Channel":"Application","SourceName":"edgeupdate","ComputerName":"DESKTOP-RB8ENUF","Data":"","Sid":"","Message":"Service stopped.\r\n","StringInserts":["Service stopped"]}
{"RecordNumber":23949,"TimeGenerated":"2025-06-25 18:26:56 +0700","TimeWritten":"2025-06-25 18:26:56 +0700","EventID":16394,"Qualifiers":49152,"EventType":"Information","EventCategory":0,"Channel":"Application","SourceName":"Software Protection Platform Service","ComputerName":"DESKTOP-RB8ENUF","Data":"","Sid":"","Message":"Offline downlevel migration succeeded.\r\n","StringInserts":[]}
{"RecordNumber":23950,"TimeGenerated":"2025-06-25 18:27:27 +0700","TimeWritten":"2025-06-25 18:27:27 +0700","EventID":16384,"Qualifiers":16384,"EventType":"Information","EventCategory":0,"Channel":"Application","SourceName":"Software Protection Platform Service","ComputerName":"DESKTOP-RB8ENUF","Data":"","Sid":"","Message":"Successfully scheduled Software Protection service for re-start at 2025-07-02T06:42:27Z. Reason: RulesEngine.\r\n","StringInserts":["2025-07-02T06:42:27Z","RulesEngine"]}
{"RecordNumber":23951,"TimeGenerated":"2025-06-25 19:07:29 +0700","TimeWritten":"2025-06-25 19:07:29 +0700","EventID":16394,"Qualifiers":49152,"EventType":"Information","EventCategory":0,"Channel":"Application","SourceName":"Software Protection Platform Service","ComputerName":"DESKTOP-RB8ENUF","Data":"","Sid":"","Message":"Offline downlevel migration succeeded.\r\n","StringInserts":[]}
{"RecordNumber":23952,"TimeGenerated":"2025-06-25 19:08:55 +0700","TimeWritten":"2025-06-25 19:08:55 +0700","EventID":16384,"Qualifiers":16384,"EventType":"Information","EventCategory":0,"Channel":"Application","SourceName":"Software Protection Platform Service","ComputerName":"DESKTOP-RB8ENUF","Data":"","Sid":"","Message":"Successfully scheduled Software Protection service for re-start at 2025-07-02T06:42:55Z. Reason: RulesEngine.\r\n","StringInserts":["2025-07-02T06:42:55Z","RulesEngine"]}
{"RecordNumber":23953,"TimeGenerated":"2025-06-25 19:36:44 +0700","TimeWritten":"2025-06-25 19:36:44 +0700","EventID":16394,"Qualifiers":49152,"EventType":"Information","EventCategory":0,"Channel":"Application","SourceName":"Software Protection Platform Service","ComputerName":"DESKTOP-RB8ENUF","Data":"","Sid":"","Message":"Offline downlevel migration succeeded.\r\n","StringInserts":[]}
{"RecordNumber":23954,"TimeGenerated":"2025-06-25 19:37:14 +0700","TimeWritten":"2025-06-25 19:37:14 +0700","EventID":16384,"Qualifiers":16384,"EventType":"Information","EventCategory":0,"Channel":"Application","SourceName":"Software Protection Platform Service","ComputerName":"DESKTOP-RB8ENUF","Data":"","Sid":"","Message":"Successfully scheduled Software Protection service for re-start at 2025-07-02T06:42:14Z. Reason: RulesEngine.\r\n","StringInserts":["2025-07-02T06:42:14Z","RulesEngine"]}
{"RecordNumber":23955,"TimeGenerated":"2025-06-25 21:35:45 +0700","TimeWritten":"2025-06-25 21:35:45 +0700","EventID":16394,"Qualifiers":49152,"EventType":"Information","EventCategory":0,"Channel":"Application","SourceName":"Software Protection Platform Service","ComputerName":"DESKTOP-RB8ENUF","Data":"","Sid":"","Message":"Offline downlevel migration succeeded.\r\n","StringInserts":[]}
{"RecordNumber":23956,"TimeGenerated":"2025-06-25 21:36:17 +0700","TimeWritten":"2025-06-25 21:36:17 +0700","EventID":16384,"Qualifiers":16384,"EventType":"Information","EventCategory":0,"Channel":"Application","SourceName":"Software Protection Platform Service","ComputerName":"DESKTOP-RB8ENUF","Data":"","Sid":"","Message":"Successfully scheduled Software Protection service for re-start at 2025-07-02T06:42:17Z. Reason: RulesEngine.\r\n","StringInserts":["2025-07-02T06:42:17Z","RulesEngine"]}
{"RecordNumber":23957,"TimeGenerated":"2025-06-25 23:04:01 +0700","TimeWritten":"2025-06-25 23:04:01 +0700","EventID":16394,"Qualifiers":49152,"EventType":"Information","EventCategory":0,"Channel":"Application","SourceName":"Software Protection Platform Service","ComputerName":"DESKTOP-RB8ENUF","Data":"","Sid":"","Message":"Offline downlevel migration succeeded.\r\n","StringInserts":[]}
{"RecordNumber":23958,"TimeGenerated":"2025-06-25 23:04:32 +0700","TimeWritten":"2025-06-25 23:04:32 +0700","EventID":16384,"Qualifiers":16384,"EventType":"Information","EventCategory":0,"Channel":"Application","SourceName":"Software Protection Platform Service","ComputerName":"DESKTOP-RB8ENUF","Data":"","Sid":"","Message":"Successfully scheduled Software Protection service for re-start at 2025-07-02T06:42:32Z. Reason: RulesEngine.\r\n","StringInserts":["2025-07-02T06:42:32Z","RulesEngine"]}
{"RecordNumber":23959,"TimeGenerated":"2025-06-25 23:18:02 +0700","TimeWritten":"2025-06-25 23:18:02 +0700","EventID":16394,"Qualifiers":49152,"EventType":"Information","EventCategory":0,"Channel":"Application","SourceName":"Software Protection Platform Service","ComputerName":"DESKTOP-RB8ENUF","Data":"","Sid":"","Message":"Offline downlevel migration succeeded.\r\n","StringInserts":[]}
{"RecordNumber":23960,"TimeGenerated":"2025-06-25 23:18:32 +0700","TimeWritten":"2025-06-25 23:18:32 +0700","EventID":16384,"Qualifiers":16384,"EventType":"Information","EventCategory":0,"Channel":"Application","SourceName":"Software Protection Platform Service","ComputerName":"DESKTOP-RB8ENUF","Data":"","Sid":"","Message":"Successfully scheduled Software Protection service for re-start at 2025-07-02T06:42:32Z. Reason: RulesEngine.\r\n","StringInserts":["2025-07-02T06:42:32Z","RulesEngine"]}
{"RecordNumber":23961,"TimeGenerated":"2025-06-25 23:32:26 +0700","TimeWritten":"2025-06-25 23:32:26 +0700","EventID":0,"Qualifiers":0,"EventType":"Information","EventCategory":0,"Channel":"Application","SourceName":"coccoc","ComputerName":"DESKTOP-RB8ENUF","Data":"","Sid":"","Message":"","StringInserts":["Service stopped"]}
{"RecordNumber":23962,"TimeGenerated":"2025-06-26 00:42:27 +0700","TimeWritten":"2025-06-26 00:42:27 +0700","EventID":16394,"Qualifiers":49152,"EventType":"Information","EventCategory":0,"Channel":"Application","SourceName":"Software Protection Platform Service","ComputerName":"DESKTOP-RB8ENUF","Data":"","Sid":"","Message":"Offline downlevel migration succeeded.\r\n","StringInserts":[]}
{"RecordNumber":23963,"TimeGenerated":"2025-06-26 00:43:00 +0700","TimeWritten":"2025-06-26 00:43:00 +0700","EventID":16384,"Qualifiers":16384,"EventType":"Information","EventCategory":0,"Channel":"Application","SourceName":"Software Protection Platform Service","ComputerName":"DESKTOP-RB8ENUF","Data":"","Sid":"","Message":"Successfully scheduled Software Protection service for re-start at 2025-07-02T06:43:00Z. Reason: RulesEngine.\r\n","StringInserts":["2025-07-02T06:43:00Z","RulesEngine"]}
{"RecordNumber":23964,"TimeGenerated":"2025-06-26 01:22:51 +0700","TimeWritten":"2025-06-26 01:22:51 +0700","EventID":16394,"Qualifiers":49152,"EventType":"Information","EventCategory":0,"Channel":"Application","SourceName":"Software Protection Platform Service","ComputerName":"DESKTOP-RB8ENUF","Data":"","Sid":"","Message":"Offline downlevel migration succeeded.\r\n","StringInserts":[]}
{"RecordNumber":23965,"TimeGenerated":"2025-06-26 01:23:34 +0700","TimeWritten":"2025-06-26 01:23:34 +0700","EventID":16384,"Qualifiers":16384,"EventType":"Information","EventCategory":0,"Channel":"Application","SourceName":"Software Protection Platform Service","ComputerName":"DESKTOP-RB8ENUF","Data":"","Sid":"","Message":"Successfully scheduled Software Protection service for re-start at 2025-07-02T06:42:34Z. Reason: RulesEngine.\r\n","StringInserts":["2025-07-02T06:42:34Z","RulesEngine"]}
{"RecordNumber":23966,"TimeGenerated":"2025-06-26 01:26:29 +0700","TimeWritten":"2025-06-26 01:26:29 +0700","EventID":8224,"Qualifiers":0,"EventType":"Information","EventCategory":0,"Channel":"Application","SourceName":"VSS","ComputerName":"DESKTOP-RB8ENUF","Data":"2d20436f64653a2020434f525356434330303030303737342d2043616c6c3a2020434f525356434330303030303735362d205049443a202030303031343333322d205449443a202030303032303932342d20434d443a2020433a5c57696e646f77735c73797374656d33325c76737376632e6578652020202d20557365723a204e616d653a204e5420415554484f524954595c53595354454d2c205349443a532d312d352d313820","Sid":"","Message":"The VSS service is shutting down due to idle timeout.\r\n\r\n","StringInserts":[""]}
{"RecordNumber":23967,"TimeGenerated":"2025-06-26 02:04:54 +0700","TimeWritten":"2025-06-26 02:04:54 +0700","EventID":16394,"Qualifiers":49152,"EventType":"Information","EventCategory":0,"Channel":"Application","SourceName":"Software Protection Platform Service","ComputerName":"DESKTOP-RB8ENUF","Data":"","Sid":"","Message":"Offline downlevel migration succeeded.\r\n","StringInserts":[]}
{"RecordNumber":23968,"TimeGenerated":"2025-06-26 02:05:24 +0700","TimeWritten":"2025-06-26 02:05:24 +0700","EventID":16384,"Qualifiers":16384,"EventType":"Information","EventCategory":0,"Channel":"Application","SourceName":"Software Protection Platform Service","ComputerName":"DESKTOP-RB8ENUF","Data":"","Sid":"","Message":"Successfully scheduled Software Protection service for re-start at 2025-07-02T06:42:24Z. Reason: RulesEngine.\r\n","StringInserts":["2025-07-02T06:42:24Z","RulesEngine"]}
{"RecordNumber":23969,"TimeGenerated":"2025-06-26 03:12:24 +0700","TimeWritten":"2025-06-26 03:12:24 +0700","EventID":16394,"Qualifiers":49152,"EventType":"Information","EventCategory":0,"Channel":"Application","SourceName":"Software Protection Platform Service","ComputerName":"DESKTOP-RB8ENUF","Data":"","Sid":"","Message":"Offline downlevel migration succeeded.\r\n","StringInserts":[]}
{"RecordNumber":23970,"TimeGenerated":"2025-06-26 03:12:56 +0700","TimeWritten":"2025-06-26 03:12:56 +0700","EventID":16384,"Qualifiers":16384,"EventType":"Information","EventCategory":0,"Channel":"Application","SourceName":"Software Protection Platform Service","ComputerName":"DESKTOP-RB8ENUF","Data":"","Sid":"","Message":"Successfully scheduled Software Protection service for re-start at 2025-07-02T06:42:56Z. Reason: RulesEngine.\r\n","StringInserts":["2025-07-02T06:42:56Z","RulesEngine"]}
{"RecordNumber":23971,"TimeGenerated":"2025-06-26 04:25:20 +0700","TimeWritten":"2025-06-26 04:25:20 +0700","EventID":16394,"Qualifiers":49152,"EventType":"Information","EventCategory":0,"Channel":"Application","SourceName":"Software Protection Platform Service","ComputerName":"DESKTOP-RB8ENUF","Data":"","Sid":"","Message":"Offline downlevel migration succeeded.\r\n","StringInserts":[]}
{"RecordNumber":23972,"TimeGenerated":"2025-06-26 04:25:51 +0700","TimeWritten":"2025-06-26 04:25:51 +0700","EventID":16384,"Qualifiers":16384,"EventType":"Information","EventCategory":0,"Channel":"Application","SourceName":"Software Protection Platform Service","ComputerName":"DESKTOP-RB8ENUF","Data":"","Sid":"","Message":"Successfully scheduled Software Protection service for re-start at 2025-07-02T06:42:51Z. Reason: RulesEngine.\r\n","StringInserts":["2025-07-02T06:42:51Z","RulesEngine"]}
{"RecordNumber":23973,"TimeGenerated":"2025-06-26 04:26:40 +0700","TimeWritten":"2025-06-26 04:26:40 +0700","EventID":16394,"Qualifiers":49152,"EventType":"Information","EventCategory":0,"Channel":"Application","SourceName":"Software Protection Platform Service","ComputerName":"DESKTOP-RB8ENUF","Data":"","Sid":"","Message":"Offline downlevel migration succeeded.\r\n","StringInserts":[]}
{"RecordNumber":23974,"TimeGenerated":"2025-06-26 04:27:10 +0700","TimeWritten":"2025-06-26 04:27:10 +0700","EventID":16384,"Qualifiers":16384,"EventType":"Information","EventCategory":0,"Channel":"Application","SourceName":"Software Protection Platform Service","ComputerName":"DESKTOP-RB8ENUF","Data":"","Sid":"","Message":"Successfully scheduled Software Protection service for re-start at 2025-07-02T06:43:10Z. Reason: RulesEngine.\r\n","StringInserts":["2025-07-02T06:43:10Z","RulesEngine"]}
{"RecordNumber":23975,"TimeGenerated":"2025-06-26 04:32:48 +0700","TimeWritten":"2025-06-26 04:32:48 +0700","EventID":0,"Qualifiers":0,"EventType":"Information","EventCategory":0,"Channel":"Application","SourceName":"coccoc","ComputerName":"DESKTOP-RB8ENUF","Data":"","Sid":"","Message":"","StringInserts":["Service stopped"]}
{"RecordNumber":23976,"TimeGenerated":"2025-06-26 05:06:56 +0700","TimeWritten":"2025-06-26 05:06:56 +0700","EventID":16394,"Qualifiers":49152,"EventType":"Information","EventCategory":0,"Channel":"Application","SourceName":"Software Protection Platform Service","ComputerName":"DESKTOP-RB8ENUF","Data":"","Sid":"","Message":"Offline downlevel migration succeeded.\r\n","StringInserts":[]}
{"RecordNumber":23977,"TimeGenerated":"2025-06-26 05:07:38 +0700","TimeWritten":"2025-06-26 05:07:38 +0700","EventID":15,"Qualifiers":0,"EventType":"Information","EventCategory":0,"Channel":"Application","SourceName":"SecurityCenter","ComputerName":"DESKTOP-RB8ENUF","Data":"","Sid":"","Message":"Updated Windows Defender status successfully to SECURITY_PRODUCT_STATE_ON.\r\n","StringInserts":["Windows Defender","SECURITY_PRODUCT_STATE_ON"]}
{"RecordNumber":23978,"TimeGenerated":"2025-06-26 05:07:59 +0700","TimeWritten":"2025-06-26 05:07:59 +0700","EventID":16384,"Qualifiers":16384,"EventType":"Information","EventCategory":0,"Channel":"Application","SourceName":"Software Protection Platform Service","ComputerName":"DESKTOP-RB8ENUF","Data":"","Sid":"","Message":"Successfully scheduled Software Protection service for re-start at 2025-07-02T06:42:59Z. Reason: RulesEngine.\r\n","StringInserts":["2025-07-02T06:42:59Z","RulesEngine"]}
{"RecordNumber":23979,"TimeGenerated":"2025-06-26 05:26:48 +0700","TimeWritten":"2025-06-26 05:26:48 +0700","EventID":0,"Qualifiers":0,"EventType":"Information","EventCategory":0,"Channel":"Application","SourceName":"edgeupdate","ComputerName":"DESKTOP-RB8ENUF","Data":"","Sid":"","Message":"Service stopped.\r\n","StringInserts":["Service stopped"]}
{"RecordNumber":23980,"TimeGenerated":"2025-06-26 06:08:17 +0700","TimeWritten":"2025-06-26 06:08:17 +0700","EventID":16394,"Qualifiers":49152,"EventType":"Information","EventCategory":0,"Channel":"Application","SourceName":"Software Protection Platform Service","ComputerName":"DESKTOP-RB8ENUF","Data":"","Sid":"","Message":"Offline downlevel migration succeeded.\r\n","StringInserts":[]}
{"RecordNumber":23981,"TimeGenerated":"2025-06-26 06:08:47 +0700","TimeWritten":"2025-06-26 06:08:47 +0700","EventID":16384,"Qualifiers":16384,"EventType":"Information","EventCategory":0,"Channel":"Application","SourceName":"Software Protection Platform Service","ComputerName":"DESKTOP-RB8ENUF","Data":"","Sid":"","Message":"Successfully scheduled Software Protection service for re-start at 2025-07-02T06:42:47Z. Reason: RulesEngine.\r\n","StringInserts":["2025-07-02T06:42:47Z","RulesEngine"]}
{"RecordNumber":23982,"TimeGenerated":"2025-06-26 06:25:56 +0700","TimeWritten":"2025-06-26 06:25:56 +0700","EventID":16394,"Qualifiers":49152,"EventType":"Information","EventCategory":0,"Channel":"Application","SourceName":"Software Protection Platform Service","ComputerName":"DESKTOP-RB8ENUF","Data":"","Sid":"","Message":"Offline downlevel migration succeeded.\r\n","StringInserts":[]}
{"RecordNumber":23983,"TimeGenerated":"2025-06-26 06:26:27 +0700","TimeWritten":"2025-06-26 06:26:27 +0700","EventID":16384,"Qualifiers":16384,"EventType":"Information","EventCategory":0,"Channel":"Application","SourceName":"Software Protection Platform Service","ComputerName":"DESKTOP-RB8ENUF","Data":"","Sid":"","Message":"Successfully scheduled Software Protection service for re-start at 2025-07-02T06:42:27Z. Reason: RulesEngine.\r\n","StringInserts":["2025-07-02T06:42:27Z","RulesEngine"]}
{"RecordNumber":23984,"TimeGenerated":"2025-06-26 08:17:49 +0700","TimeWritten":"2025-06-26 08:17:49 +0700","EventID":16394,"Qualifiers":49152,"EventType":"Information","EventCategory":0,"Channel":"Application","SourceName":"Software Protection Platform Service","ComputerName":"DESKTOP-RB8ENUF","Data":"","Sid":"","Message":"Offline downlevel migration succeeded.\r\n","StringInserts":[]}
{"RecordNumber":23985,"TimeGenerated":"2025-06-26 08:18:28 +0700","TimeWritten":"2025-06-26 08:18:28 +0700","EventID":16384,"Qualifiers":16384,"EventType":"Information","EventCategory":0,"Channel":"Application","SourceName":"Software Protection Platform Service","ComputerName":"DESKTOP-RB8ENUF","Data":"","Sid":"","Message":"Successfully scheduled Software Protection service for re-start at 2025-07-02T06:42:28Z. Reason: RulesEngine.\r\n","StringInserts":["2025-07-02T06:42:28Z","RulesEngine"]}
{"RecordNumber":23986,"TimeGenerated":"2025-06-26 09:32:12 +0700","TimeWritten":"2025-06-26 09:32:12 +0700","EventID":0,"Qualifiers":0,"EventType":"Information","EventCategory":0,"Channel":"Application","SourceName":"coccoc","ComputerName":"DESKTOP-RB8ENUF","Data":"","Sid":"","Message":"","StringInserts":["Service stopped"]}
{"RecordNumber":23987,"TimeGenerated":"2025-06-26 10:07:12 +0700","TimeWritten":"2025-06-26 10:07:12 +0700","EventID":16394,"Qualifiers":49152,"EventType":"Information","EventCategory":0,"Channel":"Application","SourceName":"Software Protection Platform Service","ComputerName":"DESKTOP-RB8ENUF","Data":"","Sid":"","Message":"Offline downlevel migration succeeded.\r\n","StringInserts":[]}
{"RecordNumber":23988,"TimeGenerated":"2025-06-26 10:08:02 +0700","TimeWritten":"2025-06-26 10:08:02 +0700","EventID":16384,"Qualifiers":16384,"EventType":"Information","EventCategory":0,"Channel":"Application","SourceName":"Software Protection Platform Service","ComputerName":"DESKTOP-RB8ENUF","Data":"","Sid":"","Message":"Successfully scheduled Software Protection service for re-start at 2025-07-02T06:43:02Z. Reason: RulesEngine.\r\n","StringInserts":["2025-07-02T06:43:02Z","RulesEngine"]}
{"RecordNumber":23989,"TimeGenerated":"2025-06-26 12:00:29 +0700","TimeWritten":"2025-06-26 12:00:29 +0700","EventID":16394,"Qualifiers":49152,"EventType":"Information","EventCategory":0,"Channel":"Application","SourceName":"Software Protection Platform Service","ComputerName":"DESKTOP-RB8ENUF","Data":"","Sid":"","Message":"Offline downlevel migration succeeded.\r\n","StringInserts":[]}
{"RecordNumber":23990,"TimeGenerated":"2025-06-26 12:00:59 +0700","TimeWritten":"2025-06-26 12:00:59 +0700","EventID":16384,"Qualifiers":16384,"EventType":"Information","EventCategory":0,"Channel":"Application","SourceName":"Software Protection Platform Service","ComputerName":"DESKTOP-RB8ENUF","Data":"","Sid":"","Message":"Successfully scheduled Software Protection service for re-start at 2025-07-02T06:42:59Z. Reason: RulesEngine.\r\n","StringInserts":["2025-07-02T06:42:59Z","RulesEngine"]}
{"RecordNumber":23991,"TimeGenerated":"2025-06-26 12:19:34 +0700","TimeWritten":"2025-06-26 12:19:34 +0700","EventID":15,"Qualifiers":0,"EventType":"Information","EventCategory":0,"Channel":"Application","SourceName":"SecurityCenter","ComputerName":"DESKTOP-RB8ENUF","Data":"","Sid":"","Message":"Updated Windows Defender status successfully to SECURITY_PRODUCT_STATE_ON.\r\n","StringInserts":["Windows Defender","SECURITY_PRODUCT_STATE_ON"]}
{"RecordNumber":23992,"TimeGenerated":"2025-06-26 12:19:36 +0700","TimeWritten":"2025-06-26 12:19:36 +0700","EventID":15,"Qualifiers":0,"EventType":"Information","EventCategory":0,"Channel":"Application","SourceName":"SecurityCenter","ComputerName":"DESKTOP-RB8ENUF","Data":"","Sid":"","Message":"Updated Windows Defender status successfully to SECURITY_PRODUCT_STATE_ON.\r\n","StringInserts":["Windows Defender","SECURITY_PRODUCT_STATE_ON"]}
{"RecordNumber":23993,"TimeGenerated":"2025-06-26 14:03:49 +0700","TimeWritten":"2025-06-26 14:03:49 +0700","EventID":16394,"Qualifiers":49152,"EventType":"Information","EventCategory":0,"Channel":"Application","SourceName":"Software Protection Platform Service","ComputerName":"DESKTOP-RB8ENUF","Data":"","Sid":"","Message":"Offline downlevel migration succeeded.\r\n","StringInserts":[]}
{"RecordNumber":23994,"TimeGenerated":"2025-06-26 14:04:22 +0700","TimeWritten":"2025-06-26 14:04:22 +0700","EventID":16384,"Qualifiers":16384,"EventType":"Information","EventCategory":0,"Channel":"Application","SourceName":"Software Protection Platform Service","ComputerName":"DESKTOP-RB8ENUF","Data":"","Sid":"","Message":"Successfully scheduled Software Protection service for re-start at 2025-07-02T06:42:22Z. Reason: RulesEngine.\r\n","StringInserts":["2025-07-02T06:42:22Z","RulesEngine"]}
{"RecordNumber":23995,"TimeGenerated":"2025-06-26 14:32:36 +0700","TimeWritten":"2025-06-26 14:32:36 +0700","EventID":0,"Qualifiers":0,"EventType":"Information","EventCategory":0,"Channel":"Application","SourceName":"coccoc","ComputerName":"DESKTOP-RB8ENUF","Data":"","Sid":"","Message":"","StringInserts":["Service stopped"]}
{"RecordNumber":23996,"TimeGenerated":"2025-06-26 15:07:33 +0700","TimeWritten":"2025-06-26 15:07:33 +0700","EventID":102,"Qualifiers":0,"EventType":"Information","EventCategory":1,"Channel":"Application","SourceName":"ESENT","ComputerName":"DESKTOP-RB8ENUF","Data":"","Sid":"","Message":"Video.UI (2980,P,98) {133A5194-F64E-4119-8A08-0F92B3CF6814}: The database engine (10.00.19045.0000) is starting a new instance (0).\r\n","StringInserts":["Video.UI","2980,P,98","{133A5194-F64E-4119-8A08-0F92B3CF6814}: ","0","10","00","19045","0000"]}
{"RecordNumber":23997,"TimeGenerated":"2025-06-26 15:07:33 +0700","TimeWritten":"2025-06-26 15:07:33 +0700","EventID":300,"Qualifiers":0,"EventType":"Information","EventCategory":3,"Channel":"Application","SourceName":"ESENT","ComputerName":"DESKTOP-RB8ENUF","Data":"","Sid":"","Message":"Video.UI (2980,R,98) {133A5194-F64E-4119-8A08-0F92B3CF6814}: The database engine is initiating recovery steps.\r\n","StringInserts":["Video.UI","2980,R,98","{133A5194-F64E-4119-8A08-0F92B3CF6814}: "]}
{"RecordNumber":23998,"TimeGenerated":"2025-06-26 15:07:33 +0700","TimeWritten":"2025-06-26 15:07:33 +0700","EventID":335,"Qualifiers":0,"EventType":"Information","EventCategory":3,"Channel":"Application","SourceName":"ESENT","ComputerName":"DESKTOP-RB8ENUF","Data":"","Sid":"","Message":"Video.UI (2980,R,98) {133A5194-F64E-4119-8A08-0F92B3CF6814}: Replay of a Create for database \"C:\\Users\\Admin\\AppData\\Local\\Packages\\Microsoft.ZuneVideo_8wekyb3d8bbwe\\LocalState\\Database\\anonymous\\EntClientDb.edb\" at log position (00000001,0001,0268) was deferred due to AttachFuture.  Additional information:  \r\n","StringInserts":["Video.UI","2980,R,98","{133A5194-F64E-4119-8A08-0F92B3CF6814}: ","Create","C:\\Users\\Admin\\AppData\\Local\\Packages\\Microsoft.ZuneVideo_8wekyb3d8bbwe\\LocalState\\Database\\anonymous\\EntClientDb.edb","(00000001,0001,0268)","AttachFuture",""]}
{"RecordNumber":23999,"TimeGenerated":"2025-06-26 15:07:33 +0700","TimeWritten":"2025-06-26 15:07:33 +0700","EventID":330,"Qualifiers":0,"EventType":"Information","EventCategory":1,"Channel":"Application","SourceName":"ESENT","ComputerName":"DESKTOP-RB8ENUF","Data":"","Sid":"","Message":"Video.UI (2980,R,98) {133A5194-F64E-4119-8A08-0F92B3CF6814}: The database [C:\\Users\\Admin\\AppData\\Local\\Packages\\Microsoft.ZuneVideo_8wekyb3d8bbwe\\LocalState\\Database\\anonymous\\EntClientDb.edb] format version is being held back to 8920 (0x22d8) due to application parameter setting of 0x410022D8 (8920 | JET_efvAllowHigherPersistedFormat). Current default engine version: 9180 (0x23dc).\r\n","StringInserts":["Video.UI","2980,R,98","{133A5194-F64E-4119-8A08-0F92B3CF6814}: ","C:\\Users\\Admin\\AppData\\Local\\Packages\\Microsoft.ZuneVideo_8wekyb3d8bbwe\\LocalState\\Database\\anonymous\\EntClientDb.edb","0x410022D8 (8920 | JET_efvAllowHigherPersistedFormat)","8920 (0x22d8)","9180 (0x23dc)"]}
{"RecordNumber":24000,"TimeGenerated":"2025-06-26 15:07:33 +0700","TimeWritten":"2025-06-26 15:07:33 +0700","EventID":301,"Qualifiers":0,"EventType":"Information","EventCategory":3,"Channel":"Application","SourceName":"ESENT","ComputerName":"DESKTOP-RB8ENUF","Data":"","Sid":"","Message":"Video.UI (2980,R,98) {133A5194-F64E-4119-8A08-0F92B3CF6814}: The database engine has finished replaying logfile C:\\Users\\Admin\\AppData\\Local\\Packages\\Microsoft.ZuneVideo_8wekyb3d8bbwe\\LocalState\\Database\\anonymous\\edb.log.\r\n\r\n\r\n\r\nProcessing Stats: \n[1] 0.012493 -0.000849 (6) WT +J(CM:0, PgRf:0, Rd:0/0, Dy:0/0, Lg:425459/4867) +M(C:0K, Fs:956, WS:1768K # 1772K, PF:556K # 580K, P:556K).\r\n\r\nLog record of type 'Insert   ' was seen most frequently (1876 times)\r\n","StringInserts":["Video.UI","2980,R,98","{133A5194-F64E-4119-8A08-0F92B3CF6814}: ","C:\\Users\\Admin\\AppData\\Local\\Packages\\Microsoft.ZuneVideo_8wekyb3d8bbwe\\LocalState\\Database\\anonymous\\edb.log","\n[1] 0.012493 -0.000849 (6) WT +J(CM:0, PgRf:0, Rd:0/0, Dy:0/0, Lg:425459/4867) +M(C:0K, Fs:956, WS:1768K # 1772K, PF:556K # 580K, P:556K).","Insert   ","1876"]}
{"RecordNumber":24001,"TimeGenerated":"2025-06-26 15:07:33 +0700","TimeWritten":"2025-06-26 15:07:33 +0700","EventID":302,"Qualifiers":0,"EventType":"Information","EventCategory":3,"Channel":"Application","SourceName":"ESENT","ComputerName":"DESKTOP-RB8ENUF","Data":"","Sid":"","Message":"Video.UI (2980,U,98) {133A5194-F64E-4119-8A08-0F92B3CF6814}: The database engine has successfully completed recovery steps.\r\n","StringInserts":["Video.UI","2980,U,98","{133A5194-F64E-4119-8A08-0F92B3CF6814}: "]}
{"RecordNumber":24002,"TimeGenerated":"2025-06-26 15:07:33 +0700","TimeWritten":"2025-06-26 15:07:33 +0700","EventID":105,"Qualifiers":0,"EventType":"Information","EventCategory":1,"Channel":"Application","SourceName":"ESENT","ComputerName":"DESKTOP-RB8ENUF","Data":"","Sid":"","Message":"Video.UI (2980,D,0) {133A5194-F64E-4119-8A08-0F92B3CF6814}: The database engine started a new instance (0). (Time=0 seconds)\r\n\r\n\r\n\r\nAdditional Data:\r\n\r\nlgposV2[] = 00000001:0001:0000 - 00000001:0069:039F - 00000001:006A:0000 - 00000001:006A:0000 (00000000:0000:0000)\ncReInits = 7\n\r\n\r\n\r\n\r\nInternal Timing Sequence: \n[1] 0.006213 +J(0) +M(C:0K, Fs:289, WS:1024K # 1024K, PF:2868K # 2820K, P:2868K)\n[2] 0.000170 +J(0) +M(C:0K, Fs:91, WS:364K # 364K, PF:268K # 56K, P:268K)\n[3] 0.000012 +J(0) +M(C:0K, Fs:4, WS:16K # 16K, PF:64K # 64K, P:64K)\n[4] 0.000092 +J(0) +M(C:0K, Fs:43, WS:164K # 164K, PF:152K # 152K, P:152K)\n[5] 0.001269 +J(0) +M(C:0K, Fs:141, WS:480K # 480K, PF:36K # 192K, P:36K)\n[6] 0.001248 +J(0) +M(C:0K, Fs:73, WS:288K # 288K, PF:56K # 0K, P:56K)\n[7] 0.012472 -0.000001 (1) WT +J(0) +M(C:0K, Fs:719, WS:2472K # 2472K, PF:2192K # 2220K, P:2192K)\n[8] 0.013825 -0.000849 (6) WT +J(CM:0, PgRf:0, Rd:0/0, Dy:0/0, Lg:425459/4867) +M(C:0K, Fs:1065, WS:2188K # 2188K, PF:792K # 688K, P:792K)\n[9] 0.000261 +J(0) +M(C:0K, Fs:6, WS:24K # 24K, PF:0K # 0K, P:0K)\n[10] 0.000758 +J(0) +M(C:0K, Fs:0, WS:-2044K # 0K, PF:-2048K # 0K, P:-2048K)\n[11] 0.000011 +J(CM:0, PgRf:0, Rd:0/0, Dy:0/0, Lg:49/1) +M(C:0K, Fs:2, WS:8K # 0K, PF:0K # 0K, P:0K)\n[12] 0.008897 -0.008849 (2) WT +J(0) +M(C:0K, Fs:16, WS:48K # 0K, PF:40K # 0K, P:40K)\n[13] 0.041746 -0.000153 (2) CM -0.032189 (28) WT +J(CM:2, PgRf:2, Rd:0/2, Dy:0/0, Lg:8759/5) +M(C:0K, Fs:576, WS:-76K # 0K, PF:-132K # 0K, P:-132K)\n[14] 0.000046 +J(0)\n[15] 0.000021 +J(0)\n[16] 0.000224 -0.000001 (1) WT +J(0) +M(C:0K, Fs:3, WS:4K # 0K, PF:0K # 0K, P:0K).\r\n","StringInserts":["Video.UI","2980,D,0","{133A5194-F64E-4119-8A08-0F92B3CF6814}: ","0","0","\n[1] 0.006213 +J(0) +M(C:0K, Fs:289, WS:1024K # 1024K, PF:2868K # 2820K, P:2868K)\n[2] 0.000170 +J(0) +M(C:0K, Fs:91, WS:364K # 364K, PF:268K # 56K, P:268K)\n[3] 0.000012 +J(0) +M(C:0K, Fs:4, WS:16K # 16K, PF:64K # 64K, P:64K)\n[4] 0.000092 +J(0) +M(C:0K, Fs:43, WS:164K # 164K, PF:152K # 152K, P:152K)\n[5] 0.001269 +J(0) +M(C:0K, Fs:141, WS:480K # 480K, PF:36K # 192K, P:36K)\n[6] 0.001248 +J(0) +M(C:0K, Fs:73, WS:288K # 288K, PF:56K # 0K, P:56K)\n[7] 0.012472 -0.000001 (1) WT +J(0) +M(C:0K, Fs:719, WS:2472K # 2472K, PF:2192K # 2220K, P:2192K)\n[8] 0.013825 -0.000849 (6) WT +J(CM:0, PgRf:0, Rd:0/0, Dy:0/0, Lg:425459/4867) +M(C:0K, Fs:1065, WS:2188K # 2188K, PF:792K # 688K, P:792K)\n[9] 0.000261 +J(0) +M(C:0K, Fs:6, WS:24K # 24K, PF:0K # 0K, P:0K)\n[10] 0.000758 +J(0) +M(C:0K, Fs:0, WS:-2044K # 0K, PF:-2048K # 0K, P:-2048K)\n[11] 0.000011 +J(CM:0, PgRf:0, Rd:0/0, Dy:0/0, Lg:49/1) +M(C:0K, Fs:2, WS:8K # 0K, PF:0K # 0K, P:0K)\n[12] 0.008897 -0.008849 (2) WT +J(0) +M(C:0K, Fs:16, WS:48K # 0K, PF:40K # 0K, P:40K)\n[13] 0.041746 -0.000153 (2) CM -0.032189 (28) WT +J(CM:2, PgRf:2, Rd:0/2, Dy:0/0, Lg:8759/5) +M(C:0K, Fs:576, WS:-76K # 0K, PF:-132K # 0K, P:-132K)\n[14] 0.000046 +J(0)\n[15] 0.000021 +J(0)\n[16] 0.000224 -0.000001 (1) WT +J(0) +M(C:0K, Fs:3, WS:4K # 0K, PF:0K # 0K, P:0K).","lgposV2[] = 00000001:0001:0000 - 00000001:0069:039F - 00000001:006A:0000 - 00000001:006A:0000 (00000000:0000:0000)\ncReInits = 7\n"]}
{"RecordNumber":24003,"TimeGenerated":"2025-06-26 15:07:34 +0700","TimeWritten":"2025-06-26 15:07:34 +0700","EventID":330,"Qualifiers":0,"EventType":"Information","EventCategory":1,"Channel":"Application","SourceName":"ESENT","ComputerName":"DESKTOP-RB8ENUF","Data":"","Sid":"","Message":"Video.UI (2980,D,50) {133A5194-F64E-4119-8A08-0F92B3CF6814}: The database [C:\\Users\\Admin\\AppData\\Local\\Packages\\Microsoft.ZuneVideo_8wekyb3d8bbwe\\LocalState\\Database\\anonymous\\EntClientDb.edb] format version is being held back to 8920 (0x22d8) due to application parameter setting of 0x410022D8 (8920 | JET_efvAllowHigherPersistedFormat). Current default engine version: 9180 (0x23dc).\r\n","StringInserts":["Video.UI","2980,D,50","{133A5194-F64E-4119-8A08-0F92B3CF6814}: ","C:\\Users\\Admin\\AppData\\Local\\Packages\\Microsoft.ZuneVideo_8wekyb3d8bbwe\\LocalState\\Database\\anonymous\\EntClientDb.edb","0x410022D8 (8920 | JET_efvAllowHigherPersistedFormat)","8920 (0x22d8)","9180 (0x23dc)"]}
{"RecordNumber":24004,"TimeGenerated":"2025-06-26 15:07:34 +0700","TimeWritten":"2025-06-26 15:07:34 +0700","EventID":641,"Qualifiers":0,"EventType":"Information","EventCategory":1,"Channel":"Application","SourceName":"ESENT","ComputerName":"DESKTOP-RB8ENUF","Data":"","Sid":"","Message":"Video.UI (2980,D,50) {133A5194-F64E-4119-8A08-0F92B3CF6814}: The log format feature version 8940 (0x22ec - 8.6.20) could not be used due to the current log format 8.5.16, controlled by the parameter 0x410022D8 (8920 | JET_efvAllowHigherPersistedFormat).\r\n","StringInserts":["Video.UI","2980,D,50","{133A5194-F64E-4119-8A08-0F92B3CF6814}: ","0x410022D8 (8920 | JET_efvAllowHigherPersistedFormat)","8940 (0x22ec - 8.6.20)","8.5.16"]}
{"RecordNumber":24005,"TimeGenerated":"2025-06-26 15:07:34 +0700","TimeWritten":"2025-06-26 15:07:34 +0700","EventID":326,"Qualifiers":0,"EventType":"Information","EventCategory":1,"Channel":"Application","SourceName":"ESENT","ComputerName":"DESKTOP-RB8ENUF","Data":"","Sid":"","Message":"Video.UI (2980,D,50) {133A5194-F64E-4119-8A08-0F92B3CF6814}: The database engine attached a database (1, C:\\Users\\Admin\\AppData\\Local\\Packages\\Microsoft.ZuneVideo_8wekyb3d8bbwe\\LocalState\\Database\\anonymous\\EntClientDb.edb). (Time=0 seconds)\r\n\r\n\r\n\r\nSaved Cache: 0 0\r\n\r\nAdditional Data: lgposAttach = 00000001:006C:0268,\ndbv = 1568.20.0\r\n\r\n\r\n\r\nInternal Timing Sequence: \n[1] 0.000003 +J(0)\n[2] 0.000414 -0.000001 (1) WT +J(0) +M(C:0K, Fs:20, WS:16K # 0K, PF:8K # 0K, P:8K)\n[3] 0.021286 -0.018162 (6) WT +J(CM:0, PgRf:0, Rd:0/0, Dy:0/0, Lg:3480/2) +M(C:0K, Fs:46, WS:176K # 0K, PF:20K # 0K, P:20K)\n[4] 0.000414 +J(0)\n[5] -\n[6] -\n[7] -\n[8] 0.016742 -0.000365 (2) CM +J(CM:2, PgRf:2, Rd:14/2, Dy:0/0, Lg:0/0) +M(C:0K, Fs:14, WS:48K # 0K, PF:120K # 0K, P:120K)\n[9] 0.003187 -0.000595 (5) CM -0.002108 (1) WT +J(CM:5, PgRf:23, Rd:0/5, Dy:0/0, Lg:0/0) +M(C:0K, Fs:40, WS:152K # 0K, PF:200K # 0K, P:200K)\n[10] 0.000135 -0.000008 (2) CM +J(CM:2, PgRf:40, Rd:0/2, Dy:0/0, Lg:0/0) +M(C:0K, Fs:5, WS:4K # 0K, PF:64K # 0K, P:64K)\n[11] 0.000013 +J(CM:0, PgRf:1, Rd:0/0, Dy:0/0, Lg:0/0) +M(C:0K, Fs:2, WS:8K # 0K, PF:0K # 0K, P:0K)\n[12] 0.000044 +J(CM:0, PgRf:42, Rd:0/0, Dy:0/0, Lg:0/0) +M(C:0K, Fs:3, WS:12K # 0K, PF:0K # 0K, P:0K)\n[13] 0.000001 +J(0)\n[14] 0.000001 +J(0)\n[15] 0.000005 +J(CM:0, PgRf:1, Rd:0/0, Dy:0/0, Lg:0/0).\r\n","StringInserts":["Video.UI","2980,D,50","{133A5194-F64E-4119-8A08-0F92B3CF6814}: ","1","C:\\Users\\Admin\\AppData\\Local\\Packages\\Microsoft.ZuneVideo_8wekyb3d8bbwe\\LocalState\\Database\\anonymous\\EntClientDb.edb","0","\n[1] 0.000003 +J(0)\n[2] 0.000414 -0.000001 (1) WT +J(0) +M(C:0K, Fs:20, WS:16K # 0K, PF:8K # 0K, P:8K)\n[3] 0.021286 -0.018162 (6) WT +J(CM:0, PgRf:0, Rd:0/0, Dy:0/0, Lg:3480/2) +M(C:0K, Fs:46, WS:176K # 0K, PF:20K # 0K, P:20K)\n[4] 0.000414 +J(0)\n[5] -\n[6] -\n[7] -\n[8] 0.016742 -0.000365 (2) CM +J(CM:2, PgRf:2, Rd:14/2, Dy:0/0, Lg:0/0) +M(C:0K, Fs:14, WS:48K # 0K, PF:120K # 0K, P:120K)\n[9] 0.003187 -0.000595 (5) CM -0.002108 (1) WT +J(CM:5, PgRf:23, Rd:0/5, Dy:0/0, Lg:0/0) +M(C:0K, Fs:40, WS:152K # 0K, PF:200K # 0K, P:200K)\n[10] 0.000135 -0.000008 (2) CM +J(CM:2, PgRf:40, Rd:0/2, Dy:0/0, Lg:0/0) +M(C:0K, Fs:5, WS:4K # 0K, PF:64K # 0K, P:64K)\n[11] 0.000013 +J(CM:0, PgRf:1, Rd:0/0, Dy:0/0, Lg:0/0) +M(C:0K, Fs:2, WS:8K # 0K, PF:0K # 0K, P:0K)\n[12] 0.000044 +J(CM:0, PgRf:42, Rd:0/0, Dy:0/0, Lg:0/0) +M(C:0K, Fs:3, WS:12K # 0K, PF:0K # 0K, P:0K)\n[13] 0.000001 +J(0)\n[14] 0.000001 +J(0)\n[15] 0.000005 +J(CM:0, PgRf:1, Rd:0/0, Dy:0/0, Lg:0/0).","0 0","lgposAttach = 00000001:006C:0268,\ndbv = 1568.20.0"]}
{"RecordNumber":24006,"TimeGenerated":"2025-06-26 15:07:34 +0700","TimeWritten":"2025-06-26 15:07:34 +0700","EventID":330,"Qualifiers":0,"EventType":"Information","EventCategory":1,"Channel":"Application","SourceName":"ESENT","ComputerName":"DESKTOP-RB8ENUF","Data":"","Sid":"","Message":"Video.UI (2980,D,2) {133A5194-F64E-4119-8A08-0F92B3CF6814}: The database [C:\\Users\\Admin\\AppData\\Local\\Packages\\Microsoft.ZuneVideo_8wekyb3d8bbwe\\LocalState\\Database\\anonymous\\tmp.edb] format version is being held back to 8920 (0x22d8) due to application parameter setting of 0x410022D8 (8920 | JET_efvAllowHigherPersistedFormat). Current default engine version: 9180 (0x23dc).\r\n","StringInserts":["Video.UI","2980,D,2","{133A5194-F64E-4119-8A08-0F92B3CF6814}: ","C:\\Users\\Admin\\AppData\\Local\\Packages\\Microsoft.ZuneVideo_8wekyb3d8bbwe\\LocalState\\Database\\anonymous\\tmp.edb","0x410022D8 (8920 | JET_efvAllowHigherPersistedFormat)","8920 (0x22d8)","9180 (0x23dc)"]}
{"RecordNumber":24007,"TimeGenerated":"2025-06-26 15:27:07 +0700","TimeWritten":"2025-06-26 15:27:07 +0700","EventID":0,"Qualifiers":0,"EventType":"Information","EventCategory":0,"Channel":"Application","SourceName":"edgeupdate","ComputerName":"DESKTOP-RB8ENUF","Data":"","Sid":"","Message":"Service stopped.\r\n","StringInserts":["Service stopped"]}
{"RecordNumber":24008,"TimeGenerated":"2025-06-26 17:26:19 +0700","TimeWritten":"2025-06-26 17:26:19 +0700","EventID":16394,"Qualifiers":49152,"EventType":"Information","EventCategory":0,"Channel":"Application","SourceName":"Software Protection Platform Service","ComputerName":"DESKTOP-RB8ENUF","Data":"","Sid":"","Message":"Offline downlevel migration succeeded.\r\n","StringInserts":[]}
{"RecordNumber":24009,"TimeGenerated":"2025-06-26 17:26:52 +0700","TimeWritten":"2025-06-26 17:26:52 +0700","EventID":16384,"Qualifiers":16384,"EventType":"Information","EventCategory":0,"Channel":"Application","SourceName":"Software Protection Platform Service","ComputerName":"DESKTOP-RB8ENUF","Data":"","Sid":"","Message":"Successfully scheduled Software Protection service for re-start at 2025-07-02T06:42:52Z. Reason: RulesEngine.\r\n","StringInserts":["2025-07-02T06:42:52Z","RulesEngine"]}
{"RecordNumber":24010,"TimeGenerated":"2025-06-26 17:31:02 +0700","TimeWritten":"2025-06-26 17:31:02 +0700","EventID":16394,"Qualifiers":49152,"EventType":"Information","EventCategory":0,"Channel":"Application","SourceName":"Software Protection Platform Service","ComputerName":"DESKTOP-RB8ENUF","Data":"","Sid":"","Message":"Offline downlevel migration succeeded.\r\n","StringInserts":[]}
{"RecordNumber":24011,"TimeGenerated":"2025-06-26 17:31:32 +0700","TimeWritten":"2025-06-26 17:31:32 +0700","EventID":16384,"Qualifiers":16384,"EventType":"Information","EventCategory":0,"Channel":"Application","SourceName":"Software Protection Platform Service","ComputerName":"DESKTOP-RB8ENUF","Data":"","Sid":"","Message":"Successfully scheduled Software Protection service for re-start at 2025-07-02T06:42:32Z. Reason: RulesEngine.\r\n","StringInserts":["2025-07-02T06:42:32Z","RulesEngine"]}
{"RecordNumber":24012,"TimeGenerated":"2025-06-26 17:32:47 +0700","TimeWritten":"2025-06-26 17:32:47 +0700","EventID":16394,"Qualifiers":49152,"EventType":"Information","EventCategory":0,"Channel":"Application","SourceName":"Software Protection Platform Service","ComputerName":"DESKTOP-RB8ENUF","Data":"","Sid":"","Message":"Offline downlevel migration succeeded.\r\n","StringInserts":[]}
{"RecordNumber":24013,"TimeGenerated":"2025-06-26 17:33:09 +0700","TimeWritten":"2025-06-26 17:33:09 +0700","EventID":15,"Qualifiers":0,"EventType":"Information","EventCategory":0,"Channel":"Application","SourceName":"SecurityCenter","ComputerName":"DESKTOP-RB8ENUF","Data":"","Sid":"","Message":"Updated Windows Defender status successfully to SECURITY_PRODUCT_STATE_ON.\r\n","StringInserts":["Windows Defender","SECURITY_PRODUCT_STATE_ON"]}
{"RecordNumber":24014,"TimeGenerated":"2025-06-26 17:33:11 +0700","TimeWritten":"2025-06-26 17:33:11 +0700","EventID":15,"Qualifiers":0,"EventType":"Information","EventCategory":0,"Channel":"Application","SourceName":"SecurityCenter","ComputerName":"DESKTOP-RB8ENUF","Data":"","Sid":"","Message":"Updated Windows Defender status successfully to SECURITY_PRODUCT_STATE_ON.\r\n","StringInserts":["Windows Defender","SECURITY_PRODUCT_STATE_ON"]}
{"RecordNumber":24015,"TimeGenerated":"2025-06-26 17:33:20 +0700","TimeWritten":"2025-06-26 17:33:20 +0700","EventID":15,"Qualifiers":0,"EventType":"Information","EventCategory":0,"Channel":"Application","SourceName":"SecurityCenter","ComputerName":"DESKTOP-RB8ENUF","Data":"","Sid":"","Message":"Updated Windows Defender status successfully to SECURITY_PRODUCT_STATE_ON.\r\n","StringInserts":["Windows Defender","SECURITY_PRODUCT_STATE_ON"]}
{"RecordNumber":24016,"TimeGenerated":"2025-06-26 17:33:40 +0700","TimeWritten":"2025-06-26 17:33:40 +0700","EventID":16384,"Qualifiers":16384,"EventType":"Information","EventCategory":0,"Channel":"Application","SourceName":"Software Protection Platform Service","ComputerName":"DESKTOP-RB8ENUF","Data":"","Sid":"","Message":"Successfully scheduled Software Protection service for re-start at 2025-07-02T06:42:40Z. Reason: RulesEngine.\r\n","StringInserts":["2025-07-02T06:42:40Z","RulesEngine"]}
{"RecordNumber":24017,"TimeGenerated":"2025-06-26 18:48:47 +0700","TimeWritten":"2025-06-26 18:48:47 +0700","EventID":16394,"Qualifiers":49152,"EventType":"Information","EventCategory":0,"Channel":"Application","SourceName":"Software Protection Platform Service","ComputerName":"DESKTOP-RB8ENUF","Data":"","Sid":"","Message":"Offline downlevel migration succeeded.\r\n","StringInserts":[]}
