{"RecordNumber":23708,"TimeGenerated":"2025-06-24 01:22:49 +0700","TimeWritten":"2025-06-24 01:22:49 +0700","EventID":302,"Qualifiers":0,"EventType":"Information","EventCategory":3,"Channel":"Application","SourceName":"ESENT","ComputerName":"DESKTOP-RB8ENUF","Data":"","Sid":"","Message":"svchost (7544,U,98) DS_Token_DB: The database engine has successfully completed recovery steps.\r\n","StringInserts":["svchost","7544,U,98","DS_Token_DB: "]}
{"RecordNumber":23709,"TimeGenerated":"2025-06-24 01:22:49 +0700","TimeWritten":"2025-06-24 01:22:49 +0700","EventID":105,"Qualifiers":0,"EventType":"Information","EventCategory":1,"Channel":"Application","SourceName":"ESENT","ComputerName":"DESKTOP-RB8ENUF","Data":"","Sid":"","Message":"svchost (7544,D,0) DS_Token_DB: The database engine started a new instance (0). (Time=0 seconds)\r\n\r\n\r\n\r\nAdditional Data:\r\n\r\nlgposV2[] = 00000008:0001:0000 - 00000008:000E:0268 - 00000009:0002:0000 - 00000009:0002:0000 (00000009:0001:0000)\nForwardLogsV2 = 0.030015 s - 1 lgens\ncReInits = 4\n\r\n\r\n\r\n\r\nInternal Timing Sequence: \n[1] 0.000832 +J(0) +M(C:0K, Fs:192, WS:744K # 744K, PF:3660K # 3660K, P:3660K)\n[2] 0.000269 +J(0) +M(C:8K, Fs:201, WS:796K # 796K, PF:364K # 364K, P:364K)\n[3] 0.000016 +J(0) +M(C:0K, Fs:5, WS:16K # 16K, PF:68K # 68K, P:68K)\n[4] 0.000081 +J(0) +M(C:0K, Fs:26, WS:104K # 104K, PF:164K # 164K, P:164K)\n[5] 0.000687 +J(0) +M(C:0K, Fs:9, WS:36K # 36K, PF:16K # 16K, P:16K)\n[6] 0.002599 +J(0) +M(C:0K, Fs:28, WS:112K # 112K, PF:16K # 16K, P:16K)\n[7] 0.001708 -0.000307 (2) WT +J(0) +M(C:0K, Fs:30, WS:120K # 120K, PF:64K # 64K, P:64K)\n[8] 0.025592 -0.009044 (14) WT +J(CM:0, PgRf:0, Rd:0/0, Dy:0/0, Lg:53559/37) +M(C:0K, Fs:186, WS:392K # 392K, PF:268K # 272K, P:268K)\n[9] 0.003384 -0.001031 (8) WT +J(CM:0, PgRf:0, Rd:0/0, Dy:0/0, Lg:4056/3) +M(C:0K, Fs:16, WS:48K # 48K, PF:0K # 4K, P:0K) + 1 lgens\n[10] 0.000588 -0.000218 (1) WT +J(0) +M(C:0K, Fs:0, WS:-60K # 0K, PF:-60K # 0K, P:-60K)\n[11] 0.000019 +J(CM:0, PgRf:0, Rd:0/0, Dy:0/0, Lg:49/1) +M(C:0K, Fs:3, WS:12K # 0K, PF:0K # 0K, P:0K)\n[12] 0.000829 -0.000488 (1) WT +J(0) +M(C:0K, Fs:1, WS:4K # 0K, PF:0K # 0K, P:0K)\n[13] 0.018501 -0.000247 (2) CM -0.006889 (23) WT +J(CM:2, PgRf:2, Rd:0/2, Dy:0/0, Lg:8759/5) +M(C:0K, Fs:68, WS:144K # 164K, PF:256K # 256K, P:256K)\n[14] 0.000023 +J(0)\n[15] 0.000021 +J(0)\n[16] 0.000763 -0.000300 (1) WT +J(0) +M(C:0K, Fs:2, WS:0K # 0K, PF:0K # 0K, P:0K).\r\n","StringInserts":["svchost","7544,D,0","DS_Token_DB: ","0","0","\n[1] 0.000832 +J(0) +M(C:0K, Fs:192, WS:744K # 744K, PF:3660K # 3660K, P:3660K)\n[2] 0.000269 +J(0) +M(C:8K, Fs:201, WS:796K # 796K, PF:364K # 364K, P:364K)\n[3] 0.000016 +J(0) +M(C:0K, Fs:5, WS:16K # 16K, PF:68K # 68K, P:68K)\n[4] 0.000081 +J(0) +M(C:0K, Fs:26, WS:104K # 104K, PF:164K # 164K, P:164K)\n[5] 0.000687 +J(0) +M(C:0K, Fs:9, WS:36K # 36K, PF:16K # 16K, P:16K)\n[6] 0.002599 +J(0) +M(C:0K, Fs:28, WS:112K # 112K, PF:16K # 16K, P:16K)\n[7] 0.001708 -0.000307 (2) WT +J(0) +M(C:0K, Fs:30, WS:120K # 120K, PF:64K # 64K, P:64K)\n[8] 0.025592 -0.009044 (14) WT +J(CM:0, PgRf:0, Rd:0/0, Dy:0/0, Lg:53559/37) +M(C:0K, Fs:186, WS:392K # 392K, PF:268K # 272K, P:268K)\n[9] 0.003384 -0.001031 (8) WT +J(CM:0, PgRf:0, Rd:0/0, Dy:0/0, Lg:4056/3) +M(C:0K, Fs:16, WS:48K # 48K, PF:0K # 4K, P:0K) + 1 lgens\n[10] 0.000588 -0.000218 (1) WT +J(0) +M(C:0K, Fs:0, WS:-60K # 0K, PF:-60K # 0K, P:-60K)\n[11] 0.000019 +J(CM:0, PgRf:0, Rd:0/0, Dy:0/0, Lg:49/1) +M(C:0K, Fs:3, WS:12K # 0K, PF:0K # 0K, P:0K)\n[12] 0.000829 -0.000488 (1) WT +J(0) +M(C:0K, Fs:1, WS:4K # 0K, PF:0K # 0K, P:0K)\n[13] 0.018501 -0.000247 (2) CM -0.006889 (23) WT +J(CM:2, PgRf:2, Rd:0/2, Dy:0/0, Lg:8759/5) +M(C:0K, Fs:68, WS:144K # 164K, PF:256K # 256K, P:256K)\n[14] 0.000023 +J(0)\n[15] 0.000021 +J(0)\n[16] 0.000763 -0.000300 (1) WT +J(0) +M(C:0K, Fs:2, WS:0K # 0K, PF:0K # 0K, P:0K).","lgposV2[] = 00000008:0001:0000 - 00000008:000E:0268 - 00000009:0002:0000 - 00000009:0002:0000 (00000009:0001:0000)\nForwardLogsV2 = 0.030015 s - 1 lgens\ncReInits = 4\n"]}
{"RecordNumber":23710,"TimeGenerated":"2025-06-24 01:22:49 +0700","TimeWritten":"2025-06-24 01:22:49 +0700","EventID":326,"Qualifiers":0,"EventType":"Information","EventCategory":1,"Channel":"Application","SourceName":"ESENT","ComputerName":"DESKTOP-RB8ENUF","Data":"","Sid":"","Message":"svchost (7544,D,50) DS_Token_DB: The database engine attached a database (1, C:\\Windows\\system32\\config\\systemprofile\\AppData\\Local\\DataSharing\\Storage\\DSTokenDB2.dat). (Time=0 seconds)\r\n\r\n\r\n\r\nSaved Cache: 1 0\r\n\r\nAdditional Data: lgposAttach = 00000009:0004:0268,\ndbv = 1568.110.240\r\n\r\n\r\n\r\nInternal Timing Sequence: \n[1] 0.000004 +J(0)\n[2] 0.001673 -0.001204 (1) WT +J(0) +M(C:0K, Fs:17, WS:4K # 12K, PF:4K # 0K, P:4K)\n[3] 0.003899 -0.000879 (6) WT +J(CM:0, PgRf:0, Rd:0/0, Dy:0/0, Lg:3480/2) +M(C:0K, Fs:13, WS:48K # 0K, PF:44K # 0K, P:44K)\n[4] 0.000543 +J(0)\n[5] -\n[6] -\n[7] -\n[8] 0.000336 -0.000249 (2) CM -0.000204 (2) WT +J(CM:2, PgRf:2, Rd:4/2, Dy:0/0, Lg:54/1) +M(C:8K, Fs:4, WS:16K # 0K, PF:28K # 8K, P:28K)\n[9] 0.000950 -0.000809 (4) CM -0.000741 (4) WT +J(CM:4, PgRf:23, Rd:0/3, Dy:0/0, Lg:0/0) +M(C:0K, Fs:27, WS:100K # 104K, PF:196K # 204K, P:196K)\n[10] 0.000287 -0.000218 (2) CM -0.000175 (2) WT +J(CM:2, PgRf:40, Rd:0/2, Dy:0/0, Lg:0/0) +M(C:0K, Fs:1, WS:4K # 0K, PF:64K # 56K, P:64K)\n[11] 0.000007 +J(CM:0, PgRf:1, Rd:0/0, Dy:0/0, Lg:0/0) +M(C:0K, Fs:2, WS:8K # 8K, PF:0K # 0K, P:0K)\n[12] 0.000022 +J(CM:0, PgRf:42, Rd:0/0, Dy:0/0, Lg:0/0) +M(C:0K, Fs:6, WS:24K # 24K, PF:0K # 0K, P:0K)\n[13] 0.0 +J(0)\n[14] 0.0 +J(0)\n[15] 0.000002 +J(CM:0, PgRf:1, Rd:0/0, Dy:0/0, Lg:0/0).\r\n","StringInserts":["svchost","7544,D,50","DS_Token_DB: ","1","C:\\Windows\\system32\\config\\systemprofile\\AppData\\Local\\DataSharing\\Storage\\DSTokenDB2.dat","0","\n[1] 0.000004 +J(0)\n[2] 0.001673 -0.001204 (1) WT +J(0) +M(C:0K, Fs:17, WS:4K # 12K, PF:4K # 0K, P:4K)\n[3] 0.003899 -0.000879 (6) WT +J(CM:0, PgRf:0, Rd:0/0, Dy:0/0, Lg:3480/2) +M(C:0K, Fs:13, WS:48K # 0K, PF:44K # 0K, P:44K)\n[4] 0.000543 +J(0)\n[5] -\n[6] -\n[7] -\n[8] 0.000336 -0.000249 (2) CM -0.000204 (2) WT +J(CM:2, PgRf:2, Rd:4/2, Dy:0/0, Lg:54/1) +M(C:8K, Fs:4, WS:16K # 0K, PF:28K # 8K, P:28K)\n[9] 0.000950 -0.000809 (4) CM -0.000741 (4) WT +J(CM:4, PgRf:23, Rd:0/3, Dy:0/0, Lg:0/0) +M(C:0K, Fs:27, WS:100K # 104K, PF:196K # 204K, P:196K)\n[10] 0.000287 -0.000218 (2) CM -0.000175 (2) WT +J(CM:2, PgRf:40, Rd:0/2, Dy:0/0, Lg:0/0) +M(C:0K, Fs:1, WS:4K # 0K, PF:64K # 56K, P:64K)\n[11] 0.000007 +J(CM:0, PgRf:1, Rd:0/0, Dy:0/0, Lg:0/0) +M(C:0K, Fs:2, WS:8K # 8K, PF:0K # 0K, P:0K)\n[12] 0.000022 +J(CM:0, PgRf:42, Rd:0/0, Dy:0/0, Lg:0/0) +M(C:0K, Fs:6, WS:24K # 24K, PF:0K # 0K, P:0K)\n[13] 0.0 +J(0)\n[14] 0.0 +J(0)\n[15] 0.000002 +J(CM:0, PgRf:1, Rd:0/0, Dy:0/0, Lg:0/0).","1 0","lgposAttach = 00000009:0004:0268,\ndbv = 1568.110.240"]}
{"RecordNumber":23711,"TimeGenerated":"2025-06-24 01:22:49 +0700","TimeWritten":"2025-06-24 01:22:49 +0700","EventID":16394,"Qualifiers":49152,"EventType":"Information","EventCategory":0,"Channel":"Application","SourceName":"Software Protection Platform Service","ComputerName":"DESKTOP-RB8ENUF","Data":"","Sid":"","Message":"Offline downlevel migration succeeded.\r\n","StringInserts":[]}
{"RecordNumber":23712,"TimeGenerated":"2025-06-24 01:23:28 +0700","TimeWritten":"2025-06-24 01:23:28 +0700","EventID":16384,"Qualifiers":16384,"EventType":"Information","EventCategory":0,"Channel":"Application","SourceName":"Software Protection Platform Service","ComputerName":"DESKTOP-RB8ENUF","Data":"","Sid":"","Message":"Successfully scheduled Software Protection service for re-start at 2025-06-25T06:42:28Z. Reason: RulesEngine.\r\n","StringInserts":["2025-06-25T06:42:28Z","RulesEngine"]}
{"RecordNumber":23713,"TimeGenerated":"2025-06-24 02:26:29 +0700","TimeWritten":"2025-06-24 02:26:29 +0700","EventID":0,"Qualifiers":0,"EventType":"Information","EventCategory":0,"Channel":"Application","SourceName":"edgeupdate","ComputerName":"DESKTOP-RB8ENUF","Data":"","Sid":"","Message":"Service stopped.\r\n","StringInserts":["Service stopped"]}
{"RecordNumber":23714,"TimeGenerated":"2025-06-24 03:38:31 +0700","TimeWritten":"2025-06-24 03:38:31 +0700","EventID":16394,"Qualifiers":49152,"EventType":"Information","EventCategory":0,"Channel":"Application","SourceName":"Software Protection Platform Service","ComputerName":"DESKTOP-RB8ENUF","Data":"","Sid":"","Message":"Offline downlevel migration succeeded.\r\n","StringInserts":[]}
{"RecordNumber":23715,"TimeGenerated":"2025-06-24 03:39:02 +0700","TimeWritten":"2025-06-24 03:39:02 +0700","EventID":16384,"Qualifiers":16384,"EventType":"Information","EventCategory":0,"Channel":"Application","SourceName":"Software Protection Platform Service","ComputerName":"DESKTOP-RB8ENUF","Data":"","Sid":"","Message":"Successfully scheduled Software Protection service for re-start at 2025-06-25T06:42:02Z. Reason: RulesEngine.\r\n","StringInserts":["2025-06-25T06:42:02Z","RulesEngine"]}
{"RecordNumber":23716,"TimeGenerated":"2025-06-24 03:41:09 +0700","TimeWritten":"2025-06-24 03:41:09 +0700","EventID":16394,"Qualifiers":49152,"EventType":"Information","EventCategory":0,"Channel":"Application","SourceName":"Software Protection Platform Service","ComputerName":"DESKTOP-RB8ENUF","Data":"","Sid":"","Message":"Offline downlevel migration succeeded.\r\n","StringInserts":[]}
{"RecordNumber":23717,"TimeGenerated":"2025-06-24 03:41:39 +0700","TimeWritten":"2025-06-24 03:41:39 +0700","EventID":16384,"Qualifiers":16384,"EventType":"Information","EventCategory":0,"Channel":"Application","SourceName":"Software Protection Platform Service","ComputerName":"DESKTOP-RB8ENUF","Data":"","Sid":"","Message":"Successfully scheduled Software Protection service for re-start at 2025-06-25T06:41:39Z. Reason: RulesEngine.\r\n","StringInserts":["2025-06-25T06:41:39Z","RulesEngine"]}
{"RecordNumber":23718,"TimeGenerated":"2025-06-24 04:04:04 +0700","TimeWritten":"2025-06-24 04:04:04 +0700","EventID":16394,"Qualifiers":49152,"EventType":"Information","EventCategory":0,"Channel":"Application","SourceName":"Software Protection Platform Service","ComputerName":"DESKTOP-RB8ENUF","Data":"","Sid":"","Message":"Offline downlevel migration succeeded.\r\n","StringInserts":[]}
{"RecordNumber":23719,"TimeGenerated":"2025-06-24 04:04:34 +0700","TimeWritten":"2025-06-24 04:04:34 +0700","EventID":16384,"Qualifiers":16384,"EventType":"Information","EventCategory":0,"Channel":"Application","SourceName":"Software Protection Platform Service","ComputerName":"DESKTOP-RB8ENUF","Data":"","Sid":"","Message":"Successfully scheduled Software Protection service for re-start at 2025-06-25T06:41:34Z. Reason: RulesEngine.\r\n","StringInserts":["2025-06-25T06:41:34Z","RulesEngine"]}
{"RecordNumber":23720,"TimeGenerated":"2025-06-24 04:23:45 +0700","TimeWritten":"2025-06-24 04:23:45 +0700","EventID":256,"Qualifiers":32768,"EventType":"Information","EventCategory":1,"Channel":"Application","SourceName":"Edge","ComputerName":"DESKTOP-RB8ENUF","Data":"","Sid":"S-1-5-21-3306260603-718234045-292622573-1001","Message":"[\r\n","StringInserts":["[8916:17036:0624/042345.638:INFO:chrome\\browser\\extensions\\extension_garbage_collector.cc:184] Garbage collection for extensions on file thread is complete."]}
{"RecordNumber":23721,"TimeGenerated":"2025-06-24 04:50:58 +0700","TimeWritten":"2025-06-24 04:50:58 +0700","EventID":16394,"Qualifiers":49152,"EventType":"Information","EventCategory":0,"Channel":"Application","SourceName":"Software Protection Platform Service","ComputerName":"DESKTOP-RB8ENUF","Data":"","Sid":"","Message":"Offline downlevel migration succeeded.\r\n","StringInserts":[]}
{"RecordNumber":23722,"TimeGenerated":"2025-06-24 04:51:28 +0700","TimeWritten":"2025-06-24 04:51:28 +0700","EventID":16384,"Qualifiers":16384,"EventType":"Information","EventCategory":0,"Channel":"Application","SourceName":"Software Protection Platform Service","ComputerName":"DESKTOP-RB8ENUF","Data":"","Sid":"","Message":"Successfully scheduled Software Protection service for re-start at 2025-06-25T06:42:28Z. Reason: RulesEngine.\r\n","StringInserts":["2025-06-25T06:42:28Z","RulesEngine"]}
{"RecordNumber":23723,"TimeGenerated":"2025-06-24 04:51:57 +0700","TimeWritten":"2025-06-24 04:51:57 +0700","EventID":16394,"Qualifiers":49152,"EventType":"Information","EventCategory":0,"Channel":"Application","SourceName":"Software Protection Platform Service","ComputerName":"DESKTOP-RB8ENUF","Data":"","Sid":"","Message":"Offline downlevel migration succeeded.\r\n","StringInserts":[]}
{"RecordNumber":23724,"TimeGenerated":"2025-06-24 04:52:28 +0700","TimeWritten":"2025-06-24 04:52:28 +0700","EventID":16384,"Qualifiers":16384,"EventType":"Information","EventCategory":0,"Channel":"Application","SourceName":"Software Protection Platform Service","ComputerName":"DESKTOP-RB8ENUF","Data":"","Sid":"","Message":"Successfully scheduled Software Protection service for re-start at 2025-06-25T06:42:28Z. Reason: RulesEngine.\r\n","StringInserts":["2025-06-25T06:42:28Z","RulesEngine"]}
{"RecordNumber":23725,"TimeGenerated":"2025-06-24 04:59:54 +0700","TimeWritten":"2025-06-24 04:59:54 +0700","EventID":16394,"Qualifiers":49152,"EventType":"Information","EventCategory":0,"Channel":"Application","SourceName":"Software Protection Platform Service","ComputerName":"DESKTOP-RB8ENUF","Data":"","Sid":"","Message":"Offline downlevel migration succeeded.\r\n","StringInserts":[]}
{"RecordNumber":23726,"TimeGenerated":"2025-06-24 05:00:26 +0700","TimeWritten":"2025-06-24 05:00:26 +0700","EventID":16384,"Qualifiers":16384,"EventType":"Information","EventCategory":0,"Channel":"Application","SourceName":"Software Protection Platform Service","ComputerName":"DESKTOP-RB8ENUF","Data":"","Sid":"","Message":"Successfully scheduled Software Protection service for re-start at 2025-06-25T06:42:26Z. Reason: RulesEngine.\r\n","StringInserts":["2025-06-25T06:42:26Z","RulesEngine"]}
{"RecordNumber":23727,"TimeGenerated":"2025-06-24 05:32:28 +0700","TimeWritten":"2025-06-24 05:32:28 +0700","EventID":0,"Qualifiers":0,"EventType":"Information","EventCategory":0,"Channel":"Application","SourceName":"coccoc","ComputerName":"DESKTOP-RB8ENUF","Data":"","Sid":"","Message":"","StringInserts":["Service stopped"]}
{"RecordNumber":23728,"TimeGenerated":"2025-06-24 05:39:04 +0700","TimeWritten":"2025-06-24 05:39:04 +0700","EventID":16394,"Qualifiers":49152,"EventType":"Information","EventCategory":0,"Channel":"Application","SourceName":"Software Protection Platform Service","ComputerName":"DESKTOP-RB8ENUF","Data":"","Sid":"","Message":"Offline downlevel migration succeeded.\r\n","StringInserts":[]}
{"RecordNumber":23729,"TimeGenerated":"2025-06-24 05:39:37 +0700","TimeWritten":"2025-06-24 05:39:37 +0700","EventID":16384,"Qualifiers":16384,"EventType":"Information","EventCategory":0,"Channel":"Application","SourceName":"Software Protection Platform Service","ComputerName":"DESKTOP-RB8ENUF","Data":"","Sid":"","Message":"Successfully scheduled Software Protection service for re-start at 2025-06-25T06:41:37Z. Reason: RulesEngine.\r\n","StringInserts":["2025-06-25T06:41:37Z","RulesEngine"]}
{"RecordNumber":23730,"TimeGenerated":"2025-06-24 07:41:18 +0700","TimeWritten":"2025-06-24 07:41:18 +0700","EventID":16394,"Qualifiers":49152,"EventType":"Information","EventCategory":0,"Channel":"Application","SourceName":"Software Protection Platform Service","ComputerName":"DESKTOP-RB8ENUF","Data":"","Sid":"","Message":"Offline downlevel migration succeeded.\r\n","StringInserts":[]}
{"RecordNumber":23731,"TimeGenerated":"2025-06-24 07:41:50 +0700","TimeWritten":"2025-06-24 07:41:50 +0700","EventID":15,"Qualifiers":0,"EventType":"Information","EventCategory":0,"Channel":"Application","SourceName":"SecurityCenter","ComputerName":"DESKTOP-RB8ENUF","Data":"","Sid":"","Message":"Updated Windows Defender status successfully to SECURITY_PRODUCT_STATE_ON.\r\n","StringInserts":["Windows Defender","SECURITY_PRODUCT_STATE_ON"]}
{"RecordNumber":23732,"TimeGenerated":"2025-06-24 07:42:11 +0700","TimeWritten":"2025-06-24 07:42:11 +0700","EventID":16384,"Qualifiers":16384,"EventType":"Information","EventCategory":0,"Channel":"Application","SourceName":"Software Protection Platform Service","ComputerName":"DESKTOP-RB8ENUF","Data":"","Sid":"","Message":"Successfully scheduled Software Protection service for re-start at 2025-06-25T06:42:11Z. Reason: RulesEngine.\r\n","StringInserts":["2025-06-25T06:42:11Z","RulesEngine"]}
{"RecordNumber":23733,"TimeGenerated":"2025-06-24 08:17:55 +0700","TimeWritten":"2025-06-24 08:17:55 +0700","EventID":1000,"Qualifiers":0,"EventType":"Error","EventCategory":100,"Channel":"Application","SourceName":"Application Error","ComputerName":"DESKTOP-RB8ENUF","Data":"","Sid":"","Message":"Faulting application name: inno_updater.exe, version: 0.0.0.0, time stamp: 0x67b2cf1c\r\nFaulting module name: inno_updater.exe, version: 0.0.0.0, time stamp: 0x67b2cf1c\r\nException code: 0xc0000409\r\nFault offset: 0x000000000004a549\r\nFaulting process id: 0xb84\r\nFaulting application start time: 0x01dbe4a5c8beb5a5\r\nFaulting application path: C:\\Users\\Admin\\AppData\\Local\\Programs\\cursor\\tools\\inno_updater.exe\r\nFaulting module path: C:\\Users\\Admin\\AppData\\Local\\Programs\\cursor\\tools\\inno_updater.exe\r\nReport Id: a49d9141-6f44-4057-9f26-dd8aec411003\r\nFaulting package full name: \r\nFaulting package-relative application ID: \r\n","StringInserts":["inno_updater.exe","0.0.0.0","67b2cf1c","inno_updater.exe","0.0.0.0","67b2cf1c","c0000409","000000000004a549","b84","01dbe4a5c8beb5a5","C:\\Users\\Admin\\AppData\\Local\\Programs\\cursor\\tools\\inno_updater.exe","C:\\Users\\Admin\\AppData\\Local\\Programs\\cursor\\tools\\inno_updater.exe","a49d9141-6f44-4057-9f26-dd8aec411003","",""]}
{"RecordNumber":23734,"TimeGenerated":"2025-06-24 08:17:57 +0700","TimeWritten":"2025-06-24 08:17:57 +0700","EventID":1001,"Qualifiers":0,"EventType":"Information","EventCategory":0,"Channel":"Application","SourceName":"Windows Error Reporting","ComputerName":"DESKTOP-RB8ENUF","Data":"","Sid":"","Message":"Fault bucket 1155191849276391167, type 5\r\nEvent Name: BEX64\r\nResponse: Not available\r\nCab Id: 0\r\n\r\nProblem signature:\r\nP1: inno_updater.exe\r\nP2: 0.0.0.0\r\nP3: 67b2cf1c\r\nP4: inno_updater.exe\r\nP5: 0.0.0.0\r\nP6: 67b2cf1c\r\nP7: 000000000004a549\r\nP8: c0000409\r\nP9: 0000000000000007\r\nP10: \r\n\r\nAttached files:\r\n\\\\?\\C:\\ProgramData\\Microsoft\\Windows\\WER\\Temp\\WERF889.tmp.mdmp\r\n\\\\?\\C:\\ProgramData\\Microsoft\\Windows\\WER\\Temp\\WERF8D8.tmp.WERInternalMetadata.xml\r\n\\\\?\\C:\\ProgramData\\Microsoft\\Windows\\WER\\Temp\\WERF908.tmp.xml\r\n\\\\?\\C:\\ProgramData\\Microsoft\\Windows\\WER\\Temp\\WERF906.tmp.csv\r\n\\\\?\\C:\\ProgramData\\Microsoft\\Windows\\WER\\Temp\\WERF926.tmp.txt\r\n\r\nThese files may be available here:\r\n\\\\?\\C:\\ProgramData\\Microsoft\\Windows\\WER\\ReportArchive\\AppCrash_inno_updater.exe_dddca9d31fa46aac5ffa26cdf6d358852498965_3ed87da4_852ee89f-24e3-4b4f-b238-3e318c57a98b\r\n\r\nAnalysis symbol: \r\nRechecking for solution: 0\r\nReport Id: a49d9141-6f44-4057-9f26-dd8aec411003\r\nReport Status: 268435456\r\nHashed bucket: 43ef60334ab2dfb7e00810ddcf8bbeff\r\nCab Guid: 0\r\n","StringInserts":["1155191849276391167","5","BEX64","Not available","0","inno_updater.exe","0.0.0.0","67b2cf1c","inno_updater.exe","0.0.0.0","67b2cf1c","000000000004a549","c0000409","0000000000000007","","\r\n\\\\?\\C:\\ProgramData\\Microsoft\\Windows\\WER\\Temp\\WERF889.tmp.mdmp\r\n\\\\?\\C:\\ProgramData\\Microsoft\\Windows\\WER\\Temp\\WERF8D8.tmp.WERInternalMetadata.xml\r\n\\\\?\\C:\\ProgramData\\Microsoft\\Windows\\WER\\Temp\\WERF908.tmp.xml\r\n\\\\?\\C:\\ProgramData\\Microsoft\\Windows\\WER\\Temp\\WERF906.tmp.csv\r\n\\\\?\\C:\\ProgramData\\Microsoft\\Windows\\WER\\Temp\\WERF926.tmp.txt","\\\\?\\C:\\ProgramData\\Microsoft\\Windows\\WER\\ReportArchive\\AppCrash_inno_updater.exe_dddca9d31fa46aac5ffa26cdf6d358852498965_3ed87da4_852ee89f-24e3-4b4f-b238-3e318c57a98b","","0","a49d9141-6f44-4057-9f26-dd8aec411003","268435456","43ef60334ab2dfb7e00810ddcf8bbeff","0"]}
{"RecordNumber":23735,"TimeGenerated":"2025-06-24 08:47:02 +0700","TimeWritten":"2025-06-24 08:47:02 +0700","EventID":16394,"Qualifiers":49152,"EventType":"Information","EventCategory":0,"Channel":"Application","SourceName":"Software Protection Platform Service","ComputerName":"DESKTOP-RB8ENUF","Data":"","Sid":"","Message":"Offline downlevel migration succeeded.\r\n","StringInserts":[]}
{"RecordNumber":23736,"TimeGenerated":"2025-06-24 08:47:03 +0700","TimeWritten":"2025-06-24 08:47:03 +0700","EventID":1033,"Qualifiers":16384,"EventType":"Information","EventCategory":0,"Channel":"Application","SourceName":"Software Protection Platform Service","ComputerName":"DESKTOP-RB8ENUF","Data":"","Sid":"","Message":"These policies are being excluded since they are only defined with override-only attribute.\r\nPolicy Names=(Security-SPP-Reserved-EnableNotificationMode) \r\nApp Id=0ff1ce15-a989-479d-af46-f275c6370663\r\nSku Id=2ca2bf3f-949e-446a-82c7-e25a15ec78c4\r\n","StringInserts":["(Security-SPP-Reserved-EnableNotificationMode) ","0ff1ce15-a989-479d-af46-f275c6370663","2ca2bf3f-949e-446a-82c7-e25a15ec78c4"]}
{"RecordNumber":23737,"TimeGenerated":"2025-06-24 08:47:03 +0700","TimeWritten":"2025-06-24 08:47:03 +0700","EventID":1033,"Qualifiers":16384,"EventType":"Information","EventCategory":0,"Channel":"Application","SourceName":"Software Protection Platform Service","ComputerName":"DESKTOP-RB8ENUF","Data":"","Sid":"","Message":"These policies are being excluded since they are only defined with override-only attribute.\r\nPolicy Names=(Security-SPP-Reserved-EnableNotificationMode) \r\nApp Id=0ff1ce15-a989-479d-af46-f275c6370663\r\nSku Id=85dd8b5f-eaa4-4af3-a628-cce9e77c9a03\r\n","StringInserts":["(Security-SPP-Reserved-EnableNotificationMode) ","0ff1ce15-a989-479d-af46-f275c6370663","85dd8b5f-eaa4-4af3-a628-cce9e77c9a03"]}
{"RecordNumber":23738,"TimeGenerated":"2025-06-24 08:47:03 +0700","TimeWritten":"2025-06-24 08:47:03 +0700","EventID":1003,"Qualifiers":16384,"EventType":"Information","EventCategory":0,"Channel":"Application","SourceName":"Software Protection Platform Service","ComputerName":"DESKTOP-RB8ENUF","Data":"","Sid":"","Message":"The Software Protection service has completed licensing status check.\r\nApplication Id=0ff1ce15-a989-479d-af46-f275c6370663\r\nLicensing Status=\n1: 0b4e6cfa-3072-434c-b702-bd1836e6887c, 1, 0 [(0 [0xC004F014, 0, 0], [(?)(?)(?)(?)(?)(?)(?)(?)])(1 )(2 )(3 )]\n2: 0bc88885-718c-491d-921f-6f214349e79c, 1, 0 [(0 [0xC004F014, 0, 0], [(?)(?)(?)(?)(?)(?)(?)(?)])(1 )(2 )(3 )]\n3: 2ca2bf3f-949e-446a-82c7-e25a15ec78c4, 1, 0 [(0 [0x00000000, 1, 0], [(?)( 1 0x00000000)(?)( 2 0x00000000 0 0 msft:rm/algorithm/volume/1.0 0x00000000 250856)(?)(?)(?)(?)])(1 )(2 )(3 )]\n4: 6755c7a7-4dfe-46f5-bce8-427be8e9dc62, 1, 0 [(0 [0xC004F014, 0, 0], [(?)(?)(?)(?)(?)(?)(?)(?)])(1 )(2 )(3 )]\n5: 73fc2508-0fb1-475a-bd6f-2d42fd84c62a, 1, 0 [(0 [0xC004F014, 0, 0], [(?)(?)(?)(?)(?)(?)(?)(?)])(1 )(2 )(3 )]\n6: 85dd8b5f-eaa4-4af3-a628-cce9e77c9a03, 1, 0 [(0 [0x00000000, 1, 0], [(?)( 1 0x00000000)(?)( 2 0x00000000 0 0 msft:rm/algorithm/volume/1.0 0x00000000 250856)(?)(?)(?)(?)])(1 )(2 )(3 )]\n7: d4ebadd6-401b-40d5-adf4-a5d4accd72d1, 1, 0 [(0 [0xC004F014, 0, 0], [(?)(?)(?)(?)(?)(?)(?)(?)])(1 )(2 )(3 )]\n8: fc7c4d0c-2e85-4bb9-afd4-01ed1476b5e9, 1, 0 [(0 [0xC004F014, 0, 0], [(?)(?)(?)(?)(?)(?)(?)(?)])(1 )(2 )(3 )]\n\n\r\n","StringInserts":["0ff1ce15-a989-479d-af46-f275c6370663","\n1: 0b4e6cfa-3072-434c-b702-bd1836e6887c, 1, 0 [(0 [0xC004F014, 0, 0], [(?)(?)(?)(?)(?)(?)(?)(?)])(1 )(2 )(3 )]\n2: 0bc88885-718c-491d-921f-6f214349e79c, 1, 0 [(0 [0xC004F014, 0, 0], [(?)(?)(?)(?)(?)(?)(?)(?)])(1 )(2 )(3 )]\n3: 2ca2bf3f-949e-446a-82c7-e25a15ec78c4, 1, 0 [(0 [0x00000000, 1, 0], [(?)( 1 0x00000000)(?)( 2 0x00000000 0 0 msft:rm/algorithm/volume/1.0 0x00000000 250856)(?)(?)(?)(?)])(1 )(2 )(3 )]\n4: 6755c7a7-4dfe-46f5-bce8-427be8e9dc62, 1, 0 [(0 [0xC004F014, 0, 0], [(?)(?)(?)(?)(?)(?)(?)(?)])(1 )(2 )(3 )]\n5: 73fc2508-0fb1-475a-bd6f-2d42fd84c62a, 1, 0 [(0 [0xC004F014, 0, 0], [(?)(?)(?)(?)(?)(?)(?)(?)])(1 )(2 )(3 )]\n6: 85dd8b5f-eaa4-4af3-a628-cce9e77c9a03, 1, 0 [(0 [0x00000000, 1, 0], [(?)( 1 0x00000000)(?)( 2 0x00000000 0 0 msft:rm/algorithm/volume/1.0 0x00000000 250856)(?)(?)(?)(?)])(1 )(2 )(3 )]\n7: d4ebadd6-401b-40d5-adf4-a5d4accd72d1, 1, 0 [(0 [0xC004F014, 0, 0], [(?)(?)(?)(?)(?)(?)(?)(?)])(1 )(2 )(3 )]\n8: fc7c4d0c-2e85-4bb9-afd4-01ed1476b5e9, 1, 0 [(0 [0xC004F014, 0, 0], [(?)(?)(?)(?)(?)(?)(?)(?)])(1 )(2 )(3 )]\n\n"]}
{"RecordNumber":23739,"TimeGenerated":"2025-06-24 08:47:03 +0700","TimeWritten":"2025-06-24 08:47:03 +0700","EventID":1003,"Qualifiers":16384,"EventType":"Information","EventCategory":0,"Channel":"Application","SourceName":"Software Protection Platform Service","ComputerName":"DESKTOP-RB8ENUF","Data":"","Sid":"","Message":"The Software Protection service has completed licensing status check.\r\nApplication Id=0ff1ce15-a989-479d-af46-f275c6370663\r\nLicensing Status=\n1: 2ca2bf3f-949e-446a-82c7-e25a15ec78c4, 1, 1 [(0 [0x00000000, 1, 0], [(?)( 1 0x00000000)(?)( 2 0x00000000 0 0 msft:rm/algorithm/volume/1.0 0x00000000 250856)(?)(?)(?)(?)])(1 )(2 )(3 )]\n\n\r\n","StringInserts":["0ff1ce15-a989-479d-af46-f275c6370663","\n1: 2ca2bf3f-949e-446a-82c7-e25a15ec78c4, 1, 1 [(0 [0x00000000, 1, 0], [(?)( 1 0x00000000)(?)( 2 0x00000000 0 0 msft:rm/algorithm/volume/1.0 0x00000000 250856)(?)(?)(?)(?)])(1 )(2 )(3 )]\n\n"]}
{"RecordNumber":23740,"TimeGenerated":"2025-06-24 08:47:03 +0700","TimeWritten":"2025-06-24 08:47:03 +0700","EventID":1003,"Qualifiers":16384,"EventType":"Information","EventCategory":0,"Channel":"Application","SourceName":"Software Protection Platform Service","ComputerName":"DESKTOP-RB8ENUF","Data":"","Sid":"","Message":"The Software Protection service has completed licensing status check.\r\nApplication Id=0ff1ce15-a989-479d-af46-f275c6370663\r\nLicensing Status=\n1: 85dd8b5f-eaa4-4af3-a628-cce9e77c9a03, 1, 1 [(0 [0x00000000, 1, 0], [(?)( 1 0x00000000)(?)( 2 0x00000000 0 0 msft:rm/algorithm/volume/1.0 0x00000000 251013)(?)(?)(?)(?)])(1 )(2 )(3 )]\n\n\r\n","StringInserts":["0ff1ce15-a989-479d-af46-f275c6370663","\n1: 85dd8b5f-eaa4-4af3-a628-cce9e77c9a03, 1, 1 [(0 [0x00000000, 1, 0], [(?)( 1 0x00000000)(?)( 2 0x00000000 0 0 msft:rm/algorithm/volume/1.0 0x00000000 251013)(?)(?)(?)(?)])(1 )(2 )(3 )]\n\n"]}
{"RecordNumber":23741,"TimeGenerated":"2025-06-24 08:47:03 +0700","TimeWritten":"2025-06-24 08:47:03 +0700","EventID":1003,"Qualifiers":16384,"EventType":"Information","EventCategory":0,"Channel":"Application","SourceName":"Software Protection Platform Service","ComputerName":"DESKTOP-RB8ENUF","Data":"","Sid":"","Message":"The Software Protection service has completed licensing status check.\r\nApplication Id=0ff1ce15-a989-479d-af46-f275c6370663\r\nLicensing Status=\n1: 85dd8b5f-eaa4-4af3-a628-cce9e77c9a03, 1, 1 [(0 [0x00000000, 1, 0], [(?)( 1 0x00000000)(?)( 2 0x00000000 0 0 msft:rm/algorithm/volume/1.0 0x00000000 251013)(?)(?)(?)(?)])(1 )(2 )(3 )]\n\n\r\n","StringInserts":["0ff1ce15-a989-479d-af46-f275c6370663","\n1: 85dd8b5f-eaa4-4af3-a628-cce9e77c9a03, 1, 1 [(0 [0x00000000, 1, 0], [(?)( 1 0x00000000)(?)( 2 0x00000000 0 0 msft:rm/algorithm/volume/1.0 0x00000000 251013)(?)(?)(?)(?)])(1 )(2 )(3 )]\n\n"]}
{"RecordNumber":23742,"TimeGenerated":"2025-06-24 08:47:04 +0700","TimeWritten":"2025-06-24 08:47:04 +0700","EventID":8230,"Qualifiers":16384,"EventType":"Information","EventCategory":0,"Channel":"Application","SourceName":"Software Protection Platform Service","ComputerName":"DESKTOP-RB8ENUF","Data":"","Sid":"","Message":"The rules engine successfully re-evaluated the schedule.\r\nKernel policies:\r\nSecurity-SPP-Action-StateData (REG_SZ) =AppId=55c92734-d682-4d71-983e-d6ec3f16059f;GraceEndDate=2025/12/15:06:43:04;LastConsumptionReason=0x00000000;LastNotificationId=Cleanup;LicenseState=SL_LICENSING_STATUS_LICENSED;PartialProductKey=T83GX;ProductKeyType=Volume:GVLK;SkuId=2de67392-b7a7-462a-b1ca-108dd189f588;ruleId=379cccfb-d4e0-48fe-b0f2-0136097be147;uxDifferentiator=ENVIRONMENT;volumeActivationOrder=normal\r\n","StringInserts":["Security-SPP-Action-StateData (REG_SZ) =AppId=55c92734-d682-4d71-983e-d6ec3f16059f;GraceEndDate=2025/12/15:06:43:04;LastConsumptionReason=0x00000000;LastNotificationId=Cleanup;LicenseState=SL_LICENSING_STATUS_LICENSED;PartialProductKey=T83GX;ProductKeyType=Volume:GVLK;SkuId=2de67392-b7a7-462a-b1ca-108dd189f588;ruleId=379cccfb-d4e0-48fe-b0f2-0136097be147;uxDifferentiator=ENVIRONMENT;volumeActivationOrder=normal"]}
{"RecordNumber":23743,"TimeGenerated":"2025-06-24 08:47:06 +0700","TimeWritten":"2025-06-24 08:47:06 +0700","EventID":8230,"Qualifiers":16384,"EventType":"Information","EventCategory":0,"Channel":"Application","SourceName":"Software Protection Platform Service","ComputerName":"DESKTOP-RB8ENUF","Data":"","Sid":"","Message":"The rules engine successfully re-evaluated the schedule.\r\nKernel policies:\r\nSecurity-SPP-Action-StateData (REG_SZ) =AppId=55c92734-d682-4d71-983e-d6ec3f16059f;GraceEndDate=2025/12/15:06:43:06;LastConsumptionReason=0x00000000;LastNotificationId=Cleanup;LicenseState=SL_LICENSING_STATUS_LICENSED;PartialProductKey=T83GX;ProductKeyType=Volume:GVLK;SkuId=2de67392-b7a7-462a-b1ca-108dd189f588;ruleId=379cccfb-d4e0-48fe-b0f2-0136097be147;uxDifferentiator=ENVIRONMENT;volumeActivationOrder=normal\r\n","StringInserts":["Security-SPP-Action-StateData (REG_SZ) =AppId=55c92734-d682-4d71-983e-d6ec3f16059f;GraceEndDate=2025/12/15:06:43:06;LastConsumptionReason=0x00000000;LastNotificationId=Cleanup;LicenseState=SL_LICENSING_STATUS_LICENSED;PartialProductKey=T83GX;ProductKeyType=Volume:GVLK;SkuId=2de67392-b7a7-462a-b1ca-108dd189f588;ruleId=379cccfb-d4e0-48fe-b0f2-0136097be147;uxDifferentiator=ENVIRONMENT;volumeActivationOrder=normal"]}
{"RecordNumber":23744,"TimeGenerated":"2025-06-24 08:47:36 +0700","TimeWritten":"2025-06-24 08:47:36 +0700","EventID":16384,"Qualifiers":16384,"EventType":"Information","EventCategory":0,"Channel":"Application","SourceName":"Software Protection Platform Service","ComputerName":"DESKTOP-RB8ENUF","Data":"","Sid":"","Message":"Successfully scheduled Software Protection service for re-start at 2025-06-25T06:42:36Z. Reason: RulesEngine.\r\n","StringInserts":["2025-06-25T06:42:36Z","RulesEngine"]}
{"RecordNumber":23745,"TimeGenerated":"2025-06-24 09:03:13 +0700","TimeWritten":"2025-06-24 09:03:13 +0700","EventID":3000,"Qualifiers":16384,"EventType":"Information","EventCategory":0,"Channel":"Application","SourceName":"Process Exit Monitor","ComputerName":"DESKTOP-RB8ENUF","Data":"","Sid":"S-1-5-21-3306260603-718234045-292622573-1001","Message":"The process 'C:\\Program Files\\Microsoft Office\\root\\Office16\\WINWORD.EXE' exited with exit code 0. The creation time for the exiting process was 0x01dbe4ac246f4743.\r\n","StringInserts":["C:\\Program Files\\Microsoft Office\\root\\Office16\\WINWORD.EXE","0","01dbe4ac246f4743"]}
{"RecordNumber":23746,"TimeGenerated":"2025-06-24 09:06:57 +0700","TimeWritten":"2025-06-24 09:06:57 +0700","EventID":16394,"Qualifiers":49152,"EventType":"Information","EventCategory":0,"Channel":"Application","SourceName":"Software Protection Platform Service","ComputerName":"DESKTOP-RB8ENUF","Data":"","Sid":"","Message":"Offline downlevel migration succeeded.\r\n","StringInserts":[]}
{"RecordNumber":23747,"TimeGenerated":"2025-06-24 09:07:54 +0700","TimeWritten":"2025-06-24 09:07:54 +0700","EventID":16384,"Qualifiers":16384,"EventType":"Information","EventCategory":0,"Channel":"Application","SourceName":"Software Protection Platform Service","ComputerName":"DESKTOP-RB8ENUF","Data":"","Sid":"","Message":"Successfully scheduled Software Protection service for re-start at 2025-06-25T06:42:54Z. Reason: RulesEngine.\r\n","StringInserts":["2025-06-25T06:42:54Z","RulesEngine"]}
{"RecordNumber":23748,"TimeGenerated":"2025-06-24 09:40:35 +0700","TimeWritten":"2025-06-24 09:40:35 +0700","EventID":16394,"Qualifiers":49152,"EventType":"Information","EventCategory":0,"Channel":"Application","SourceName":"Software Protection Platform Service","ComputerName":"DESKTOP-RB8ENUF","Data":"","Sid":"","Message":"Offline downlevel migration succeeded.\r\n","StringInserts":[]}
{"RecordNumber":23749,"TimeGenerated":"2025-06-24 09:41:06 +0700","TimeWritten":"2025-06-24 09:41:06 +0700","EventID":16384,"Qualifiers":16384,"EventType":"Information","EventCategory":0,"Channel":"Application","SourceName":"Software Protection Platform Service","ComputerName":"DESKTOP-RB8ENUF","Data":"","Sid":"","Message":"Successfully scheduled Software Protection service for re-start at 2025-06-25T06:43:05Z. Reason: RulesEngine.\r\n","StringInserts":["2025-06-25T06:43:05Z","RulesEngine"]}
{"RecordNumber":23750,"TimeGenerated":"2025-06-24 10:32:07 +0700","TimeWritten":"2025-06-24 10:32:07 +0700","EventID":0,"Qualifiers":0,"EventType":"Information","EventCategory":0,"Channel":"Application","SourceName":"coccoc","ComputerName":"DESKTOP-RB8ENUF","Data":"","Sid":"","Message":"","StringInserts":["Service stopped"]}
{"RecordNumber":23751,"TimeGenerated":"2025-06-24 10:46:39 +0700","TimeWritten":"2025-06-24 10:46:39 +0700","EventID":16394,"Qualifiers":49152,"EventType":"Information","EventCategory":0,"Channel":"Application","SourceName":"Software Protection Platform Service","ComputerName":"DESKTOP-RB8ENUF","Data":"","Sid":"","Message":"Offline downlevel migration succeeded.\r\n","StringInserts":[]}
{"RecordNumber":23752,"TimeGenerated":"2025-06-24 10:47:10 +0700","TimeWritten":"2025-06-24 10:47:10 +0700","EventID":16384,"Qualifiers":16384,"EventType":"Information","EventCategory":0,"Channel":"Application","SourceName":"Software Protection Platform Service","ComputerName":"DESKTOP-RB8ENUF","Data":"","Sid":"","Message":"Successfully scheduled Software Protection service for re-start at 2025-06-25T06:42:09Z. Reason: RulesEngine.\r\n","StringInserts":["2025-06-25T06:42:09Z","RulesEngine"]}
{"RecordNumber":23753,"TimeGenerated":"2025-06-24 11:11:00 +0700","TimeWritten":"2025-06-24 11:11:00 +0700","EventID":16394,"Qualifiers":49152,"EventType":"Information","EventCategory":0,"Channel":"Application","SourceName":"Software Protection Platform Service","ComputerName":"DESKTOP-RB8ENUF","Data":"","Sid":"","Message":"Offline downlevel migration succeeded.\r\n","StringInserts":[]}
{"RecordNumber":23754,"TimeGenerated":"2025-06-24 11:11:30 +0700","TimeWritten":"2025-06-24 11:11:30 +0700","EventID":16384,"Qualifiers":16384,"EventType":"Information","EventCategory":0,"Channel":"Application","SourceName":"Software Protection Platform Service","ComputerName":"DESKTOP-RB8ENUF","Data":"","Sid":"","Message":"Successfully scheduled Software Protection service for re-start at 2025-06-25T06:42:30Z. Reason: RulesEngine.\r\n","StringInserts":["2025-06-25T06:42:30Z","RulesEngine"]}
{"RecordNumber":23755,"TimeGenerated":"2025-06-24 12:26:56 +0700","TimeWritten":"2025-06-24 12:26:56 +0700","EventID":0,"Qualifiers":0,"EventType":"Information","EventCategory":0,"Channel":"Application","SourceName":"edgeupdate","ComputerName":"DESKTOP-RB8ENUF","Data":"","Sid":"","Message":"Service stopped.\r\n","StringInserts":["Service stopped"]}
{"RecordNumber":23756,"TimeGenerated":"2025-06-24 13:26:54 +0700","TimeWritten":"2025-06-24 13:26:54 +0700","EventID":16394,"Qualifiers":49152,"EventType":"Information","EventCategory":0,"Channel":"Application","SourceName":"Software Protection Platform Service","ComputerName":"DESKTOP-RB8ENUF","Data":"","Sid":"","Message":"Offline downlevel migration succeeded.\r\n","StringInserts":[]}
{"RecordNumber":23757,"TimeGenerated":"2025-06-24 13:27:24 +0700","TimeWritten":"2025-06-24 13:27:24 +0700","EventID":16384,"Qualifiers":16384,"EventType":"Information","EventCategory":0,"Channel":"Application","SourceName":"Software Protection Platform Service","ComputerName":"DESKTOP-RB8ENUF","Data":"","Sid":"","Message":"Successfully scheduled Software Protection service for re-start at 2025-06-25T06:42:24Z. Reason: RulesEngine.\r\n","StringInserts":["2025-06-25T06:42:24Z","RulesEngine"]}
{"RecordNumber":23758,"TimeGenerated":"2025-06-24 13:36:10 +0700","TimeWritten":"2025-06-24 13:36:10 +0700","EventID":15,"Qualifiers":0,"EventType":"Information","EventCategory":0,"Channel":"Application","SourceName":"SecurityCenter","ComputerName":"DESKTOP-RB8ENUF","Data":"","Sid":"","Message":"Updated Windows Defender status successfully to SECURITY_PRODUCT_STATE_ON.\r\n","StringInserts":["Windows Defender","SECURITY_PRODUCT_STATE_ON"]}
{"RecordNumber":23759,"TimeGenerated":"2025-06-24 13:36:12 +0700","TimeWritten":"2025-06-24 13:36:12 +0700","EventID":15,"Qualifiers":0,"EventType":"Information","EventCategory":0,"Channel":"Application","SourceName":"SecurityCenter","ComputerName":"DESKTOP-RB8ENUF","Data":"","Sid":"","Message":"Updated Windows Defender status successfully to SECURITY_PRODUCT_STATE_ON.\r\n","StringInserts":["Windows Defender","SECURITY_PRODUCT_STATE_ON"]}
{"RecordNumber":23760,"TimeGenerated":"2025-06-24 14:18:32 +0700","TimeWritten":"2025-06-24 14:18:32 +0700","EventID":16394,"Qualifiers":49152,"EventType":"Information","EventCategory":0,"Channel":"Application","SourceName":"Software Protection Platform Service","ComputerName":"DESKTOP-RB8ENUF","Data":"","Sid":"","Message":"Offline downlevel migration succeeded.\r\n","StringInserts":[]}
{"RecordNumber":23761,"TimeGenerated":"2025-06-24 14:19:02 +0700","TimeWritten":"2025-06-24 14:19:02 +0700","EventID":16384,"Qualifiers":16384,"EventType":"Information","EventCategory":0,"Channel":"Application","SourceName":"Software Protection Platform Service","ComputerName":"DESKTOP-RB8ENUF","Data":"","Sid":"","Message":"Successfully scheduled Software Protection service for re-start at 2025-06-25T06:43:02Z. Reason: RulesEngine.\r\n","StringInserts":["2025-06-25T06:43:02Z","RulesEngine"]}
{"RecordNumber":23762,"TimeGenerated":"2025-06-24 15:07:55 +0700","TimeWritten":"2025-06-24 15:07:55 +0700","EventID":16394,"Qualifiers":49152,"EventType":"Information","EventCategory":0,"Channel":"Application","SourceName":"Software Protection Platform Service","ComputerName":"DESKTOP-RB8ENUF","Data":"","Sid":"","Message":"Offline downlevel migration succeeded.\r\n","StringInserts":[]}
{"RecordNumber":23763,"TimeGenerated":"2025-06-24 15:08:28 +0700","TimeWritten":"2025-06-24 15:08:28 +0700","EventID":16384,"Qualifiers":16384,"EventType":"Information","EventCategory":0,"Channel":"Application","SourceName":"Software Protection Platform Service","ComputerName":"DESKTOP-RB8ENUF","Data":"","Sid":"","Message":"Successfully scheduled Software Protection service for re-start at 2025-06-25T06:42:27Z. Reason: RulesEngine.\r\n","StringInserts":["2025-06-25T06:42:27Z","RulesEngine"]}
{"RecordNumber":23764,"TimeGenerated":"2025-06-24 15:31:51 +0700","TimeWritten":"2025-06-24 15:31:51 +0700","EventID":0,"Qualifiers":0,"EventType":"Information","EventCategory":0,"Channel":"Application","SourceName":"coccoc","ComputerName":"DESKTOP-RB8ENUF","Data":"","Sid":"","Message":"","StringInserts":["Service stopped"]}
{"RecordNumber":23765,"TimeGenerated":"2025-06-24 16:44:40 +0700","TimeWritten":"2025-06-24 16:44:40 +0700","EventID":102,"Qualifiers":0,"EventType":"Information","EventCategory":1,"Channel":"Application","SourceName":"ESENT","ComputerName":"DESKTOP-RB8ENUF","Data":"","Sid":"","Message":"Video.UI (4840,P,98) {DA4AC23F-93F2-4D9D-BFF7-EDA2128643CA}: The database engine (10.00.19045.0000) is starting a new instance (0).\r\n","StringInserts":["Video.UI","4840,P,98","{DA4AC23F-93F2-4D9D-BFF7-EDA2128643CA}: ","0","10","00","19045","0000"]}
{"RecordNumber":23766,"TimeGenerated":"2025-06-24 16:44:40 +0700","TimeWritten":"2025-06-24 16:44:40 +0700","EventID":300,"Qualifiers":0,"EventType":"Information","EventCategory":3,"Channel":"Application","SourceName":"ESENT","ComputerName":"DESKTOP-RB8ENUF","Data":"","Sid":"","Message":"Video.UI (4840,R,98) {DA4AC23F-93F2-4D9D-BFF7-EDA2128643CA}: The database engine is initiating recovery steps.\r\n","StringInserts":["Video.UI","4840,R,98","{DA4AC23F-93F2-4D9D-BFF7-EDA2128643CA}: "]}
{"RecordNumber":23767,"TimeGenerated":"2025-06-24 16:44:40 +0700","TimeWritten":"2025-06-24 16:44:40 +0700","EventID":335,"Qualifiers":0,"EventType":"Information","EventCategory":3,"Channel":"Application","SourceName":"ESENT","ComputerName":"DESKTOP-RB8ENUF","Data":"","Sid":"","Message":"Video.UI (4840,R,98) {DA4AC23F-93F2-4D9D-BFF7-EDA2128643CA}: Replay of a Create for database \"C:\\Users\\Admin\\AppData\\Local\\Packages\\Microsoft.ZuneVideo_8wekyb3d8bbwe\\LocalState\\Database\\anonymous\\EntClientDb.edb\" at log position (00000001,0001,0268) was deferred due to AttachFuture.  Additional information:  \r\n","StringInserts":["Video.UI","4840,R,98","{DA4AC23F-93F2-4D9D-BFF7-EDA2128643CA}: ","Create","C:\\Users\\Admin\\AppData\\Local\\Packages\\Microsoft.ZuneVideo_8wekyb3d8bbwe\\LocalState\\Database\\anonymous\\EntClientDb.edb","(00000001,0001,0268)","AttachFuture",""]}
{"RecordNumber":23768,"TimeGenerated":"2025-06-24 16:44:40 +0700","TimeWritten":"2025-06-24 16:44:40 +0700","EventID":330,"Qualifiers":0,"EventType":"Information","EventCategory":1,"Channel":"Application","SourceName":"ESENT","ComputerName":"DESKTOP-RB8ENUF","Data":"","Sid":"","Message":"Video.UI (4840,R,98) {DA4AC23F-93F2-4D9D-BFF7-EDA2128643CA}: The database [C:\\Users\\Admin\\AppData\\Local\\Packages\\Microsoft.ZuneVideo_8wekyb3d8bbwe\\LocalState\\Database\\anonymous\\EntClientDb.edb] format version is being held back to 8920 (0x22d8) due to application parameter setting of 0x410022D8 (8920 | JET_efvAllowHigherPersistedFormat). Current default engine version: 9180 (0x23dc).\r\n","StringInserts":["Video.UI","4840,R,98","{DA4AC23F-93F2-4D9D-BFF7-EDA2128643CA}: ","C:\\Users\\Admin\\AppData\\Local\\Packages\\Microsoft.ZuneVideo_8wekyb3d8bbwe\\LocalState\\Database\\anonymous\\EntClientDb.edb","0x410022D8 (8920 | JET_efvAllowHigherPersistedFormat)","8920 (0x22d8)","9180 (0x23dc)"]}
{"RecordNumber":23769,"TimeGenerated":"2025-06-24 16:44:40 +0700","TimeWritten":"2025-06-24 16:44:40 +0700","EventID":301,"Qualifiers":0,"EventType":"Information","EventCategory":3,"Channel":"Application","SourceName":"ESENT","ComputerName":"DESKTOP-RB8ENUF","Data":"","Sid":"","Message":"Video.UI (4840,R,98) {DA4AC23F-93F2-4D9D-BFF7-EDA2128643CA}: The database engine has finished replaying logfile C:\\Users\\Admin\\AppData\\Local\\Packages\\Microsoft.ZuneVideo_8wekyb3d8bbwe\\LocalState\\Database\\anonymous\\edb.log.\r\n\r\n\r\n\r\nProcessing Stats: \n[1] 0.014809 -0.000357 (10) CM -0.000994 (4) WT +J(CM:10, PgRf:12, Rd:0/10, Dy:10/14, Lg:397067/4849) +M(C:0K, Fs:310, WS:868K # 868K, PF:464K # 464K, P:464K).\r\n\r\nLog record of type 'Insert   ' was seen most frequently (1876 times)\r\n","StringInserts":["Video.UI","4840,R,98","{DA4AC23F-93F2-4D9D-BFF7-EDA2128643CA}: ","C:\\Users\\Admin\\AppData\\Local\\Packages\\Microsoft.ZuneVideo_8wekyb3d8bbwe\\LocalState\\Database\\anonymous\\edb.log","\n[1] 0.014809 -0.000357 (10) CM -0.000994 (4) WT +J(CM:10, PgRf:12, Rd:0/10, Dy:10/14, Lg:397067/4849) +M(C:0K, Fs:310, WS:868K # 868K, PF:464K # 464K, P:464K).","Insert   ","1876"]}
{"RecordNumber":23770,"TimeGenerated":"2025-06-24 16:44:40 +0700","TimeWritten":"2025-06-24 16:44:40 +0700","EventID":302,"Qualifiers":0,"EventType":"Information","EventCategory":3,"Channel":"Application","SourceName":"ESENT","ComputerName":"DESKTOP-RB8ENUF","Data":"","Sid":"","Message":"Video.UI (4840,U,98) {DA4AC23F-93F2-4D9D-BFF7-EDA2128643CA}: The database engine has successfully completed recovery steps.\r\n","StringInserts":["Video.UI","4840,U,98","{DA4AC23F-93F2-4D9D-BFF7-EDA2128643CA}: "]}
{"RecordNumber":23771,"TimeGenerated":"2025-06-24 16:44:40 +0700","TimeWritten":"2025-06-24 16:44:40 +0700","EventID":105,"Qualifiers":0,"EventType":"Information","EventCategory":1,"Channel":"Application","SourceName":"ESENT","ComputerName":"DESKTOP-RB8ENUF","Data":"","Sid":"","Message":"Video.UI (4840,D,0) {DA4AC23F-93F2-4D9D-BFF7-EDA2128643CA}: The database engine started a new instance (0). (Time=0 seconds)\r\n\r\n\r\n\r\nAdditional Data:\r\n\r\nlgposV2[] = 00000001:0001:0000 - 00000001:0062:002B - 00000001:0063:0000 - 00000001:0063:0000 (00000000:0000:0000)\ncReInits = 5\n\r\n\r\n\r\n\r\nInternal Timing Sequence: \n[1] 0.000769 +J(0) +M(C:0K, Fs:254, WS:980K # 980K, PF:3032K # 3032K, P:3032K)\n[2] 0.000547 +J(0) +M(C:0K, Fs:160, WS:616K # 616K, PF:484K # 484K, P:484K)\n[3] 0.000026 +J(0) +M(C:0K, Fs:11, WS:40K # 40K, PF:68K # 68K, P:68K)\n[4] 0.000371 +J(0) +M(C:0K, Fs:81, WS:324K # 324K, PF:328K # 328K, P:328K)\n[5] 0.001475 +J(0) +M(C:0K, Fs:426, WS:1696K # 1696K, PF:1448K # 1448K, P:1448K)\n[6] 0.076550 +J(0) +M(C:0K, Fs:8588, WS:33216K # 33216K, PF:11644K # 11644K, P:11644K)\n[7] 0.010440 -0.009296 (9) WT +J(0) +M(C:0K, Fs:1241, WS:4304K # 4304K, PF:2700K # 2700K, P:2700K)\n[8] 0.016272 -0.000357 (10) CM -0.000994 (4) WT +J(CM:10, PgRf:12, Rd:0/10, Dy:10/14, Lg:397067/4849) +M(C:0K, Fs:452, WS:1428K # 1428K, PF:728K # 728K, P:728K)\n[9] 0.000322 +J(0) +M(C:0K, Fs:10, WS:40K # 40K, PF:12K # 12K, P:12K)\n[10] 0.001043 +J(0) +M(C:0K, Fs:31, WS:-1920K # 104K, PF:-2004K # 36K, P:-2004K)\n[11] 0.000020 +J(CM:0, PgRf:0, Rd:0/0, Dy:0/0, Lg:49/1) +M(C:0K, Fs:2, WS:8K # 0K, PF:0K # 0K, P:0K)\n[12] 0.041418 -0.000012 (10) CM -0.041041 (3) WT +J(CM:10, PgRf:0, Rd:0/10, Dy:0/0, Lg:0/0) +M(C:0K, Fs:5860, WS:8972K # 15400K, PF:4800K # 31044K, P:4800K)\n[13] 0.024415 -0.000014 (2) CM -0.015936 (20) WT +J(CM:2, PgRf:2, Rd:0/2, Dy:0/0, Lg:8759/5) +M(C:0K, Fs:1540, WS:3400K # 0K, PF:196K # 0K, P:196K)\n[14] 0.000015 +J(0)\n[15] 0.000012 +J(0)\n[16] 0.000126 +J(0) +M(C:0K, Fs:9, WS:28K # 0K, PF:16K # 0K, P:16K).\r\n","StringInserts":["Video.UI","4840,D,0","{DA4AC23F-93F2-4D9D-BFF7-EDA2128643CA}: ","0","0","\n[1] 0.000769 +J(0) +M(C:0K, Fs:254, WS:980K # 980K, PF:3032K # 3032K, P:3032K)\n[2] 0.000547 +J(0) +M(C:0K, Fs:160, WS:616K # 616K, PF:484K # 484K, P:484K)\n[3] 0.000026 +J(0) +M(C:0K, Fs:11, WS:40K # 40K, PF:68K # 68K, P:68K)\n[4] 0.000371 +J(0) +M(C:0K, Fs:81, WS:324K # 324K, PF:328K # 328K, P:328K)\n[5] 0.001475 +J(0) +M(C:0K, Fs:426, WS:1696K # 1696K, PF:1448K # 1448K, P:1448K)\n[6] 0.076550 +J(0) +M(C:0K, Fs:8588, WS:33216K # 33216K, PF:11644K # 11644K, P:11644K)\n[7] 0.010440 -0.009296 (9) WT +J(0) +M(C:0K, Fs:1241, WS:4304K # 4304K, PF:2700K # 2700K, P:2700K)\n[8] 0.016272 -0.000357 (10) CM -0.000994 (4) WT +J(CM:10, PgRf:12, Rd:0/10, Dy:10/14, Lg:397067/4849) +M(C:0K, Fs:452, WS:1428K # 1428K, PF:728K # 728K, P:728K)\n[9] 0.000322 +J(0) +M(C:0K, Fs:10, WS:40K # 40K, PF:12K # 12K, P:12K)\n[10] 0.001043 +J(0) +M(C:0K, Fs:31, WS:-1920K # 104K, PF:-2004K # 36K, P:-2004K)\n[11] 0.000020 +J(CM:0, PgRf:0, Rd:0/0, Dy:0/0, Lg:49/1) +M(C:0K, Fs:2, WS:8K # 0K, PF:0K # 0K, P:0K)\n[12] 0.041418 -0.000012 (10) CM -0.041041 (3) WT +J(CM:10, PgRf:0, Rd:0/10, Dy:0/0, Lg:0/0) +M(C:0K, Fs:5860, WS:8972K # 15400K, PF:4800K # 31044K, P:4800K)\n[13] 0.024415 -0.000014 (2) CM -0.015936 (20) WT +J(CM:2, PgRf:2, Rd:0/2, Dy:0/0, Lg:8759/5) +M(C:0K, Fs:1540, WS:3400K # 0K, PF:196K # 0K, P:196K)\n[14] 0.000015 +J(0)\n[15] 0.000012 +J(0)\n[16] 0.000126 +J(0) +M(C:0K, Fs:9, WS:28K # 0K, PF:16K # 0K, P:16K).","lgposV2[] = 00000001:0001:0000 - 00000001:0062:002B - 00000001:0063:0000 - 00000001:0063:0000 (00000000:0000:0000)\ncReInits = 5\n"]}
{"RecordNumber":23772,"TimeGenerated":"2025-06-24 16:44:40 +0700","TimeWritten":"2025-06-24 16:44:40 +0700","EventID":330,"Qualifiers":0,"EventType":"Information","EventCategory":1,"Channel":"Application","SourceName":"ESENT","ComputerName":"DESKTOP-RB8ENUF","Data":"","Sid":"","Message":"Video.UI (4840,D,50) {DA4AC23F-93F2-4D9D-BFF7-EDA2128643CA}: The database [C:\\Users\\Admin\\AppData\\Local\\Packages\\Microsoft.ZuneVideo_8wekyb3d8bbwe\\LocalState\\Database\\anonymous\\EntClientDb.edb] format version is being held back to 8920 (0x22d8) due to application parameter setting of 0x410022D8 (8920 | JET_efvAllowHigherPersistedFormat). Current default engine version: 9180 (0x23dc).\r\n","StringInserts":["Video.UI","4840,D,50","{DA4AC23F-93F2-4D9D-BFF7-EDA2128643CA}: ","C:\\Users\\Admin\\AppData\\Local\\Packages\\Microsoft.ZuneVideo_8wekyb3d8bbwe\\LocalState\\Database\\anonymous\\EntClientDb.edb","0x410022D8 (8920 | JET_efvAllowHigherPersistedFormat)","8920 (0x22d8)","9180 (0x23dc)"]}
{"RecordNumber":23773,"TimeGenerated":"2025-06-24 16:44:40 +0700","TimeWritten":"2025-06-24 16:44:40 +0700","EventID":641,"Qualifiers":0,"EventType":"Information","EventCategory":1,"Channel":"Application","SourceName":"ESENT","ComputerName":"DESKTOP-RB8ENUF","Data":"","Sid":"","Message":"Video.UI (4840,D,50) {DA4AC23F-93F2-4D9D-BFF7-EDA2128643CA}: The log format feature version 8940 (0x22ec - 8.6.20) could not be used due to the current log format 8.5.16, controlled by the parameter 0x410022D8 (8920 | JET_efvAllowHigherPersistedFormat).\r\n","StringInserts":["Video.UI","4840,D,50","{DA4AC23F-93F2-4D9D-BFF7-EDA2128643CA}: ","0x410022D8 (8920 | JET_efvAllowHigherPersistedFormat)","8940 (0x22ec - 8.6.20)","8.5.16"]}
