{"RecordNumber":23595,"TimeGenerated":"2025-06-23 17:18:54 +0700","TimeWritten":"2025-06-23 17:18:54 +0700","EventID":1001,"Qualifiers":0,"EventType":"Information","EventCategory":0,"Channel":"Application","SourceName":"Windows Error Reporting","ComputerName":"DESKTOP-RB8ENUF","Data":"","Sid":"","Message":"Fault bucket 2111525315961788241, type 5\r\nEvent Name: PerfWatsonVS12Data\r\nResponse: Not available\r\nCab Id: 1178584052762923669\r\n\r\nProblem signature:\r\nP1: PerfWatsonTcdb\r\nP2: 0\r\nP3: 0\r\nP4: 0\r\nP5: 0\r\nP6: \r\nP7: \r\nP8: \r\nP9: \r\nP10: \r\n\r\nAttached files:\r\n\\\\?\\C:\\Users\\Admin\\AppData\\Local\\Temp\\VSTelem.Out\\202506231018_d17.13_17.13.35825.156_18748_1cef13e7-95c7-498a-b135-80b34e6590f4.tcdb\r\n\\\\?\\C:\\ProgramData\\Microsoft\\Windows\\WER\\Temp\\WERD67.tmp.WERInternalMetadata.xml\r\n\\\\?\\C:\\ProgramData\\Microsoft\\Windows\\WER\\Temp\\WERD88.tmp.xml\r\n\\\\?\\C:\\ProgramData\\Microsoft\\Windows\\WER\\Temp\\WERD96.tmp.csv\r\n\\\\?\\C:\\ProgramData\\Microsoft\\Windows\\WER\\Temp\\WERDA7.tmp.txt\r\n\\\\?\\C:\\Users\\Admin\\AppData\\Local\\Temp\\WER148D.tmp.WERDataCollectionStatus.txt\r\n\r\nThese files may be available here:\r\n\\\\?\\C:\\ProgramData\\Microsoft\\Windows\\WER\\ReportArchive\\NonCritical_PerfWatsonTcdb_688f135dd185f2a8133a474a2518efc6ce6cc4a_00000000_cab_b9145c9d-aae4-4d52-a909-c17e7de5942c\r\n\r\nAnalysis symbol: \r\nRechecking for solution: 0\r\nReport Id: b9145c9d-aae4-4d52-a909-c17e7de5942c\r\nReport Status: 268435464\r\nHashed bucket: fb30d2b9a7acf0305d4da51668259751\r\nCab Guid: cbc2f22c-74eb-4944-905b-2bf39adfd295\r\n","StringInserts":["2111525315961788241","5","PerfWatsonVS12Data","Not available","1178584052762923669","PerfWatsonTcdb","0","0","0","0","","","","","","\r\n\\\\?\\C:\\Users\\Admin\\AppData\\Local\\Temp\\VSTelem.Out\\202506231018_d17.13_17.13.35825.156_18748_1cef13e7-95c7-498a-b135-80b34e6590f4.tcdb\r\n\\\\?\\C:\\ProgramData\\Microsoft\\Windows\\WER\\Temp\\WERD67.tmp.WERInternalMetadata.xml\r\n\\\\?\\C:\\ProgramData\\Microsoft\\Windows\\WER\\Temp\\WERD88.tmp.xml\r\n\\\\?\\C:\\ProgramData\\Microsoft\\Windows\\WER\\Temp\\WERD96.tmp.csv\r\n\\\\?\\C:\\ProgramData\\Microsoft\\Windows\\WER\\Temp\\WERDA7.tmp.txt\r\n\\\\?\\C:\\Users\\Admin\\AppData\\Local\\Temp\\WER148D.tmp.WERDataCollectionStatus.txt","\\\\?\\C:\\ProgramData\\Microsoft\\Windows\\WER\\ReportArchive\\NonCritical_PerfWatsonTcdb_688f135dd185f2a8133a474a2518efc6ce6cc4a_00000000_cab_b9145c9d-aae4-4d52-a909-c17e7de5942c","","0","b9145c9d-aae4-4d52-a909-c17e7de5942c","268435464","fb30d2b9a7acf0305d4da51668259751","cbc2f22c-74eb-4944-905b-2bf39adfd295"]}
{"RecordNumber":23596,"TimeGenerated":"2025-06-23 17:19:26 +0700","TimeWritten":"2025-06-23 17:19:26 +0700","EventID":8194,"Qualifiers":0,"EventType":"Information","EventCategory":0,"Channel":"Application","SourceName":"System Restore","ComputerName":"DESKTOP-RB8ENUF","Data":"0000000067020000590200000000000022ce28677c6dda79e28c1c000000000000000000","Sid":"","Message":"Successfully created restore point (Process = C:\\Windows\\winsxs\\amd64_microsoft-windows-servicingstack_31bf3856ad364e35_10.0.19041.5911_none_7dd4fd687cb889e8\\TiWorker.exe -Embedding; Description = Windows Modules Installer).\r\n","StringInserts":["C:\\Windows\\winsxs\\amd64_microsoft-windows-servicingstack_31bf3856ad364e35_10.0.19041.5911_none_7dd4fd687cb889e8\\TiWorker.exe -Embedding","Windows Modules Installer"]}
{"RecordNumber":23597,"TimeGenerated":"2025-06-23 17:19:37 +0700","TimeWritten":"2025-06-23 17:19:37 +0700","EventID":8300,"Qualifiers":0,"EventType":"Information","EventCategory":0,"Channel":"Application","SourceName":"Microsoft-Windows-System-Restore","ComputerName":"DESKTOP-RB8ENUF","Data":"","Sid":"S-1-5-18","Message":"Scoping started for shadowcopy \\\\?\\GLOBALROOT\\Device\\HarddiskVolumeShadowCopy2.\r\n","StringInserts":["\\\\?\\GLOBALROOT\\Device\\HarddiskVolumeShadowCopy2"]}
{"RecordNumber":23598,"TimeGenerated":"2025-06-23 17:20:21 +0700","TimeWritten":"2025-06-23 17:20:21 +0700","EventID":8301,"Qualifiers":0,"EventType":"Information","EventCategory":0,"Channel":"Application","SourceName":"Microsoft-Windows-System-Restore","ComputerName":"DESKTOP-RB8ENUF","Data":"","Sid":"S-1-5-18","Message":"Scoping completed for shadowcopy \\\\?\\GLOBALROOT\\Device\\HarddiskVolumeShadowCopy2.\r\n","StringInserts":["\\\\?\\GLOBALROOT\\Device\\HarddiskVolumeShadowCopy2","0x0","282934","1219140","367448","252304","316134","309515"]}
{"RecordNumber":23599,"TimeGenerated":"2025-06-23 17:20:21 +0700","TimeWritten":"2025-06-23 17:20:21 +0700","EventID":8302,"Qualifiers":0,"EventType":"Information","EventCategory":0,"Channel":"Application","SourceName":"Microsoft-Windows-System-Restore","ComputerName":"DESKTOP-RB8ENUF","Data":"","Sid":"S-1-5-18","Message":"Scoping successfully completed for shadowcopy \\\\?\\GLOBALROOT\\Device\\HarddiskVolumeShadowCopy2.\r\n","StringInserts":["\\\\?\\GLOBALROOT\\Device\\HarddiskVolumeShadowCopy2","0x0","282934","1219140","367448","252304","316134","309515"]}
{"RecordNumber":23600,"TimeGenerated":"2025-06-23 17:21:23 +0700","TimeWritten":"2025-06-23 17:21:23 +0700","EventID":10001,"Qualifiers":0,"EventType":"Information","EventCategory":0,"Channel":"Application","SourceName":"Microsoft-Windows-Winsrv","ComputerName":"DESKTOP-RB8ENUF","Data":"","Sid":"S-1-5-18","Message":"The following application attempted to veto the shutdown: UltraViewer_Desktop.exe.\r\n","StringInserts":["UltraViewer_Desktop.exe","4375"]}
{"RecordNumber":23601,"TimeGenerated":"2025-06-23 17:21:38 +0700","TimeWritten":"2025-06-23 17:21:38 +0700","EventID":6000,"Qualifiers":32768,"EventType":"Information","EventCategory":0,"Channel":"Application","SourceName":"Wlclntfy","ComputerName":"DESKTOP-RB8ENUF","Data":"d9060000","Sid":"","Message":"The winlogon notification subscriber <WSearch> was unavailable to handle a notification event.\r\n","StringInserts":["WSearch"]}
{"RecordNumber":23602,"TimeGenerated":"2025-06-23 17:21:42 +0700","TimeWritten":"2025-06-23 17:21:42 +0700","EventID":1000,"Qualifiers":0,"EventType":"Error","EventCategory":100,"Channel":"Application","SourceName":"Application Error","ComputerName":"DESKTOP-RB8ENUF","Data":"","Sid":"","Message":"Faulting application name: TrGUI.exe, version: 98.61.5.501, time stamp: 0x660d1b5a\r\nFaulting module name: TrGUI.exe, version: 98.61.5.501, time stamp: 0x660d1b5a\r\nException code: 0xc0000005\r\nFault offset: 0x00097980\r\nFaulting process id: 0x4fb4\r\nFaulting application start time: 0x01dbe4289b8f6996\r\nFaulting application path: C:\\Program Files (x86)\\CheckPoint\\Endpoint Connect\\TrGUI.exe\r\nFaulting module path: C:\\Program Files (x86)\\CheckPoint\\Endpoint Connect\\TrGUI.exe\r\nReport Id: 2e2865f1-629d-4b4d-894c-631e656d6c3f\r\nFaulting package full name: \r\nFaulting package-relative application ID: \r\n","StringInserts":["TrGUI.exe","98.61.5.501","660d1b5a","TrGUI.exe","98.61.5.501","660d1b5a","c0000005","00097980","4fb4","01dbe4289b8f6996","C:\\Program Files (x86)\\CheckPoint\\Endpoint Connect\\TrGUI.exe","C:\\Program Files (x86)\\CheckPoint\\Endpoint Connect\\TrGUI.exe","2e2865f1-629d-4b4d-894c-631e656d6c3f","",""]}
{"RecordNumber":23603,"TimeGenerated":"2025-06-23 17:21:43 +0700","TimeWritten":"2025-06-23 17:21:43 +0700","EventID":1001,"Qualifiers":0,"EventType":"Information","EventCategory":0,"Channel":"Application","SourceName":"Windows Error Reporting","ComputerName":"DESKTOP-RB8ENUF","Data":"","Sid":"","Message":"Fault bucket , type 0\r\nEvent Name: APPCRASH\r\nResponse: Not available\r\nCab Id: 0\r\n\r\nProblem signature:\r\nP1: TrGUI.exe\r\nP2: 98.61.5.501\r\nP3: 660d1b5a\r\nP4: TrGUI.exe\r\nP5: 98.61.5.501\r\nP6: 660d1b5a\r\nP7: c0000005\r\nP8: 00097980\r\nP9: \r\nP10: \r\n\r\nAttached files:\r\n\\\\?\\C:\\ProgramData\\Microsoft\\Windows\\WER\\Temp\\WERBFF5.tmp.mdmp\r\n\\\\?\\C:\\ProgramData\\Microsoft\\Windows\\WER\\Temp\\WERC535.tmp.WERInternalMetadata.xml\r\n\\\\?\\C:\\ProgramData\\Microsoft\\Windows\\WER\\Temp\\WERC546.tmp.xml\r\n\\\\?\\C:\\ProgramData\\Microsoft\\Windows\\WER\\Temp\\WERC554.tmp.csv\r\n\\\\?\\C:\\ProgramData\\Microsoft\\Windows\\WER\\Temp\\WERC555.tmp.txt\r\n\r\nThese files may be available here:\r\n\\\\?\\C:\\ProgramData\\Microsoft\\Windows\\WER\\ReportQueue\\AppCrash_TrGUI.exe_6592fdddc1c23045d73ffd7e3043db26df8878_0bd66566_cab_378ad4e1-646d-4e37-8d4b-b8c2732c30f7\r\n\r\nAnalysis symbol: \r\nRechecking for solution: 0\r\nReport Id: 2e2865f1-629d-4b4d-894c-631e656d6c3f\r\nReport Status: 4\r\nHashed bucket: \r\nCab Guid: 0\r\n","StringInserts":["","0","APPCRASH","Not available","0","TrGUI.exe","98.61.5.501","660d1b5a","TrGUI.exe","98.61.5.501","660d1b5a","c0000005","00097980","","","\r\n\\\\?\\C:\\ProgramData\\Microsoft\\Windows\\WER\\Temp\\WERBFF5.tmp.mdmp\r\n\\\\?\\C:\\ProgramData\\Microsoft\\Windows\\WER\\Temp\\WERC535.tmp.WERInternalMetadata.xml\r\n\\\\?\\C:\\ProgramData\\Microsoft\\Windows\\WER\\Temp\\WERC546.tmp.xml\r\n\\\\?\\C:\\ProgramData\\Microsoft\\Windows\\WER\\Temp\\WERC554.tmp.csv\r\n\\\\?\\C:\\ProgramData\\Microsoft\\Windows\\WER\\Temp\\WERC555.tmp.txt","\\\\?\\C:\\ProgramData\\Microsoft\\Windows\\WER\\ReportQueue\\AppCrash_TrGUI.exe_6592fdddc1c23045d73ffd7e3043db26df8878_0bd66566_cab_378ad4e1-646d-4e37-8d4b-b8c2732c30f7","","0","2e2865f1-629d-4b4d-894c-631e656d6c3f","4","","0"]}
{"RecordNumber":23604,"TimeGenerated":"2025-06-23 17:21:59 +0700","TimeWritten":"2025-06-23 17:21:59 +0700","EventID":8225,"Qualifiers":0,"EventType":"Information","EventCategory":0,"Channel":"Application","SourceName":"VSS","ComputerName":"DESKTOP-RB8ENUF","Data":"2d20436f64653a2020434f525356434330303030303737322d2043616c6c3a2020434f525356434330303030303735362d205049443a202030303032313234382d205449443a202030303031393134342d20434d443a2020433a5c57696e646f77735c73797374656d33325c76737376632e6578652020202d20557365723a204e616d653a204e5420415554484f524954595c53595354454d2c205349443a532d312d352d313820","Sid":"","Message":"The VSS service is shutting down due to shutdown event from the Service Control Manager.\r\n\r\n","StringInserts":[""]}
{"RecordNumber":23605,"TimeGenerated":"2025-06-23 17:21:59 +0700","TimeWritten":"2025-06-23 17:21:59 +0700","EventID":1532,"Qualifiers":0,"EventType":"Information","EventCategory":0,"Channel":"Application","SourceName":"Microsoft-Windows-User Profiles Service","ComputerName":"DESKTOP-RB8ENUF","Data":"","Sid":"S-1-5-18","Message":"The User Profile Service has stopped.  \r\n\r\n\r\n","StringInserts":[]}
{"RecordNumber":23606,"TimeGenerated":"2025-06-23 17:22:36 +0700","TimeWritten":"2025-06-23 17:22:36 +0700","EventID":9027,"Qualifiers":16384,"EventType":"Information","EventCategory":0,"Channel":"Application","SourceName":"Desktop Window Manager","ComputerName":"DESKTOP-RB8ENUF","Data":"","Sid":"","Message":"The Desktop Window Manager has registered the session port.\r\n","StringInserts":[]}
{"RecordNumber":23607,"TimeGenerated":"2025-06-23 17:22:36 +0700","TimeWritten":"2025-06-23 17:22:36 +0700","EventID":1531,"Qualifiers":0,"EventType":"Information","EventCategory":0,"Channel":"Application","SourceName":"Microsoft-Windows-User Profiles Service","ComputerName":"DESKTOP-RB8ENUF","Data":"","Sid":"S-1-5-18","Message":"The User Profile Service has started successfully.  \r\n\r\n\r\n","StringInserts":[]}
{"RecordNumber":23608,"TimeGenerated":"2025-06-23 17:22:37 +0700","TimeWritten":"2025-06-23 17:22:37 +0700","EventID":5615,"Qualifiers":0,"EventType":"Information","EventCategory":0,"Channel":"Application","SourceName":"Microsoft-Windows-WMI","ComputerName":"DESKTOP-RB8ENUF","Data":"","Sid":"S-1-5-18","Message":"Windows Management Instrumentation Service started sucessfully\r\n","StringInserts":[]}
{"RecordNumber":23609,"TimeGenerated":"2025-06-23 17:22:38 +0700","TimeWritten":"2025-06-23 17:22:38 +0700","EventID":5617,"Qualifiers":0,"EventType":"Information","EventCategory":0,"Channel":"Application","SourceName":"Microsoft-Windows-WMI","ComputerName":"DESKTOP-RB8ENUF","Data":"","Sid":"S-1-5-18","Message":"Windows Management Instrumentation Service subsystems initialized successfully\r\n","StringInserts":[]}
{"RecordNumber":23610,"TimeGenerated":"2025-06-23 17:22:39 +0700","TimeWritten":"2025-06-23 17:22:39 +0700","EventID":0,"Qualifiers":0,"EventType":"Information","EventCategory":0,"Channel":"Application","SourceName":"AsusUpdateCheck","ComputerName":"DESKTOP-RB8ENUF","Data":"","Sid":"","Message":"","StringInserts":["AsusUpdateCheck","CServiceControl in OnStart"]}
{"RecordNumber":23611,"TimeGenerated":"2025-06-23 17:22:39 +0700","TimeWritten":"2025-06-23 17:22:39 +0700","EventID":0,"Qualifiers":16384,"EventType":"Information","EventCategory":0,"Channel":"Application","SourceName":"IntelDalJhi","ComputerName":"DESKTOP-RB8ENUF","Data":"","Sid":"","Message":"Intel(R) Dynamic Application Loader Host Interface Service started.\r\n","StringInserts":[]}
{"RecordNumber":23612,"TimeGenerated":"2025-06-23 17:22:41 +0700","TimeWritten":"2025-06-23 17:22:41 +0700","EventID":0,"Qualifiers":16384,"EventType":"Information","EventCategory":0,"Channel":"Application","SourceName":"WMIRegistrationService","ComputerName":"DESKTOP-RB8ENUF","Data":"","Sid":"","Message":"Intel(R) WMI Registration Service started.\r\n","StringInserts":[]}
{"RecordNumber":23613,"TimeGenerated":"2025-06-23 17:22:42 +0700","TimeWritten":"2025-06-23 17:22:42 +0700","EventID":0,"Qualifiers":0,"EventType":"Information","EventCategory":0,"Channel":"Application","SourceName":"AsusUpdateCheck","ComputerName":"DESKTOP-RB8ENUF","Data":"","Sid":"","Message":"","StringInserts":["AsusUpdateCheck","CServiceControl in OnStop"]}
{"RecordNumber":23614,"TimeGenerated":"2025-06-23 17:22:43 +0700","TimeWritten":"2025-06-23 17:22:43 +0700","EventID":102,"Qualifiers":0,"EventType":"Information","EventCategory":1,"Channel":"Application","SourceName":"ESENT","ComputerName":"DESKTOP-RB8ENUF","Data":"","Sid":"","Message":"SearchIndexer (6476,P,98) Windows: The database engine (10.00.19045.0000) is starting a new instance (0).\r\n","StringInserts":["SearchIndexer","6476,P,98","Windows: ","0","10","00","19045","0000"]}
{"RecordNumber":23615,"TimeGenerated":"2025-06-23 17:22:43 +0700","TimeWritten":"2025-06-23 17:22:43 +0700","EventID":105,"Qualifiers":0,"EventType":"Information","EventCategory":1,"Channel":"Application","SourceName":"ESENT","ComputerName":"DESKTOP-RB8ENUF","Data":"","Sid":"","Message":"SearchIndexer (6476,D,0) Windows: The database engine started a new instance (0). (Time=0 seconds)\r\n\r\n\r\n\r\nAdditional Data:\r\n\r\n\r\n\r\n\r\n\r\nInternal Timing Sequence: \n[1] 0.020861 +J(0) +M(C:0K, Fs:321, WS:1252K # 1252K, PF:5400K # 5400K, P:5400K)\n[2] 0.000204 +J(0) +M(C:0K, Fs:124, WS:492K # 492K, PF:448K # 448K, P:448K)\n[3] 0.010317 +J(0) +M(C:0K, Fs:12, WS:44K # 44K, PF:68K # 68K, P:68K)\n[4] 0.000074 +J(0) +M(C:0K, Fs:25, WS:100K # 100K, PF:352K # 352K, P:352K)\n[5] 0.000452 +J(0) +M(C:0K, Fs:12, WS:48K # 48K, PF:24K # 32K, P:24K)\n[6] 0.005183 +J(0) +M(C:0K, Fs:27, WS:108K # 108K, PF:24K # 16K, P:24K)\n[7] 0.008001 -0.004460 (2) WT +J(0) +M(C:0K, Fs:268, WS:1072K # 1072K, PF:1024K # 1024K, P:1024K)\n[8] -\n[9] -\n[10] -\n[11] -\n[12] -\n[13] 0.011406 -0.001113 (1) WT +J(CM:0, PgRf:0, Rd:0/0, Dy:0/0, Lg:616/1) +M(C:0K, Fs:13, WS:-984K # 24K, PF:-1020K # 16K, P:-1020K)\n[14] 0.000020 +J(0) +M(C:0K, Fs:1, WS:4K # 0K, PF:0K # 0K, P:0K)\n[15] 0.000071 +J(0) +M(C:0K, Fs:64, WS:256K # 0K, PF:64K # 0K, P:64K)\n[16] 0.000086 +J(0) +M(C:0K, Fs:3, WS:4K # 0K, PF:0K # 0K, P:0K).\r\n","StringInserts":["SearchIndexer","6476,D,0","Windows: ","0","0","\n[1] 0.020861 +J(0) +M(C:0K, Fs:321, WS:1252K # 1252K, PF:5400K # 5400K, P:5400K)\n[2] 0.000204 +J(0) +M(C:0K, Fs:124, WS:492K # 492K, PF:448K # 448K, P:448K)\n[3] 0.010317 +J(0) +M(C:0K, Fs:12, WS:44K # 44K, PF:68K # 68K, P:68K)\n[4] 0.000074 +J(0) +M(C:0K, Fs:25, WS:100K # 100K, PF:352K # 352K, P:352K)\n[5] 0.000452 +J(0) +M(C:0K, Fs:12, WS:48K # 48K, PF:24K # 32K, P:24K)\n[6] 0.005183 +J(0) +M(C:0K, Fs:27, WS:108K # 108K, PF:24K # 16K, P:24K)\n[7] 0.008001 -0.004460 (2) WT +J(0) +M(C:0K, Fs:268, WS:1072K # 1072K, PF:1024K # 1024K, P:1024K)\n[8] -\n[9] -\n[10] -\n[11] -\n[12] -\n[13] 0.011406 -0.001113 (1) WT +J(CM:0, PgRf:0, Rd:0/0, Dy:0/0, Lg:616/1) +M(C:0K, Fs:13, WS:-984K # 24K, PF:-1020K # 16K, P:-1020K)\n[14] 0.000020 +J(0) +M(C:0K, Fs:1, WS:4K # 0K, PF:0K # 0K, P:0K)\n[15] 0.000071 +J(0) +M(C:0K, Fs:64, WS:256K # 0K, PF:64K # 0K, P:64K)\n[16] 0.000086 +J(0) +M(C:0K, Fs:3, WS:4K # 0K, PF:0K # 0K, P:0K).",""]}
{"RecordNumber":23616,"TimeGenerated":"2025-06-23 17:22:43 +0700","TimeWritten":"2025-06-23 17:22:43 +0700","EventID":326,"Qualifiers":0,"EventType":"Information","EventCategory":1,"Channel":"Application","SourceName":"ESENT","ComputerName":"DESKTOP-RB8ENUF","Data":"","Sid":"","Message":"SearchIndexer (6476,D,50) Windows: The database engine attached a database (1, C:\\ProgramData\\Microsoft\\Search\\Data\\Applications\\Windows\\Windows.edb). (Time=0 seconds)\r\n\r\n\r\n\r\nSaved Cache: 0 0\r\n\r\nAdditional Data: lgposAttach = 000012A0:0028:0268,\ndbv = 1568.110.240\r\n\r\n\r\n\r\nInternal Timing Sequence: \n[1] 0.000002 +J(0) +M(C:0K, Fs:1, WS:4K # 0K, PF:0K # 0K, P:0K)\n[2] 0.012071 -0.002032 (1) WT +J(0) +M(C:0K, Fs:26, WS:40K # 0K, PF:32K # 0K, P:32K)\n[3] 0.022114 -0.005436 (8) WT +J(CM:0, PgRf:0, Rd:0/0, Dy:0/0, Lg:3480/2) +M(C:0K, Fs:54, WS:172K # 0K, PF:176K # 0K, P:176K)\n[4] 0.000094 +J(0) +M(C:0K, Fs:1, WS:4K # 0K, PF:0K # 0K, P:0K)\n[5] -\n[6] -\n[7] -\n[8] 0.009323 -0.004563 (2) CM +J(CM:2, PgRf:2, Rd:14/2, Dy:0/0, Lg:54/1) +M(C:0K, Fs:49, WS:196K # 0K, PF:680K # 0K, P:680K)\n[9] 0.028350 -0.002905 (5) CM -0.025289 (1) WT +J(CM:5, PgRf:23, Rd:0/5, Dy:0/0, Lg:0/0) +M(C:0K, Fs:72, WS:288K # 56K, PF:288K # 220K, P:288K)\n[10] 0.001079 -0.001010 (1) CM +J(CM:1, PgRf:40, Rd:0/1, Dy:0/0, Lg:0/0) +M(C:0K, Fs:9, WS:36K # 36K, PF:96K # 96K, P:96K)\n[11] 0.000009 +J(CM:0, PgRf:1, Rd:0/0, Dy:0/0, Lg:0/0) +M(C:0K, Fs:2, WS:8K # 8K, PF:0K # 0K, P:0K)\n[12] 0.000021 +J(CM:0, PgRf:42, Rd:0/0, Dy:0/0, Lg:0/0) +M(C:0K, Fs:3, WS:12K # 12K, PF:0K # 0K, P:0K)\n[13] 0.0 +J(0)\n[14] 0.0 +J(0)\n[15] 0.000002 +J(CM:0, PgRf:1, Rd:0/0, Dy:0/0, Lg:0/0).\r\n","StringInserts":["SearchIndexer","6476,D,50","Windows: ","1","C:\\ProgramData\\Microsoft\\Search\\Data\\Applications\\Windows\\Windows.edb","0","\n[1] 0.000002 +J(0) +M(C:0K, Fs:1, WS:4K # 0K, PF:0K # 0K, P:0K)\n[2] 0.012071 -0.002032 (1) WT +J(0) +M(C:0K, Fs:26, WS:40K # 0K, PF:32K # 0K, P:32K)\n[3] 0.022114 -0.005436 (8) WT +J(CM:0, PgRf:0, Rd:0/0, Dy:0/0, Lg:3480/2) +M(C:0K, Fs:54, WS:172K # 0K, PF:176K # 0K, P:176K)\n[4] 0.000094 +J(0) +M(C:0K, Fs:1, WS:4K # 0K, PF:0K # 0K, P:0K)\n[5] -\n[6] -\n[7] -\n[8] 0.009323 -0.004563 (2) CM +J(CM:2, PgRf:2, Rd:14/2, Dy:0/0, Lg:54/1) +M(C:0K, Fs:49, WS:196K # 0K, PF:680K # 0K, P:680K)\n[9] 0.028350 -0.002905 (5) CM -0.025289 (1) WT +J(CM:5, PgRf:23, Rd:0/5, Dy:0/0, Lg:0/0) +M(C:0K, Fs:72, WS:288K # 56K, PF:288K # 220K, P:288K)\n[10] 0.001079 -0.001010 (1) CM +J(CM:1, PgRf:40, Rd:0/1, Dy:0/0, Lg:0/0) +M(C:0K, Fs:9, WS:36K # 36K, PF:96K # 96K, P:96K)\n[11] 0.000009 +J(CM:0, PgRf:1, Rd:0/0, Dy:0/0, Lg:0/0) +M(C:0K, Fs:2, WS:8K # 8K, PF:0K # 0K, P:0K)\n[12] 0.000021 +J(CM:0, PgRf:42, Rd:0/0, Dy:0/0, Lg:0/0) +M(C:0K, Fs:3, WS:12K # 12K, PF:0K # 0K, P:0K)\n[13] 0.0 +J(0)\n[14] 0.0 +J(0)\n[15] 0.000002 +J(CM:0, PgRf:1, Rd:0/0, Dy:0/0, Lg:0/0).","0 0","lgposAttach = 000012A0:0028:0268,\ndbv = 1568.110.240"]}
{"RecordNumber":23617,"TimeGenerated":"2025-06-23 17:22:44 +0700","TimeWritten":"2025-06-23 17:22:44 +0700","EventID":1003,"Qualifiers":16384,"EventType":"Information","EventCategory":1,"Channel":"Application","SourceName":"Windows Search Service","ComputerName":"DESKTOP-RB8ENUF","Data":"","Sid":"","Message":"The Windows Search Service started.\n\r\n","StringInserts":["\n"]}
{"RecordNumber":23618,"TimeGenerated":"2025-06-23 17:22:44 +0700","TimeWritten":"2025-06-23 17:22:44 +0700","EventID":2,"Qualifiers":16384,"EventType":"Information","EventCategory":0,"Channel":"Application","SourceName":"WMIRegistrationService","ComputerName":"DESKTOP-RB8ENUF","Data":"","Sid":"","Message":"Intel(R) WMI Registration Service has successfully finished WMI Registration.\r\n","StringInserts":[]}
{"RecordNumber":23619,"TimeGenerated":"2025-06-23 17:22:44 +0700","TimeWritten":"2025-06-23 17:22:44 +0700","EventID":0,"Qualifiers":0,"EventType":"Information","EventCategory":0,"Channel":"Application","SourceName":"Service1","ComputerName":"DESKTOP-RB8ENUF","Data":"","Sid":"","Message":"Service started successfully.\r\n","StringInserts":["Service started successfully."]}
{"RecordNumber":23620,"TimeGenerated":"2025-06-23 17:22:44 +0700","TimeWritten":"2025-06-23 17:22:44 +0700","EventID":63,"Qualifiers":0,"EventType":"Warning","EventCategory":0,"Channel":"Application","SourceName":"Microsoft-Windows-WMI","ComputerName":"DESKTOP-RB8ENUF","Data":"","Sid":"S-1-5-18","Message":"A provider, IntelMEProv, has been registered in the Windows Management Instrumentation namespace root\\Intel_ME to use the LocalSystem account. This account is privileged and the provider may cause a security violation if it does not correctly impersonate user requests.\r\n","StringInserts":["IntelMEProv","root\\Intel_ME"]}
{"RecordNumber":23621,"TimeGenerated":"2025-06-23 17:22:44 +0700","TimeWritten":"2025-06-23 17:22:44 +0700","EventID":63,"Qualifiers":0,"EventType":"Warning","EventCategory":0,"Channel":"Application","SourceName":"Microsoft-Windows-WMI","ComputerName":"DESKTOP-RB8ENUF","Data":"","Sid":"S-1-5-18","Message":"A provider, IntelMEProv, has been registered in the Windows Management Instrumentation namespace root\\Intel_ME to use the LocalSystem account. This account is privileged and the provider may cause a security violation if it does not correctly impersonate user requests.\r\n","StringInserts":["IntelMEProv","root\\Intel_ME"]}
{"RecordNumber":23622,"TimeGenerated":"2025-06-23 17:22:44 +0700","TimeWritten":"2025-06-23 17:22:44 +0700","EventID":63,"Qualifiers":0,"EventType":"Warning","EventCategory":0,"Channel":"Application","SourceName":"Microsoft-Windows-WMI","ComputerName":"DESKTOP-RB8ENUF","Data":"","Sid":"S-1-5-18","Message":"A provider, IntelMEProv, has been registered in the Windows Management Instrumentation namespace root\\Intel_ME to use the LocalSystem account. This account is privileged and the provider may cause a security violation if it does not correctly impersonate user requests.\r\n","StringInserts":["IntelMEProv","root\\Intel_ME"]}
{"RecordNumber":23623,"TimeGenerated":"2025-06-23 17:22:45 +0700","TimeWritten":"2025-06-23 17:22:45 +0700","EventID":0,"Qualifiers":0,"EventType":"Information","EventCategory":0,"Channel":"Application","SourceName":"Intel Graphics Software Service","ComputerName":"DESKTOP-RB8ENUF","Data":"","Sid":"","Message":"Service started successfully.\r\n","StringInserts":["Service started successfully."]}
{"RecordNumber":23624,"TimeGenerated":"2025-06-23 17:22:47 +0700","TimeWritten":"2025-06-23 17:22:47 +0700","EventID":0,"Qualifiers":0,"EventType":"Information","EventCategory":0,"Channel":"Application","SourceName":"igcc","ComputerName":"DESKTOP-RB8ENUF","Data":"","Sid":"","Message":"Service started successfully.\r\n","StringInserts":["Service started successfully."]}
{"RecordNumber":23625,"TimeGenerated":"2025-06-23 17:22:50 +0700","TimeWritten":"2025-06-23 17:22:50 +0700","EventID":1001,"Qualifiers":0,"EventType":"Information","EventCategory":0,"Channel":"Application","SourceName":"Windows Error Reporting","ComputerName":"DESKTOP-RB8ENUF","Data":"","Sid":"","Message":"Fault bucket 1182057608542343630, type 1\r\nEvent Name: APPCRASH\r\nResponse: Not available\r\nCab Id: 0\r\n\r\nProblem signature:\r\nP1: TrGUI.exe\r\nP2: 98.61.5.501\r\nP3: 660d1b5a\r\nP4: TrGUI.exe\r\nP5: 98.61.5.501\r\nP6: 660d1b5a\r\nP7: c0000005\r\nP8: 00097980\r\nP9: \r\nP10: \r\n\r\nAttached files:\r\n\\\\?\\C:\\ProgramData\\Microsoft\\Windows\\WER\\Temp\\WERBFF5.tmp.mdmp\r\n\\\\?\\C:\\ProgramData\\Microsoft\\Windows\\WER\\Temp\\WERC535.tmp.WERInternalMetadata.xml\r\n\\\\?\\C:\\ProgramData\\Microsoft\\Windows\\WER\\Temp\\WERC546.tmp.xml\r\n\\\\?\\C:\\ProgramData\\Microsoft\\Windows\\WER\\Temp\\WERC554.tmp.csv\r\n\\\\?\\C:\\ProgramData\\Microsoft\\Windows\\WER\\Temp\\WERC555.tmp.txt\r\n\r\nThese files may be available here:\r\n\\\\?\\C:\\ProgramData\\Microsoft\\Windows\\WER\\ReportArchive\\AppCrash_TrGUI.exe_6592fdddc1c23045d73ffd7e3043db26df8878_0bd66566_378ad4e1-646d-4e37-8d4b-b8c2732c30f7\r\n\r\nAnalysis symbol: \r\nRechecking for solution: 0\r\nReport Id: 2e2865f1-629d-4b4d-894c-631e656d6c3f\r\nReport Status: 268435456\r\nHashed bucket: 4462b05fd08f78da00678321d536d1ce\r\nCab Guid: 0\r\n","StringInserts":["1182057608542343630","1","APPCRASH","Not available","0","TrGUI.exe","98.61.5.501","660d1b5a","TrGUI.exe","98.61.5.501","660d1b5a","c0000005","00097980","","","\r\n\\\\?\\C:\\ProgramData\\Microsoft\\Windows\\WER\\Temp\\WERBFF5.tmp.mdmp\r\n\\\\?\\C:\\ProgramData\\Microsoft\\Windows\\WER\\Temp\\WERC535.tmp.WERInternalMetadata.xml\r\n\\\\?\\C:\\ProgramData\\Microsoft\\Windows\\WER\\Temp\\WERC546.tmp.xml\r\n\\\\?\\C:\\ProgramData\\Microsoft\\Windows\\WER\\Temp\\WERC554.tmp.csv\r\n\\\\?\\C:\\ProgramData\\Microsoft\\Windows\\WER\\Temp\\WERC555.tmp.txt","\\\\?\\C:\\ProgramData\\Microsoft\\Windows\\WER\\ReportArchive\\AppCrash_TrGUI.exe_6592fdddc1c23045d73ffd7e3043db26df8878_0bd66566_378ad4e1-646d-4e37-8d4b-b8c2732c30f7","","0","2e2865f1-629d-4b4d-894c-631e656d6c3f","268435456","4462b05fd08f78da00678321d536d1ce","0"]}
{"RecordNumber":23626,"TimeGenerated":"2025-06-23 17:23:44 +0700","TimeWritten":"2025-06-23 17:23:44 +0700","EventID":256,"Qualifiers":32768,"EventType":"Information","EventCategory":1,"Channel":"Application","SourceName":"Edge","ComputerName":"DESKTOP-RB8ENUF","Data":"","Sid":"S-1-5-21-3306260603-718234045-292622573-1001","Message":"[\r\n","StringInserts":["[1004:10124:0623/172344.235:INFO:chrome\\browser\\extensions\\extension_garbage_collector.cc:184] Garbage collection for extensions on file thread is complete."]}
{"RecordNumber":23627,"TimeGenerated":"2025-06-23 17:23:58 +0700","TimeWritten":"2025-06-23 17:23:58 +0700","EventID":256,"Qualifiers":32768,"EventType":"Information","EventCategory":1,"Channel":"Application","SourceName":"Browser","ComputerName":"DESKTOP-RB8ENUF","Data":"","Sid":"S-1-5-21-3306260603-718234045-292622573-1001","Message":"[\r\n","StringInserts":["[14024:14892:0623/172358.049:INFO:chrome\\browser\\extensions\\extension_garbage_collector.cc:184] Garbage collection for extensions on file thread is complete."]}
{"RecordNumber":23628,"TimeGenerated":"2025-06-23 17:24:44 +0700","TimeWritten":"2025-06-23 17:24:44 +0700","EventID":900,"Qualifiers":16384,"EventType":"Information","EventCategory":0,"Channel":"Application","SourceName":"Software Protection Platform Service","ComputerName":"DESKTOP-RB8ENUF","Data":"","Sid":"","Message":"The Software Protection service is starting.\r\nParameters:TriggerStarted:6\r\n","StringInserts":["TriggerStarted:6"]}
{"RecordNumber":23629,"TimeGenerated":"2025-06-23 17:24:44 +0700","TimeWritten":"2025-06-23 17:24:44 +0700","EventID":16394,"Qualifiers":49152,"EventType":"Information","EventCategory":0,"Channel":"Application","SourceName":"Software Protection Platform Service","ComputerName":"DESKTOP-RB8ENUF","Data":"","Sid":"","Message":"Offline downlevel migration succeeded.\r\n","StringInserts":[]}
{"RecordNumber":23630,"TimeGenerated":"2025-06-23 17:24:44 +0700","TimeWritten":"2025-06-23 17:24:44 +0700","EventID":1066,"Qualifiers":16384,"EventType":"Information","EventCategory":0,"Channel":"Application","SourceName":"Software Protection Platform Service","ComputerName":"DESKTOP-RB8ENUF","Data":"","Sid":"","Message":"Initialization status for service objects.\r\nC:\\Windows\\system32\\sppwinob.dll, msft:spp/windowsfunctionality/agent/7.0, 0x00000000, 0x00000000\nC:\\Windows\\system32\\sppobjs.dll, msft:rm/algorithm/inherited/1.0, 0x00000000, 0x00000000\nC:\\Windows\\system32\\sppobjs.dll, msft:rm/algorithm/phone/1.0, 0x00000000, 0x00000000\nC:\\Windows\\system32\\sppobjs.dll, msft:rm/algorithm/pkey/detect, 0x00000000, 0x00000000\nC:\\Windows\\system32\\sppobjs.dll, msft:spp/ActionScheduler/1.0, 0x00000000, 0x00000000\nC:\\Windows\\system32\\sppobjs.dll, msft:spp/TaskScheduler/1.0, 0x00000000, 0x00000000\nC:\\Windows\\system32\\sppobjs.dll, msft:spp/statecollector/pkey, 0x00000000, 0x00000000\nC:\\Windows\\system32\\sppobjs.dll, msft:spp/volume/services/kms/1.0, 0x00000000, 0x00000000\nC:\\Windows\\system32\\sppobjs.dll, msft:spp/volume/services/kms/activationinfo/1.0, 0x00000000, 0x00000000\n\r\n","StringInserts":["C:\\Windows\\system32\\sppwinob.dll, msft:spp/windowsfunctionality/agent/7.0, 0x00000000, 0x00000000\nC:\\Windows\\system32\\sppobjs.dll, msft:rm/algorithm/inherited/1.0, 0x00000000, 0x00000000\nC:\\Windows\\system32\\sppobjs.dll, msft:rm/algorithm/phone/1.0, 0x00000000, 0x00000000\nC:\\Windows\\system32\\sppobjs.dll, msft:rm/algorithm/pkey/detect, 0x00000000, 0x00000000\nC:\\Windows\\system32\\sppobjs.dll, msft:spp/ActionScheduler/1.0, 0x00000000, 0x00000000\nC:\\Windows\\system32\\sppobjs.dll, msft:spp/TaskScheduler/1.0, 0x00000000, 0x00000000\nC:\\Windows\\system32\\sppobjs.dll, msft:spp/statecollector/pkey, 0x00000000, 0x00000000\nC:\\Windows\\system32\\sppobjs.dll, msft:spp/volume/services/kms/1.0, 0x00000000, 0x00000000\nC:\\Windows\\system32\\sppobjs.dll, msft:spp/volume/services/kms/activationinfo/1.0, 0x00000000, 0x00000000\n"]}
{"RecordNumber":23631,"TimeGenerated":"2025-06-23 17:24:45 +0700","TimeWritten":"2025-06-23 17:24:45 +0700","EventID":0,"Qualifiers":0,"EventType":"Information","EventCategory":0,"Channel":"Application","SourceName":"coccoc","ComputerName":"DESKTOP-RB8ENUF","Data":"","Sid":"","Message":"","StringInserts":["Service stopped"]}
{"RecordNumber":23632,"TimeGenerated":"2025-06-23 17:24:45 +0700","TimeWritten":"2025-06-23 17:24:45 +0700","EventID":1034,"Qualifiers":16384,"EventType":"Information","EventCategory":0,"Channel":"Application","SourceName":"Software Protection Platform Service","ComputerName":"DESKTOP-RB8ENUF","Data":"","Sid":"","Message":"Duplicate definition of policy found. Policy name=AAD-BlockAADWorkplaceJoin-Default  Priority=100\r\n","StringInserts":["AAD-BlockAADWorkplaceJoin-Default","100"]}
{"RecordNumber":23633,"TimeGenerated":"2025-06-23 17:24:45 +0700","TimeWritten":"2025-06-23 17:24:45 +0700","EventID":1034,"Qualifiers":16384,"EventType":"Information","EventCategory":0,"Channel":"Application","SourceName":"Software Protection Platform Service","ComputerName":"DESKTOP-RB8ENUF","Data":"","Sid":"","Message":"Duplicate definition of policy found. Policy name=AAD-BlockAADWorkplaceJoin-Default  Priority=100\r\n","StringInserts":["AAD-BlockAADWorkplaceJoin-Default","100"]}
{"RecordNumber":23634,"TimeGenerated":"2025-06-23 17:24:45 +0700","TimeWritten":"2025-06-23 17:24:45 +0700","EventID":1034,"Qualifiers":16384,"EventType":"Information","EventCategory":0,"Channel":"Application","SourceName":"Software Protection Platform Service","ComputerName":"DESKTOP-RB8ENUF","Data":"","Sid":"","Message":"Duplicate definition of policy found. Policy name=AAD-BlockAADWorkplaceJoin-Default  Priority=100\r\n","StringInserts":["AAD-BlockAADWorkplaceJoin-Default","100"]}
{"RecordNumber":23635,"TimeGenerated":"2025-06-23 17:24:45 +0700","TimeWritten":"2025-06-23 17:24:45 +0700","EventID":1034,"Qualifiers":16384,"EventType":"Information","EventCategory":0,"Channel":"Application","SourceName":"Software Protection Platform Service","ComputerName":"DESKTOP-RB8ENUF","Data":"","Sid":"","Message":"Duplicate definition of policy found. Policy name=AAD-BlockAADWorkplaceJoin-Default  Priority=100\r\n","StringInserts":["AAD-BlockAADWorkplaceJoin-Default","100"]}
{"RecordNumber":23636,"TimeGenerated":"2025-06-23 17:24:45 +0700","TimeWritten":"2025-06-23 17:24:45 +0700","EventID":1034,"Qualifiers":16384,"EventType":"Information","EventCategory":0,"Channel":"Application","SourceName":"Software Protection Platform Service","ComputerName":"DESKTOP-RB8ENUF","Data":"","Sid":"","Message":"Duplicate definition of policy found. Policy name=AAD-BlockAADWorkplaceJoin-Default  Priority=100\r\n","StringInserts":["AAD-BlockAADWorkplaceJoin-Default","100"]}
{"RecordNumber":23637,"TimeGenerated":"2025-06-23 17:24:45 +0700","TimeWritten":"2025-06-23 17:24:45 +0700","EventID":1034,"Qualifiers":16384,"EventType":"Information","EventCategory":0,"Channel":"Application","SourceName":"Software Protection Platform Service","ComputerName":"DESKTOP-RB8ENUF","Data":"","Sid":"","Message":"Duplicate definition of policy found. Policy name=AAD-BlockAADWorkplaceJoin-Default  Priority=100\r\n","StringInserts":["AAD-BlockAADWorkplaceJoin-Default","100"]}
{"RecordNumber":23638,"TimeGenerated":"2025-06-23 17:24:45 +0700","TimeWritten":"2025-06-23 17:24:45 +0700","EventID":1034,"Qualifiers":16384,"EventType":"Information","EventCategory":0,"Channel":"Application","SourceName":"Software Protection Platform Service","ComputerName":"DESKTOP-RB8ENUF","Data":"","Sid":"","Message":"Duplicate definition of policy found. Policy name=AAD-BlockAADWorkplaceJoin-Default  Priority=100\r\n","StringInserts":["AAD-BlockAADWorkplaceJoin-Default","100"]}
{"RecordNumber":23639,"TimeGenerated":"2025-06-23 17:24:45 +0700","TimeWritten":"2025-06-23 17:24:45 +0700","EventID":1034,"Qualifiers":16384,"EventType":"Information","EventCategory":0,"Channel":"Application","SourceName":"Software Protection Platform Service","ComputerName":"DESKTOP-RB8ENUF","Data":"","Sid":"","Message":"Duplicate definition of policy found. Policy name=AAD-BlockAADWorkplaceJoin-Default  Priority=100\r\n","StringInserts":["AAD-BlockAADWorkplaceJoin-Default","100"]}
{"RecordNumber":23640,"TimeGenerated":"2025-06-23 17:24:45 +0700","TimeWritten":"2025-06-23 17:24:45 +0700","EventID":1034,"Qualifiers":16384,"EventType":"Information","EventCategory":0,"Channel":"Application","SourceName":"Software Protection Platform Service","ComputerName":"DESKTOP-RB8ENUF","Data":"","Sid":"","Message":"Duplicate definition of policy found. Policy name=AAD-BlockAADWorkplaceJoin-Default  Priority=100\r\n","StringInserts":["AAD-BlockAADWorkplaceJoin-Default","100"]}
{"RecordNumber":23641,"TimeGenerated":"2025-06-23 17:24:45 +0700","TimeWritten":"2025-06-23 17:24:45 +0700","EventID":1034,"Qualifiers":16384,"EventType":"Information","EventCategory":0,"Channel":"Application","SourceName":"Software Protection Platform Service","ComputerName":"DESKTOP-RB8ENUF","Data":"","Sid":"","Message":"Duplicate definition of policy found. Policy name=AAD-BlockAADWorkplaceJoin-Default  Priority=100\r\n","StringInserts":["AAD-BlockAADWorkplaceJoin-Default","100"]}
{"RecordNumber":23642,"TimeGenerated":"2025-06-23 17:24:45 +0700","TimeWritten":"2025-06-23 17:24:45 +0700","EventID":1034,"Qualifiers":16384,"EventType":"Information","EventCategory":0,"Channel":"Application","SourceName":"Software Protection Platform Service","ComputerName":"DESKTOP-RB8ENUF","Data":"","Sid":"","Message":"Duplicate definition of policy found. Policy name=AAD-BlockAADWorkplaceJoin-Default  Priority=100\r\n","StringInserts":["AAD-BlockAADWorkplaceJoin-Default","100"]}
{"RecordNumber":23643,"TimeGenerated":"2025-06-23 17:24:45 +0700","TimeWritten":"2025-06-23 17:24:45 +0700","EventID":1034,"Qualifiers":16384,"EventType":"Information","EventCategory":0,"Channel":"Application","SourceName":"Software Protection Platform Service","ComputerName":"DESKTOP-RB8ENUF","Data":"","Sid":"","Message":"Duplicate definition of policy found. Policy name=AAD-BlockAADWorkplaceJoin-Default  Priority=100\r\n","StringInserts":["AAD-BlockAADWorkplaceJoin-Default","100"]}
{"RecordNumber":23644,"TimeGenerated":"2025-06-23 17:24:45 +0700","TimeWritten":"2025-06-23 17:24:45 +0700","EventID":1034,"Qualifiers":16384,"EventType":"Information","EventCategory":0,"Channel":"Application","SourceName":"Software Protection Platform Service","ComputerName":"DESKTOP-RB8ENUF","Data":"","Sid":"","Message":"Duplicate definition of policy found. Policy name=AAD-BlockAADWorkplaceJoin-Default  Priority=100\r\n","StringInserts":["AAD-BlockAADWorkplaceJoin-Default","100"]}
{"RecordNumber":23645,"TimeGenerated":"2025-06-23 17:24:45 +0700","TimeWritten":"2025-06-23 17:24:45 +0700","EventID":1034,"Qualifiers":16384,"EventType":"Information","EventCategory":0,"Channel":"Application","SourceName":"Software Protection Platform Service","ComputerName":"DESKTOP-RB8ENUF","Data":"","Sid":"","Message":"Duplicate definition of policy found. Policy name=AAD-BlockAADWorkplaceJoin-Default  Priority=100\r\n","StringInserts":["AAD-BlockAADWorkplaceJoin-Default","100"]}
{"RecordNumber":23646,"TimeGenerated":"2025-06-23 17:24:45 +0700","TimeWritten":"2025-06-23 17:24:45 +0700","EventID":0,"Qualifiers":0,"EventType":"Information","EventCategory":0,"Channel":"Application","SourceName":"edgeupdate","ComputerName":"DESKTOP-RB8ENUF","Data":"","Sid":"","Message":"Service stopped.\r\n","StringInserts":["Service stopped"]}
{"RecordNumber":23647,"TimeGenerated":"2025-06-23 17:24:45 +0700","TimeWritten":"2025-06-23 17:24:45 +0700","EventID":1034,"Qualifiers":16384,"EventType":"Information","EventCategory":0,"Channel":"Application","SourceName":"Software Protection Platform Service","ComputerName":"DESKTOP-RB8ENUF","Data":"","Sid":"","Message":"Duplicate definition of policy found. Policy name=AAD-BlockAADWorkplaceJoin-Default  Priority=100\r\n","StringInserts":["AAD-BlockAADWorkplaceJoin-Default","100"]}
{"RecordNumber":23648,"TimeGenerated":"2025-06-23 17:24:46 +0700","TimeWritten":"2025-06-23 17:24:46 +0700","EventID":1034,"Qualifiers":16384,"EventType":"Information","EventCategory":0,"Channel":"Application","SourceName":"Software Protection Platform Service","ComputerName":"DESKTOP-RB8ENUF","Data":"","Sid":"","Message":"Duplicate definition of policy found. Policy name=AAD-BlockAADWorkplaceJoin-Default  Priority=100\r\n","StringInserts":["AAD-BlockAADWorkplaceJoin-Default","100"]}
{"RecordNumber":23649,"TimeGenerated":"2025-06-23 17:24:46 +0700","TimeWritten":"2025-06-23 17:24:46 +0700","EventID":1034,"Qualifiers":16384,"EventType":"Information","EventCategory":0,"Channel":"Application","SourceName":"Software Protection Platform Service","ComputerName":"DESKTOP-RB8ENUF","Data":"","Sid":"","Message":"Duplicate definition of policy found. Policy name=AAD-BlockAADWorkplaceJoin-Default  Priority=100\r\n","StringInserts":["AAD-BlockAADWorkplaceJoin-Default","100"]}
{"RecordNumber":23650,"TimeGenerated":"2025-06-23 17:24:46 +0700","TimeWritten":"2025-06-23 17:24:46 +0700","EventID":1034,"Qualifiers":16384,"EventType":"Information","EventCategory":0,"Channel":"Application","SourceName":"Software Protection Platform Service","ComputerName":"DESKTOP-RB8ENUF","Data":"","Sid":"","Message":"Duplicate definition of policy found. Policy name=AAD-BlockAADWorkplaceJoin-Default  Priority=100\r\n","StringInserts":["AAD-BlockAADWorkplaceJoin-Default","100"]}
{"RecordNumber":23651,"TimeGenerated":"2025-06-23 17:24:46 +0700","TimeWritten":"2025-06-23 17:24:46 +0700","EventID":1034,"Qualifiers":16384,"EventType":"Information","EventCategory":0,"Channel":"Application","SourceName":"Software Protection Platform Service","ComputerName":"DESKTOP-RB8ENUF","Data":"","Sid":"","Message":"Duplicate definition of policy found. Policy name=AAD-BlockAADWorkplaceJoin-Default  Priority=100\r\n","StringInserts":["AAD-BlockAADWorkplaceJoin-Default","100"]}
{"RecordNumber":23652,"TimeGenerated":"2025-06-23 17:24:46 +0700","TimeWritten":"2025-06-23 17:24:46 +0700","EventID":1034,"Qualifiers":16384,"EventType":"Information","EventCategory":0,"Channel":"Application","SourceName":"Software Protection Platform Service","ComputerName":"DESKTOP-RB8ENUF","Data":"","Sid":"","Message":"Duplicate definition of policy found. Policy name=AAD-BlockAADWorkplaceJoin-Default  Priority=100\r\n","StringInserts":["AAD-BlockAADWorkplaceJoin-Default","100"]}
{"RecordNumber":23653,"TimeGenerated":"2025-06-23 17:24:46 +0700","TimeWritten":"2025-06-23 17:24:46 +0700","EventID":1034,"Qualifiers":16384,"EventType":"Information","EventCategory":0,"Channel":"Application","SourceName":"Software Protection Platform Service","ComputerName":"DESKTOP-RB8ENUF","Data":"","Sid":"","Message":"Duplicate definition of policy found. Policy name=AAD-BlockAADWorkplaceJoin-Default  Priority=100\r\n","StringInserts":["AAD-BlockAADWorkplaceJoin-Default","100"]}
{"RecordNumber":23654,"TimeGenerated":"2025-06-23 17:24:46 +0700","TimeWritten":"2025-06-23 17:24:46 +0700","EventID":1034,"Qualifiers":16384,"EventType":"Information","EventCategory":0,"Channel":"Application","SourceName":"Software Protection Platform Service","ComputerName":"DESKTOP-RB8ENUF","Data":"","Sid":"","Message":"Duplicate definition of policy found. Policy name=Security-SPP-IgnoreDeferredActivation  Priority=500\r\n","StringInserts":["Security-SPP-IgnoreDeferredActivation","500"]}
{"RecordNumber":23655,"TimeGenerated":"2025-06-23 17:24:46 +0700","TimeWritten":"2025-06-23 17:24:46 +0700","EventID":1033,"Qualifiers":16384,"EventType":"Information","EventCategory":0,"Channel":"Application","SourceName":"Software Protection Platform Service","ComputerName":"DESKTOP-RB8ENUF","Data":"","Sid":"","Message":"These policies are being excluded since they are only defined with override-only attribute.\r\nPolicy Names=(Security-SPP-Reserved-EnableNotificationMode) \r\nApp Id=55c92734-d682-4d71-983e-d6ec3f16059f\r\nSku Id=2de67392-b7a7-462a-b1ca-108dd189f588\r\n","StringInserts":["(Security-SPP-Reserved-EnableNotificationMode) ","55c92734-d682-4d71-983e-d6ec3f16059f","2de67392-b7a7-462a-b1ca-108dd189f588"]}
