{"RecordNumber":24983,"TimeGenerated":"2025-07-08 22:54:17 +0700","TimeWritten":"2025-07-08 22:54:17 +0700","EventID":16394,"Qualifiers":49152,"EventType":"Information","EventCategory":0,"Channel":"Application","SourceName":"Software Protection Platform Service","ComputerName":"DESKTOP-RB8ENUF","Data":"","Sid":"","Message":"Offline downlevel migration succeeded.\r\n","StringInserts":[]}
{"RecordNumber":24984,"TimeGenerated":"2025-07-08 22:54:18 +0700","TimeWritten":"2025-07-08 22:54:18 +0700","EventID":1001,"Qualifiers":0,"EventType":"Information","EventCategory":0,"Channel":"Application","SourceName":"Windows Error Reporting","ComputerName":"DESKTOP-RB8ENUF","Data":"","Sid":"","Message":"Fault bucket , type 0\r\nEvent Name: StoreAgentInstallFailure1\r\nResponse: Not available\r\nCab Id: 0\r\n\r\nProblem signature:\r\nP1: Update;ScanForUpdatesForUser\r\nP2: 80073d02\r\nP3: 19045\r\nP4: 5965\r\nP5: Windows.Desktop\r\nP6: Z\r\nP7: \r\nP8: \r\nP9: \r\nP10: \r\n\r\nAttached files:\r\n\\\\?\\C:\\Windows\\TEMP\\FailureReportMetadata_2340.txt\r\n\\\\?\\C:\\ProgramData\\Microsoft\\Windows\\WER\\Temp\\WER7F65.tmp.WERInternalMetadata.xml\r\n\\\\?\\C:\\ProgramData\\Microsoft\\Windows\\WER\\Temp\\WER7F95.tmp.xml\r\n\\\\?\\C:\\ProgramData\\Microsoft\\Windows\\WER\\Temp\\WER7FBE.tmp.csv\r\n\\\\?\\C:\\ProgramData\\Microsoft\\Windows\\WER\\Temp\\WER7FDF.tmp.txt\r\n\r\nThese files may be available here:\r\n\\\\?\\C:\\ProgramData\\Microsoft\\Windows\\WER\\ReportQueue\\NonCritical_Update;ScanForUp_5d471b2e81af2d1e85f1627741fcc9acb13ceb_00000000_cab_1c5dd838-b1ec-437a-b611-7b0e6ac4870f\r\n\r\nAnalysis symbol: \r\nRechecking for solution: 0\r\nReport Id: 1c5dd838-b1ec-437a-b611-7b0e6ac4870f\r\nReport Status: 4\r\nHashed bucket: \r\nCab Guid: 0\r\n","StringInserts":["","0","StoreAgentInstallFailure1","Not available","0","Update;ScanForUpdatesForUser","80073d02","19045","5965","Windows.Desktop","Z","","","","","\r\n\\\\?\\C:\\Windows\\TEMP\\FailureReportMetadata_2340.txt\r\n\\\\?\\C:\\ProgramData\\Microsoft\\Windows\\WER\\Temp\\WER7F65.tmp.WERInternalMetadata.xml\r\n\\\\?\\C:\\ProgramData\\Microsoft\\Windows\\WER\\Temp\\WER7F95.tmp.xml\r\n\\\\?\\C:\\ProgramData\\Microsoft\\Windows\\WER\\Temp\\WER7FBE.tmp.csv\r\n\\\\?\\C:\\ProgramData\\Microsoft\\Windows\\WER\\Temp\\WER7FDF.tmp.txt","\\\\?\\C:\\ProgramData\\Microsoft\\Windows\\WER\\ReportQueue\\NonCritical_Update;ScanForUp_5d471b2e81af2d1e85f1627741fcc9acb13ceb_00000000_cab_1c5dd838-b1ec-437a-b611-7b0e6ac4870f","","0","1c5dd838-b1ec-437a-b611-7b0e6ac4870f","4","","0"]}
{"RecordNumber":24985,"TimeGenerated":"2025-07-08 22:54:19 +0700","TimeWritten":"2025-07-08 22:54:19 +0700","EventID":1001,"Qualifiers":0,"EventType":"Information","EventCategory":0,"Channel":"Application","SourceName":"Windows Error Reporting","ComputerName":"DESKTOP-RB8ENUF","Data":"","Sid":"","Message":"Fault bucket 1426344628300690160, type 5\r\nEvent Name: StoreAgentInstallFailure1\r\nResponse: Not available\r\nCab Id: 0\r\n\r\nProblem signature:\r\nP1: Update;ScanForUpdatesForUser\r\nP2: 80073d02\r\nP3: 19045\r\nP4: 5965\r\nP5: Windows.Desktop\r\nP6: Z\r\nP7: \r\nP8: \r\nP9: \r\nP10: \r\n\r\nAttached files:\r\n\\\\?\\C:\\Windows\\TEMP\\FailureReportMetadata_2340.txt\r\n\\\\?\\C:\\ProgramData\\Microsoft\\Windows\\WER\\Temp\\WER7F65.tmp.WERInternalMetadata.xml\r\n\\\\?\\C:\\ProgramData\\Microsoft\\Windows\\WER\\Temp\\WER7F95.tmp.xml\r\n\\\\?\\C:\\ProgramData\\Microsoft\\Windows\\WER\\Temp\\WER7FBE.tmp.csv\r\n\\\\?\\C:\\ProgramData\\Microsoft\\Windows\\WER\\Temp\\WER7FDF.tmp.txt\r\n\r\nThese files may be available here:\r\n\\\\?\\C:\\ProgramData\\Microsoft\\Windows\\WER\\ReportArchive\\NonCritical_Update;ScanForUp_5d471b2e81af2d1e85f1627741fcc9acb13ceb_00000000_1c5dd838-b1ec-437a-b611-7b0e6ac4870f\r\n\r\nAnalysis symbol: \r\nRechecking for solution: 0\r\nReport Id: 1c5dd838-b1ec-437a-b611-7b0e6ac4870f\r\nReport Status: 268435456\r\nHashed bucket: 2c4a32498cfb0c34c3cb64e1e12632f0\r\nCab Guid: 0\r\n","StringInserts":["1426344628300690160","5","StoreAgentInstallFailure1","Not available","0","Update;ScanForUpdatesForUser","80073d02","19045","5965","Windows.Desktop","Z","","","","","\r\n\\\\?\\C:\\Windows\\TEMP\\FailureReportMetadata_2340.txt\r\n\\\\?\\C:\\ProgramData\\Microsoft\\Windows\\WER\\Temp\\WER7F65.tmp.WERInternalMetadata.xml\r\n\\\\?\\C:\\ProgramData\\Microsoft\\Windows\\WER\\Temp\\WER7F95.tmp.xml\r\n\\\\?\\C:\\ProgramData\\Microsoft\\Windows\\WER\\Temp\\WER7FBE.tmp.csv\r\n\\\\?\\C:\\ProgramData\\Microsoft\\Windows\\WER\\Temp\\WER7FDF.tmp.txt","\\\\?\\C:\\ProgramData\\Microsoft\\Windows\\WER\\ReportArchive\\NonCritical_Update;ScanForUp_5d471b2e81af2d1e85f1627741fcc9acb13ceb_00000000_1c5dd838-b1ec-437a-b611-7b0e6ac4870f","","0","1c5dd838-b1ec-437a-b611-7b0e6ac4870f","268435456","2c4a32498cfb0c34c3cb64e1e12632f0","0"]}
{"RecordNumber":24986,"TimeGenerated":"2025-07-08 22:54:52 +0700","TimeWritten":"2025-07-08 22:54:52 +0700","EventID":16384,"Qualifiers":16384,"EventType":"Information","EventCategory":0,"Channel":"Application","SourceName":"Software Protection Platform Service","ComputerName":"DESKTOP-RB8ENUF","Data":"","Sid":"","Message":"Successfully scheduled Software Protection service for re-start at 2025-07-09T06:42:52Z. Reason: RulesEngine.\r\n","StringInserts":["2025-07-09T06:42:52Z","RulesEngine"]}
{"RecordNumber":24987,"TimeGenerated":"2025-07-08 22:54:59 +0700","TimeWritten":"2025-07-08 22:54:59 +0700","EventID":1001,"Qualifiers":0,"EventType":"Information","EventCategory":0,"Channel":"Application","SourceName":"Windows Error Reporting","ComputerName":"DESKTOP-RB8ENUF","Data":"","Sid":"","Message":"Fault bucket 1830757919003997482, type 5\r\nEvent Name: MoAppHang\r\nResponse: Not available\r\nCab Id: 0\r\n\r\nProblem signature:\r\nP1: Microsoft.Copilot_1.25053.93.0_x64__8wekyb3d8bbwe\r\nP2: praid:App\r\nP3: 10.0.19041.3636\r\nP4: 5f959e44\r\nP5: 463a\r\nP6: 2097152\r\nP7: \r\nP8: \r\nP9: \r\nP10: \r\n\r\nAttached files:\r\n\\\\?\\C:\\ProgramData\\Microsoft\\Windows\\WER\\Temp\\WER10C3.tmp.WERInternalMetadata.xml\r\n\\\\?\\C:\\ProgramData\\Microsoft\\Windows\\WER\\Temp\\WER10E4.tmp.xml\r\n\\\\?\\C:\\ProgramData\\Microsoft\\Windows\\WER\\Temp\\WER10F4.tmp.csv\r\n\\\\?\\C:\\ProgramData\\Microsoft\\Windows\\WER\\Temp\\WER1105.tmp.txt\r\n\r\nThese files may be available here:\r\n\\\\?\\C:\\ProgramData\\Microsoft\\Windows\\WER\\ReportArchive\\AppHang_Microsoft.Copilo_16672fa19e17d96e35ed4a03795859e9372f65e_93b3f2e2_6eca7baa-0caa-4d5d-9b88-d8a8fa76f524\r\n\r\nAnalysis symbol: \r\nRechecking for solution: 0\r\nReport Id: 69cf773d-56e5-4cbe-ab3a-db744f655219\r\nReport Status: 268435456\r\nHashed bucket: 84dd1e367189a21a596828a0a7f7752a\r\nCab Guid: 0\r\n","StringInserts":["1830757919003997482","5","MoAppHang","Not available","0","Microsoft.Copilot_1.25053.93.0_x64__8wekyb3d8bbwe","praid:App","10.0.19041.3636","5f959e44","463a","2097152","","","","","\r\n\\\\?\\C:\\ProgramData\\Microsoft\\Windows\\WER\\Temp\\WER10C3.tmp.WERInternalMetadata.xml\r\n\\\\?\\C:\\ProgramData\\Microsoft\\Windows\\WER\\Temp\\WER10E4.tmp.xml\r\n\\\\?\\C:\\ProgramData\\Microsoft\\Windows\\WER\\Temp\\WER10F4.tmp.csv\r\n\\\\?\\C:\\ProgramData\\Microsoft\\Windows\\WER\\Temp\\WER1105.tmp.txt","\\\\?\\C:\\ProgramData\\Microsoft\\Windows\\WER\\ReportArchive\\AppHang_Microsoft.Copilo_16672fa19e17d96e35ed4a03795859e9372f65e_93b3f2e2_6eca7baa-0caa-4d5d-9b88-d8a8fa76f524","","0","69cf773d-56e5-4cbe-ab3a-db744f655219","268435456","84dd1e367189a21a596828a0a7f7752a","0"]}
{"RecordNumber":24988,"TimeGenerated":"2025-07-08 22:54:59 +0700","TimeWritten":"2025-07-08 22:54:59 +0700","EventID":1002,"Qualifiers":0,"EventType":"Error","EventCategory":101,"Channel":"Application","SourceName":"Application Hang","ComputerName":"DESKTOP-RB8ENUF","Data":"510075006900650073006300650000000000","Sid":"","Message":"The program dllhost.exe version 10.0.19041.3636 stopped interacting with Windows and was closed. To see if more information about the problem is available, check the problem history in the Security and Maintenance control panel.\r\n\r\nProcess ID: 661c\r\n\r\nStart Time: 01dbe5ae33f68faf\r\n\r\nTermination Time: 4294967295\r\n\r\nApplication Path: C:\\Windows\\System32\\dllhost.exe\r\n\r\nReport Id: 69cf773d-56e5-4cbe-ab3a-db744f655219\r\n\r\nFaulting package full name: Microsoft.Copilot_1.25053.93.0_x64__8wekyb3d8bbwe\r\n\r\nFaulting package-relative application ID: App\r\n\r\nHang type: Quiesce\r\n\r\n","StringInserts":["dllhost.exe","10.0.19041.3636","661c","01dbe5ae33f68faf","4294967295","C:\\Windows\\System32\\dllhost.exe","69cf773d-56e5-4cbe-ab3a-db744f655219","Microsoft.Copilot_1.25053.93.0_x64__8wekyb3d8bbwe","App","Quiesce"]}
{"RecordNumber":24989,"TimeGenerated":"2025-07-08 23:54:03 +0700","TimeWritten":"2025-07-08 23:54:03 +0700","EventID":16394,"Qualifiers":49152,"EventType":"Information","EventCategory":0,"Channel":"Application","SourceName":"Software Protection Platform Service","ComputerName":"DESKTOP-RB8ENUF","Data":"","Sid":"","Message":"Offline downlevel migration succeeded.\r\n","StringInserts":[]}
{"RecordNumber":24990,"TimeGenerated":"2025-07-08 23:54:21 +0700","TimeWritten":"2025-07-08 23:54:21 +0700","EventID":1001,"Qualifiers":0,"EventType":"Information","EventCategory":0,"Channel":"Application","SourceName":"Windows Error Reporting","ComputerName":"DESKTOP-RB8ENUF","Data":"","Sid":"","Message":"Fault bucket , type 0\r\nEvent Name: StoreAgentScanForUpdatesFailure0\r\nResponse: Not available\r\nCab Id: 0\r\n\r\nProblem signature:\r\nP1: Update;\r\nP2: 8024402c\r\nP3: 19045\r\nP4: 5965\r\nP5: Windows.Desktop\r\nP6: \r\nP7: \r\nP8: \r\nP9: \r\nP10: \r\n\r\nAttached files:\r\n\\\\?\\C:\\ProgramData\\Microsoft\\Windows\\WER\\Temp\\WER7941.tmp.WERInternalMetadata.xml\r\n\\\\?\\C:\\ProgramData\\Microsoft\\Windows\\WER\\Temp\\WER7961.tmp.xml\r\n\\\\?\\C:\\ProgramData\\Microsoft\\Windows\\WER\\Temp\\WER7979.tmp.csv\r\n\\\\?\\C:\\ProgramData\\Microsoft\\Windows\\WER\\Temp\\WER798A.tmp.txt\r\n\r\nThese files may be available here:\r\n\\\\?\\C:\\ProgramData\\Microsoft\\Windows\\WER\\ReportQueue\\NonCritical_Update;_87739014a5af8e989ca21d49969f7935f21c3eef_00000000_cab_15f6b6de-63cf-48e6-be16-eb9748b97ca0\r\n\r\nAnalysis symbol: \r\nRechecking for solution: 0\r\nReport Id: 15f6b6de-63cf-48e6-be16-eb9748b97ca0\r\nReport Status: 4\r\nHashed bucket: \r\nCab Guid: 0\r\n","StringInserts":["","0","StoreAgentScanForUpdatesFailure0","Not available","0","Update;","8024402c","19045","5965","Windows.Desktop","","","","","","\r\n\\\\?\\C:\\ProgramData\\Microsoft\\Windows\\WER\\Temp\\WER7941.tmp.WERInternalMetadata.xml\r\n\\\\?\\C:\\ProgramData\\Microsoft\\Windows\\WER\\Temp\\WER7961.tmp.xml\r\n\\\\?\\C:\\ProgramData\\Microsoft\\Windows\\WER\\Temp\\WER7979.tmp.csv\r\n\\\\?\\C:\\ProgramData\\Microsoft\\Windows\\WER\\Temp\\WER798A.tmp.txt","\\\\?\\C:\\ProgramData\\Microsoft\\Windows\\WER\\ReportQueue\\NonCritical_Update;_87739014a5af8e989ca21d49969f7935f21c3eef_00000000_cab_15f6b6de-63cf-48e6-be16-eb9748b97ca0","","0","15f6b6de-63cf-48e6-be16-eb9748b97ca0","4","","0"]}
{"RecordNumber":24991,"TimeGenerated":"2025-07-08 23:54:21 +0700","TimeWritten":"2025-07-08 23:54:21 +0700","EventID":1001,"Qualifiers":0,"EventType":"Information","EventCategory":0,"Channel":"Application","SourceName":"Windows Error Reporting","ComputerName":"DESKTOP-RB8ENUF","Data":"","Sid":"","Message":"Fault bucket , type 0\r\nEvent Name: StoreAgentScanForUpdatesFailure0\r\nResponse: Not available\r\nCab Id: 0\r\n\r\nProblem signature:\r\nP1: Update;\r\nP2: 8024402c\r\nP3: 19045\r\nP4: 5965\r\nP5: Windows.Desktop\r\nP6: \r\nP7: \r\nP8: \r\nP9: \r\nP10: \r\n\r\nAttached files:\r\n\\\\?\\C:\\ProgramData\\Microsoft\\Windows\\WER\\Temp\\WER7941.tmp.WERInternalMetadata.xml\r\n\\\\?\\C:\\ProgramData\\Microsoft\\Windows\\WER\\Temp\\WER7961.tmp.xml\r\n\\\\?\\C:\\ProgramData\\Microsoft\\Windows\\WER\\Temp\\WER7979.tmp.csv\r\n\\\\?\\C:\\ProgramData\\Microsoft\\Windows\\WER\\Temp\\WER798A.tmp.txt\r\n\r\nThese files may be available here:\r\n\\\\?\\C:\\ProgramData\\Microsoft\\Windows\\WER\\ReportQueue\\NonCritical_Update;_87739014a5af8e989ca21d49969f7935f21c3eef_00000000_cab_15f6b6de-63cf-48e6-be16-eb9748b97ca0\r\n\r\nAnalysis symbol: \r\nRechecking for solution: 0\r\nReport Id: 15f6b6de-63cf-48e6-be16-eb9748b97ca0\r\nReport Status: 100\r\nHashed bucket: \r\nCab Guid: 0\r\n","StringInserts":["","0","StoreAgentScanForUpdatesFailure0","Not available","0","Update;","8024402c","19045","5965","Windows.Desktop","","","","","","\r\n\\\\?\\C:\\ProgramData\\Microsoft\\Windows\\WER\\Temp\\WER7941.tmp.WERInternalMetadata.xml\r\n\\\\?\\C:\\ProgramData\\Microsoft\\Windows\\WER\\Temp\\WER7961.tmp.xml\r\n\\\\?\\C:\\ProgramData\\Microsoft\\Windows\\WER\\Temp\\WER7979.tmp.csv\r\n\\\\?\\C:\\ProgramData\\Microsoft\\Windows\\WER\\Temp\\WER798A.tmp.txt","\\\\?\\C:\\ProgramData\\Microsoft\\Windows\\WER\\ReportQueue\\NonCritical_Update;_87739014a5af8e989ca21d49969f7935f21c3eef_00000000_cab_15f6b6de-63cf-48e6-be16-eb9748b97ca0","","0","15f6b6de-63cf-48e6-be16-eb9748b97ca0","100","","0"]}
{"RecordNumber":24992,"TimeGenerated":"2025-07-08 23:54:34 +0700","TimeWritten":"2025-07-08 23:54:34 +0700","EventID":16384,"Qualifiers":16384,"EventType":"Information","EventCategory":0,"Channel":"Application","SourceName":"Software Protection Platform Service","ComputerName":"DESKTOP-RB8ENUF","Data":"","Sid":"","Message":"Successfully scheduled Software Protection service for re-start at 2025-07-09T06:42:34Z. Reason: RulesEngine.\r\n","StringInserts":["2025-07-09T06:42:34Z","RulesEngine"]}
{"RecordNumber":24993,"TimeGenerated":"2025-07-08 23:59:42 +0700","TimeWritten":"2025-07-08 23:59:42 +0700","EventID":1001,"Qualifiers":0,"EventType":"Information","EventCategory":0,"Channel":"Application","SourceName":"Windows Error Reporting","ComputerName":"DESKTOP-RB8ENUF","Data":"","Sid":"","Message":"Fault bucket , type 0\r\nEvent Name: StoreAgentScanForUpdatesFailure0\r\nResponse: Not available\r\nCab Id: 0\r\n\r\nProblem signature:\r\nP1: Update;\r\nP2: 8024402c\r\nP3: 19045\r\nP4: 5965\r\nP5: Windows.Desktop\r\nP6: \r\nP7: \r\nP8: \r\nP9: \r\nP10: \r\n\r\nAttached files:\r\n\\\\?\\C:\\ProgramData\\Microsoft\\Windows\\WER\\Temp\\WER7941.tmp.WERInternalMetadata.xml\r\n\\\\?\\C:\\ProgramData\\Microsoft\\Windows\\WER\\Temp\\WER7961.tmp.xml\r\n\\\\?\\C:\\ProgramData\\Microsoft\\Windows\\WER\\Temp\\WER7979.tmp.csv\r\n\\\\?\\C:\\ProgramData\\Microsoft\\Windows\\WER\\Temp\\WER798A.tmp.txt\r\n\r\nThese files may be available here:\r\n\\\\?\\C:\\ProgramData\\Microsoft\\Windows\\WER\\ReportQueue\\NonCritical_Update;_87739014a5af8e989ca21d49969f7935f21c3eef_00000000_cab_15f6b6de-63cf-48e6-be16-eb9748b97ca0\r\n\r\nAnalysis symbol: \r\nRechecking for solution: 0\r\nReport Id: 15f6b6de-63cf-48e6-be16-eb9748b97ca0\r\nReport Status: 100\r\nHashed bucket: \r\nCab Guid: 0\r\n","StringInserts":["","0","StoreAgentScanForUpdatesFailure0","Not available","0","Update;","8024402c","19045","5965","Windows.Desktop","","","","","","\r\n\\\\?\\C:\\ProgramData\\Microsoft\\Windows\\WER\\Temp\\WER7941.tmp.WERInternalMetadata.xml\r\n\\\\?\\C:\\ProgramData\\Microsoft\\Windows\\WER\\Temp\\WER7961.tmp.xml\r\n\\\\?\\C:\\ProgramData\\Microsoft\\Windows\\WER\\Temp\\WER7979.tmp.csv\r\n\\\\?\\C:\\ProgramData\\Microsoft\\Windows\\WER\\Temp\\WER798A.tmp.txt","\\\\?\\C:\\ProgramData\\Microsoft\\Windows\\WER\\ReportQueue\\NonCritical_Update;_87739014a5af8e989ca21d49969f7935f21c3eef_00000000_cab_15f6b6de-63cf-48e6-be16-eb9748b97ca0","","0","15f6b6de-63cf-48e6-be16-eb9748b97ca0","100","","0"]}
{"RecordNumber":24994,"TimeGenerated":"2025-07-09 00:54:06 +0700","TimeWritten":"2025-07-09 00:54:06 +0700","EventID":16394,"Qualifiers":49152,"EventType":"Information","EventCategory":0,"Channel":"Application","SourceName":"Software Protection Platform Service","ComputerName":"DESKTOP-RB8ENUF","Data":"","Sid":"","Message":"Offline downlevel migration succeeded.\r\n","StringInserts":[]}
{"RecordNumber":24995,"TimeGenerated":"2025-07-09 00:54:37 +0700","TimeWritten":"2025-07-09 00:54:37 +0700","EventID":16384,"Qualifiers":16384,"EventType":"Information","EventCategory":0,"Channel":"Application","SourceName":"Software Protection Platform Service","ComputerName":"DESKTOP-RB8ENUF","Data":"","Sid":"","Message":"Successfully scheduled Software Protection service for re-start at 2025-07-09T06:42:37Z. Reason: RulesEngine.\r\n","StringInserts":["2025-07-09T06:42:37Z","RulesEngine"]}
{"RecordNumber":24996,"TimeGenerated":"2025-07-09 01:33:02 +0700","TimeWritten":"2025-07-09 01:33:02 +0700","EventID":0,"Qualifiers":0,"EventType":"Information","EventCategory":0,"Channel":"Application","SourceName":"coccoc","ComputerName":"DESKTOP-RB8ENUF","Data":"","Sid":"","Message":"","StringInserts":["Service stopped"]}
{"RecordNumber":24997,"TimeGenerated":"2025-07-09 02:32:43 +0700","TimeWritten":"2025-07-09 02:32:43 +0700","EventID":0,"Qualifiers":0,"EventType":"Information","EventCategory":0,"Channel":"Application","SourceName":"coccoc","ComputerName":"DESKTOP-RB8ENUF","Data":"","Sid":"","Message":"","StringInserts":["Service stopped"]}
{"RecordNumber":24998,"TimeGenerated":"2025-07-09 02:54:07 +0700","TimeWritten":"2025-07-09 02:54:07 +0700","EventID":16394,"Qualifiers":49152,"EventType":"Information","EventCategory":0,"Channel":"Application","SourceName":"Software Protection Platform Service","ComputerName":"DESKTOP-RB8ENUF","Data":"","Sid":"","Message":"Offline downlevel migration succeeded.\r\n","StringInserts":[]}
{"RecordNumber":24999,"TimeGenerated":"2025-07-09 02:54:43 +0700","TimeWritten":"2025-07-09 02:54:43 +0700","EventID":16384,"Qualifiers":16384,"EventType":"Information","EventCategory":0,"Channel":"Application","SourceName":"Software Protection Platform Service","ComputerName":"DESKTOP-RB8ENUF","Data":"","Sid":"","Message":"Successfully scheduled Software Protection service for re-start at 2025-07-09T06:42:43Z. Reason: RulesEngine.\r\n","StringInserts":["2025-07-09T06:42:43Z","RulesEngine"]}
{"RecordNumber":25000,"TimeGenerated":"2025-07-09 03:27:34 +0700","TimeWritten":"2025-07-09 03:27:34 +0700","EventID":16394,"Qualifiers":49152,"EventType":"Information","EventCategory":0,"Channel":"Application","SourceName":"Software Protection Platform Service","ComputerName":"DESKTOP-RB8ENUF","Data":"","Sid":"","Message":"Offline downlevel migration succeeded.\r\n","StringInserts":[]}
{"RecordNumber":25001,"TimeGenerated":"2025-07-09 03:28:04 +0700","TimeWritten":"2025-07-09 03:28:04 +0700","EventID":16384,"Qualifiers":16384,"EventType":"Information","EventCategory":0,"Channel":"Application","SourceName":"Software Protection Platform Service","ComputerName":"DESKTOP-RB8ENUF","Data":"","Sid":"","Message":"Successfully scheduled Software Protection service for re-start at 2025-07-09T06:43:04Z. Reason: RulesEngine.\r\n","StringInserts":["2025-07-09T06:43:04Z","RulesEngine"]}
{"RecordNumber":25002,"TimeGenerated":"2025-07-09 03:32:22 +0700","TimeWritten":"2025-07-09 03:32:22 +0700","EventID":0,"Qualifiers":0,"EventType":"Information","EventCategory":0,"Channel":"Application","SourceName":"coccoc","ComputerName":"DESKTOP-RB8ENUF","Data":"","Sid":"","Message":"","StringInserts":["Service stopped"]}
{"RecordNumber":25003,"TimeGenerated":"2025-07-09 03:45:00 +0700","TimeWritten":"2025-07-09 03:45:00 +0700","EventID":16394,"Qualifiers":49152,"EventType":"Information","EventCategory":0,"Channel":"Application","SourceName":"Software Protection Platform Service","ComputerName":"DESKTOP-RB8ENUF","Data":"","Sid":"","Message":"Offline downlevel migration succeeded.\r\n","StringInserts":[]}
{"RecordNumber":25004,"TimeGenerated":"2025-07-09 03:45:11 +0700","TimeWritten":"2025-07-09 03:45:11 +0700","EventID":1001,"Qualifiers":0,"EventType":"Information","EventCategory":0,"Channel":"Application","SourceName":"Windows Error Reporting","ComputerName":"DESKTOP-RB8ENUF","Data":"","Sid":"","Message":"Fault bucket , type 0\r\nEvent Name: StoreAgentScanForUpdatesFailure0\r\nResponse: Not available\r\nCab Id: 0\r\n\r\nProblem signature:\r\nP1: Update;\r\nP2: 8024402c\r\nP3: 19045\r\nP4: 5965\r\nP5: Windows.Desktop\r\nP6: \r\nP7: \r\nP8: \r\nP9: \r\nP10: \r\n\r\nAttached files:\r\n\\\\?\\C:\\ProgramData\\Microsoft\\Windows\\WER\\Temp\\WER7941.tmp.WERInternalMetadata.xml\r\n\\\\?\\C:\\ProgramData\\Microsoft\\Windows\\WER\\Temp\\WER7961.tmp.xml\r\n\\\\?\\C:\\ProgramData\\Microsoft\\Windows\\WER\\Temp\\WER7979.tmp.csv\r\n\\\\?\\C:\\ProgramData\\Microsoft\\Windows\\WER\\Temp\\WER798A.tmp.txt\r\n\r\nThese files may be available here:\r\n\\\\?\\C:\\ProgramData\\Microsoft\\Windows\\WER\\ReportQueue\\NonCritical_Update;_87739014a5af8e989ca21d49969f7935f21c3eef_00000000_cab_15f6b6de-63cf-48e6-be16-eb9748b97ca0\r\n\r\nAnalysis symbol: \r\nRechecking for solution: 0\r\nReport Id: 15f6b6de-63cf-48e6-be16-eb9748b97ca0\r\nReport Status: 100\r\nHashed bucket: \r\nCab Guid: 0\r\n","StringInserts":["","0","StoreAgentScanForUpdatesFailure0","Not available","0","Update;","8024402c","19045","5965","Windows.Desktop","","","","","","\r\n\\\\?\\C:\\ProgramData\\Microsoft\\Windows\\WER\\Temp\\WER7941.tmp.WERInternalMetadata.xml\r\n\\\\?\\C:\\ProgramData\\Microsoft\\Windows\\WER\\Temp\\WER7961.tmp.xml\r\n\\\\?\\C:\\ProgramData\\Microsoft\\Windows\\WER\\Temp\\WER7979.tmp.csv\r\n\\\\?\\C:\\ProgramData\\Microsoft\\Windows\\WER\\Temp\\WER798A.tmp.txt","\\\\?\\C:\\ProgramData\\Microsoft\\Windows\\WER\\ReportQueue\\NonCritical_Update;_87739014a5af8e989ca21d49969f7935f21c3eef_00000000_cab_15f6b6de-63cf-48e6-be16-eb9748b97ca0","","0","15f6b6de-63cf-48e6-be16-eb9748b97ca0","100","","0"]}
{"RecordNumber":25005,"TimeGenerated":"2025-07-09 03:45:30 +0700","TimeWritten":"2025-07-09 03:45:30 +0700","EventID":16384,"Qualifiers":16384,"EventType":"Information","EventCategory":0,"Channel":"Application","SourceName":"Software Protection Platform Service","ComputerName":"DESKTOP-RB8ENUF","Data":"","Sid":"","Message":"Successfully scheduled Software Protection service for re-start at 2025-07-09T06:43:30Z. Reason: RulesEngine.\r\n","StringInserts":["2025-07-09T06:43:30Z","RulesEngine"]}
{"RecordNumber":25006,"TimeGenerated":"2025-07-09 04:06:48 +0700","TimeWritten":"2025-07-09 04:06:48 +0700","EventID":16394,"Qualifiers":49152,"EventType":"Information","EventCategory":0,"Channel":"Application","SourceName":"Software Protection Platform Service","ComputerName":"DESKTOP-RB8ENUF","Data":"","Sid":"","Message":"Offline downlevel migration succeeded.\r\n","StringInserts":[]}
{"RecordNumber":25007,"TimeGenerated":"2025-07-09 04:07:24 +0700","TimeWritten":"2025-07-09 04:07:24 +0700","EventID":16384,"Qualifiers":16384,"EventType":"Information","EventCategory":0,"Channel":"Application","SourceName":"Software Protection Platform Service","ComputerName":"DESKTOP-RB8ENUF","Data":"","Sid":"","Message":"Successfully scheduled Software Protection service for re-start at 2025-07-09T06:43:24Z. Reason: RulesEngine.\r\n","StringInserts":["2025-07-09T06:43:24Z","RulesEngine"]}
{"RecordNumber":25008,"TimeGenerated":"2025-07-09 04:08:10 +0700","TimeWritten":"2025-07-09 04:08:10 +0700","EventID":16394,"Qualifiers":49152,"EventType":"Information","EventCategory":0,"Channel":"Application","SourceName":"Software Protection Platform Service","ComputerName":"DESKTOP-RB8ENUF","Data":"","Sid":"","Message":"Offline downlevel migration succeeded.\r\n","StringInserts":[]}
{"RecordNumber":25009,"TimeGenerated":"2025-07-09 04:08:41 +0700","TimeWritten":"2025-07-09 04:08:41 +0700","EventID":16384,"Qualifiers":16384,"EventType":"Information","EventCategory":0,"Channel":"Application","SourceName":"Software Protection Platform Service","ComputerName":"DESKTOP-RB8ENUF","Data":"","Sid":"","Message":"Successfully scheduled Software Protection service for re-start at 2025-07-09T06:42:41Z. Reason: RulesEngine.\r\n","StringInserts":["2025-07-09T06:42:41Z","RulesEngine"]}
{"RecordNumber":25010,"TimeGenerated":"2025-07-09 04:32:50 +0700","TimeWritten":"2025-07-09 04:32:50 +0700","EventID":0,"Qualifiers":0,"EventType":"Information","EventCategory":0,"Channel":"Application","SourceName":"coccoc","ComputerName":"DESKTOP-RB8ENUF","Data":"","Sid":"","Message":"","StringInserts":["Service stopped"]}
{"RecordNumber":25011,"TimeGenerated":"2025-07-09 04:51:09 +0700","TimeWritten":"2025-07-09 04:51:09 +0700","EventID":16394,"Qualifiers":49152,"EventType":"Information","EventCategory":0,"Channel":"Application","SourceName":"Software Protection Platform Service","ComputerName":"DESKTOP-RB8ENUF","Data":"","Sid":"","Message":"Offline downlevel migration succeeded.\r\n","StringInserts":[]}
{"RecordNumber":25012,"TimeGenerated":"2025-07-09 04:51:40 +0700","TimeWritten":"2025-07-09 04:51:40 +0700","EventID":16384,"Qualifiers":16384,"EventType":"Information","EventCategory":0,"Channel":"Application","SourceName":"Software Protection Platform Service","ComputerName":"DESKTOP-RB8ENUF","Data":"","Sid":"","Message":"Successfully scheduled Software Protection service for re-start at 2025-07-09T06:42:40Z. Reason: RulesEngine.\r\n","StringInserts":["2025-07-09T06:42:40Z","RulesEngine"]}
{"RecordNumber":25013,"TimeGenerated":"2025-07-09 04:52:15 +0700","TimeWritten":"2025-07-09 04:52:15 +0700","EventID":16394,"Qualifiers":49152,"EventType":"Information","EventCategory":0,"Channel":"Application","SourceName":"Software Protection Platform Service","ComputerName":"DESKTOP-RB8ENUF","Data":"","Sid":"","Message":"Offline downlevel migration succeeded.\r\n","StringInserts":[]}
{"RecordNumber":25014,"TimeGenerated":"2025-07-09 04:52:45 +0700","TimeWritten":"2025-07-09 04:52:45 +0700","EventID":16384,"Qualifiers":16384,"EventType":"Information","EventCategory":0,"Channel":"Application","SourceName":"Software Protection Platform Service","ComputerName":"DESKTOP-RB8ENUF","Data":"","Sid":"","Message":"Successfully scheduled Software Protection service for re-start at 2025-07-09T06:42:45Z. Reason: RulesEngine.\r\n","StringInserts":["2025-07-09T06:42:45Z","RulesEngine"]}
{"RecordNumber":25015,"TimeGenerated":"2025-07-09 05:30:05 +0700","TimeWritten":"2025-07-09 05:30:05 +0700","EventID":16394,"Qualifiers":49152,"EventType":"Information","EventCategory":0,"Channel":"Application","SourceName":"Software Protection Platform Service","ComputerName":"DESKTOP-RB8ENUF","Data":"","Sid":"","Message":"Offline downlevel migration succeeded.\r\n","StringInserts":[]}
{"RecordNumber":25016,"TimeGenerated":"2025-07-09 05:30:36 +0700","TimeWritten":"2025-07-09 05:30:36 +0700","EventID":16384,"Qualifiers":16384,"EventType":"Information","EventCategory":0,"Channel":"Application","SourceName":"Software Protection Platform Service","ComputerName":"DESKTOP-RB8ENUF","Data":"","Sid":"","Message":"Successfully scheduled Software Protection service for re-start at 2025-07-09T06:42:36Z. Reason: RulesEngine.\r\n","StringInserts":["2025-07-09T06:42:36Z","RulesEngine"]}
{"RecordNumber":25017,"TimeGenerated":"2025-07-09 05:32:50 +0700","TimeWritten":"2025-07-09 05:32:50 +0700","EventID":0,"Qualifiers":0,"EventType":"Information","EventCategory":0,"Channel":"Application","SourceName":"coccoc","ComputerName":"DESKTOP-RB8ENUF","Data":"","Sid":"","Message":"","StringInserts":["Service stopped"]}
{"RecordNumber":25018,"TimeGenerated":"2025-07-09 06:16:20 +0700","TimeWritten":"2025-07-09 06:16:20 +0700","EventID":16394,"Qualifiers":49152,"EventType":"Information","EventCategory":0,"Channel":"Application","SourceName":"Software Protection Platform Service","ComputerName":"DESKTOP-RB8ENUF","Data":"","Sid":"","Message":"Offline downlevel migration succeeded.\r\n","StringInserts":[]}
{"RecordNumber":25019,"TimeGenerated":"2025-07-09 06:16:50 +0700","TimeWritten":"2025-07-09 06:16:50 +0700","EventID":16384,"Qualifiers":16384,"EventType":"Information","EventCategory":0,"Channel":"Application","SourceName":"Software Protection Platform Service","ComputerName":"DESKTOP-RB8ENUF","Data":"","Sid":"","Message":"Successfully scheduled Software Protection service for re-start at 2025-07-09T06:42:50Z. Reason: RulesEngine.\r\n","StringInserts":["2025-07-09T06:42:50Z","RulesEngine"]}
{"RecordNumber":25020,"TimeGenerated":"2025-07-09 06:20:27 +0700","TimeWritten":"2025-07-09 06:20:27 +0700","EventID":16394,"Qualifiers":49152,"EventType":"Information","EventCategory":0,"Channel":"Application","SourceName":"Software Protection Platform Service","ComputerName":"DESKTOP-RB8ENUF","Data":"","Sid":"","Message":"Offline downlevel migration succeeded.\r\n","StringInserts":[]}
{"RecordNumber":25021,"TimeGenerated":"2025-07-09 06:20:57 +0700","TimeWritten":"2025-07-09 06:20:57 +0700","EventID":16384,"Qualifiers":16384,"EventType":"Information","EventCategory":0,"Channel":"Application","SourceName":"Software Protection Platform Service","ComputerName":"DESKTOP-RB8ENUF","Data":"","Sid":"","Message":"Successfully scheduled Software Protection service for re-start at 2025-07-09T06:42:57Z. Reason: RulesEngine.\r\n","StringInserts":["2025-07-09T06:42:57Z","RulesEngine"]}
{"RecordNumber":25022,"TimeGenerated":"2025-07-09 06:27:10 +0700","TimeWritten":"2025-07-09 06:27:10 +0700","EventID":0,"Qualifiers":0,"EventType":"Information","EventCategory":0,"Channel":"Application","SourceName":"edgeupdate","ComputerName":"DESKTOP-RB8ENUF","Data":"","Sid":"","Message":"Service stopped.\r\n","StringInserts":["Service stopped"]}
{"RecordNumber":25023,"TimeGenerated":"2025-07-09 06:32:30 +0700","TimeWritten":"2025-07-09 06:32:30 +0700","EventID":0,"Qualifiers":0,"EventType":"Information","EventCategory":0,"Channel":"Application","SourceName":"coccoc","ComputerName":"DESKTOP-RB8ENUF","Data":"","Sid":"","Message":"","StringInserts":["Service stopped"]}
{"RecordNumber":25024,"TimeGenerated":"2025-07-09 06:41:58 +0700","TimeWritten":"2025-07-09 06:41:58 +0700","EventID":16394,"Qualifiers":49152,"EventType":"Information","EventCategory":0,"Channel":"Application","SourceName":"Software Protection Platform Service","ComputerName":"DESKTOP-RB8ENUF","Data":"","Sid":"","Message":"Offline downlevel migration succeeded.\r\n","StringInserts":[]}
{"RecordNumber":25025,"TimeGenerated":"2025-07-09 06:42:28 +0700","TimeWritten":"2025-07-09 06:42:28 +0700","EventID":16384,"Qualifiers":16384,"EventType":"Information","EventCategory":0,"Channel":"Application","SourceName":"Software Protection Platform Service","ComputerName":"DESKTOP-RB8ENUF","Data":"","Sid":"","Message":"Successfully scheduled Software Protection service for re-start at 2025-07-09T06:43:28Z. Reason: RulesEngine.\r\n","StringInserts":["2025-07-09T06:43:28Z","RulesEngine"]}
{"RecordNumber":25026,"TimeGenerated":"2025-07-09 07:27:35 +0700","TimeWritten":"2025-07-09 07:27:35 +0700","EventID":0,"Qualifiers":0,"EventType":"Information","EventCategory":0,"Channel":"Application","SourceName":"edgeupdate","ComputerName":"DESKTOP-RB8ENUF","Data":"","Sid":"","Message":"Service stopped.\r\n","StringInserts":["Service stopped"]}
{"RecordNumber":25027,"TimeGenerated":"2025-07-09 07:29:44 +0700","TimeWritten":"2025-07-09 07:29:44 +0700","EventID":1001,"Qualifiers":0,"EventType":"Information","EventCategory":0,"Channel":"Application","SourceName":"Windows Error Reporting","ComputerName":"DESKTOP-RB8ENUF","Data":"","Sid":"","Message":"Fault bucket 1551067890070840926, type 5\r\nEvent Name: StoreAgentScanForUpdatesFailure0\r\nResponse: Not available\r\nCab Id: 0\r\n\r\nProblem signature:\r\nP1: Update;\r\nP2: 8024402c\r\nP3: 19045\r\nP4: 5965\r\nP5: Windows.Desktop\r\nP6: \r\nP7: \r\nP8: \r\nP9: \r\nP10: \r\n\r\nAttached files:\r\n\\\\?\\C:\\ProgramData\\Microsoft\\Windows\\WER\\Temp\\WER7941.tmp.WERInternalMetadata.xml\r\n\\\\?\\C:\\ProgramData\\Microsoft\\Windows\\WER\\Temp\\WER7961.tmp.xml\r\n\\\\?\\C:\\ProgramData\\Microsoft\\Windows\\WER\\Temp\\WER7979.tmp.csv\r\n\\\\?\\C:\\ProgramData\\Microsoft\\Windows\\WER\\Temp\\WER798A.tmp.txt\r\n\r\nThese files may be available here:\r\n\\\\?\\C:\\ProgramData\\Microsoft\\Windows\\WER\\ReportArchive\\NonCritical_Update;_87739014a5af8e989ca21d49969f7935f21c3eef_00000000_15f6b6de-63cf-48e6-be16-eb9748b97ca0\r\n\r\nAnalysis symbol: \r\nRechecking for solution: 0\r\nReport Id: 15f6b6de-63cf-48e6-be16-eb9748b97ca0\r\nReport Status: 268435556\r\nHashed bucket: 67d15bf94ee8a590c5868007322fe65e\r\nCab Guid: 0\r\n","StringInserts":["1551067890070840926","5","StoreAgentScanForUpdatesFailure0","Not available","0","Update;","8024402c","19045","5965","Windows.Desktop","","","","","","\r\n\\\\?\\C:\\ProgramData\\Microsoft\\Windows\\WER\\Temp\\WER7941.tmp.WERInternalMetadata.xml\r\n\\\\?\\C:\\ProgramData\\Microsoft\\Windows\\WER\\Temp\\WER7961.tmp.xml\r\n\\\\?\\C:\\ProgramData\\Microsoft\\Windows\\WER\\Temp\\WER7979.tmp.csv\r\n\\\\?\\C:\\ProgramData\\Microsoft\\Windows\\WER\\Temp\\WER798A.tmp.txt","\\\\?\\C:\\ProgramData\\Microsoft\\Windows\\WER\\ReportArchive\\NonCritical_Update;_87739014a5af8e989ca21d49969f7935f21c3eef_00000000_15f6b6de-63cf-48e6-be16-eb9748b97ca0","","0","15f6b6de-63cf-48e6-be16-eb9748b97ca0","268435556","67d15bf94ee8a590c5868007322fe65e","0"]}
{"RecordNumber":25028,"TimeGenerated":"2025-07-09 07:33:01 +0700","TimeWritten":"2025-07-09 07:33:01 +0700","EventID":0,"Qualifiers":0,"EventType":"Information","EventCategory":0,"Channel":"Application","SourceName":"coccoc","ComputerName":"DESKTOP-RB8ENUF","Data":"","Sid":"","Message":"","StringInserts":["Service stopped"]}
{"RecordNumber":25029,"TimeGenerated":"2025-07-09 07:38:37 +0700","TimeWritten":"2025-07-09 07:38:37 +0700","EventID":16394,"Qualifiers":49152,"EventType":"Information","EventCategory":0,"Channel":"Application","SourceName":"Software Protection Platform Service","ComputerName":"DESKTOP-RB8ENUF","Data":"","Sid":"","Message":"Offline downlevel migration succeeded.\r\n","StringInserts":[]}
{"RecordNumber":25030,"TimeGenerated":"2025-07-09 07:39:10 +0700","TimeWritten":"2025-07-09 07:39:10 +0700","EventID":16384,"Qualifiers":16384,"EventType":"Information","EventCategory":0,"Channel":"Application","SourceName":"Software Protection Platform Service","ComputerName":"DESKTOP-RB8ENUF","Data":"","Sid":"","Message":"Successfully scheduled Software Protection service for re-start at 2025-07-09T06:43:10Z. Reason: RulesEngine.\r\n","StringInserts":["2025-07-09T06:43:10Z","RulesEngine"]}
{"RecordNumber":25031,"TimeGenerated":"2025-07-09 08:10:39 +0700","TimeWritten":"2025-07-09 08:10:39 +0700","EventID":16394,"Qualifiers":49152,"EventType":"Information","EventCategory":0,"Channel":"Application","SourceName":"Software Protection Platform Service","ComputerName":"DESKTOP-RB8ENUF","Data":"","Sid":"","Message":"Offline downlevel migration succeeded.\r\n","StringInserts":[]}
{"RecordNumber":25032,"TimeGenerated":"2025-07-09 08:11:25 +0700","TimeWritten":"2025-07-09 08:11:25 +0700","EventID":16384,"Qualifiers":16384,"EventType":"Information","EventCategory":0,"Channel":"Application","SourceName":"Software Protection Platform Service","ComputerName":"DESKTOP-RB8ENUF","Data":"","Sid":"","Message":"Successfully scheduled Software Protection service for re-start at 2025-07-09T06:43:25Z. Reason: RulesEngine.\r\n","StringInserts":["2025-07-09T06:43:25Z","RulesEngine"]}
{"RecordNumber":25033,"TimeGenerated":"2025-07-09 08:23:33 +0700","TimeWritten":"2025-07-09 08:23:33 +0700","EventID":1000,"Qualifiers":0,"EventType":"Error","EventCategory":100,"Channel":"Application","SourceName":"Application Error","ComputerName":"DESKTOP-RB8ENUF","Data":"","Sid":"","Message":"Faulting application name: inno_updater.exe, version: 0.0.0.0, time stamp: 0x67b2cf1c\r\nFaulting module name: inno_updater.exe, version: 0.0.0.0, time stamp: 0x67b2cf1c\r\nException code: 0xc0000409\r\nFault offset: 0x000000000004a549\r\nFaulting process id: 0x476c\r\nFaulting application start time: 0x01dbf0700d058e00\r\nFaulting application path: C:\\Users\\Admin\\AppData\\Local\\Programs\\cursor\\tools\\inno_updater.exe\r\nFaulting module path: C:\\Users\\Admin\\AppData\\Local\\Programs\\cursor\\tools\\inno_updater.exe\r\nReport Id: a8aa64eb-5232-4de4-b813-1e72d9201d98\r\nFaulting package full name: \r\nFaulting package-relative application ID: \r\n","StringInserts":["inno_updater.exe","0.0.0.0","67b2cf1c","inno_updater.exe","0.0.0.0","67b2cf1c","c0000409","000000000004a549","476c","01dbf0700d058e00","C:\\Users\\Admin\\AppData\\Local\\Programs\\cursor\\tools\\inno_updater.exe","C:\\Users\\Admin\\AppData\\Local\\Programs\\cursor\\tools\\inno_updater.exe","a8aa64eb-5232-4de4-b813-1e72d9201d98","",""]}
{"RecordNumber":25034,"TimeGenerated":"2025-07-09 08:23:35 +0700","TimeWritten":"2025-07-09 08:23:35 +0700","EventID":1001,"Qualifiers":0,"EventType":"Information","EventCategory":0,"Channel":"Application","SourceName":"Windows Error Reporting","ComputerName":"DESKTOP-RB8ENUF","Data":"","Sid":"","Message":"Fault bucket 1155191849276391167, type 5\r\nEvent Name: BEX64\r\nResponse: Not available\r\nCab Id: 0\r\n\r\nProblem signature:\r\nP1: inno_updater.exe\r\nP2: 0.0.0.0\r\nP3: 67b2cf1c\r\nP4: inno_updater.exe\r\nP5: 0.0.0.0\r\nP6: 67b2cf1c\r\nP7: 000000000004a549\r\nP8: c0000409\r\nP9: 0000000000000007\r\nP10: \r\n\r\nAttached files:\r\n\\\\?\\C:\\ProgramData\\Microsoft\\Windows\\WER\\Temp\\WERAA43.tmp.mdmp\r\n\\\\?\\C:\\ProgramData\\Microsoft\\Windows\\WER\\Temp\\WERAAB1.tmp.WERInternalMetadata.xml\r\n\\\\?\\C:\\ProgramData\\Microsoft\\Windows\\WER\\Temp\\WERAAE1.tmp.xml\r\n\\\\?\\C:\\ProgramData\\Microsoft\\Windows\\WER\\Temp\\WERAADF.tmp.csv\r\n\\\\?\\C:\\ProgramData\\Microsoft\\Windows\\WER\\Temp\\WERAB00.tmp.txt\r\n\r\nThese files may be available here:\r\n\\\\?\\C:\\ProgramData\\Microsoft\\Windows\\WER\\ReportArchive\\AppCrash_inno_updater.exe_dddca9d31fa46aac5ffa26cdf6d358852498965_3ed87da4_5b9ed32c-a652-4667-9911-627a0155a65a\r\n\r\nAnalysis symbol: \r\nRechecking for solution: 0\r\nReport Id: a8aa64eb-5232-4de4-b813-1e72d9201d98\r\nReport Status: 268435456\r\nHashed bucket: 43ef60334ab2dfb7e00810ddcf8bbeff\r\nCab Guid: 0\r\n","StringInserts":["1155191849276391167","5","BEX64","Not available","0","inno_updater.exe","0.0.0.0","67b2cf1c","inno_updater.exe","0.0.0.0","67b2cf1c","000000000004a549","c0000409","0000000000000007","","\r\n\\\\?\\C:\\ProgramData\\Microsoft\\Windows\\WER\\Temp\\WERAA43.tmp.mdmp\r\n\\\\?\\C:\\ProgramData\\Microsoft\\Windows\\WER\\Temp\\WERAAB1.tmp.WERInternalMetadata.xml\r\n\\\\?\\C:\\ProgramData\\Microsoft\\Windows\\WER\\Temp\\WERAAE1.tmp.xml\r\n\\\\?\\C:\\ProgramData\\Microsoft\\Windows\\WER\\Temp\\WERAADF.tmp.csv\r\n\\\\?\\C:\\ProgramData\\Microsoft\\Windows\\WER\\Temp\\WERAB00.tmp.txt","\\\\?\\C:\\ProgramData\\Microsoft\\Windows\\WER\\ReportArchive\\AppCrash_inno_updater.exe_dddca9d31fa46aac5ffa26cdf6d358852498965_3ed87da4_5b9ed32c-a652-4667-9911-627a0155a65a","","0","a8aa64eb-5232-4de4-b813-1e72d9201d98","268435456","43ef60334ab2dfb7e00810ddcf8bbeff","0"]}
{"RecordNumber":25035,"TimeGenerated":"2025-07-09 08:23:52 +0700","TimeWritten":"2025-07-09 08:23:52 +0700","EventID":3000,"Qualifiers":16384,"EventType":"Information","EventCategory":0,"Channel":"Application","SourceName":"Process Exit Monitor","ComputerName":"DESKTOP-RB8ENUF","Data":"","Sid":"S-1-5-21-3306260603-718234045-292622573-1001","Message":"The process 'C:\\Program Files\\Microsoft Office\\root\\Office16\\EXCEL.EXE' exited with exit code 0. The creation time for the exiting process was 0x01dbebf1a8c5302f.\r\n","StringInserts":["C:\\Program Files\\Microsoft Office\\root\\Office16\\EXCEL.EXE","0","01dbebf1a8c5302f"]}
{"RecordNumber":25036,"TimeGenerated":"2025-07-09 08:27:15 +0700","TimeWritten":"2025-07-09 08:27:15 +0700","EventID":1001,"Qualifiers":0,"EventType":"Information","EventCategory":0,"Channel":"Application","SourceName":"Windows Error Reporting","ComputerName":"DESKTOP-RB8ENUF","Data":"","Sid":"","Message":"Fault bucket 1460202868132854833, type 5\r\nEvent Name: crashpad_log\r\nResponse: Not available\r\nCab Id: 0\r\n\r\nProblem signature:\r\nP1: setup.exe\r\nP2: 138.0.3351.77\r\nP3: EdgeInstallerError\r\nP4: 0x213\r\nP5: \r\nP6: \r\nP7: \r\nP8: \r\nP9: \r\nP10: \r\n\r\nAttached files:\r\n\\\\?\\C:\\Windows\\SystemTemp\\msedge_installer.log\r\n\\\\?\\C:\\ProgramData\\Microsoft\\Windows\\WER\\Temp\\WER92D.tmp.WERInternalMetadata.xml\r\n\\\\?\\C:\\ProgramData\\Microsoft\\Windows\\WER\\Temp\\WER96D.tmp.xml\r\n\\\\?\\C:\\ProgramData\\Microsoft\\Windows\\WER\\Temp\\WER97B.tmp.csv\r\n\\\\?\\C:\\ProgramData\\Microsoft\\Windows\\WER\\Temp\\WER99C.tmp.txt\r\n\r\nThese files may be available here:\r\n\\\\?\\C:\\ProgramData\\Microsoft\\Windows\\WER\\ReportArchive\\NonCritical_setup.exe_ce4cb03d3e785c77618873d96e8f337582b7f6e7_00000000_eed71b91-8f43-4cff-8334-4dc9326f24a7\r\n\r\nAnalysis symbol: \r\nRechecking for solution: 0\r\nReport Id: eed71b91-8f43-4cff-8334-4dc9326f24a7\r\nReport Status: 268435456\r\nHashed bucket: 6a7e9645a27179bcc443aec5a710bc31\r\nCab Guid: 0\r\n","StringInserts":["1460202868132854833","5","crashpad_log","Not available","0","setup.exe","138.0.3351.77","EdgeInstallerError","0x213","","","","","","","\r\n\\\\?\\C:\\Windows\\SystemTemp\\msedge_installer.log\r\n\\\\?\\C:\\ProgramData\\Microsoft\\Windows\\WER\\Temp\\WER92D.tmp.WERInternalMetadata.xml\r\n\\\\?\\C:\\ProgramData\\Microsoft\\Windows\\WER\\Temp\\WER96D.tmp.xml\r\n\\\\?\\C:\\ProgramData\\Microsoft\\Windows\\WER\\Temp\\WER97B.tmp.csv\r\n\\\\?\\C:\\ProgramData\\Microsoft\\Windows\\WER\\Temp\\WER99C.tmp.txt","\\\\?\\C:\\ProgramData\\Microsoft\\Windows\\WER\\ReportArchive\\NonCritical_setup.exe_ce4cb03d3e785c77618873d96e8f337582b7f6e7_00000000_eed71b91-8f43-4cff-8334-4dc9326f24a7","","0","eed71b91-8f43-4cff-8334-4dc9326f24a7","268435456","6a7e9645a27179bcc443aec5a710bc31","0"]}
{"RecordNumber":25037,"TimeGenerated":"2025-07-09 08:27:15 +0700","TimeWritten":"2025-07-09 08:27:15 +0700","EventID":1001,"Qualifiers":0,"EventType":"Information","EventCategory":0,"Channel":"Application","SourceName":"Windows Error Reporting","ComputerName":"DESKTOP-RB8ENUF","Data":"","Sid":"","Message":"Fault bucket , type 0\r\nEvent Name: crashpad_log\r\nResponse: Not available\r\nCab Id: 0\r\n\r\nProblem signature:\r\nP1: setup.exe\r\nP2: 138.0.3351.77\r\nP3: EdgeInstallerError\r\nP4: 0x213\r\nP5: \r\nP6: \r\nP7: \r\nP8: \r\nP9: \r\nP10: \r\n\r\nAttached files:\r\n\\\\?\\C:\\Windows\\SystemTemp\\msedge_installer.log\r\n\r\nThese files may be available here:\r\n\r\n\r\nAnalysis symbol: \r\nRechecking for solution: 0\r\nReport Id: eed71b91-8f43-4cff-8334-4dc9326f24a7\r\nReport Status: 268697600\r\nHashed bucket: \r\nCab Guid: 0\r\n","StringInserts":["","0","crashpad_log","Not available","0","setup.exe","138.0.3351.77","EdgeInstallerError","0x213","","","","","","","\r\n\\\\?\\C:\\Windows\\SystemTemp\\msedge_installer.log","","","0","eed71b91-8f43-4cff-8334-4dc9326f24a7","268697600","","0"]}
{"RecordNumber":25038,"TimeGenerated":"2025-07-09 08:27:53 +0700","TimeWritten":"2025-07-09 08:27:53 +0700","EventID":0,"Qualifiers":0,"EventType":"Information","EventCategory":0,"Channel":"Application","SourceName":"edgeupdate","ComputerName":"DESKTOP-RB8ENUF","Data":"","Sid":"","Message":"Service stopped.\r\n","StringInserts":["Service stopped"]}
{"RecordNumber":25039,"TimeGenerated":"2025-07-09 08:44:57 +0700","TimeWritten":"2025-07-09 08:44:57 +0700","EventID":1001,"Qualifiers":0,"EventType":"Information","EventCategory":0,"Channel":"Application","SourceName":"Windows Error Reporting","ComputerName":"DESKTOP-RB8ENUF","Data":"","Sid":"","Message":"Fault bucket 2180050850925287622, type 5\r\nEvent Name: RADAR_PRE_LEAK_64\r\nResponse: Not available\r\nCab Id: 0\r\n\r\nProblem signature:\r\nP1: browser.exe\r\nP2: 136.0.7103.154\r\nP3: 10.0.19045.2.0.0\r\nP4: \r\nP5: \r\nP6: \r\nP7: \r\nP8: \r\nP9: \r\nP10: \r\n\r\nAttached files:\r\n\\\\?\\C:\\Users\\Admin\\AppData\\Local\\Temp\\RDR3A29.tmp\\empty.txt\r\n\\\\?\\C:\\ProgramData\\Microsoft\\Windows\\WER\\Temp\\WER3A39.tmp.WERInternalMetadata.xml\r\n\\\\?\\C:\\ProgramData\\Microsoft\\Windows\\WER\\Temp\\WER3A88.tmp.xml\r\n\\\\?\\C:\\ProgramData\\Microsoft\\Windows\\WER\\Temp\\WER3A90.tmp.csv\r\n\\\\?\\C:\\ProgramData\\Microsoft\\Windows\\WER\\Temp\\WER3AD0.tmp.txt\r\n\r\nThese files may be available here:\r\n\r\n\r\nAnalysis symbol: \r\nRechecking for solution: 0\r\nReport Id: 3440d0dc-2e6f-4df6-ac5b-cf5fec8e839f\r\nReport Status: 268435456\r\nHashed bucket: 9bec5975907ac68a8e4118b2d1b098c6\r\nCab Guid: 0\r\n","StringInserts":["2180050850925287622","5","RADAR_PRE_LEAK_64","Not available","0","browser.exe","136.0.7103.154","10.0.19045.2.0.0","","","","","","","","\r\n\\\\?\\C:\\Users\\Admin\\AppData\\Local\\Temp\\RDR3A29.tmp\\empty.txt\r\n\\\\?\\C:\\ProgramData\\Microsoft\\Windows\\WER\\Temp\\WER3A39.tmp.WERInternalMetadata.xml\r\n\\\\?\\C:\\ProgramData\\Microsoft\\Windows\\WER\\Temp\\WER3A88.tmp.xml\r\n\\\\?\\C:\\ProgramData\\Microsoft\\Windows\\WER\\Temp\\WER3A90.tmp.csv\r\n\\\\?\\C:\\ProgramData\\Microsoft\\Windows\\WER\\Temp\\WER3AD0.tmp.txt","","","0","3440d0dc-2e6f-4df6-ac5b-cf5fec8e839f","268435456","9bec5975907ac68a8e4118b2d1b098c6","0"]}
{"RecordNumber":25040,"TimeGenerated":"2025-07-09 08:55:55 +0700","TimeWritten":"2025-07-09 08:55:55 +0700","EventID":1000,"Qualifiers":0,"EventType":"Error","EventCategory":100,"Channel":"Application","SourceName":"Application Error","ComputerName":"DESKTOP-RB8ENUF","Data":"","Sid":"","Message":"Faulting application name: inno_updater.exe, version: 0.0.0.0, time stamp: 0x67b2cf1c\r\nFaulting module name: inno_updater.exe, version: 0.0.0.0, time stamp: 0x67b2cf1c\r\nException code: 0xc0000409\r\nFault offset: 0x000000000004a549\r\nFaulting process id: 0x4580\r\nFaulting application start time: 0x01dbf0748d00b0f7\r\nFaulting application path: C:\\Users\\Admin\\AppData\\Local\\Programs\\cursor\\tools\\inno_updater.exe\r\nFaulting module path: C:\\Users\\Admin\\AppData\\Local\\Programs\\cursor\\tools\\inno_updater.exe\r\nReport Id: 914666f9-053f-4ce9-8015-80b76ef348c5\r\nFaulting package full name: \r\nFaulting package-relative application ID: \r\n","StringInserts":["inno_updater.exe","0.0.0.0","67b2cf1c","inno_updater.exe","0.0.0.0","67b2cf1c","c0000409","000000000004a549","4580","01dbf0748d00b0f7","C:\\Users\\Admin\\AppData\\Local\\Programs\\cursor\\tools\\inno_updater.exe","C:\\Users\\Admin\\AppData\\Local\\Programs\\cursor\\tools\\inno_updater.exe","914666f9-053f-4ce9-8015-80b76ef348c5","",""]}
{"RecordNumber":25041,"TimeGenerated":"2025-07-09 08:56:00 +0700","TimeWritten":"2025-07-09 08:56:00 +0700","EventID":1001,"Qualifiers":0,"EventType":"Information","EventCategory":0,"Channel":"Application","SourceName":"Windows Error Reporting","ComputerName":"DESKTOP-RB8ENUF","Data":"","Sid":"","Message":"Fault bucket 1155191849276391167, type 5\r\nEvent Name: BEX64\r\nResponse: Not available\r\nCab Id: 0\r\n\r\nProblem signature:\r\nP1: inno_updater.exe\r\nP2: 0.0.0.0\r\nP3: 67b2cf1c\r\nP4: inno_updater.exe\r\nP5: 0.0.0.0\r\nP6: 67b2cf1c\r\nP7: 000000000004a549\r\nP8: c0000409\r\nP9: 0000000000000007\r\nP10: \r\n\r\nAttached files:\r\n\\\\?\\C:\\ProgramData\\Microsoft\\Windows\\WER\\Temp\\WER4ADB.tmp.mdmp\r\n\\\\?\\C:\\ProgramData\\Microsoft\\Windows\\WER\\Temp\\WER4B2A.tmp.WERInternalMetadata.xml\r\n\\\\?\\C:\\ProgramData\\Microsoft\\Windows\\WER\\Temp\\WER4B4B.tmp.xml\r\n\\\\?\\C:\\ProgramData\\Microsoft\\Windows\\WER\\Temp\\WER4B58.tmp.csv\r\n\\\\?\\C:\\ProgramData\\Microsoft\\Windows\\WER\\Temp\\WER4B69.tmp.txt\r\n\r\nThese files may be available here:\r\n\\\\?\\C:\\ProgramData\\Microsoft\\Windows\\WER\\ReportArchive\\AppCrash_inno_updater.exe_dddca9d31fa46aac5ffa26cdf6d358852498965_3ed87da4_d292bfbb-b9b5-4cf3-9e11-33f7c0a114f2\r\n\r\nAnalysis symbol: \r\nRechecking for solution: 0\r\nReport Id: 914666f9-053f-4ce9-8015-80b76ef348c5\r\nReport Status: 268435456\r\nHashed bucket: 43ef60334ab2dfb7e00810ddcf8bbeff\r\nCab Guid: 0\r\n","StringInserts":["1155191849276391167","5","BEX64","Not available","0","inno_updater.exe","0.0.0.0","67b2cf1c","inno_updater.exe","0.0.0.0","67b2cf1c","000000000004a549","c0000409","0000000000000007","","\r\n\\\\?\\C:\\ProgramData\\Microsoft\\Windows\\WER\\Temp\\WER4ADB.tmp.mdmp\r\n\\\\?\\C:\\ProgramData\\Microsoft\\Windows\\WER\\Temp\\WER4B2A.tmp.WERInternalMetadata.xml\r\n\\\\?\\C:\\ProgramData\\Microsoft\\Windows\\WER\\Temp\\WER4B4B.tmp.xml\r\n\\\\?\\C:\\ProgramData\\Microsoft\\Windows\\WER\\Temp\\WER4B58.tmp.csv\r\n\\\\?\\C:\\ProgramData\\Microsoft\\Windows\\WER\\Temp\\WER4B69.tmp.txt","\\\\?\\C:\\ProgramData\\Microsoft\\Windows\\WER\\ReportArchive\\AppCrash_inno_updater.exe_dddca9d31fa46aac5ffa26cdf6d358852498965_3ed87da4_d292bfbb-b9b5-4cf3-9e11-33f7c0a114f2","","0","914666f9-053f-4ce9-8015-80b76ef348c5","268435456","43ef60334ab2dfb7e00810ddcf8bbeff","0"]}
{"RecordNumber":25042,"TimeGenerated":"2025-07-09 08:59:17 +0700","TimeWritten":"2025-07-09 08:59:17 +0700","EventID":3000,"Qualifiers":16384,"EventType":"Information","EventCategory":0,"Channel":"Application","SourceName":"Process Exit Monitor","ComputerName":"DESKTOP-RB8ENUF","Data":"","Sid":"S-1-5-21-3306260603-718234045-292622573-1001","Message":"The process 'C:\\Program Files\\Microsoft Office\\root\\Office16\\WINWORD.EXE' exited with exit code 0. The creation time for the exiting process was 0x01dbf075133d762e.\r\n","StringInserts":["C:\\Program Files\\Microsoft Office\\root\\Office16\\WINWORD.EXE","0","01dbf075133d762e"]}
{"RecordNumber":25043,"TimeGenerated":"2025-07-09 09:01:53 +0700","TimeWritten":"2025-07-09 09:01:53 +0700","EventID":3001,"Qualifiers":16384,"EventType":"Information","EventCategory":0,"Channel":"Application","SourceName":"Process Exit Monitor","ComputerName":"DESKTOP-RB8ENUF","Data":"","Sid":"S-1-5-21-3306260603-718234045-292622573-1001","Message":"The process 'C:\\Program Files\\Microsoft Office\\root\\Office16\\WINWORD.EXE' was terminated by the process 'C:\\Program Files\\Microsoft Office\\root\\Office16\\WINWORD.EXE' with termination code 0. The creation time for the exiting process was 0x01dbf075261cc722.\r\n","StringInserts":["C:\\Program Files\\Microsoft Office\\root\\Office16\\WINWORD.EXE","C:\\Program Files\\Microsoft Office\\root\\Office16\\WINWORD.EXE","0","01dbf075261cc722"]}
