{"RecordNumber":17800,"TimeGenerated":"2025-06-24 05:27:37 +0700","TimeWritten":"2025-06-24 05:27:37 +0700","EventID":1796,"Qualifiers":0,"EventType":"Error","EventCategory":0,"Channel":"System","SourceName":"Microsoft-Windows-TPM-WMI","ComputerName":"DESKTOP-RB8ENUF","Data":"","Sid":"S-1-5-18","Message":"The Secure Boot update failed to update a Secure Boot variable with error -2147020471. For more information, please see https://go.microsoft.com/fwlink/?linkid=2169931\r\n","StringInserts":["-2147020471"]}
{"RecordNumber":17801,"TimeGenerated":"2025-06-24 07:21:52 +0700","TimeWritten":"2025-06-24 07:21:52 +0700","EventID":10016,"Qualifiers":0,"EventType":"Warning","EventCategory":0,"Channel":"System","SourceName":"DCOM","ComputerName":"DESKTOP-RB8ENUF","Data":"","Sid":"S-1-5-21-3306260603-718234045-292622573-1001","Message":"The machine-default permission settings do not grant Local Activation permission for the COM Server application with CLSID \r\n{C2F03A33-21F5-47FA-B4BB-156362A2F239}\r\n and APPID \r\n{316CDED5-E4AE-4B15-9113-7055D84DCC97}\r\n to the user DESKTOP-RB8ENUF\\NgThang SID (S-1-5-21-3306260603-718234045-292622573-1001) from address LocalHost (Using LRPC) running in the application container Microsoft.Windows.ShellExperienceHost_10.0.19041.5072_neutral_neutral_cw5n1h2txyewy SID (S-1-15-2-155514346-2573954481-755741238-1654018636-1233331829-3075935687-2861478708). This security permission can be modified using the Component Services administrative tool.\r\n","StringInserts":["machine-default","Local","Activation","{C2F03A33-21F5-47FA-B4BB-156362A2F239}","{316CDED5-E4AE-4B15-9113-7055D84DCC97}","DESKTOP-RB8ENUF","NgThang","S-1-5-21-3306260603-718234045-292622573-1001","LocalHost (Using LRPC)","Microsoft.Windows.ShellExperienceHost_10.0.19041.5072_neutral_neutral_cw5n1h2txyewy","S-1-15-2-155514346-2573954481-755741238-1654018636-1233331829-3075935687-2861478708"]}
{"RecordNumber":17802,"TimeGenerated":"2025-06-24 07:41:42 +0700","TimeWritten":"2025-06-24 07:41:42 +0700","EventID":44,"Qualifiers":0,"EventType":"Information","EventCategory":1,"Channel":"System","SourceName":"Microsoft-Windows-WindowsUpdateClient","ComputerName":"DESKTOP-RB8ENUF","Data":"","Sid":"S-1-5-18","Message":"Windows Update started downloading an update.\r\n","StringInserts":["Security Intelligence Update for Microsoft Defender Antivirus - KB2267602 (Version 1.431.177.0) - Current Channel (Broad)","{3ced682f-0154-4ee7-8101-0bdad7d13e8d}","200"]}
{"RecordNumber":17803,"TimeGenerated":"2025-06-24 07:41:42 +0700","TimeWritten":"2025-06-24 07:41:42 +0700","EventID":43,"Qualifiers":0,"EventType":"Information","EventCategory":1,"Channel":"System","SourceName":"Microsoft-Windows-WindowsUpdateClient","ComputerName":"DESKTOP-RB8ENUF","Data":"","Sid":"S-1-5-18","Message":"Installation Started: Windows has started installing the following update: Security Intelligence Update for Microsoft Defender Antivirus - KB2267602 (Version 1.431.177.0) - Current Channel (Broad)\r\n","StringInserts":["Security Intelligence Update for Microsoft Defender Antivirus - KB2267602 (Version 1.431.177.0) - Current Channel (Broad)","{3ced682f-0154-4ee7-8101-0bdad7d13e8d}","200"]}
{"RecordNumber":17804,"TimeGenerated":"2025-06-24 07:41:48 +0700","TimeWritten":"2025-06-24 07:41:48 +0700","EventID":19,"Qualifiers":0,"EventType":"Information","EventCategory":1,"Channel":"System","SourceName":"Microsoft-Windows-WindowsUpdateClient","ComputerName":"DESKTOP-RB8ENUF","Data":"","Sid":"S-1-5-18","Message":"Installation Successful: Windows successfully installed the following update: Security Intelligence Update for Microsoft Defender Antivirus - KB2267602 (Version 1.431.177.0) - Current Channel (Broad)\r\n","StringInserts":["Security Intelligence Update for Microsoft Defender Antivirus - KB2267602 (Version 1.431.177.0) - Current Channel (Broad)","{3ced682f-0154-4ee7-8101-0bdad7d13e8d}","200","{9482f4b4-e343-43b6-b170-9a65bc822c77}"]}
{"RecordNumber":17805,"TimeGenerated":"2025-06-24 08:10:13 +0700","TimeWritten":"2025-06-24 08:10:13 +0700","EventID":16,"Qualifiers":0,"EventType":"Information","EventCategory":0,"Channel":"System","SourceName":"Microsoft-Windows-Kernel-General","ComputerName":"DESKTOP-RB8ENUF","Data":"","Sid":"S-1-5-18","Message":"","StringInserts":["107","\\??\\C:\\Users\\Admin\\AppData\\Local\\Packages\\Microsoft.DesktopAppInstaller_8wekyb3d8bbwe\\Settings\\settings.dat","2","1"]}
{"RecordNumber":17806,"TimeGenerated":"2025-06-24 08:12:38 +0700","TimeWritten":"2025-06-24 08:12:38 +0700","EventID":10016,"Qualifiers":0,"EventType":"Warning","EventCategory":0,"Channel":"System","SourceName":"DCOM","ComputerName":"DESKTOP-RB8ENUF","Data":"","Sid":"S-1-5-21-3306260603-718234045-292622573-1001","Message":"The application-specific permission settings do not grant Local Activation permission for the COM Server application with CLSID \r\n{2593F8B9-4EAF-457C-B68A-50F6B8EA6B54}\r\n and APPID \r\n{15C20B67-12E7-4BB6-92BB-7AFF07997402}\r\n to the user DESKTOP-RB8ENUF\\NgThang SID (S-1-5-21-3306260603-718234045-292622573-1001) from address LocalHost (Using LRPC) running in the application container Unavailable SID (Unavailable). This security permission can be modified using the Component Services administrative tool.\r\n","StringInserts":["application-specific","Local","Activation","{2593F8B9-4EAF-457C-B68A-50F6B8EA6B54}","{15C20B67-12E7-4BB6-92BB-7AFF07997402}","DESKTOP-RB8ENUF","NgThang","S-1-5-21-3306260603-718234045-292622573-1001","LocalHost (Using LRPC)","Unavailable","Unavailable"]}
{"RecordNumber":17807,"TimeGenerated":"2025-06-24 08:16:35 +0700","TimeWritten":"2025-06-24 08:16:35 +0700","EventID":10016,"Qualifiers":0,"EventType":"Warning","EventCategory":0,"Channel":"System","SourceName":"DCOM","ComputerName":"DESKTOP-RB8ENUF","Data":"","Sid":"S-1-5-21-3306260603-718234045-292622573-1001","Message":"The machine-default permission settings do not grant Local Activation permission for the COM Server application with CLSID \r\n{C2F03A33-21F5-47FA-B4BB-156362A2F239}\r\n and APPID \r\n{316CDED5-E4AE-4B15-9113-7055D84DCC97}\r\n to the user DESKTOP-RB8ENUF\\NgThang SID (S-1-5-21-3306260603-718234045-292622573-1001) from address LocalHost (Using LRPC) running in the application container Microsoft.Windows.ShellExperienceHost_10.0.19041.5072_neutral_neutral_cw5n1h2txyewy SID (S-1-15-2-155514346-2573954481-755741238-1654018636-1233331829-3075935687-2861478708). This security permission can be modified using the Component Services administrative tool.\r\n","StringInserts":["machine-default","Local","Activation","{C2F03A33-21F5-47FA-B4BB-156362A2F239}","{316CDED5-E4AE-4B15-9113-7055D84DCC97}","DESKTOP-RB8ENUF","NgThang","S-1-5-21-3306260603-718234045-292622573-1001","LocalHost (Using LRPC)","Microsoft.Windows.ShellExperienceHost_10.0.19041.5072_neutral_neutral_cw5n1h2txyewy","S-1-15-2-155514346-2573954481-755741238-1654018636-1233331829-3075935687-2861478708"]}
{"RecordNumber":17808,"TimeGenerated":"2025-06-24 08:18:07 +0700","TimeWritten":"2025-06-24 08:18:07 +0700","EventID":10016,"Qualifiers":0,"EventType":"Warning","EventCategory":0,"Channel":"System","SourceName":"DCOM","ComputerName":"DESKTOP-RB8ENUF","Data":"","Sid":"S-1-5-21-3306260603-718234045-292622573-1001","Message":"The application-specific permission settings do not grant Local Activation permission for the COM Server application with CLSID \r\n{2593F8B9-4EAF-457C-B68A-50F6B8EA6B54}\r\n and APPID \r\n{15C20B67-12E7-4BB6-92BB-7AFF07997402}\r\n to the user DESKTOP-RB8ENUF\\NgThang SID (S-1-5-21-3306260603-718234045-292622573-1001) from address LocalHost (Using LRPC) running in the application container Unavailable SID (Unavailable). This security permission can be modified using the Component Services administrative tool.\r\n","StringInserts":["application-specific","Local","Activation","{2593F8B9-4EAF-457C-B68A-50F6B8EA6B54}","{15C20B67-12E7-4BB6-92BB-7AFF07997402}","DESKTOP-RB8ENUF","NgThang","S-1-5-21-3306260603-718234045-292622573-1001","LocalHost (Using LRPC)","Unavailable","Unavailable"]}
{"RecordNumber":17809,"TimeGenerated":"2025-06-24 08:22:27 +0700","TimeWritten":"2025-06-24 08:22:27 +0700","EventID":10016,"Qualifiers":0,"EventType":"Warning","EventCategory":0,"Channel":"System","SourceName":"DCOM","ComputerName":"DESKTOP-RB8ENUF","Data":"","Sid":"S-1-5-21-3306260603-718234045-292622573-1001","Message":"The machine-default permission settings do not grant Local Activation permission for the COM Server application with CLSID \r\n{C2F03A33-21F5-47FA-B4BB-156362A2F239}\r\n and APPID \r\n{316CDED5-E4AE-4B15-9113-7055D84DCC97}\r\n to the user DESKTOP-RB8ENUF\\NgThang SID (S-1-5-21-3306260603-718234045-292622573-1001) from address LocalHost (Using LRPC) running in the application container Microsoft.Windows.ShellExperienceHost_10.0.19041.5072_neutral_neutral_cw5n1h2txyewy SID (S-1-15-2-155514346-2573954481-755741238-1654018636-1233331829-3075935687-2861478708). This security permission can be modified using the Component Services administrative tool.\r\n","StringInserts":["machine-default","Local","Activation","{C2F03A33-21F5-47FA-B4BB-156362A2F239}","{316CDED5-E4AE-4B15-9113-7055D84DCC97}","DESKTOP-RB8ENUF","NgThang","S-1-5-21-3306260603-718234045-292622573-1001","LocalHost (Using LRPC)","Microsoft.Windows.ShellExperienceHost_10.0.19041.5072_neutral_neutral_cw5n1h2txyewy","S-1-15-2-155514346-2573954481-755741238-1654018636-1233331829-3075935687-2861478708"]}
{"RecordNumber":17810,"TimeGenerated":"2025-06-24 08:24:56 +0700","TimeWritten":"2025-06-24 08:24:56 +0700","EventID":7040,"Qualifiers":16384,"EventType":"Information","EventCategory":0,"Channel":"System","SourceName":"Service Control Manager","ComputerName":"DESKTOP-RB8ENUF","Data":"","Sid":"S-1-5-18","Message":"The start type of the Background Intelligent Transfer Service service was changed from demand start to auto start.\r\n","StringInserts":["Background Intelligent Transfer Service","demand start","auto start","BITS"]}
{"RecordNumber":17811,"TimeGenerated":"2025-06-24 08:27:26 +0700","TimeWritten":"2025-06-24 08:27:26 +0700","EventID":7040,"Qualifiers":16384,"EventType":"Information","EventCategory":0,"Channel":"System","SourceName":"Service Control Manager","ComputerName":"DESKTOP-RB8ENUF","Data":"","Sid":"S-1-5-18","Message":"The start type of the Background Intelligent Transfer Service service was changed from auto start to demand start.\r\n","StringInserts":["Background Intelligent Transfer Service","auto start","demand start","BITS"]}
{"RecordNumber":17812,"TimeGenerated":"2025-06-24 08:30:00 +0700","TimeWritten":"2025-06-24 08:30:00 +0700","EventID":10016,"Qualifiers":0,"EventType":"Warning","EventCategory":0,"Channel":"System","SourceName":"DCOM","ComputerName":"DESKTOP-RB8ENUF","Data":"","Sid":"S-1-5-21-3306260603-718234045-292622573-1001","Message":"The machine-default permission settings do not grant Local Activation permission for the COM Server application with CLSID \r\n{C2F03A33-21F5-47FA-B4BB-156362A2F239}\r\n and APPID \r\n{316CDED5-E4AE-4B15-9113-7055D84DCC97}\r\n to the user DESKTOP-RB8ENUF\\NgThang SID (S-1-5-21-3306260603-718234045-292622573-1001) from address LocalHost (Using LRPC) running in the application container Microsoft.Windows.ShellExperienceHost_10.0.19041.5072_neutral_neutral_cw5n1h2txyewy SID (S-1-15-2-155514346-2573954481-755741238-1654018636-1233331829-3075935687-2861478708). This security permission can be modified using the Component Services administrative tool.\r\n","StringInserts":["machine-default","Local","Activation","{C2F03A33-21F5-47FA-B4BB-156362A2F239}","{316CDED5-E4AE-4B15-9113-7055D84DCC97}","DESKTOP-RB8ENUF","NgThang","S-1-5-21-3306260603-718234045-292622573-1001","LocalHost (Using LRPC)","Microsoft.Windows.ShellExperienceHost_10.0.19041.5072_neutral_neutral_cw5n1h2txyewy","S-1-15-2-155514346-2573954481-755741238-1654018636-1233331829-3075935687-2861478708"]}
{"RecordNumber":17813,"TimeGenerated":"2025-06-24 09:07:18 +0700","TimeWritten":"2025-06-24 09:07:18 +0700","EventID":44,"Qualifiers":0,"EventType":"Information","EventCategory":1,"Channel":"System","SourceName":"Microsoft-Windows-WindowsUpdateClient","ComputerName":"DESKTOP-RB8ENUF","Data":"","Sid":"S-1-5-18","Message":"Windows Update started downloading an update.\r\n","StringInserts":["9NBLGGH4RV3K-Microsoft.VCLibs.140.00.UWPDesktop","{fcdd3b59-f41c-4595-b36b-245bacb749e8}","1"]}
{"RecordNumber":17814,"TimeGenerated":"2025-06-24 09:07:18 +0700","TimeWritten":"2025-06-24 09:07:18 +0700","EventID":44,"Qualifiers":0,"EventType":"Information","EventCategory":1,"Channel":"System","SourceName":"Microsoft-Windows-WindowsUpdateClient","ComputerName":"DESKTOP-RB8ENUF","Data":"","Sid":"S-1-5-18","Message":"Windows Update started downloading an update.\r\n","StringInserts":["9WZDNCRFJBMP-MICROSOFT.WINDOWSSTORE","{7b8a276f-46b6-49db-bf42-5b84fbea4188}","1"]}
{"RecordNumber":17815,"TimeGenerated":"2025-06-24 09:07:20 +0700","TimeWritten":"2025-06-24 09:07:20 +0700","EventID":44,"Qualifiers":0,"EventType":"Information","EventCategory":1,"Channel":"System","SourceName":"Microsoft-Windows-WindowsUpdateClient","ComputerName":"DESKTOP-RB8ENUF","Data":"","Sid":"S-1-5-18","Message":"Windows Update started downloading an update.\r\n","StringInserts":["9WZDNCRFJBMP-MICROSOFT.WINDOWSSTORE","{7b8a276f-46b6-49db-bf42-5b84fbea4188}","1"]}
{"RecordNumber":17816,"TimeGenerated":"2025-06-24 09:07:23 +0700","TimeWritten":"2025-06-24 09:07:23 +0700","EventID":16,"Qualifiers":0,"EventType":"Information","EventCategory":0,"Channel":"System","SourceName":"Microsoft-Windows-Kernel-General","ComputerName":"DESKTOP-RB8ENUF","Data":"","Sid":"S-1-5-18","Message":"","StringInserts":["137","\\??\\C:\\ProgramData\\Microsoft\\Windows\\AppRepository\\Packages\\Microsoft.WindowsStore_22505.1401.15.0_x64__8wekyb3d8bbwe\\ActivationStore.dat","0","0"]}
{"RecordNumber":17817,"TimeGenerated":"2025-06-24 09:07:24 +0700","TimeWritten":"2025-06-24 09:07:24 +0700","EventID":43,"Qualifiers":0,"EventType":"Information","EventCategory":1,"Channel":"System","SourceName":"Microsoft-Windows-WindowsUpdateClient","ComputerName":"DESKTOP-RB8ENUF","Data":"","Sid":"S-1-5-18","Message":"Installation Started: Windows has started installing the following update: 9WZDNCRFJBMP-MICROSOFT.WINDOWSSTORE\r\n","StringInserts":["9WZDNCRFJBMP-MICROSOFT.WINDOWSSTORE","{7b8a276f-46b6-49db-bf42-5b84fbea4188}","1"]}
{"RecordNumber":17818,"TimeGenerated":"2025-06-24 09:07:25 +0700","TimeWritten":"2025-06-24 09:07:25 +0700","EventID":19,"Qualifiers":0,"EventType":"Information","EventCategory":1,"Channel":"System","SourceName":"Microsoft-Windows-WindowsUpdateClient","ComputerName":"DESKTOP-RB8ENUF","Data":"","Sid":"S-1-5-18","Message":"Installation Successful: Windows successfully installed the following update: 9WZDNCRFJBMP-MICROSOFT.WINDOWSSTORE\r\n","StringInserts":["9WZDNCRFJBMP-MICROSOFT.WINDOWSSTORE","{7b8a276f-46b6-49db-bf42-5b84fbea4188}","1","{855e8a7c-ecb4-4ca3-b045-1dfa50104289}"]}
{"RecordNumber":17819,"TimeGenerated":"2025-06-24 09:18:56 +0700","TimeWritten":"2025-06-24 09:18:56 +0700","EventID":10016,"Qualifiers":0,"EventType":"Warning","EventCategory":0,"Channel":"System","SourceName":"DCOM","ComputerName":"DESKTOP-RB8ENUF","Data":"","Sid":"S-1-5-21-3306260603-718234045-292622573-1001","Message":"The application-specific permission settings do not grant Local Activation permission for the COM Server application with CLSID \r\n{2593F8B9-4EAF-457C-B68A-50F6B8EA6B54}\r\n and APPID \r\n{15C20B67-12E7-4BB6-92BB-7AFF07997402}\r\n to the user DESKTOP-RB8ENUF\\NgThang SID (S-1-5-21-3306260603-718234045-292622573-1001) from address LocalHost (Using LRPC) running in the application container Unavailable SID (Unavailable). This security permission can be modified using the Component Services administrative tool.\r\n","StringInserts":["application-specific","Local","Activation","{2593F8B9-4EAF-457C-B68A-50F6B8EA6B54}","{15C20B67-12E7-4BB6-92BB-7AFF07997402}","DESKTOP-RB8ENUF","NgThang","S-1-5-21-3306260603-718234045-292622573-1001","LocalHost (Using LRPC)","Unavailable","Unavailable"]}
{"RecordNumber":17820,"TimeGenerated":"2025-06-24 09:24:14 +0700","TimeWritten":"2025-06-24 09:24:14 +0700","EventID":10016,"Qualifiers":0,"EventType":"Warning","EventCategory":0,"Channel":"System","SourceName":"DCOM","ComputerName":"DESKTOP-RB8ENUF","Data":"","Sid":"S-1-5-21-3306260603-718234045-292622573-1001","Message":"The application-specific permission settings do not grant Local Activation permission for the COM Server application with CLSID \r\n{8BC3F05E-D86B-11D0-A075-00C04FB68820}\r\n and APPID \r\n{8BC3F05E-D86B-11D0-A075-00C04FB68820}\r\n to the user DESKTOP-RB8ENUF\\NgThang SID (S-1-5-21-3306260603-718234045-292622573-1001) from address LocalHost (Using LRPC) running in the application container Unavailable SID (S-1-15-2-530460334-1592769105-420912116-2185669680-3550050144-690436419-2007461342). This security permission can be modified using the Component Services administrative tool.\r\n","StringInserts":["application-specific","Local","Activation","{8BC3F05E-D86B-11D0-A075-00C04FB68820}","{8BC3F05E-D86B-11D0-A075-00C04FB68820}","DESKTOP-RB8ENUF","NgThang","S-1-5-21-3306260603-718234045-292622573-1001","LocalHost (Using LRPC)","Unavailable","S-1-15-2-530460334-1592769105-420912116-2185669680-3550050144-690436419-2007461342"]}
{"RecordNumber":17821,"TimeGenerated":"2025-06-24 10:01:16 +0700","TimeWritten":"2025-06-24 10:01:16 +0700","EventID":10016,"Qualifiers":0,"EventType":"Warning","EventCategory":0,"Channel":"System","SourceName":"DCOM","ComputerName":"DESKTOP-RB8ENUF","Data":"","Sid":"S-1-5-21-3306260603-718234045-292622573-1001","Message":"The machine-default permission settings do not grant Local Activation permission for the COM Server application with CLSID \r\n{C2F03A33-21F5-47FA-B4BB-156362A2F239}\r\n and APPID \r\n{316CDED5-E4AE-4B15-9113-7055D84DCC97}\r\n to the user DESKTOP-RB8ENUF\\NgThang SID (S-1-5-21-3306260603-718234045-292622573-1001) from address LocalHost (Using LRPC) running in the application container Microsoft.Windows.ShellExperienceHost_10.0.19041.5072_neutral_neutral_cw5n1h2txyewy SID (S-1-15-2-155514346-2573954481-755741238-1654018636-1233331829-3075935687-2861478708). This security permission can be modified using the Component Services administrative tool.\r\n","StringInserts":["machine-default","Local","Activation","{C2F03A33-21F5-47FA-B4BB-156362A2F239}","{316CDED5-E4AE-4B15-9113-7055D84DCC97}","DESKTOP-RB8ENUF","NgThang","S-1-5-21-3306260603-718234045-292622573-1001","LocalHost (Using LRPC)","Microsoft.Windows.ShellExperienceHost_10.0.19041.5072_neutral_neutral_cw5n1h2txyewy","S-1-15-2-155514346-2573954481-755741238-1654018636-1233331829-3075935687-2861478708"]}
{"RecordNumber":17822,"TimeGenerated":"2025-06-24 12:00:00 +0700","TimeWritten":"2025-06-24 12:00:00 +0700","EventID":6013,"Qualifiers":32768,"EventType":"Information","EventCategory":0,"Channel":"System","SourceName":"EventLog","ComputerName":"DESKTOP-RB8ENUF","Data":"31002e003100000030000000570069006e0064006f00770073002000310030002000500072006f000000310030002e0030002e003100390030003400350020004200750069006c0064002000310039003000340035002000200000004d0075006c0074006900700072006f0063006500730073006f007200200046007200650065000000310039003000340031002e00760062005f00720065006c0065006100730065002e003100390031003200300036002d00310034003000360000003600350066003300320061003200320000004e006f007400200041007600610069006c00610062006c00650000004e006f007400200041007600610069006c00610062006c00650000003900000031003200000031003600310032003600000034003000390000004400450053004b0054004f0050002d0052004200380045004e005500460000000000","Sid":"","Message":"The system uptime is 67062 seconds.\r\n","StringInserts":["","","","","67062","60","-420 SE Asia Standard Time"]}
{"RecordNumber":17823,"TimeGenerated":"2025-06-24 13:24:23 +0700","TimeWritten":"2025-06-24 13:24:23 +0700","EventID":7040,"Qualifiers":16384,"EventType":"Information","EventCategory":0,"Channel":"System","SourceName":"Service Control Manager","ComputerName":"DESKTOP-RB8ENUF","Data":"","Sid":"S-1-5-18","Message":"The start type of the Background Intelligent Transfer Service service was changed from demand start to auto start.\r\n","StringInserts":["Background Intelligent Transfer Service","demand start","auto start","BITS"]}
{"RecordNumber":17824,"TimeGenerated":"2025-06-24 13:27:03 +0700","TimeWritten":"2025-06-24 13:27:03 +0700","EventID":7040,"Qualifiers":16384,"EventType":"Information","EventCategory":0,"Channel":"System","SourceName":"Service Control Manager","ComputerName":"DESKTOP-RB8ENUF","Data":"","Sid":"S-1-5-18","Message":"The start type of the Background Intelligent Transfer Service service was changed from auto start to demand start.\r\n","StringInserts":["Background Intelligent Transfer Service","auto start","demand start","BITS"]}
{"RecordNumber":17825,"TimeGenerated":"2025-06-24 13:56:27 +0700","TimeWritten":"2025-06-24 13:56:27 +0700","EventID":7040,"Qualifiers":16384,"EventType":"Information","EventCategory":0,"Channel":"System","SourceName":"Service Control Manager","ComputerName":"DESKTOP-RB8ENUF","Data":"","Sid":"S-1-5-18","Message":"The start type of the Background Intelligent Transfer Service service was changed from demand start to auto start.\r\n","StringInserts":["Background Intelligent Transfer Service","demand start","auto start","BITS"]}
{"RecordNumber":17826,"TimeGenerated":"2025-06-24 13:59:24 +0700","TimeWritten":"2025-06-24 13:59:24 +0700","EventID":7040,"Qualifiers":16384,"EventType":"Information","EventCategory":0,"Channel":"System","SourceName":"Service Control Manager","ComputerName":"DESKTOP-RB8ENUF","Data":"","Sid":"S-1-5-18","Message":"The start type of the Background Intelligent Transfer Service service was changed from auto start to demand start.\r\n","StringInserts":["Background Intelligent Transfer Service","auto start","demand start","BITS"]}
{"RecordNumber":17827,"TimeGenerated":"2025-06-24 15:15:44 +0700","TimeWritten":"2025-06-24 15:15:44 +0700","EventID":10028,"Qualifiers":0,"EventType":"Error","EventCategory":0,"Channel":"System","SourceName":"DCOM","ComputerName":"DESKTOP-RB8ENUF","Data":"3c5265636f726423313a20436f6d70757465723d286e756c6c293b5069643d313137363b362f32342f3230323520383a31353a34343a3431373b5374617475733d313732323b47656e636f6d703d323b4465746c6f633d313731303b466c6167733d303b506172616d733d313b7b506172616d23303a307d3e3c5265636f726423323a20436f6d70757465723d286e756c6c293b5069643d313137363b362f32342f3230323520383a31353a34343a3431373b5374617475733d313732323b47656e636f6d703d31383b4465746c6f633d313434323b466c6167733d303b506172616d733d313b7b506172616d23303a54442d4442337d3e3c5265636f726423333a20436f6d70757465723d286e756c6c293b5069643d313137363b362f32342f3230323520383a31353a34343a3431373b5374617475733d313732323b47656e636f6d703d31383b4465746c6f633d3332323b466c6167733d303b506172616d733d303b3e3c5265636f726423343a20436f6d70757465723d286e756c6c293b5069643d313137363b362f32342f3230323520383a31353a34343a3431373b5374617475733d31313030313b47656e636f6d703d31383b4465746c6f633d3332303b466c6167733d303b506172616d733d313b7b506172616d23303a54442d4442337d3e","Sid":"S-1-5-21-3306260603-718234045-292622573-1001","Message":"DCOM was unable to communicate with the computer TD-DB3 using any of the configured protocols; requested by PID     5344 (C:\\Program Files (x86)\\Microsoft SQL Server Management Studio 20\\Common7\\IDE\\Ssms.exe), while activating CLSID {8BC3F05E-D86B-11D0-A075-00C04FB68820}.\r\n","StringInserts":["TD-DB3","    5344","C:\\Program Files (x86)\\Microsoft SQL Server Management Studio 20\\Common7\\IDE\\Ssms.exe","{8BC3F05E-D86B-11D0-A075-00C04FB68820}"]}
{"RecordNumber":17828,"TimeGenerated":"2025-06-24 15:15:48 +0700","TimeWritten":"2025-06-24 15:15:48 +0700","EventID":10028,"Qualifiers":0,"EventType":"Error","EventCategory":0,"Channel":"System","SourceName":"DCOM","ComputerName":"DESKTOP-RB8ENUF","Data":"3c5265636f726423313a20436f6d70757465723d286e756c6c293b5069643d313137363b362f32342f3230323520383a31353a34383a3938393b5374617475733d313732323b47656e636f6d703d323b4465746c6f633d313731303b466c6167733d303b506172616d733d313b7b506172616d23303a307d3e3c5265636f726423323a20436f6d70757465723d286e756c6c293b5069643d313137363b362f32342f3230323520383a31353a34383a3938393b5374617475733d313732323b47656e636f6d703d31383b4465746c6f633d313434323b466c6167733d303b506172616d733d313b7b506172616d23303a54442d4442337d3e3c5265636f726423333a20436f6d70757465723d286e756c6c293b5069643d313137363b362f32342f3230323520383a31353a34383a3938393b5374617475733d313732323b47656e636f6d703d31383b4465746c6f633d3332323b466c6167733d303b506172616d733d303b3e3c5265636f726423343a20436f6d70757465723d286e756c6c293b5069643d313137363b362f32342f3230323520383a31353a34383a3938393b5374617475733d31313030313b47656e636f6d703d31383b4465746c6f633d3332303b466c6167733d303b506172616d733d313b7b506172616d23303a54442d4442337d3e","Sid":"S-1-5-21-3306260603-718234045-292622573-1001","Message":"DCOM was unable to communicate with the computer TD-DB3 using any of the configured protocols; requested by PID     5344 (C:\\Program Files (x86)\\Microsoft SQL Server Management Studio 20\\Common7\\IDE\\Ssms.exe), while activating CLSID {8BC3F05E-D86B-11D0-A075-00C04FB68820}.\r\n","StringInserts":["TD-DB3","    5344","C:\\Program Files (x86)\\Microsoft SQL Server Management Studio 20\\Common7\\IDE\\Ssms.exe","{8BC3F05E-D86B-11D0-A075-00C04FB68820}"]}
{"RecordNumber":17829,"TimeGenerated":"2025-06-24 15:29:09 +0700","TimeWritten":"2025-06-24 15:29:09 +0700","EventID":10016,"Qualifiers":0,"EventType":"Warning","EventCategory":0,"Channel":"System","SourceName":"DCOM","ComputerName":"DESKTOP-RB8ENUF","Data":"","Sid":"S-1-5-21-3306260603-718234045-292622573-1001","Message":"The machine-default permission settings do not grant Local Activation permission for the COM Server application with CLSID \r\n{C2F03A33-21F5-47FA-B4BB-156362A2F239}\r\n and APPID \r\n{316CDED5-E4AE-4B15-9113-7055D84DCC97}\r\n to the user DESKTOP-RB8ENUF\\NgThang SID (S-1-5-21-3306260603-718234045-292622573-1001) from address LocalHost (Using LRPC) running in the application container Microsoft.Windows.ShellExperienceHost_10.0.19041.5072_neutral_neutral_cw5n1h2txyewy SID (S-1-15-2-155514346-2573954481-755741238-1654018636-1233331829-3075935687-2861478708). This security permission can be modified using the Component Services administrative tool.\r\n","StringInserts":["machine-default","Local","Activation","{C2F03A33-21F5-47FA-B4BB-156362A2F239}","{316CDED5-E4AE-4B15-9113-7055D84DCC97}","DESKTOP-RB8ENUF","NgThang","S-1-5-21-3306260603-718234045-292622573-1001","LocalHost (Using LRPC)","Microsoft.Windows.ShellExperienceHost_10.0.19041.5072_neutral_neutral_cw5n1h2txyewy","S-1-15-2-155514346-2573954481-755741238-1654018636-1233331829-3075935687-2861478708"]}
{"RecordNumber":17830,"TimeGenerated":"2025-06-24 16:44:40 +0700","TimeWritten":"2025-06-24 16:44:40 +0700","EventID":16,"Qualifiers":0,"EventType":"Information","EventCategory":0,"Channel":"System","SourceName":"Microsoft-Windows-Kernel-General","ComputerName":"DESKTOP-RB8ENUF","Data":"","Sid":"S-1-5-18","Message":"","StringInserts":["97","\\??\\C:\\Users\\Admin\\AppData\\Local\\Packages\\Microsoft.ZuneVideo_8wekyb3d8bbwe\\Settings\\settings.dat","18","2"]}
{"RecordNumber":17831,"TimeGenerated":"2025-06-24 17:22:52 +0700","TimeWritten":"2025-06-24 17:22:52 +0700","EventID":7040,"Qualifiers":16384,"EventType":"Information","EventCategory":0,"Channel":"System","SourceName":"Service Control Manager","ComputerName":"DESKTOP-RB8ENUF","Data":"","Sid":"S-1-5-18","Message":"The start type of the Background Intelligent Transfer Service service was changed from demand start to auto start.\r\n","StringInserts":["Background Intelligent Transfer Service","demand start","auto start","BITS"]}
{"RecordNumber":17832,"TimeGenerated":"2025-06-24 17:25:02 +0700","TimeWritten":"2025-06-24 17:25:02 +0700","EventID":7040,"Qualifiers":16384,"EventType":"Information","EventCategory":0,"Channel":"System","SourceName":"Service Control Manager","ComputerName":"DESKTOP-RB8ENUF","Data":"","Sid":"S-1-5-18","Message":"The start type of the Background Intelligent Transfer Service service was changed from auto start to demand start.\r\n","StringInserts":["Background Intelligent Transfer Service","auto start","demand start","BITS"]}
{"RecordNumber":17833,"TimeGenerated":"2025-06-24 17:27:37 +0700","TimeWritten":"2025-06-24 17:27:37 +0700","EventID":1796,"Qualifiers":0,"EventType":"Error","EventCategory":0,"Channel":"System","SourceName":"Microsoft-Windows-TPM-WMI","ComputerName":"DESKTOP-RB8ENUF","Data":"","Sid":"S-1-5-18","Message":"The Secure Boot update failed to update a Secure Boot variable with error -2147020471. For more information, please see https://go.microsoft.com/fwlink/?linkid=2169931\r\n","StringInserts":["-2147020471"]}
{"RecordNumber":17834,"TimeGenerated":"2025-06-24 17:27:37 +0700","TimeWritten":"2025-06-24 17:27:37 +0700","EventID":1796,"Qualifiers":0,"EventType":"Error","EventCategory":0,"Channel":"System","SourceName":"Microsoft-Windows-TPM-WMI","ComputerName":"DESKTOP-RB8ENUF","Data":"","Sid":"S-1-5-18","Message":"The Secure Boot update failed to update a Secure Boot variable with error -2147020471. For more information, please see https://go.microsoft.com/fwlink/?linkid=2169931\r\n","StringInserts":["-2147020471"]}
{"RecordNumber":23780,"TimeGenerated":"2025-06-24 17:20:31 +0700","TimeWritten":"2025-06-24 17:20:31 +0700","EventID":16394,"Qualifiers":49152,"EventType":"Information","EventCategory":0,"Channel":"Application","SourceName":"Software Protection Platform Service","ComputerName":"DESKTOP-RB8ENUF","Data":"","Sid":"","Message":"Offline downlevel migration succeeded.\r\n","StringInserts":[]}
{"RecordNumber":23781,"TimeGenerated":"2025-06-24 17:21:01 +0700","TimeWritten":"2025-06-24 17:21:01 +0700","EventID":16384,"Qualifiers":16384,"EventType":"Information","EventCategory":0,"Channel":"Application","SourceName":"Software Protection Platform Service","ComputerName":"DESKTOP-RB8ENUF","Data":"","Sid":"","Message":"Successfully scheduled Software Protection service for re-start at 2025-06-25T06:43:01Z. Reason: RulesEngine.\r\n","StringInserts":["2025-06-25T06:43:01Z","RulesEngine"]}
{"RecordNumber":23782,"TimeGenerated":"2025-06-24 17:32:49 +0700","TimeWritten":"2025-06-24 17:32:49 +0700","EventID":16394,"Qualifiers":49152,"EventType":"Information","EventCategory":0,"Channel":"Application","SourceName":"Software Protection Platform Service","ComputerName":"DESKTOP-RB8ENUF","Data":"","Sid":"","Message":"Offline downlevel migration succeeded.\r\n","StringInserts":[]}
{"RecordNumber":23783,"TimeGenerated":"2025-06-24 17:33:11 +0700","TimeWritten":"2025-06-24 17:33:11 +0700","EventID":15,"Qualifiers":0,"EventType":"Information","EventCategory":0,"Channel":"Application","SourceName":"SecurityCenter","ComputerName":"DESKTOP-RB8ENUF","Data":"","Sid":"","Message":"Updated Windows Defender status successfully to SECURITY_PRODUCT_STATE_ON.\r\n","StringInserts":["Windows Defender","SECURITY_PRODUCT_STATE_ON"]}
{"RecordNumber":17835,"TimeGenerated":"2025-06-24 17:33:21 +0700","TimeWritten":"2025-06-24 17:33:21 +0700","EventID":44,"Qualifiers":0,"EventType":"Information","EventCategory":1,"Channel":"System","SourceName":"Microsoft-Windows-WindowsUpdateClient","ComputerName":"DESKTOP-RB8ENUF","Data":"","Sid":"S-1-5-18","Message":"Windows Update started downloading an update.\r\n","StringInserts":["Security Intelligence Update for Microsoft Defender Antivirus - KB2267602 (Version 1.431.188.0) - Current Channel (Broad)","{24b0e59b-bcf0-48b9-ac6d-3922c1c0f4f6}","200"]}
{"RecordNumber":17836,"TimeGenerated":"2025-06-24 17:33:21 +0700","TimeWritten":"2025-06-24 17:33:21 +0700","EventID":43,"Qualifiers":0,"EventType":"Information","EventCategory":1,"Channel":"System","SourceName":"Microsoft-Windows-WindowsUpdateClient","ComputerName":"DESKTOP-RB8ENUF","Data":"","Sid":"S-1-5-18","Message":"Installation Started: Windows has started installing the following update: Security Intelligence Update for Microsoft Defender Antivirus - KB2267602 (Version 1.431.188.0) - Current Channel (Broad)\r\n","StringInserts":["Security Intelligence Update for Microsoft Defender Antivirus - KB2267602 (Version 1.431.188.0) - Current Channel (Broad)","{24b0e59b-bcf0-48b9-ac6d-3922c1c0f4f6}","200"]}
{"RecordNumber":23784,"TimeGenerated":"2025-06-24 17:33:20 +0700","TimeWritten":"2025-06-24 17:33:20 +0700","EventID":16384,"Qualifiers":16384,"EventType":"Information","EventCategory":0,"Channel":"Application","SourceName":"Software Protection Platform Service","ComputerName":"DESKTOP-RB8ENUF","Data":"","Sid":"","Message":"Successfully scheduled Software Protection service for re-start at 2025-06-25T06:42:20Z. Reason: RulesEngine.\r\n","StringInserts":["2025-06-25T06:42:20Z","RulesEngine"]}
{"RecordNumber":23785,"TimeGenerated":"2025-06-24 17:33:20 +0700","TimeWritten":"2025-06-24 17:33:20 +0700","EventID":16394,"Qualifiers":49152,"EventType":"Information","EventCategory":0,"Channel":"Application","SourceName":"Software Protection Platform Service","ComputerName":"DESKTOP-RB8ENUF","Data":"","Sid":"","Message":"Offline downlevel migration succeeded.\r\n","StringInserts":[]}
{"RecordNumber":17837,"TimeGenerated":"2025-06-24 17:33:30 +0700","TimeWritten":"2025-06-24 17:33:30 +0700","EventID":19,"Qualifiers":0,"EventType":"Information","EventCategory":1,"Channel":"System","SourceName":"Microsoft-Windows-WindowsUpdateClient","ComputerName":"DESKTOP-RB8ENUF","Data":"","Sid":"S-1-5-18","Message":"Installation Successful: Windows successfully installed the following update: Security Intelligence Update for Microsoft Defender Antivirus - KB2267602 (Version 1.431.188.0) - Current Channel (Broad)\r\n","StringInserts":["Security Intelligence Update for Microsoft Defender Antivirus - KB2267602 (Version 1.431.188.0) - Current Channel (Broad)","{24b0e59b-bcf0-48b9-ac6d-3922c1c0f4f6}","200","{9482f4b4-e343-43b6-b170-9a65bc822c77}"]}
{"RecordNumber":23786,"TimeGenerated":"2025-06-24 17:33:32 +0700","TimeWritten":"2025-06-24 17:33:32 +0700","EventID":15,"Qualifiers":0,"EventType":"Information","EventCategory":0,"Channel":"Application","SourceName":"SecurityCenter","ComputerName":"DESKTOP-RB8ENUF","Data":"","Sid":"","Message":"Updated Windows Defender status successfully to SECURITY_PRODUCT_STATE_ON.\r\n","StringInserts":["Windows Defender","SECURITY_PRODUCT_STATE_ON"]}
{"RecordNumber":23787,"TimeGenerated":"2025-06-24 17:33:51 +0700","TimeWritten":"2025-06-24 17:33:51 +0700","EventID":16384,"Qualifiers":16384,"EventType":"Information","EventCategory":0,"Channel":"Application","SourceName":"Software Protection Platform Service","ComputerName":"DESKTOP-RB8ENUF","Data":"","Sid":"","Message":"Successfully scheduled Software Protection service for re-start at 2025-06-25T06:42:51Z. Reason: RulesEngine.\r\n","StringInserts":["2025-06-25T06:42:51Z","RulesEngine"]}
{"RecordNumber":17838,"TimeGenerated":"2025-06-24 18:06:48 +0700","TimeWritten":"2025-06-24 18:06:48 +0700","EventID":7040,"Qualifiers":16384,"EventType":"Information","EventCategory":0,"Channel":"System","SourceName":"Service Control Manager","ComputerName":"DESKTOP-RB8ENUF","Data":"","Sid":"S-1-5-18","Message":"The start type of the Background Intelligent Transfer Service service was changed from demand start to auto start.\r\n","StringInserts":["Background Intelligent Transfer Service","demand start","auto start","BITS"]}
{"RecordNumber":17839,"TimeGenerated":"2025-06-24 18:09:00 +0700","TimeWritten":"2025-06-24 18:09:00 +0700","EventID":7040,"Qualifiers":16384,"EventType":"Information","EventCategory":0,"Channel":"System","SourceName":"Service Control Manager","ComputerName":"DESKTOP-RB8ENUF","Data":"","Sid":"S-1-5-18","Message":"The start type of the Background Intelligent Transfer Service service was changed from auto start to demand start.\r\n","StringInserts":["Background Intelligent Transfer Service","auto start","demand start","BITS"]}
{"RecordNumber":17840,"TimeGenerated":"2025-06-24 18:24:23 +0700","TimeWritten":"2025-06-24 18:24:23 +0700","EventID":7040,"Qualifiers":16384,"EventType":"Information","EventCategory":0,"Channel":"System","SourceName":"Service Control Manager","ComputerName":"DESKTOP-RB8ENUF","Data":"","Sid":"S-1-5-18","Message":"The start type of the Background Intelligent Transfer Service service was changed from demand start to auto start.\r\n","StringInserts":["Background Intelligent Transfer Service","demand start","auto start","BITS"]}
{"RecordNumber":17841,"TimeGenerated":"2025-06-24 18:26:35 +0700","TimeWritten":"2025-06-24 18:26:35 +0700","EventID":7040,"Qualifiers":16384,"EventType":"Information","EventCategory":0,"Channel":"System","SourceName":"Service Control Manager","ComputerName":"DESKTOP-RB8ENUF","Data":"","Sid":"S-1-5-18","Message":"The start type of the Background Intelligent Transfer Service service was changed from auto start to demand start.\r\n","StringInserts":["Background Intelligent Transfer Service","auto start","demand start","BITS"]}
{"RecordNumber":23788,"TimeGenerated":"2025-06-24 19:43:17 +0700","TimeWritten":"2025-06-24 19:43:17 +0700","EventID":1001,"Qualifiers":0,"EventType":"Information","EventCategory":0,"Channel":"Application","SourceName":"Windows Error Reporting","ComputerName":"DESKTOP-RB8ENUF","Data":"","Sid":"","Message":"Fault bucket 1894405937997575456, type 5\r\nEvent Name: RADAR_PRE_LEAK_64\r\nResponse: Not available\r\nCab Id: 0\r\n\r\nProblem signature:\r\nP1: msedge.exe\r\nP2: 137.0.3296.93\r\nP3: 10.0.19045.2.0.0\r\nP4: \r\nP5: \r\nP6: \r\nP7: \r\nP8: \r\nP9: \r\nP10: \r\n\r\nAttached files:\r\n\\\\?\\C:\\Users\\Admin\\AppData\\Local\\Temp\\RDR17A0.tmp\\empty.txt\r\n\\\\?\\C:\\ProgramData\\Microsoft\\Windows\\WER\\Temp\\WER17B1.tmp.WERInternalMetadata.xml\r\n\\\\?\\C:\\ProgramData\\Microsoft\\Windows\\WER\\Temp\\WER17E1.tmp.xml\r\n\\\\?\\C:\\ProgramData\\Microsoft\\Windows\\WER\\Temp\\WER17FE.tmp.csv\r\n\\\\?\\C:\\ProgramData\\Microsoft\\Windows\\WER\\Temp\\WER183D.tmp.txt\r\n\r\nThese files may be available here:\r\n\r\n\r\nAnalysis symbol: \r\nRechecking for solution: 0\r\nReport Id: 15cbe902-705a-4018-b682-3f10cf7ee57d\r\nReport Status: 268435456\r\nHashed bucket: 23459af1b62648ed8a4a4829e2bc7520\r\nCab Guid: 0\r\n","StringInserts":["1894405937997575456","5","RADAR_PRE_LEAK_64","Not available","0","msedge.exe","137.0.3296.93","10.0.19045.2.0.0","","","","","","","","\r\n\\\\?\\C:\\Users\\Admin\\AppData\\Local\\Temp\\RDR17A0.tmp\\empty.txt\r\n\\\\?\\C:\\ProgramData\\Microsoft\\Windows\\WER\\Temp\\WER17B1.tmp.WERInternalMetadata.xml\r\n\\\\?\\C:\\ProgramData\\Microsoft\\Windows\\WER\\Temp\\WER17E1.tmp.xml\r\n\\\\?\\C:\\ProgramData\\Microsoft\\Windows\\WER\\Temp\\WER17FE.tmp.csv\r\n\\\\?\\C:\\ProgramData\\Microsoft\\Windows\\WER\\Temp\\WER183D.tmp.txt","","","0","15cbe902-705a-4018-b682-3f10cf7ee57d","268435456","23459af1b62648ed8a4a4829e2bc7520","0"]}
{"RecordNumber":23789,"TimeGenerated":"2025-06-24 20:32:39 +0700","TimeWritten":"2025-06-24 20:32:39 +0700","EventID":0,"Qualifiers":0,"EventType":"Information","EventCategory":0,"Channel":"Application","SourceName":"coccoc","ComputerName":"DESKTOP-RB8ENUF","Data":"","Sid":"","Message":"","StringInserts":["Service stopped"]}
{"RecordNumber":23790,"TimeGenerated":"2025-06-24 20:37:11 +0700","TimeWritten":"2025-06-24 20:37:11 +0700","EventID":16394,"Qualifiers":49152,"EventType":"Information","EventCategory":0,"Channel":"Application","SourceName":"Software Protection Platform Service","ComputerName":"DESKTOP-RB8ENUF","Data":"","Sid":"","Message":"Offline downlevel migration succeeded.\r\n","StringInserts":[]}
{"RecordNumber":23791,"TimeGenerated":"2025-06-24 20:37:47 +0700","TimeWritten":"2025-06-24 20:37:47 +0700","EventID":16384,"Qualifiers":16384,"EventType":"Information","EventCategory":0,"Channel":"Application","SourceName":"Software Protection Platform Service","ComputerName":"DESKTOP-RB8ENUF","Data":"","Sid":"","Message":"Successfully scheduled Software Protection service for re-start at 2025-06-25T06:42:46Z. Reason: RulesEngine.\r\n","StringInserts":["2025-06-25T06:42:46Z","RulesEngine"]}
{"RecordNumber":23792,"TimeGenerated":"2025-06-24 22:26:53 +0700","TimeWritten":"2025-06-24 22:26:53 +0700","EventID":0,"Qualifiers":0,"EventType":"Information","EventCategory":0,"Channel":"Application","SourceName":"edgeupdate","ComputerName":"DESKTOP-RB8ENUF","Data":"","Sid":"","Message":"Service stopped.\r\n","StringInserts":["Service stopped"]}
{"RecordNumber":17842,"TimeGenerated":"2025-06-24 23:24:22 +0700","TimeWritten":"2025-06-24 23:24:22 +0700","EventID":7040,"Qualifiers":16384,"EventType":"Information","EventCategory":0,"Channel":"System","SourceName":"Service Control Manager","ComputerName":"DESKTOP-RB8ENUF","Data":"","Sid":"S-1-5-18","Message":"The start type of the Background Intelligent Transfer Service service was changed from demand start to auto start.\r\n","StringInserts":["Background Intelligent Transfer Service","demand start","auto start","BITS"]}
{"RecordNumber":17843,"TimeGenerated":"2025-06-24 23:26:35 +0700","TimeWritten":"2025-06-24 23:26:35 +0700","EventID":7040,"Qualifiers":16384,"EventType":"Information","EventCategory":0,"Channel":"System","SourceName":"Service Control Manager","ComputerName":"DESKTOP-RB8ENUF","Data":"","Sid":"S-1-5-18","Message":"The start type of the Background Intelligent Transfer Service service was changed from auto start to demand start.\r\n","StringInserts":["Background Intelligent Transfer Service","auto start","demand start","BITS"]}
{"RecordNumber":17844,"TimeGenerated":"2025-06-25 00:12:50 +0700","TimeWritten":"2025-06-25 00:12:50 +0700","EventID":7040,"Qualifiers":16384,"EventType":"Information","EventCategory":0,"Channel":"System","SourceName":"Service Control Manager","ComputerName":"DESKTOP-RB8ENUF","Data":"","Sid":"S-1-5-18","Message":"The start type of the Background Intelligent Transfer Service service was changed from demand start to auto start.\r\n","StringInserts":["Background Intelligent Transfer Service","demand start","auto start","BITS"]}
{"RecordNumber":17845,"TimeGenerated":"2025-06-25 00:14:54 +0700","TimeWritten":"2025-06-25 00:14:54 +0700","EventID":7040,"Qualifiers":16384,"EventType":"Information","EventCategory":0,"Channel":"System","SourceName":"Service Control Manager","ComputerName":"DESKTOP-RB8ENUF","Data":"","Sid":"S-1-5-18","Message":"The start type of the Background Intelligent Transfer Service service was changed from auto start to demand start.\r\n","StringInserts":["Background Intelligent Transfer Service","auto start","demand start","BITS"]}
{"RecordNumber":17846,"TimeGenerated":"2025-06-25 00:24:16 +0700","TimeWritten":"2025-06-25 00:24:16 +0700","EventID":7040,"Qualifiers":16384,"EventType":"Information","EventCategory":0,"Channel":"System","SourceName":"Service Control Manager","ComputerName":"DESKTOP-RB8ENUF","Data":"","Sid":"S-1-5-18","Message":"The start type of the Background Intelligent Transfer Service service was changed from demand start to auto start.\r\n","StringInserts":["Background Intelligent Transfer Service","demand start","auto start","BITS"]}
{"RecordNumber":17847,"TimeGenerated":"2025-06-25 00:26:32 +0700","TimeWritten":"2025-06-25 00:26:32 +0700","EventID":7040,"Qualifiers":16384,"EventType":"Information","EventCategory":0,"Channel":"System","SourceName":"Service Control Manager","ComputerName":"DESKTOP-RB8ENUF","Data":"","Sid":"S-1-5-18","Message":"The start type of the Background Intelligent Transfer Service service was changed from auto start to demand start.\r\n","StringInserts":["Background Intelligent Transfer Service","auto start","demand start","BITS"]}
{"RecordNumber":23793,"TimeGenerated":"2025-06-25 00:37:35 +0700","TimeWritten":"2025-06-25 00:37:35 +0700","EventID":16394,"Qualifiers":49152,"EventType":"Information","EventCategory":0,"Channel":"Application","SourceName":"Software Protection Platform Service","ComputerName":"DESKTOP-RB8ENUF","Data":"","Sid":"","Message":"Offline downlevel migration succeeded.\r\n","StringInserts":[]}
{"RecordNumber":23794,"TimeGenerated":"2025-06-25 00:38:05 +0700","TimeWritten":"2025-06-25 00:38:05 +0700","EventID":16384,"Qualifiers":16384,"EventType":"Information","EventCategory":0,"Channel":"Application","SourceName":"Software Protection Platform Service","ComputerName":"DESKTOP-RB8ENUF","Data":"","Sid":"","Message":"Successfully scheduled Software Protection service for re-start at 2025-06-25T06:43:05Z. Reason: RulesEngine.\r\n","StringInserts":["2025-06-25T06:43:05Z","RulesEngine"]}
{"RecordNumber":17848,"TimeGenerated":"2025-06-25 01:22:49 +0700","TimeWritten":"2025-06-25 01:22:49 +0700","EventID":158,"Qualifiers":0,"EventType":"Information","EventCategory":0,"Channel":"System","SourceName":"Microsoft-Windows-Time-Service","ComputerName":"DESKTOP-RB8ENUF","Data":"","Sid":"S-1-5-19","Message":"The time provider 'VMICTimeProvider' has indicated that the current hardware and operating environment is not supported and has stopped. This behavior is expected for VMICTimeProvider on non-HyperV-guest environments. This may be the expected behavior for the current provider in the current operating environment as well.\r\n","StringInserts":["VMICTimeProvider"]}
{"RecordNumber":17849,"TimeGenerated":"2025-06-25 01:22:50 +0700","TimeWritten":"2025-06-25 01:22:50 +0700","EventID":37,"Qualifiers":0,"EventType":"Information","EventCategory":0,"Channel":"System","SourceName":"Microsoft-Windows-Time-Service","ComputerName":"DESKTOP-RB8ENUF","Data":"","Sid":"S-1-5-19","Message":"The time provider NtpClient is currently receiving valid time data from time.windows.com,0x9 (ntp.m|0x9|0.0.0.0:123->20.189.79.72:123).\r\n","StringInserts":["time.windows.com,0x9 (ntp.m|0x9|0.0.0.0:123->20.189.79.72:123)"]}
{"RecordNumber":17850,"TimeGenerated":"2025-06-25 01:23:05 +0700","TimeWritten":"2025-06-25 01:23:05 +0700","EventID":35,"Qualifiers":0,"EventType":"Information","EventCategory":0,"Channel":"System","SourceName":"Microsoft-Windows-Time-Service","ComputerName":"DESKTOP-RB8ENUF","Data":"","Sid":"S-1-5-19","Message":"The time service is now synchronizing the system time with the time source time.windows.com,0x9 (ntp.m|0x9|0.0.0.0:123->20.189.79.72:123) with reference id 1213185300. Current local stratum number is 4.\r\n","StringInserts":["time.windows.com,0x9 (ntp.m|0x9|0.0.0.0:123->20.189.79.72:123)","1213185300","4"]}
{"RecordNumber":17851,"TimeGenerated":"2025-06-25 01:23:05 +0700","TimeWritten":"2025-06-25 01:23:05 +0700","EventID":24,"Qualifiers":0,"EventType":"Information","EventCategory":11,"Channel":"System","SourceName":"Microsoft-Windows-Kernel-General","ComputerName":"DESKTOP-RB8ENUF","Data":"","Sid":"S-1-5-19","Message":"","StringInserts":["0","-420","0","0","0"]}
{"RecordNumber":17852,"TimeGenerated":"2025-06-25 01:23:05 +0700","TimeWritten":"2025-06-25 01:23:05 +0700","EventID":1,"Qualifiers":0,"EventType":"Information","EventCategory":5,"Channel":"System","SourceName":"Microsoft-Windows-Kernel-General","ComputerName":"DESKTOP-RB8ENUF","Data":"","Sid":"S-1-5-19","Message":"Possible detection of CVE: 2025-06-24T18:23:05.0732752Z\r\nAdditional Information: 2025-06-24T18:23:05.0730493Z\r\n\r\nThis Event is generated when an attempt to exploit a known vulnerability (2025-06-24T18:23:05.0732752Z) is detected.\r\nThis Event is raised by a User mode process.\r\n\r\n","StringInserts":["2025-06-24T18:23:05.0732752Z","2025-06-24T18:23:05.0730493Z","1","\\Device\\HarddiskVolume7\\Windows\\System32\\svchost.exe","19876"]}
{"RecordNumber":23795,"TimeGenerated":"2025-06-25 01:32:03 +0700","TimeWritten":"2025-06-25 01:32:03 +0700","EventID":0,"Qualifiers":0,"EventType":"Information","EventCategory":0,"Channel":"Application","SourceName":"coccoc","ComputerName":"DESKTOP-RB8ENUF","Data":"","Sid":"","Message":"","StringInserts":["Service stopped"]}
{"RecordNumber":23796,"TimeGenerated":"2025-06-25 02:04:47 +0700","TimeWritten":"2025-06-25 02:04:47 +0700","EventID":16394,"Qualifiers":49152,"EventType":"Information","EventCategory":0,"Channel":"Application","SourceName":"Software Protection Platform Service","ComputerName":"DESKTOP-RB8ENUF","Data":"","Sid":"","Message":"Offline downlevel migration succeeded.\r\n","StringInserts":[]}
{"RecordNumber":23797,"TimeGenerated":"2025-06-25 02:05:18 +0700","TimeWritten":"2025-06-25 02:05:18 +0700","EventID":16384,"Qualifiers":16384,"EventType":"Information","EventCategory":0,"Channel":"Application","SourceName":"Software Protection Platform Service","ComputerName":"DESKTOP-RB8ENUF","Data":"","Sid":"","Message":"Successfully scheduled Software Protection service for re-start at 2025-06-25T06:42:18Z. Reason: RulesEngine.\r\n","StringInserts":["2025-06-25T06:42:18Z","RulesEngine"]}
{"RecordNumber":23798,"TimeGenerated":"2025-06-25 02:26:29 +0700","TimeWritten":"2025-06-25 02:26:29 +0700","EventID":16394,"Qualifiers":49152,"EventType":"Information","EventCategory":0,"Channel":"Application","SourceName":"Software Protection Platform Service","ComputerName":"DESKTOP-RB8ENUF","Data":"","Sid":"","Message":"Offline downlevel migration succeeded.\r\n","StringInserts":[]}
{"RecordNumber":23799,"TimeGenerated":"2025-06-25 02:27:06 +0700","TimeWritten":"2025-06-25 02:27:06 +0700","EventID":16384,"Qualifiers":16384,"EventType":"Information","EventCategory":0,"Channel":"Application","SourceName":"Software Protection Platform Service","ComputerName":"DESKTOP-RB8ENUF","Data":"","Sid":"","Message":"Successfully scheduled Software Protection service for re-start at 2025-06-25T06:42:06Z. Reason: RulesEngine.\r\n","StringInserts":["2025-06-25T06:42:06Z","RulesEngine"]}
