{"RecordNumber":18026,"TimeGenerated":"2025-06-27 17:25:30 +0700","TimeWritten":"2025-06-27 17:25:30 +0700","EventID":10016,"Qualifiers":0,"EventType":"Warning","EventCategory":0,"Channel":"System","SourceName":"DCOM","ComputerName":"DESKTOP-RB8ENUF","Data":"","Sid":"S-1-5-21-3306260603-718234045-292622573-1001","Message":"The machine-default permission settings do not grant Local Activation permission for the COM Server application with CLSID \r\n{C2F03A33-21F5-47FA-B4BB-156362A2F239}\r\n and APPID \r\n{316CDED5-E4AE-4B15-9113-7055D84DCC97}\r\n to the user DESKTOP-RB8ENUF\\NgThang SID (S-1-5-21-3306260603-718234045-292622573-1001) from address LocalHost (Using LRPC) running in the application container Microsoft.Windows.ShellExperienceHost_10.0.19041.5072_neutral_neutral_cw5n1h2txyewy SID (S-1-15-2-155514346-2573954481-755741238-1654018636-1233331829-3075935687-2861478708). This security permission can be modified using the Component Services administrative tool.\r\n","StringInserts":["machine-default","Local","Activation","{C2F03A33-21F5-47FA-B4BB-156362A2F239}","{316CDED5-E4AE-4B15-9113-7055D84DCC97}","DESKTOP-RB8ENUF","NgThang","S-1-5-21-3306260603-718234045-292622573-1001","LocalHost (Using LRPC)","Microsoft.Windows.ShellExperienceHost_10.0.19041.5072_neutral_neutral_cw5n1h2txyewy","S-1-15-2-155514346-2573954481-755741238-1654018636-1233331829-3075935687-2861478708"]}
{"RecordNumber":18027,"TimeGenerated":"2025-06-27 17:25:40 +0700","TimeWritten":"2025-06-27 17:25:40 +0700","EventID":10016,"Qualifiers":0,"EventType":"Warning","EventCategory":0,"Channel":"System","SourceName":"DCOM","ComputerName":"DESKTOP-RB8ENUF","Data":"","Sid":"S-1-5-21-3306260603-718234045-292622573-1001","Message":"The machine-default permission settings do not grant Local Activation permission for the COM Server application with CLSID \r\n{C2F03A33-21F5-47FA-B4BB-156362A2F239}\r\n and APPID \r\n{316CDED5-E4AE-4B15-9113-7055D84DCC97}\r\n to the user DESKTOP-RB8ENUF\\NgThang SID (S-1-5-21-3306260603-718234045-292622573-1001) from address LocalHost (Using LRPC) running in the application container Microsoft.Windows.ShellExperienceHost_10.0.19041.5072_neutral_neutral_cw5n1h2txyewy SID (S-1-15-2-155514346-2573954481-755741238-1654018636-1233331829-3075935687-2861478708). This security permission can be modified using the Component Services administrative tool.\r\n","StringInserts":["machine-default","Local","Activation","{C2F03A33-21F5-47FA-B4BB-156362A2F239}","{316CDED5-E4AE-4B15-9113-7055D84DCC97}","DESKTOP-RB8ENUF","NgThang","S-1-5-21-3306260603-718234045-292622573-1001","LocalHost (Using LRPC)","Microsoft.Windows.ShellExperienceHost_10.0.19041.5072_neutral_neutral_cw5n1h2txyewy","S-1-15-2-155514346-2573954481-755741238-1654018636-1233331829-3075935687-2861478708"]}
{"RecordNumber":18028,"TimeGenerated":"2025-06-27 17:27:38 +0700","TimeWritten":"2025-06-27 17:27:38 +0700","EventID":1796,"Qualifiers":0,"EventType":"Error","EventCategory":0,"Channel":"System","SourceName":"Microsoft-Windows-TPM-WMI","ComputerName":"DESKTOP-RB8ENUF","Data":"","Sid":"S-1-5-18","Message":"The Secure Boot update failed to update a Secure Boot variable with error -2147020471. For more information, please see https://go.microsoft.com/fwlink/?linkid=2169931\r\n","StringInserts":["-2147020471"]}
{"RecordNumber":18029,"TimeGenerated":"2025-06-27 17:27:38 +0700","TimeWritten":"2025-06-27 17:27:38 +0700","EventID":1796,"Qualifiers":0,"EventType":"Error","EventCategory":0,"Channel":"System","SourceName":"Microsoft-Windows-TPM-WMI","ComputerName":"DESKTOP-RB8ENUF","Data":"","Sid":"S-1-5-18","Message":"The Secure Boot update failed to update a Secure Boot variable with error -2147020471. For more information, please see https://go.microsoft.com/fwlink/?linkid=2169931\r\n","StringInserts":["-2147020471"]}
{"RecordNumber":18030,"TimeGenerated":"2025-06-27 17:33:26 +0700","TimeWritten":"2025-06-27 17:33:26 +0700","EventID":44,"Qualifiers":0,"EventType":"Information","EventCategory":1,"Channel":"System","SourceName":"Microsoft-Windows-WindowsUpdateClient","ComputerName":"DESKTOP-RB8ENUF","Data":"","Sid":"S-1-5-18","Message":"Windows Update started downloading an update.\r\n","StringInserts":["Security Intelligence Update for Microsoft Defender Antivirus - KB2267602 (Version 1.431.255.0) - Current Channel (Broad)","{522d9040-8999-4499-8128-be829380b15d}","201"]}
{"RecordNumber":18031,"TimeGenerated":"2025-06-27 17:33:26 +0700","TimeWritten":"2025-06-27 17:33:26 +0700","EventID":43,"Qualifiers":0,"EventType":"Information","EventCategory":1,"Channel":"System","SourceName":"Microsoft-Windows-WindowsUpdateClient","ComputerName":"DESKTOP-RB8ENUF","Data":"","Sid":"S-1-5-18","Message":"Installation Started: Windows has started installing the following update: Security Intelligence Update for Microsoft Defender Antivirus - KB2267602 (Version 1.431.255.0) - Current Channel (Broad)\r\n","StringInserts":["Security Intelligence Update for Microsoft Defender Antivirus - KB2267602 (Version 1.431.255.0) - Current Channel (Broad)","{522d9040-8999-4499-8128-be829380b15d}","201"]}
{"RecordNumber":18032,"TimeGenerated":"2025-06-27 17:33:34 +0700","TimeWritten":"2025-06-27 17:33:34 +0700","EventID":19,"Qualifiers":0,"EventType":"Information","EventCategory":1,"Channel":"System","SourceName":"Microsoft-Windows-WindowsUpdateClient","ComputerName":"DESKTOP-RB8ENUF","Data":"","Sid":"S-1-5-18","Message":"Installation Successful: Windows successfully installed the following update: Security Intelligence Update for Microsoft Defender Antivirus - KB2267602 (Version 1.431.255.0) - Current Channel (Broad)\r\n","StringInserts":["Security Intelligence Update for Microsoft Defender Antivirus - KB2267602 (Version 1.431.255.0) - Current Channel (Broad)","{522d9040-8999-4499-8128-be829380b15d}","201","{9482f4b4-e343-43b6-b170-9a65bc822c77}"]}
{"RecordNumber":18033,"TimeGenerated":"2025-06-27 17:49:09 +0700","TimeWritten":"2025-06-27 17:49:09 +0700","EventID":7040,"Qualifiers":16384,"EventType":"Information","EventCategory":0,"Channel":"System","SourceName":"Service Control Manager","ComputerName":"DESKTOP-RB8ENUF","Data":"","Sid":"S-1-5-18","Message":"The start type of the Background Intelligent Transfer Service service was changed from demand start to auto start.\r\n","StringInserts":["Background Intelligent Transfer Service","demand start","auto start","BITS"]}
{"RecordNumber":18034,"TimeGenerated":"2025-06-27 17:51:23 +0700","TimeWritten":"2025-06-27 17:51:23 +0700","EventID":7040,"Qualifiers":16384,"EventType":"Information","EventCategory":0,"Channel":"System","SourceName":"Service Control Manager","ComputerName":"DESKTOP-RB8ENUF","Data":"","Sid":"S-1-5-18","Message":"The start type of the Background Intelligent Transfer Service service was changed from auto start to demand start.\r\n","StringInserts":["Background Intelligent Transfer Service","auto start","demand start","BITS"]}
{"RecordNumber":18035,"TimeGenerated":"2025-06-27 22:24:15 +0700","TimeWritten":"2025-06-27 22:24:15 +0700","EventID":7040,"Qualifiers":16384,"EventType":"Information","EventCategory":0,"Channel":"System","SourceName":"Service Control Manager","ComputerName":"DESKTOP-RB8ENUF","Data":"","Sid":"S-1-5-18","Message":"The start type of the Background Intelligent Transfer Service service was changed from demand start to auto start.\r\n","StringInserts":["Background Intelligent Transfer Service","demand start","auto start","BITS"]}
{"RecordNumber":18036,"TimeGenerated":"2025-06-27 22:26:31 +0700","TimeWritten":"2025-06-27 22:26:31 +0700","EventID":7040,"Qualifiers":16384,"EventType":"Information","EventCategory":0,"Channel":"System","SourceName":"Service Control Manager","ComputerName":"DESKTOP-RB8ENUF","Data":"","Sid":"S-1-5-18","Message":"The start type of the Background Intelligent Transfer Service service was changed from auto start to demand start.\r\n","StringInserts":["Background Intelligent Transfer Service","auto start","demand start","BITS"]}
{"RecordNumber":18037,"TimeGenerated":"2025-06-27 23:41:13 +0700","TimeWritten":"2025-06-27 23:41:13 +0700","EventID":7040,"Qualifiers":16384,"EventType":"Information","EventCategory":0,"Channel":"System","SourceName":"Service Control Manager","ComputerName":"DESKTOP-RB8ENUF","Data":"","Sid":"S-1-5-18","Message":"The start type of the Background Intelligent Transfer Service service was changed from demand start to auto start.\r\n","StringInserts":["Background Intelligent Transfer Service","demand start","auto start","BITS"]}
{"RecordNumber":18038,"TimeGenerated":"2025-06-27 23:43:25 +0700","TimeWritten":"2025-06-27 23:43:25 +0700","EventID":7040,"Qualifiers":16384,"EventType":"Information","EventCategory":0,"Channel":"System","SourceName":"Service Control Manager","ComputerName":"DESKTOP-RB8ENUF","Data":"","Sid":"S-1-5-18","Message":"The start type of the Background Intelligent Transfer Service service was changed from auto start to demand start.\r\n","StringInserts":["Background Intelligent Transfer Service","auto start","demand start","BITS"]}
{"RecordNumber":18039,"TimeGenerated":"2025-06-28 01:12:34 +0700","TimeWritten":"2025-06-28 01:12:34 +0700","EventID":44,"Qualifiers":0,"EventType":"Information","EventCategory":1,"Channel":"System","SourceName":"Microsoft-Windows-WindowsUpdateClient","ComputerName":"DESKTOP-RB8ENUF","Data":"","Sid":"S-1-5-18","Message":"Windows Update started downloading an update.\r\n","StringInserts":["Security Intelligence Update for Microsoft Defender Antivirus - KB2267602 (Version 1.431.266.0) - Current Channel (Broad)","{8dceb489-e9e6-4bb3-9194-f2d11ffe853c}","200"]}
{"RecordNumber":18040,"TimeGenerated":"2025-06-28 01:12:35 +0700","TimeWritten":"2025-06-28 01:12:35 +0700","EventID":44,"Qualifiers":0,"EventType":"Information","EventCategory":1,"Channel":"System","SourceName":"Microsoft-Windows-WindowsUpdateClient","ComputerName":"DESKTOP-RB8ENUF","Data":"","Sid":"S-1-5-18","Message":"Windows Update started downloading an update.\r\n","StringInserts":["2025-06 Update for Windows 10 Version 22H2 for x64-based Systems (KB5001716)","{dfc3e926-bfb2-45c0-a386-7553f3b1242d}","203"]}
{"RecordNumber":18041,"TimeGenerated":"2025-06-28 01:12:35 +0700","TimeWritten":"2025-06-28 01:12:35 +0700","EventID":43,"Qualifiers":0,"EventType":"Information","EventCategory":1,"Channel":"System","SourceName":"Microsoft-Windows-WindowsUpdateClient","ComputerName":"DESKTOP-RB8ENUF","Data":"","Sid":"S-1-5-18","Message":"Installation Started: Windows has started installing the following update: Security Intelligence Update for Microsoft Defender Antivirus - KB2267602 (Version 1.431.266.0) - Current Channel (Broad)\r\n","StringInserts":["Security Intelligence Update for Microsoft Defender Antivirus - KB2267602 (Version 1.431.266.0) - Current Channel (Broad)","{8dceb489-e9e6-4bb3-9194-f2d11ffe853c}","200"]}
{"RecordNumber":18042,"TimeGenerated":"2025-06-28 01:12:43 +0700","TimeWritten":"2025-06-28 01:12:43 +0700","EventID":19,"Qualifiers":0,"EventType":"Information","EventCategory":1,"Channel":"System","SourceName":"Microsoft-Windows-WindowsUpdateClient","ComputerName":"DESKTOP-RB8ENUF","Data":"","Sid":"S-1-5-18","Message":"Installation Successful: Windows successfully installed the following update: Security Intelligence Update for Microsoft Defender Antivirus - KB2267602 (Version 1.431.266.0) - Current Channel (Broad)\r\n","StringInserts":["Security Intelligence Update for Microsoft Defender Antivirus - KB2267602 (Version 1.431.266.0) - Current Channel (Broad)","{8dceb489-e9e6-4bb3-9194-f2d11ffe853c}","200","{9482f4b4-e343-43b6-b170-9a65bc822c77}"]}
{"RecordNumber":18043,"TimeGenerated":"2025-06-28 01:22:48 +0700","TimeWritten":"2025-06-28 01:22:48 +0700","EventID":158,"Qualifiers":0,"EventType":"Information","EventCategory":0,"Channel":"System","SourceName":"Microsoft-Windows-Time-Service","ComputerName":"DESKTOP-RB8ENUF","Data":"","Sid":"S-1-5-19","Message":"The time provider 'VMICTimeProvider' has indicated that the current hardware and operating environment is not supported and has stopped. This behavior is expected for VMICTimeProvider on non-HyperV-guest environments. This may be the expected behavior for the current provider in the current operating environment as well.\r\n","StringInserts":["VMICTimeProvider"]}
{"RecordNumber":18044,"TimeGenerated":"2025-06-28 01:22:50 +0700","TimeWritten":"2025-06-28 01:22:50 +0700","EventID":37,"Qualifiers":0,"EventType":"Information","EventCategory":0,"Channel":"System","SourceName":"Microsoft-Windows-Time-Service","ComputerName":"DESKTOP-RB8ENUF","Data":"","Sid":"S-1-5-19","Message":"The time provider NtpClient is currently receiving valid time data from time.windows.com,0x9 (ntp.m|0x9|0.0.0.0:123->20.189.79.72:123).\r\n","StringInserts":["time.windows.com,0x9 (ntp.m|0x9|0.0.0.0:123->20.189.79.72:123)"]}
{"RecordNumber":18045,"TimeGenerated":"2025-06-28 01:23:03 +0700","TimeWritten":"2025-06-28 01:23:03 +0700","EventID":44,"Qualifiers":0,"EventType":"Information","EventCategory":1,"Channel":"System","SourceName":"Microsoft-Windows-WindowsUpdateClient","ComputerName":"DESKTOP-RB8ENUF","Data":"","Sid":"S-1-5-18","Message":"Windows Update started downloading an update.\r\n","StringInserts":["9NBLGGH4NNS1-Microsoft.DesktopAppInstaller","{eac2b4c7-0286-4746-8b0b-08c11d2ee637}","1"]}
{"RecordNumber":18046,"TimeGenerated":"2025-06-28 01:23:03 +0700","TimeWritten":"2025-06-28 01:23:03 +0700","EventID":43,"Qualifiers":0,"EventType":"Information","EventCategory":1,"Channel":"System","SourceName":"Microsoft-Windows-WindowsUpdateClient","ComputerName":"DESKTOP-RB8ENUF","Data":"","Sid":"S-1-5-18","Message":"Installation Started: Windows has started installing the following update: 9NBLGGH4NNS1-Microsoft.DesktopAppInstaller\r\n","StringInserts":["9NBLGGH4NNS1-Microsoft.DesktopAppInstaller","{eac2b4c7-0286-4746-8b0b-08c11d2ee637}","1"]}
{"RecordNumber":18047,"TimeGenerated":"2025-06-28 01:23:03 +0700","TimeWritten":"2025-06-28 01:23:03 +0700","EventID":20,"Qualifiers":0,"EventType":"Error","EventCategory":1,"Channel":"System","SourceName":"Microsoft-Windows-WindowsUpdateClient","ComputerName":"DESKTOP-RB8ENUF","Data":"","Sid":"S-1-5-18","Message":"Installation Failure: Windows failed to install the following update with error 0x80073d02: 9NBLGGH4NNS1-Microsoft.DesktopAppInstaller.\r\n","StringInserts":["0x80073d02","9NBLGGH4NNS1-Microsoft.DesktopAppInstaller","{eac2b4c7-0286-4746-8b0b-08c11d2ee637}","1","{855e8a7c-ecb4-4ca3-b045-1dfa50104289}"]}
{"RecordNumber":18048,"TimeGenerated":"2025-06-28 01:23:03 +0700","TimeWritten":"2025-06-28 01:23:03 +0700","EventID":24,"Qualifiers":0,"EventType":"Information","EventCategory":11,"Channel":"System","SourceName":"Microsoft-Windows-Kernel-General","ComputerName":"DESKTOP-RB8ENUF","Data":"","Sid":"S-1-5-19","Message":"","StringInserts":["0","-420","0","0","0"]}
{"RecordNumber":18049,"TimeGenerated":"2025-06-28 01:23:03 +0700","TimeWritten":"2025-06-28 01:23:03 +0700","EventID":1,"Qualifiers":0,"EventType":"Information","EventCategory":5,"Channel":"System","SourceName":"Microsoft-Windows-Kernel-General","ComputerName":"DESKTOP-RB8ENUF","Data":"","Sid":"S-1-5-19","Message":"Possible detection of CVE: 2025-06-27T18:23:03.0239691Z\r\nAdditional Information: 2025-06-27T18:23:04.5537866Z\r\n\r\nThis Event is generated when an attempt to exploit a known vulnerability (2025-06-27T18:23:03.0239691Z) is detected.\r\nThis Event is raised by a User mode process.\r\n\r\n","StringInserts":["2025-06-27T18:23:03.0239691Z","2025-06-27T18:23:04.5537866Z","1","\\Device\\HarddiskVolume7\\Windows\\System32\\svchost.exe","10768"]}
{"RecordNumber":18050,"TimeGenerated":"2025-06-28 01:23:03 +0700","TimeWritten":"2025-06-28 01:23:03 +0700","EventID":35,"Qualifiers":0,"EventType":"Information","EventCategory":0,"Channel":"System","SourceName":"Microsoft-Windows-Time-Service","ComputerName":"DESKTOP-RB8ENUF","Data":"","Sid":"S-1-5-19","Message":"The time service is now synchronizing the system time with the time source time.windows.com,0x9 (ntp.m|0x9|0.0.0.0:123->20.189.79.72:123) with reference id 1213185300. Current local stratum number is 4.\r\n","StringInserts":["time.windows.com,0x9 (ntp.m|0x9|0.0.0.0:123->20.189.79.72:123)","1213185300","4"]}
{"RecordNumber":18051,"TimeGenerated":"2025-06-28 01:23:03 +0700","TimeWritten":"2025-06-28 01:23:03 +0700","EventID":24,"Qualifiers":0,"EventType":"Information","EventCategory":11,"Channel":"System","SourceName":"Microsoft-Windows-Kernel-General","ComputerName":"DESKTOP-RB8ENUF","Data":"","Sid":"S-1-5-19","Message":"","StringInserts":["0","-420","0","0","0"]}
{"RecordNumber":18052,"TimeGenerated":"2025-06-28 01:23:03 +0700","TimeWritten":"2025-06-28 01:23:03 +0700","EventID":1,"Qualifiers":0,"EventType":"Information","EventCategory":5,"Channel":"System","SourceName":"Microsoft-Windows-Kernel-General","ComputerName":"DESKTOP-RB8ENUF","Data":"","Sid":"S-1-5-19","Message":"Possible detection of CVE: 2025-06-27T18:23:03.0289997Z\r\nAdditional Information: 2025-06-27T18:23:03.0293813Z\r\n\r\nThis Event is generated when an attempt to exploit a known vulnerability (2025-06-27T18:23:03.0289997Z) is detected.\r\nThis Event is raised by a User mode process.\r\n\r\n","StringInserts":["2025-06-27T18:23:03.0289997Z","2025-06-27T18:23:03.0293813Z","1","\\Device\\HarddiskVolume7\\Windows\\System32\\svchost.exe","10768"]}
{"RecordNumber":18053,"TimeGenerated":"2025-06-28 01:23:03 +0700","TimeWritten":"2025-06-28 01:23:03 +0700","EventID":24,"Qualifiers":0,"EventType":"Information","EventCategory":11,"Channel":"System","SourceName":"Microsoft-Windows-Kernel-General","ComputerName":"DESKTOP-RB8ENUF","Data":"","Sid":"S-1-5-19","Message":"","StringInserts":["0","-420","0","0","0"]}
{"RecordNumber":18054,"TimeGenerated":"2025-06-28 01:23:03 +0700","TimeWritten":"2025-06-28 01:23:03 +0700","EventID":1,"Qualifiers":0,"EventType":"Information","EventCategory":5,"Channel":"System","SourceName":"Microsoft-Windows-Kernel-General","ComputerName":"DESKTOP-RB8ENUF","Data":"","Sid":"S-1-5-19","Message":"Possible detection of CVE: 2025-06-27T18:23:03.0323349Z\r\nAdditional Information: 2025-06-27T18:23:03.0317187Z\r\n\r\nThis Event is generated when an attempt to exploit a known vulnerability (2025-06-27T18:23:03.0323349Z) is detected.\r\nThis Event is raised by a User mode process.\r\n\r\n","StringInserts":["2025-06-27T18:23:03.0323349Z","2025-06-27T18:23:03.0317187Z","1","\\Device\\HarddiskVolume7\\Windows\\System32\\svchost.exe","10768"]}
{"RecordNumber":18055,"TimeGenerated":"2025-06-28 01:23:05 +0700","TimeWritten":"2025-06-28 01:23:05 +0700","EventID":16,"Qualifiers":0,"EventType":"Information","EventCategory":0,"Channel":"System","SourceName":"Microsoft-Windows-Kernel-General","ComputerName":"DESKTOP-RB8ENUF","Data":"","Sid":"S-1-5-18","Message":"","StringInserts":["137","\\??\\C:\\ProgramData\\Microsoft\\Windows\\AppRepository\\Packages\\Microsoft.WindowsStore_22505.1401.17.0_x64__8wekyb3d8bbwe\\ActivationStore.dat","0","0"]}
{"RecordNumber":18056,"TimeGenerated":"2025-06-28 01:23:06 +0700","TimeWritten":"2025-06-28 01:23:06 +0700","EventID":43,"Qualifiers":0,"EventType":"Information","EventCategory":1,"Channel":"System","SourceName":"Microsoft-Windows-WindowsUpdateClient","ComputerName":"DESKTOP-RB8ENUF","Data":"","Sid":"S-1-5-18","Message":"Installation Started: Windows has started installing the following update: 9WZDNCRFJBMP-MICROSOFT.WINDOWSSTORE\r\n","StringInserts":["9WZDNCRFJBMP-MICROSOFT.WINDOWSSTORE","{005452da-1ca2-4654-8324-6c380f4028a9}","1"]}
{"RecordNumber":18057,"TimeGenerated":"2025-06-28 01:23:07 +0700","TimeWritten":"2025-06-28 01:23:07 +0700","EventID":19,"Qualifiers":0,"EventType":"Information","EventCategory":1,"Channel":"System","SourceName":"Microsoft-Windows-WindowsUpdateClient","ComputerName":"DESKTOP-RB8ENUF","Data":"","Sid":"S-1-5-18","Message":"Installation Successful: Windows successfully installed the following update: 9WZDNCRFJBMP-MICROSOFT.WINDOWSSTORE\r\n","StringInserts":["9WZDNCRFJBMP-MICROSOFT.WINDOWSSTORE","{005452da-1ca2-4654-8324-6c380f4028a9}","1","{855e8a7c-ecb4-4ca3-b045-1dfa50104289}"]}
{"RecordNumber":18058,"TimeGenerated":"2025-06-28 01:34:10 +0700","TimeWritten":"2025-06-28 01:34:10 +0700","EventID":7040,"Qualifiers":16384,"EventType":"Information","EventCategory":0,"Channel":"System","SourceName":"Service Control Manager","ComputerName":"DESKTOP-RB8ENUF","Data":"","Sid":"S-1-5-18","Message":"The start type of the Background Intelligent Transfer Service service was changed from demand start to auto start.\r\n","StringInserts":["Background Intelligent Transfer Service","demand start","auto start","BITS"]}
{"RecordNumber":18059,"TimeGenerated":"2025-06-28 01:36:14 +0700","TimeWritten":"2025-06-28 01:36:14 +0700","EventID":7040,"Qualifiers":16384,"EventType":"Information","EventCategory":0,"Channel":"System","SourceName":"Service Control Manager","ComputerName":"DESKTOP-RB8ENUF","Data":"","Sid":"S-1-5-18","Message":"The start type of the Background Intelligent Transfer Service service was changed from auto start to demand start.\r\n","StringInserts":["Background Intelligent Transfer Service","auto start","demand start","BITS"]}
{"RecordNumber":18060,"TimeGenerated":"2025-06-28 02:22:37 +0700","TimeWritten":"2025-06-28 02:22:37 +0700","EventID":44,"Qualifiers":0,"EventType":"Information","EventCategory":1,"Channel":"System","SourceName":"Microsoft-Windows-WindowsUpdateClient","ComputerName":"DESKTOP-RB8ENUF","Data":"","Sid":"S-1-5-18","Message":"Windows Update started downloading an update.\r\n","StringInserts":["9NBLGGH4NNS1-Microsoft.DesktopAppInstaller","{eac2b4c7-0286-4746-8b0b-08c11d2ee637}","1"]}
{"RecordNumber":18061,"TimeGenerated":"2025-06-28 02:22:37 +0700","TimeWritten":"2025-06-28 02:22:37 +0700","EventID":43,"Qualifiers":0,"EventType":"Information","EventCategory":1,"Channel":"System","SourceName":"Microsoft-Windows-WindowsUpdateClient","ComputerName":"DESKTOP-RB8ENUF","Data":"","Sid":"S-1-5-18","Message":"Installation Started: Windows has started installing the following update: 9NBLGGH4NNS1-Microsoft.DesktopAppInstaller\r\n","StringInserts":["9NBLGGH4NNS1-Microsoft.DesktopAppInstaller","{eac2b4c7-0286-4746-8b0b-08c11d2ee637}","1"]}
{"RecordNumber":18062,"TimeGenerated":"2025-06-28 02:22:37 +0700","TimeWritten":"2025-06-28 02:22:37 +0700","EventID":20,"Qualifiers":0,"EventType":"Error","EventCategory":1,"Channel":"System","SourceName":"Microsoft-Windows-WindowsUpdateClient","ComputerName":"DESKTOP-RB8ENUF","Data":"","Sid":"S-1-5-18","Message":"Installation Failure: Windows failed to install the following update with error 0x80073d02: 9NBLGGH4NNS1-Microsoft.DesktopAppInstaller.\r\n","StringInserts":["0x80073d02","9NBLGGH4NNS1-Microsoft.DesktopAppInstaller","{eac2b4c7-0286-4746-8b0b-08c11d2ee637}","1","{855e8a7c-ecb4-4ca3-b045-1dfa50104289}"]}
{"RecordNumber":18063,"TimeGenerated":"2025-06-28 02:24:19 +0700","TimeWritten":"2025-06-28 02:24:19 +0700","EventID":7040,"Qualifiers":16384,"EventType":"Information","EventCategory":0,"Channel":"System","SourceName":"Service Control Manager","ComputerName":"DESKTOP-RB8ENUF","Data":"","Sid":"S-1-5-18","Message":"The start type of the Background Intelligent Transfer Service service was changed from demand start to auto start.\r\n","StringInserts":["Background Intelligent Transfer Service","demand start","auto start","BITS"]}
{"RecordNumber":18064,"TimeGenerated":"2025-06-28 02:26:36 +0700","TimeWritten":"2025-06-28 02:26:36 +0700","EventID":7040,"Qualifiers":16384,"EventType":"Information","EventCategory":0,"Channel":"System","SourceName":"Service Control Manager","ComputerName":"DESKTOP-RB8ENUF","Data":"","Sid":"S-1-5-18","Message":"The start type of the Background Intelligent Transfer Service service was changed from auto start to demand start.\r\n","StringInserts":["Background Intelligent Transfer Service","auto start","demand start","BITS"]}
{"RecordNumber":18065,"TimeGenerated":"2025-06-28 04:41:11 +0700","TimeWritten":"2025-06-28 04:41:11 +0700","EventID":7040,"Qualifiers":16384,"EventType":"Information","EventCategory":0,"Channel":"System","SourceName":"Service Control Manager","ComputerName":"DESKTOP-RB8ENUF","Data":"","Sid":"S-1-5-18","Message":"The start type of the Background Intelligent Transfer Service service was changed from demand start to auto start.\r\n","StringInserts":["Background Intelligent Transfer Service","demand start","auto start","BITS"]}
{"RecordNumber":18066,"TimeGenerated":"2025-06-28 04:43:32 +0700","TimeWritten":"2025-06-28 04:43:32 +0700","EventID":7040,"Qualifiers":16384,"EventType":"Information","EventCategory":0,"Channel":"System","SourceName":"Service Control Manager","ComputerName":"DESKTOP-RB8ENUF","Data":"","Sid":"S-1-5-18","Message":"The start type of the Background Intelligent Transfer Service service was changed from auto start to demand start.\r\n","StringInserts":["Background Intelligent Transfer Service","auto start","demand start","BITS"]}
{"RecordNumber":18067,"TimeGenerated":"2025-06-28 05:27:37 +0700","TimeWritten":"2025-06-28 05:27:37 +0700","EventID":1796,"Qualifiers":0,"EventType":"Error","EventCategory":0,"Channel":"System","SourceName":"Microsoft-Windows-TPM-WMI","ComputerName":"DESKTOP-RB8ENUF","Data":"","Sid":"S-1-5-18","Message":"The Secure Boot update failed to update a Secure Boot variable with error -2147020471. For more information, please see https://go.microsoft.com/fwlink/?linkid=2169931\r\n","StringInserts":["-2147020471"]}
{"RecordNumber":18068,"TimeGenerated":"2025-06-28 05:27:37 +0700","TimeWritten":"2025-06-28 05:27:37 +0700","EventID":1796,"Qualifiers":0,"EventType":"Error","EventCategory":0,"Channel":"System","SourceName":"Microsoft-Windows-TPM-WMI","ComputerName":"DESKTOP-RB8ENUF","Data":"","Sid":"S-1-5-18","Message":"The Secure Boot update failed to update a Secure Boot variable with error -2147020471. For more information, please see https://go.microsoft.com/fwlink/?linkid=2169931\r\n","StringInserts":["-2147020471"]}
{"RecordNumber":18069,"TimeGenerated":"2025-06-28 12:00:00 +0700","TimeWritten":"2025-06-28 12:00:00 +0700","EventID":6013,"Qualifiers":32768,"EventType":"Information","EventCategory":0,"Channel":"System","SourceName":"EventLog","ComputerName":"DESKTOP-RB8ENUF","Data":"31002e003100000030000000570069006e0064006f00770073002000310030002000500072006f000000310030002e0030002e003100390030003400350020004200750069006c0064002000310039003000340035002000200000004d0075006c0074006900700072006f0063006500730073006f007200200046007200650065000000310039003000340031002e00760062005f00720065006c0065006100730065002e003100390031003200300036002d00310034003000360000003600350066003300320061003200320000004e006f007400200041007600610069006c00610062006c00650000004e006f007400200041007600610069006c00610062006c00650000003900000031003200000031003600310032003600000034003000390000004400450053004b0054004f0050002d0052004200380045004e005500460000000000","Sid":"","Message":"The system uptime is 412665 seconds.\r\n","StringInserts":["","","","","412665","60","-420 SE Asia Standard Time"]}
{"RecordNumber":18070,"TimeGenerated":"2025-06-28 16:10:03 +0700","TimeWritten":"2025-06-28 16:10:03 +0700","EventID":10016,"Qualifiers":0,"EventType":"Warning","EventCategory":0,"Channel":"System","SourceName":"DCOM","ComputerName":"DESKTOP-RB8ENUF","Data":"","Sid":"S-1-5-21-3306260603-718234045-292622573-1001","Message":"The machine-default permission settings do not grant Local Activation permission for the COM Server application with CLSID \r\n{C2F03A33-21F5-47FA-B4BB-156362A2F239}\r\n and APPID \r\n{316CDED5-E4AE-4B15-9113-7055D84DCC97}\r\n to the user DESKTOP-RB8ENUF\\NgThang SID (S-1-5-21-3306260603-718234045-292622573-1001) from address LocalHost (Using LRPC) running in the application container Microsoft.Windows.ShellExperienceHost_10.0.19041.5072_neutral_neutral_cw5n1h2txyewy SID (S-1-15-2-155514346-2573954481-755741238-1654018636-1233331829-3075935687-2861478708). This security permission can be modified using the Component Services administrative tool.\r\n","StringInserts":["machine-default","Local","Activation","{C2F03A33-21F5-47FA-B4BB-156362A2F239}","{316CDED5-E4AE-4B15-9113-7055D84DCC97}","DESKTOP-RB8ENUF","NgThang","S-1-5-21-3306260603-718234045-292622573-1001","LocalHost (Using LRPC)","Microsoft.Windows.ShellExperienceHost_10.0.19041.5072_neutral_neutral_cw5n1h2txyewy","S-1-15-2-155514346-2573954481-755741238-1654018636-1233331829-3075935687-2861478708"]}
{"RecordNumber":18071,"TimeGenerated":"2025-06-28 17:22:52 +0700","TimeWritten":"2025-06-28 17:22:52 +0700","EventID":7040,"Qualifiers":16384,"EventType":"Information","EventCategory":0,"Channel":"System","SourceName":"Service Control Manager","ComputerName":"DESKTOP-RB8ENUF","Data":"","Sid":"S-1-5-18","Message":"The start type of the Background Intelligent Transfer Service service was changed from demand start to auto start.\r\n","StringInserts":["Background Intelligent Transfer Service","demand start","auto start","BITS"]}
{"RecordNumber":18072,"TimeGenerated":"2025-06-28 17:24:57 +0700","TimeWritten":"2025-06-28 17:24:57 +0700","EventID":7040,"Qualifiers":16384,"EventType":"Information","EventCategory":0,"Channel":"System","SourceName":"Service Control Manager","ComputerName":"DESKTOP-RB8ENUF","Data":"","Sid":"S-1-5-18","Message":"The start type of the Background Intelligent Transfer Service service was changed from auto start to demand start.\r\n","StringInserts":["Background Intelligent Transfer Service","auto start","demand start","BITS"]}
{"RecordNumber":18073,"TimeGenerated":"2025-06-28 17:27:37 +0700","TimeWritten":"2025-06-28 17:27:37 +0700","EventID":1796,"Qualifiers":0,"EventType":"Error","EventCategory":0,"Channel":"System","SourceName":"Microsoft-Windows-TPM-WMI","ComputerName":"DESKTOP-RB8ENUF","Data":"","Sid":"S-1-5-18","Message":"The Secure Boot update failed to update a Secure Boot variable with error -2147020471. For more information, please see https://go.microsoft.com/fwlink/?linkid=2169931\r\n","StringInserts":["-2147020471"]}
{"RecordNumber":18074,"TimeGenerated":"2025-06-28 17:27:37 +0700","TimeWritten":"2025-06-28 17:27:37 +0700","EventID":1796,"Qualifiers":0,"EventType":"Error","EventCategory":0,"Channel":"System","SourceName":"Microsoft-Windows-TPM-WMI","ComputerName":"DESKTOP-RB8ENUF","Data":"","Sid":"S-1-5-18","Message":"The Secure Boot update failed to update a Secure Boot variable with error -2147020471. For more information, please see https://go.microsoft.com/fwlink/?linkid=2169931\r\n","StringInserts":["-2147020471"]}
{"RecordNumber":18075,"TimeGenerated":"2025-06-28 17:33:02 +0700","TimeWritten":"2025-06-28 17:33:02 +0700","EventID":44,"Qualifiers":0,"EventType":"Information","EventCategory":1,"Channel":"System","SourceName":"Microsoft-Windows-WindowsUpdateClient","ComputerName":"DESKTOP-RB8ENUF","Data":"","Sid":"S-1-5-18","Message":"Windows Update started downloading an update.\r\n","StringInserts":["Security Intelligence Update for Microsoft Defender Antivirus - KB2267602 (Version 1.431.280.0) - Current Channel (Broad)","{889b1fad-ceb3-423c-b8a7-fc64beaf7182}","200"]}
{"RecordNumber":18076,"TimeGenerated":"2025-06-28 17:33:02 +0700","TimeWritten":"2025-06-28 17:33:02 +0700","EventID":43,"Qualifiers":0,"EventType":"Information","EventCategory":1,"Channel":"System","SourceName":"Microsoft-Windows-WindowsUpdateClient","ComputerName":"DESKTOP-RB8ENUF","Data":"","Sid":"S-1-5-18","Message":"Installation Started: Windows has started installing the following update: Security Intelligence Update for Microsoft Defender Antivirus - KB2267602 (Version 1.431.280.0) - Current Channel (Broad)\r\n","StringInserts":["Security Intelligence Update for Microsoft Defender Antivirus - KB2267602 (Version 1.431.280.0) - Current Channel (Broad)","{889b1fad-ceb3-423c-b8a7-fc64beaf7182}","200"]}
{"RecordNumber":18077,"TimeGenerated":"2025-06-28 17:33:09 +0700","TimeWritten":"2025-06-28 17:33:09 +0700","EventID":19,"Qualifiers":0,"EventType":"Information","EventCategory":1,"Channel":"System","SourceName":"Microsoft-Windows-WindowsUpdateClient","ComputerName":"DESKTOP-RB8ENUF","Data":"","Sid":"S-1-5-18","Message":"Installation Successful: Windows successfully installed the following update: Security Intelligence Update for Microsoft Defender Antivirus - KB2267602 (Version 1.431.280.0) - Current Channel (Broad)\r\n","StringInserts":["Security Intelligence Update for Microsoft Defender Antivirus - KB2267602 (Version 1.431.280.0) - Current Channel (Broad)","{889b1fad-ceb3-423c-b8a7-fc64beaf7182}","200","{9482f4b4-e343-43b6-b170-9a65bc822c77}"]}
{"RecordNumber":18078,"TimeGenerated":"2025-06-28 18:24:13 +0700","TimeWritten":"2025-06-28 18:24:13 +0700","EventID":7040,"Qualifiers":16384,"EventType":"Information","EventCategory":0,"Channel":"System","SourceName":"Service Control Manager","ComputerName":"DESKTOP-RB8ENUF","Data":"","Sid":"S-1-5-18","Message":"The start type of the Background Intelligent Transfer Service service was changed from demand start to auto start.\r\n","StringInserts":["Background Intelligent Transfer Service","demand start","auto start","BITS"]}
{"RecordNumber":18079,"TimeGenerated":"2025-06-28 18:26:33 +0700","TimeWritten":"2025-06-28 18:26:33 +0700","EventID":7040,"Qualifiers":16384,"EventType":"Information","EventCategory":0,"Channel":"System","SourceName":"Service Control Manager","ComputerName":"DESKTOP-RB8ENUF","Data":"","Sid":"S-1-5-18","Message":"The start type of the Background Intelligent Transfer Service service was changed from auto start to demand start.\r\n","StringInserts":["Background Intelligent Transfer Service","auto start","demand start","BITS"]}
{"RecordNumber":18080,"TimeGenerated":"2025-06-28 19:27:20 +0700","TimeWritten":"2025-06-28 19:27:20 +0700","EventID":7040,"Qualifiers":16384,"EventType":"Information","EventCategory":0,"Channel":"System","SourceName":"Service Control Manager","ComputerName":"DESKTOP-RB8ENUF","Data":"","Sid":"S-1-5-18","Message":"The start type of the Background Intelligent Transfer Service service was changed from demand start to auto start.\r\n","StringInserts":["Background Intelligent Transfer Service","demand start","auto start","BITS"]}
{"RecordNumber":18081,"TimeGenerated":"2025-06-28 19:29:33 +0700","TimeWritten":"2025-06-28 19:29:33 +0700","EventID":7040,"Qualifiers":16384,"EventType":"Information","EventCategory":0,"Channel":"System","SourceName":"Service Control Manager","ComputerName":"DESKTOP-RB8ENUF","Data":"","Sid":"S-1-5-18","Message":"The start type of the Background Intelligent Transfer Service service was changed from auto start to demand start.\r\n","StringInserts":["Background Intelligent Transfer Service","auto start","demand start","BITS"]}
{"RecordNumber":18082,"TimeGenerated":"2025-06-28 22:24:20 +0700","TimeWritten":"2025-06-28 22:24:20 +0700","EventID":7040,"Qualifiers":16384,"EventType":"Information","EventCategory":0,"Channel":"System","SourceName":"Service Control Manager","ComputerName":"DESKTOP-RB8ENUF","Data":"","Sid":"S-1-5-18","Message":"The start type of the Background Intelligent Transfer Service service was changed from demand start to auto start.\r\n","StringInserts":["Background Intelligent Transfer Service","demand start","auto start","BITS"]}
{"RecordNumber":18083,"TimeGenerated":"2025-06-28 22:26:32 +0700","TimeWritten":"2025-06-28 22:26:32 +0700","EventID":7040,"Qualifiers":16384,"EventType":"Information","EventCategory":0,"Channel":"System","SourceName":"Service Control Manager","ComputerName":"DESKTOP-RB8ENUF","Data":"","Sid":"S-1-5-18","Message":"The start type of the Background Intelligent Transfer Service service was changed from auto start to demand start.\r\n","StringInserts":["Background Intelligent Transfer Service","auto start","demand start","BITS"]}
{"RecordNumber":18084,"TimeGenerated":"2025-06-28 23:23:01 +0700","TimeWritten":"2025-06-28 23:23:01 +0700","EventID":44,"Qualifiers":0,"EventType":"Information","EventCategory":1,"Channel":"System","SourceName":"Microsoft-Windows-WindowsUpdateClient","ComputerName":"DESKTOP-RB8ENUF","Data":"","Sid":"S-1-5-18","Message":"Windows Update started downloading an update.\r\n","StringInserts":["Security Intelligence Update for Microsoft Defender Antivirus - KB2267602 (Version 1.431.283.0) - Current Channel (Broad)","{0f9a0d81-2511-4d4f-bdb6-826ea46e15a5}","200"]}
{"RecordNumber":18085,"TimeGenerated":"2025-06-28 23:23:01 +0700","TimeWritten":"2025-06-28 23:23:01 +0700","EventID":43,"Qualifiers":0,"EventType":"Information","EventCategory":1,"Channel":"System","SourceName":"Microsoft-Windows-WindowsUpdateClient","ComputerName":"DESKTOP-RB8ENUF","Data":"","Sid":"S-1-5-18","Message":"Installation Started: Windows has started installing the following update: Security Intelligence Update for Microsoft Defender Antivirus - KB2267602 (Version 1.431.283.0) - Current Channel (Broad)\r\n","StringInserts":["Security Intelligence Update for Microsoft Defender Antivirus - KB2267602 (Version 1.431.283.0) - Current Channel (Broad)","{0f9a0d81-2511-4d4f-bdb6-826ea46e15a5}","200"]}
{"RecordNumber":18086,"TimeGenerated":"2025-06-28 23:23:08 +0700","TimeWritten":"2025-06-28 23:23:08 +0700","EventID":19,"Qualifiers":0,"EventType":"Information","EventCategory":1,"Channel":"System","SourceName":"Microsoft-Windows-WindowsUpdateClient","ComputerName":"DESKTOP-RB8ENUF","Data":"","Sid":"S-1-5-18","Message":"Installation Successful: Windows successfully installed the following update: Security Intelligence Update for Microsoft Defender Antivirus - KB2267602 (Version 1.431.283.0) - Current Channel (Broad)\r\n","StringInserts":["Security Intelligence Update for Microsoft Defender Antivirus - KB2267602 (Version 1.431.283.0) - Current Channel (Broad)","{0f9a0d81-2511-4d4f-bdb6-826ea46e15a5}","200","{9482f4b4-e343-43b6-b170-9a65bc822c77}"]}
{"RecordNumber":18087,"TimeGenerated":"2025-06-29 00:25:59 +0700","TimeWritten":"2025-06-29 00:25:59 +0700","EventID":44,"Qualifiers":0,"EventType":"Information","EventCategory":1,"Channel":"System","SourceName":"Microsoft-Windows-WindowsUpdateClient","ComputerName":"DESKTOP-RB8ENUF","Data":"","Sid":"S-1-5-18","Message":"Windows Update started downloading an update.\r\n","StringInserts":["9NHT9RB2F4HD-Microsoft.Copilot","{f7be16d7-51c7-4abb-b590-aa5a711a949b}","1"]}
{"RecordNumber":18088,"TimeGenerated":"2025-06-29 00:25:59 +0700","TimeWritten":"2025-06-29 00:25:59 +0700","EventID":44,"Qualifiers":0,"EventType":"Information","EventCategory":1,"Channel":"System","SourceName":"Microsoft-Windows-WindowsUpdateClient","ComputerName":"DESKTOP-RB8ENUF","Data":"","Sid":"S-1-5-18","Message":"Windows Update started downloading an update.\r\n","StringInserts":["9P8K5G2MWW6Z-AppUp.IntelArcSoftware","{5a009887-dff9-47b2-9602-cd7d86536d08}","1"]}
{"RecordNumber":18089,"TimeGenerated":"2025-06-29 00:25:59 +0700","TimeWritten":"2025-06-29 00:25:59 +0700","EventID":44,"Qualifiers":0,"EventType":"Information","EventCategory":1,"Channel":"System","SourceName":"Microsoft-Windows-WindowsUpdateClient","ComputerName":"DESKTOP-RB8ENUF","Data":"","Sid":"S-1-5-18","Message":"Windows Update started downloading an update.\r\n","StringInserts":["9P8K5G2MWW6Z-AppUp.IntelArcSoftware","{5a009887-dff9-47b2-9602-cd7d86536d08}","1"]}
{"RecordNumber":18090,"TimeGenerated":"2025-06-29 00:25:59 +0700","TimeWritten":"2025-06-29 00:25:59 +0700","EventID":44,"Qualifiers":0,"EventType":"Information","EventCategory":1,"Channel":"System","SourceName":"Microsoft-Windows-WindowsUpdateClient","ComputerName":"DESKTOP-RB8ENUF","Data":"","Sid":"S-1-5-18","Message":"Windows Update started downloading an update.\r\n","StringInserts":["9WZDNCRD29V9-MICROSOFT.MICROSOFTOFFICEHUB","{52743ed6-6f28-4018-a301-84034091256e}","1"]}
{"RecordNumber":18091,"TimeGenerated":"2025-06-29 00:26:00 +0700","TimeWritten":"2025-06-29 00:26:00 +0700","EventID":44,"Qualifiers":0,"EventType":"Information","EventCategory":1,"Channel":"System","SourceName":"Microsoft-Windows-WindowsUpdateClient","ComputerName":"DESKTOP-RB8ENUF","Data":"","Sid":"S-1-5-18","Message":"Windows Update started downloading an update.\r\n","StringInserts":["9NBLGGH4RV3K-Microsoft.VCLibs.140.00.UWPDesktop","{fcdd3b59-f41c-4595-b36b-245bacb749e8}","1"]}
{"RecordNumber":18092,"TimeGenerated":"2025-06-29 00:26:00 +0700","TimeWritten":"2025-06-29 00:26:00 +0700","EventID":44,"Qualifiers":0,"EventType":"Information","EventCategory":1,"Channel":"System","SourceName":"Microsoft-Windows-WindowsUpdateClient","ComputerName":"DESKTOP-RB8ENUF","Data":"","Sid":"S-1-5-18","Message":"Windows Update started downloading an update.\r\n","StringInserts":["9P8K5G2MWW6Z-AppUp.IntelArcSoftware","{5a009887-dff9-47b2-9602-cd7d86536d08}","1"]}
{"RecordNumber":18093,"TimeGenerated":"2025-06-29 00:26:00 +0700","TimeWritten":"2025-06-29 00:26:00 +0700","EventID":44,"Qualifiers":0,"EventType":"Information","EventCategory":1,"Channel":"System","SourceName":"Microsoft-Windows-WindowsUpdateClient","ComputerName":"DESKTOP-RB8ENUF","Data":"","Sid":"S-1-5-18","Message":"Windows Update started downloading an update.\r\n","StringInserts":["9WZDNCRD29V9-MICROSOFT.MICROSOFTOFFICEHUB","{52743ed6-6f28-4018-a301-84034091256e}","1"]}
{"RecordNumber":18094,"TimeGenerated":"2025-06-29 00:26:00 +0700","TimeWritten":"2025-06-29 00:26:00 +0700","EventID":44,"Qualifiers":0,"EventType":"Information","EventCategory":1,"Channel":"System","SourceName":"Microsoft-Windows-WindowsUpdateClient","ComputerName":"DESKTOP-RB8ENUF","Data":"","Sid":"S-1-5-18","Message":"Windows Update started downloading an update.\r\n","StringInserts":["9NHT9RB2F4HD-Microsoft.Copilot","{f7be16d7-51c7-4abb-b590-aa5a711a949b}","1"]}
{"RecordNumber":18095,"TimeGenerated":"2025-06-29 00:26:01 +0700","TimeWritten":"2025-06-29 00:26:01 +0700","EventID":43,"Qualifiers":0,"EventType":"Information","EventCategory":1,"Channel":"System","SourceName":"Microsoft-Windows-WindowsUpdateClient","ComputerName":"DESKTOP-RB8ENUF","Data":"","Sid":"S-1-5-18","Message":"Installation Started: Windows has started installing the following update: 9NHT9RB2F4HD-Microsoft.Copilot\r\n","StringInserts":["9NHT9RB2F4HD-Microsoft.Copilot","{f7be16d7-51c7-4abb-b590-aa5a711a949b}","1"]}
{"RecordNumber":18096,"TimeGenerated":"2025-06-29 00:26:01 +0700","TimeWritten":"2025-06-29 00:26:01 +0700","EventID":20,"Qualifiers":0,"EventType":"Error","EventCategory":1,"Channel":"System","SourceName":"Microsoft-Windows-WindowsUpdateClient","ComputerName":"DESKTOP-RB8ENUF","Data":"","Sid":"S-1-5-18","Message":"Installation Failure: Windows failed to install the following update with error 0x80073d02: 9NHT9RB2F4HD-Microsoft.Copilot.\r\n","StringInserts":["0x80073d02","9NHT9RB2F4HD-Microsoft.Copilot","{f7be16d7-51c7-4abb-b590-aa5a711a949b}","1","{855e8a7c-ecb4-4ca3-b045-1dfa50104289}"]}
{"RecordNumber":18097,"TimeGenerated":"2025-06-29 01:18:25 +0700","TimeWritten":"2025-06-29 01:18:25 +0700","EventID":7040,"Qualifiers":16384,"EventType":"Information","EventCategory":0,"Channel":"System","SourceName":"Service Control Manager","ComputerName":"DESKTOP-RB8ENUF","Data":"","Sid":"S-1-5-18","Message":"The start type of the Background Intelligent Transfer Service service was changed from demand start to auto start.\r\n","StringInserts":["Background Intelligent Transfer Service","demand start","auto start","BITS"]}
{"RecordNumber":18098,"TimeGenerated":"2025-06-29 01:20:29 +0700","TimeWritten":"2025-06-29 01:20:29 +0700","EventID":7040,"Qualifiers":16384,"EventType":"Information","EventCategory":0,"Channel":"System","SourceName":"Service Control Manager","ComputerName":"DESKTOP-RB8ENUF","Data":"","Sid":"S-1-5-18","Message":"The start type of the Background Intelligent Transfer Service service was changed from auto start to demand start.\r\n","StringInserts":["Background Intelligent Transfer Service","auto start","demand start","BITS"]}
{"RecordNumber":18099,"TimeGenerated":"2025-06-29 01:22:48 +0700","TimeWritten":"2025-06-29 01:22:48 +0700","EventID":158,"Qualifiers":0,"EventType":"Information","EventCategory":0,"Channel":"System","SourceName":"Microsoft-Windows-Time-Service","ComputerName":"DESKTOP-RB8ENUF","Data":"","Sid":"S-1-5-19","Message":"The time provider 'VMICTimeProvider' has indicated that the current hardware and operating environment is not supported and has stopped. This behavior is expected for VMICTimeProvider on non-HyperV-guest environments. This may be the expected behavior for the current provider in the current operating environment as well.\r\n","StringInserts":["VMICTimeProvider"]}
{"RecordNumber":18100,"TimeGenerated":"2025-06-29 01:22:52 +0700","TimeWritten":"2025-06-29 01:22:52 +0700","EventID":37,"Qualifiers":0,"EventType":"Information","EventCategory":0,"Channel":"System","SourceName":"Microsoft-Windows-Time-Service","ComputerName":"DESKTOP-RB8ENUF","Data":"","Sid":"S-1-5-19","Message":"The time provider NtpClient is currently receiving valid time data from time.windows.com,0x9 (ntp.m|0x9|0.0.0.0:123->20.189.79.72:123).\r\n","StringInserts":["time.windows.com,0x9 (ntp.m|0x9|0.0.0.0:123->20.189.79.72:123)"]}
{"RecordNumber":18101,"TimeGenerated":"2025-06-29 01:23:06 +0700","TimeWritten":"2025-06-29 01:23:06 +0700","EventID":35,"Qualifiers":0,"EventType":"Information","EventCategory":0,"Channel":"System","SourceName":"Microsoft-Windows-Time-Service","ComputerName":"DESKTOP-RB8ENUF","Data":"","Sid":"S-1-5-19","Message":"The time service is now synchronizing the system time with the time source time.windows.com,0x9 (ntp.m|0x9|0.0.0.0:123->20.189.79.72:123) with reference id 1213185300. Current local stratum number is 4.\r\n","StringInserts":["time.windows.com,0x9 (ntp.m|0x9|0.0.0.0:123->20.189.79.72:123)","1213185300","4"]}
{"RecordNumber":18102,"TimeGenerated":"2025-06-29 01:23:06 +0700","TimeWritten":"2025-06-29 01:23:06 +0700","EventID":24,"Qualifiers":0,"EventType":"Information","EventCategory":11,"Channel":"System","SourceName":"Microsoft-Windows-Kernel-General","ComputerName":"DESKTOP-RB8ENUF","Data":"","Sid":"S-1-5-19","Message":"","StringInserts":["0","-420","0","0","0"]}
{"RecordNumber":18103,"TimeGenerated":"2025-06-29 01:23:06 +0700","TimeWritten":"2025-06-29 01:23:06 +0700","EventID":1,"Qualifiers":0,"EventType":"Information","EventCategory":5,"Channel":"System","SourceName":"Microsoft-Windows-Kernel-General","ComputerName":"DESKTOP-RB8ENUF","Data":"","Sid":"S-1-5-19","Message":"Possible detection of CVE: 2025-06-28T18:23:06.7244321Z\r\nAdditional Information: 2025-06-28T18:23:06.7242839Z\r\n\r\nThis Event is generated when an attempt to exploit a known vulnerability (2025-06-28T18:23:06.7244321Z) is detected.\r\nThis Event is raised by a User mode process.\r\n\r\n","StringInserts":["2025-06-28T18:23:06.7244321Z","2025-06-28T18:23:06.7242839Z","1","\\Device\\HarddiskVolume7\\Windows\\System32\\svchost.exe","920"]}
{"RecordNumber":18104,"TimeGenerated":"2025-06-29 03:24:19 +0700","TimeWritten":"2025-06-29 03:24:19 +0700","EventID":7040,"Qualifiers":16384,"EventType":"Information","EventCategory":0,"Channel":"System","SourceName":"Service Control Manager","ComputerName":"DESKTOP-RB8ENUF","Data":"","Sid":"S-1-5-18","Message":"The start type of the Background Intelligent Transfer Service service was changed from demand start to auto start.\r\n","StringInserts":["Background Intelligent Transfer Service","demand start","auto start","BITS"]}
{"RecordNumber":18105,"TimeGenerated":"2025-06-29 03:26:32 +0700","TimeWritten":"2025-06-29 03:26:32 +0700","EventID":7040,"Qualifiers":16384,"EventType":"Information","EventCategory":0,"Channel":"System","SourceName":"Service Control Manager","ComputerName":"DESKTOP-RB8ENUF","Data":"","Sid":"S-1-5-18","Message":"The start type of the Background Intelligent Transfer Service service was changed from auto start to demand start.\r\n","StringInserts":["Background Intelligent Transfer Service","auto start","demand start","BITS"]}
{"RecordNumber":18106,"TimeGenerated":"2025-06-29 05:27:38 +0700","TimeWritten":"2025-06-29 05:27:38 +0700","EventID":1796,"Qualifiers":0,"EventType":"Error","EventCategory":0,"Channel":"System","SourceName":"Microsoft-Windows-TPM-WMI","ComputerName":"DESKTOP-RB8ENUF","Data":"","Sid":"S-1-5-18","Message":"The Secure Boot update failed to update a Secure Boot variable with error -2147020471. For more information, please see https://go.microsoft.com/fwlink/?linkid=2169931\r\n","StringInserts":["-2147020471"]}
{"RecordNumber":18107,"TimeGenerated":"2025-06-29 05:27:38 +0700","TimeWritten":"2025-06-29 05:27:38 +0700","EventID":1796,"Qualifiers":0,"EventType":"Error","EventCategory":0,"Channel":"System","SourceName":"Microsoft-Windows-TPM-WMI","ComputerName":"DESKTOP-RB8ENUF","Data":"","Sid":"S-1-5-18","Message":"The Secure Boot update failed to update a Secure Boot variable with error -2147020471. For more information, please see https://go.microsoft.com/fwlink/?linkid=2169931\r\n","StringInserts":["-2147020471"]}
{"RecordNumber":18108,"TimeGenerated":"2025-06-29 05:41:11 +0700","TimeWritten":"2025-06-29 05:41:11 +0700","EventID":7040,"Qualifiers":16384,"EventType":"Information","EventCategory":0,"Channel":"System","SourceName":"Service Control Manager","ComputerName":"DESKTOP-RB8ENUF","Data":"","Sid":"S-1-5-18","Message":"The start type of the Background Intelligent Transfer Service service was changed from demand start to auto start.\r\n","StringInserts":["Background Intelligent Transfer Service","demand start","auto start","BITS"]}
{"RecordNumber":18109,"TimeGenerated":"2025-06-29 05:43:33 +0700","TimeWritten":"2025-06-29 05:43:33 +0700","EventID":7040,"Qualifiers":16384,"EventType":"Information","EventCategory":0,"Channel":"System","SourceName":"Service Control Manager","ComputerName":"DESKTOP-RB8ENUF","Data":"","Sid":"S-1-5-18","Message":"The start type of the Background Intelligent Transfer Service service was changed from auto start to demand start.\r\n","StringInserts":["Background Intelligent Transfer Service","auto start","demand start","BITS"]}
