{"RecordNumber":17958,"TimeGenerated":"2025-06-26 10:07:28 +0700","TimeWritten":"2025-06-26 10:07:28 +0700","EventID":43,"Qualifiers":0,"EventType":"Information","EventCategory":1,"Channel":"System","SourceName":"Microsoft-Windows-WindowsUpdateClient","ComputerName":"DESKTOP-RB8ENUF","Data":"","Sid":"S-1-5-18","Message":"Installation Started: Windows has started installing the following update: 9WZDNCRFJ3PT-MICROSOFT.ZUNEMUSIC\r\n","StringInserts":["9WZDNCRFJ3PT-MICROSOFT.ZUNEMUSIC","{919c5d78-607c-4f47-829b-c8a5234cc5bc}","1"]}
{"RecordNumber":17959,"TimeGenerated":"2025-06-26 10:07:29 +0700","TimeWritten":"2025-06-26 10:07:29 +0700","EventID":16,"Qualifiers":0,"EventType":"Information","EventCategory":0,"Channel":"System","SourceName":"Microsoft-Windows-Kernel-General","ComputerName":"DESKTOP-RB8ENUF","Data":"","Sid":"S-1-5-21-3306260603-718234045-292622573-1001","Message":"","StringInserts":["97","\\??\\C:\\Users\\Admin\\AppData\\Local\\Packages\\Microsoft.ZuneMusic_8wekyb3d8bbwe\\Settings\\settings.dat","1","1"]}
{"RecordNumber":17960,"TimeGenerated":"2025-06-26 10:07:30 +0700","TimeWritten":"2025-06-26 10:07:30 +0700","EventID":19,"Qualifiers":0,"EventType":"Information","EventCategory":1,"Channel":"System","SourceName":"Microsoft-Windows-WindowsUpdateClient","ComputerName":"DESKTOP-RB8ENUF","Data":"","Sid":"S-1-5-18","Message":"Installation Successful: Windows successfully installed the following update: 9WZDNCRFJ3PT-MICROSOFT.ZUNEMUSIC\r\n","StringInserts":["9WZDNCRFJ3PT-MICROSOFT.ZUNEMUSIC","{919c5d78-607c-4f47-829b-c8a5234cc5bc}","1","{855e8a7c-ecb4-4ca3-b045-1dfa50104289}"]}
{"RecordNumber":17961,"TimeGenerated":"2025-06-26 10:07:31 +0700","TimeWritten":"2025-06-26 10:07:31 +0700","EventID":16,"Qualifiers":0,"EventType":"Information","EventCategory":0,"Channel":"System","SourceName":"Microsoft-Windows-Kernel-General","ComputerName":"DESKTOP-RB8ENUF","Data":"","Sid":"S-1-5-18","Message":"","StringInserts":["135","\\??\\C:\\ProgramData\\Microsoft\\Windows\\AppRepository\\Packages\\Microsoft.ZuneVideo_10.25051.10031.0_x64__8wekyb3d8bbwe\\ActivationStore.dat","0","0"]}
{"RecordNumber":17962,"TimeGenerated":"2025-06-26 10:07:32 +0700","TimeWritten":"2025-06-26 10:07:32 +0700","EventID":43,"Qualifiers":0,"EventType":"Information","EventCategory":1,"Channel":"System","SourceName":"Microsoft-Windows-WindowsUpdateClient","ComputerName":"DESKTOP-RB8ENUF","Data":"","Sid":"S-1-5-18","Message":"Installation Started: Windows has started installing the following update: 9WZDNCRFJ3P2-MICROSOFT.ZUNEVIDEO\r\n","StringInserts":["9WZDNCRFJ3P2-MICROSOFT.ZUNEVIDEO","{3e6a974f-eb84-41e2-93d6-c3867656b77e}","1"]}
{"RecordNumber":17963,"TimeGenerated":"2025-06-26 10:07:33 +0700","TimeWritten":"2025-06-26 10:07:33 +0700","EventID":19,"Qualifiers":0,"EventType":"Information","EventCategory":1,"Channel":"System","SourceName":"Microsoft-Windows-WindowsUpdateClient","ComputerName":"DESKTOP-RB8ENUF","Data":"","Sid":"S-1-5-18","Message":"Installation Successful: Windows successfully installed the following update: 9WZDNCRFJ3P2-MICROSOFT.ZUNEVIDEO\r\n","StringInserts":["9WZDNCRFJ3P2-MICROSOFT.ZUNEVIDEO","{3e6a974f-eb84-41e2-93d6-c3867656b77e}","1","{855e8a7c-ecb4-4ca3-b045-1dfa50104289}"]}
{"RecordNumber":17964,"TimeGenerated":"2025-06-26 12:00:00 +0700","TimeWritten":"2025-06-26 12:00:00 +0700","EventID":6013,"Qualifiers":32768,"EventType":"Information","EventCategory":0,"Channel":"System","SourceName":"EventLog","ComputerName":"DESKTOP-RB8ENUF","Data":"31002e003100000030000000570069006e0064006f00770073002000310030002000500072006f000000310030002e0030002e003100390030003400350020004200750069006c0064002000310039003000340035002000200000004d0075006c0074006900700072006f0063006500730073006f007200200046007200650065000000310039003000340031002e00760062005f00720065006c0065006100730065002e003100390031003200300036002d00310034003000360000003600350066003300320061003200320000004e006f007400200041007600610069006c00610062006c00650000004e006f007400200041007600610069006c00610062006c00650000003900000031003200000031003600310032003600000034003000390000004400450053004b0054004f0050002d0052004200380045004e005500460000000000","Sid":"","Message":"The system uptime is 239863 seconds.\r\n","StringInserts":["","","","","239863","60","-420 SE Asia Standard Time"]}
{"RecordNumber":17965,"TimeGenerated":"2025-06-26 12:26:55 +0700","TimeWritten":"2025-06-26 12:26:55 +0700","EventID":16,"Qualifiers":0,"EventType":"Information","EventCategory":0,"Channel":"System","SourceName":"Microsoft-Windows-Kernel-General","ComputerName":"DESKTOP-RB8ENUF","Data":"","Sid":"S-1-5-18","Message":"","StringInserts":["118","\\??\\C:\\Users\\Admin\\AppData\\Local\\Packages\\Microsoft.Windows.ContentDeliveryManager_cw5n1h2txyewy\\Settings\\settings.dat","1153","62"]}
{"RecordNumber":17966,"TimeGenerated":"2025-06-26 14:22:34 +0700","TimeWritten":"2025-06-26 14:22:34 +0700","EventID":4206,"Qualifiers":32768,"EventType":"Warning","EventCategory":0,"Channel":"System","SourceName":"Tcpip","ComputerName":"DESKTOP-RB8ENUF","Data":"0000000001000000000000006e100080000000000000000000000000000000000000000000000000","Sid":"","Message":"More than the supported number of out of order IP fragments were received. One or\r\nmore fragmented IP packets were dropped as a result.\r\n","StringInserts":[""]}
{"RecordNumber":17967,"TimeGenerated":"2025-06-26 14:26:18 +0700","TimeWritten":"2025-06-26 14:26:18 +0700","EventID":10016,"Qualifiers":0,"EventType":"Warning","EventCategory":0,"Channel":"System","SourceName":"DCOM","ComputerName":"DESKTOP-RB8ENUF","Data":"","Sid":"S-1-5-21-3306260603-718234045-292622573-1001","Message":"The machine-default permission settings do not grant Local Activation permission for the COM Server application with CLSID \r\n{C2F03A33-21F5-47FA-B4BB-156362A2F239}\r\n and APPID \r\n{316CDED5-E4AE-4B15-9113-7055D84DCC97}\r\n to the user DESKTOP-RB8ENUF\\NgThang SID (S-1-5-21-3306260603-718234045-292622573-1001) from address LocalHost (Using LRPC) running in the application container Microsoft.Windows.ShellExperienceHost_10.0.19041.5072_neutral_neutral_cw5n1h2txyewy SID (S-1-15-2-155514346-2573954481-755741238-1654018636-1233331829-3075935687-2861478708). This security permission can be modified using the Component Services administrative tool.\r\n","StringInserts":["machine-default","Local","Activation","{C2F03A33-21F5-47FA-B4BB-156362A2F239}","{316CDED5-E4AE-4B15-9113-7055D84DCC97}","DESKTOP-RB8ENUF","NgThang","S-1-5-21-3306260603-718234045-292622573-1001","LocalHost (Using LRPC)","Microsoft.Windows.ShellExperienceHost_10.0.19041.5072_neutral_neutral_cw5n1h2txyewy","S-1-15-2-155514346-2573954481-755741238-1654018636-1233331829-3075935687-2861478708"]}
{"RecordNumber":17968,"TimeGenerated":"2025-06-26 14:49:52 +0700","TimeWritten":"2025-06-26 14:49:52 +0700","EventID":16,"Qualifiers":0,"EventType":"Information","EventCategory":0,"Channel":"System","SourceName":"Microsoft-Windows-Kernel-General","ComputerName":"DESKTOP-RB8ENUF","Data":"","Sid":"S-1-5-18","Message":"","StringInserts":["113","\\??\\C:\\Users\\Admin\\AppData\\Local\\Packages\\microsoft.windowscommunicationsapps_8wekyb3d8bbwe\\Settings\\settings.dat","23","2"]}
{"RecordNumber":17969,"TimeGenerated":"2025-06-26 16:24:14 +0700","TimeWritten":"2025-06-26 16:24:14 +0700","EventID":7040,"Qualifiers":16384,"EventType":"Information","EventCategory":0,"Channel":"System","SourceName":"Service Control Manager","ComputerName":"DESKTOP-RB8ENUF","Data":"","Sid":"S-1-5-18","Message":"The start type of the Background Intelligent Transfer Service service was changed from demand start to auto start.\r\n","StringInserts":["Background Intelligent Transfer Service","demand start","auto start","BITS"]}
{"RecordNumber":17970,"TimeGenerated":"2025-06-26 16:27:00 +0700","TimeWritten":"2025-06-26 16:27:00 +0700","EventID":7040,"Qualifiers":16384,"EventType":"Information","EventCategory":0,"Channel":"System","SourceName":"Service Control Manager","ComputerName":"DESKTOP-RB8ENUF","Data":"","Sid":"S-1-5-18","Message":"The start type of the Background Intelligent Transfer Service service was changed from auto start to demand start.\r\n","StringInserts":["Background Intelligent Transfer Service","auto start","demand start","BITS"]}
{"RecordNumber":17971,"TimeGenerated":"2025-06-26 17:22:52 +0700","TimeWritten":"2025-06-26 17:22:52 +0700","EventID":7040,"Qualifiers":16384,"EventType":"Information","EventCategory":0,"Channel":"System","SourceName":"Service Control Manager","ComputerName":"DESKTOP-RB8ENUF","Data":"","Sid":"S-1-5-18","Message":"The start type of the Background Intelligent Transfer Service service was changed from demand start to auto start.\r\n","StringInserts":["Background Intelligent Transfer Service","demand start","auto start","BITS"]}
{"RecordNumber":17972,"TimeGenerated":"2025-06-26 17:24:57 +0700","TimeWritten":"2025-06-26 17:24:57 +0700","EventID":7040,"Qualifiers":16384,"EventType":"Information","EventCategory":0,"Channel":"System","SourceName":"Service Control Manager","ComputerName":"DESKTOP-RB8ENUF","Data":"","Sid":"S-1-5-18","Message":"The start type of the Background Intelligent Transfer Service service was changed from auto start to demand start.\r\n","StringInserts":["Background Intelligent Transfer Service","auto start","demand start","BITS"]}
{"RecordNumber":17973,"TimeGenerated":"2025-06-26 17:27:37 +0700","TimeWritten":"2025-06-26 17:27:37 +0700","EventID":1796,"Qualifiers":0,"EventType":"Error","EventCategory":0,"Channel":"System","SourceName":"Microsoft-Windows-TPM-WMI","ComputerName":"DESKTOP-RB8ENUF","Data":"","Sid":"S-1-5-18","Message":"The Secure Boot update failed to update a Secure Boot variable with error -2147020471. For more information, please see https://go.microsoft.com/fwlink/?linkid=2169931\r\n","StringInserts":["-2147020471"]}
{"RecordNumber":17974,"TimeGenerated":"2025-06-26 17:27:37 +0700","TimeWritten":"2025-06-26 17:27:37 +0700","EventID":1796,"Qualifiers":0,"EventType":"Error","EventCategory":0,"Channel":"System","SourceName":"Microsoft-Windows-TPM-WMI","ComputerName":"DESKTOP-RB8ENUF","Data":"","Sid":"S-1-5-18","Message":"The Secure Boot update failed to update a Secure Boot variable with error -2147020471. For more information, please see https://go.microsoft.com/fwlink/?linkid=2169931\r\n","StringInserts":["-2147020471"]}
{"RecordNumber":17975,"TimeGenerated":"2025-06-26 17:33:10 +0700","TimeWritten":"2025-06-26 17:33:10 +0700","EventID":44,"Qualifiers":0,"EventType":"Information","EventCategory":1,"Channel":"System","SourceName":"Microsoft-Windows-WindowsUpdateClient","ComputerName":"DESKTOP-RB8ENUF","Data":"","Sid":"S-1-5-18","Message":"Windows Update started downloading an update.\r\n","StringInserts":["Security Intelligence Update for Microsoft Defender Antivirus - KB2267602 (Version 1.431.234.0) - Current Channel (Broad)","{2b524257-69e0-4635-9345-9032b9694240}","200"]}
{"RecordNumber":17976,"TimeGenerated":"2025-06-26 17:33:10 +0700","TimeWritten":"2025-06-26 17:33:10 +0700","EventID":43,"Qualifiers":0,"EventType":"Information","EventCategory":1,"Channel":"System","SourceName":"Microsoft-Windows-WindowsUpdateClient","ComputerName":"DESKTOP-RB8ENUF","Data":"","Sid":"S-1-5-18","Message":"Installation Started: Windows has started installing the following update: Security Intelligence Update for Microsoft Defender Antivirus - KB2267602 (Version 1.431.234.0) - Current Channel (Broad)\r\n","StringInserts":["Security Intelligence Update for Microsoft Defender Antivirus - KB2267602 (Version 1.431.234.0) - Current Channel (Broad)","{2b524257-69e0-4635-9345-9032b9694240}","200"]}
{"RecordNumber":17977,"TimeGenerated":"2025-06-26 17:33:18 +0700","TimeWritten":"2025-06-26 17:33:18 +0700","EventID":19,"Qualifiers":0,"EventType":"Information","EventCategory":1,"Channel":"System","SourceName":"Microsoft-Windows-WindowsUpdateClient","ComputerName":"DESKTOP-RB8ENUF","Data":"","Sid":"S-1-5-18","Message":"Installation Successful: Windows successfully installed the following update: Security Intelligence Update for Microsoft Defender Antivirus - KB2267602 (Version 1.431.234.0) - Current Channel (Broad)\r\n","StringInserts":["Security Intelligence Update for Microsoft Defender Antivirus - KB2267602 (Version 1.431.234.0) - Current Channel (Broad)","{2b524257-69e0-4635-9345-9032b9694240}","200","{9482f4b4-e343-43b6-b170-9a65bc822c77}"]}
{"RecordNumber":17978,"TimeGenerated":"2025-06-26 18:22:32 +0700","TimeWritten":"2025-06-26 18:22:32 +0700","EventID":10016,"Qualifiers":0,"EventType":"Warning","EventCategory":0,"Channel":"System","SourceName":"DCOM","ComputerName":"DESKTOP-RB8ENUF","Data":"","Sid":"S-1-5-21-3306260603-718234045-292622573-1001","Message":"The machine-default permission settings do not grant Local Activation permission for the COM Server application with CLSID \r\n{C2F03A33-21F5-47FA-B4BB-156362A2F239}\r\n and APPID \r\n{316CDED5-E4AE-4B15-9113-7055D84DCC97}\r\n to the user DESKTOP-RB8ENUF\\NgThang SID (S-1-5-21-3306260603-718234045-292622573-1001) from address LocalHost (Using LRPC) running in the application container Microsoft.Windows.ShellExperienceHost_10.0.19041.5072_neutral_neutral_cw5n1h2txyewy SID (S-1-15-2-155514346-2573954481-755741238-1654018636-1233331829-3075935687-2861478708). This security permission can be modified using the Component Services administrative tool.\r\n","StringInserts":["machine-default","Local","Activation","{C2F03A33-21F5-47FA-B4BB-156362A2F239}","{316CDED5-E4AE-4B15-9113-7055D84DCC97}","DESKTOP-RB8ENUF","NgThang","S-1-5-21-3306260603-718234045-292622573-1001","LocalHost (Using LRPC)","Microsoft.Windows.ShellExperienceHost_10.0.19041.5072_neutral_neutral_cw5n1h2txyewy","S-1-15-2-155514346-2573954481-755741238-1654018636-1233331829-3075935687-2861478708"]}
{"RecordNumber":17979,"TimeGenerated":"2025-06-26 18:59:31 +0700","TimeWritten":"2025-06-26 18:59:31 +0700","EventID":7040,"Qualifiers":16384,"EventType":"Information","EventCategory":0,"Channel":"System","SourceName":"Service Control Manager","ComputerName":"DESKTOP-RB8ENUF","Data":"","Sid":"S-1-5-18","Message":"The start type of the Background Intelligent Transfer Service service was changed from demand start to auto start.\r\n","StringInserts":["Background Intelligent Transfer Service","demand start","auto start","BITS"]}
{"RecordNumber":17980,"TimeGenerated":"2025-06-26 19:01:45 +0700","TimeWritten":"2025-06-26 19:01:45 +0700","EventID":7040,"Qualifiers":16384,"EventType":"Information","EventCategory":0,"Channel":"System","SourceName":"Service Control Manager","ComputerName":"DESKTOP-RB8ENUF","Data":"","Sid":"S-1-5-18","Message":"The start type of the Background Intelligent Transfer Service service was changed from auto start to demand start.\r\n","StringInserts":["Background Intelligent Transfer Service","auto start","demand start","BITS"]}
{"RecordNumber":17981,"TimeGenerated":"2025-06-26 20:24:21 +0700","TimeWritten":"2025-06-26 20:24:21 +0700","EventID":7040,"Qualifiers":16384,"EventType":"Information","EventCategory":0,"Channel":"System","SourceName":"Service Control Manager","ComputerName":"DESKTOP-RB8ENUF","Data":"","Sid":"S-1-5-18","Message":"The start type of the Background Intelligent Transfer Service service was changed from demand start to auto start.\r\n","StringInserts":["Background Intelligent Transfer Service","demand start","auto start","BITS"]}
{"RecordNumber":17982,"TimeGenerated":"2025-06-26 20:26:33 +0700","TimeWritten":"2025-06-26 20:26:33 +0700","EventID":7040,"Qualifiers":16384,"EventType":"Information","EventCategory":0,"Channel":"System","SourceName":"Service Control Manager","ComputerName":"DESKTOP-RB8ENUF","Data":"","Sid":"S-1-5-18","Message":"The start type of the Background Intelligent Transfer Service service was changed from auto start to demand start.\r\n","StringInserts":["Background Intelligent Transfer Service","auto start","demand start","BITS"]}
{"RecordNumber":17983,"TimeGenerated":"2025-06-27 00:07:41 +0700","TimeWritten":"2025-06-27 00:07:41 +0700","EventID":44,"Qualifiers":0,"EventType":"Information","EventCategory":1,"Channel":"System","SourceName":"Microsoft-Windows-WindowsUpdateClient","ComputerName":"DESKTOP-RB8ENUF","Data":"","Sid":"S-1-5-18","Message":"Windows Update started downloading an update.\r\n","StringInserts":["9NBLGGH4RV3K-Microsoft.VCLibs.140.00.UWPDesktop","{fcdd3b59-f41c-4595-b36b-245bacb749e8}","1"]}
{"RecordNumber":17984,"TimeGenerated":"2025-06-27 00:07:41 +0700","TimeWritten":"2025-06-27 00:07:41 +0700","EventID":44,"Qualifiers":0,"EventType":"Information","EventCategory":1,"Channel":"System","SourceName":"Microsoft-Windows-WindowsUpdateClient","ComputerName":"DESKTOP-RB8ENUF","Data":"","Sid":"S-1-5-18","Message":"Windows Update started downloading an update.\r\n","StringInserts":["9NBLGGH4NNS1-Microsoft.DesktopAppInstaller","{eac2b4c7-0286-4746-8b0b-08c11d2ee637}","1"]}
{"RecordNumber":17985,"TimeGenerated":"2025-06-27 00:07:41 +0700","TimeWritten":"2025-06-27 00:07:41 +0700","EventID":44,"Qualifiers":0,"EventType":"Information","EventCategory":1,"Channel":"System","SourceName":"Microsoft-Windows-WindowsUpdateClient","ComputerName":"DESKTOP-RB8ENUF","Data":"","Sid":"S-1-5-18","Message":"Windows Update started downloading an update.\r\n","StringInserts":["9WZDNCRFJBMP-MICROSOFT.WINDOWSSTORE","{005452da-1ca2-4654-8324-6c380f4028a9}","1"]}
{"RecordNumber":17986,"TimeGenerated":"2025-06-27 00:07:41 +0700","TimeWritten":"2025-06-27 00:07:41 +0700","EventID":44,"Qualifiers":0,"EventType":"Information","EventCategory":1,"Channel":"System","SourceName":"Microsoft-Windows-WindowsUpdateClient","ComputerName":"DESKTOP-RB8ENUF","Data":"","Sid":"S-1-5-18","Message":"Windows Update started downloading an update.\r\n","StringInserts":["9NBLGGH4NNS1-Microsoft.DesktopAppInstaller","{eac2b4c7-0286-4746-8b0b-08c11d2ee637}","1"]}
{"RecordNumber":17987,"TimeGenerated":"2025-06-27 00:07:41 +0700","TimeWritten":"2025-06-27 00:07:41 +0700","EventID":44,"Qualifiers":0,"EventType":"Information","EventCategory":1,"Channel":"System","SourceName":"Microsoft-Windows-WindowsUpdateClient","ComputerName":"DESKTOP-RB8ENUF","Data":"","Sid":"S-1-5-18","Message":"Windows Update started downloading an update.\r\n","StringInserts":["9WZDNCRFJBMP-MICROSOFT.WINDOWSSTORE","{005452da-1ca2-4654-8324-6c380f4028a9}","1"]}
{"RecordNumber":17988,"TimeGenerated":"2025-06-27 00:07:42 +0700","TimeWritten":"2025-06-27 00:07:42 +0700","EventID":44,"Qualifiers":0,"EventType":"Information","EventCategory":1,"Channel":"System","SourceName":"Microsoft-Windows-WindowsUpdateClient","ComputerName":"DESKTOP-RB8ENUF","Data":"","Sid":"S-1-5-18","Message":"Windows Update started downloading an update.\r\n","StringInserts":["9NBLGGH4RV3K-Microsoft.VCLibs.140.00.UWPDesktop","{fcdd3b59-f41c-4595-b36b-245bacb749e8}","1"]}
{"RecordNumber":17989,"TimeGenerated":"2025-06-27 00:07:42 +0700","TimeWritten":"2025-06-27 00:07:42 +0700","EventID":44,"Qualifiers":0,"EventType":"Information","EventCategory":1,"Channel":"System","SourceName":"Microsoft-Windows-WindowsUpdateClient","ComputerName":"DESKTOP-RB8ENUF","Data":"","Sid":"S-1-5-18","Message":"Windows Update started downloading an update.\r\n","StringInserts":["9NBLGGH4NNS1-Microsoft.DesktopAppInstaller","{eac2b4c7-0286-4746-8b0b-08c11d2ee637}","1"]}
{"RecordNumber":17990,"TimeGenerated":"2025-06-27 00:07:42 +0700","TimeWritten":"2025-06-27 00:07:42 +0700","EventID":44,"Qualifiers":0,"EventType":"Information","EventCategory":1,"Channel":"System","SourceName":"Microsoft-Windows-WindowsUpdateClient","ComputerName":"DESKTOP-RB8ENUF","Data":"","Sid":"S-1-5-18","Message":"Windows Update started downloading an update.\r\n","StringInserts":["9WZDNCRFJBMP-MICROSOFT.WINDOWSSTORE","{005452da-1ca2-4654-8324-6c380f4028a9}","1"]}
{"RecordNumber":17991,"TimeGenerated":"2025-06-27 00:07:43 +0700","TimeWritten":"2025-06-27 00:07:43 +0700","EventID":43,"Qualifiers":0,"EventType":"Information","EventCategory":1,"Channel":"System","SourceName":"Microsoft-Windows-WindowsUpdateClient","ComputerName":"DESKTOP-RB8ENUF","Data":"","Sid":"S-1-5-18","Message":"Installation Started: Windows has started installing the following update: 9NBLGGH4NNS1-Microsoft.DesktopAppInstaller\r\n","StringInserts":["9NBLGGH4NNS1-Microsoft.DesktopAppInstaller","{eac2b4c7-0286-4746-8b0b-08c11d2ee637}","1"]}
{"RecordNumber":17992,"TimeGenerated":"2025-06-27 00:07:44 +0700","TimeWritten":"2025-06-27 00:07:44 +0700","EventID":20,"Qualifiers":0,"EventType":"Error","EventCategory":1,"Channel":"System","SourceName":"Microsoft-Windows-WindowsUpdateClient","ComputerName":"DESKTOP-RB8ENUF","Data":"","Sid":"S-1-5-18","Message":"Installation Failure: Windows failed to install the following update with error 0x80073d02: 9NBLGGH4NNS1-Microsoft.DesktopAppInstaller.\r\n","StringInserts":["0x80073d02","9NBLGGH4NNS1-Microsoft.DesktopAppInstaller","{eac2b4c7-0286-4746-8b0b-08c11d2ee637}","1","{855e8a7c-ecb4-4ca3-b045-1dfa50104289}"]}
{"RecordNumber":17993,"TimeGenerated":"2025-06-27 00:23:30 +0700","TimeWritten":"2025-06-27 00:23:30 +0700","EventID":10016,"Qualifiers":0,"EventType":"Warning","EventCategory":0,"Channel":"System","SourceName":"DCOM","ComputerName":"DESKTOP-RB8ENUF","Data":"","Sid":"S-1-5-21-3306260603-718234045-292622573-1001","Message":"The machine-default permission settings do not grant Local Activation permission for the COM Server application with CLSID \r\n{C2F03A33-21F5-47FA-B4BB-156362A2F239}\r\n and APPID \r\n{316CDED5-E4AE-4B15-9113-7055D84DCC97}\r\n to the user DESKTOP-RB8ENUF\\NgThang SID (S-1-5-21-3306260603-718234045-292622573-1001) from address LocalHost (Using LRPC) running in the application container Microsoft.Windows.ShellExperienceHost_10.0.19041.5072_neutral_neutral_cw5n1h2txyewy SID (S-1-15-2-155514346-2573954481-755741238-1654018636-1233331829-3075935687-2861478708). This security permission can be modified using the Component Services administrative tool.\r\n","StringInserts":["machine-default","Local","Activation","{C2F03A33-21F5-47FA-B4BB-156362A2F239}","{316CDED5-E4AE-4B15-9113-7055D84DCC97}","DESKTOP-RB8ENUF","NgThang","S-1-5-21-3306260603-718234045-292622573-1001","LocalHost (Using LRPC)","Microsoft.Windows.ShellExperienceHost_10.0.19041.5072_neutral_neutral_cw5n1h2txyewy","S-1-15-2-155514346-2573954481-755741238-1654018636-1233331829-3075935687-2861478708"]}
{"RecordNumber":17994,"TimeGenerated":"2025-06-27 00:57:21 +0700","TimeWritten":"2025-06-27 00:57:21 +0700","EventID":7040,"Qualifiers":16384,"EventType":"Information","EventCategory":0,"Channel":"System","SourceName":"Service Control Manager","ComputerName":"DESKTOP-RB8ENUF","Data":"","Sid":"S-1-5-18","Message":"The start type of the Background Intelligent Transfer Service service was changed from demand start to auto start.\r\n","StringInserts":["Background Intelligent Transfer Service","demand start","auto start","BITS"]}
{"RecordNumber":17995,"TimeGenerated":"2025-06-27 00:59:25 +0700","TimeWritten":"2025-06-27 00:59:25 +0700","EventID":7040,"Qualifiers":16384,"EventType":"Information","EventCategory":0,"Channel":"System","SourceName":"Service Control Manager","ComputerName":"DESKTOP-RB8ENUF","Data":"","Sid":"S-1-5-18","Message":"The start type of the Background Intelligent Transfer Service service was changed from auto start to demand start.\r\n","StringInserts":["Background Intelligent Transfer Service","auto start","demand start","BITS"]}
{"RecordNumber":17996,"TimeGenerated":"2025-06-27 01:22:50 +0700","TimeWritten":"2025-06-27 01:22:50 +0700","EventID":158,"Qualifiers":0,"EventType":"Information","EventCategory":0,"Channel":"System","SourceName":"Microsoft-Windows-Time-Service","ComputerName":"DESKTOP-RB8ENUF","Data":"","Sid":"S-1-5-19","Message":"The time provider 'VMICTimeProvider' has indicated that the current hardware and operating environment is not supported and has stopped. This behavior is expected for VMICTimeProvider on non-HyperV-guest environments. This may be the expected behavior for the current provider in the current operating environment as well.\r\n","StringInserts":["VMICTimeProvider"]}
{"RecordNumber":17997,"TimeGenerated":"2025-06-27 01:22:52 +0700","TimeWritten":"2025-06-27 01:22:52 +0700","EventID":37,"Qualifiers":0,"EventType":"Information","EventCategory":0,"Channel":"System","SourceName":"Microsoft-Windows-Time-Service","ComputerName":"DESKTOP-RB8ENUF","Data":"","Sid":"S-1-5-19","Message":"The time provider NtpClient is currently receiving valid time data from time.windows.com,0x9 (ntp.m|0x9|0.0.0.0:123->20.189.79.72:123).\r\n","StringInserts":["time.windows.com,0x9 (ntp.m|0x9|0.0.0.0:123->20.189.79.72:123)"]}
{"RecordNumber":17998,"TimeGenerated":"2025-06-27 01:22:54 +0700","TimeWritten":"2025-06-27 01:22:54 +0700","EventID":15,"Qualifiers":0,"EventType":"Information","EventCategory":10,"Channel":"System","SourceName":"Microsoft-Windows-Kernel-General","ComputerName":"DESKTOP-RB8ENUF","Data":"","Sid":"S-1-5-18","Message":"","StringInserts":["35","\\SystemRoot\\System32\\config\\DRIVERS","9998336","9977856"]}
{"RecordNumber":17999,"TimeGenerated":"2025-06-27 01:23:06 +0700","TimeWritten":"2025-06-27 01:23:06 +0700","EventID":35,"Qualifiers":0,"EventType":"Information","EventCategory":0,"Channel":"System","SourceName":"Microsoft-Windows-Time-Service","ComputerName":"DESKTOP-RB8ENUF","Data":"","Sid":"S-1-5-19","Message":"The time service is now synchronizing the system time with the time source time.windows.com,0x9 (ntp.m|0x9|0.0.0.0:123->20.189.79.72:123) with reference id 1213185300. Current local stratum number is 4.\r\n","StringInserts":["time.windows.com,0x9 (ntp.m|0x9|0.0.0.0:123->20.189.79.72:123)","1213185300","4"]}
{"RecordNumber":18000,"TimeGenerated":"2025-06-27 01:23:06 +0700","TimeWritten":"2025-06-27 01:23:06 +0700","EventID":24,"Qualifiers":0,"EventType":"Information","EventCategory":11,"Channel":"System","SourceName":"Microsoft-Windows-Kernel-General","ComputerName":"DESKTOP-RB8ENUF","Data":"","Sid":"S-1-5-19","Message":"","StringInserts":["0","-420","0","0","0"]}
{"RecordNumber":18001,"TimeGenerated":"2025-06-27 01:23:06 +0700","TimeWritten":"2025-06-27 01:23:06 +0700","EventID":1,"Qualifiers":0,"EventType":"Information","EventCategory":5,"Channel":"System","SourceName":"Microsoft-Windows-Kernel-General","ComputerName":"DESKTOP-RB8ENUF","Data":"","Sid":"S-1-5-19","Message":"Possible detection of CVE: 2025-06-26T18:23:06.9106476Z\r\nAdditional Information: 2025-06-26T18:23:06.9098333Z\r\n\r\nThis Event is generated when an attempt to exploit a known vulnerability (2025-06-26T18:23:06.9106476Z) is detected.\r\nThis Event is raised by a User mode process.\r\n\r\n","StringInserts":["2025-06-26T18:23:06.9106476Z","2025-06-26T18:23:06.9098333Z","1","\\Device\\HarddiskVolume7\\Windows\\System32\\svchost.exe","20764"]}
{"RecordNumber":18002,"TimeGenerated":"2025-06-27 03:10:51 +0700","TimeWritten":"2025-06-27 03:10:51 +0700","EventID":44,"Qualifiers":0,"EventType":"Information","EventCategory":1,"Channel":"System","SourceName":"Microsoft-Windows-WindowsUpdateClient","ComputerName":"DESKTOP-RB8ENUF","Data":"","Sid":"S-1-5-18","Message":"Windows Update started downloading an update.\r\n","StringInserts":["Security Intelligence Update for Microsoft Defender Antivirus - KB2267602 (Version 1.431.243.0) - Current Channel (Broad)","{86036b48-626e-4263-a5b5-04e39083a916}","200"]}
{"RecordNumber":18003,"TimeGenerated":"2025-06-27 03:10:51 +0700","TimeWritten":"2025-06-27 03:10:51 +0700","EventID":43,"Qualifiers":0,"EventType":"Information","EventCategory":1,"Channel":"System","SourceName":"Microsoft-Windows-WindowsUpdateClient","ComputerName":"DESKTOP-RB8ENUF","Data":"","Sid":"S-1-5-18","Message":"Installation Started: Windows has started installing the following update: Security Intelligence Update for Microsoft Defender Antivirus - KB2267602 (Version 1.431.243.0) - Current Channel (Broad)\r\n","StringInserts":["Security Intelligence Update for Microsoft Defender Antivirus - KB2267602 (Version 1.431.243.0) - Current Channel (Broad)","{86036b48-626e-4263-a5b5-04e39083a916}","200"]}
{"RecordNumber":18004,"TimeGenerated":"2025-06-27 03:10:58 +0700","TimeWritten":"2025-06-27 03:10:58 +0700","EventID":19,"Qualifiers":0,"EventType":"Information","EventCategory":1,"Channel":"System","SourceName":"Microsoft-Windows-WindowsUpdateClient","ComputerName":"DESKTOP-RB8ENUF","Data":"","Sid":"S-1-5-18","Message":"Installation Successful: Windows successfully installed the following update: Security Intelligence Update for Microsoft Defender Antivirus - KB2267602 (Version 1.431.243.0) - Current Channel (Broad)\r\n","StringInserts":["Security Intelligence Update for Microsoft Defender Antivirus - KB2267602 (Version 1.431.243.0) - Current Channel (Broad)","{86036b48-626e-4263-a5b5-04e39083a916}","200","{9482f4b4-e343-43b6-b170-9a65bc822c77}"]}
{"RecordNumber":18005,"TimeGenerated":"2025-06-27 05:27:37 +0700","TimeWritten":"2025-06-27 05:27:37 +0700","EventID":1796,"Qualifiers":0,"EventType":"Error","EventCategory":0,"Channel":"System","SourceName":"Microsoft-Windows-TPM-WMI","ComputerName":"DESKTOP-RB8ENUF","Data":"","Sid":"S-1-5-18","Message":"The Secure Boot update failed to update a Secure Boot variable with error -2147020471. For more information, please see https://go.microsoft.com/fwlink/?linkid=2169931\r\n","StringInserts":["-2147020471"]}
{"RecordNumber":18006,"TimeGenerated":"2025-06-27 05:27:37 +0700","TimeWritten":"2025-06-27 05:27:37 +0700","EventID":1796,"Qualifiers":0,"EventType":"Error","EventCategory":0,"Channel":"System","SourceName":"Microsoft-Windows-TPM-WMI","ComputerName":"DESKTOP-RB8ENUF","Data":"","Sid":"S-1-5-18","Message":"The Secure Boot update failed to update a Secure Boot variable with error -2147020471. For more information, please see https://go.microsoft.com/fwlink/?linkid=2169931\r\n","StringInserts":["-2147020471"]}
{"RecordNumber":18007,"TimeGenerated":"2025-06-27 08:07:38 +0700","TimeWritten":"2025-06-27 08:07:38 +0700","EventID":10016,"Qualifiers":0,"EventType":"Warning","EventCategory":0,"Channel":"System","SourceName":"DCOM","ComputerName":"DESKTOP-RB8ENUF","Data":"","Sid":"S-1-5-21-3306260603-718234045-292622573-1001","Message":"The machine-default permission settings do not grant Local Activation permission for the COM Server application with CLSID \r\n{C2F03A33-21F5-47FA-B4BB-156362A2F239}\r\n and APPID \r\n{316CDED5-E4AE-4B15-9113-7055D84DCC97}\r\n to the user DESKTOP-RB8ENUF\\NgThang SID (S-1-5-21-3306260603-718234045-292622573-1001) from address LocalHost (Using LRPC) running in the application container Microsoft.Windows.ShellExperienceHost_10.0.19041.5072_neutral_neutral_cw5n1h2txyewy SID (S-1-15-2-155514346-2573954481-755741238-1654018636-1233331829-3075935687-2861478708). This security permission can be modified using the Component Services administrative tool.\r\n","StringInserts":["machine-default","Local","Activation","{C2F03A33-21F5-47FA-B4BB-156362A2F239}","{316CDED5-E4AE-4B15-9113-7055D84DCC97}","DESKTOP-RB8ENUF","NgThang","S-1-5-21-3306260603-718234045-292622573-1001","LocalHost (Using LRPC)","Microsoft.Windows.ShellExperienceHost_10.0.19041.5072_neutral_neutral_cw5n1h2txyewy","S-1-15-2-155514346-2573954481-755741238-1654018636-1233331829-3075935687-2861478708"]}
{"RecordNumber":18008,"TimeGenerated":"2025-06-27 09:09:47 +0700","TimeWritten":"2025-06-27 09:09:47 +0700","EventID":10016,"Qualifiers":0,"EventType":"Warning","EventCategory":0,"Channel":"System","SourceName":"DCOM","ComputerName":"DESKTOP-RB8ENUF","Data":"","Sid":"S-1-5-21-3306260603-718234045-292622573-1001","Message":"The application-specific permission settings do not grant Local Activation permission for the COM Server application with CLSID \r\n{2593F8B9-4EAF-457C-B68A-50F6B8EA6B54}\r\n and APPID \r\n{15C20B67-12E7-4BB6-92BB-7AFF07997402}\r\n to the user DESKTOP-RB8ENUF\\NgThang SID (S-1-5-21-3306260603-718234045-292622573-1001) from address LocalHost (Using LRPC) running in the application container Unavailable SID (Unavailable). This security permission can be modified using the Component Services administrative tool.\r\n","StringInserts":["application-specific","Local","Activation","{2593F8B9-4EAF-457C-B68A-50F6B8EA6B54}","{15C20B67-12E7-4BB6-92BB-7AFF07997402}","DESKTOP-RB8ENUF","NgThang","S-1-5-21-3306260603-718234045-292622573-1001","LocalHost (Using LRPC)","Unavailable","Unavailable"]}
{"RecordNumber":18009,"TimeGenerated":"2025-06-27 09:21:51 +0700","TimeWritten":"2025-06-27 09:21:51 +0700","EventID":10016,"Qualifiers":0,"EventType":"Warning","EventCategory":0,"Channel":"System","SourceName":"DCOM","ComputerName":"DESKTOP-RB8ENUF","Data":"","Sid":"S-1-5-21-3306260603-718234045-292622573-1001","Message":"The machine-default permission settings do not grant Local Activation permission for the COM Server application with CLSID \r\n{C2F03A33-21F5-47FA-B4BB-156362A2F239}\r\n and APPID \r\n{316CDED5-E4AE-4B15-9113-7055D84DCC97}\r\n to the user DESKTOP-RB8ENUF\\NgThang SID (S-1-5-21-3306260603-718234045-292622573-1001) from address LocalHost (Using LRPC) running in the application container Microsoft.Windows.ShellExperienceHost_10.0.19041.5072_neutral_neutral_cw5n1h2txyewy SID (S-1-15-2-155514346-2573954481-755741238-1654018636-1233331829-3075935687-2861478708). This security permission can be modified using the Component Services administrative tool.\r\n","StringInserts":["machine-default","Local","Activation","{C2F03A33-21F5-47FA-B4BB-156362A2F239}","{316CDED5-E4AE-4B15-9113-7055D84DCC97}","DESKTOP-RB8ENUF","NgThang","S-1-5-21-3306260603-718234045-292622573-1001","LocalHost (Using LRPC)","Microsoft.Windows.ShellExperienceHost_10.0.19041.5072_neutral_neutral_cw5n1h2txyewy","S-1-15-2-155514346-2573954481-755741238-1654018636-1233331829-3075935687-2861478708"]}
{"RecordNumber":18010,"TimeGenerated":"2025-06-27 10:07:05 +0700","TimeWritten":"2025-06-27 10:07:05 +0700","EventID":15,"Qualifiers":0,"EventType":"Information","EventCategory":10,"Channel":"System","SourceName":"Microsoft-Windows-Kernel-General","ComputerName":"DESKTOP-RB8ENUF","Data":"","Sid":"S-1-5-18","Message":"","StringInserts":["89","\\??\\C:\\Users\\Admin\\AppData\\Local\\Microsoft\\VisualStudio\\17.0_6cb15d04\\privateregistry.bin","10407936","7778304"]}
{"RecordNumber":18011,"TimeGenerated":"2025-06-27 10:55:52 +0700","TimeWritten":"2025-06-27 10:55:52 +0700","EventID":10016,"Qualifiers":0,"EventType":"Warning","EventCategory":0,"Channel":"System","SourceName":"DCOM","ComputerName":"DESKTOP-RB8ENUF","Data":"","Sid":"S-1-5-21-3306260603-718234045-292622573-1001","Message":"The machine-default permission settings do not grant Local Activation permission for the COM Server application with CLSID \r\n{C2F03A33-21F5-47FA-B4BB-156362A2F239}\r\n and APPID \r\n{316CDED5-E4AE-4B15-9113-7055D84DCC97}\r\n to the user DESKTOP-RB8ENUF\\NgThang SID (S-1-5-21-3306260603-718234045-292622573-1001) from address LocalHost (Using LRPC) running in the application container Microsoft.Windows.ShellExperienceHost_10.0.19041.5072_neutral_neutral_cw5n1h2txyewy SID (S-1-15-2-155514346-2573954481-755741238-1654018636-1233331829-3075935687-2861478708). This security permission can be modified using the Component Services administrative tool.\r\n","StringInserts":["machine-default","Local","Activation","{C2F03A33-21F5-47FA-B4BB-156362A2F239}","{316CDED5-E4AE-4B15-9113-7055D84DCC97}","DESKTOP-RB8ENUF","NgThang","S-1-5-21-3306260603-718234045-292622573-1001","LocalHost (Using LRPC)","Microsoft.Windows.ShellExperienceHost_10.0.19041.5072_neutral_neutral_cw5n1h2txyewy","S-1-15-2-155514346-2573954481-755741238-1654018636-1233331829-3075935687-2861478708"]}
{"RecordNumber":18012,"TimeGenerated":"2025-06-27 11:24:21 +0700","TimeWritten":"2025-06-27 11:24:21 +0700","EventID":7040,"Qualifiers":16384,"EventType":"Information","EventCategory":0,"Channel":"System","SourceName":"Service Control Manager","ComputerName":"DESKTOP-RB8ENUF","Data":"","Sid":"S-1-5-18","Message":"The start type of the Background Intelligent Transfer Service service was changed from demand start to auto start.\r\n","StringInserts":["Background Intelligent Transfer Service","demand start","auto start","BITS"]}
{"RecordNumber":18013,"TimeGenerated":"2025-06-27 11:26:37 +0700","TimeWritten":"2025-06-27 11:26:37 +0700","EventID":7040,"Qualifiers":16384,"EventType":"Information","EventCategory":0,"Channel":"System","SourceName":"Service Control Manager","ComputerName":"DESKTOP-RB8ENUF","Data":"","Sid":"S-1-5-18","Message":"The start type of the Background Intelligent Transfer Service service was changed from auto start to demand start.\r\n","StringInserts":["Background Intelligent Transfer Service","auto start","demand start","BITS"]}
{"RecordNumber":18014,"TimeGenerated":"2025-06-27 12:00:00 +0700","TimeWritten":"2025-06-27 12:00:00 +0700","EventID":6013,"Qualifiers":32768,"EventType":"Information","EventCategory":0,"Channel":"System","SourceName":"EventLog","ComputerName":"DESKTOP-RB8ENUF","Data":"31002e003100000030000000570069006e0064006f00770073002000310030002000500072006f000000310030002e0030002e003100390030003400350020004200750069006c0064002000310039003000340035002000200000004d0075006c0074006900700072006f0063006500730073006f007200200046007200650065000000310039003000340031002e00760062005f00720065006c0065006100730065002e003100390031003200300036002d00310034003000360000003600350066003300320061003200320000004e006f007400200041007600610069006c00610062006c00650000004e006f007400200041007600610069006c00610062006c00650000003900000031003200000031003600310032003600000034003000390000004400450053004b0054004f0050002d0052004200380045004e005500460000000000","Sid":"","Message":"The system uptime is 326263 seconds.\r\n","StringInserts":["","","","","326263","60","-420 SE Asia Standard Time"]}
{"RecordNumber":18015,"TimeGenerated":"2025-06-27 12:24:02 +0700","TimeWritten":"2025-06-27 12:24:02 +0700","EventID":10016,"Qualifiers":0,"EventType":"Warning","EventCategory":0,"Channel":"System","SourceName":"DCOM","ComputerName":"DESKTOP-RB8ENUF","Data":"","Sid":"S-1-5-21-3306260603-718234045-292622573-1001","Message":"The machine-default permission settings do not grant Local Activation permission for the COM Server application with CLSID \r\n{C2F03A33-21F5-47FA-B4BB-156362A2F239}\r\n and APPID \r\n{316CDED5-E4AE-4B15-9113-7055D84DCC97}\r\n to the user DESKTOP-RB8ENUF\\NgThang SID (S-1-5-21-3306260603-718234045-292622573-1001) from address LocalHost (Using LRPC) running in the application container Microsoft.Windows.ShellExperienceHost_10.0.19041.5072_neutral_neutral_cw5n1h2txyewy SID (S-1-15-2-155514346-2573954481-755741238-1654018636-1233331829-3075935687-2861478708). This security permission can be modified using the Component Services administrative tool.\r\n","StringInserts":["machine-default","Local","Activation","{C2F03A33-21F5-47FA-B4BB-156362A2F239}","{316CDED5-E4AE-4B15-9113-7055D84DCC97}","DESKTOP-RB8ENUF","NgThang","S-1-5-21-3306260603-718234045-292622573-1001","LocalHost (Using LRPC)","Microsoft.Windows.ShellExperienceHost_10.0.19041.5072_neutral_neutral_cw5n1h2txyewy","S-1-15-2-155514346-2573954481-755741238-1654018636-1233331829-3075935687-2861478708"]}
{"RecordNumber":18016,"TimeGenerated":"2025-06-27 13:41:13 +0700","TimeWritten":"2025-06-27 13:41:13 +0700","EventID":7040,"Qualifiers":16384,"EventType":"Information","EventCategory":0,"Channel":"System","SourceName":"Service Control Manager","ComputerName":"DESKTOP-RB8ENUF","Data":"","Sid":"S-1-5-18","Message":"The start type of the Background Intelligent Transfer Service service was changed from demand start to auto start.\r\n","StringInserts":["Background Intelligent Transfer Service","demand start","auto start","BITS"]}
{"RecordNumber":18017,"TimeGenerated":"2025-06-27 13:44:45 +0700","TimeWritten":"2025-06-27 13:44:45 +0700","EventID":7040,"Qualifiers":16384,"EventType":"Information","EventCategory":0,"Channel":"System","SourceName":"Service Control Manager","ComputerName":"DESKTOP-RB8ENUF","Data":"","Sid":"S-1-5-18","Message":"The start type of the Background Intelligent Transfer Service service was changed from auto start to demand start.\r\n","StringInserts":["Background Intelligent Transfer Service","auto start","demand start","BITS"]}
{"RecordNumber":18018,"TimeGenerated":"2025-06-27 15:21:01 +0700","TimeWritten":"2025-06-27 15:21:01 +0700","EventID":10016,"Qualifiers":0,"EventType":"Warning","EventCategory":0,"Channel":"System","SourceName":"DCOM","ComputerName":"DESKTOP-RB8ENUF","Data":"","Sid":"S-1-5-21-3306260603-718234045-292622573-1001","Message":"The machine-default permission settings do not grant Local Activation permission for the COM Server application with CLSID \r\n{C2F03A33-21F5-47FA-B4BB-156362A2F239}\r\n and APPID \r\n{316CDED5-E4AE-4B15-9113-7055D84DCC97}\r\n to the user DESKTOP-RB8ENUF\\NgThang SID (S-1-5-21-3306260603-718234045-292622573-1001) from address LocalHost (Using LRPC) running in the application container Microsoft.Windows.ShellExperienceHost_10.0.19041.5072_neutral_neutral_cw5n1h2txyewy SID (S-1-15-2-155514346-2573954481-755741238-1654018636-1233331829-3075935687-2861478708). This security permission can be modified using the Component Services administrative tool.\r\n","StringInserts":["machine-default","Local","Activation","{C2F03A33-21F5-47FA-B4BB-156362A2F239}","{316CDED5-E4AE-4B15-9113-7055D84DCC97}","DESKTOP-RB8ENUF","NgThang","S-1-5-21-3306260603-718234045-292622573-1001","LocalHost (Using LRPC)","Microsoft.Windows.ShellExperienceHost_10.0.19041.5072_neutral_neutral_cw5n1h2txyewy","S-1-15-2-155514346-2573954481-755741238-1654018636-1233331829-3075935687-2861478708"]}
{"RecordNumber":18019,"TimeGenerated":"2025-06-27 15:27:55 +0700","TimeWritten":"2025-06-27 15:27:55 +0700","EventID":10016,"Qualifiers":0,"EventType":"Warning","EventCategory":0,"Channel":"System","SourceName":"DCOM","ComputerName":"DESKTOP-RB8ENUF","Data":"","Sid":"S-1-5-21-3306260603-718234045-292622573-1001","Message":"The machine-default permission settings do not grant Local Activation permission for the COM Server application with CLSID \r\n{C2F03A33-21F5-47FA-B4BB-156362A2F239}\r\n and APPID \r\n{316CDED5-E4AE-4B15-9113-7055D84DCC97}\r\n to the user DESKTOP-RB8ENUF\\NgThang SID (S-1-5-21-3306260603-718234045-292622573-1001) from address LocalHost (Using LRPC) running in the application container Microsoft.Windows.ShellExperienceHost_10.0.19041.5072_neutral_neutral_cw5n1h2txyewy SID (S-1-15-2-155514346-2573954481-755741238-1654018636-1233331829-3075935687-2861478708). This security permission can be modified using the Component Services administrative tool.\r\n","StringInserts":["machine-default","Local","Activation","{C2F03A33-21F5-47FA-B4BB-156362A2F239}","{316CDED5-E4AE-4B15-9113-7055D84DCC97}","DESKTOP-RB8ENUF","NgThang","S-1-5-21-3306260603-718234045-292622573-1001","LocalHost (Using LRPC)","Microsoft.Windows.ShellExperienceHost_10.0.19041.5072_neutral_neutral_cw5n1h2txyewy","S-1-15-2-155514346-2573954481-755741238-1654018636-1233331829-3075935687-2861478708"]}
{"RecordNumber":18020,"TimeGenerated":"2025-06-27 17:02:45 +0700","TimeWritten":"2025-06-27 17:02:45 +0700","EventID":10016,"Qualifiers":0,"EventType":"Warning","EventCategory":0,"Channel":"System","SourceName":"DCOM","ComputerName":"DESKTOP-RB8ENUF","Data":"","Sid":"S-1-5-21-3306260603-718234045-292622573-1001","Message":"The machine-default permission settings do not grant Local Activation permission for the COM Server application with CLSID \r\n{C2F03A33-21F5-47FA-B4BB-156362A2F239}\r\n and APPID \r\n{316CDED5-E4AE-4B15-9113-7055D84DCC97}\r\n to the user DESKTOP-RB8ENUF\\NgThang SID (S-1-5-21-3306260603-718234045-292622573-1001) from address LocalHost (Using LRPC) running in the application container Microsoft.Windows.ShellExperienceHost_10.0.19041.5072_neutral_neutral_cw5n1h2txyewy SID (S-1-15-2-155514346-2573954481-755741238-1654018636-1233331829-3075935687-2861478708). This security permission can be modified using the Component Services administrative tool.\r\n","StringInserts":["machine-default","Local","Activation","{C2F03A33-21F5-47FA-B4BB-156362A2F239}","{316CDED5-E4AE-4B15-9113-7055D84DCC97}","DESKTOP-RB8ENUF","NgThang","S-1-5-21-3306260603-718234045-292622573-1001","LocalHost (Using LRPC)","Microsoft.Windows.ShellExperienceHost_10.0.19041.5072_neutral_neutral_cw5n1h2txyewy","S-1-15-2-155514346-2573954481-755741238-1654018636-1233331829-3075935687-2861478708"]}
{"RecordNumber":18021,"TimeGenerated":"2025-06-27 17:07:10 +0700","TimeWritten":"2025-06-27 17:07:10 +0700","EventID":10016,"Qualifiers":0,"EventType":"Warning","EventCategory":0,"Channel":"System","SourceName":"DCOM","ComputerName":"DESKTOP-RB8ENUF","Data":"","Sid":"S-1-5-21-3306260603-718234045-292622573-1001","Message":"The machine-default permission settings do not grant Local Activation permission for the COM Server application with CLSID \r\n{C2F03A33-21F5-47FA-B4BB-156362A2F239}\r\n and APPID \r\n{316CDED5-E4AE-4B15-9113-7055D84DCC97}\r\n to the user DESKTOP-RB8ENUF\\NgThang SID (S-1-5-21-3306260603-718234045-292622573-1001) from address LocalHost (Using LRPC) running in the application container Microsoft.Windows.ShellExperienceHost_10.0.19041.5072_neutral_neutral_cw5n1h2txyewy SID (S-1-15-2-155514346-2573954481-755741238-1654018636-1233331829-3075935687-2861478708). This security permission can be modified using the Component Services administrative tool.\r\n","StringInserts":["machine-default","Local","Activation","{C2F03A33-21F5-47FA-B4BB-156362A2F239}","{316CDED5-E4AE-4B15-9113-7055D84DCC97}","DESKTOP-RB8ENUF","NgThang","S-1-5-21-3306260603-718234045-292622573-1001","LocalHost (Using LRPC)","Microsoft.Windows.ShellExperienceHost_10.0.19041.5072_neutral_neutral_cw5n1h2txyewy","S-1-15-2-155514346-2573954481-755741238-1654018636-1233331829-3075935687-2861478708"]}
{"RecordNumber":18022,"TimeGenerated":"2025-06-27 17:07:14 +0700","TimeWritten":"2025-06-27 17:07:14 +0700","EventID":10016,"Qualifiers":0,"EventType":"Warning","EventCategory":0,"Channel":"System","SourceName":"DCOM","ComputerName":"DESKTOP-RB8ENUF","Data":"","Sid":"S-1-5-21-3306260603-718234045-292622573-1001","Message":"The machine-default permission settings do not grant Local Activation permission for the COM Server application with CLSID \r\n{C2F03A33-21F5-47FA-B4BB-156362A2F239}\r\n and APPID \r\n{316CDED5-E4AE-4B15-9113-7055D84DCC97}\r\n to the user DESKTOP-RB8ENUF\\NgThang SID (S-1-5-21-3306260603-718234045-292622573-1001) from address LocalHost (Using LRPC) running in the application container Microsoft.Windows.ShellExperienceHost_10.0.19041.5072_neutral_neutral_cw5n1h2txyewy SID (S-1-15-2-155514346-2573954481-755741238-1654018636-1233331829-3075935687-2861478708). This security permission can be modified using the Component Services administrative tool.\r\n","StringInserts":["machine-default","Local","Activation","{C2F03A33-21F5-47FA-B4BB-156362A2F239}","{316CDED5-E4AE-4B15-9113-7055D84DCC97}","DESKTOP-RB8ENUF","NgThang","S-1-5-21-3306260603-718234045-292622573-1001","LocalHost (Using LRPC)","Microsoft.Windows.ShellExperienceHost_10.0.19041.5072_neutral_neutral_cw5n1h2txyewy","S-1-15-2-155514346-2573954481-755741238-1654018636-1233331829-3075935687-2861478708"]}
{"RecordNumber":18023,"TimeGenerated":"2025-06-27 17:07:40 +0700","TimeWritten":"2025-06-27 17:07:40 +0700","EventID":10016,"Qualifiers":0,"EventType":"Warning","EventCategory":0,"Channel":"System","SourceName":"DCOM","ComputerName":"DESKTOP-RB8ENUF","Data":"","Sid":"S-1-5-21-3306260603-718234045-292622573-1001","Message":"The machine-default permission settings do not grant Local Activation permission for the COM Server application with CLSID \r\n{C2F03A33-21F5-47FA-B4BB-156362A2F239}\r\n and APPID \r\n{316CDED5-E4AE-4B15-9113-7055D84DCC97}\r\n to the user DESKTOP-RB8ENUF\\NgThang SID (S-1-5-21-3306260603-718234045-292622573-1001) from address LocalHost (Using LRPC) running in the application container Microsoft.Windows.ShellExperienceHost_10.0.19041.5072_neutral_neutral_cw5n1h2txyewy SID (S-1-15-2-155514346-2573954481-755741238-1654018636-1233331829-3075935687-2861478708). This security permission can be modified using the Component Services administrative tool.\r\n","StringInserts":["machine-default","Local","Activation","{C2F03A33-21F5-47FA-B4BB-156362A2F239}","{316CDED5-E4AE-4B15-9113-7055D84DCC97}","DESKTOP-RB8ENUF","NgThang","S-1-5-21-3306260603-718234045-292622573-1001","LocalHost (Using LRPC)","Microsoft.Windows.ShellExperienceHost_10.0.19041.5072_neutral_neutral_cw5n1h2txyewy","S-1-15-2-155514346-2573954481-755741238-1654018636-1233331829-3075935687-2861478708"]}
{"RecordNumber":18024,"TimeGenerated":"2025-06-27 17:22:52 +0700","TimeWritten":"2025-06-27 17:22:52 +0700","EventID":7040,"Qualifiers":16384,"EventType":"Information","EventCategory":0,"Channel":"System","SourceName":"Service Control Manager","ComputerName":"DESKTOP-RB8ENUF","Data":"","Sid":"S-1-5-18","Message":"The start type of the Background Intelligent Transfer Service service was changed from demand start to auto start.\r\n","StringInserts":["Background Intelligent Transfer Service","demand start","auto start","BITS"]}
{"RecordNumber":18025,"TimeGenerated":"2025-06-27 17:25:13 +0700","TimeWritten":"2025-06-27 17:25:13 +0700","EventID":7040,"Qualifiers":16384,"EventType":"Information","EventCategory":0,"Channel":"System","SourceName":"Service Control Manager","ComputerName":"DESKTOP-RB8ENUF","Data":"","Sid":"S-1-5-18","Message":"The start type of the Background Intelligent Transfer Service service was changed from auto start to demand start.\r\n","StringInserts":["Background Intelligent Transfer Service","auto start","demand start","BITS"]}
