{"RecordNumber":23774,"TimeGenerated":"2025-06-24 16:44:40 +0700","TimeWritten":"2025-06-24 16:44:40 +0700","EventID":326,"Qualifiers":0,"EventType":"Information","EventCategory":1,"Channel":"Application","SourceName":"ESENT","ComputerName":"DESKTOP-RB8ENUF","Data":"","Sid":"","Message":"Video.UI (4840,D,50) {DA4AC23F-93F2-4D9D-BFF7-EDA2128643CA}: The database engine attached a database (1, C:\\Users\\Admin\\AppData\\Local\\Packages\\Microsoft.ZuneVideo_8wekyb3d8bbwe\\LocalState\\Database\\anonymous\\EntClientDb.edb). (Time=0 seconds)\r\n\r\n\r\n\r\nSaved Cache: 0 0\r\n\r\nAdditional Data: lgposAttach = 00000001:0065:0268,\ndbv = 1568.20.0\r\n\r\n\r\n\r\nInternal Timing Sequence: \n[1] 0.000002 +J(0)\n[2] 0.000421 -0.000001 (1) WT +J(0) +M(C:0K, Fs:28, WS:44K # 0K, PF:24K # 0K, P:24K)\n[3] 0.002428 -0.000498 (5) WT +J(CM:0, PgRf:0, Rd:0/0, Dy:0/0, Lg:3480/2) +M(C:0K, Fs:63, WS:244K # 0K, PF:44K # 0K, P:44K)\n[4] 0.000134 +J(0) +M(C:0K, Fs:4, WS:16K # 0K, PF:0K # 0K, P:0K)\n[5] -\n[6] -\n[7] -\n[8] 0.000974 -0.000198 (2) CM +J(CM:2, PgRf:2, Rd:14/2, Dy:0/0, Lg:0/0) +M(C:0K, Fs:12, WS:40K # 0K, PF:136K # 0K, P:136K)\n[9] 0.002450 -0.000034 (5) CM -0.002070 (2) WT +J(CM:5, PgRf:23, Rd:0/5, Dy:0/0, Lg:0/0) +M(C:0K, Fs:33, WS:132K # 0K, PF:200K # 0K, P:200K)\n[10] 0.000075 -0.000003 (1) CM +J(CM:1, PgRf:40, Rd:0/1, Dy:0/0, Lg:0/0) +M(C:0K, Fs:3, WS:4K # 0K, PF:64K # 0K, P:64K)\n[11] 0.000010 +J(CM:0, PgRf:1, Rd:0/0, Dy:0/0, Lg:0/0) +M(C:0K, Fs:2, WS:8K # 0K, PF:0K # 0K, P:0K)\n[12] 0.000031 +J(CM:0, PgRf:42, Rd:0/0, Dy:0/0, Lg:0/0) +M(C:0K, Fs:3, WS:12K # 0K, PF:0K # 0K, P:0K)\n[13] 0.0 +J(0)\n[14] 0.0 +J(0)\n[15] 0.000002 +J(CM:0, PgRf:1, Rd:0/0, Dy:0/0, Lg:0/0).\r\n","StringInserts":["Video.UI","4840,D,50","{DA4AC23F-93F2-4D9D-BFF7-EDA2128643CA}: ","1","C:\\Users\\Admin\\AppData\\Local\\Packages\\Microsoft.ZuneVideo_8wekyb3d8bbwe\\LocalState\\Database\\anonymous\\EntClientDb.edb","0","\n[1] 0.000002 +J(0)\n[2] 0.000421 -0.000001 (1) WT +J(0) +M(C:0K, Fs:28, WS:44K # 0K, PF:24K # 0K, P:24K)\n[3] 0.002428 -0.000498 (5) WT +J(CM:0, PgRf:0, Rd:0/0, Dy:0/0, Lg:3480/2) +M(C:0K, Fs:63, WS:244K # 0K, PF:44K # 0K, P:44K)\n[4] 0.000134 +J(0) +M(C:0K, Fs:4, WS:16K # 0K, PF:0K # 0K, P:0K)\n[5] -\n[6] -\n[7] -\n[8] 0.000974 -0.000198 (2) CM +J(CM:2, PgRf:2, Rd:14/2, Dy:0/0, Lg:0/0) +M(C:0K, Fs:12, WS:40K # 0K, PF:136K # 0K, P:136K)\n[9] 0.002450 -0.000034 (5) CM -0.002070 (2) WT +J(CM:5, PgRf:23, Rd:0/5, Dy:0/0, Lg:0/0) +M(C:0K, Fs:33, WS:132K # 0K, PF:200K # 0K, P:200K)\n[10] 0.000075 -0.000003 (1) CM +J(CM:1, PgRf:40, Rd:0/1, Dy:0/0, Lg:0/0) +M(C:0K, Fs:3, WS:4K # 0K, PF:64K # 0K, P:64K)\n[11] 0.000010 +J(CM:0, PgRf:1, Rd:0/0, Dy:0/0, Lg:0/0) +M(C:0K, Fs:2, WS:8K # 0K, PF:0K # 0K, P:0K)\n[12] 0.000031 +J(CM:0, PgRf:42, Rd:0/0, Dy:0/0, Lg:0/0) +M(C:0K, Fs:3, WS:12K # 0K, PF:0K # 0K, P:0K)\n[13] 0.0 +J(0)\n[14] 0.0 +J(0)\n[15] 0.000002 +J(CM:0, PgRf:1, Rd:0/0, Dy:0/0, Lg:0/0).","0 0","lgposAttach = 00000001:0065:0268,\ndbv = 1568.20.0"]}
{"RecordNumber":23775,"TimeGenerated":"2025-06-24 16:44:40 +0700","TimeWritten":"2025-06-24 16:44:40 +0700","EventID":330,"Qualifiers":0,"EventType":"Information","EventCategory":1,"Channel":"Application","SourceName":"ESENT","ComputerName":"DESKTOP-RB8ENUF","Data":"","Sid":"","Message":"Video.UI (4840,D,2) {DA4AC23F-93F2-4D9D-BFF7-EDA2128643CA}: The database [C:\\Users\\Admin\\AppData\\Local\\Packages\\Microsoft.ZuneVideo_8wekyb3d8bbwe\\LocalState\\Database\\anonymous\\tmp.edb] format version is being held back to 8920 (0x22d8) due to application parameter setting of 0x410022D8 (8920 | JET_efvAllowHigherPersistedFormat). Current default engine version: 9180 (0x23dc).\r\n","StringInserts":["Video.UI","4840,D,2","{DA4AC23F-93F2-4D9D-BFF7-EDA2128643CA}: ","C:\\Users\\Admin\\AppData\\Local\\Packages\\Microsoft.ZuneVideo_8wekyb3d8bbwe\\LocalState\\Database\\anonymous\\tmp.edb","0x410022D8 (8920 | JET_efvAllowHigherPersistedFormat)","8920 (0x22d8)","9180 (0x23dc)"]}
{"RecordNumber":23776,"TimeGenerated":"2025-06-24 16:57:32 +0700","TimeWritten":"2025-06-24 16:57:32 +0700","EventID":3000,"Qualifiers":16384,"EventType":"Information","EventCategory":0,"Channel":"Application","SourceName":"Process Exit Monitor","ComputerName":"DESKTOP-RB8ENUF","Data":"","Sid":"S-1-5-21-3306260603-718234045-292622573-1001","Message":"The process 'C:\\Program Files\\Microsoft Office\\root\\Office16\\WINWORD.EXE' exited with exit code 0. The creation time for the exiting process was 0x01dbe4a9e0d4a5d1.\r\n","StringInserts":["C:\\Program Files\\Microsoft Office\\root\\Office16\\WINWORD.EXE","0","01dbe4a9e0d4a5d1"]}
{"RecordNumber":23777,"TimeGenerated":"2025-06-24 16:57:32 +0700","TimeWritten":"2025-06-24 16:57:32 +0700","EventID":1001,"Qualifiers":0,"EventType":"Information","EventCategory":0,"Channel":"Application","SourceName":"Windows Error Reporting","ComputerName":"DESKTOP-RB8ENUF","Data":"","Sid":"","Message":"Fault bucket 1697116272824719033, type 5\r\nEvent Name: AppHangB1\r\nResponse: Not available\r\nCab Id: 0\r\n\r\nProblem signature:\r\nP1: WINWORD.EXE\r\nP2: 16.0.14701.20210\r\nP3: 61a205ff\r\nP4: e38d\r\nP5: 134217728\r\nP6: \r\nP7: \r\nP8: \r\nP9: \r\nP10: \r\n\r\nAttached files:\r\n\\\\?\\C:\\ProgramData\\Microsoft\\Windows\\WER\\Temp\\WER8B0E.tmp.WERInternalMetadata.xml\r\n\\\\?\\C:\\ProgramData\\Microsoft\\Windows\\WER\\Temp\\WER8B8C.tmp.xml\r\n\\\\?\\C:\\ProgramData\\Microsoft\\Windows\\WER\\Temp\\WER8B8B.tmp.csv\r\n\\\\?\\C:\\ProgramData\\Microsoft\\Windows\\WER\\Temp\\WER8BAC.tmp.txt\r\n\\\\?\\C:\\Users\\Admin\\AppData\\Local\\Temp\\{044EF2CE-C934-4C75-B574-7C3F70C4209C} - OProcSessId.dat\r\n\\\\?\\C:\\Users\\Admin\\AppData\\Local\\Temp\\WER9E1B.tmp.appcompat.txt\r\n\r\nThese files may be available here:\r\n\\\\?\\C:\\ProgramData\\Microsoft\\Windows\\WER\\ReportArchive\\AppHang_WINWORD.EXE_9ce86981902a3aa59afed7858446dd197989e_9945e7f3_4144b319-660f-4cca-a19e-dc66f205f0bc\r\n\r\nAnalysis symbol: \r\nRechecking for solution: 0\r\nReport Id: 9cbd6a05-b31a-4ea5-98a0-b91b7bddb0d1\r\nReport Status: 268435456\r\nHashed bucket: fcdf9085a150eaabc78d5e42284096b9\r\nCab Guid: 0\r\n","StringInserts":["1697116272824719033","5","AppHangB1","Not available","0","WINWORD.EXE","16.0.14701.20210","61a205ff","e38d","134217728","","","","","","\r\n\\\\?\\C:\\ProgramData\\Microsoft\\Windows\\WER\\Temp\\WER8B0E.tmp.WERInternalMetadata.xml\r\n\\\\?\\C:\\ProgramData\\Microsoft\\Windows\\WER\\Temp\\WER8B8C.tmp.xml\r\n\\\\?\\C:\\ProgramData\\Microsoft\\Windows\\WER\\Temp\\WER8B8B.tmp.csv\r\n\\\\?\\C:\\ProgramData\\Microsoft\\Windows\\WER\\Temp\\WER8BAC.tmp.txt\r\n\\\\?\\C:\\Users\\Admin\\AppData\\Local\\Temp\\{044EF2CE-C934-4C75-B574-7C3F70C4209C} - OProcSessId.dat\r\n\\\\?\\C:\\Users\\Admin\\AppData\\Local\\Temp\\WER9E1B.tmp.appcompat.txt","\\\\?\\C:\\ProgramData\\Microsoft\\Windows\\WER\\ReportArchive\\AppHang_WINWORD.EXE_9ce86981902a3aa59afed7858446dd197989e_9945e7f3_4144b319-660f-4cca-a19e-dc66f205f0bc","","0","9cbd6a05-b31a-4ea5-98a0-b91b7bddb0d1","268435456","fcdf9085a150eaabc78d5e42284096b9","0"]}
{"RecordNumber":23778,"TimeGenerated":"2025-06-24 16:57:33 +0700","TimeWritten":"2025-06-24 16:57:33 +0700","EventID":3001,"Qualifiers":16384,"EventType":"Information","EventCategory":0,"Channel":"Application","SourceName":"Process Exit Monitor","ComputerName":"DESKTOP-RB8ENUF","Data":"","Sid":"S-1-5-18","Message":"The process 'C:\\Program Files\\Microsoft Office\\root\\Office16\\WINWORD.EXE' was terminated by the process 'C:\\Windows\\System32\\svchost.exe' with termination code -805306369. The creation time for the exiting process was 0x01dbe4a9e0d4a5d1.\r\n","StringInserts":["C:\\Program Files\\Microsoft Office\\root\\Office16\\WINWORD.EXE","C:\\Windows\\System32\\svchost.exe","-805306369","01dbe4a9e0d4a5d1"]}
{"RecordNumber":23779,"TimeGenerated":"2025-06-24 16:57:35 +0700","TimeWritten":"2025-06-24 16:57:35 +0700","EventID":1002,"Qualifiers":0,"EventType":"Error","EventCategory":101,"Channel":"Application","SourceName":"Application Hang","ComputerName":"DESKTOP-RB8ENUF","Data":"55006e006b006e006f0077006e0000000000","Sid":"","Message":"The program WINWORD.EXE version 16.0.14701.20210 stopped interacting with Windows and was closed. To see if more information about the problem is available, check the problem history in the Security and Maintenance control panel.\r\n\r\nProcess ID: 4468\r\n\r\nStart Time: 01dbe4a9e0d4a5d1\r\n\r\nTermination Time: 380\r\n\r\nApplication Path: C:\\Program Files\\Microsoft Office\\root\\Office16\\WINWORD.EXE\r\n\r\nReport Id: 9cbd6a05-b31a-4ea5-98a0-b91b7bddb0d1\r\n\r\nFaulting package full name: \r\n\r\nFaulting package-relative application ID: \r\n\r\nHang type: Unknown\r\n\r\n","StringInserts":["WINWORD.EXE","16.0.14701.20210","4468","01dbe4a9e0d4a5d1","380","C:\\Program Files\\Microsoft Office\\root\\Office16\\WINWORD.EXE","9cbd6a05-b31a-4ea5-98a0-b91b7bddb0d1","","","Unknown"]}
{"RecordNumber":17732,"TimeGenerated":"2025-06-23 17:22:45 +0700","TimeWritten":"2025-06-23 17:22:45 +0700","EventID":7026,"Qualifiers":49152,"EventType":"Information","EventCategory":0,"Channel":"System","SourceName":"Service Control Manager","ComputerName":"DESKTOP-RB8ENUF","Data":"","Sid":"","Message":"The following boot-start or system-start driver(s) did not load: \r\ndam\r\nVfpExt\r\n","StringInserts":["\r\ndam\r\nVfpExt"]}
{"RecordNumber":17733,"TimeGenerated":"2025-06-23 17:22:45 +0700","TimeWritten":"2025-06-23 17:22:45 +0700","EventID":18,"Qualifiers":0,"EventType":"Information","EventCategory":0,"Channel":"System","SourceName":"TPM","ComputerName":"DESKTOP-RB8ENUF","Data":"","Sid":"S-1-5-18","Message":"This event triggers the Trusted Platform Module (TPM) provisioning/status check to run.\r\n","StringInserts":["0x140000d6","0"]}
{"RecordNumber":17734,"TimeGenerated":"2025-06-23 17:22:48 +0700","TimeWritten":"2025-06-23 17:22:48 +0700","EventID":7040,"Qualifiers":16384,"EventType":"Information","EventCategory":0,"Channel":"System","SourceName":"Service Control Manager","ComputerName":"DESKTOP-RB8ENUF","Data":"","Sid":"S-1-5-18","Message":"The start type of the Windows Modules Installer service was changed from auto start to demand start.\r\n","StringInserts":["Windows Modules Installer","auto start","demand start","TrustedInstaller"]}
{"RecordNumber":17735,"TimeGenerated":"2025-06-23 17:22:50 +0700","TimeWritten":"2025-06-23 17:22:50 +0700","EventID":1282,"Qualifiers":0,"EventType":"Information","EventCategory":0,"Channel":"System","SourceName":"Microsoft-Windows-TPM-WMI","ComputerName":"DESKTOP-RB8ENUF","Data":"","Sid":"S-1-5-18","Message":"The TBS device identifier has been generated.\r\n","StringInserts":[]}
{"RecordNumber":17736,"TimeGenerated":"2025-06-23 17:22:50 +0700","TimeWritten":"2025-06-23 17:22:50 +0700","EventID":1025,"Qualifiers":0,"EventType":"Information","EventCategory":0,"Channel":"System","SourceName":"Microsoft-Windows-TPM-WMI","ComputerName":"DESKTOP-RB8ENUF","Data":"","Sid":"S-1-5-18","Message":"The TPM was successfully provisioned and is now ready for use.\r\n","StringInserts":[]}
{"RecordNumber":17737,"TimeGenerated":"2025-06-23 17:22:53 +0700","TimeWritten":"2025-06-23 17:22:53 +0700","EventID":7001,"Qualifiers":0,"EventType":"Information","EventCategory":1101,"Channel":"System","SourceName":"Microsoft-Windows-Winlogon","ComputerName":"DESKTOP-RB8ENUF","Data":"","Sid":"S-1-5-18","Message":"User Logon Notification for Customer Experience Improvement Program\r\n","StringInserts":["1","S-1-5-21-3306260603-718234045-292622573-1001"]}
{"RecordNumber":17738,"TimeGenerated":"2025-06-23 17:23:11 +0700","TimeWritten":"2025-06-23 17:23:11 +0700","EventID":5,"Qualifiers":49152,"EventType":"Error","EventCategory":0,"Channel":"System","SourceName":"vsdatant","ComputerName":"DESKTOP-RB8ENUF","Data":"000000000300280000000000050000c0000000000000000000000000000000000000000000000000","Sid":"","Message":"Process \\??\\C:\\Program Files (x86)\\CheckPoint\\Endpoint Connect\\DAAW.exe (pid 11728) is signed by Check Point but it will be allowed because there are no rules for it.\r\n","StringInserts":["\\Device\\vsdatant","11728","\\??\\C:\\Program Files (x86)\\CheckPoint\\Endpoint Connect\\DAAW.exe"]}
{"RecordNumber":17739,"TimeGenerated":"2025-06-23 17:23:14 +0700","TimeWritten":"2025-06-23 17:23:14 +0700","EventID":5,"Qualifiers":0,"EventType":"Information","EventCategory":0,"Channel":"System","SourceName":"Microsoft-Windows-IsolatedUserMode","ComputerName":"DESKTOP-RB8ENUF","Data":"","Sid":"S-1-5-21-3306260603-718234045-292622573-1001","Message":"Secure Trustlet NULL Id 0 and Pid 0 started with status 0.\r\n","StringInserts":["0","0","0","NULL"]}
{"RecordNumber":17740,"TimeGenerated":"2025-06-23 17:23:23 +0700","TimeWritten":"2025-06-23 17:23:23 +0700","EventID":10016,"Qualifiers":0,"EventType":"Warning","EventCategory":0,"Channel":"System","SourceName":"DCOM","ComputerName":"DESKTOP-RB8ENUF","Data":"","Sid":"S-1-5-21-3306260603-718234045-292622573-1001","Message":"The application-specific permission settings do not grant Local Activation permission for the COM Server application with CLSID \r\n{2593F8B9-4EAF-457C-B68A-50F6B8EA6B54}\r\n and APPID \r\n{15C20B67-12E7-4BB6-92BB-7AFF07997402}\r\n to the user DESKTOP-RB8ENUF\\NgThang SID (S-1-5-21-3306260603-718234045-292622573-1001) from address LocalHost (Using LRPC) running in the application container Unavailable SID (Unavailable). This security permission can be modified using the Component Services administrative tool.\r\n","StringInserts":["application-specific","Local","Activation","{2593F8B9-4EAF-457C-B68A-50F6B8EA6B54}","{15C20B67-12E7-4BB6-92BB-7AFF07997402}","DESKTOP-RB8ENUF","NgThang","S-1-5-21-3306260603-718234045-292622573-1001","LocalHost (Using LRPC)","Unavailable","Unavailable"]}
{"RecordNumber":17741,"TimeGenerated":"2025-06-23 17:24:07 +0700","TimeWritten":"2025-06-23 17:24:07 +0700","EventID":10016,"Qualifiers":0,"EventType":"Warning","EventCategory":0,"Channel":"System","SourceName":"DCOM","ComputerName":"DESKTOP-RB8ENUF","Data":"","Sid":"S-1-5-21-3306260603-718234045-292622573-1001","Message":"The application-specific permission settings do not grant Local Activation permission for the COM Server application with CLSID \r\n{2593F8B9-4EAF-457C-B68A-50F6B8EA6B54}\r\n and APPID \r\n{15C20B67-12E7-4BB6-92BB-7AFF07997402}\r\n to the user DESKTOP-RB8ENUF\\NgThang SID (S-1-5-21-3306260603-718234045-292622573-1001) from address LocalHost (Using LRPC) running in the application container Unavailable SID (Unavailable). This security permission can be modified using the Component Services administrative tool.\r\n","StringInserts":["application-specific","Local","Activation","{2593F8B9-4EAF-457C-B68A-50F6B8EA6B54}","{15C20B67-12E7-4BB6-92BB-7AFF07997402}","DESKTOP-RB8ENUF","NgThang","S-1-5-21-3306260603-718234045-292622573-1001","LocalHost (Using LRPC)","Unavailable","Unavailable"]}
{"RecordNumber":17742,"TimeGenerated":"2025-06-23 17:24:18 +0700","TimeWritten":"2025-06-23 17:24:18 +0700","EventID":10016,"Qualifiers":0,"EventType":"Warning","EventCategory":0,"Channel":"System","SourceName":"DCOM","ComputerName":"DESKTOP-RB8ENUF","Data":"","Sid":"S-1-5-21-3306260603-718234045-292622573-1001","Message":"The application-specific permission settings do not grant Local Activation permission for the COM Server application with CLSID \r\n{2593F8B9-4EAF-457C-B68A-50F6B8EA6B54}\r\n and APPID \r\n{15C20B67-12E7-4BB6-92BB-7AFF07997402}\r\n to the user DESKTOP-RB8ENUF\\NgThang SID (S-1-5-21-3306260603-718234045-292622573-1001) from address LocalHost (Using LRPC) running in the application container Unavailable SID (Unavailable). This security permission can be modified using the Component Services administrative tool.\r\n","StringInserts":["application-specific","Local","Activation","{2593F8B9-4EAF-457C-B68A-50F6B8EA6B54}","{15C20B67-12E7-4BB6-92BB-7AFF07997402}","DESKTOP-RB8ENUF","NgThang","S-1-5-21-3306260603-718234045-292622573-1001","LocalHost (Using LRPC)","Unavailable","Unavailable"]}
{"RecordNumber":17743,"TimeGenerated":"2025-06-23 17:24:25 +0700","TimeWritten":"2025-06-23 17:24:25 +0700","EventID":7040,"Qualifiers":16384,"EventType":"Information","EventCategory":0,"Channel":"System","SourceName":"Service Control Manager","ComputerName":"DESKTOP-RB8ENUF","Data":"","Sid":"S-1-5-18","Message":"The start type of the Background Intelligent Transfer Service service was changed from demand start to auto start.\r\n","StringInserts":["Background Intelligent Transfer Service","demand start","auto start","BITS"]}
{"RecordNumber":17744,"TimeGenerated":"2025-06-23 17:24:46 +0700","TimeWritten":"2025-06-23 17:24:46 +0700","EventID":10016,"Qualifiers":0,"EventType":"Warning","EventCategory":0,"Channel":"System","SourceName":"DCOM","ComputerName":"DESKTOP-RB8ENUF","Data":"","Sid":"S-1-5-18","Message":"The application-specific permission settings do not grant Local Launch permission for the COM Server application with CLSID \r\nWindows.SecurityCenter.WscDataProtection\r\n and APPID \r\nUnavailable\r\n to the user NT AUTHORITY\\SYSTEM SID (S-1-5-18) from address LocalHost (Using LRPC) running in the application container Unavailable SID (Unavailable). This security permission can be modified using the Component Services administrative tool.\r\n","StringInserts":["application-specific","Local","Launch","Windows.SecurityCenter.WscDataProtection","Unavailable","NT AUTHORITY","SYSTEM","S-1-5-18","LocalHost (Using LRPC)","Unavailable","Unavailable"]}
{"RecordNumber":17745,"TimeGenerated":"2025-06-23 17:24:46 +0700","TimeWritten":"2025-06-23 17:24:46 +0700","EventID":10016,"Qualifiers":0,"EventType":"Warning","EventCategory":0,"Channel":"System","SourceName":"DCOM","ComputerName":"DESKTOP-RB8ENUF","Data":"","Sid":"S-1-5-18","Message":"The application-specific permission settings do not grant Local Launch permission for the COM Server application with CLSID \r\nWindows.SecurityCenter.WscBrokerManager\r\n and APPID \r\nUnavailable\r\n to the user NT AUTHORITY\\SYSTEM SID (S-1-5-18) from address LocalHost (Using LRPC) running in the application container Unavailable SID (Unavailable). This security permission can be modified using the Component Services administrative tool.\r\n","StringInserts":["application-specific","Local","Launch","Windows.SecurityCenter.WscBrokerManager","Unavailable","NT AUTHORITY","SYSTEM","S-1-5-18","LocalHost (Using LRPC)","Unavailable","Unavailable"]}
{"RecordNumber":17746,"TimeGenerated":"2025-06-23 17:24:46 +0700","TimeWritten":"2025-06-23 17:24:46 +0700","EventID":10016,"Qualifiers":0,"EventType":"Warning","EventCategory":0,"Channel":"System","SourceName":"DCOM","ComputerName":"DESKTOP-RB8ENUF","Data":"","Sid":"S-1-5-18","Message":"The application-specific permission settings do not grant Local Launch permission for the COM Server application with CLSID \r\nWindows.SecurityCenter.SecurityAppBroker\r\n and APPID \r\nUnavailable\r\n to the user NT AUTHORITY\\SYSTEM SID (S-1-5-18) from address LocalHost (Using LRPC) running in the application container Unavailable SID (Unavailable). This security permission can be modified using the Component Services administrative tool.\r\n","StringInserts":["application-specific","Local","Launch","Windows.SecurityCenter.SecurityAppBroker","Unavailable","NT AUTHORITY","SYSTEM","S-1-5-18","LocalHost (Using LRPC)","Unavailable","Unavailable"]}
{"RecordNumber":17747,"TimeGenerated":"2025-06-23 17:26:28 +0700","TimeWritten":"2025-06-23 17:26:28 +0700","EventID":5,"Qualifiers":49152,"EventType":"Error","EventCategory":0,"Channel":"System","SourceName":"vsdatant","ComputerName":"DESKTOP-RB8ENUF","Data":"000000000300280000000000050000c0000000000000000000000000000000000000000000000000","Sid":"","Message":"Process \\??\\C:\\Program Files (x86)\\CheckPoint\\Endpoint Connect\\TrGUI.exe (pid 20448) is signed by Check Point but it will be allowed because there are no rules for it.\r\n","StringInserts":["\\Device\\vsdatant","20448","\\??\\C:\\Program Files (x86)\\CheckPoint\\Endpoint Connect\\TrGUI.exe"]}
{"RecordNumber":17748,"TimeGenerated":"2025-06-23 17:26:29 +0700","TimeWritten":"2025-06-23 17:26:29 +0700","EventID":5,"Qualifiers":49152,"EventType":"Error","EventCategory":0,"Channel":"System","SourceName":"vsdatant","ComputerName":"DESKTOP-RB8ENUF","Data":"000000000300280000000000050000c0000000000000000000000000000000000000000000000000","Sid":"","Message":"Process \\??\\C:\\Program Files (x86)\\CheckPoint\\Endpoint Connect\\DAAW.exe (pid 3080) is signed by Check Point but it will be allowed because there are no rules for it.\r\n","StringInserts":["\\Device\\vsdatant","3080","\\??\\C:\\Program Files (x86)\\CheckPoint\\Endpoint Connect\\DAAW.exe"]}
{"RecordNumber":17749,"TimeGenerated":"2025-06-23 17:26:53 +0700","TimeWritten":"2025-06-23 17:26:53 +0700","EventID":7040,"Qualifiers":16384,"EventType":"Information","EventCategory":0,"Channel":"System","SourceName":"Service Control Manager","ComputerName":"DESKTOP-RB8ENUF","Data":"","Sid":"S-1-5-18","Message":"The start type of the Background Intelligent Transfer Service service was changed from auto start to demand start.\r\n","StringInserts":["Background Intelligent Transfer Service","auto start","demand start","BITS"]}
{"RecordNumber":17750,"TimeGenerated":"2025-06-23 17:27:36 +0700","TimeWritten":"2025-06-23 17:27:36 +0700","EventID":7036,"Qualifiers":16384,"EventType":"Information","EventCategory":0,"Channel":"System","SourceName":"VfpExt","ComputerName":"DESKTOP-RB8ENUF","Data":"0000000002002c00000000007c1b0040000000000000000000000000000000000000000000000000","Sid":"","Message":"The  service entered the Driver load start state.\r\n","StringInserts":["","Driver load start"]}
{"RecordNumber":17751,"TimeGenerated":"2025-06-23 17:27:36 +0700","TimeWritten":"2025-06-23 17:27:36 +0700","EventID":7036,"Qualifiers":16384,"EventType":"Information","EventCategory":0,"Channel":"System","SourceName":"VfpExt","ComputerName":"DESKTOP-RB8ENUF","Data":"0000040002003000000000007c1b004000000000000000000000000000000000000000000000000054000600","Sid":"","Message":"The  service entered the Driver load complete state.\r\n","StringInserts":["","Driver load complete"]}
{"RecordNumber":17752,"TimeGenerated":"2025-06-23 17:27:37 +0700","TimeWritten":"2025-06-23 17:27:37 +0700","EventID":1796,"Qualifiers":0,"EventType":"Error","EventCategory":0,"Channel":"System","SourceName":"Microsoft-Windows-TPM-WMI","ComputerName":"DESKTOP-RB8ENUF","Data":"","Sid":"S-1-5-18","Message":"The Secure Boot update failed to update a Secure Boot variable with error -2147020471. For more information, please see https://go.microsoft.com/fwlink/?linkid=2169931\r\n","StringInserts":["-2147020471"]}
{"RecordNumber":17753,"TimeGenerated":"2025-06-23 17:27:37 +0700","TimeWritten":"2025-06-23 17:27:37 +0700","EventID":1796,"Qualifiers":0,"EventType":"Error","EventCategory":0,"Channel":"System","SourceName":"Microsoft-Windows-TPM-WMI","ComputerName":"DESKTOP-RB8ENUF","Data":"","Sid":"S-1-5-18","Message":"The Secure Boot update failed to update a Secure Boot variable with error -2147020471. For more information, please see https://go.microsoft.com/fwlink/?linkid=2169931\r\n","StringInserts":["-2147020471"]}
{"RecordNumber":17754,"TimeGenerated":"2025-06-23 17:30:37 +0700","TimeWritten":"2025-06-23 17:30:37 +0700","EventID":7040,"Qualifiers":16384,"EventType":"Information","EventCategory":0,"Channel":"System","SourceName":"Service Control Manager","ComputerName":"DESKTOP-RB8ENUF","Data":"","Sid":"S-1-5-18","Message":"The start type of the Background Intelligent Transfer Service service was changed from demand start to auto start.\r\n","StringInserts":["Background Intelligent Transfer Service","demand start","auto start","BITS"]}
{"RecordNumber":17755,"TimeGenerated":"2025-06-23 17:32:49 +0700","TimeWritten":"2025-06-23 17:32:49 +0700","EventID":7040,"Qualifiers":16384,"EventType":"Information","EventCategory":0,"Channel":"System","SourceName":"Service Control Manager","ComputerName":"DESKTOP-RB8ENUF","Data":"","Sid":"S-1-5-18","Message":"The start type of the Background Intelligent Transfer Service service was changed from auto start to demand start.\r\n","StringInserts":["Background Intelligent Transfer Service","auto start","demand start","BITS"]}
{"RecordNumber":17756,"TimeGenerated":"2025-06-23 17:33:03 +0700","TimeWritten":"2025-06-23 17:33:03 +0700","EventID":44,"Qualifiers":0,"EventType":"Information","EventCategory":1,"Channel":"System","SourceName":"Microsoft-Windows-WindowsUpdateClient","ComputerName":"DESKTOP-RB8ENUF","Data":"","Sid":"S-1-5-18","Message":"Windows Update started downloading an update.\r\n","StringInserts":["Security Intelligence Update for Microsoft Defender Antivirus - KB2267602 (Version 1.431.165.0) - Current Channel (Broad)","{669ead46-b394-49e1-b2b6-13eaaee56d0a}","200"]}
{"RecordNumber":17757,"TimeGenerated":"2025-06-23 17:33:03 +0700","TimeWritten":"2025-06-23 17:33:03 +0700","EventID":43,"Qualifiers":0,"EventType":"Information","EventCategory":1,"Channel":"System","SourceName":"Microsoft-Windows-WindowsUpdateClient","ComputerName":"DESKTOP-RB8ENUF","Data":"","Sid":"S-1-5-18","Message":"Installation Started: Windows has started installing the following update: Security Intelligence Update for Microsoft Defender Antivirus - KB2267602 (Version 1.431.165.0) - Current Channel (Broad)\r\n","StringInserts":["Security Intelligence Update for Microsoft Defender Antivirus - KB2267602 (Version 1.431.165.0) - Current Channel (Broad)","{669ead46-b394-49e1-b2b6-13eaaee56d0a}","200"]}
{"RecordNumber":17758,"TimeGenerated":"2025-06-23 17:33:12 +0700","TimeWritten":"2025-06-23 17:33:12 +0700","EventID":19,"Qualifiers":0,"EventType":"Information","EventCategory":1,"Channel":"System","SourceName":"Microsoft-Windows-WindowsUpdateClient","ComputerName":"DESKTOP-RB8ENUF","Data":"","Sid":"S-1-5-18","Message":"Installation Successful: Windows successfully installed the following update: Security Intelligence Update for Microsoft Defender Antivirus - KB2267602 (Version 1.431.165.0) - Current Channel (Broad)\r\n","StringInserts":["Security Intelligence Update for Microsoft Defender Antivirus - KB2267602 (Version 1.431.165.0) - Current Channel (Broad)","{669ead46-b394-49e1-b2b6-13eaaee56d0a}","200","{9482f4b4-e343-43b6-b170-9a65bc822c77}"]}
{"RecordNumber":17759,"TimeGenerated":"2025-06-23 17:33:43 +0700","TimeWritten":"2025-06-23 17:33:43 +0700","EventID":16,"Qualifiers":0,"EventType":"Information","EventCategory":0,"Channel":"System","SourceName":"Microsoft-Windows-Kernel-General","ComputerName":"DESKTOP-RB8ENUF","Data":"","Sid":"S-1-5-18","Message":"","StringInserts":["154","\\??\\C:\\ProgramData\\Microsoft\\Windows\\AppRepository\\Packages\\MicrosoftCorporationII.WindowsSubsystemForLinux_2.5.9.0_x64__8wekyb3d8bbwe\\ActivationStore.dat","0","0"]}
{"RecordNumber":17760,"TimeGenerated":"2025-06-23 17:33:43 +0700","TimeWritten":"2025-06-23 17:33:43 +0700","EventID":7045,"Qualifiers":16384,"EventType":"Information","EventCategory":0,"Channel":"System","SourceName":"Service Control Manager","ComputerName":"DESKTOP-RB8ENUF","Data":"","Sid":"S-1-5-18","Message":"A service was installed in the system.\r\n\r\nService Name:  Windows Subsystem for Linux\r\nService File Name:  C:\\Program Files\\WindowsApps\\MicrosoftCorporationII.WindowsSubsystemForLinux_2.5.9.0_x64__8wekyb3d8bbwe\\wslinstaller.exe\r\nService Type:  user mode service\r\nService Start Type:  auto start\r\nService Account:  LocalSystem\r\n","StringInserts":["Windows Subsystem for Linux","C:\\Program Files\\WindowsApps\\MicrosoftCorporationII.WindowsSubsystemForLinux_2.5.9.0_x64__8wekyb3d8bbwe\\wslinstaller.exe","user mode service","auto start","LocalSystem"]}
{"RecordNumber":17761,"TimeGenerated":"2025-06-23 17:33:52 +0700","TimeWritten":"2025-06-23 17:33:52 +0700","EventID":7045,"Qualifiers":16384,"EventType":"Information","EventCategory":0,"Channel":"System","SourceName":"Service Control Manager","ComputerName":"DESKTOP-RB8ENUF","Data":"","Sid":"S-1-5-18","Message":"A service was installed in the system.\r\n\r\nService Name:  WSL Service\r\nService File Name:  \"C:\\Program Files\\WSL\\wslservice.exe\"\r\nService Type:  user mode service\r\nService Start Type:  auto start\r\nService Account:  LocalSystem\r\n","StringInserts":["WSL Service","\"C:\\Program Files\\WSL\\wslservice.exe\"","user mode service","auto start","LocalSystem"]}
{"RecordNumber":17762,"TimeGenerated":"2025-06-23 17:34:00 +0700","TimeWritten":"2025-06-23 17:34:00 +0700","EventID":7045,"Qualifiers":16384,"EventType":"Information","EventCategory":0,"Channel":"System","SourceName":"Service Control Manager","ComputerName":"DESKTOP-RB8ENUF","Data":"","Sid":"S-1-5-18","Message":"A service was installed in the system.\r\n\r\nService Name:  VMSMP\r\nService File Name:  \\SystemRoot\\System32\\drivers\\vmswitch.sys\r\nService Type:  kernel mode driver\r\nService Start Type:  demand start\r\nService Account:  \r\n","StringInserts":["VMSMP","\\SystemRoot\\System32\\drivers\\vmswitch.sys","kernel mode driver","demand start",""]}
{"RecordNumber":17763,"TimeGenerated":"2025-06-23 17:34:00 +0700","TimeWritten":"2025-06-23 17:34:00 +0700","EventID":233,"Qualifiers":0,"EventType":"Information","EventCategory":0,"Channel":"System","SourceName":"Microsoft-Windows-Hyper-V-VmSwitch","ComputerName":"DESKTOP-RB8ENUF","Data":"","Sid":"","Message":"The operation '7' succeeded on nic B36A3EE9-E4C2-4344-A844-8F5162661079 (Friendly Name: WSL).\r\n","StringInserts":["36","B36A3EE9-E4C2-4344-A844-8F5162661079","3","WSL","7"]}
{"RecordNumber":17764,"TimeGenerated":"2025-06-23 17:34:00 +0700","TimeWritten":"2025-06-23 17:34:00 +0700","EventID":232,"Qualifiers":0,"EventType":"Information","EventCategory":0,"Channel":"System","SourceName":"Microsoft-Windows-Hyper-V-VmSwitch","ComputerName":"DESKTOP-RB8ENUF","Data":"","Sid":"S-1-5-18","Message":"NIC B36A3EE9-E4C2-4344-A844-8F5162661079 (Friendly Name: WSL) successfully connected to port B36A3EE9-E4C2-4344-A844-8F5162661079 (Friendly Name: WSL) on switch B36A3EE9-E4C2-4344-A844-8F5162661079(Friendly Name: WSL).\r\n","StringInserts":["36","B36A3EE9-E4C2-4344-A844-8F5162661079","3","WSL","36","B36A3EE9-E4C2-4344-A844-8F5162661079","3","WSL","36","B36A3EE9-E4C2-4344-A844-8F5162661079","3","WSL"]}
{"RecordNumber":17765,"TimeGenerated":"2025-06-23 17:34:00 +0700","TimeWritten":"2025-06-23 17:34:00 +0700","EventID":9,"Qualifiers":0,"EventType":"Information","EventCategory":1005,"Channel":"System","SourceName":"Microsoft-Windows-Hyper-V-VmSwitch","ComputerName":"DESKTOP-RB8ENUF","Data":"","Sid":"S-1-5-18","Message":"Switch B36A3EE9-E4C2-4344-A844-8F5162661079 (Friendly Name: WSL) successfully initialized.\r\n","StringInserts":["36","B36A3EE9-E4C2-4344-A844-8F5162661079","3","WSL","0","1"]}
{"RecordNumber":17766,"TimeGenerated":"2025-06-23 17:34:01 +0700","TimeWritten":"2025-06-23 17:34:01 +0700","EventID":264,"Qualifiers":0,"EventType":"Information","EventCategory":0,"Channel":"System","SourceName":"Microsoft-Windows-Hyper-V-VmSwitch","ComputerName":"DESKTOP-RB8ENUF","Data":"","Sid":"S-1-5-18","Message":"Port D6F07F9E-5E1A-4C35-960F-ACBB3F964D45 (Friendly Name: Container NIC d291bd94) successfully created on switch B36A3EE9-E4C2-4344-A844-8F5162661079 (Friendly Name: WSL).\r\n","StringInserts":["36","D6F07F9E-5E1A-4C35-960F-ACBB3F964D45","22","Container NIC d291bd94","36","B36A3EE9-E4C2-4344-A844-8F5162661079","3","WSL","1","1"]}
{"RecordNumber":17767,"TimeGenerated":"2025-06-23 17:34:01 +0700","TimeWritten":"2025-06-23 17:34:01 +0700","EventID":7045,"Qualifiers":16384,"EventType":"Information","EventCategory":0,"Channel":"System","SourceName":"Service Control Manager","ComputerName":"DESKTOP-RB8ENUF","Data":"","Sid":"S-1-5-18","Message":"A service was installed in the system.\r\n\r\nService Name:  VMSNPXYMP\r\nService File Name:  \\SystemRoot\\System32\\drivers\\VmsProxyHNic.sys\r\nService Type:  kernel mode driver\r\nService Start Type:  demand start\r\nService Account:  \r\n","StringInserts":["VMSNPXYMP","\\SystemRoot\\System32\\drivers\\VmsProxyHNic.sys","kernel mode driver","demand start",""]}
{"RecordNumber":17768,"TimeGenerated":"2025-06-23 17:34:02 +0700","TimeWritten":"2025-06-23 17:34:02 +0700","EventID":233,"Qualifiers":0,"EventType":"Information","EventCategory":0,"Channel":"System","SourceName":"Microsoft-Windows-Hyper-V-VmSwitch","ComputerName":"DESKTOP-RB8ENUF","Data":"","Sid":"","Message":"The operation '7' succeeded on nic 60219CB2-543E-4DF2-926E-F3E32B00B22B (Friendly Name: WSL).\r\n","StringInserts":["36","60219CB2-543E-4DF2-926E-F3E32B00B22B","3","WSL","7"]}
{"RecordNumber":17769,"TimeGenerated":"2025-06-23 17:34:02 +0700","TimeWritten":"2025-06-23 17:34:02 +0700","EventID":7,"Qualifiers":0,"EventType":"Information","EventCategory":1004,"Channel":"System","SourceName":"Microsoft-Windows-Hyper-V-VmSwitch","ComputerName":"DESKTOP-RB8ENUF","Data":"","Sid":"S-1-5-18","Message":"Miniport NIC 60219CB2-543E-4DF2-926E-F3E32B00B22B (Friendly Name: WSL) successfully initialized.\r\n","StringInserts":["36","60219CB2-543E-4DF2-926E-F3E32B00B22B","3","WSL"]}
{"RecordNumber":17770,"TimeGenerated":"2025-06-23 17:34:02 +0700","TimeWritten":"2025-06-23 17:34:02 +0700","EventID":232,"Qualifiers":0,"EventType":"Information","EventCategory":0,"Channel":"System","SourceName":"Microsoft-Windows-Hyper-V-VmSwitch","ComputerName":"DESKTOP-RB8ENUF","Data":"","Sid":"S-1-5-18","Message":"NIC 60219CB2-543E-4DF2-926E-F3E32B00B22B (Friendly Name: WSL) successfully connected to port D6F07F9E-5E1A-4C35-960F-ACBB3F964D45 (Friendly Name: Container NIC d291bd94) on switch B36A3EE9-E4C2-4344-A844-8F5162661079(Friendly Name: WSL).\r\n","StringInserts":["36","60219CB2-543E-4DF2-926E-F3E32B00B22B","3","WSL","36","D6F07F9E-5E1A-4C35-960F-ACBB3F964D45","22","Container NIC d291bd94","36","B36A3EE9-E4C2-4344-A844-8F5162661079","3","WSL"]}
{"RecordNumber":17771,"TimeGenerated":"2025-06-23 17:34:02 +0700","TimeWritten":"2025-06-23 17:34:02 +0700","EventID":264,"Qualifiers":0,"EventType":"Information","EventCategory":0,"Channel":"System","SourceName":"Microsoft-Windows-Hyper-V-VmSwitch","ComputerName":"DESKTOP-RB8ENUF","Data":"","Sid":"S-1-5-18","Message":"Port A471DFE5-E2C1-46F9-BA45-612E7DBA7205 (Friendly Name: 0B51F8A9-1348-4EF5-BA4D-7A15F303C8E0) successfully created on switch B36A3EE9-E4C2-4344-A844-8F5162661079 (Friendly Name: WSL).\r\n","StringInserts":["36","A471DFE5-E2C1-46F9-BA45-612E7DBA7205","36","0B51F8A9-1348-4EF5-BA4D-7A15F303C8E0","36","B36A3EE9-E4C2-4344-A844-8F5162661079","3","WSL","0","1"]}
{"RecordNumber":17772,"TimeGenerated":"2025-06-23 17:34:03 +0700","TimeWritten":"2025-06-23 17:34:03 +0700","EventID":233,"Qualifiers":0,"EventType":"Information","EventCategory":0,"Channel":"System","SourceName":"Microsoft-Windows-Hyper-V-VmSwitch","ComputerName":"DESKTOP-RB8ENUF","Data":"","Sid":"","Message":"The operation '7' succeeded on nic D6E34142-BD61-419E-BC9D-0BA95094A8AE--0B51F8A9-1348-4EF5-BA4D-7A15F303C8E0 (Friendly Name: ).\r\n","StringInserts":["74","D6E34142-BD61-419E-BC9D-0BA95094A8AE--0B51F8A9-1348-4EF5-BA4D-7A15F303C8E0","1","","7"]}
{"RecordNumber":17773,"TimeGenerated":"2025-06-23 17:34:03 +0700","TimeWritten":"2025-06-23 17:34:03 +0700","EventID":232,"Qualifiers":0,"EventType":"Information","EventCategory":0,"Channel":"System","SourceName":"Microsoft-Windows-Hyper-V-VmSwitch","ComputerName":"DESKTOP-RB8ENUF","Data":"","Sid":"S-1-5-83-1-3605217602-1100922209-2836110780-2930283600","Message":"NIC D6E34142-BD61-419E-BC9D-0BA95094A8AE--0B51F8A9-1348-4EF5-BA4D-7A15F303C8E0 (Friendly Name: ) successfully connected to port A471DFE5-E2C1-46F9-BA45-612E7DBA7205 (Friendly Name: 0B51F8A9-1348-4EF5-BA4D-7A15F303C8E0) on switch B36A3EE9-E4C2-4344-A844-8F5162661079(Friendly Name: WSL).\r\n","StringInserts":["74","D6E34142-BD61-419E-BC9D-0BA95094A8AE--0B51F8A9-1348-4EF5-BA4D-7A15F303C8E0","0","","36","A471DFE5-E2C1-46F9-BA45-612E7DBA7205","36","0B51F8A9-1348-4EF5-BA4D-7A15F303C8E0","36","B36A3EE9-E4C2-4344-A844-8F5162661079","3","WSL"]}
{"RecordNumber":17774,"TimeGenerated":"2025-06-23 17:34:03 +0700","TimeWritten":"2025-06-23 17:34:03 +0700","EventID":102,"Qualifiers":0,"EventType":"Information","EventCategory":1019,"Channel":"System","SourceName":"Microsoft-Windows-Hyper-V-VmSwitch","ComputerName":"DESKTOP-RB8ENUF","Data":"","Sid":"S-1-5-18","Message":"Networking driver in Virtual Machine is loaded and the protocol version is negotiated to the most recent version (Virtual machine ID D6E34142-BD61-419E-BC9D-0BA95094A8AE).\r\n","StringInserts":["15","Virtual Machine","36","D6E34142-BD61-419E-BC9D-0BA95094A8AE"]}
{"RecordNumber":17775,"TimeGenerated":"2025-06-23 17:36:01 +0700","TimeWritten":"2025-06-23 17:36:01 +0700","EventID":234,"Qualifiers":0,"EventType":"Information","EventCategory":0,"Channel":"System","SourceName":"Microsoft-Windows-Hyper-V-VmSwitch","ComputerName":"DESKTOP-RB8ENUF","Data":"","Sid":"S-1-5-83-1-3605217602-1100922209-2836110780-2930283600","Message":"NIC D6E34142-BD61-419E-BC9D-0BA95094A8AE--0B51F8A9-1348-4EF5-BA4D-7A15F303C8E0 successfully disconnected from port .\r\n","StringInserts":["74","D6E34142-BD61-419E-BC9D-0BA95094A8AE--0B51F8A9-1348-4EF5-BA4D-7A15F303C8E0","1",""]}
{"RecordNumber":17776,"TimeGenerated":"2025-06-23 17:36:01 +0700","TimeWritten":"2025-06-23 17:36:01 +0700","EventID":233,"Qualifiers":0,"EventType":"Information","EventCategory":0,"Channel":"System","SourceName":"Microsoft-Windows-Hyper-V-VmSwitch","ComputerName":"DESKTOP-RB8ENUF","Data":"","Sid":"S-1-5-83-1-3605217602-1100922209-2836110780-2930283600","Message":"The operation '8' succeeded on nic D6E34142-BD61-419E-BC9D-0BA95094A8AE--0B51F8A9-1348-4EF5-BA4D-7A15F303C8E0 (Friendly Name: ).\r\n","StringInserts":["74","D6E34142-BD61-419E-BC9D-0BA95094A8AE--0B51F8A9-1348-4EF5-BA4D-7A15F303C8E0","0","","8"]}
{"RecordNumber":17777,"TimeGenerated":"2025-06-23 17:41:52 +0700","TimeWritten":"2025-06-23 17:41:52 +0700","EventID":16,"Qualifiers":0,"EventType":"Information","EventCategory":0,"Channel":"System","SourceName":"Microsoft-Windows-Kernel-General","ComputerName":"DESKTOP-RB8ENUF","Data":"","Sid":"S-1-5-18","Message":"","StringInserts":["85","\\??\\C:\\ProgramData\\Microsoft\\Provisioning\\Microsoft-Desktop-Provisioning-Sequence.dat","0","0"]}
{"RecordNumber":17778,"TimeGenerated":"2025-06-23 17:42:34 +0700","TimeWritten":"2025-06-23 17:42:34 +0700","EventID":7040,"Qualifiers":16384,"EventType":"Information","EventCategory":0,"Channel":"System","SourceName":"Service Control Manager","ComputerName":"DESKTOP-RB8ENUF","Data":"","Sid":"S-1-5-18","Message":"The start type of the Background Intelligent Transfer Service service was changed from demand start to auto start.\r\n","StringInserts":["Background Intelligent Transfer Service","demand start","auto start","BITS"]}
{"RecordNumber":17779,"TimeGenerated":"2025-06-23 17:44:38 +0700","TimeWritten":"2025-06-23 17:44:38 +0700","EventID":7040,"Qualifiers":16384,"EventType":"Information","EventCategory":0,"Channel":"System","SourceName":"Service Control Manager","ComputerName":"DESKTOP-RB8ENUF","Data":"","Sid":"S-1-5-18","Message":"The start type of the Background Intelligent Transfer Service service was changed from auto start to demand start.\r\n","StringInserts":["Background Intelligent Transfer Service","auto start","demand start","BITS"]}
{"RecordNumber":17780,"TimeGenerated":"2025-06-23 17:47:25 +0700","TimeWritten":"2025-06-23 17:47:25 +0700","EventID":16,"Qualifiers":0,"EventType":"Information","EventCategory":0,"Channel":"System","SourceName":"Microsoft-Windows-Kernel-General","ComputerName":"DESKTOP-RB8ENUF","Data":"","Sid":"S-1-5-18","Message":"","StringInserts":["106","\\??\\C:\\Users\\Admin\\AppData\\Local\\Packages\\Microsoft.WindowsFeedbackHub_8wekyb3d8bbwe\\Settings\\settings.dat","2","1"]}
{"RecordNumber":17781,"TimeGenerated":"2025-06-23 22:24:24 +0700","TimeWritten":"2025-06-23 22:24:24 +0700","EventID":7040,"Qualifiers":16384,"EventType":"Information","EventCategory":0,"Channel":"System","SourceName":"Service Control Manager","ComputerName":"DESKTOP-RB8ENUF","Data":"","Sid":"S-1-5-18","Message":"The start type of the Background Intelligent Transfer Service service was changed from demand start to auto start.\r\n","StringInserts":["Background Intelligent Transfer Service","demand start","auto start","BITS"]}
{"RecordNumber":17782,"TimeGenerated":"2025-06-23 22:26:36 +0700","TimeWritten":"2025-06-23 22:26:36 +0700","EventID":7040,"Qualifiers":16384,"EventType":"Information","EventCategory":0,"Channel":"System","SourceName":"Service Control Manager","ComputerName":"DESKTOP-RB8ENUF","Data":"","Sid":"S-1-5-18","Message":"The start type of the Background Intelligent Transfer Service service was changed from auto start to demand start.\r\n","StringInserts":["Background Intelligent Transfer Service","auto start","demand start","BITS"]}
{"RecordNumber":17783,"TimeGenerated":"2025-06-24 01:00:43 +0700","TimeWritten":"2025-06-24 01:00:43 +0700","EventID":7040,"Qualifiers":16384,"EventType":"Information","EventCategory":0,"Channel":"System","SourceName":"Service Control Manager","ComputerName":"DESKTOP-RB8ENUF","Data":"","Sid":"S-1-5-18","Message":"The start type of the Background Intelligent Transfer Service service was changed from demand start to auto start.\r\n","StringInserts":["Background Intelligent Transfer Service","demand start","auto start","BITS"]}
{"RecordNumber":17784,"TimeGenerated":"2025-06-24 01:02:47 +0700","TimeWritten":"2025-06-24 01:02:47 +0700","EventID":7040,"Qualifiers":16384,"EventType":"Information","EventCategory":0,"Channel":"System","SourceName":"Service Control Manager","ComputerName":"DESKTOP-RB8ENUF","Data":"","Sid":"S-1-5-18","Message":"The start type of the Background Intelligent Transfer Service service was changed from auto start to demand start.\r\n","StringInserts":["Background Intelligent Transfer Service","auto start","demand start","BITS"]}
{"RecordNumber":17785,"TimeGenerated":"2025-06-24 01:22:48 +0700","TimeWritten":"2025-06-24 01:22:48 +0700","EventID":158,"Qualifiers":0,"EventType":"Information","EventCategory":0,"Channel":"System","SourceName":"Microsoft-Windows-Time-Service","ComputerName":"DESKTOP-RB8ENUF","Data":"","Sid":"S-1-5-19","Message":"The time provider 'VMICTimeProvider' has indicated that the current hardware and operating environment is not supported and has stopped. This behavior is expected for VMICTimeProvider on non-HyperV-guest environments. This may be the expected behavior for the current provider in the current operating environment as well.\r\n","StringInserts":["VMICTimeProvider"]}
{"RecordNumber":17786,"TimeGenerated":"2025-06-24 01:22:50 +0700","TimeWritten":"2025-06-24 01:22:50 +0700","EventID":37,"Qualifiers":0,"EventType":"Information","EventCategory":0,"Channel":"System","SourceName":"Microsoft-Windows-Time-Service","ComputerName":"DESKTOP-RB8ENUF","Data":"","Sid":"S-1-5-19","Message":"The time provider NtpClient is currently receiving valid time data from time.windows.com,0x9 (ntp.m|0x9|0.0.0.0:123->20.189.79.72:123).\r\n","StringInserts":["time.windows.com,0x9 (ntp.m|0x9|0.0.0.0:123->20.189.79.72:123)"]}
{"RecordNumber":17787,"TimeGenerated":"2025-06-24 01:23:02 +0700","TimeWritten":"2025-06-24 01:23:02 +0700","EventID":24,"Qualifiers":0,"EventType":"Information","EventCategory":11,"Channel":"System","SourceName":"Microsoft-Windows-Kernel-General","ComputerName":"DESKTOP-RB8ENUF","Data":"","Sid":"S-1-5-19","Message":"","StringInserts":["0","-420","0","0","0"]}
{"RecordNumber":17788,"TimeGenerated":"2025-06-24 01:23:02 +0700","TimeWritten":"2025-06-24 01:23:02 +0700","EventID":1,"Qualifiers":0,"EventType":"Information","EventCategory":5,"Channel":"System","SourceName":"Microsoft-Windows-Kernel-General","ComputerName":"DESKTOP-RB8ENUF","Data":"","Sid":"S-1-5-19","Message":"Possible detection of CVE: 2025-06-23T18:23:02.4182802Z\r\nAdditional Information: 2025-06-23T18:23:04.6223103Z\r\n\r\nThis Event is generated when an attempt to exploit a known vulnerability (2025-06-23T18:23:02.4182802Z) is detected.\r\nThis Event is raised by a User mode process.\r\n\r\n","StringInserts":["2025-06-23T18:23:02.4182802Z","2025-06-23T18:23:04.6223103Z","1","\\Device\\HarddiskVolume7\\Windows\\System32\\svchost.exe","10332"]}
{"RecordNumber":17789,"TimeGenerated":"2025-06-24 01:23:02 +0700","TimeWritten":"2025-06-24 01:23:02 +0700","EventID":35,"Qualifiers":0,"EventType":"Information","EventCategory":0,"Channel":"System","SourceName":"Microsoft-Windows-Time-Service","ComputerName":"DESKTOP-RB8ENUF","Data":"","Sid":"S-1-5-19","Message":"The time service is now synchronizing the system time with the time source time.windows.com,0x9 (ntp.m|0x9|0.0.0.0:123->20.189.79.72:123) with reference id 1213185300. Current local stratum number is 4.\r\n","StringInserts":["time.windows.com,0x9 (ntp.m|0x9|0.0.0.0:123->20.189.79.72:123)","1213185300","4"]}
{"RecordNumber":17790,"TimeGenerated":"2025-06-24 01:23:02 +0700","TimeWritten":"2025-06-24 01:23:02 +0700","EventID":24,"Qualifiers":0,"EventType":"Information","EventCategory":11,"Channel":"System","SourceName":"Microsoft-Windows-Kernel-General","ComputerName":"DESKTOP-RB8ENUF","Data":"","Sid":"S-1-5-19","Message":"","StringInserts":["0","-420","0","0","0"]}
{"RecordNumber":17791,"TimeGenerated":"2025-06-24 01:23:02 +0700","TimeWritten":"2025-06-24 01:23:02 +0700","EventID":1,"Qualifiers":0,"EventType":"Information","EventCategory":5,"Channel":"System","SourceName":"Microsoft-Windows-Kernel-General","ComputerName":"DESKTOP-RB8ENUF","Data":"","Sid":"S-1-5-19","Message":"Possible detection of CVE: 2025-06-23T18:23:02.4235388Z\r\nAdditional Information: 2025-06-23T18:23:02.4233322Z\r\n\r\nThis Event is generated when an attempt to exploit a known vulnerability (2025-06-23T18:23:02.4235388Z) is detected.\r\nThis Event is raised by a User mode process.\r\n\r\n","StringInserts":["2025-06-23T18:23:02.4235388Z","2025-06-23T18:23:02.4233322Z","1","\\Device\\HarddiskVolume7\\Windows\\System32\\svchost.exe","10332"]}
{"RecordNumber":17792,"TimeGenerated":"2025-06-24 01:23:02 +0700","TimeWritten":"2025-06-24 01:23:02 +0700","EventID":24,"Qualifiers":0,"EventType":"Information","EventCategory":11,"Channel":"System","SourceName":"Microsoft-Windows-Kernel-General","ComputerName":"DESKTOP-RB8ENUF","Data":"","Sid":"S-1-5-19","Message":"","StringInserts":["0","-420","0","0","0"]}
{"RecordNumber":17793,"TimeGenerated":"2025-06-24 01:23:02 +0700","TimeWritten":"2025-06-24 01:23:02 +0700","EventID":1,"Qualifiers":0,"EventType":"Information","EventCategory":5,"Channel":"System","SourceName":"Microsoft-Windows-Kernel-General","ComputerName":"DESKTOP-RB8ENUF","Data":"","Sid":"S-1-5-19","Message":"Possible detection of CVE: 2025-06-23T18:23:02.4259250Z\r\nAdditional Information: 2025-06-23T18:23:02.4258225Z\r\n\r\nThis Event is generated when an attempt to exploit a known vulnerability (2025-06-23T18:23:02.4259250Z) is detected.\r\nThis Event is raised by a User mode process.\r\n\r\n","StringInserts":["2025-06-23T18:23:02.4259250Z","2025-06-23T18:23:02.4258225Z","1","\\Device\\HarddiskVolume7\\Windows\\System32\\svchost.exe","10332"]}
{"RecordNumber":17794,"TimeGenerated":"2025-06-24 03:24:12 +0700","TimeWritten":"2025-06-24 03:24:12 +0700","EventID":7040,"Qualifiers":16384,"EventType":"Information","EventCategory":0,"Channel":"System","SourceName":"Service Control Manager","ComputerName":"DESKTOP-RB8ENUF","Data":"","Sid":"S-1-5-18","Message":"The start type of the Background Intelligent Transfer Service service was changed from demand start to auto start.\r\n","StringInserts":["Background Intelligent Transfer Service","demand start","auto start","BITS"]}
{"RecordNumber":17795,"TimeGenerated":"2025-06-24 03:26:42 +0700","TimeWritten":"2025-06-24 03:26:42 +0700","EventID":7040,"Qualifiers":16384,"EventType":"Information","EventCategory":0,"Channel":"System","SourceName":"Service Control Manager","ComputerName":"DESKTOP-RB8ENUF","Data":"","Sid":"S-1-5-18","Message":"The start type of the Background Intelligent Transfer Service service was changed from auto start to demand start.\r\n","StringInserts":["Background Intelligent Transfer Service","auto start","demand start","BITS"]}
{"RecordNumber":17796,"TimeGenerated":"2025-06-24 04:23:15 +0700","TimeWritten":"2025-06-24 04:23:15 +0700","EventID":2,"Qualifiers":0,"EventType":"Information","EventCategory":0,"Channel":"System","SourceName":"Microsoft-Windows-IsolatedUserMode","ComputerName":"DESKTOP-RB8ENUF","Data":"","Sid":"S-1-5-21-3306260603-718234045-292622573-1001","Message":"Secure Trustlet Id 0 and Pid 0 stopped with status 0.\r\n","StringInserts":["0","0","0"]}
{"RecordNumber":17797,"TimeGenerated":"2025-06-24 04:23:15 +0700","TimeWritten":"2025-06-24 04:23:15 +0700","EventID":5,"Qualifiers":0,"EventType":"Information","EventCategory":0,"Channel":"System","SourceName":"Microsoft-Windows-IsolatedUserMode","ComputerName":"DESKTOP-RB8ENUF","Data":"","Sid":"S-1-5-21-3306260603-718234045-292622573-1001","Message":"Secure Trustlet NULL Id 0 and Pid 0 started with status 0.\r\n","StringInserts":["0","0","0","NULL"]}
{"RecordNumber":17798,"TimeGenerated":"2025-06-24 04:51:02 +0700","TimeWritten":"2025-06-24 04:51:02 +0700","EventID":16,"Qualifiers":0,"EventType":"Information","EventCategory":0,"Channel":"System","SourceName":"Microsoft-Windows-Kernel-General","ComputerName":"DESKTOP-RB8ENUF","Data":"","Sid":"S-1-5-18","Message":"","StringInserts":["41","\\??\\C:\\Windows\\System32\\config\\COMPONENTS","64119","7756"]}
{"RecordNumber":17799,"TimeGenerated":"2025-06-24 05:27:37 +0700","TimeWritten":"2025-06-24 05:27:37 +0700","EventID":1796,"Qualifiers":0,"EventType":"Error","EventCategory":0,"Channel":"System","SourceName":"Microsoft-Windows-TPM-WMI","ComputerName":"DESKTOP-RB8ENUF","Data":"","Sid":"S-1-5-18","Message":"The Secure Boot update failed to update a Secure Boot variable with error -2147020471. For more information, please see https://go.microsoft.com/fwlink/?linkid=2169931\r\n","StringInserts":["-2147020471"]}
