{"RecordNumber":24205,"TimeGenerated":"2025-06-29 11:25:41 +0700","TimeWritten":"2025-06-29 11:25:41 +0700","EventID":16394,"Qualifiers":49152,"EventType":"Information","EventCategory":0,"Channel":"Application","SourceName":"Software Protection Platform Service","ComputerName":"DESKTOP-RB8ENUF","Data":"","Sid":"","Message":"Offline downlevel migration succeeded.\r\n","StringInserts":[]}
{"RecordNumber":24206,"TimeGenerated":"2025-06-29 11:26:14 +0700","TimeWritten":"2025-06-29 11:26:14 +0700","EventID":16384,"Qualifiers":16384,"EventType":"Information","EventCategory":0,"Channel":"Application","SourceName":"Software Protection Platform Service","ComputerName":"DESKTOP-RB8ENUF","Data":"","Sid":"","Message":"Successfully scheduled Software Protection service for re-start at 2025-07-02T06:42:14Z. Reason: RulesEngine.\r\n","StringInserts":["2025-07-02T06:42:14Z","RulesEngine"]}
{"RecordNumber":24207,"TimeGenerated":"2025-06-29 12:27:18 +0700","TimeWritten":"2025-06-29 12:27:18 +0700","EventID":16394,"Qualifiers":49152,"EventType":"Information","EventCategory":0,"Channel":"Application","SourceName":"Software Protection Platform Service","ComputerName":"DESKTOP-RB8ENUF","Data":"","Sid":"","Message":"Offline downlevel migration succeeded.\r\n","StringInserts":[]}
{"RecordNumber":24208,"TimeGenerated":"2025-06-29 12:27:49 +0700","TimeWritten":"2025-06-29 12:27:49 +0700","EventID":16384,"Qualifiers":16384,"EventType":"Information","EventCategory":0,"Channel":"Application","SourceName":"Software Protection Platform Service","ComputerName":"DESKTOP-RB8ENUF","Data":"","Sid":"","Message":"Successfully scheduled Software Protection service for re-start at 2025-07-02T06:42:49Z. Reason: RulesEngine.\r\n","StringInserts":["2025-07-02T06:42:49Z","RulesEngine"]}
{"RecordNumber":24209,"TimeGenerated":"2025-06-29 12:31:58 +0700","TimeWritten":"2025-06-29 12:31:58 +0700","EventID":0,"Qualifiers":0,"EventType":"Information","EventCategory":0,"Channel":"Application","SourceName":"coccoc","ComputerName":"DESKTOP-RB8ENUF","Data":"","Sid":"","Message":"","StringInserts":["Service stopped"]}
{"RecordNumber":24210,"TimeGenerated":"2025-06-29 13:23:10 +0700","TimeWritten":"2025-06-29 13:23:10 +0700","EventID":15,"Qualifiers":0,"EventType":"Information","EventCategory":0,"Channel":"Application","SourceName":"SecurityCenter","ComputerName":"DESKTOP-RB8ENUF","Data":"","Sid":"","Message":"Updated Windows Defender status successfully to SECURITY_PRODUCT_STATE_ON.\r\n","StringInserts":["Windows Defender","SECURITY_PRODUCT_STATE_ON"]}
{"RecordNumber":24211,"TimeGenerated":"2025-06-29 13:23:12 +0700","TimeWritten":"2025-06-29 13:23:12 +0700","EventID":15,"Qualifiers":0,"EventType":"Information","EventCategory":0,"Channel":"Application","SourceName":"SecurityCenter","ComputerName":"DESKTOP-RB8ENUF","Data":"","Sid":"","Message":"Updated Windows Defender status successfully to SECURITY_PRODUCT_STATE_ON.\r\n","StringInserts":["Windows Defender","SECURITY_PRODUCT_STATE_ON"]}
{"RecordNumber":24212,"TimeGenerated":"2025-06-29 13:26:49 +0700","TimeWritten":"2025-06-29 13:26:49 +0700","EventID":0,"Qualifiers":0,"EventType":"Information","EventCategory":0,"Channel":"Application","SourceName":"edgeupdate","ComputerName":"DESKTOP-RB8ENUF","Data":"","Sid":"","Message":"Service stopped.\r\n","StringInserts":["Service stopped"]}
{"RecordNumber":24213,"TimeGenerated":"2025-06-29 16:13:44 +0700","TimeWritten":"2025-06-29 16:13:44 +0700","EventID":16394,"Qualifiers":49152,"EventType":"Information","EventCategory":0,"Channel":"Application","SourceName":"Software Protection Platform Service","ComputerName":"DESKTOP-RB8ENUF","Data":"","Sid":"","Message":"Offline downlevel migration succeeded.\r\n","StringInserts":[]}
{"RecordNumber":24214,"TimeGenerated":"2025-06-29 16:14:17 +0700","TimeWritten":"2025-06-29 16:14:17 +0700","EventID":16384,"Qualifiers":16384,"EventType":"Information","EventCategory":0,"Channel":"Application","SourceName":"Software Protection Platform Service","ComputerName":"DESKTOP-RB8ENUF","Data":"","Sid":"","Message":"Successfully scheduled Software Protection service for re-start at 2025-07-02T06:42:17Z. Reason: RulesEngine.\r\n","StringInserts":["2025-07-02T06:42:17Z","RulesEngine"]}
{"RecordNumber":24215,"TimeGenerated":"2025-06-29 17:23:32 +0700","TimeWritten":"2025-06-29 17:23:32 +0700","EventID":16394,"Qualifiers":49152,"EventType":"Information","EventCategory":0,"Channel":"Application","SourceName":"Software Protection Platform Service","ComputerName":"DESKTOP-RB8ENUF","Data":"","Sid":"","Message":"Offline downlevel migration succeeded.\r\n","StringInserts":[]}
{"RecordNumber":24216,"TimeGenerated":"2025-06-29 17:24:03 +0700","TimeWritten":"2025-06-29 17:24:03 +0700","EventID":16384,"Qualifiers":16384,"EventType":"Information","EventCategory":0,"Channel":"Application","SourceName":"Software Protection Platform Service","ComputerName":"DESKTOP-RB8ENUF","Data":"","Sid":"","Message":"Successfully scheduled Software Protection service for re-start at 2025-07-02T06:43:03Z. Reason: RulesEngine.\r\n","StringInserts":["2025-07-02T06:43:03Z","RulesEngine"]}
{"RecordNumber":24217,"TimeGenerated":"2025-06-29 17:32:45 +0700","TimeWritten":"2025-06-29 17:32:45 +0700","EventID":16394,"Qualifiers":49152,"EventType":"Information","EventCategory":0,"Channel":"Application","SourceName":"Software Protection Platform Service","ComputerName":"DESKTOP-RB8ENUF","Data":"","Sid":"","Message":"Offline downlevel migration succeeded.\r\n","StringInserts":[]}
{"RecordNumber":24218,"TimeGenerated":"2025-06-29 17:32:47 +0700","TimeWritten":"2025-06-29 17:32:47 +0700","EventID":0,"Qualifiers":0,"EventType":"Information","EventCategory":0,"Channel":"Application","SourceName":"coccoc","ComputerName":"DESKTOP-RB8ENUF","Data":"","Sid":"","Message":"","StringInserts":["Service stopped"]}
{"RecordNumber":24219,"TimeGenerated":"2025-06-29 17:33:07 +0700","TimeWritten":"2025-06-29 17:33:07 +0700","EventID":15,"Qualifiers":0,"EventType":"Information","EventCategory":0,"Channel":"Application","SourceName":"SecurityCenter","ComputerName":"DESKTOP-RB8ENUF","Data":"","Sid":"","Message":"Updated Windows Defender status successfully to SECURITY_PRODUCT_STATE_ON.\r\n","StringInserts":["Windows Defender","SECURITY_PRODUCT_STATE_ON"]}
{"RecordNumber":24220,"TimeGenerated":"2025-06-29 17:33:09 +0700","TimeWritten":"2025-06-29 17:33:09 +0700","EventID":15,"Qualifiers":0,"EventType":"Information","EventCategory":0,"Channel":"Application","SourceName":"SecurityCenter","ComputerName":"DESKTOP-RB8ENUF","Data":"","Sid":"","Message":"Updated Windows Defender status successfully to SECURITY_PRODUCT_STATE_ON.\r\n","StringInserts":["Windows Defender","SECURITY_PRODUCT_STATE_ON"]}
{"RecordNumber":24221,"TimeGenerated":"2025-06-29 17:33:13 +0700","TimeWritten":"2025-06-29 17:33:13 +0700","EventID":15,"Qualifiers":0,"EventType":"Information","EventCategory":0,"Channel":"Application","SourceName":"SecurityCenter","ComputerName":"DESKTOP-RB8ENUF","Data":"","Sid":"","Message":"Updated Windows Defender status successfully to SECURITY_PRODUCT_STATE_ON.\r\n","StringInserts":["Windows Defender","SECURITY_PRODUCT_STATE_ON"]}
{"RecordNumber":24222,"TimeGenerated":"2025-06-29 17:33:33 +0700","TimeWritten":"2025-06-29 17:33:33 +0700","EventID":16384,"Qualifiers":16384,"EventType":"Information","EventCategory":0,"Channel":"Application","SourceName":"Software Protection Platform Service","ComputerName":"DESKTOP-RB8ENUF","Data":"","Sid":"","Message":"Successfully scheduled Software Protection service for re-start at 2025-07-02T06:42:33Z. Reason: RulesEngine.\r\n","StringInserts":["2025-07-02T06:42:33Z","RulesEngine"]}
{"RecordNumber":24223,"TimeGenerated":"2025-06-29 20:50:12 +0700","TimeWritten":"2025-06-29 20:50:12 +0700","EventID":16394,"Qualifiers":49152,"EventType":"Information","EventCategory":0,"Channel":"Application","SourceName":"Software Protection Platform Service","ComputerName":"DESKTOP-RB8ENUF","Data":"","Sid":"","Message":"Offline downlevel migration succeeded.\r\n","StringInserts":[]}
{"RecordNumber":24224,"TimeGenerated":"2025-06-29 20:50:43 +0700","TimeWritten":"2025-06-29 20:50:43 +0700","EventID":16384,"Qualifiers":16384,"EventType":"Information","EventCategory":0,"Channel":"Application","SourceName":"Software Protection Platform Service","ComputerName":"DESKTOP-RB8ENUF","Data":"","Sid":"","Message":"Successfully scheduled Software Protection service for re-start at 2025-07-02T06:42:43Z. Reason: RulesEngine.\r\n","StringInserts":["2025-07-02T06:42:43Z","RulesEngine"]}
{"RecordNumber":24225,"TimeGenerated":"2025-06-29 21:31:24 +0700","TimeWritten":"2025-06-29 21:31:24 +0700","EventID":16394,"Qualifiers":49152,"EventType":"Information","EventCategory":0,"Channel":"Application","SourceName":"Software Protection Platform Service","ComputerName":"DESKTOP-RB8ENUF","Data":"","Sid":"","Message":"Offline downlevel migration succeeded.\r\n","StringInserts":[]}
{"RecordNumber":24226,"TimeGenerated":"2025-06-29 21:32:05 +0700","TimeWritten":"2025-06-29 21:32:05 +0700","EventID":15,"Qualifiers":0,"EventType":"Information","EventCategory":0,"Channel":"Application","SourceName":"SecurityCenter","ComputerName":"DESKTOP-RB8ENUF","Data":"","Sid":"","Message":"Updated Windows Defender status successfully to SECURITY_PRODUCT_STATE_ON.\r\n","StringInserts":["Windows Defender","SECURITY_PRODUCT_STATE_ON"]}
{"RecordNumber":24227,"TimeGenerated":"2025-06-29 21:32:24 +0700","TimeWritten":"2025-06-29 21:32:24 +0700","EventID":16384,"Qualifiers":16384,"EventType":"Information","EventCategory":0,"Channel":"Application","SourceName":"Software Protection Platform Service","ComputerName":"DESKTOP-RB8ENUF","Data":"","Sid":"","Message":"Successfully scheduled Software Protection service for re-start at 2025-07-02T06:42:24Z. Reason: RulesEngine.\r\n","StringInserts":["2025-07-02T06:42:24Z","RulesEngine"]}
{"RecordNumber":24228,"TimeGenerated":"2025-06-29 22:31:24 +0700","TimeWritten":"2025-06-29 22:31:24 +0700","EventID":16394,"Qualifiers":49152,"EventType":"Information","EventCategory":0,"Channel":"Application","SourceName":"Software Protection Platform Service","ComputerName":"DESKTOP-RB8ENUF","Data":"","Sid":"","Message":"Offline downlevel migration succeeded.\r\n","StringInserts":[]}
{"RecordNumber":24229,"TimeGenerated":"2025-06-29 22:31:55 +0700","TimeWritten":"2025-06-29 22:31:55 +0700","EventID":16384,"Qualifiers":16384,"EventType":"Information","EventCategory":0,"Channel":"Application","SourceName":"Software Protection Platform Service","ComputerName":"DESKTOP-RB8ENUF","Data":"","Sid":"","Message":"Successfully scheduled Software Protection service for re-start at 2025-07-02T06:42:55Z. Reason: RulesEngine.\r\n","StringInserts":["2025-07-02T06:42:55Z","RulesEngine"]}
{"RecordNumber":24230,"TimeGenerated":"2025-06-29 22:32:30 +0700","TimeWritten":"2025-06-29 22:32:30 +0700","EventID":0,"Qualifiers":0,"EventType":"Information","EventCategory":0,"Channel":"Application","SourceName":"coccoc","ComputerName":"DESKTOP-RB8ENUF","Data":"","Sid":"","Message":"","StringInserts":["Service stopped"]}
{"RecordNumber":24231,"TimeGenerated":"2025-06-29 23:26:48 +0700","TimeWritten":"2025-06-29 23:26:48 +0700","EventID":0,"Qualifiers":0,"EventType":"Information","EventCategory":0,"Channel":"Application","SourceName":"edgeupdate","ComputerName":"DESKTOP-RB8ENUF","Data":"","Sid":"","Message":"Service stopped.\r\n","StringInserts":["Service stopped"]}
{"RecordNumber":24232,"TimeGenerated":"2025-06-29 23:40:56 +0700","TimeWritten":"2025-06-29 23:40:56 +0700","EventID":16394,"Qualifiers":49152,"EventType":"Information","EventCategory":0,"Channel":"Application","SourceName":"Software Protection Platform Service","ComputerName":"DESKTOP-RB8ENUF","Data":"","Sid":"","Message":"Offline downlevel migration succeeded.\r\n","StringInserts":[]}
{"RecordNumber":24233,"TimeGenerated":"2025-06-29 23:41:50 +0700","TimeWritten":"2025-06-29 23:41:50 +0700","EventID":16384,"Qualifiers":16384,"EventType":"Information","EventCategory":0,"Channel":"Application","SourceName":"Software Protection Platform Service","ComputerName":"DESKTOP-RB8ENUF","Data":"","Sid":"","Message":"Successfully scheduled Software Protection service for re-start at 2025-07-02T06:42:50Z. Reason: RulesEngine.\r\n","StringInserts":["2025-07-02T06:42:50Z","RulesEngine"]}
{"RecordNumber":24234,"TimeGenerated":"2025-06-30 01:31:22 +0700","TimeWritten":"2025-06-30 01:31:22 +0700","EventID":16394,"Qualifiers":49152,"EventType":"Information","EventCategory":0,"Channel":"Application","SourceName":"Software Protection Platform Service","ComputerName":"DESKTOP-RB8ENUF","Data":"","Sid":"","Message":"Offline downlevel migration succeeded.\r\n","StringInserts":[]}
{"RecordNumber":24235,"TimeGenerated":"2025-06-30 01:31:23 +0700","TimeWritten":"2025-06-30 01:31:23 +0700","EventID":1040,"Qualifiers":0,"EventType":"Information","EventCategory":0,"Channel":"Application","SourceName":"MsiInstaller","ComputerName":"DESKTOP-RB8ENUF","Data":"","Sid":"S-1-5-18","Message":"Beginning a Windows Installer transaction: C:\\Windows\\SoftwareDistribution\\Download\\77db7248459b2bafe68017a067b2d31a\\img\\Windows-KB5001716-x64.msi. Client Process Id: 20616.\r\n","StringInserts":["C:\\Windows\\SoftwareDistribution\\Download\\77db7248459b2bafe68017a067b2d31a\\img\\Windows-KB5001716-x64.msi","20616","(NULL)","(NULL)","(NULL)","(NULL)",""]}
{"RecordNumber":24236,"TimeGenerated":"2025-06-30 01:31:23 +0700","TimeWritten":"2025-06-30 01:31:23 +0700","EventID":11707,"Qualifiers":0,"EventType":"Information","EventCategory":0,"Channel":"Application","SourceName":"MsiInstaller","ComputerName":"DESKTOP-RB8ENUF","Data":"7b42384439333837302d393844312d343938302d414643412d4532363536334344464237397d","Sid":"S-1-5-18","Message":"Product: Update for x64-based Windows Systems (KB5001716) -- Installation completed successfully.\r\n","StringInserts":["Product: Update for x64-based Windows Systems (KB5001716) -- Installation completed successfully.","(NULL)","(NULL)","(NULL)","(NULL)","(NULL)",""]}
{"RecordNumber":24237,"TimeGenerated":"2025-06-30 01:31:23 +0700","TimeWritten":"2025-06-30 01:31:23 +0700","EventID":1033,"Qualifiers":0,"EventType":"Information","EventCategory":0,"Channel":"Application","SourceName":"MsiInstaller","ComputerName":"DESKTOP-RB8ENUF","Data":"7b42384439333837302d393844312d343938302d414643412d4532363536334344464237397d3030303066613434313836303939353036313832326630383935633332633035323664643030303030303030","Sid":"S-1-5-18","Message":"Windows Installer installed the product. Product Name: Update for x64-based Windows Systems (KB5001716). Product Version: 8.94.0.0. Product Language: 0. Manufacturer: Microsoft Corporation. Installation success or error status: 0.\r\n","StringInserts":["Update for x64-based Windows Systems (KB5001716)","8.94.0.0","0","0","Microsoft Corporation","(NULL)",""]}
{"RecordNumber":24238,"TimeGenerated":"2025-06-30 01:31:23 +0700","TimeWritten":"2025-06-30 01:31:23 +0700","EventID":1042,"Qualifiers":0,"EventType":"Information","EventCategory":0,"Channel":"Application","SourceName":"MsiInstaller","ComputerName":"DESKTOP-RB8ENUF","Data":"","Sid":"S-1-5-18","Message":"Ending a Windows Installer transaction: C:\\Windows\\SoftwareDistribution\\Download\\77db7248459b2bafe68017a067b2d31a\\img\\Windows-KB5001716-x64.msi. Client Process Id: 20616.\r\n","StringInserts":["C:\\Windows\\SoftwareDistribution\\Download\\77db7248459b2bafe68017a067b2d31a\\img\\Windows-KB5001716-x64.msi","20616","(NULL)","(NULL)","(NULL)","(NULL)",""]}
{"RecordNumber":24239,"TimeGenerated":"2025-06-30 01:31:23 +0700","TimeWritten":"2025-06-30 01:31:23 +0700","EventID":10000,"Qualifiers":0,"EventType":"Information","EventCategory":0,"Channel":"Application","SourceName":"Microsoft-Windows-RestartManager","ComputerName":"DESKTOP-RB8ENUF","Data":"","Sid":"S-1-5-18","Message":"Starting session 0 - 2025-06-29T18:31:23.8558643Z.\r\n","StringInserts":["0","2025-06-29T18:31:23.8558643Z"]}
{"RecordNumber":24240,"TimeGenerated":"2025-06-30 01:31:23 +0700","TimeWritten":"2025-06-30 01:31:23 +0700","EventID":10001,"Qualifiers":0,"EventType":"Information","EventCategory":0,"Channel":"Application","SourceName":"Microsoft-Windows-RestartManager","ComputerName":"DESKTOP-RB8ENUF","Data":"","Sid":"S-1-5-18","Message":"Ending session 0 started 2025-06-29T18:31:23.8558643Z.\r\n","StringInserts":["0","2025-06-29T18:31:23.8558643Z"]}
{"RecordNumber":24241,"TimeGenerated":"2025-06-30 01:31:52 +0700","TimeWritten":"2025-06-30 01:31:52 +0700","EventID":16384,"Qualifiers":16384,"EventType":"Information","EventCategory":0,"Channel":"Application","SourceName":"Software Protection Platform Service","ComputerName":"DESKTOP-RB8ENUF","Data":"","Sid":"","Message":"Successfully scheduled Software Protection service for re-start at 2025-07-02T06:42:52Z. Reason: RulesEngine.\r\n","StringInserts":["2025-07-02T06:42:52Z","RulesEngine"]}
{"RecordNumber":24242,"TimeGenerated":"2025-06-30 02:38:59 +0700","TimeWritten":"2025-06-30 02:38:59 +0700","EventID":16394,"Qualifiers":49152,"EventType":"Information","EventCategory":0,"Channel":"Application","SourceName":"Software Protection Platform Service","ComputerName":"DESKTOP-RB8ENUF","Data":"","Sid":"","Message":"Offline downlevel migration succeeded.\r\n","StringInserts":[]}
{"RecordNumber":24243,"TimeGenerated":"2025-06-30 02:39:29 +0700","TimeWritten":"2025-06-30 02:39:29 +0700","EventID":16384,"Qualifiers":16384,"EventType":"Information","EventCategory":0,"Channel":"Application","SourceName":"Software Protection Platform Service","ComputerName":"DESKTOP-RB8ENUF","Data":"","Sid":"","Message":"Successfully scheduled Software Protection service for re-start at 2025-07-02T06:42:29Z. Reason: RulesEngine.\r\n","StringInserts":["2025-07-02T06:42:29Z","RulesEngine"]}
{"RecordNumber":24244,"TimeGenerated":"2025-06-30 03:32:42 +0700","TimeWritten":"2025-06-30 03:32:42 +0700","EventID":0,"Qualifiers":0,"EventType":"Information","EventCategory":0,"Channel":"Application","SourceName":"coccoc","ComputerName":"DESKTOP-RB8ENUF","Data":"","Sid":"","Message":"","StringInserts":["Service stopped"]}
{"RecordNumber":24245,"TimeGenerated":"2025-06-30 03:50:58 +0700","TimeWritten":"2025-06-30 03:50:58 +0700","EventID":16394,"Qualifiers":49152,"EventType":"Information","EventCategory":0,"Channel":"Application","SourceName":"Software Protection Platform Service","ComputerName":"DESKTOP-RB8ENUF","Data":"","Sid":"","Message":"Offline downlevel migration succeeded.\r\n","StringInserts":[]}
{"RecordNumber":24246,"TimeGenerated":"2025-06-30 03:51:28 +0700","TimeWritten":"2025-06-30 03:51:28 +0700","EventID":16384,"Qualifiers":16384,"EventType":"Information","EventCategory":0,"Channel":"Application","SourceName":"Software Protection Platform Service","ComputerName":"DESKTOP-RB8ENUF","Data":"","Sid":"","Message":"Successfully scheduled Software Protection service for re-start at 2025-07-02T06:42:28Z. Reason: RulesEngine.\r\n","StringInserts":["2025-07-02T06:42:28Z","RulesEngine"]}
{"RecordNumber":24247,"TimeGenerated":"2025-06-30 04:30:47 +0700","TimeWritten":"2025-06-30 04:30:47 +0700","EventID":16394,"Qualifiers":49152,"EventType":"Information","EventCategory":0,"Channel":"Application","SourceName":"Software Protection Platform Service","ComputerName":"DESKTOP-RB8ENUF","Data":"","Sid":"","Message":"Offline downlevel migration succeeded.\r\n","StringInserts":[]}
{"RecordNumber":24248,"TimeGenerated":"2025-06-30 04:31:53 +0700","TimeWritten":"2025-06-30 04:31:53 +0700","EventID":16384,"Qualifiers":16384,"EventType":"Information","EventCategory":0,"Channel":"Application","SourceName":"Software Protection Platform Service","ComputerName":"DESKTOP-RB8ENUF","Data":"","Sid":"","Message":"Successfully scheduled Software Protection service for re-start at 2025-07-02T06:42:53Z. Reason: RulesEngine.\r\n","StringInserts":["2025-07-02T06:42:53Z","RulesEngine"]}
{"RecordNumber":24249,"TimeGenerated":"2025-06-30 04:32:32 +0700","TimeWritten":"2025-06-30 04:32:32 +0700","EventID":16394,"Qualifiers":49152,"EventType":"Information","EventCategory":0,"Channel":"Application","SourceName":"Software Protection Platform Service","ComputerName":"DESKTOP-RB8ENUF","Data":"","Sid":"","Message":"Offline downlevel migration succeeded.\r\n","StringInserts":[]}
{"RecordNumber":24250,"TimeGenerated":"2025-06-30 04:33:02 +0700","TimeWritten":"2025-06-30 04:33:02 +0700","EventID":16384,"Qualifiers":16384,"EventType":"Information","EventCategory":0,"Channel":"Application","SourceName":"Software Protection Platform Service","ComputerName":"DESKTOP-RB8ENUF","Data":"","Sid":"","Message":"Successfully scheduled Software Protection service for re-start at 2025-07-02T06:43:02Z. Reason: RulesEngine.\r\n","StringInserts":["2025-07-02T06:43:02Z","RulesEngine"]}
{"RecordNumber":24251,"TimeGenerated":"2025-06-30 04:33:23 +0700","TimeWritten":"2025-06-30 04:33:23 +0700","EventID":16394,"Qualifiers":49152,"EventType":"Information","EventCategory":0,"Channel":"Application","SourceName":"Software Protection Platform Service","ComputerName":"DESKTOP-RB8ENUF","Data":"","Sid":"","Message":"Offline downlevel migration succeeded.\r\n","StringInserts":[]}
{"RecordNumber":24252,"TimeGenerated":"2025-06-30 04:33:55 +0700","TimeWritten":"2025-06-30 04:33:55 +0700","EventID":16384,"Qualifiers":16384,"EventType":"Information","EventCategory":0,"Channel":"Application","SourceName":"Software Protection Platform Service","ComputerName":"DESKTOP-RB8ENUF","Data":"","Sid":"","Message":"Successfully scheduled Software Protection service for re-start at 2025-07-02T06:42:55Z. Reason: RulesEngine.\r\n","StringInserts":["2025-07-02T06:42:55Z","RulesEngine"]}
{"RecordNumber":24253,"TimeGenerated":"2025-06-30 05:25:50 +0700","TimeWritten":"2025-06-30 05:25:50 +0700","EventID":16394,"Qualifiers":49152,"EventType":"Information","EventCategory":0,"Channel":"Application","SourceName":"Software Protection Platform Service","ComputerName":"DESKTOP-RB8ENUF","Data":"","Sid":"","Message":"Offline downlevel migration succeeded.\r\n","StringInserts":[]}
{"RecordNumber":24254,"TimeGenerated":"2025-06-30 05:26:21 +0700","TimeWritten":"2025-06-30 05:26:21 +0700","EventID":16384,"Qualifiers":16384,"EventType":"Information","EventCategory":0,"Channel":"Application","SourceName":"Software Protection Platform Service","ComputerName":"DESKTOP-RB8ENUF","Data":"","Sid":"","Message":"Successfully scheduled Software Protection service for re-start at 2025-07-02T06:42:21Z. Reason: RulesEngine.\r\n","StringInserts":["2025-07-02T06:42:21Z","RulesEngine"]}
{"RecordNumber":24255,"TimeGenerated":"2025-06-30 05:31:25 +0700","TimeWritten":"2025-06-30 05:31:25 +0700","EventID":16394,"Qualifiers":49152,"EventType":"Information","EventCategory":0,"Channel":"Application","SourceName":"Software Protection Platform Service","ComputerName":"DESKTOP-RB8ENUF","Data":"","Sid":"","Message":"Offline downlevel migration succeeded.\r\n","StringInserts":[]}
{"RecordNumber":24256,"TimeGenerated":"2025-06-30 05:31:56 +0700","TimeWritten":"2025-06-30 05:31:56 +0700","EventID":16384,"Qualifiers":16384,"EventType":"Information","EventCategory":0,"Channel":"Application","SourceName":"Software Protection Platform Service","ComputerName":"DESKTOP-RB8ENUF","Data":"","Sid":"","Message":"Successfully scheduled Software Protection service for re-start at 2025-07-02T06:42:55Z. Reason: RulesEngine.\r\n","StringInserts":["2025-07-02T06:42:55Z","RulesEngine"]}
{"RecordNumber":24257,"TimeGenerated":"2025-06-30 07:34:42 +0700","TimeWritten":"2025-06-30 07:34:42 +0700","EventID":16394,"Qualifiers":49152,"EventType":"Information","EventCategory":0,"Channel":"Application","SourceName":"Software Protection Platform Service","ComputerName":"DESKTOP-RB8ENUF","Data":"","Sid":"","Message":"Offline downlevel migration succeeded.\r\n","StringInserts":[]}
{"RecordNumber":24258,"TimeGenerated":"2025-06-30 07:35:12 +0700","TimeWritten":"2025-06-30 07:35:12 +0700","EventID":16384,"Qualifiers":16384,"EventType":"Information","EventCategory":0,"Channel":"Application","SourceName":"Software Protection Platform Service","ComputerName":"DESKTOP-RB8ENUF","Data":"","Sid":"","Message":"Successfully scheduled Software Protection service for re-start at 2025-07-02T06:42:12Z. Reason: RulesEngine.\r\n","StringInserts":["2025-07-02T06:42:12Z","RulesEngine"]}
{"RecordNumber":24259,"TimeGenerated":"2025-06-30 08:32:09 +0700","TimeWritten":"2025-06-30 08:32:09 +0700","EventID":0,"Qualifiers":0,"EventType":"Information","EventCategory":0,"Channel":"Application","SourceName":"coccoc","ComputerName":"DESKTOP-RB8ENUF","Data":"","Sid":"","Message":"","StringInserts":["Service stopped"]}
{"RecordNumber":24260,"TimeGenerated":"2025-06-30 08:49:58 +0700","TimeWritten":"2025-06-30 08:49:58 +0700","EventID":16394,"Qualifiers":49152,"EventType":"Information","EventCategory":0,"Channel":"Application","SourceName":"Software Protection Platform Service","ComputerName":"DESKTOP-RB8ENUF","Data":"","Sid":"","Message":"Offline downlevel migration succeeded.\r\n","StringInserts":[]}
{"RecordNumber":24261,"TimeGenerated":"2025-06-30 08:50:29 +0700","TimeWritten":"2025-06-30 08:50:29 +0700","EventID":16384,"Qualifiers":16384,"EventType":"Information","EventCategory":0,"Channel":"Application","SourceName":"Software Protection Platform Service","ComputerName":"DESKTOP-RB8ENUF","Data":"","Sid":"","Message":"Successfully scheduled Software Protection service for re-start at 2025-07-02T06:42:29Z. Reason: RulesEngine.\r\n","StringInserts":["2025-07-02T06:42:29Z","RulesEngine"]}
{"RecordNumber":24262,"TimeGenerated":"2025-06-30 08:57:03 +0700","TimeWritten":"2025-06-30 08:57:03 +0700","EventID":3000,"Qualifiers":16384,"EventType":"Information","EventCategory":0,"Channel":"Application","SourceName":"Process Exit Monitor","ComputerName":"DESKTOP-RB8ENUF","Data":"","Sid":"S-1-5-21-3306260603-718234045-292622573-1001","Message":"The process 'C:\\Program Files\\Microsoft Office\\root\\Office16\\WINWORD.EXE' exited with exit code 0. The creation time for the exiting process was 0x01dbe8a16fbb38ef.\r\n","StringInserts":["C:\\Program Files\\Microsoft Office\\root\\Office16\\WINWORD.EXE","0","01dbe8a16fbb38ef"]}
{"RecordNumber":24263,"TimeGenerated":"2025-06-30 09:06:41 +0700","TimeWritten":"2025-06-30 09:06:41 +0700","EventID":16394,"Qualifiers":49152,"EventType":"Information","EventCategory":0,"Channel":"Application","SourceName":"Software Protection Platform Service","ComputerName":"DESKTOP-RB8ENUF","Data":"","Sid":"","Message":"Offline downlevel migration succeeded.\r\n","StringInserts":[]}
{"RecordNumber":24264,"TimeGenerated":"2025-06-30 09:06:41 +0700","TimeWritten":"2025-06-30 09:06:41 +0700","EventID":1003,"Qualifiers":16384,"EventType":"Information","EventCategory":0,"Channel":"Application","SourceName":"Software Protection Platform Service","ComputerName":"DESKTOP-RB8ENUF","Data":"","Sid":"","Message":"The Software Protection service has completed licensing status check.\r\nApplication Id=0ff1ce15-a989-479d-af46-f275c6370663\r\nLicensing Status=\n1: 0b4e6cfa-3072-434c-b702-bd1836e6887c, 1, 0 [(0 [0xC004F014, 0, 0], [(?)(?)(?)(?)(?)(?)(?)(?)])(1 )(2 )(3 )]\n2: 0bc88885-718c-491d-921f-6f214349e79c, 1, 0 [(0 [0xC004F014, 0, 0], [(?)(?)(?)(?)(?)(?)(?)(?)])(1 )(2 )(3 )]\n3: 2ca2bf3f-949e-446a-82c7-e25a15ec78c4, 1, 1 [(0 [0x00000000, 1, 0], [(?)( 1 0x00000000)(?)( 2 0x00000000 0 0 msft:rm/algorithm/volume/1.0 0x00000000 252276)(?)(?)(?)(?)])(1 )(2 )(3 )]\n4: 6755c7a7-4dfe-46f5-bce8-427be8e9dc62, 1, 0 [(0 [0xC004F014, 0, 0], [(?)(?)(?)(?)(?)(?)(?)(?)])(1 )(2 )(3 )]\n5: 73fc2508-0fb1-475a-bd6f-2d42fd84c62a, 1, 0 [(0 [0xC004F014, 0, 0], [(?)(?)(?)(?)(?)(?)(?)(?)])(1 )(2 )(3 )]\n6: 85dd8b5f-eaa4-4af3-a628-cce9e77c9a03, 1, 1 [(0 [0x00000000, 1, 0], [(?)( 1 0x00000000)(?)( 2 0x00000000 0 0 msft:rm/algorithm/volume/1.0 0x00000000 252434)(?)(?)(?)(?)])(1 )(2 )(3 )]\n7: d4ebadd6-401b-40d5-adf4-a5d4accd72d1, 1, 0 [(0 [0xC004F014, 0, 0], [(?)(?)(?)(?)(?)(?)(?)(?)])(1 )(2 )(3 )]\n8: fc7c4d0c-2e85-4bb9-afd4-01ed1476b5e9, 1, 0 [(0 [0xC004F014, 0, 0], [(?)(?)(?)(?)(?)(?)(?)(?)])(1 )(2 )(3 )]\n\n\r\n","StringInserts":["0ff1ce15-a989-479d-af46-f275c6370663","\n1: 0b4e6cfa-3072-434c-b702-bd1836e6887c, 1, 0 [(0 [0xC004F014, 0, 0], [(?)(?)(?)(?)(?)(?)(?)(?)])(1 )(2 )(3 )]\n2: 0bc88885-718c-491d-921f-6f214349e79c, 1, 0 [(0 [0xC004F014, 0, 0], [(?)(?)(?)(?)(?)(?)(?)(?)])(1 )(2 )(3 )]\n3: 2ca2bf3f-949e-446a-82c7-e25a15ec78c4, 1, 1 [(0 [0x00000000, 1, 0], [(?)( 1 0x00000000)(?)( 2 0x00000000 0 0 msft:rm/algorithm/volume/1.0 0x00000000 252276)(?)(?)(?)(?)])(1 )(2 )(3 )]\n4: 6755c7a7-4dfe-46f5-bce8-427be8e9dc62, 1, 0 [(0 [0xC004F014, 0, 0], [(?)(?)(?)(?)(?)(?)(?)(?)])(1 )(2 )(3 )]\n5: 73fc2508-0fb1-475a-bd6f-2d42fd84c62a, 1, 0 [(0 [0xC004F014, 0, 0], [(?)(?)(?)(?)(?)(?)(?)(?)])(1 )(2 )(3 )]\n6: 85dd8b5f-eaa4-4af3-a628-cce9e77c9a03, 1, 1 [(0 [0x00000000, 1, 0], [(?)( 1 0x00000000)(?)( 2 0x00000000 0 0 msft:rm/algorithm/volume/1.0 0x00000000 252434)(?)(?)(?)(?)])(1 )(2 )(3 )]\n7: d4ebadd6-401b-40d5-adf4-a5d4accd72d1, 1, 0 [(0 [0xC004F014, 0, 0], [(?)(?)(?)(?)(?)(?)(?)(?)])(1 )(2 )(3 )]\n8: fc7c4d0c-2e85-4bb9-afd4-01ed1476b5e9, 1, 0 [(0 [0xC004F014, 0, 0], [(?)(?)(?)(?)(?)(?)(?)(?)])(1 )(2 )(3 )]\n\n"]}
{"RecordNumber":24265,"TimeGenerated":"2025-06-30 09:06:41 +0700","TimeWritten":"2025-06-30 09:06:41 +0700","EventID":1003,"Qualifiers":16384,"EventType":"Information","EventCategory":0,"Channel":"Application","SourceName":"Software Protection Platform Service","ComputerName":"DESKTOP-RB8ENUF","Data":"","Sid":"","Message":"The Software Protection service has completed licensing status check.\r\nApplication Id=0ff1ce15-a989-479d-af46-f275c6370663\r\nLicensing Status=\n1: 2ca2bf3f-949e-446a-82c7-e25a15ec78c4, 1, 1 [(0 [0x00000000, 1, 0], [(?)( 1 0x00000000)(?)( 2 0x00000000 0 0 msft:rm/algorithm/volume/1.0 0x00000000 252276)(?)(?)(?)(?)])(1 )(2 )(3 )]\n\n\r\n","StringInserts":["0ff1ce15-a989-479d-af46-f275c6370663","\n1: 2ca2bf3f-949e-446a-82c7-e25a15ec78c4, 1, 1 [(0 [0x00000000, 1, 0], [(?)( 1 0x00000000)(?)( 2 0x00000000 0 0 msft:rm/algorithm/volume/1.0 0x00000000 252276)(?)(?)(?)(?)])(1 )(2 )(3 )]\n\n"]}
{"RecordNumber":24266,"TimeGenerated":"2025-06-30 09:06:41 +0700","TimeWritten":"2025-06-30 09:06:41 +0700","EventID":1003,"Qualifiers":16384,"EventType":"Information","EventCategory":0,"Channel":"Application","SourceName":"Software Protection Platform Service","ComputerName":"DESKTOP-RB8ENUF","Data":"","Sid":"","Message":"The Software Protection service has completed licensing status check.\r\nApplication Id=0ff1ce15-a989-479d-af46-f275c6370663\r\nLicensing Status=\n1: 85dd8b5f-eaa4-4af3-a628-cce9e77c9a03, 1, 1 [(0 [0x00000000, 1, 0], [(?)( 1 0x00000000)(?)( 2 0x00000000 0 0 msft:rm/algorithm/volume/1.0 0x00000000 252434)(?)(?)(?)(?)])(1 )(2 )(3 )]\n\n\r\n","StringInserts":["0ff1ce15-a989-479d-af46-f275c6370663","\n1: 85dd8b5f-eaa4-4af3-a628-cce9e77c9a03, 1, 1 [(0 [0x00000000, 1, 0], [(?)( 1 0x00000000)(?)( 2 0x00000000 0 0 msft:rm/algorithm/volume/1.0 0x00000000 252434)(?)(?)(?)(?)])(1 )(2 )(3 )]\n\n"]}
{"RecordNumber":24267,"TimeGenerated":"2025-06-30 09:06:41 +0700","TimeWritten":"2025-06-30 09:06:41 +0700","EventID":1003,"Qualifiers":16384,"EventType":"Information","EventCategory":0,"Channel":"Application","SourceName":"Software Protection Platform Service","ComputerName":"DESKTOP-RB8ENUF","Data":"","Sid":"","Message":"The Software Protection service has completed licensing status check.\r\nApplication Id=0ff1ce15-a989-479d-af46-f275c6370663\r\nLicensing Status=\n1: 85dd8b5f-eaa4-4af3-a628-cce9e77c9a03, 1, 1 [(0 [0x00000000, 1, 0], [(?)( 1 0x00000000)(?)( 2 0x00000000 0 0 msft:rm/algorithm/volume/1.0 0x00000000 252434)(?)(?)(?)(?)])(1 )(2 )(3 )]\n\n\r\n","StringInserts":["0ff1ce15-a989-479d-af46-f275c6370663","\n1: 85dd8b5f-eaa4-4af3-a628-cce9e77c9a03, 1, 1 [(0 [0x00000000, 1, 0], [(?)( 1 0x00000000)(?)( 2 0x00000000 0 0 msft:rm/algorithm/volume/1.0 0x00000000 252434)(?)(?)(?)(?)])(1 )(2 )(3 )]\n\n"]}
{"RecordNumber":24268,"TimeGenerated":"2025-06-30 09:06:46 +0700","TimeWritten":"2025-06-30 09:06:46 +0700","EventID":3000,"Qualifiers":16384,"EventType":"Information","EventCategory":0,"Channel":"Application","SourceName":"Process Exit Monitor","ComputerName":"DESKTOP-RB8ENUF","Data":"","Sid":"S-1-5-21-3306260603-718234045-292622573-1001","Message":"The process 'C:\\Program Files\\Microsoft Office\\root\\Office16\\WINWORD.EXE' exited with exit code 0. The creation time for the exiting process was 0x01dbe9639ea98210.\r\n","StringInserts":["C:\\Program Files\\Microsoft Office\\root\\Office16\\WINWORD.EXE","0","01dbe9639ea98210"]}
{"RecordNumber":24269,"TimeGenerated":"2025-06-30 09:06:48 +0700","TimeWritten":"2025-06-30 09:06:48 +0700","EventID":3000,"Qualifiers":16384,"EventType":"Information","EventCategory":0,"Channel":"Application","SourceName":"Process Exit Monitor","ComputerName":"DESKTOP-RB8ENUF","Data":"","Sid":"S-1-5-21-3306260603-718234045-292622573-1001","Message":"The process 'C:\\Program Files\\Microsoft Office\\root\\Office16\\WINWORD.EXE' exited with exit code 0. The creation time for the exiting process was 0x01dbe9639e4ab2f1.\r\n","StringInserts":["C:\\Program Files\\Microsoft Office\\root\\Office16\\WINWORD.EXE","0","01dbe9639e4ab2f1"]}
{"RecordNumber":24270,"TimeGenerated":"2025-06-30 09:07:12 +0700","TimeWritten":"2025-06-30 09:07:12 +0700","EventID":16384,"Qualifiers":16384,"EventType":"Information","EventCategory":0,"Channel":"Application","SourceName":"Software Protection Platform Service","ComputerName":"DESKTOP-RB8ENUF","Data":"","Sid":"","Message":"Successfully scheduled Software Protection service for re-start at 2025-07-02T06:42:12Z. Reason: RulesEngine.\r\n","StringInserts":["2025-07-02T06:42:12Z","RulesEngine"]}
{"RecordNumber":24271,"TimeGenerated":"2025-06-30 09:26:42 +0700","TimeWritten":"2025-06-30 09:26:42 +0700","EventID":0,"Qualifiers":0,"EventType":"Information","EventCategory":0,"Channel":"Application","SourceName":"edgeupdate","ComputerName":"DESKTOP-RB8ENUF","Data":"","Sid":"","Message":"Service stopped.\r\n","StringInserts":["Service stopped"]}
{"RecordNumber":24272,"TimeGenerated":"2025-06-30 09:26:48 +0700","TimeWritten":"2025-06-30 09:26:48 +0700","EventID":16394,"Qualifiers":49152,"EventType":"Information","EventCategory":0,"Channel":"Application","SourceName":"Software Protection Platform Service","ComputerName":"DESKTOP-RB8ENUF","Data":"","Sid":"","Message":"Offline downlevel migration succeeded.\r\n","StringInserts":[]}
{"RecordNumber":24273,"TimeGenerated":"2025-06-30 09:27:18 +0700","TimeWritten":"2025-06-30 09:27:18 +0700","EventID":16384,"Qualifiers":16384,"EventType":"Information","EventCategory":0,"Channel":"Application","SourceName":"Software Protection Platform Service","ComputerName":"DESKTOP-RB8ENUF","Data":"","Sid":"","Message":"Successfully scheduled Software Protection service for re-start at 2025-07-02T06:42:18Z. Reason: RulesEngine.\r\n","StringInserts":["2025-07-02T06:42:18Z","RulesEngine"]}
{"RecordNumber":24274,"TimeGenerated":"2025-06-30 09:31:41 +0700","TimeWritten":"2025-06-30 09:31:41 +0700","EventID":16394,"Qualifiers":49152,"EventType":"Information","EventCategory":0,"Channel":"Application","SourceName":"Software Protection Platform Service","ComputerName":"DESKTOP-RB8ENUF","Data":"","Sid":"","Message":"Offline downlevel migration succeeded.\r\n","StringInserts":[]}
{"RecordNumber":24275,"TimeGenerated":"2025-06-30 09:31:41 +0700","TimeWritten":"2025-06-30 09:31:41 +0700","EventID":1003,"Qualifiers":16384,"EventType":"Information","EventCategory":0,"Channel":"Application","SourceName":"Software Protection Platform Service","ComputerName":"DESKTOP-RB8ENUF","Data":"","Sid":"","Message":"The Software Protection service has completed licensing status check.\r\nApplication Id=0ff1ce15-a989-479d-af46-f275c6370663\r\nLicensing Status=\n1: 0b4e6cfa-3072-434c-b702-bd1836e6887c, 1, 0 [(0 [0xC004F014, 0, 0], [(?)(?)(?)(?)(?)(?)(?)(?)])(1 )(2 )(3 )]\n2: 0bc88885-718c-491d-921f-6f214349e79c, 1, 0 [(0 [0xC004F014, 0, 0], [(?)(?)(?)(?)(?)(?)(?)(?)])(1 )(2 )(3 )]\n3: 2ca2bf3f-949e-446a-82c7-e25a15ec78c4, 1, 1 [(0 [0x00000000, 1, 0], [(?)( 1 0x00000000)(?)( 2 0x00000000 0 0 msft:rm/algorithm/volume/1.0 0x00000000 252251)(?)(?)(?)(?)])(1 )(2 )(3 )]\n4: 6755c7a7-4dfe-46f5-bce8-427be8e9dc62, 1, 0 [(0 [0xC004F014, 0, 0], [(?)(?)(?)(?)(?)(?)(?)(?)])(1 )(2 )(3 )]\n5: 73fc2508-0fb1-475a-bd6f-2d42fd84c62a, 1, 0 [(0 [0xC004F014, 0, 0], [(?)(?)(?)(?)(?)(?)(?)(?)])(1 )(2 )(3 )]\n6: 85dd8b5f-eaa4-4af3-a628-cce9e77c9a03, 1, 1 [(0 [0x00000000, 1, 0], [(?)( 1 0x00000000)(?)( 2 0x00000000 0 0 msft:rm/algorithm/volume/1.0 0x00000000 252409)(?)(?)(?)(?)])(1 )(2 )(3 )]\n7: d4ebadd6-401b-40d5-adf4-a5d4accd72d1, 1, 0 [(0 [0xC004F014, 0, 0], [(?)(?)(?)(?)(?)(?)(?)(?)])(1 )(2 )(3 )]\n8: fc7c4d0c-2e85-4bb9-afd4-01ed1476b5e9, 1, 0 [(0 [0xC004F014, 0, 0], [(?)(?)(?)(?)(?)(?)(?)(?)])(1 )(2 )(3 )]\n\n\r\n","StringInserts":["0ff1ce15-a989-479d-af46-f275c6370663","\n1: 0b4e6cfa-3072-434c-b702-bd1836e6887c, 1, 0 [(0 [0xC004F014, 0, 0], [(?)(?)(?)(?)(?)(?)(?)(?)])(1 )(2 )(3 )]\n2: 0bc88885-718c-491d-921f-6f214349e79c, 1, 0 [(0 [0xC004F014, 0, 0], [(?)(?)(?)(?)(?)(?)(?)(?)])(1 )(2 )(3 )]\n3: 2ca2bf3f-949e-446a-82c7-e25a15ec78c4, 1, 1 [(0 [0x00000000, 1, 0], [(?)( 1 0x00000000)(?)( 2 0x00000000 0 0 msft:rm/algorithm/volume/1.0 0x00000000 252251)(?)(?)(?)(?)])(1 )(2 )(3 )]\n4: 6755c7a7-4dfe-46f5-bce8-427be8e9dc62, 1, 0 [(0 [0xC004F014, 0, 0], [(?)(?)(?)(?)(?)(?)(?)(?)])(1 )(2 )(3 )]\n5: 73fc2508-0fb1-475a-bd6f-2d42fd84c62a, 1, 0 [(0 [0xC004F014, 0, 0], [(?)(?)(?)(?)(?)(?)(?)(?)])(1 )(2 )(3 )]\n6: 85dd8b5f-eaa4-4af3-a628-cce9e77c9a03, 1, 1 [(0 [0x00000000, 1, 0], [(?)( 1 0x00000000)(?)( 2 0x00000000 0 0 msft:rm/algorithm/volume/1.0 0x00000000 252409)(?)(?)(?)(?)])(1 )(2 )(3 )]\n7: d4ebadd6-401b-40d5-adf4-a5d4accd72d1, 1, 0 [(0 [0xC004F014, 0, 0], [(?)(?)(?)(?)(?)(?)(?)(?)])(1 )(2 )(3 )]\n8: fc7c4d0c-2e85-4bb9-afd4-01ed1476b5e9, 1, 0 [(0 [0xC004F014, 0, 0], [(?)(?)(?)(?)(?)(?)(?)(?)])(1 )(2 )(3 )]\n\n"]}
{"RecordNumber":24276,"TimeGenerated":"2025-06-30 09:31:41 +0700","TimeWritten":"2025-06-30 09:31:41 +0700","EventID":1003,"Qualifiers":16384,"EventType":"Information","EventCategory":0,"Channel":"Application","SourceName":"Software Protection Platform Service","ComputerName":"DESKTOP-RB8ENUF","Data":"","Sid":"","Message":"The Software Protection service has completed licensing status check.\r\nApplication Id=0ff1ce15-a989-479d-af46-f275c6370663\r\nLicensing Status=\n1: 2ca2bf3f-949e-446a-82c7-e25a15ec78c4, 1, 1 [(0 [0x00000000, 1, 0], [(?)( 1 0x00000000)(?)( 2 0x00000000 0 0 msft:rm/algorithm/volume/1.0 0x00000000 252251)(?)(?)(?)(?)])(1 )(2 )(3 )]\n\n\r\n","StringInserts":["0ff1ce15-a989-479d-af46-f275c6370663","\n1: 2ca2bf3f-949e-446a-82c7-e25a15ec78c4, 1, 1 [(0 [0x00000000, 1, 0], [(?)( 1 0x00000000)(?)( 2 0x00000000 0 0 msft:rm/algorithm/volume/1.0 0x00000000 252251)(?)(?)(?)(?)])(1 )(2 )(3 )]\n\n"]}
{"RecordNumber":24277,"TimeGenerated":"2025-06-30 09:31:41 +0700","TimeWritten":"2025-06-30 09:31:41 +0700","EventID":1003,"Qualifiers":16384,"EventType":"Information","EventCategory":0,"Channel":"Application","SourceName":"Software Protection Platform Service","ComputerName":"DESKTOP-RB8ENUF","Data":"","Sid":"","Message":"The Software Protection service has completed licensing status check.\r\nApplication Id=0ff1ce15-a989-479d-af46-f275c6370663\r\nLicensing Status=\n1: 85dd8b5f-eaa4-4af3-a628-cce9e77c9a03, 1, 1 [(0 [0x00000000, 1, 0], [(?)( 1 0x00000000)(?)( 2 0x00000000 0 0 msft:rm/algorithm/volume/1.0 0x00000000 252409)(?)(?)(?)(?)])(1 )(2 )(3 )]\n\n\r\n","StringInserts":["0ff1ce15-a989-479d-af46-f275c6370663","\n1: 85dd8b5f-eaa4-4af3-a628-cce9e77c9a03, 1, 1 [(0 [0x00000000, 1, 0], [(?)( 1 0x00000000)(?)( 2 0x00000000 0 0 msft:rm/algorithm/volume/1.0 0x00000000 252409)(?)(?)(?)(?)])(1 )(2 )(3 )]\n\n"]}
{"RecordNumber":24278,"TimeGenerated":"2025-06-30 09:31:41 +0700","TimeWritten":"2025-06-30 09:31:41 +0700","EventID":1003,"Qualifiers":16384,"EventType":"Information","EventCategory":0,"Channel":"Application","SourceName":"Software Protection Platform Service","ComputerName":"DESKTOP-RB8ENUF","Data":"","Sid":"","Message":"The Software Protection service has completed licensing status check.\r\nApplication Id=0ff1ce15-a989-479d-af46-f275c6370663\r\nLicensing Status=\n1: 85dd8b5f-eaa4-4af3-a628-cce9e77c9a03, 1, 1 [(0 [0x00000000, 1, 0], [(?)( 1 0x00000000)(?)( 2 0x00000000 0 0 msft:rm/algorithm/volume/1.0 0x00000000 252409)(?)(?)(?)(?)])(1 )(2 )(3 )]\n\n\r\n","StringInserts":["0ff1ce15-a989-479d-af46-f275c6370663","\n1: 85dd8b5f-eaa4-4af3-a628-cce9e77c9a03, 1, 1 [(0 [0x00000000, 1, 0], [(?)( 1 0x00000000)(?)( 2 0x00000000 0 0 msft:rm/algorithm/volume/1.0 0x00000000 252409)(?)(?)(?)(?)])(1 )(2 )(3 )]\n\n"]}
{"RecordNumber":24279,"TimeGenerated":"2025-06-30 09:32:13 +0700","TimeWritten":"2025-06-30 09:32:13 +0700","EventID":16384,"Qualifiers":16384,"EventType":"Information","EventCategory":0,"Channel":"Application","SourceName":"Software Protection Platform Service","ComputerName":"DESKTOP-RB8ENUF","Data":"","Sid":"","Message":"Successfully scheduled Software Protection service for re-start at 2025-07-02T06:42:13Z. Reason: RulesEngine.\r\n","StringInserts":["2025-07-02T06:42:13Z","RulesEngine"]}
{"RecordNumber":24280,"TimeGenerated":"2025-06-30 10:25:04 +0700","TimeWritten":"2025-06-30 10:25:04 +0700","EventID":3000,"Qualifiers":16384,"EventType":"Information","EventCategory":0,"Channel":"Application","SourceName":"Process Exit Monitor","ComputerName":"DESKTOP-RB8ENUF","Data":"","Sid":"S-1-5-21-3306260603-718234045-292622573-1001","Message":"The process 'C:\\Program Files\\Microsoft Office\\root\\Office16\\WINWORD.EXE' exited with exit code 0. The creation time for the exiting process was 0x01dbe9671cc19ffc.\r\n","StringInserts":["C:\\Program Files\\Microsoft Office\\root\\Office16\\WINWORD.EXE","0","01dbe9671cc19ffc"]}
{"RecordNumber":24281,"TimeGenerated":"2025-06-30 10:40:53 +0700","TimeWritten":"2025-06-30 10:40:53 +0700","EventID":16394,"Qualifiers":49152,"EventType":"Information","EventCategory":0,"Channel":"Application","SourceName":"Software Protection Platform Service","ComputerName":"DESKTOP-RB8ENUF","Data":"","Sid":"","Message":"Offline downlevel migration succeeded.\r\n","StringInserts":[]}
{"RecordNumber":24282,"TimeGenerated":"2025-06-30 10:41:24 +0700","TimeWritten":"2025-06-30 10:41:24 +0700","EventID":16384,"Qualifiers":16384,"EventType":"Information","EventCategory":0,"Channel":"Application","SourceName":"Software Protection Platform Service","ComputerName":"DESKTOP-RB8ENUF","Data":"","Sid":"","Message":"Successfully scheduled Software Protection service for re-start at 2025-07-02T06:42:24Z. Reason: RulesEngine.\r\n","StringInserts":["2025-07-02T06:42:24Z","RulesEngine"]}
{"RecordNumber":24283,"TimeGenerated":"2025-06-30 11:31:04 +0700","TimeWritten":"2025-06-30 11:31:04 +0700","EventID":16394,"Qualifiers":49152,"EventType":"Information","EventCategory":0,"Channel":"Application","SourceName":"Software Protection Platform Service","ComputerName":"DESKTOP-RB8ENUF","Data":"","Sid":"","Message":"Offline downlevel migration succeeded.\r\n","StringInserts":[]}
{"RecordNumber":24284,"TimeGenerated":"2025-06-30 11:31:34 +0700","TimeWritten":"2025-06-30 11:31:34 +0700","EventID":16384,"Qualifiers":16384,"EventType":"Information","EventCategory":0,"Channel":"Application","SourceName":"Software Protection Platform Service","ComputerName":"DESKTOP-RB8ENUF","Data":"","Sid":"","Message":"Successfully scheduled Software Protection service for re-start at 2025-07-02T06:42:34Z. Reason: RulesEngine.\r\n","StringInserts":["2025-07-02T06:42:34Z","RulesEngine"]}
{"RecordNumber":24285,"TimeGenerated":"2025-06-30 12:24:42 +0700","TimeWritten":"2025-06-30 12:24:42 +0700","EventID":15,"Qualifiers":0,"EventType":"Information","EventCategory":0,"Channel":"Application","SourceName":"SecurityCenter","ComputerName":"DESKTOP-RB8ENUF","Data":"","Sid":"","Message":"Updated Windows Defender status successfully to SECURITY_PRODUCT_STATE_ON.\r\n","StringInserts":["Windows Defender","SECURITY_PRODUCT_STATE_ON"]}
{"RecordNumber":24286,"TimeGenerated":"2025-06-30 12:24:44 +0700","TimeWritten":"2025-06-30 12:24:44 +0700","EventID":15,"Qualifiers":0,"EventType":"Information","EventCategory":0,"Channel":"Application","SourceName":"SecurityCenter","ComputerName":"DESKTOP-RB8ENUF","Data":"","Sid":"","Message":"Updated Windows Defender status successfully to SECURITY_PRODUCT_STATE_ON.\r\n","StringInserts":["Windows Defender","SECURITY_PRODUCT_STATE_ON"]}
{"RecordNumber":24287,"TimeGenerated":"2025-06-30 12:28:01 +0700","TimeWritten":"2025-06-30 12:28:01 +0700","EventID":16394,"Qualifiers":49152,"EventType":"Information","EventCategory":0,"Channel":"Application","SourceName":"Software Protection Platform Service","ComputerName":"DESKTOP-RB8ENUF","Data":"","Sid":"","Message":"Offline downlevel migration succeeded.\r\n","StringInserts":[]}
{"RecordNumber":24288,"TimeGenerated":"2025-06-30 12:28:33 +0700","TimeWritten":"2025-06-30 12:28:33 +0700","EventID":16384,"Qualifiers":16384,"EventType":"Information","EventCategory":0,"Channel":"Application","SourceName":"Software Protection Platform Service","ComputerName":"DESKTOP-RB8ENUF","Data":"","Sid":"","Message":"Successfully scheduled Software Protection service for re-start at 2025-07-02T06:42:33Z. Reason: RulesEngine.\r\n","StringInserts":["2025-07-02T06:42:33Z","RulesEngine"]}
{"RecordNumber":24289,"TimeGenerated":"2025-06-30 14:32:18 +0700","TimeWritten":"2025-06-30 14:32:18 +0700","EventID":0,"Qualifiers":0,"EventType":"Information","EventCategory":0,"Channel":"Application","SourceName":"coccoc","ComputerName":"DESKTOP-RB8ENUF","Data":"","Sid":"","Message":"","StringInserts":["Service stopped"]}
{"RecordNumber":24290,"TimeGenerated":"2025-06-30 14:48:38 +0700","TimeWritten":"2025-06-30 14:48:38 +0700","EventID":16394,"Qualifiers":49152,"EventType":"Information","EventCategory":0,"Channel":"Application","SourceName":"Software Protection Platform Service","ComputerName":"DESKTOP-RB8ENUF","Data":"","Sid":"","Message":"Offline downlevel migration succeeded.\r\n","StringInserts":[]}
{"RecordNumber":24291,"TimeGenerated":"2025-06-30 14:49:09 +0700","TimeWritten":"2025-06-30 14:49:09 +0700","EventID":16384,"Qualifiers":16384,"EventType":"Information","EventCategory":0,"Channel":"Application","SourceName":"Software Protection Platform Service","ComputerName":"DESKTOP-RB8ENUF","Data":"","Sid":"","Message":"Successfully scheduled Software Protection service for re-start at 2025-07-02T06:42:08Z. Reason: RulesEngine.\r\n","StringInserts":["2025-07-02T06:42:08Z","RulesEngine"]}
{"RecordNumber":24292,"TimeGenerated":"2025-06-30 15:05:12 +0700","TimeWritten":"2025-06-30 15:05:12 +0700","EventID":16394,"Qualifiers":49152,"EventType":"Information","EventCategory":0,"Channel":"Application","SourceName":"Software Protection Platform Service","ComputerName":"DESKTOP-RB8ENUF","Data":"","Sid":"","Message":"Offline downlevel migration succeeded.\r\n","StringInserts":[]}
{"RecordNumber":24293,"TimeGenerated":"2025-06-30 15:05:17 +0700","TimeWritten":"2025-06-30 15:05:17 +0700","EventID":12,"Qualifiers":0,"EventType":"Error","EventCategory":0,"Channel":"Application","SourceName":"Microsoft-Windows-AppModel-State","ComputerName":"DESKTOP-RB8ENUF","Data":"","Sid":"S-1-5-21-3306260603-718234045-292622573-1001","Message":"","StringInserts":["Microsoft.Windows.Photos_8wekyb3d8bbwe","-2147024865"]}
{"RecordNumber":24294,"TimeGenerated":"2025-06-30 15:05:44 +0700","TimeWritten":"2025-06-30 15:05:44 +0700","EventID":16384,"Qualifiers":16384,"EventType":"Information","EventCategory":0,"Channel":"Application","SourceName":"Software Protection Platform Service","ComputerName":"DESKTOP-RB8ENUF","Data":"","Sid":"","Message":"Successfully scheduled Software Protection service for re-start at 2025-07-02T06:42:44Z. Reason: RulesEngine.\r\n","StringInserts":["2025-07-02T06:42:44Z","RulesEngine"]}
{"RecordNumber":24295,"TimeGenerated":"2025-06-30 16:49:59 +0700","TimeWritten":"2025-06-30 16:49:59 +0700","EventID":16394,"Qualifiers":49152,"EventType":"Information","EventCategory":0,"Channel":"Application","SourceName":"Software Protection Platform Service","ComputerName":"DESKTOP-RB8ENUF","Data":"","Sid":"","Message":"Offline downlevel migration succeeded.\r\n","StringInserts":[]}
{"RecordNumber":24296,"TimeGenerated":"2025-06-30 16:50:31 +0700","TimeWritten":"2025-06-30 16:50:31 +0700","EventID":16384,"Qualifiers":16384,"EventType":"Information","EventCategory":0,"Channel":"Application","SourceName":"Software Protection Platform Service","ComputerName":"DESKTOP-RB8ENUF","Data":"","Sid":"","Message":"Successfully scheduled Software Protection service for re-start at 2025-07-02T06:42:31Z. Reason: RulesEngine.\r\n","StringInserts":["2025-07-02T06:42:31Z","RulesEngine"]}
{"RecordNumber":24297,"TimeGenerated":"2025-06-30 17:32:46 +0700","TimeWritten":"2025-06-30 17:32:46 +0700","EventID":16394,"Qualifiers":49152,"EventType":"Information","EventCategory":0,"Channel":"Application","SourceName":"Software Protection Platform Service","ComputerName":"DESKTOP-RB8ENUF","Data":"","Sid":"","Message":"Offline downlevel migration succeeded.\r\n","StringInserts":[]}
{"RecordNumber":24298,"TimeGenerated":"2025-06-30 17:33:06 +0700","TimeWritten":"2025-06-30 17:33:06 +0700","EventID":15,"Qualifiers":0,"EventType":"Information","EventCategory":0,"Channel":"Application","SourceName":"SecurityCenter","ComputerName":"DESKTOP-RB8ENUF","Data":"","Sid":"","Message":"Updated Windows Defender status successfully to SECURITY_PRODUCT_STATE_ON.\r\n","StringInserts":["Windows Defender","SECURITY_PRODUCT_STATE_ON"]}
