{"RecordNumber":23800,"TimeGenerated":"2025-06-25 03:18:00 +0700","TimeWritten":"2025-06-25 03:18:00 +0700","EventID":16394,"Qualifiers":49152,"EventType":"Information","EventCategory":0,"Channel":"Application","SourceName":"Software Protection Platform Service","ComputerName":"DESKTOP-RB8ENUF","Data":"","Sid":"","Message":"Offline downlevel migration succeeded.\r\n","StringInserts":[]}
{"RecordNumber":23801,"TimeGenerated":"2025-06-25 03:18:30 +0700","TimeWritten":"2025-06-25 03:18:30 +0700","EventID":16384,"Qualifiers":16384,"EventType":"Information","EventCategory":0,"Channel":"Application","SourceName":"Software Protection Platform Service","ComputerName":"DESKTOP-RB8ENUF","Data":"","Sid":"","Message":"Successfully scheduled Software Protection service for re-start at 2025-06-25T06:42:30Z. Reason: RulesEngine.\r\n","StringInserts":["2025-06-25T06:42:30Z","RulesEngine"]}
{"RecordNumber":23802,"TimeGenerated":"2025-06-25 03:43:23 +0700","TimeWritten":"2025-06-25 03:43:23 +0700","EventID":16394,"Qualifiers":49152,"EventType":"Information","EventCategory":0,"Channel":"Application","SourceName":"Software Protection Platform Service","ComputerName":"DESKTOP-RB8ENUF","Data":"","Sid":"","Message":"Offline downlevel migration succeeded.\r\n","StringInserts":[]}
{"RecordNumber":23803,"TimeGenerated":"2025-06-25 03:43:53 +0700","TimeWritten":"2025-06-25 03:43:53 +0700","EventID":16384,"Qualifiers":16384,"EventType":"Information","EventCategory":0,"Channel":"Application","SourceName":"Software Protection Platform Service","ComputerName":"DESKTOP-RB8ENUF","Data":"","Sid":"","Message":"Successfully scheduled Software Protection service for re-start at 2025-06-25T06:42:53Z. Reason: RulesEngine.\r\n","StringInserts":["2025-06-25T06:42:53Z","RulesEngine"]}
{"RecordNumber":23804,"TimeGenerated":"2025-06-25 03:45:34 +0700","TimeWritten":"2025-06-25 03:45:34 +0700","EventID":16394,"Qualifiers":49152,"EventType":"Information","EventCategory":0,"Channel":"Application","SourceName":"Software Protection Platform Service","ComputerName":"DESKTOP-RB8ENUF","Data":"","Sid":"","Message":"Offline downlevel migration succeeded.\r\n","StringInserts":[]}
{"RecordNumber":23805,"TimeGenerated":"2025-06-25 03:46:04 +0700","TimeWritten":"2025-06-25 03:46:04 +0700","EventID":16384,"Qualifiers":16384,"EventType":"Information","EventCategory":0,"Channel":"Application","SourceName":"Software Protection Platform Service","ComputerName":"DESKTOP-RB8ENUF","Data":"","Sid":"","Message":"Successfully scheduled Software Protection service for re-start at 2025-06-25T06:43:04Z. Reason: RulesEngine.\r\n","StringInserts":["2025-06-25T06:43:04Z","RulesEngine"]}
{"RecordNumber":23806,"TimeGenerated":"2025-06-25 04:29:46 +0700","TimeWritten":"2025-06-25 04:29:46 +0700","EventID":16394,"Qualifiers":49152,"EventType":"Information","EventCategory":0,"Channel":"Application","SourceName":"Software Protection Platform Service","ComputerName":"DESKTOP-RB8ENUF","Data":"","Sid":"","Message":"Offline downlevel migration succeeded.\r\n","StringInserts":[]}
{"RecordNumber":23807,"TimeGenerated":"2025-06-25 04:30:18 +0700","TimeWritten":"2025-06-25 04:30:18 +0700","EventID":16384,"Qualifiers":16384,"EventType":"Information","EventCategory":0,"Channel":"Application","SourceName":"Software Protection Platform Service","ComputerName":"DESKTOP-RB8ENUF","Data":"","Sid":"","Message":"Successfully scheduled Software Protection service for re-start at 2025-06-25T06:42:18Z. Reason: RulesEngine.\r\n","StringInserts":["2025-06-25T06:42:18Z","RulesEngine"]}
{"RecordNumber":17853,"TimeGenerated":"2025-06-25 05:27:37 +0700","TimeWritten":"2025-06-25 05:27:37 +0700","EventID":1796,"Qualifiers":0,"EventType":"Error","EventCategory":0,"Channel":"System","SourceName":"Microsoft-Windows-TPM-WMI","ComputerName":"DESKTOP-RB8ENUF","Data":"","Sid":"S-1-5-18","Message":"The Secure Boot update failed to update a Secure Boot variable with error -2147020471. For more information, please see https://go.microsoft.com/fwlink/?linkid=2169931\r\n","StringInserts":["-2147020471"]}
{"RecordNumber":17854,"TimeGenerated":"2025-06-25 05:27:37 +0700","TimeWritten":"2025-06-25 05:27:37 +0700","EventID":1796,"Qualifiers":0,"EventType":"Error","EventCategory":0,"Channel":"System","SourceName":"Microsoft-Windows-TPM-WMI","ComputerName":"DESKTOP-RB8ENUF","Data":"","Sid":"S-1-5-18","Message":"The Secure Boot update failed to update a Secure Boot variable with error -2147020471. For more information, please see https://go.microsoft.com/fwlink/?linkid=2169931\r\n","StringInserts":["-2147020471"]}
{"RecordNumber":23808,"TimeGenerated":"2025-06-25 06:26:56 +0700","TimeWritten":"2025-06-25 06:26:56 +0700","EventID":16394,"Qualifiers":49152,"EventType":"Information","EventCategory":0,"Channel":"Application","SourceName":"Software Protection Platform Service","ComputerName":"DESKTOP-RB8ENUF","Data":"","Sid":"","Message":"Offline downlevel migration succeeded.\r\n","StringInserts":[]}
{"RecordNumber":17855,"TimeGenerated":"2025-06-25 06:27:32 +0700","TimeWritten":"2025-06-25 06:27:32 +0700","EventID":44,"Qualifiers":0,"EventType":"Information","EventCategory":1,"Channel":"System","SourceName":"Microsoft-Windows-WindowsUpdateClient","ComputerName":"DESKTOP-RB8ENUF","Data":"","Sid":"S-1-5-18","Message":"Windows Update started downloading an update.\r\n","StringInserts":["Security Intelligence Update for Microsoft Defender Antivirus - KB2267602 (Version 1.431.199.0) - Current Channel (Broad)","{339fab08-f551-4964-929d-ae8541091502}","200"]}
{"RecordNumber":17856,"TimeGenerated":"2025-06-25 06:27:32 +0700","TimeWritten":"2025-06-25 06:27:32 +0700","EventID":43,"Qualifiers":0,"EventType":"Information","EventCategory":1,"Channel":"System","SourceName":"Microsoft-Windows-WindowsUpdateClient","ComputerName":"DESKTOP-RB8ENUF","Data":"","Sid":"S-1-5-18","Message":"Installation Started: Windows has started installing the following update: Security Intelligence Update for Microsoft Defender Antivirus - KB2267602 (Version 1.431.199.0) - Current Channel (Broad)\r\n","StringInserts":["Security Intelligence Update for Microsoft Defender Antivirus - KB2267602 (Version 1.431.199.0) - Current Channel (Broad)","{339fab08-f551-4964-929d-ae8541091502}","200"]}
{"RecordNumber":17857,"TimeGenerated":"2025-06-25 06:27:41 +0700","TimeWritten":"2025-06-25 06:27:41 +0700","EventID":19,"Qualifiers":0,"EventType":"Information","EventCategory":1,"Channel":"System","SourceName":"Microsoft-Windows-WindowsUpdateClient","ComputerName":"DESKTOP-RB8ENUF","Data":"","Sid":"S-1-5-18","Message":"Installation Successful: Windows successfully installed the following update: Security Intelligence Update for Microsoft Defender Antivirus - KB2267602 (Version 1.431.199.0) - Current Channel (Broad)\r\n","StringInserts":["Security Intelligence Update for Microsoft Defender Antivirus - KB2267602 (Version 1.431.199.0) - Current Channel (Broad)","{339fab08-f551-4964-929d-ae8541091502}","200","{9482f4b4-e343-43b6-b170-9a65bc822c77}"]}
{"RecordNumber":23809,"TimeGenerated":"2025-06-25 06:27:43 +0700","TimeWritten":"2025-06-25 06:27:43 +0700","EventID":15,"Qualifiers":0,"EventType":"Information","EventCategory":0,"Channel":"Application","SourceName":"SecurityCenter","ComputerName":"DESKTOP-RB8ENUF","Data":"","Sid":"","Message":"Updated Windows Defender status successfully to SECURITY_PRODUCT_STATE_ON.\r\n","StringInserts":["Windows Defender","SECURITY_PRODUCT_STATE_ON"]}
{"RecordNumber":23810,"TimeGenerated":"2025-06-25 06:28:02 +0700","TimeWritten":"2025-06-25 06:28:02 +0700","EventID":16384,"Qualifiers":16384,"EventType":"Information","EventCategory":0,"Channel":"Application","SourceName":"Software Protection Platform Service","ComputerName":"DESKTOP-RB8ENUF","Data":"","Sid":"","Message":"Successfully scheduled Software Protection service for re-start at 2025-06-25T06:43:02Z. Reason: RulesEngine.\r\n","StringInserts":["2025-06-25T06:43:02Z","RulesEngine"]}
{"RecordNumber":23811,"TimeGenerated":"2025-06-25 07:32:24 +0700","TimeWritten":"2025-06-25 07:32:24 +0700","EventID":0,"Qualifiers":0,"EventType":"Information","EventCategory":0,"Channel":"Application","SourceName":"coccoc","ComputerName":"DESKTOP-RB8ENUF","Data":"","Sid":"","Message":"","StringInserts":["Service stopped"]}
{"RecordNumber":23812,"TimeGenerated":"2025-06-25 07:39:07 +0700","TimeWritten":"2025-06-25 07:39:07 +0700","EventID":16394,"Qualifiers":49152,"EventType":"Information","EventCategory":0,"Channel":"Application","SourceName":"Software Protection Platform Service","ComputerName":"DESKTOP-RB8ENUF","Data":"","Sid":"","Message":"Offline downlevel migration succeeded.\r\n","StringInserts":[]}
{"RecordNumber":23813,"TimeGenerated":"2025-06-25 07:39:41 +0700","TimeWritten":"2025-06-25 07:39:41 +0700","EventID":16384,"Qualifiers":16384,"EventType":"Information","EventCategory":0,"Channel":"Application","SourceName":"Software Protection Platform Service","ComputerName":"DESKTOP-RB8ENUF","Data":"","Sid":"","Message":"Successfully scheduled Software Protection service for re-start at 2025-06-25T06:42:41Z. Reason: RulesEngine.\r\n","StringInserts":["2025-06-25T06:42:41Z","RulesEngine"]}
{"RecordNumber":17858,"TimeGenerated":"2025-06-25 08:12:43 +0700","TimeWritten":"2025-06-25 08:12:43 +0700","EventID":16,"Qualifiers":0,"EventType":"Information","EventCategory":0,"Channel":"System","SourceName":"Microsoft-Windows-Kernel-General","ComputerName":"DESKTOP-RB8ENUF","Data":"","Sid":"S-1-5-18","Message":"","StringInserts":["100","\\??\\C:\\Users\\Admin\\AppData\\Local\\Packages\\Microsoft.WindowsStore_8wekyb3d8bbwe\\Settings\\settings.dat","10","2"]}
{"RecordNumber":17859,"TimeGenerated":"2025-06-25 08:27:22 +0700","TimeWritten":"2025-06-25 08:27:22 +0700","EventID":10016,"Qualifiers":0,"EventType":"Warning","EventCategory":0,"Channel":"System","SourceName":"DCOM","ComputerName":"DESKTOP-RB8ENUF","Data":"","Sid":"S-1-5-21-3306260603-718234045-292622573-1001","Message":"The machine-default permission settings do not grant Local Activation permission for the COM Server application with CLSID \r\n{C2F03A33-21F5-47FA-B4BB-156362A2F239}\r\n and APPID \r\n{316CDED5-E4AE-4B15-9113-7055D84DCC97}\r\n to the user DESKTOP-RB8ENUF\\NgThang SID (S-1-5-21-3306260603-718234045-292622573-1001) from address LocalHost (Using LRPC) running in the application container Microsoft.Windows.ShellExperienceHost_10.0.19041.5072_neutral_neutral_cw5n1h2txyewy SID (S-1-15-2-155514346-2573954481-755741238-1654018636-1233331829-3075935687-2861478708). This security permission can be modified using the Component Services administrative tool.\r\n","StringInserts":["machine-default","Local","Activation","{C2F03A33-21F5-47FA-B4BB-156362A2F239}","{316CDED5-E4AE-4B15-9113-7055D84DCC97}","DESKTOP-RB8ENUF","NgThang","S-1-5-21-3306260603-718234045-292622573-1001","LocalHost (Using LRPC)","Microsoft.Windows.ShellExperienceHost_10.0.19041.5072_neutral_neutral_cw5n1h2txyewy","S-1-15-2-155514346-2573954481-755741238-1654018636-1233331829-3075935687-2861478708"]}
{"RecordNumber":23814,"TimeGenerated":"2025-06-25 08:27:05 +0700","TimeWritten":"2025-06-25 08:27:05 +0700","EventID":0,"Qualifiers":0,"EventType":"Information","EventCategory":0,"Channel":"Application","SourceName":"edgeupdate","ComputerName":"DESKTOP-RB8ENUF","Data":"","Sid":"","Message":"Service stopped.\r\n","StringInserts":["Service stopped"]}
{"RecordNumber":17862,"TimeGenerated":"2025-06-25 12:00:00 +0700","TimeWritten":"2025-06-25 12:00:00 +0700","EventID":6013,"Qualifiers":32768,"EventType":"Information","EventCategory":0,"Channel":"System","SourceName":"EventLog","ComputerName":"DESKTOP-RB8ENUF","Data":"31002e003100000030000000570069006e0064006f00770073002000310030002000500072006f000000310030002e0030002e003100390030003400350020004200750069006c0064002000310039003000340035002000200000004d0075006c0074006900700072006f0063006500730073006f007200200046007200650065000000310039003000340031002e00760062005f00720065006c0065006100730065002e003100390031003200300036002d00310034003000360000003600350066003300320061003200320000004e006f007400200041007600610069006c00610062006c00650000004e006f007400200041007600610069006c00610062006c00650000003900000031003200000031003600310032003600000034003000390000004400450053004b0054004f0050002d0052004200380045004e005500460000000000","Sid":"","Message":"The system uptime is 153461 seconds.\r\n","StringInserts":["","","","","153461","60","-420 SE Asia Standard Time"]}
{"RecordNumber":17863,"TimeGenerated":"2025-06-25 12:27:08 +0700","TimeWritten":"2025-06-25 12:27:08 +0700","EventID":10016,"Qualifiers":0,"EventType":"Warning","EventCategory":0,"Channel":"System","SourceName":"DCOM","ComputerName":"DESKTOP-RB8ENUF","Data":"","Sid":"S-1-5-21-3306260603-718234045-292622573-1001","Message":"The machine-default permission settings do not grant Local Activation permission for the COM Server application with CLSID \r\n{C2F03A33-21F5-47FA-B4BB-156362A2F239}\r\n and APPID \r\n{316CDED5-E4AE-4B15-9113-7055D84DCC97}\r\n to the user DESKTOP-RB8ENUF\\NgThang SID (S-1-5-21-3306260603-718234045-292622573-1001) from address LocalHost (Using LRPC) running in the application container Microsoft.Windows.ShellExperienceHost_10.0.19041.5072_neutral_neutral_cw5n1h2txyewy SID (S-1-15-2-155514346-2573954481-755741238-1654018636-1233331829-3075935687-2861478708). This security permission can be modified using the Component Services administrative tool.\r\n","StringInserts":["machine-default","Local","Activation","{C2F03A33-21F5-47FA-B4BB-156362A2F239}","{316CDED5-E4AE-4B15-9113-7055D84DCC97}","DESKTOP-RB8ENUF","NgThang","S-1-5-21-3306260603-718234045-292622573-1001","LocalHost (Using LRPC)","Microsoft.Windows.ShellExperienceHost_10.0.19041.5072_neutral_neutral_cw5n1h2txyewy","S-1-15-2-155514346-2573954481-755741238-1654018636-1233331829-3075935687-2861478708"]}
{"RecordNumber":17864,"TimeGenerated":"2025-06-25 14:11:49 +0700","TimeWritten":"2025-06-25 14:11:49 +0700","EventID":10016,"Qualifiers":0,"EventType":"Warning","EventCategory":0,"Channel":"System","SourceName":"DCOM","ComputerName":"DESKTOP-RB8ENUF","Data":"","Sid":"S-1-5-21-3306260603-718234045-292622573-1001","Message":"The machine-default permission settings do not grant Local Activation permission for the COM Server application with CLSID \r\n{C2F03A33-21F5-47FA-B4BB-156362A2F239}\r\n and APPID \r\n{316CDED5-E4AE-4B15-9113-7055D84DCC97}\r\n to the user DESKTOP-RB8ENUF\\NgThang SID (S-1-5-21-3306260603-718234045-292622573-1001) from address LocalHost (Using LRPC) running in the application container Microsoft.Windows.ShellExperienceHost_10.0.19041.5072_neutral_neutral_cw5n1h2txyewy SID (S-1-15-2-155514346-2573954481-755741238-1654018636-1233331829-3075935687-2861478708). This security permission can be modified using the Component Services administrative tool.\r\n","StringInserts":["machine-default","Local","Activation","{C2F03A33-21F5-47FA-B4BB-156362A2F239}","{316CDED5-E4AE-4B15-9113-7055D84DCC97}","DESKTOP-RB8ENUF","NgThang","S-1-5-21-3306260603-718234045-292622573-1001","LocalHost (Using LRPC)","Microsoft.Windows.ShellExperienceHost_10.0.19041.5072_neutral_neutral_cw5n1h2txyewy","S-1-15-2-155514346-2573954481-755741238-1654018636-1233331829-3075935687-2861478708"]}
{"RecordNumber":23819,"TimeGenerated":"2025-06-25 11:59:14 +0700","TimeWritten":"2025-06-25 11:59:14 +0700","EventID":1001,"Qualifiers":0,"EventType":"Information","EventCategory":0,"Channel":"Application","SourceName":"Windows Error Reporting","ComputerName":"DESKTOP-RB8ENUF","Data":"","Sid":"","Message":"Fault bucket 2111525315961788241, type 5\r\nEvent Name: PerfWatsonVS12Data\r\nResponse: Not available\r\nCab Id: 1877612705133105437\r\n\r\nProblem signature:\r\nP1: PerfWatsonTcdb\r\nP2: 0\r\nP3: 0\r\nP4: 0\r\nP5: 0\r\nP6: \r\nP7: \r\nP8: \r\nP9: \r\nP10: \r\n\r\nAttached files:\r\n\\\\?\\C:\\Users\\Admin\\AppData\\Local\\Temp\\VSTelem.Out\\202506250459_d17.13_17.13.35825.156_21968_34810eae-1693-48b3-8740-512bd3db8edd.tcdb\r\n\\\\?\\C:\\ProgramData\\Microsoft\\Windows\\WER\\Temp\\WERD413.tmp.WERInternalMetadata.xml\r\n\\\\?\\C:\\ProgramData\\Microsoft\\Windows\\WER\\Temp\\WERD481.tmp.xml\r\n\\\\?\\C:\\ProgramData\\Microsoft\\Windows\\WER\\Temp\\WERD490.tmp.csv\r\n\\\\?\\C:\\ProgramData\\Microsoft\\Windows\\WER\\Temp\\WERD4A0.tmp.txt\r\n\\\\?\\C:\\Users\\Admin\\AppData\\Local\\Temp\\WERDDD9.tmp.WERDataCollectionStatus.txt\r\n\r\nThese files may be available here:\r\n\\\\?\\C:\\ProgramData\\Microsoft\\Windows\\WER\\ReportArchive\\NonCritical_PerfWatsonTcdb_688f135dd185f2a8133a474a2518efc6ce6cc4a_00000000_cab_b9ff023f-2438-42c4-aaa5-bfb7307ca303\r\n\r\nAnalysis symbol: \r\nRechecking for solution: 0\r\nReport Id: b9ff023f-2438-42c4-aaa5-bfb7307ca303\r\nReport Status: 268435464\r\nHashed bucket: fb30d2b9a7acf0305d4da51668259751\r\nCab Guid: 4929421d-788e-4747-ba0e-9eceab38111d\r\n","StringInserts":["2111525315961788241","5","PerfWatsonVS12Data","Not available","1877612705133105437","PerfWatsonTcdb","0","0","0","0","","","","","","\r\n\\\\?\\C:\\Users\\Admin\\AppData\\Local\\Temp\\VSTelem.Out\\202506250459_d17.13_17.13.35825.156_21968_34810eae-1693-48b3-8740-512bd3db8edd.tcdb\r\n\\\\?\\C:\\ProgramData\\Microsoft\\Windows\\WER\\Temp\\WERD413.tmp.WERInternalMetadata.xml\r\n\\\\?\\C:\\ProgramData\\Microsoft\\Windows\\WER\\Temp\\WERD481.tmp.xml\r\n\\\\?\\C:\\ProgramData\\Microsoft\\Windows\\WER\\Temp\\WERD490.tmp.csv\r\n\\\\?\\C:\\ProgramData\\Microsoft\\Windows\\WER\\Temp\\WERD4A0.tmp.txt\r\n\\\\?\\C:\\Users\\Admin\\AppData\\Local\\Temp\\WERDDD9.tmp.WERDataCollectionStatus.txt","\\\\?\\C:\\ProgramData\\Microsoft\\Windows\\WER\\ReportArchive\\NonCritical_PerfWatsonTcdb_688f135dd185f2a8133a474a2518efc6ce6cc4a_00000000_cab_b9ff023f-2438-42c4-aaa5-bfb7307ca303","","0","b9ff023f-2438-42c4-aaa5-bfb7307ca303","268435464","fb30d2b9a7acf0305d4da51668259751","4929421d-788e-4747-ba0e-9eceab38111d"]}
{"RecordNumber":23820,"TimeGenerated":"2025-06-25 12:32:10 +0700","TimeWritten":"2025-06-25 12:32:10 +0700","EventID":0,"Qualifiers":0,"EventType":"Information","EventCategory":0,"Channel":"Application","SourceName":"coccoc","ComputerName":"DESKTOP-RB8ENUF","Data":"","Sid":"","Message":"","StringInserts":["Service stopped"]}
{"RecordNumber":23821,"TimeGenerated":"2025-06-25 13:42:30 +0700","TimeWritten":"2025-06-25 13:42:30 +0700","EventID":16394,"Qualifiers":49152,"EventType":"Information","EventCategory":0,"Channel":"Application","SourceName":"Software Protection Platform Service","ComputerName":"DESKTOP-RB8ENUF","Data":"","Sid":"","Message":"Offline downlevel migration succeeded.\r\n","StringInserts":[]}
{"RecordNumber":23822,"TimeGenerated":"2025-06-25 13:42:32 +0700","TimeWritten":"2025-06-25 13:42:32 +0700","EventID":8230,"Qualifiers":16384,"EventType":"Information","EventCategory":0,"Channel":"Application","SourceName":"Software Protection Platform Service","ComputerName":"DESKTOP-RB8ENUF","Data":"","Sid":"","Message":"The rules engine successfully re-evaluated the schedule.\r\nKernel policies:\r\nSecurity-SPP-Action-StateData (REG_SZ) =AppId=55c92734-d682-4d71-983e-d6ec3f16059f;GraceEndDate=2025/12/15:06:42:31;LastConsumptionReason=0x00000000;LastNotificationId=VolumeRenewalRequired;LicenseState=SL_LICENSING_STATUS_LICENSED;PartialProductKey=T83GX;ProductKeyType=Volume:GVLK;SkuId=2de67392-b7a7-462a-b1ca-108dd189f588;ruleId=502ff3ba-669a-4674-bbb1-601f34a3b968;uxDifferentiator=ENVIRONMENT;volumeActivationOrder=normal\r\n","StringInserts":["Security-SPP-Action-StateData (REG_SZ) =AppId=55c92734-d682-4d71-983e-d6ec3f16059f;GraceEndDate=2025/12/15:06:42:31;LastConsumptionReason=0x00000000;LastNotificationId=VolumeRenewalRequired;LicenseState=SL_LICENSING_STATUS_LICENSED;PartialProductKey=T83GX;ProductKeyType=Volume:GVLK;SkuId=2de67392-b7a7-462a-b1ca-108dd189f588;ruleId=502ff3ba-669a-4674-bbb1-601f34a3b968;uxDifferentiator=ENVIRONMENT;volumeActivationOrder=normal"]}
{"RecordNumber":23823,"TimeGenerated":"2025-06-25 13:42:38 +0700","TimeWritten":"2025-06-25 13:42:38 +0700","EventID":12288,"Qualifiers":16384,"EventType":"Information","EventCategory":0,"Channel":"Application","SourceName":"Software Protection Platform Service","ComputerName":"DESKTOP-RB8ENUF","Data":"00000600dc10299c7b78e6d820d7dbd8f8ea613ea5e463da41d7ab1392285846879038e2ecb1100aa90c09fa86f0257fa391e699566de2237e5ea5d68ccdbc6c311874d174678282529bc9bc4d973e53a56f7cecd91f74730322e48b675b2f84f97a650c0d649be6691469eb8c7dba401f2252fa5ac6573da074039353b97c24c2e6f9d915672587739a666960b12131266a58ff12758ee765639fe4dd7bbcba7073b4761d0070d6f8b186657f5333bdfa50ef3bcdd987d203d350df15882079c4b460dfa71b7e7a799a737cbcfded757085af3756a4e822ce2a66e7af469765238d3a281b4f3ec42cbd1d84d8fdb5e87c6855145ee9a4547472eb0fa80a7a32dc849950","Sid":"","Message":"The client has sent an activation request to the key management service machine.\r\nInfo:\r\n0x00000000, 0x00000000, 70.37.61.117:1688, 027b3fcb-307b-4034-99b1-ea592ddb80f7, 2025/06/25 06:42, 0, 1, 249120, 2ca2bf3f-949e-446a-82c7-e25a15ec78c4, 5\r\n","StringInserts":["0x00000000, 0x00000000, 70.37.61.117:1688, 027b3fcb-307b-4034-99b1-ea592ddb80f7, 2025/06/25 06:42, 0, 1, 249120, 2ca2bf3f-949e-446a-82c7-e25a15ec78c4, 5"]}
{"RecordNumber":23824,"TimeGenerated":"2025-06-25 13:42:39 +0700","TimeWritten":"2025-06-25 13:42:39 +0700","EventID":12289,"Qualifiers":16384,"EventType":"Information","EventCategory":0,"Channel":"Application","SourceName":"Software Protection Platform Service","ComputerName":"DESKTOP-RB8ENUF","Data":"000006007c20f94cf95f05b33380d6e33ce1c01c4b573d6fd1b8b8996af73df520344df56ae3a94110c3f040fee2ad3035c6c1a2614bf67c3c152670b25b26c71b853bc3d71a0afba6c1cae73d7821e99a7ef32ab77e1f251add2816be200beec3b0c6b389e6ceeaaa6ea9a315af95ce10f44e2b3530c6ba3ef198e9af8e928c059527fe80cbafb94bc09f9bcc838cfda3a0d051094876212dd9d71c1e23814d71955a597523066348a92e89f49551353ed04d8f3f6bd1e3d5e1a7ef78f84df198f6668d1dbaf3b7fbdb09a51341de61e0b5419e62376b0fabb8588882825906a635aa65d1b515e03daee87a1b065022d1a18fcba5e00f4a7d107deb8621e14c4bb6f348","Sid":"","Message":"The client has processed an activation response from the key management service machine.\r\nInfo:\r\n0x00000000, 0x00000000, 1, 0, 10, 120, 10080, 2025/06/25 06:42\r\n","StringInserts":["0x00000000, 0x00000000, 1, 0, 10, 120, 10080, 2025/06/25 06:42"]}
{"RecordNumber":23825,"TimeGenerated":"2025-06-25 13:42:44 +0700","TimeWritten":"2025-06-25 13:42:44 +0700","EventID":12288,"Qualifiers":16384,"EventType":"Information","EventCategory":0,"Channel":"Application","SourceName":"Software Protection Platform Service","ComputerName":"DESKTOP-RB8ENUF","Data":"00000600ee67d3d3c8cb193365d8cb8d3db1ba213e6c136bb7eac6998d9155fa54a9c0e61399dffaec06748a3a505672e4f175a09ff03decbe9b577156eb1c66061a0f3c72589bc60a0e4211556e570ba518361b1d54408dd9f9f9ba76d953508219b87b1c096d4ad070998bd203a8adc0322474457ecbaae04355442a067bb860ab4016e3cbe7e8b9efd88a6793a7303b5a8bb625f15a115d9c414831d3ce0749d53a6973a91312eb2ea4557a314fe0e795e50863e3c53ebb4af6b69c5c2740793ce0c2d7a92993e556b0511529b7c471d368f3716cd2cec8e3133360e18ceda9a3f0bddef74b22eaa751bcbe55b1bb27c46541c11d4669fcea61176b7393655ec3453b","Sid":"","Message":"The client has sent an activation request to the key management service machine.\r\nInfo:\r\n0x00000000, 0x00000000, 70.37.61.117:1688, 027b3fcb-307b-4034-99b1-ea592ddb80f7, 2025/06/25 06:42, 0, 1, 249120, 2de67392-b7a7-462a-b1ca-108dd189f588, 25\r\n","StringInserts":["0x00000000, 0x00000000, 70.37.61.117:1688, 027b3fcb-307b-4034-99b1-ea592ddb80f7, 2025/06/25 06:42, 0, 1, 249120, 2de67392-b7a7-462a-b1ca-108dd189f588, 25"]}
{"RecordNumber":23826,"TimeGenerated":"2025-06-25 13:42:44 +0700","TimeWritten":"2025-06-25 13:42:44 +0700","EventID":12289,"Qualifiers":16384,"EventType":"Information","EventCategory":0,"Channel":"Application","SourceName":"Software Protection Platform Service","ComputerName":"DESKTOP-RB8ENUF","Data":"00000600e25175784f74ef6a57e5e7902a6dd66496582c64106d05a892d5a95f52e4e0b1c9bccf19807d228ef56ddf94fded358edaa8fc00b340ae80becddd5c471ba13ab3fd9c277caba69c6f3846269d8ac86b57a390231646bb3856f6ea7e2f5f332f784af68d0d64617a9b2e1afe08d7bfae76344299afe326bd945251a2422b280271b9e99dfc210c6e3e24c064c5078002e640cff0039c8aa793700207967799b4c430b1b830d5723da1e3b2fa98d353076db21d8d873224818c5a006895cdfb951d57b0b7740f85ad2cc217af928fb55b25391c432856cb70d0b6a0b4abcf458071a581780e94cdf39c1f93f89712f8205956005629eeccb2e6f1c0181aa5274d","Sid":"","Message":"The client has processed an activation response from the key management service machine.\r\nInfo:\r\n0x00000000, 0x00000000, 1, 0, 50, 120, 10080, 2025/06/25 06:42\r\n","StringInserts":["0x00000000, 0x00000000, 1, 0, 50, 120, 10080, 2025/06/25 06:42"]}
{"RecordNumber":23827,"TimeGenerated":"2025-06-25 13:42:45 +0700","TimeWritten":"2025-06-25 13:42:45 +0700","EventID":1034,"Qualifiers":16384,"EventType":"Information","EventCategory":0,"Channel":"Application","SourceName":"Software Protection Platform Service","ComputerName":"DESKTOP-RB8ENUF","Data":"","Sid":"","Message":"Duplicate definition of policy found. Policy name=AAD-BlockAADWorkplaceJoin-Default  Priority=100\r\n","StringInserts":["AAD-BlockAADWorkplaceJoin-Default","100"]}
{"RecordNumber":23828,"TimeGenerated":"2025-06-25 13:42:45 +0700","TimeWritten":"2025-06-25 13:42:45 +0700","EventID":1034,"Qualifiers":16384,"EventType":"Information","EventCategory":0,"Channel":"Application","SourceName":"Software Protection Platform Service","ComputerName":"DESKTOP-RB8ENUF","Data":"","Sid":"","Message":"Duplicate definition of policy found. Policy name=AAD-BlockAADWorkplaceJoin-Default  Priority=100\r\n","StringInserts":["AAD-BlockAADWorkplaceJoin-Default","100"]}
{"RecordNumber":23829,"TimeGenerated":"2025-06-25 13:42:45 +0700","TimeWritten":"2025-06-25 13:42:45 +0700","EventID":1034,"Qualifiers":16384,"EventType":"Information","EventCategory":0,"Channel":"Application","SourceName":"Software Protection Platform Service","ComputerName":"DESKTOP-RB8ENUF","Data":"","Sid":"","Message":"Duplicate definition of policy found. Policy name=AAD-BlockAADWorkplaceJoin-Default  Priority=100\r\n","StringInserts":["AAD-BlockAADWorkplaceJoin-Default","100"]}
{"RecordNumber":23830,"TimeGenerated":"2025-06-25 13:42:45 +0700","TimeWritten":"2025-06-25 13:42:45 +0700","EventID":1034,"Qualifiers":16384,"EventType":"Information","EventCategory":0,"Channel":"Application","SourceName":"Software Protection Platform Service","ComputerName":"DESKTOP-RB8ENUF","Data":"","Sid":"","Message":"Duplicate definition of policy found. Policy name=AAD-BlockAADWorkplaceJoin-Default  Priority=100\r\n","StringInserts":["AAD-BlockAADWorkplaceJoin-Default","100"]}
{"RecordNumber":23831,"TimeGenerated":"2025-06-25 13:42:45 +0700","TimeWritten":"2025-06-25 13:42:45 +0700","EventID":1034,"Qualifiers":16384,"EventType":"Information","EventCategory":0,"Channel":"Application","SourceName":"Software Protection Platform Service","ComputerName":"DESKTOP-RB8ENUF","Data":"","Sid":"","Message":"Duplicate definition of policy found. Policy name=AAD-BlockAADWorkplaceJoin-Default  Priority=100\r\n","StringInserts":["AAD-BlockAADWorkplaceJoin-Default","100"]}
{"RecordNumber":23832,"TimeGenerated":"2025-06-25 13:42:45 +0700","TimeWritten":"2025-06-25 13:42:45 +0700","EventID":1034,"Qualifiers":16384,"EventType":"Information","EventCategory":0,"Channel":"Application","SourceName":"Software Protection Platform Service","ComputerName":"DESKTOP-RB8ENUF","Data":"","Sid":"","Message":"Duplicate definition of policy found. Policy name=AAD-BlockAADWorkplaceJoin-Default  Priority=100\r\n","StringInserts":["AAD-BlockAADWorkplaceJoin-Default","100"]}
{"RecordNumber":23833,"TimeGenerated":"2025-06-25 13:42:45 +0700","TimeWritten":"2025-06-25 13:42:45 +0700","EventID":1034,"Qualifiers":16384,"EventType":"Information","EventCategory":0,"Channel":"Application","SourceName":"Software Protection Platform Service","ComputerName":"DESKTOP-RB8ENUF","Data":"","Sid":"","Message":"Duplicate definition of policy found. Policy name=AAD-BlockAADWorkplaceJoin-Default  Priority=100\r\n","StringInserts":["AAD-BlockAADWorkplaceJoin-Default","100"]}
{"RecordNumber":23834,"TimeGenerated":"2025-06-25 13:42:45 +0700","TimeWritten":"2025-06-25 13:42:45 +0700","EventID":1034,"Qualifiers":16384,"EventType":"Information","EventCategory":0,"Channel":"Application","SourceName":"Software Protection Platform Service","ComputerName":"DESKTOP-RB8ENUF","Data":"","Sid":"","Message":"Duplicate definition of policy found. Policy name=AAD-BlockAADWorkplaceJoin-Default  Priority=100\r\n","StringInserts":["AAD-BlockAADWorkplaceJoin-Default","100"]}
{"RecordNumber":23835,"TimeGenerated":"2025-06-25 13:42:45 +0700","TimeWritten":"2025-06-25 13:42:45 +0700","EventID":1034,"Qualifiers":16384,"EventType":"Information","EventCategory":0,"Channel":"Application","SourceName":"Software Protection Platform Service","ComputerName":"DESKTOP-RB8ENUF","Data":"","Sid":"","Message":"Duplicate definition of policy found. Policy name=AAD-BlockAADWorkplaceJoin-Default  Priority=100\r\n","StringInserts":["AAD-BlockAADWorkplaceJoin-Default","100"]}
{"RecordNumber":23836,"TimeGenerated":"2025-06-25 13:42:45 +0700","TimeWritten":"2025-06-25 13:42:45 +0700","EventID":1034,"Qualifiers":16384,"EventType":"Information","EventCategory":0,"Channel":"Application","SourceName":"Software Protection Platform Service","ComputerName":"DESKTOP-RB8ENUF","Data":"","Sid":"","Message":"Duplicate definition of policy found. Policy name=AAD-BlockAADWorkplaceJoin-Default  Priority=100\r\n","StringInserts":["AAD-BlockAADWorkplaceJoin-Default","100"]}
{"RecordNumber":23837,"TimeGenerated":"2025-06-25 13:42:45 +0700","TimeWritten":"2025-06-25 13:42:45 +0700","EventID":1034,"Qualifiers":16384,"EventType":"Information","EventCategory":0,"Channel":"Application","SourceName":"Software Protection Platform Service","ComputerName":"DESKTOP-RB8ENUF","Data":"","Sid":"","Message":"Duplicate definition of policy found. Policy name=AAD-BlockAADWorkplaceJoin-Default  Priority=100\r\n","StringInserts":["AAD-BlockAADWorkplaceJoin-Default","100"]}
{"RecordNumber":23838,"TimeGenerated":"2025-06-25 13:42:45 +0700","TimeWritten":"2025-06-25 13:42:45 +0700","EventID":1034,"Qualifiers":16384,"EventType":"Information","EventCategory":0,"Channel":"Application","SourceName":"Software Protection Platform Service","ComputerName":"DESKTOP-RB8ENUF","Data":"","Sid":"","Message":"Duplicate definition of policy found. Policy name=AAD-BlockAADWorkplaceJoin-Default  Priority=100\r\n","StringInserts":["AAD-BlockAADWorkplaceJoin-Default","100"]}
{"RecordNumber":23839,"TimeGenerated":"2025-06-25 13:42:45 +0700","TimeWritten":"2025-06-25 13:42:45 +0700","EventID":1034,"Qualifiers":16384,"EventType":"Information","EventCategory":0,"Channel":"Application","SourceName":"Software Protection Platform Service","ComputerName":"DESKTOP-RB8ENUF","Data":"","Sid":"","Message":"Duplicate definition of policy found. Policy name=AAD-BlockAADWorkplaceJoin-Default  Priority=100\r\n","StringInserts":["AAD-BlockAADWorkplaceJoin-Default","100"]}
{"RecordNumber":23840,"TimeGenerated":"2025-06-25 13:42:45 +0700","TimeWritten":"2025-06-25 13:42:45 +0700","EventID":1034,"Qualifiers":16384,"EventType":"Information","EventCategory":0,"Channel":"Application","SourceName":"Software Protection Platform Service","ComputerName":"DESKTOP-RB8ENUF","Data":"","Sid":"","Message":"Duplicate definition of policy found. Policy name=AAD-BlockAADWorkplaceJoin-Default  Priority=100\r\n","StringInserts":["AAD-BlockAADWorkplaceJoin-Default","100"]}
{"RecordNumber":23841,"TimeGenerated":"2025-06-25 13:42:45 +0700","TimeWritten":"2025-06-25 13:42:45 +0700","EventID":1034,"Qualifiers":16384,"EventType":"Information","EventCategory":0,"Channel":"Application","SourceName":"Software Protection Platform Service","ComputerName":"DESKTOP-RB8ENUF","Data":"","Sid":"","Message":"Duplicate definition of policy found. Policy name=AAD-BlockAADWorkplaceJoin-Default  Priority=100\r\n","StringInserts":["AAD-BlockAADWorkplaceJoin-Default","100"]}
{"RecordNumber":23842,"TimeGenerated":"2025-06-25 13:42:45 +0700","TimeWritten":"2025-06-25 13:42:45 +0700","EventID":1034,"Qualifiers":16384,"EventType":"Information","EventCategory":0,"Channel":"Application","SourceName":"Software Protection Platform Service","ComputerName":"DESKTOP-RB8ENUF","Data":"","Sid":"","Message":"Duplicate definition of policy found. Policy name=AAD-BlockAADWorkplaceJoin-Default  Priority=100\r\n","StringInserts":["AAD-BlockAADWorkplaceJoin-Default","100"]}
{"RecordNumber":23843,"TimeGenerated":"2025-06-25 13:42:45 +0700","TimeWritten":"2025-06-25 13:42:45 +0700","EventID":1034,"Qualifiers":16384,"EventType":"Information","EventCategory":0,"Channel":"Application","SourceName":"Software Protection Platform Service","ComputerName":"DESKTOP-RB8ENUF","Data":"","Sid":"","Message":"Duplicate definition of policy found. Policy name=AAD-BlockAADWorkplaceJoin-Default  Priority=100\r\n","StringInserts":["AAD-BlockAADWorkplaceJoin-Default","100"]}
{"RecordNumber":23844,"TimeGenerated":"2025-06-25 13:42:45 +0700","TimeWritten":"2025-06-25 13:42:45 +0700","EventID":1034,"Qualifiers":16384,"EventType":"Information","EventCategory":0,"Channel":"Application","SourceName":"Software Protection Platform Service","ComputerName":"DESKTOP-RB8ENUF","Data":"","Sid":"","Message":"Duplicate definition of policy found. Policy name=AAD-BlockAADWorkplaceJoin-Default  Priority=100\r\n","StringInserts":["AAD-BlockAADWorkplaceJoin-Default","100"]}
{"RecordNumber":23845,"TimeGenerated":"2025-06-25 13:42:45 +0700","TimeWritten":"2025-06-25 13:42:45 +0700","EventID":1034,"Qualifiers":16384,"EventType":"Information","EventCategory":0,"Channel":"Application","SourceName":"Software Protection Platform Service","ComputerName":"DESKTOP-RB8ENUF","Data":"","Sid":"","Message":"Duplicate definition of policy found. Policy name=AAD-BlockAADWorkplaceJoin-Default  Priority=100\r\n","StringInserts":["AAD-BlockAADWorkplaceJoin-Default","100"]}
{"RecordNumber":23846,"TimeGenerated":"2025-06-25 13:42:45 +0700","TimeWritten":"2025-06-25 13:42:45 +0700","EventID":1034,"Qualifiers":16384,"EventType":"Information","EventCategory":0,"Channel":"Application","SourceName":"Software Protection Platform Service","ComputerName":"DESKTOP-RB8ENUF","Data":"","Sid":"","Message":"Duplicate definition of policy found. Policy name=AAD-BlockAADWorkplaceJoin-Default  Priority=100\r\n","StringInserts":["AAD-BlockAADWorkplaceJoin-Default","100"]}
{"RecordNumber":23847,"TimeGenerated":"2025-06-25 13:42:45 +0700","TimeWritten":"2025-06-25 13:42:45 +0700","EventID":1034,"Qualifiers":16384,"EventType":"Information","EventCategory":0,"Channel":"Application","SourceName":"Software Protection Platform Service","ComputerName":"DESKTOP-RB8ENUF","Data":"","Sid":"","Message":"Duplicate definition of policy found. Policy name=AAD-BlockAADWorkplaceJoin-Default  Priority=100\r\n","StringInserts":["AAD-BlockAADWorkplaceJoin-Default","100"]}
{"RecordNumber":23848,"TimeGenerated":"2025-06-25 13:42:45 +0700","TimeWritten":"2025-06-25 13:42:45 +0700","EventID":1034,"Qualifiers":16384,"EventType":"Information","EventCategory":0,"Channel":"Application","SourceName":"Software Protection Platform Service","ComputerName":"DESKTOP-RB8ENUF","Data":"","Sid":"","Message":"Duplicate definition of policy found. Policy name=Security-SPP-IgnoreDeferredActivation  Priority=500\r\n","StringInserts":["Security-SPP-IgnoreDeferredActivation","500"]}
{"RecordNumber":23849,"TimeGenerated":"2025-06-25 13:42:45 +0700","TimeWritten":"2025-06-25 13:42:45 +0700","EventID":1033,"Qualifiers":16384,"EventType":"Information","EventCategory":0,"Channel":"Application","SourceName":"Software Protection Platform Service","ComputerName":"DESKTOP-RB8ENUF","Data":"","Sid":"","Message":"These policies are being excluded since they are only defined with override-only attribute.\r\nPolicy Names=(Security-SPP-Reserved-EnableNotificationMode) \r\nApp Id=55c92734-d682-4d71-983e-d6ec3f16059f\r\nSku Id=2de67392-b7a7-462a-b1ca-108dd189f588\r\n","StringInserts":["(Security-SPP-Reserved-EnableNotificationMode) ","55c92734-d682-4d71-983e-d6ec3f16059f","2de67392-b7a7-462a-b1ca-108dd189f588"]}
