{"RecordNumber":18592,"TimeGenerated":"2025-07-08 17:33:28 +0700","TimeWritten":"2025-07-08 17:33:28 +0700","EventID":43,"Qualifiers":0,"EventType":"Information","EventCategory":1,"Channel":"System","SourceName":"Microsoft-Windows-WindowsUpdateClient","ComputerName":"DESKTOP-RB8ENUF","Data":"","Sid":"S-1-5-18","Message":"Installation Started: Windows has started installing the following update: Security Intelligence Update for Microsoft Defender Antivirus - KB2267602 (Version 1.431.467.0) - Current Channel (Broad)\r\n","StringInserts":["Security Intelligence Update for Microsoft Defender Antivirus - KB2267602 (Version 1.431.467.0) - Current Channel (Broad)","{d1072d6e-1607-401a-ad29-dda8dd031561}","200"]}
{"RecordNumber":18593,"TimeGenerated":"2025-07-08 17:33:40 +0700","TimeWritten":"2025-07-08 17:33:40 +0700","EventID":19,"Qualifiers":0,"EventType":"Information","EventCategory":1,"Channel":"System","SourceName":"Microsoft-Windows-WindowsUpdateClient","ComputerName":"DESKTOP-RB8ENUF","Data":"","Sid":"S-1-5-18","Message":"Installation Successful: Windows successfully installed the following update: Security Intelligence Update for Microsoft Defender Antivirus - KB2267602 (Version 1.431.467.0) - Current Channel (Broad)\r\n","StringInserts":["Security Intelligence Update for Microsoft Defender Antivirus - KB2267602 (Version 1.431.467.0) - Current Channel (Broad)","{d1072d6e-1607-401a-ad29-dda8dd031561}","200","{9482f4b4-e343-43b6-b170-9a65bc822c77}"]}
{"RecordNumber":18594,"TimeGenerated":"2025-07-08 17:43:09 +0700","TimeWritten":"2025-07-08 17:43:09 +0700","EventID":1014,"Qualifiers":0,"EventType":"Warning","EventCategory":1014,"Channel":"System","SourceName":"Microsoft-Windows-DNS-Client","ComputerName":"DESKTOP-RB8ENUF","Data":"","Sid":"S-1-5-20","Message":"Name resolution for the name settings-win.data.microsoft.com timed out after none of the configured DNS servers responded.\r\n","StringInserts":["settings-win.data.microsoft.com","128","0200000008080808000000000000000000000000000000000000000000000000000000000000000000000000000000000000000000000000000000000000000000000000000000000000000000000000000000000000000000000000000000000000000000000000000000000000000000000000000000000000000000000000"]}
{"RecordNumber":18595,"TimeGenerated":"2025-07-08 17:47:02 +0700","TimeWritten":"2025-07-08 17:47:02 +0700","EventID":7040,"Qualifiers":16384,"EventType":"Information","EventCategory":0,"Channel":"System","SourceName":"Service Control Manager","ComputerName":"DESKTOP-RB8ENUF","Data":"","Sid":"S-1-5-18","Message":"The start type of the Background Intelligent Transfer Service service was changed from demand start to auto start.\r\n","StringInserts":["Background Intelligent Transfer Service","demand start","auto start","BITS"]}
{"RecordNumber":18596,"TimeGenerated":"2025-07-08 17:52:10 +0700","TimeWritten":"2025-07-08 17:52:10 +0700","EventID":7040,"Qualifiers":16384,"EventType":"Information","EventCategory":0,"Channel":"System","SourceName":"Service Control Manager","ComputerName":"DESKTOP-RB8ENUF","Data":"","Sid":"S-1-5-18","Message":"The start type of the Background Intelligent Transfer Service service was changed from auto start to demand start.\r\n","StringInserts":["Background Intelligent Transfer Service","auto start","demand start","BITS"]}
{"RecordNumber":18597,"TimeGenerated":"2025-07-08 17:57:31 +0700","TimeWritten":"2025-07-08 17:57:31 +0700","EventID":1014,"Qualifiers":0,"EventType":"Warning","EventCategory":1014,"Channel":"System","SourceName":"Microsoft-Windows-DNS-Client","ComputerName":"DESKTOP-RB8ENUF","Data":"","Sid":"S-1-5-20","Message":"Name resolution for the name www.google.com timed out after none of the configured DNS servers responded.\r\n","StringInserts":["www.google.com","128","0200000008080808000000000000000000000000000000000000000000000000000000000000000000000000000000000000000000000000000000000000000000000000000000000000000000000000000000000000000000000000000000000000000000000000000000000000000000000000000000000000000000000000"]}
{"RecordNumber":18598,"TimeGenerated":"2025-07-08 18:24:06 +0700","TimeWritten":"2025-07-08 18:24:06 +0700","EventID":7040,"Qualifiers":16384,"EventType":"Information","EventCategory":0,"Channel":"System","SourceName":"Service Control Manager","ComputerName":"DESKTOP-RB8ENUF","Data":"","Sid":"S-1-5-18","Message":"The start type of the Background Intelligent Transfer Service service was changed from demand start to auto start.\r\n","StringInserts":["Background Intelligent Transfer Service","demand start","auto start","BITS"]}
{"RecordNumber":18599,"TimeGenerated":"2025-07-08 18:28:35 +0700","TimeWritten":"2025-07-08 18:28:35 +0700","EventID":10016,"Qualifiers":0,"EventType":"Warning","EventCategory":0,"Channel":"System","SourceName":"DCOM","ComputerName":"DESKTOP-RB8ENUF","Data":"","Sid":"S-1-5-21-3306260603-718234045-292622573-1001","Message":"The machine-default permission settings do not grant Local Activation permission for the COM Server application with CLSID \r\n{C2F03A33-21F5-47FA-B4BB-156362A2F239}\r\n and APPID \r\n{316CDED5-E4AE-4B15-9113-7055D84DCC97}\r\n to the user DESKTOP-RB8ENUF\\NgThang SID (S-1-5-21-3306260603-718234045-292622573-1001) from address LocalHost (Using LRPC) running in the application container Microsoft.Windows.ShellExperienceHost_10.0.19041.5072_neutral_neutral_cw5n1h2txyewy SID (S-1-15-2-155514346-2573954481-755741238-1654018636-1233331829-3075935687-2861478708). This security permission can be modified using the Component Services administrative tool.\r\n","StringInserts":["machine-default","Local","Activation","{C2F03A33-21F5-47FA-B4BB-156362A2F239}","{316CDED5-E4AE-4B15-9113-7055D84DCC97}","DESKTOP-RB8ENUF","NgThang","S-1-5-21-3306260603-718234045-292622573-1001","LocalHost (Using LRPC)","Microsoft.Windows.ShellExperienceHost_10.0.19041.5072_neutral_neutral_cw5n1h2txyewy","S-1-15-2-155514346-2573954481-755741238-1654018636-1233331829-3075935687-2861478708"]}
{"RecordNumber":18600,"TimeGenerated":"2025-07-08 21:50:45 +0700","TimeWritten":"2025-07-08 21:50:45 +0700","EventID":15,"Qualifiers":0,"EventType":"Information","EventCategory":10,"Channel":"System","SourceName":"Microsoft-Windows-Kernel-General","ComputerName":"DESKTOP-RB8ENUF","Data":"","Sid":"S-1-5-18","Message":"","StringInserts":["41","\\??\\C:\\Windows\\System32\\config\\COMPONENTS","34254848","34189312"]}
{"RecordNumber":18601,"TimeGenerated":"2025-07-08 22:54:09 +0700","TimeWritten":"2025-07-08 22:54:09 +0700","EventID":16,"Qualifiers":0,"EventType":"Information","EventCategory":0,"Channel":"System","SourceName":"Microsoft-Windows-Kernel-General","ComputerName":"DESKTOP-RB8ENUF","Data":"","Sid":"S-1-5-18","Message":"","StringInserts":["119","\\??\\C:\\Windows\\ServiceProfiles\\NetworkService\\AppData\\Local\\Microsoft\\Windows\\DeliveryOptimization\\State\\dosvcState.dat","4","1"]}
{"RecordNumber":18602,"TimeGenerated":"2025-07-08 22:54:15 +0700","TimeWritten":"2025-07-08 22:54:15 +0700","EventID":44,"Qualifiers":0,"EventType":"Information","EventCategory":1,"Channel":"System","SourceName":"Microsoft-Windows-WindowsUpdateClient","ComputerName":"DESKTOP-RB8ENUF","Data":"","Sid":"S-1-5-18","Message":"Windows Update started downloading an update.\r\n","StringInserts":["9NHT9RB2F4HD-Microsoft.Copilot","{a5b4eb1e-37ac-47d5-b0d3-9d69f879e7c6}","1"]}
{"RecordNumber":18603,"TimeGenerated":"2025-07-08 22:54:15 +0700","TimeWritten":"2025-07-08 22:54:15 +0700","EventID":44,"Qualifiers":0,"EventType":"Information","EventCategory":1,"Channel":"System","SourceName":"Microsoft-Windows-WindowsUpdateClient","ComputerName":"DESKTOP-RB8ENUF","Data":"","Sid":"S-1-5-18","Message":"Windows Update started downloading an update.\r\n","StringInserts":["9WZDNCRD29V9-MICROSOFT.MICROSOFTOFFICEHUB","{1719a55d-64ad-4a8c-8a69-4199e80d7396}","1"]}
{"RecordNumber":18604,"TimeGenerated":"2025-07-08 22:54:15 +0700","TimeWritten":"2025-07-08 22:54:15 +0700","EventID":44,"Qualifiers":0,"EventType":"Information","EventCategory":1,"Channel":"System","SourceName":"Microsoft-Windows-WindowsUpdateClient","ComputerName":"DESKTOP-RB8ENUF","Data":"","Sid":"S-1-5-18","Message":"Windows Update started downloading an update.\r\n","StringInserts":["9P8K5G2MWW6Z-AppUp.IntelArcSoftware","{5a009887-dff9-47b2-9602-cd7d86536d08}","1"]}
{"RecordNumber":18605,"TimeGenerated":"2025-07-08 22:54:17 +0700","TimeWritten":"2025-07-08 22:54:17 +0700","EventID":43,"Qualifiers":0,"EventType":"Information","EventCategory":1,"Channel":"System","SourceName":"Microsoft-Windows-WindowsUpdateClient","ComputerName":"DESKTOP-RB8ENUF","Data":"","Sid":"S-1-5-18","Message":"Installation Started: Windows has started installing the following update: 9P8K5G2MWW6Z-AppUp.IntelArcSoftware\r\n","StringInserts":["9P8K5G2MWW6Z-AppUp.IntelArcSoftware","{5a009887-dff9-47b2-9602-cd7d86536d08}","1"]}
{"RecordNumber":18606,"TimeGenerated":"2025-07-08 22:54:18 +0700","TimeWritten":"2025-07-08 22:54:18 +0700","EventID":20,"Qualifiers":0,"EventType":"Error","EventCategory":1,"Channel":"System","SourceName":"Microsoft-Windows-WindowsUpdateClient","ComputerName":"DESKTOP-RB8ENUF","Data":"","Sid":"S-1-5-18","Message":"Installation Failure: Windows failed to install the following update with error 0x80073d02: 9P8K5G2MWW6Z-AppUp.IntelArcSoftware.\r\n","StringInserts":["0x80073d02","9P8K5G2MWW6Z-AppUp.IntelArcSoftware","{5a009887-dff9-47b2-9602-cd7d86536d08}","1","{855e8a7c-ecb4-4ca3-b045-1dfa50104289}"]}
{"RecordNumber":18607,"TimeGenerated":"2025-07-08 22:54:20 +0700","TimeWritten":"2025-07-08 22:54:20 +0700","EventID":16,"Qualifiers":0,"EventType":"Information","EventCategory":0,"Channel":"System","SourceName":"Microsoft-Windows-Kernel-General","ComputerName":"DESKTOP-RB8ENUF","Data":"","Sid":"S-1-5-18","Message":"","StringInserts":["143","\\??\\C:\\ProgramData\\Microsoft\\Windows\\AppRepository\\Packages\\Microsoft.MicrosoftOfficeHub_19.2507.32091.0_x64__8wekyb3d8bbwe\\ActivationStore.dat","0","0"]}
{"RecordNumber":18608,"TimeGenerated":"2025-07-08 22:54:21 +0700","TimeWritten":"2025-07-08 22:54:21 +0700","EventID":43,"Qualifiers":0,"EventType":"Information","EventCategory":1,"Channel":"System","SourceName":"Microsoft-Windows-WindowsUpdateClient","ComputerName":"DESKTOP-RB8ENUF","Data":"","Sid":"S-1-5-18","Message":"Installation Started: Windows has started installing the following update: 9WZDNCRD29V9-MICROSOFT.MICROSOFTOFFICEHUB\r\n","StringInserts":["9WZDNCRD29V9-MICROSOFT.MICROSOFTOFFICEHUB","{1719a55d-64ad-4a8c-8a69-4199e80d7396}","1"]}
{"RecordNumber":18609,"TimeGenerated":"2025-07-08 22:54:21 +0700","TimeWritten":"2025-07-08 22:54:21 +0700","EventID":16,"Qualifiers":0,"EventType":"Information","EventCategory":0,"Channel":"System","SourceName":"Microsoft-Windows-Kernel-General","ComputerName":"DESKTOP-RB8ENUF","Data":"","Sid":"S-1-5-21-3306260603-718234045-292622573-1001","Message":"","StringInserts":["106","\\??\\C:\\Users\\Admin\\AppData\\Local\\Packages\\Microsoft.MicrosoftOfficeHub_8wekyb3d8bbwe\\Settings\\settings.dat","1","1"]}
{"RecordNumber":18610,"TimeGenerated":"2025-07-08 22:54:22 +0700","TimeWritten":"2025-07-08 22:54:22 +0700","EventID":19,"Qualifiers":0,"EventType":"Information","EventCategory":1,"Channel":"System","SourceName":"Microsoft-Windows-WindowsUpdateClient","ComputerName":"DESKTOP-RB8ENUF","Data":"","Sid":"S-1-5-18","Message":"Installation Successful: Windows successfully installed the following update: 9WZDNCRD29V9-MICROSOFT.MICROSOFTOFFICEHUB\r\n","StringInserts":["9WZDNCRD29V9-MICROSOFT.MICROSOFTOFFICEHUB","{1719a55d-64ad-4a8c-8a69-4199e80d7396}","1","{855e8a7c-ecb4-4ca3-b045-1dfa50104289}"]}
{"RecordNumber":18611,"TimeGenerated":"2025-07-08 22:54:22 +0700","TimeWritten":"2025-07-08 22:54:22 +0700","EventID":43,"Qualifiers":0,"EventType":"Information","EventCategory":1,"Channel":"System","SourceName":"Microsoft-Windows-WindowsUpdateClient","ComputerName":"DESKTOP-RB8ENUF","Data":"","Sid":"S-1-5-18","Message":"Installation Started: Windows has started installing the following update: 9NHT9RB2F4HD-Microsoft.Copilot\r\n","StringInserts":["9NHT9RB2F4HD-Microsoft.Copilot","{a5b4eb1e-37ac-47d5-b0d3-9d69f879e7c6}","1"]}
{"RecordNumber":18612,"TimeGenerated":"2025-07-08 22:54:59 +0700","TimeWritten":"2025-07-08 22:54:59 +0700","EventID":16,"Qualifiers":0,"EventType":"Information","EventCategory":0,"Channel":"System","SourceName":"Microsoft-Windows-Kernel-General","ComputerName":"DESKTOP-RB8ENUF","Data":"","Sid":"S-1-5-21-3306260603-718234045-292622573-1001","Message":"","StringInserts":["95","\\??\\C:\\Users\\Admin\\AppData\\Local\\Packages\\Microsoft.Copilot_8wekyb3d8bbwe\\Settings\\settings.dat","18","1"]}
{"RecordNumber":18613,"TimeGenerated":"2025-07-08 22:55:00 +0700","TimeWritten":"2025-07-08 22:55:00 +0700","EventID":19,"Qualifiers":0,"EventType":"Information","EventCategory":1,"Channel":"System","SourceName":"Microsoft-Windows-WindowsUpdateClient","ComputerName":"DESKTOP-RB8ENUF","Data":"","Sid":"S-1-5-18","Message":"Installation Successful: Windows successfully installed the following update: 9NHT9RB2F4HD-Microsoft.Copilot\r\n","StringInserts":["9NHT9RB2F4HD-Microsoft.Copilot","{a5b4eb1e-37ac-47d5-b0d3-9d69f879e7c6}","1","{855e8a7c-ecb4-4ca3-b045-1dfa50104289}"]}
{"RecordNumber":18614,"TimeGenerated":"2025-07-08 23:44:50 +0700","TimeWritten":"2025-07-08 23:44:50 +0700","EventID":1014,"Qualifiers":0,"EventType":"Warning","EventCategory":1014,"Channel":"System","SourceName":"Microsoft-Windows-DNS-Client","ComputerName":"DESKTOP-RB8ENUF","Data":"","Sid":"S-1-5-20","Message":"Name resolution for the name array613.prod.do.dsp.mp.microsoft.com timed out after none of the configured DNS servers responded.\r\n","StringInserts":["array613.prod.do.dsp.mp.microsoft.com","128","0200000008080808000000000000000000000000000000000000000000000000000000000000000000000000000000000000000000000000000000000000000000000000000000000000000000000000000000000000000000000000000000000000000000000000000000000000000000000000000000000000000000000000"]}
{"RecordNumber":18615,"TimeGenerated":"2025-07-09 00:55:26 +0700","TimeWritten":"2025-07-09 00:55:26 +0700","EventID":1014,"Qualifiers":0,"EventType":"Warning","EventCategory":1014,"Channel":"System","SourceName":"Microsoft-Windows-DNS-Client","ComputerName":"DESKTOP-RB8ENUF","Data":"","Sid":"S-1-5-20","Message":"Name resolution for the name functions3.ultraviewer.net timed out after none of the configured DNS servers responded.\r\n","StringInserts":["functions3.ultraviewer.net","128","0200000008080808000000000000000000000000000000000000000000000000000000000000000000000000000000000000000000000000000000000000000000000000000000000000000000000000000000000000000000000000000000000000000000000000000000000000000000000000000000000000000000000000"]}
{"RecordNumber":18616,"TimeGenerated":"2025-07-09 00:55:30 +0700","TimeWritten":"2025-07-09 00:55:30 +0700","EventID":234,"Qualifiers":0,"EventType":"Information","EventCategory":0,"Channel":"System","SourceName":"Microsoft-Windows-Hyper-V-VmSwitch","ComputerName":"DESKTOP-RB8ENUF","Data":"","Sid":"S-1-5-18","Message":"NIC 60219CB2-543E-4DF2-926E-F3E32B00B22B successfully disconnected from port .\r\n","StringInserts":["36","60219CB2-543E-4DF2-926E-F3E32B00B22B","1",""]}
{"RecordNumber":18617,"TimeGenerated":"2025-07-09 00:55:31 +0700","TimeWritten":"2025-07-09 00:55:31 +0700","EventID":7,"Qualifiers":0,"EventType":"Information","EventCategory":1004,"Channel":"System","SourceName":"Microsoft-Windows-Hyper-V-VmSwitch","ComputerName":"DESKTOP-RB8ENUF","Data":"","Sid":"S-1-5-18","Message":"Miniport NIC 60219CB2-543E-4DF2-926E-F3E32B00B22B (Friendly Name: WSL) successfully initialized.\r\n","StringInserts":["36","60219CB2-543E-4DF2-926E-F3E32B00B22B","3","WSL"]}
{"RecordNumber":18618,"TimeGenerated":"2025-07-09 00:55:31 +0700","TimeWritten":"2025-07-09 00:55:31 +0700","EventID":5,"Qualifiers":0,"EventType":"Information","EventCategory":1003,"Channel":"System","SourceName":"Microsoft-Windows-Hyper-V-VmSwitch","ComputerName":"DESKTOP-RB8ENUF","Data":"","Sid":"S-1-5-18","Message":"Miniport NIC 60219CB2-543E-4DF2-926E-F3E32B00B22B (Friendly Name: ) successfully enabled\r\n","StringInserts":["36","60219CB2-543E-4DF2-926E-F3E32B00B22B","1",""]}
{"RecordNumber":18619,"TimeGenerated":"2025-07-09 00:55:31 +0700","TimeWritten":"2025-07-09 00:55:31 +0700","EventID":232,"Qualifiers":0,"EventType":"Information","EventCategory":0,"Channel":"System","SourceName":"Microsoft-Windows-Hyper-V-VmSwitch","ComputerName":"DESKTOP-RB8ENUF","Data":"","Sid":"S-1-5-18","Message":"NIC 60219CB2-543E-4DF2-926E-F3E32B00B22B (Friendly Name: WSL) successfully connected to port D6F07F9E-5E1A-4C35-960F-ACBB3F964D45 (Friendly Name: Container NIC d291bd94) on switch B36A3EE9-E4C2-4344-A844-8F5162661079(Friendly Name: WSL).\r\n","StringInserts":["36","60219CB2-543E-4DF2-926E-F3E32B00B22B","3","WSL","36","D6F07F9E-5E1A-4C35-960F-ACBB3F964D45","22","Container NIC d291bd94","36","B36A3EE9-E4C2-4344-A844-8F5162661079","3","WSL"]}
{"RecordNumber":18620,"TimeGenerated":"2025-07-09 00:55:34 +0700","TimeWritten":"2025-07-09 00:55:34 +0700","EventID":2505,"Qualifiers":49152,"EventType":"Error","EventCategory":0,"Channel":"System","SourceName":"Server","ComputerName":"DESKTOP-RB8ENUF","Data":"34000000","Sid":"","Message":"The server could not bind to the transport \\Device\\NetBT_Tcpip_{8385D876-EC31-4058-A1BA-561C0E6A3EEA} because another computer on the network has the same name.  The server could not start.\r\n","StringInserts":["\\Device\\NetBT_Tcpip_{8385D876-EC31-4058-A1BA-561C0E6A3EEA}"]}
{"RecordNumber":18621,"TimeGenerated":"2025-07-09 00:55:34 +0700","TimeWritten":"2025-07-09 00:55:34 +0700","EventID":4321,"Qualifiers":49152,"EventType":"Error","EventCategory":0,"Channel":"System","SourceName":"NetBT","ComputerName":"DESKTOP-RB8ENUF","Data":"000000000400320000000000e11000c001010000010000c004000000000000000000000000000000","Sid":"","Message":"The name \"DESKTOP-RB8ENUF:0\" could not be registered on the interface with IP address 169.254.8.25.\r\nThe computer with the IP address 169.254.243.19 did not allow the name to be claimed by\r\nthis computer.\r\n","StringInserts":["","DESKTOP-RB8ENUF:0","169.254.8.25","169.254.243.19"]}
{"RecordNumber":18622,"TimeGenerated":"2025-07-09 00:55:34 +0700","TimeWritten":"2025-07-09 00:55:34 +0700","EventID":4321,"Qualifiers":49152,"EventType":"Error","EventCategory":0,"Channel":"System","SourceName":"NetBT","ComputerName":"DESKTOP-RB8ENUF","Data":"000000000400320000000000e11000c001010000010000c005000000000000000000000000000000","Sid":"","Message":"The name \"DESKTOP-RB8ENUF:20\" could not be registered on the interface with IP address 169.254.8.25.\r\nThe computer with the IP address 169.254.243.19 did not allow the name to be claimed by\r\nthis computer.\r\n","StringInserts":["","DESKTOP-RB8ENUF:20","169.254.8.25","169.254.243.19"]}
{"RecordNumber":18623,"TimeGenerated":"2025-07-09 01:07:43 +0700","TimeWritten":"2025-07-09 01:07:43 +0700","EventID":15,"Qualifiers":0,"EventType":"Information","EventCategory":10,"Channel":"System","SourceName":"Microsoft-Windows-Kernel-General","ComputerName":"DESKTOP-RB8ENUF","Data":"","Sid":"S-1-5-18","Message":"","StringInserts":["115","\\??\\C:\\Windows\\SysWOW64\\config\\systemprofile\\AppData\\Local\\Microsoft\\VisualStudio\\17.0_6cb15d04\\privateregistry.bin","7651328","6877184"]}
{"RecordNumber":18624,"TimeGenerated":"2025-07-09 01:22:48 +0700","TimeWritten":"2025-07-09 01:22:48 +0700","EventID":158,"Qualifiers":0,"EventType":"Information","EventCategory":0,"Channel":"System","SourceName":"Microsoft-Windows-Time-Service","ComputerName":"DESKTOP-RB8ENUF","Data":"","Sid":"S-1-5-19","Message":"The time provider 'VMICTimeProvider' has indicated that the current hardware and operating environment is not supported and has stopped. This behavior is expected for VMICTimeProvider on non-HyperV-guest environments. This may be the expected behavior for the current provider in the current operating environment as well.\r\n","StringInserts":["VMICTimeProvider"]}
{"RecordNumber":18625,"TimeGenerated":"2025-07-09 01:22:48 +0700","TimeWritten":"2025-07-09 01:22:48 +0700","EventID":134,"Qualifiers":0,"EventType":"Warning","EventCategory":0,"Channel":"System","SourceName":"Microsoft-Windows-Time-Service","ComputerName":"DESKTOP-RB8ENUF","Data":"","Sid":"S-1-5-19","Message":"NtpClient was unable to set a manual peer to use as a time source because of DNS resolution error on 'time.windows.com,0x9'. NtpClient will try again in 15 minutes and double the reattempt interval thereafter. The error was: No such host is known. (0x80072AF9)\r\n","StringInserts":["No such host is known. (0x80072AF9)","15","time.windows.com,0x9"]}
{"RecordNumber":18626,"TimeGenerated":"2025-07-09 01:22:49 +0700","TimeWritten":"2025-07-09 01:22:49 +0700","EventID":134,"Qualifiers":0,"EventType":"Warning","EventCategory":0,"Channel":"System","SourceName":"Microsoft-Windows-Time-Service","ComputerName":"DESKTOP-RB8ENUF","Data":"","Sid":"S-1-5-19","Message":"NtpClient was unable to set a manual peer to use as a time source because of DNS resolution error on 'time.windows.com,0x9'. NtpClient will try again in 15 minutes and double the reattempt interval thereafter. The error was: No such host is known. (0x80072AF9)\r\n","StringInserts":["No such host is known. (0x80072AF9)","15","time.windows.com,0x9"]}
{"RecordNumber":18627,"TimeGenerated":"2025-07-09 01:40:08 +0700","TimeWritten":"2025-07-09 01:40:08 +0700","EventID":158,"Qualifiers":0,"EventType":"Information","EventCategory":0,"Channel":"System","SourceName":"Microsoft-Windows-Time-Service","ComputerName":"DESKTOP-RB8ENUF","Data":"","Sid":"S-1-5-19","Message":"The time provider 'VMICTimeProvider' has indicated that the current hardware and operating environment is not supported and has stopped. This behavior is expected for VMICTimeProvider on non-HyperV-guest environments. This may be the expected behavior for the current provider in the current operating environment as well.\r\n","StringInserts":["VMICTimeProvider"]}
{"RecordNumber":18628,"TimeGenerated":"2025-07-09 01:57:12 +0700","TimeWritten":"2025-07-09 01:57:12 +0700","EventID":158,"Qualifiers":0,"EventType":"Information","EventCategory":0,"Channel":"System","SourceName":"Microsoft-Windows-Time-Service","ComputerName":"DESKTOP-RB8ENUF","Data":"","Sid":"S-1-5-19","Message":"The time provider 'VMICTimeProvider' has indicated that the current hardware and operating environment is not supported and has stopped. This behavior is expected for VMICTimeProvider on non-HyperV-guest environments. This may be the expected behavior for the current provider in the current operating environment as well.\r\n","StringInserts":["VMICTimeProvider"]}
{"RecordNumber":18629,"TimeGenerated":"2025-07-09 02:14:16 +0700","TimeWritten":"2025-07-09 02:14:16 +0700","EventID":158,"Qualifiers":0,"EventType":"Information","EventCategory":0,"Channel":"System","SourceName":"Microsoft-Windows-Time-Service","ComputerName":"DESKTOP-RB8ENUF","Data":"","Sid":"S-1-5-19","Message":"The time provider 'VMICTimeProvider' has indicated that the current hardware and operating environment is not supported and has stopped. This behavior is expected for VMICTimeProvider on non-HyperV-guest environments. This may be the expected behavior for the current provider in the current operating environment as well.\r\n","StringInserts":["VMICTimeProvider"]}
{"RecordNumber":18630,"TimeGenerated":"2025-07-09 02:31:20 +0700","TimeWritten":"2025-07-09 02:31:20 +0700","EventID":158,"Qualifiers":0,"EventType":"Information","EventCategory":0,"Channel":"System","SourceName":"Microsoft-Windows-Time-Service","ComputerName":"DESKTOP-RB8ENUF","Data":"","Sid":"S-1-5-19","Message":"The time provider 'VMICTimeProvider' has indicated that the current hardware and operating environment is not supported and has stopped. This behavior is expected for VMICTimeProvider on non-HyperV-guest environments. This may be the expected behavior for the current provider in the current operating environment as well.\r\n","StringInserts":["VMICTimeProvider"]}
{"RecordNumber":18631,"TimeGenerated":"2025-07-09 05:27:37 +0700","TimeWritten":"2025-07-09 05:27:37 +0700","EventID":1796,"Qualifiers":0,"EventType":"Error","EventCategory":0,"Channel":"System","SourceName":"Microsoft-Windows-TPM-WMI","ComputerName":"DESKTOP-RB8ENUF","Data":"","Sid":"S-1-5-18","Message":"The Secure Boot update failed to update a Secure Boot variable with error -2147020471. For more information, please see https://go.microsoft.com/fwlink/?linkid=2169931\r\n","StringInserts":["-2147020471"]}
{"RecordNumber":18632,"TimeGenerated":"2025-07-09 05:27:37 +0700","TimeWritten":"2025-07-09 05:27:37 +0700","EventID":1796,"Qualifiers":0,"EventType":"Error","EventCategory":0,"Channel":"System","SourceName":"Microsoft-Windows-TPM-WMI","ComputerName":"DESKTOP-RB8ENUF","Data":"","Sid":"S-1-5-18","Message":"The Secure Boot update failed to update a Secure Boot variable with error -2147020471. For more information, please see https://go.microsoft.com/fwlink/?linkid=2169931\r\n","StringInserts":["-2147020471"]}
{"RecordNumber":18633,"TimeGenerated":"2025-07-09 07:29:40 +0700","TimeWritten":"2025-07-09 07:29:40 +0700","EventID":234,"Qualifiers":0,"EventType":"Information","EventCategory":0,"Channel":"System","SourceName":"Microsoft-Windows-Hyper-V-VmSwitch","ComputerName":"DESKTOP-RB8ENUF","Data":"","Sid":"S-1-5-18","Message":"NIC 60219CB2-543E-4DF2-926E-F3E32B00B22B successfully disconnected from port .\r\n","StringInserts":["36","60219CB2-543E-4DF2-926E-F3E32B00B22B","1",""]}
{"RecordNumber":18634,"TimeGenerated":"2025-07-09 07:29:40 +0700","TimeWritten":"2025-07-09 07:29:40 +0700","EventID":7,"Qualifiers":0,"EventType":"Information","EventCategory":1004,"Channel":"System","SourceName":"Microsoft-Windows-Hyper-V-VmSwitch","ComputerName":"DESKTOP-RB8ENUF","Data":"","Sid":"S-1-5-18","Message":"Miniport NIC 60219CB2-543E-4DF2-926E-F3E32B00B22B (Friendly Name: WSL) successfully initialized.\r\n","StringInserts":["36","60219CB2-543E-4DF2-926E-F3E32B00B22B","3","WSL"]}
{"RecordNumber":18635,"TimeGenerated":"2025-07-09 07:29:40 +0700","TimeWritten":"2025-07-09 07:29:40 +0700","EventID":5,"Qualifiers":0,"EventType":"Information","EventCategory":1003,"Channel":"System","SourceName":"Microsoft-Windows-Hyper-V-VmSwitch","ComputerName":"DESKTOP-RB8ENUF","Data":"","Sid":"S-1-5-18","Message":"Miniport NIC 60219CB2-543E-4DF2-926E-F3E32B00B22B (Friendly Name: ) successfully enabled\r\n","StringInserts":["36","60219CB2-543E-4DF2-926E-F3E32B00B22B","1",""]}
{"RecordNumber":18636,"TimeGenerated":"2025-07-09 07:29:40 +0700","TimeWritten":"2025-07-09 07:29:40 +0700","EventID":232,"Qualifiers":0,"EventType":"Information","EventCategory":0,"Channel":"System","SourceName":"Microsoft-Windows-Hyper-V-VmSwitch","ComputerName":"DESKTOP-RB8ENUF","Data":"","Sid":"S-1-5-18","Message":"NIC 60219CB2-543E-4DF2-926E-F3E32B00B22B (Friendly Name: WSL) successfully connected to port D6F07F9E-5E1A-4C35-960F-ACBB3F964D45 (Friendly Name: Container NIC d291bd94) on switch B36A3EE9-E4C2-4344-A844-8F5162661079(Friendly Name: WSL).\r\n","StringInserts":["36","60219CB2-543E-4DF2-926E-F3E32B00B22B","3","WSL","36","D6F07F9E-5E1A-4C35-960F-ACBB3F964D45","22","Container NIC d291bd94","36","B36A3EE9-E4C2-4344-A844-8F5162661079","3","WSL"]}
{"RecordNumber":18637,"TimeGenerated":"2025-07-09 07:29:43 +0700","TimeWritten":"2025-07-09 07:29:43 +0700","EventID":4321,"Qualifiers":49152,"EventType":"Error","EventCategory":0,"Channel":"System","SourceName":"NetBT","ComputerName":"DESKTOP-RB8ENUF","Data":"000000000400320000000000e11000c002010000010000c006000000000000000000000000000000","Sid":"","Message":"The name \"DESKTOP-RB8ENUF:0\" could not be registered on the interface with IP address 192.168.2.192.\r\nThe computer with the IP address 192.168.2.227 did not allow the name to be claimed by\r\nthis computer.\r\n","StringInserts":["","DESKTOP-RB8ENUF:0","192.168.2.192","192.168.2.227"]}
{"RecordNumber":18638,"TimeGenerated":"2025-07-09 07:32:02 +0700","TimeWritten":"2025-07-09 07:32:02 +0700","EventID":7040,"Qualifiers":16384,"EventType":"Information","EventCategory":0,"Channel":"System","SourceName":"Service Control Manager","ComputerName":"DESKTOP-RB8ENUF","Data":"","Sid":"S-1-5-18","Message":"The start type of the Background Intelligent Transfer Service service was changed from auto start to demand start.\r\n","StringInserts":["Background Intelligent Transfer Service","auto start","demand start","BITS"]}
{"RecordNumber":18639,"TimeGenerated":"2025-07-09 08:10:34 +0700","TimeWritten":"2025-07-09 08:10:34 +0700","EventID":4321,"Qualifiers":49152,"EventType":"Error","EventCategory":0,"Channel":"System","SourceName":"NetBT","ComputerName":"DESKTOP-RB8ENUF","Data":"000000000400320000000000e11000c001010000010000c007000000000000000000000000000000","Sid":"","Message":"The name \"DESKTOP-RB8ENUF:0\" could not be registered on the interface with IP address 192.168.2.192.\r\nThe computer with the IP address 192.168.2.145 did not allow the name to be claimed by\r\nthis computer.\r\n","StringInserts":["","DESKTOP-RB8ENUF:0","192.168.2.192","192.168.2.145"]}
{"RecordNumber":18640,"TimeGenerated":"2025-07-09 08:10:47 +0700","TimeWritten":"2025-07-09 08:10:47 +0700","EventID":7040,"Qualifiers":16384,"EventType":"Information","EventCategory":0,"Channel":"System","SourceName":"Service Control Manager","ComputerName":"DESKTOP-RB8ENUF","Data":"","Sid":"S-1-5-18","Message":"The start type of the Touch Keyboard and Handwriting Panel Service service was changed from auto start to demand start.\r\n","StringInserts":["Touch Keyboard and Handwriting Panel Service","auto start","demand start","TabletInputService"]}
{"RecordNumber":18641,"TimeGenerated":"2025-07-09 08:23:45 +0700","TimeWritten":"2025-07-09 08:23:45 +0700","EventID":10016,"Qualifiers":0,"EventType":"Warning","EventCategory":0,"Channel":"System","SourceName":"DCOM","ComputerName":"DESKTOP-RB8ENUF","Data":"","Sid":"S-1-5-21-3306260603-718234045-292622573-1001","Message":"The application-specific permission settings do not grant Local Activation permission for the COM Server application with CLSID \r\n{2593F8B9-4EAF-457C-B68A-50F6B8EA6B54}\r\n and APPID \r\n{15C20B67-12E7-4BB6-92BB-7AFF07997402}\r\n to the user DESKTOP-RB8ENUF\\NgThang SID (S-1-5-21-3306260603-718234045-292622573-1001) from address LocalHost (Using LRPC) running in the application container Unavailable SID (Unavailable). This security permission can be modified using the Component Services administrative tool.\r\n","StringInserts":["application-specific","Local","Activation","{2593F8B9-4EAF-457C-B68A-50F6B8EA6B54}","{15C20B67-12E7-4BB6-92BB-7AFF07997402}","DESKTOP-RB8ENUF","NgThang","S-1-5-21-3306260603-718234045-292622573-1001","LocalHost (Using LRPC)","Unavailable","Unavailable"]}
{"RecordNumber":18642,"TimeGenerated":"2025-07-09 08:56:10 +0700","TimeWritten":"2025-07-09 08:56:10 +0700","EventID":10016,"Qualifiers":0,"EventType":"Warning","EventCategory":0,"Channel":"System","SourceName":"DCOM","ComputerName":"DESKTOP-RB8ENUF","Data":"","Sid":"S-1-5-21-3306260603-718234045-292622573-1001","Message":"The application-specific permission settings do not grant Local Activation permission for the COM Server application with CLSID \r\n{2593F8B9-4EAF-457C-B68A-50F6B8EA6B54}\r\n and APPID \r\n{15C20B67-12E7-4BB6-92BB-7AFF07997402}\r\n to the user DESKTOP-RB8ENUF\\NgThang SID (S-1-5-21-3306260603-718234045-292622573-1001) from address LocalHost (Using LRPC) running in the application container Unavailable SID (Unavailable). This security permission can be modified using the Component Services administrative tool.\r\n","StringInserts":["application-specific","Local","Activation","{2593F8B9-4EAF-457C-B68A-50F6B8EA6B54}","{15C20B67-12E7-4BB6-92BB-7AFF07997402}","DESKTOP-RB8ENUF","NgThang","S-1-5-21-3306260603-718234045-292622573-1001","LocalHost (Using LRPC)","Unavailable","Unavailable"]}
{"RecordNumber":18643,"TimeGenerated":"2025-07-09 08:59:48 +0700","TimeWritten":"2025-07-09 08:59:48 +0700","EventID":10016,"Qualifiers":0,"EventType":"Warning","EventCategory":0,"Channel":"System","SourceName":"DCOM","ComputerName":"DESKTOP-RB8ENUF","Data":"","Sid":"S-1-5-21-3306260603-718234045-292622573-1001","Message":"The application-specific permission settings do not grant Local Activation permission for the COM Server application with CLSID \r\n{8BC3F05E-D86B-11D0-A075-00C04FB68820}\r\n and APPID \r\n{8BC3F05E-D86B-11D0-A075-00C04FB68820}\r\n to the user DESKTOP-RB8ENUF\\NgThang SID (S-1-5-21-3306260603-718234045-292622573-1001) from address LocalHost (Using LRPC) running in the application container Unavailable SID (S-1-15-2-3295524725-1672356746-596919623-2666966920-2560536389-2944919255-652691652). This security permission can be modified using the Component Services administrative tool.\r\n","StringInserts":["application-specific","Local","Activation","{8BC3F05E-D86B-11D0-A075-00C04FB68820}","{8BC3F05E-D86B-11D0-A075-00C04FB68820}","DESKTOP-RB8ENUF","NgThang","S-1-5-21-3306260603-718234045-292622573-1001","LocalHost (Using LRPC)","Unavailable","S-1-15-2-3295524725-1672356746-596919623-2666966920-2560536389-2944919255-652691652"]}
{"RecordNumber":18644,"TimeGenerated":"2025-07-09 09:06:38 +0700","TimeWritten":"2025-07-09 09:06:38 +0700","EventID":10016,"Qualifiers":0,"EventType":"Warning","EventCategory":0,"Channel":"System","SourceName":"DCOM","ComputerName":"DESKTOP-RB8ENUF","Data":"","Sid":"S-1-5-21-3306260603-718234045-292622573-1001","Message":"The machine-default permission settings do not grant Local Activation permission for the COM Server application with CLSID \r\n{C2F03A33-21F5-47FA-B4BB-156362A2F239}\r\n and APPID \r\n{316CDED5-E4AE-4B15-9113-7055D84DCC97}\r\n to the user DESKTOP-RB8ENUF\\NgThang SID (S-1-5-21-3306260603-718234045-292622573-1001) from address LocalHost (Using LRPC) running in the application container Microsoft.Windows.ShellExperienceHost_10.0.19041.5072_neutral_neutral_cw5n1h2txyewy SID (S-1-15-2-155514346-2573954481-755741238-1654018636-1233331829-3075935687-2861478708). This security permission can be modified using the Component Services administrative tool.\r\n","StringInserts":["machine-default","Local","Activation","{C2F03A33-21F5-47FA-B4BB-156362A2F239}","{316CDED5-E4AE-4B15-9113-7055D84DCC97}","DESKTOP-RB8ENUF","NgThang","S-1-5-21-3306260603-718234045-292622573-1001","LocalHost (Using LRPC)","Microsoft.Windows.ShellExperienceHost_10.0.19041.5072_neutral_neutral_cw5n1h2txyewy","S-1-15-2-155514346-2573954481-755741238-1654018636-1233331829-3075935687-2861478708"]}
{"RecordNumber":18645,"TimeGenerated":"2025-07-09 11:35:22 +0700","TimeWritten":"2025-07-09 11:35:22 +0700","EventID":10016,"Qualifiers":0,"EventType":"Warning","EventCategory":0,"Channel":"System","SourceName":"DCOM","ComputerName":"DESKTOP-RB8ENUF","Data":"","Sid":"S-1-5-21-3306260603-718234045-292622573-1001","Message":"The machine-default permission settings do not grant Local Activation permission for the COM Server application with CLSID \r\n{C2F03A33-21F5-47FA-B4BB-156362A2F239}\r\n and APPID \r\n{316CDED5-E4AE-4B15-9113-7055D84DCC97}\r\n to the user DESKTOP-RB8ENUF\\NgThang SID (S-1-5-21-3306260603-718234045-292622573-1001) from address LocalHost (Using LRPC) running in the application container Microsoft.Windows.ShellExperienceHost_10.0.19041.5072_neutral_neutral_cw5n1h2txyewy SID (S-1-15-2-155514346-2573954481-755741238-1654018636-1233331829-3075935687-2861478708). This security permission can be modified using the Component Services administrative tool.\r\n","StringInserts":["machine-default","Local","Activation","{C2F03A33-21F5-47FA-B4BB-156362A2F239}","{316CDED5-E4AE-4B15-9113-7055D84DCC97}","DESKTOP-RB8ENUF","NgThang","S-1-5-21-3306260603-718234045-292622573-1001","LocalHost (Using LRPC)","Microsoft.Windows.ShellExperienceHost_10.0.19041.5072_neutral_neutral_cw5n1h2txyewy","S-1-15-2-155514346-2573954481-755741238-1654018636-1233331829-3075935687-2861478708"]}
{"RecordNumber":18646,"TimeGenerated":"2025-07-09 12:00:00 +0700","TimeWritten":"2025-07-09 12:00:00 +0700","EventID":6013,"Qualifiers":32768,"EventType":"Information","EventCategory":0,"Channel":"System","SourceName":"EventLog","ComputerName":"DESKTOP-RB8ENUF","Data":"31002e003100000030000000570069006e0064006f00770073002000310030002000500072006f000000310030002e0030002e003100390030003400350020004200750069006c0064002000310039003000340035002000200000004d0075006c0074006900700072006f0063006500730073006f007200200046007200650065000000310039003000340031002e00760062005f00720065006c0065006100730065002e003100390031003200300036002d00310034003000360000003600350066003300320061003200320000004e006f007400200041007600610069006c00610062006c00650000004e006f007400200041007600610069006c00610062006c00650000003900000031003200000031003600310032003600000034003000390000004400450053004b0054004f0050002d0052004200380045004e005500460000000000","Sid":"","Message":"The system uptime is 1363072 seconds.\r\n","StringInserts":["","","","","1363072","60","-420 SE Asia Standard Time"]}
{"RecordNumber":18647,"TimeGenerated":"2025-07-09 12:00:54 +0700","TimeWritten":"2025-07-09 12:00:54 +0700","EventID":37,"Qualifiers":0,"EventType":"Information","EventCategory":0,"Channel":"System","SourceName":"Microsoft-Windows-Time-Service","ComputerName":"DESKTOP-RB8ENUF","Data":"","Sid":"S-1-5-19","Message":"The time provider NtpClient is currently receiving valid time data from time.windows.com,0x9 (ntp.m|0x9|0.0.0.0:123->20.189.79.72:123).\r\n","StringInserts":["time.windows.com,0x9 (ntp.m|0x9|0.0.0.0:123->20.189.79.72:123)"]}
{"RecordNumber":18648,"TimeGenerated":"2025-07-09 12:09:56 +0700","TimeWritten":"2025-07-09 12:09:56 +0700","EventID":129,"Qualifiers":32772,"EventType":"Warning","EventCategory":0,"Channel":"System","SourceName":"stornvme","ComputerName":"DESKTOP-RB8ENUF","Data":"0f001800010000000000000081000480010000000000000000000000000000000000000000000000000000000000000000000000810004800000000000000000","Sid":"","Message":"Reset to device, \\Device\\RaidPort1, was issued.\r\n","StringInserts":["\\Device\\RaidPort1"]}
{"RecordNumber":18649,"TimeGenerated":"2025-07-09 12:11:09 +0700","TimeWritten":"2025-07-09 12:11:09 +0700","EventID":16,"Qualifiers":0,"EventType":"Information","EventCategory":0,"Channel":"System","SourceName":"Microsoft-Windows-Kernel-General","ComputerName":"DESKTOP-RB8ENUF","Data":"","Sid":"S-1-5-18","Message":"","StringInserts":["100","\\??\\C:\\Users\\Admin\\AppData\\Local\\Packages\\Microsoft.WindowsStore_8wekyb3d8bbwe\\Settings\\settings.dat","10","2"]}
{"RecordNumber":18650,"TimeGenerated":"2025-07-09 14:09:30 +0700","TimeWritten":"2025-07-09 14:09:30 +0700","EventID":10016,"Qualifiers":0,"EventType":"Warning","EventCategory":0,"Channel":"System","SourceName":"DCOM","ComputerName":"DESKTOP-RB8ENUF","Data":"","Sid":"S-1-5-21-3306260603-718234045-292622573-1001","Message":"The machine-default permission settings do not grant Local Activation permission for the COM Server application with CLSID \r\n{C2F03A33-21F5-47FA-B4BB-156362A2F239}\r\n and APPID \r\n{316CDED5-E4AE-4B15-9113-7055D84DCC97}\r\n to the user DESKTOP-RB8ENUF\\NgThang SID (S-1-5-21-3306260603-718234045-292622573-1001) from address LocalHost (Using LRPC) running in the application container Microsoft.Windows.ShellExperienceHost_10.0.19041.5072_neutral_neutral_cw5n1h2txyewy SID (S-1-15-2-155514346-2573954481-755741238-1654018636-1233331829-3075935687-2861478708). This security permission can be modified using the Component Services administrative tool.\r\n","StringInserts":["machine-default","Local","Activation","{C2F03A33-21F5-47FA-B4BB-156362A2F239}","{316CDED5-E4AE-4B15-9113-7055D84DCC97}","DESKTOP-RB8ENUF","NgThang","S-1-5-21-3306260603-718234045-292622573-1001","LocalHost (Using LRPC)","Microsoft.Windows.ShellExperienceHost_10.0.19041.5072_neutral_neutral_cw5n1h2txyewy","S-1-15-2-155514346-2573954481-755741238-1654018636-1233331829-3075935687-2861478708"]}
{"RecordNumber":18651,"TimeGenerated":"2025-07-09 14:24:06 +0700","TimeWritten":"2025-07-09 14:24:06 +0700","EventID":7040,"Qualifiers":16384,"EventType":"Information","EventCategory":0,"Channel":"System","SourceName":"Service Control Manager","ComputerName":"DESKTOP-RB8ENUF","Data":"","Sid":"S-1-5-18","Message":"The start type of the Background Intelligent Transfer Service service was changed from demand start to auto start.\r\n","StringInserts":["Background Intelligent Transfer Service","demand start","auto start","BITS"]}
{"RecordNumber":18652,"TimeGenerated":"2025-07-09 14:27:07 +0700","TimeWritten":"2025-07-09 14:27:07 +0700","EventID":7040,"Qualifiers":16384,"EventType":"Information","EventCategory":0,"Channel":"System","SourceName":"Service Control Manager","ComputerName":"DESKTOP-RB8ENUF","Data":"","Sid":"S-1-5-18","Message":"The start type of the Background Intelligent Transfer Service service was changed from auto start to demand start.\r\n","StringInserts":["Background Intelligent Transfer Service","auto start","demand start","BITS"]}
{"RecordNumber":18653,"TimeGenerated":"2025-07-09 14:41:42 +0700","TimeWritten":"2025-07-09 14:41:42 +0700","EventID":7040,"Qualifiers":16384,"EventType":"Information","EventCategory":0,"Channel":"System","SourceName":"Service Control Manager","ComputerName":"DESKTOP-RB8ENUF","Data":"","Sid":"S-1-5-18","Message":"The start type of the Background Intelligent Transfer Service service was changed from demand start to auto start.\r\n","StringInserts":["Background Intelligent Transfer Service","demand start","auto start","BITS"]}
{"RecordNumber":18654,"TimeGenerated":"2025-07-09 14:43:52 +0700","TimeWritten":"2025-07-09 14:43:52 +0700","EventID":7040,"Qualifiers":16384,"EventType":"Information","EventCategory":0,"Channel":"System","SourceName":"Service Control Manager","ComputerName":"DESKTOP-RB8ENUF","Data":"","Sid":"S-1-5-18","Message":"The start type of the Background Intelligent Transfer Service service was changed from auto start to demand start.\r\n","StringInserts":["Background Intelligent Transfer Service","auto start","demand start","BITS"]}
{"RecordNumber":23865,"TimeGenerated":"2025-06-25 14:54:59 +0700","TimeWritten":"2025-06-25 14:54:59 +0700","EventID":16394,"Qualifiers":49152,"EventType":"Information","EventCategory":0,"Channel":"Application","SourceName":"Software Protection Platform Service","ComputerName":"DESKTOP-RB8ENUF","Data":"","Sid":"","Message":"Offline downlevel migration succeeded.\r\n","StringInserts":[]}
{"RecordNumber":23866,"TimeGenerated":"2025-06-25 14:55:29 +0700","TimeWritten":"2025-06-25 14:55:29 +0700","EventID":16384,"Qualifiers":16384,"EventType":"Information","EventCategory":0,"Channel":"Application","SourceName":"Software Protection Platform Service","ComputerName":"DESKTOP-RB8ENUF","Data":"","Sid":"","Message":"Successfully scheduled Software Protection service for re-start at 2025-06-25T09:19:29Z. Reason: RulesEngine.\r\n","StringInserts":["2025-06-25T09:19:29Z","RulesEngine"]}
{"RecordNumber":23867,"TimeGenerated":"2025-06-25 15:07:35 +0700","TimeWritten":"2025-06-25 15:07:35 +0700","EventID":102,"Qualifiers":0,"EventType":"Information","EventCategory":1,"Channel":"Application","SourceName":"ESENT","ComputerName":"DESKTOP-RB8ENUF","Data":"","Sid":"","Message":"Video.UI (14104,P,98) {C274A28D-802C-4025-9C0C-E89A03B32137}: The database engine (10.00.19045.0000) is starting a new instance (0).\r\n","StringInserts":["Video.UI","14104,P,98","{C274A28D-802C-4025-9C0C-E89A03B32137}: ","0","10","00","19045","0000"]}
{"RecordNumber":23868,"TimeGenerated":"2025-06-25 15:07:35 +0700","TimeWritten":"2025-06-25 15:07:35 +0700","EventID":300,"Qualifiers":0,"EventType":"Information","EventCategory":3,"Channel":"Application","SourceName":"ESENT","ComputerName":"DESKTOP-RB8ENUF","Data":"","Sid":"","Message":"Video.UI (14104,R,98) {C274A28D-802C-4025-9C0C-E89A03B32137}: The database engine is initiating recovery steps.\r\n","StringInserts":["Video.UI","14104,R,98","{C274A28D-802C-4025-9C0C-E89A03B32137}: "]}
{"RecordNumber":23869,"TimeGenerated":"2025-06-25 15:07:35 +0700","TimeWritten":"2025-06-25 15:07:35 +0700","EventID":330,"Qualifiers":0,"EventType":"Information","EventCategory":1,"Channel":"Application","SourceName":"ESENT","ComputerName":"DESKTOP-RB8ENUF","Data":"","Sid":"","Message":"Video.UI (14104,R,98) {C274A28D-802C-4025-9C0C-E89A03B32137}: The database [C:\\Users\\Admin\\AppData\\Local\\Packages\\Microsoft.ZuneVideo_8wekyb3d8bbwe\\LocalState\\Database\\anonymous\\EntClientDb.edb] format version is being held back to 8920 (0x22d8) due to application parameter setting of 0x410022D8 (8920 | JET_efvAllowHigherPersistedFormat). Current default engine version: 9180 (0x23dc).\r\n","StringInserts":["Video.UI","14104,R,98","{C274A28D-802C-4025-9C0C-E89A03B32137}: ","C:\\Users\\Admin\\AppData\\Local\\Packages\\Microsoft.ZuneVideo_8wekyb3d8bbwe\\LocalState\\Database\\anonymous\\EntClientDb.edb","0x410022D8 (8920 | JET_efvAllowHigherPersistedFormat)","8920 (0x22d8)","9180 (0x23dc)"]}
{"RecordNumber":23870,"TimeGenerated":"2025-06-25 15:07:35 +0700","TimeWritten":"2025-06-25 15:07:35 +0700","EventID":301,"Qualifiers":0,"EventType":"Information","EventCategory":3,"Channel":"Application","SourceName":"ESENT","ComputerName":"DESKTOP-RB8ENUF","Data":"","Sid":"","Message":"Video.UI (14104,R,98) {C274A28D-802C-4025-9C0C-E89A03B32137}: The database engine has finished replaying logfile C:\\Users\\Admin\\AppData\\Local\\Packages\\Microsoft.ZuneVideo_8wekyb3d8bbwe\\LocalState\\Database\\anonymous\\edb.log.\r\n\r\n\r\n\r\nProcessing Stats: \n[1] 0.005568 -0.001235 (4) WT +J(CM:0, PgRf:0, Rd:0/0, Dy:0/0, Lg:12168/7) +M(C:0K, Fs:232, WS:840K # 844K, PF:292K # 300K, P:292K).\r\n\r\nLog record of type 'AttachDB ' was seen most frequently (1 times)\r\n","StringInserts":["Video.UI","14104,R,98","{C274A28D-802C-4025-9C0C-E89A03B32137}: ","C:\\Users\\Admin\\AppData\\Local\\Packages\\Microsoft.ZuneVideo_8wekyb3d8bbwe\\LocalState\\Database\\anonymous\\edb.log","\n[1] 0.005568 -0.001235 (4) WT +J(CM:0, PgRf:0, Rd:0/0, Dy:0/0, Lg:12168/7) +M(C:0K, Fs:232, WS:840K # 844K, PF:292K # 300K, P:292K).","AttachDB ","1"]}
{"RecordNumber":23871,"TimeGenerated":"2025-06-25 15:07:35 +0700","TimeWritten":"2025-06-25 15:07:35 +0700","EventID":302,"Qualifiers":0,"EventType":"Information","EventCategory":3,"Channel":"Application","SourceName":"ESENT","ComputerName":"DESKTOP-RB8ENUF","Data":"","Sid":"","Message":"Video.UI (14104,U,98) {C274A28D-802C-4025-9C0C-E89A03B32137}: The database engine has successfully completed recovery steps.\r\n","StringInserts":["Video.UI","14104,U,98","{C274A28D-802C-4025-9C0C-E89A03B32137}: "]}
