{"RecordNumber":24018,"TimeGenerated":"2025-06-26 18:49:18 +0700","TimeWritten":"2025-06-26 18:49:18 +0700","EventID":16384,"Qualifiers":16384,"EventType":"Information","EventCategory":0,"Channel":"Application","SourceName":"Software Protection Platform Service","ComputerName":"DESKTOP-RB8ENUF","Data":"","Sid":"","Message":"Successfully scheduled Software Protection service for re-start at 2025-07-02T06:42:18Z. Reason: RulesEngine.\r\n","StringInserts":["2025-07-02T06:42:18Z","RulesEngine"]}
{"RecordNumber":24019,"TimeGenerated":"2025-06-26 19:32:33 +0700","TimeWritten":"2025-06-26 19:32:33 +0700","EventID":0,"Qualifiers":0,"EventType":"Information","EventCategory":0,"Channel":"Application","SourceName":"coccoc","ComputerName":"DESKTOP-RB8ENUF","Data":"","Sid":"","Message":"","StringInserts":["Service stopped"]}
{"RecordNumber":24020,"TimeGenerated":"2025-06-26 20:22:47 +0700","TimeWritten":"2025-06-26 20:22:47 +0700","EventID":16394,"Qualifiers":49152,"EventType":"Information","EventCategory":0,"Channel":"Application","SourceName":"Software Protection Platform Service","ComputerName":"DESKTOP-RB8ENUF","Data":"","Sid":"","Message":"Offline downlevel migration succeeded.\r\n","StringInserts":[]}
{"RecordNumber":24021,"TimeGenerated":"2025-06-26 20:23:17 +0700","TimeWritten":"2025-06-26 20:23:17 +0700","EventID":16384,"Qualifiers":16384,"EventType":"Information","EventCategory":0,"Channel":"Application","SourceName":"Software Protection Platform Service","ComputerName":"DESKTOP-RB8ENUF","Data":"","Sid":"","Message":"Successfully scheduled Software Protection service for re-start at 2025-07-02T06:42:17Z. Reason: RulesEngine.\r\n","StringInserts":["2025-07-02T06:42:17Z","RulesEngine"]}
{"RecordNumber":24022,"TimeGenerated":"2025-06-26 22:37:01 +0700","TimeWritten":"2025-06-26 22:37:01 +0700","EventID":16394,"Qualifiers":49152,"EventType":"Information","EventCategory":0,"Channel":"Application","SourceName":"Software Protection Platform Service","ComputerName":"DESKTOP-RB8ENUF","Data":"","Sid":"","Message":"Offline downlevel migration succeeded.\r\n","StringInserts":[]}
{"RecordNumber":24023,"TimeGenerated":"2025-06-26 22:37:34 +0700","TimeWritten":"2025-06-26 22:37:34 +0700","EventID":16384,"Qualifiers":16384,"EventType":"Information","EventCategory":0,"Channel":"Application","SourceName":"Software Protection Platform Service","ComputerName":"DESKTOP-RB8ENUF","Data":"","Sid":"","Message":"Successfully scheduled Software Protection service for re-start at 2025-07-02T06:42:34Z. Reason: RulesEngine.\r\n","StringInserts":["2025-07-02T06:42:34Z","RulesEngine"]}
{"RecordNumber":24024,"TimeGenerated":"2025-06-26 23:00:25 +0700","TimeWritten":"2025-06-26 23:00:25 +0700","EventID":16394,"Qualifiers":49152,"EventType":"Information","EventCategory":0,"Channel":"Application","SourceName":"Software Protection Platform Service","ComputerName":"DESKTOP-RB8ENUF","Data":"","Sid":"","Message":"Offline downlevel migration succeeded.\r\n","StringInserts":[]}
{"RecordNumber":24025,"TimeGenerated":"2025-06-26 23:00:56 +0700","TimeWritten":"2025-06-26 23:00:56 +0700","EventID":16384,"Qualifiers":16384,"EventType":"Information","EventCategory":0,"Channel":"Application","SourceName":"Software Protection Platform Service","ComputerName":"DESKTOP-RB8ENUF","Data":"","Sid":"","Message":"Successfully scheduled Software Protection service for re-start at 2025-07-02T06:42:56Z. Reason: RulesEngine.\r\n","StringInserts":["2025-07-02T06:42:56Z","RulesEngine"]}
{"RecordNumber":24026,"TimeGenerated":"2025-06-26 23:22:26 +0700","TimeWritten":"2025-06-26 23:22:26 +0700","EventID":16394,"Qualifiers":49152,"EventType":"Information","EventCategory":0,"Channel":"Application","SourceName":"Software Protection Platform Service","ComputerName":"DESKTOP-RB8ENUF","Data":"","Sid":"","Message":"Offline downlevel migration succeeded.\r\n","StringInserts":[]}
{"RecordNumber":24027,"TimeGenerated":"2025-06-26 23:22:56 +0700","TimeWritten":"2025-06-26 23:22:56 +0700","EventID":16384,"Qualifiers":16384,"EventType":"Information","EventCategory":0,"Channel":"Application","SourceName":"Software Protection Platform Service","ComputerName":"DESKTOP-RB8ENUF","Data":"","Sid":"","Message":"Successfully scheduled Software Protection service for re-start at 2025-07-02T06:42:56Z. Reason: RulesEngine.\r\n","StringInserts":["2025-07-02T06:42:56Z","RulesEngine"]}
{"RecordNumber":24028,"TimeGenerated":"2025-06-27 00:06:53 +0700","TimeWritten":"2025-06-27 00:06:53 +0700","EventID":16394,"Qualifiers":49152,"EventType":"Information","EventCategory":0,"Channel":"Application","SourceName":"Software Protection Platform Service","ComputerName":"DESKTOP-RB8ENUF","Data":"","Sid":"","Message":"Offline downlevel migration succeeded.\r\n","StringInserts":[]}
{"RecordNumber":24029,"TimeGenerated":"2025-06-27 00:08:13 +0700","TimeWritten":"2025-06-27 00:08:13 +0700","EventID":16384,"Qualifiers":16384,"EventType":"Information","EventCategory":0,"Channel":"Application","SourceName":"Software Protection Platform Service","ComputerName":"DESKTOP-RB8ENUF","Data":"","Sid":"","Message":"Successfully scheduled Software Protection service for re-start at 2025-07-02T06:42:13Z. Reason: RulesEngine.\r\n","StringInserts":["2025-07-02T06:42:13Z","RulesEngine"]}
{"RecordNumber":24030,"TimeGenerated":"2025-06-27 00:32:38 +0700","TimeWritten":"2025-06-27 00:32:38 +0700","EventID":0,"Qualifiers":0,"EventType":"Information","EventCategory":0,"Channel":"Application","SourceName":"coccoc","ComputerName":"DESKTOP-RB8ENUF","Data":"","Sid":"","Message":"","StringInserts":["Service stopped"]}
{"RecordNumber":24031,"TimeGenerated":"2025-06-27 01:26:19 +0700","TimeWritten":"2025-06-27 01:26:19 +0700","EventID":16394,"Qualifiers":49152,"EventType":"Information","EventCategory":0,"Channel":"Application","SourceName":"Software Protection Platform Service","ComputerName":"DESKTOP-RB8ENUF","Data":"","Sid":"","Message":"Offline downlevel migration succeeded.\r\n","StringInserts":[]}
{"RecordNumber":24032,"TimeGenerated":"2025-06-27 01:26:26 +0700","TimeWritten":"2025-06-27 01:26:26 +0700","EventID":0,"Qualifiers":0,"EventType":"Information","EventCategory":0,"Channel":"Application","SourceName":"edgeupdate","ComputerName":"DESKTOP-RB8ENUF","Data":"","Sid":"","Message":"Service stopped.\r\n","StringInserts":["Service stopped"]}
{"RecordNumber":24033,"TimeGenerated":"2025-06-27 01:26:49 +0700","TimeWritten":"2025-06-27 01:26:49 +0700","EventID":16384,"Qualifiers":16384,"EventType":"Information","EventCategory":0,"Channel":"Application","SourceName":"Software Protection Platform Service","ComputerName":"DESKTOP-RB8ENUF","Data":"","Sid":"","Message":"Successfully scheduled Software Protection service for re-start at 2025-07-02T06:42:49Z. Reason: RulesEngine.\r\n","StringInserts":["2025-07-02T06:42:49Z","RulesEngine"]}
{"RecordNumber":24034,"TimeGenerated":"2025-06-27 02:02:36 +0700","TimeWritten":"2025-06-27 02:02:36 +0700","EventID":4111,"Qualifiers":0,"EventType":"Information","EventCategory":0,"Channel":"Application","SourceName":"Microsoft-Windows-CAPI2","ComputerName":"DESKTOP-RB8ENUF","Data":"","Sid":"","Message":"Successful auto update of third-party root list with effective date: \u200eTuesday, \u200eJune \u200e17, \u200e2025 12:56:11 AM.\r\n","StringInserts":["\u200eTuesday, \u200eJune \u200e17, \u200e2025 12:56:11 AM"]}
{"RecordNumber":24035,"TimeGenerated":"2025-06-27 02:05:03 +0700","TimeWritten":"2025-06-27 02:05:03 +0700","EventID":16394,"Qualifiers":49152,"EventType":"Information","EventCategory":0,"Channel":"Application","SourceName":"Software Protection Platform Service","ComputerName":"DESKTOP-RB8ENUF","Data":"","Sid":"","Message":"Offline downlevel migration succeeded.\r\n","StringInserts":[]}
{"RecordNumber":24036,"TimeGenerated":"2025-06-27 02:05:33 +0700","TimeWritten":"2025-06-27 02:05:33 +0700","EventID":16384,"Qualifiers":16384,"EventType":"Information","EventCategory":0,"Channel":"Application","SourceName":"Software Protection Platform Service","ComputerName":"DESKTOP-RB8ENUF","Data":"","Sid":"","Message":"Successfully scheduled Software Protection service for re-start at 2025-07-02T06:42:33Z. Reason: RulesEngine.\r\n","StringInserts":["2025-07-02T06:42:33Z","RulesEngine"]}
{"RecordNumber":24037,"TimeGenerated":"2025-06-27 02:20:02 +0700","TimeWritten":"2025-06-27 02:20:02 +0700","EventID":16394,"Qualifiers":49152,"EventType":"Information","EventCategory":0,"Channel":"Application","SourceName":"Software Protection Platform Service","ComputerName":"DESKTOP-RB8ENUF","Data":"","Sid":"","Message":"Offline downlevel migration succeeded.\r\n","StringInserts":[]}
{"RecordNumber":24038,"TimeGenerated":"2025-06-27 02:20:32 +0700","TimeWritten":"2025-06-27 02:20:32 +0700","EventID":16384,"Qualifiers":16384,"EventType":"Information","EventCategory":0,"Channel":"Application","SourceName":"Software Protection Platform Service","ComputerName":"DESKTOP-RB8ENUF","Data":"","Sid":"","Message":"Successfully scheduled Software Protection service for re-start at 2025-07-02T06:42:32Z. Reason: RulesEngine.\r\n","StringInserts":["2025-07-02T06:42:32Z","RulesEngine"]}
{"RecordNumber":24039,"TimeGenerated":"2025-06-27 03:10:31 +0700","TimeWritten":"2025-06-27 03:10:31 +0700","EventID":16394,"Qualifiers":49152,"EventType":"Information","EventCategory":0,"Channel":"Application","SourceName":"Software Protection Platform Service","ComputerName":"DESKTOP-RB8ENUF","Data":"","Sid":"","Message":"Offline downlevel migration succeeded.\r\n","StringInserts":[]}
{"RecordNumber":24040,"TimeGenerated":"2025-06-27 03:11:01 +0700","TimeWritten":"2025-06-27 03:11:01 +0700","EventID":15,"Qualifiers":0,"EventType":"Information","EventCategory":0,"Channel":"Application","SourceName":"SecurityCenter","ComputerName":"DESKTOP-RB8ENUF","Data":"","Sid":"","Message":"Updated Windows Defender status successfully to SECURITY_PRODUCT_STATE_ON.\r\n","StringInserts":["Windows Defender","SECURITY_PRODUCT_STATE_ON"]}
{"RecordNumber":24041,"TimeGenerated":"2025-06-27 03:11:20 +0700","TimeWritten":"2025-06-27 03:11:20 +0700","EventID":16384,"Qualifiers":16384,"EventType":"Information","EventCategory":0,"Channel":"Application","SourceName":"Software Protection Platform Service","ComputerName":"DESKTOP-RB8ENUF","Data":"","Sid":"","Message":"Successfully scheduled Software Protection service for re-start at 2025-07-02T06:42:20Z. Reason: RulesEngine.\r\n","StringInserts":["2025-07-02T06:42:20Z","RulesEngine"]}
{"RecordNumber":24042,"TimeGenerated":"2025-06-27 03:23:28 +0700","TimeWritten":"2025-06-27 03:23:28 +0700","EventID":16394,"Qualifiers":49152,"EventType":"Information","EventCategory":0,"Channel":"Application","SourceName":"Software Protection Platform Service","ComputerName":"DESKTOP-RB8ENUF","Data":"","Sid":"","Message":"Offline downlevel migration succeeded.\r\n","StringInserts":[]}
{"RecordNumber":24043,"TimeGenerated":"2025-06-27 03:23:59 +0700","TimeWritten":"2025-06-27 03:23:59 +0700","EventID":16384,"Qualifiers":16384,"EventType":"Information","EventCategory":0,"Channel":"Application","SourceName":"Software Protection Platform Service","ComputerName":"DESKTOP-RB8ENUF","Data":"","Sid":"","Message":"Successfully scheduled Software Protection service for re-start at 2025-07-02T06:42:58Z. Reason: RulesEngine.\r\n","StringInserts":["2025-07-02T06:42:58Z","RulesEngine"]}
{"RecordNumber":24044,"TimeGenerated":"2025-06-27 03:25:57 +0700","TimeWritten":"2025-06-27 03:25:57 +0700","EventID":16394,"Qualifiers":49152,"EventType":"Information","EventCategory":0,"Channel":"Application","SourceName":"Software Protection Platform Service","ComputerName":"DESKTOP-RB8ENUF","Data":"","Sid":"","Message":"Offline downlevel migration succeeded.\r\n","StringInserts":[]}
{"RecordNumber":24045,"TimeGenerated":"2025-06-27 03:26:27 +0700","TimeWritten":"2025-06-27 03:26:27 +0700","EventID":16384,"Qualifiers":16384,"EventType":"Information","EventCategory":0,"Channel":"Application","SourceName":"Software Protection Platform Service","ComputerName":"DESKTOP-RB8ENUF","Data":"","Sid":"","Message":"Successfully scheduled Software Protection service for re-start at 2025-07-02T06:42:27Z. Reason: RulesEngine.\r\n","StringInserts":["2025-07-02T06:42:27Z","RulesEngine"]}
{"RecordNumber":24046,"TimeGenerated":"2025-06-27 04:07:10 +0700","TimeWritten":"2025-06-27 04:07:10 +0700","EventID":16394,"Qualifiers":49152,"EventType":"Information","EventCategory":0,"Channel":"Application","SourceName":"Software Protection Platform Service","ComputerName":"DESKTOP-RB8ENUF","Data":"","Sid":"","Message":"Offline downlevel migration succeeded.\r\n","StringInserts":[]}
{"RecordNumber":24047,"TimeGenerated":"2025-06-27 04:07:43 +0700","TimeWritten":"2025-06-27 04:07:43 +0700","EventID":16384,"Qualifiers":16384,"EventType":"Information","EventCategory":0,"Channel":"Application","SourceName":"Software Protection Platform Service","ComputerName":"DESKTOP-RB8ENUF","Data":"","Sid":"","Message":"Successfully scheduled Software Protection service for re-start at 2025-07-02T06:42:43Z. Reason: RulesEngine.\r\n","StringInserts":["2025-07-02T06:42:43Z","RulesEngine"]}
{"RecordNumber":24048,"TimeGenerated":"2025-06-27 04:54:55 +0700","TimeWritten":"2025-06-27 04:54:55 +0700","EventID":16394,"Qualifiers":49152,"EventType":"Information","EventCategory":0,"Channel":"Application","SourceName":"Software Protection Platform Service","ComputerName":"DESKTOP-RB8ENUF","Data":"","Sid":"","Message":"Offline downlevel migration succeeded.\r\n","StringInserts":[]}
{"RecordNumber":24049,"TimeGenerated":"2025-06-27 04:55:27 +0700","TimeWritten":"2025-06-27 04:55:27 +0700","EventID":16384,"Qualifiers":16384,"EventType":"Information","EventCategory":0,"Channel":"Application","SourceName":"Software Protection Platform Service","ComputerName":"DESKTOP-RB8ENUF","Data":"","Sid":"","Message":"Successfully scheduled Software Protection service for re-start at 2025-07-02T06:42:27Z. Reason: RulesEngine.\r\n","StringInserts":["2025-07-02T06:42:27Z","RulesEngine"]}
{"RecordNumber":24050,"TimeGenerated":"2025-06-27 05:32:13 +0700","TimeWritten":"2025-06-27 05:32:13 +0700","EventID":0,"Qualifiers":0,"EventType":"Information","EventCategory":0,"Channel":"Application","SourceName":"coccoc","ComputerName":"DESKTOP-RB8ENUF","Data":"","Sid":"","Message":"","StringInserts":["Service stopped"]}
{"RecordNumber":24051,"TimeGenerated":"2025-06-27 07:46:33 +0700","TimeWritten":"2025-06-27 07:46:33 +0700","EventID":16394,"Qualifiers":49152,"EventType":"Information","EventCategory":0,"Channel":"Application","SourceName":"Software Protection Platform Service","ComputerName":"DESKTOP-RB8ENUF","Data":"","Sid":"","Message":"Offline downlevel migration succeeded.\r\n","StringInserts":[]}
{"RecordNumber":24052,"TimeGenerated":"2025-06-27 07:47:03 +0700","TimeWritten":"2025-06-27 07:47:03 +0700","EventID":16384,"Qualifiers":16384,"EventType":"Information","EventCategory":0,"Channel":"Application","SourceName":"Software Protection Platform Service","ComputerName":"DESKTOP-RB8ENUF","Data":"","Sid":"","Message":"Successfully scheduled Software Protection service for re-start at 2025-07-02T06:43:03Z. Reason: RulesEngine.\r\n","StringInserts":["2025-07-02T06:43:03Z","RulesEngine"]}
{"RecordNumber":24053,"TimeGenerated":"2025-06-27 09:02:47 +0700","TimeWritten":"2025-06-27 09:02:47 +0700","EventID":16394,"Qualifiers":49152,"EventType":"Information","EventCategory":0,"Channel":"Application","SourceName":"Software Protection Platform Service","ComputerName":"DESKTOP-RB8ENUF","Data":"","Sid":"","Message":"Offline downlevel migration succeeded.\r\n","StringInserts":[]}
{"RecordNumber":24054,"TimeGenerated":"2025-06-27 09:03:28 +0700","TimeWritten":"2025-06-27 09:03:28 +0700","EventID":16384,"Qualifiers":16384,"EventType":"Information","EventCategory":0,"Channel":"Application","SourceName":"Software Protection Platform Service","ComputerName":"DESKTOP-RB8ENUF","Data":"","Sid":"","Message":"Successfully scheduled Software Protection service for re-start at 2025-07-02T06:42:28Z. Reason: RulesEngine.\r\n","StringInserts":["2025-07-02T06:42:28Z","RulesEngine"]}
{"RecordNumber":24055,"TimeGenerated":"2025-06-27 09:09:27 +0700","TimeWritten":"2025-06-27 09:09:27 +0700","EventID":1000,"Qualifiers":0,"EventType":"Error","EventCategory":100,"Channel":"Application","SourceName":"Application Error","ComputerName":"DESKTOP-RB8ENUF","Data":"","Sid":"","Message":"Faulting application name: inno_updater.exe, version: 0.0.0.0, time stamp: 0x67b2cf1c\r\nFaulting module name: inno_updater.exe, version: 0.0.0.0, time stamp: 0x67b2cf1c\r\nException code: 0xc0000409\r\nFault offset: 0x000000000004a549\r\nFaulting process id: 0x6410\r\nFaulting application start time: 0x01dbe7087abf66a6\r\nFaulting application path: C:\\Users\\Admin\\AppData\\Local\\Programs\\cursor\\tools\\inno_updater.exe\r\nFaulting module path: C:\\Users\\Admin\\AppData\\Local\\Programs\\cursor\\tools\\inno_updater.exe\r\nReport Id: defc6ade-acae-475b-856b-567f7d9659e8\r\nFaulting package full name: \r\nFaulting package-relative application ID: \r\n","StringInserts":["inno_updater.exe","0.0.0.0","67b2cf1c","inno_updater.exe","0.0.0.0","67b2cf1c","c0000409","000000000004a549","6410","01dbe7087abf66a6","C:\\Users\\Admin\\AppData\\Local\\Programs\\cursor\\tools\\inno_updater.exe","C:\\Users\\Admin\\AppData\\Local\\Programs\\cursor\\tools\\inno_updater.exe","defc6ade-acae-475b-856b-567f7d9659e8","",""]}
{"RecordNumber":24056,"TimeGenerated":"2025-06-27 09:09:30 +0700","TimeWritten":"2025-06-27 09:09:30 +0700","EventID":1001,"Qualifiers":0,"EventType":"Information","EventCategory":0,"Channel":"Application","SourceName":"Windows Error Reporting","ComputerName":"DESKTOP-RB8ENUF","Data":"","Sid":"","Message":"Fault bucket 1155191849276391167, type 5\r\nEvent Name: BEX64\r\nResponse: Not available\r\nCab Id: 0\r\n\r\nProblem signature:\r\nP1: inno_updater.exe\r\nP2: 0.0.0.0\r\nP3: 67b2cf1c\r\nP4: inno_updater.exe\r\nP5: 0.0.0.0\r\nP6: 67b2cf1c\r\nP7: 000000000004a549\r\nP8: c0000409\r\nP9: 0000000000000007\r\nP10: \r\n\r\nAttached files:\r\n\\\\?\\C:\\ProgramData\\Microsoft\\Windows\\WER\\Temp\\WER3F3D.tmp.mdmp\r\n\\\\?\\C:\\ProgramData\\Microsoft\\Windows\\WER\\Temp\\WER3F9C.tmp.WERInternalMetadata.xml\r\n\\\\?\\C:\\ProgramData\\Microsoft\\Windows\\WER\\Temp\\WER3FCB.tmp.xml\r\n\\\\?\\C:\\ProgramData\\Microsoft\\Windows\\WER\\Temp\\WER3FC9.tmp.csv\r\n\\\\?\\C:\\ProgramData\\Microsoft\\Windows\\WER\\Temp\\WER3FDA.tmp.txt\r\n\r\nThese files may be available here:\r\n\\\\?\\C:\\ProgramData\\Microsoft\\Windows\\WER\\ReportArchive\\AppCrash_inno_updater.exe_dddca9d31fa46aac5ffa26cdf6d358852498965_3ed87da4_2737dfb4-133c-46cd-9e19-ee42f34f7aaa\r\n\r\nAnalysis symbol: \r\nRechecking for solution: 0\r\nReport Id: defc6ade-acae-475b-856b-567f7d9659e8\r\nReport Status: 268435456\r\nHashed bucket: 43ef60334ab2dfb7e00810ddcf8bbeff\r\nCab Guid: 0\r\n","StringInserts":["1155191849276391167","5","BEX64","Not available","0","inno_updater.exe","0.0.0.0","67b2cf1c","inno_updater.exe","0.0.0.0","67b2cf1c","000000000004a549","c0000409","0000000000000007","","\r\n\\\\?\\C:\\ProgramData\\Microsoft\\Windows\\WER\\Temp\\WER3F3D.tmp.mdmp\r\n\\\\?\\C:\\ProgramData\\Microsoft\\Windows\\WER\\Temp\\WER3F9C.tmp.WERInternalMetadata.xml\r\n\\\\?\\C:\\ProgramData\\Microsoft\\Windows\\WER\\Temp\\WER3FCB.tmp.xml\r\n\\\\?\\C:\\ProgramData\\Microsoft\\Windows\\WER\\Temp\\WER3FC9.tmp.csv\r\n\\\\?\\C:\\ProgramData\\Microsoft\\Windows\\WER\\Temp\\WER3FDA.tmp.txt","\\\\?\\C:\\ProgramData\\Microsoft\\Windows\\WER\\ReportArchive\\AppCrash_inno_updater.exe_dddca9d31fa46aac5ffa26cdf6d358852498965_3ed87da4_2737dfb4-133c-46cd-9e19-ee42f34f7aaa","","0","defc6ade-acae-475b-856b-567f7d9659e8","268435456","43ef60334ab2dfb7e00810ddcf8bbeff","0"]}
{"RecordNumber":24057,"TimeGenerated":"2025-06-27 10:32:12 +0700","TimeWritten":"2025-06-27 10:32:12 +0700","EventID":0,"Qualifiers":0,"EventType":"Information","EventCategory":0,"Channel":"Application","SourceName":"coccoc","ComputerName":"DESKTOP-RB8ENUF","Data":"","Sid":"","Message":"","StringInserts":["Service stopped"]}
{"RecordNumber":24058,"TimeGenerated":"2025-06-27 11:27:05 +0700","TimeWritten":"2025-06-27 11:27:05 +0700","EventID":0,"Qualifiers":0,"EventType":"Information","EventCategory":0,"Channel":"Application","SourceName":"edgeupdate","ComputerName":"DESKTOP-RB8ENUF","Data":"","Sid":"","Message":"Service stopped.\r\n","StringInserts":["Service stopped"]}
{"RecordNumber":24059,"TimeGenerated":"2025-06-27 12:05:19 +0700","TimeWritten":"2025-06-27 12:05:19 +0700","EventID":16394,"Qualifiers":49152,"EventType":"Information","EventCategory":0,"Channel":"Application","SourceName":"Software Protection Platform Service","ComputerName":"DESKTOP-RB8ENUF","Data":"","Sid":"","Message":"Offline downlevel migration succeeded.\r\n","StringInserts":[]}
{"RecordNumber":24060,"TimeGenerated":"2025-06-27 12:05:49 +0700","TimeWritten":"2025-06-27 12:05:49 +0700","EventID":16384,"Qualifiers":16384,"EventType":"Information","EventCategory":0,"Channel":"Application","SourceName":"Software Protection Platform Service","ComputerName":"DESKTOP-RB8ENUF","Data":"","Sid":"","Message":"Successfully scheduled Software Protection service for re-start at 2025-07-02T06:42:49Z. Reason: RulesEngine.\r\n","StringInserts":["2025-07-02T06:42:49Z","RulesEngine"]}
{"RecordNumber":24061,"TimeGenerated":"2025-06-27 12:06:05 +0700","TimeWritten":"2025-06-27 12:06:05 +0700","EventID":15,"Qualifiers":0,"EventType":"Information","EventCategory":0,"Channel":"Application","SourceName":"SecurityCenter","ComputerName":"DESKTOP-RB8ENUF","Data":"","Sid":"","Message":"Updated Windows Defender status successfully to SECURITY_PRODUCT_STATE_ON.\r\n","StringInserts":["Windows Defender","SECURITY_PRODUCT_STATE_ON"]}
{"RecordNumber":24062,"TimeGenerated":"2025-06-27 12:06:07 +0700","TimeWritten":"2025-06-27 12:06:07 +0700","EventID":15,"Qualifiers":0,"EventType":"Information","EventCategory":0,"Channel":"Application","SourceName":"SecurityCenter","ComputerName":"DESKTOP-RB8ENUF","Data":"","Sid":"","Message":"Updated Windows Defender status successfully to SECURITY_PRODUCT_STATE_ON.\r\n","StringInserts":["Windows Defender","SECURITY_PRODUCT_STATE_ON"]}
{"RecordNumber":24063,"TimeGenerated":"2025-06-27 13:40:42 +0700","TimeWritten":"2025-06-27 13:40:42 +0700","EventID":256,"Qualifiers":32768,"EventType":"Information","EventCategory":1,"Channel":"Application","SourceName":"Chrome","ComputerName":"DESKTOP-RB8ENUF","Data":"","Sid":"S-1-5-21-3306260603-718234045-292622573-1001","Message":"[\r\n","StringInserts":["[10996:21016:0627/134042.705:INFO:chrome\\browser\\extensions\\extension_garbage_collector.cc:184] Garbage collection for extensions on file thread is complete."]}
{"RecordNumber":24064,"TimeGenerated":"2025-06-27 14:53:55 +0700","TimeWritten":"2025-06-27 14:53:55 +0700","EventID":16394,"Qualifiers":49152,"EventType":"Information","EventCategory":0,"Channel":"Application","SourceName":"Software Protection Platform Service","ComputerName":"DESKTOP-RB8ENUF","Data":"","Sid":"","Message":"Offline downlevel migration succeeded.\r\n","StringInserts":[]}
{"RecordNumber":24065,"TimeGenerated":"2025-06-27 14:54:26 +0700","TimeWritten":"2025-06-27 14:54:26 +0700","EventID":16384,"Qualifiers":16384,"EventType":"Information","EventCategory":0,"Channel":"Application","SourceName":"Software Protection Platform Service","ComputerName":"DESKTOP-RB8ENUF","Data":"","Sid":"","Message":"Successfully scheduled Software Protection service for re-start at 2025-07-02T06:42:25Z. Reason: RulesEngine.\r\n","StringInserts":["2025-07-02T06:42:25Z","RulesEngine"]}
{"RecordNumber":24066,"TimeGenerated":"2025-06-27 15:21:00 +0700","TimeWritten":"2025-06-27 15:21:00 +0700","EventID":16394,"Qualifiers":49152,"EventType":"Information","EventCategory":0,"Channel":"Application","SourceName":"Software Protection Platform Service","ComputerName":"DESKTOP-RB8ENUF","Data":"","Sid":"","Message":"Offline downlevel migration succeeded.\r\n","StringInserts":[]}
{"RecordNumber":24067,"TimeGenerated":"2025-06-27 15:21:01 +0700","TimeWritten":"2025-06-27 15:21:01 +0700","EventID":1033,"Qualifiers":16384,"EventType":"Information","EventCategory":0,"Channel":"Application","SourceName":"Software Protection Platform Service","ComputerName":"DESKTOP-RB8ENUF","Data":"","Sid":"","Message":"These policies are being excluded since they are only defined with override-only attribute.\r\nPolicy Names=(Security-SPP-Reserved-EnableNotificationMode) \r\nApp Id=0ff1ce15-a989-479d-af46-f275c6370663\r\nSku Id=2ca2bf3f-949e-446a-82c7-e25a15ec78c4\r\n","StringInserts":["(Security-SPP-Reserved-EnableNotificationMode) ","0ff1ce15-a989-479d-af46-f275c6370663","2ca2bf3f-949e-446a-82c7-e25a15ec78c4"]}
{"RecordNumber":24068,"TimeGenerated":"2025-06-27 15:21:01 +0700","TimeWritten":"2025-06-27 15:21:01 +0700","EventID":1033,"Qualifiers":16384,"EventType":"Information","EventCategory":0,"Channel":"Application","SourceName":"Software Protection Platform Service","ComputerName":"DESKTOP-RB8ENUF","Data":"","Sid":"","Message":"These policies are being excluded since they are only defined with override-only attribute.\r\nPolicy Names=(Security-SPP-Reserved-EnableNotificationMode) \r\nApp Id=0ff1ce15-a989-479d-af46-f275c6370663\r\nSku Id=85dd8b5f-eaa4-4af3-a628-cce9e77c9a03\r\n","StringInserts":["(Security-SPP-Reserved-EnableNotificationMode) ","0ff1ce15-a989-479d-af46-f275c6370663","85dd8b5f-eaa4-4af3-a628-cce9e77c9a03"]}
{"RecordNumber":24069,"TimeGenerated":"2025-06-27 15:21:03 +0700","TimeWritten":"2025-06-27 15:21:03 +0700","EventID":8230,"Qualifiers":16384,"EventType":"Information","EventCategory":0,"Channel":"Application","SourceName":"Software Protection Platform Service","ComputerName":"DESKTOP-RB8ENUF","Data":"","Sid":"","Message":"The rules engine successfully re-evaluated the schedule.\r\nKernel policies:\r\nSecurity-SPP-Action-StateData (REG_SZ) =AppId=55c92734-d682-4d71-983e-d6ec3f16059f;GraceEndDate=2025/12/22:06:43:02;LastConsumptionReason=0x00000000;LastNotificationId=Cleanup;LicenseState=SL_LICENSING_STATUS_LICENSED;PartialProductKey=T83GX;ProductKeyType=Volume:GVLK;SkuId=2de67392-b7a7-462a-b1ca-108dd189f588;ruleId=379cccfb-d4e0-48fe-b0f2-0136097be147;uxDifferentiator=ENVIRONMENT;volumeActivationOrder=normal\r\n","StringInserts":["Security-SPP-Action-StateData (REG_SZ) =AppId=55c92734-d682-4d71-983e-d6ec3f16059f;GraceEndDate=2025/12/22:06:43:02;LastConsumptionReason=0x00000000;LastNotificationId=Cleanup;LicenseState=SL_LICENSING_STATUS_LICENSED;PartialProductKey=T83GX;ProductKeyType=Volume:GVLK;SkuId=2de67392-b7a7-462a-b1ca-108dd189f588;ruleId=379cccfb-d4e0-48fe-b0f2-0136097be147;uxDifferentiator=ENVIRONMENT;volumeActivationOrder=normal"]}
{"RecordNumber":24070,"TimeGenerated":"2025-06-27 15:21:04 +0700","TimeWritten":"2025-06-27 15:21:04 +0700","EventID":8230,"Qualifiers":16384,"EventType":"Information","EventCategory":0,"Channel":"Application","SourceName":"Software Protection Platform Service","ComputerName":"DESKTOP-RB8ENUF","Data":"","Sid":"","Message":"The rules engine successfully re-evaluated the schedule.\r\nKernel policies:\r\nSecurity-SPP-Action-StateData (REG_SZ) =AppId=55c92734-d682-4d71-983e-d6ec3f16059f;GraceEndDate=2025/12/22:06:43:04;LastConsumptionReason=0x00000000;LastNotificationId=Cleanup;LicenseState=SL_LICENSING_STATUS_LICENSED;PartialProductKey=T83GX;ProductKeyType=Volume:GVLK;SkuId=2de67392-b7a7-462a-b1ca-108dd189f588;ruleId=379cccfb-d4e0-48fe-b0f2-0136097be147;uxDifferentiator=ENVIRONMENT;volumeActivationOrder=normal\r\n","StringInserts":["Security-SPP-Action-StateData (REG_SZ) =AppId=55c92734-d682-4d71-983e-d6ec3f16059f;GraceEndDate=2025/12/22:06:43:04;LastConsumptionReason=0x00000000;LastNotificationId=Cleanup;LicenseState=SL_LICENSING_STATUS_LICENSED;PartialProductKey=T83GX;ProductKeyType=Volume:GVLK;SkuId=2de67392-b7a7-462a-b1ca-108dd189f588;ruleId=379cccfb-d4e0-48fe-b0f2-0136097be147;uxDifferentiator=ENVIRONMENT;volumeActivationOrder=normal"]}
{"RecordNumber":24071,"TimeGenerated":"2025-06-27 15:21:06 +0700","TimeWritten":"2025-06-27 15:21:06 +0700","EventID":8230,"Qualifiers":16384,"EventType":"Information","EventCategory":0,"Channel":"Application","SourceName":"Software Protection Platform Service","ComputerName":"DESKTOP-RB8ENUF","Data":"","Sid":"","Message":"The rules engine successfully re-evaluated the schedule.\r\nKernel policies:\r\nSecurity-SPP-Action-StateData (REG_SZ) =AppId=55c92734-d682-4d71-983e-d6ec3f16059f;GraceEndDate=2025/12/22:06:43:05;LastConsumptionReason=0x00000000;LastNotificationId=Cleanup;LicenseState=SL_LICENSING_STATUS_LICENSED;PartialProductKey=T83GX;ProductKeyType=Volume:GVLK;SkuId=2de67392-b7a7-462a-b1ca-108dd189f588;ruleId=379cccfb-d4e0-48fe-b0f2-0136097be147;uxDifferentiator=ENVIRONMENT;volumeActivationOrder=normal\r\n","StringInserts":["Security-SPP-Action-StateData (REG_SZ) =AppId=55c92734-d682-4d71-983e-d6ec3f16059f;GraceEndDate=2025/12/22:06:43:05;LastConsumptionReason=0x00000000;LastNotificationId=Cleanup;LicenseState=SL_LICENSING_STATUS_LICENSED;PartialProductKey=T83GX;ProductKeyType=Volume:GVLK;SkuId=2de67392-b7a7-462a-b1ca-108dd189f588;ruleId=379cccfb-d4e0-48fe-b0f2-0136097be147;uxDifferentiator=ENVIRONMENT;volumeActivationOrder=normal"]}
{"RecordNumber":24072,"TimeGenerated":"2025-06-27 15:21:36 +0700","TimeWritten":"2025-06-27 15:21:36 +0700","EventID":16384,"Qualifiers":16384,"EventType":"Information","EventCategory":0,"Channel":"Application","SourceName":"Software Protection Platform Service","ComputerName":"DESKTOP-RB8ENUF","Data":"","Sid":"","Message":"Successfully scheduled Software Protection service for re-start at 2025-07-02T06:42:36Z. Reason: RulesEngine.\r\n","StringInserts":["2025-07-02T06:42:36Z","RulesEngine"]}
{"RecordNumber":24073,"TimeGenerated":"2025-06-27 15:32:47 +0700","TimeWritten":"2025-06-27 15:32:47 +0700","EventID":0,"Qualifiers":0,"EventType":"Information","EventCategory":0,"Channel":"Application","SourceName":"coccoc","ComputerName":"DESKTOP-RB8ENUF","Data":"","Sid":"","Message":"","StringInserts":["Service stopped"]}
{"RecordNumber":24074,"TimeGenerated":"2025-06-27 15:36:13 +0700","TimeWritten":"2025-06-27 15:36:13 +0700","EventID":264,"Qualifiers":32768,"EventType":"Error","EventCategory":0,"Channel":"Application","SourceName":"Microsoft-Windows-Defrag","ComputerName":"DESKTOP-RB8ENUF","Data":"2a000089800200008d0000009000000022b63823dbb1bd381b0700000000000000000000","Sid":"","Message":"The storage optimizer couldn't complete retrim on Download (D:) because: The operation requested is not supported by the hardware backing the volume. (0x8900002A)\r\n","StringInserts":["retrim","Download (D:)","The operation requested is not supported by the hardware backing the volume. (0x8900002A)"]}
{"RecordNumber":24075,"TimeGenerated":"2025-06-27 15:36:13 +0700","TimeWritten":"2025-06-27 15:36:13 +0700","EventID":258,"Qualifiers":0,"EventType":"Success","EventCategory":0,"Channel":"Application","SourceName":"Microsoft-Windows-Defrag","ComputerName":"DESKTOP-RB8ENUF","Data":"0000000034020000fa0100000000000022b651a2296bedd85e9c8d030000000000000000","Sid":"","Message":"The storage optimizer successfully completed defragmentation on Download (D:)\r\n","StringInserts":["defragmentation","Download (D:)"]}
{"RecordNumber":24076,"TimeGenerated":"2025-06-27 15:36:53 +0700","TimeWritten":"2025-06-27 15:36:53 +0700","EventID":264,"Qualifiers":32768,"EventType":"Error","EventCategory":0,"Channel":"Application","SourceName":"Microsoft-Windows-Defrag","ComputerName":"DESKTOP-RB8ENUF","Data":"2a000089800200008d0000009000000022b63823dbb1bd381b0700000000000000000000","Sid":"","Message":"The storage optimizer couldn't complete retrim on New Volume (F:) because: The operation requested is not supported by the hardware backing the volume. (0x8900002A)\r\n","StringInserts":["retrim","New Volume (F:)","The operation requested is not supported by the hardware backing the volume. (0x8900002A)"]}
{"RecordNumber":24077,"TimeGenerated":"2025-06-27 15:36:53 +0700","TimeWritten":"2025-06-27 15:36:53 +0700","EventID":258,"Qualifiers":0,"EventType":"Success","EventCategory":0,"Channel":"Application","SourceName":"Microsoft-Windows-Defrag","ComputerName":"DESKTOP-RB8ENUF","Data":"0000000034020000fa0100000000000022b651a2296bedd85e9c8d030000000000000000","Sid":"","Message":"The storage optimizer successfully completed defragmentation on New Volume (F:)\r\n","StringInserts":["defragmentation","New Volume (F:)"]}
{"RecordNumber":24078,"TimeGenerated":"2025-06-27 15:41:45 +0700","TimeWritten":"2025-06-27 15:41:45 +0700","EventID":16394,"Qualifiers":49152,"EventType":"Information","EventCategory":0,"Channel":"Application","SourceName":"Software Protection Platform Service","ComputerName":"DESKTOP-RB8ENUF","Data":"","Sid":"","Message":"Offline downlevel migration succeeded.\r\n","StringInserts":[]}
{"RecordNumber":24079,"TimeGenerated":"2025-06-27 15:42:16 +0700","TimeWritten":"2025-06-27 15:42:16 +0700","EventID":16384,"Qualifiers":16384,"EventType":"Information","EventCategory":0,"Channel":"Application","SourceName":"Software Protection Platform Service","ComputerName":"DESKTOP-RB8ENUF","Data":"","Sid":"","Message":"Successfully scheduled Software Protection service for re-start at 2025-07-02T06:42:15Z. Reason: RulesEngine.\r\n","StringInserts":["2025-07-02T06:42:15Z","RulesEngine"]}
{"RecordNumber":24080,"TimeGenerated":"2025-06-27 17:22:55 +0700","TimeWritten":"2025-06-27 17:22:55 +0700","EventID":16394,"Qualifiers":49152,"EventType":"Information","EventCategory":0,"Channel":"Application","SourceName":"Software Protection Platform Service","ComputerName":"DESKTOP-RB8ENUF","Data":"","Sid":"","Message":"Offline downlevel migration succeeded.\r\n","StringInserts":[]}
{"RecordNumber":24081,"TimeGenerated":"2025-06-27 17:23:25 +0700","TimeWritten":"2025-06-27 17:23:25 +0700","EventID":16384,"Qualifiers":16384,"EventType":"Information","EventCategory":0,"Channel":"Application","SourceName":"Software Protection Platform Service","ComputerName":"DESKTOP-RB8ENUF","Data":"","Sid":"","Message":"Successfully scheduled Software Protection service for re-start at 2025-07-02T06:42:25Z. Reason: RulesEngine.\r\n","StringInserts":["2025-07-02T06:42:25Z","RulesEngine"]}
{"RecordNumber":24082,"TimeGenerated":"2025-06-27 17:32:47 +0700","TimeWritten":"2025-06-27 17:32:47 +0700","EventID":16394,"Qualifiers":49152,"EventType":"Information","EventCategory":0,"Channel":"Application","SourceName":"Software Protection Platform Service","ComputerName":"DESKTOP-RB8ENUF","Data":"","Sid":"","Message":"Offline downlevel migration succeeded.\r\n","StringInserts":[]}
{"RecordNumber":24083,"TimeGenerated":"2025-06-27 17:33:09 +0700","TimeWritten":"2025-06-27 17:33:09 +0700","EventID":15,"Qualifiers":0,"EventType":"Information","EventCategory":0,"Channel":"Application","SourceName":"SecurityCenter","ComputerName":"DESKTOP-RB8ENUF","Data":"","Sid":"","Message":"Updated Windows Defender status successfully to SECURITY_PRODUCT_STATE_ON.\r\n","StringInserts":["Windows Defender","SECURITY_PRODUCT_STATE_ON"]}
{"RecordNumber":24084,"TimeGenerated":"2025-06-27 17:33:11 +0700","TimeWritten":"2025-06-27 17:33:11 +0700","EventID":15,"Qualifiers":0,"EventType":"Information","EventCategory":0,"Channel":"Application","SourceName":"SecurityCenter","ComputerName":"DESKTOP-RB8ENUF","Data":"","Sid":"","Message":"Updated Windows Defender status successfully to SECURITY_PRODUCT_STATE_ON.\r\n","StringInserts":["Windows Defender","SECURITY_PRODUCT_STATE_ON"]}
{"RecordNumber":24085,"TimeGenerated":"2025-06-27 17:33:18 +0700","TimeWritten":"2025-06-27 17:33:18 +0700","EventID":16384,"Qualifiers":16384,"EventType":"Information","EventCategory":0,"Channel":"Application","SourceName":"Software Protection Platform Service","ComputerName":"DESKTOP-RB8ENUF","Data":"","Sid":"","Message":"Successfully scheduled Software Protection service for re-start at 2025-07-02T06:42:18Z. Reason: RulesEngine.\r\n","StringInserts":["2025-07-02T06:42:18Z","RulesEngine"]}
{"RecordNumber":24086,"TimeGenerated":"2025-06-27 17:33:26 +0700","TimeWritten":"2025-06-27 17:33:26 +0700","EventID":16394,"Qualifiers":49152,"EventType":"Information","EventCategory":0,"Channel":"Application","SourceName":"Software Protection Platform Service","ComputerName":"DESKTOP-RB8ENUF","Data":"","Sid":"","Message":"Offline downlevel migration succeeded.\r\n","StringInserts":[]}
{"RecordNumber":24087,"TimeGenerated":"2025-06-27 17:33:36 +0700","TimeWritten":"2025-06-27 17:33:36 +0700","EventID":15,"Qualifiers":0,"EventType":"Information","EventCategory":0,"Channel":"Application","SourceName":"SecurityCenter","ComputerName":"DESKTOP-RB8ENUF","Data":"","Sid":"","Message":"Updated Windows Defender status successfully to SECURITY_PRODUCT_STATE_ON.\r\n","StringInserts":["Windows Defender","SECURITY_PRODUCT_STATE_ON"]}
{"RecordNumber":24088,"TimeGenerated":"2025-06-27 17:33:56 +0700","TimeWritten":"2025-06-27 17:33:56 +0700","EventID":16384,"Qualifiers":16384,"EventType":"Information","EventCategory":0,"Channel":"Application","SourceName":"Software Protection Platform Service","ComputerName":"DESKTOP-RB8ENUF","Data":"","Sid":"","Message":"Successfully scheduled Software Protection service for re-start at 2025-07-02T06:42:56Z. Reason: RulesEngine.\r\n","StringInserts":["2025-07-02T06:42:56Z","RulesEngine"]}
{"RecordNumber":24089,"TimeGenerated":"2025-06-27 17:41:25 +0700","TimeWritten":"2025-06-27 17:41:25 +0700","EventID":16394,"Qualifiers":49152,"EventType":"Information","EventCategory":0,"Channel":"Application","SourceName":"Software Protection Platform Service","ComputerName":"DESKTOP-RB8ENUF","Data":"","Sid":"","Message":"Offline downlevel migration succeeded.\r\n","StringInserts":[]}
{"RecordNumber":24090,"TimeGenerated":"2025-06-27 17:41:56 +0700","TimeWritten":"2025-06-27 17:41:56 +0700","EventID":16384,"Qualifiers":16384,"EventType":"Information","EventCategory":0,"Channel":"Application","SourceName":"Software Protection Platform Service","ComputerName":"DESKTOP-RB8ENUF","Data":"","Sid":"","Message":"Successfully scheduled Software Protection service for re-start at 2025-07-02T06:42:55Z. Reason: RulesEngine.\r\n","StringInserts":["2025-07-02T06:42:55Z","RulesEngine"]}
{"RecordNumber":24091,"TimeGenerated":"2025-06-27 18:17:38 +0700","TimeWritten":"2025-06-27 18:17:38 +0700","EventID":16394,"Qualifiers":49152,"EventType":"Information","EventCategory":0,"Channel":"Application","SourceName":"Software Protection Platform Service","ComputerName":"DESKTOP-RB8ENUF","Data":"","Sid":"","Message":"Offline downlevel migration succeeded.\r\n","StringInserts":[]}
{"RecordNumber":24092,"TimeGenerated":"2025-06-27 18:18:10 +0700","TimeWritten":"2025-06-27 18:18:10 +0700","EventID":16384,"Qualifiers":16384,"EventType":"Information","EventCategory":0,"Channel":"Application","SourceName":"Software Protection Platform Service","ComputerName":"DESKTOP-RB8ENUF","Data":"","Sid":"","Message":"Successfully scheduled Software Protection service for re-start at 2025-07-02T06:42:10Z. Reason: RulesEngine.\r\n","StringInserts":["2025-07-02T06:42:10Z","RulesEngine"]}
{"RecordNumber":24093,"TimeGenerated":"2025-06-27 20:32:00 +0700","TimeWritten":"2025-06-27 20:32:00 +0700","EventID":0,"Qualifiers":0,"EventType":"Information","EventCategory":0,"Channel":"Application","SourceName":"coccoc","ComputerName":"DESKTOP-RB8ENUF","Data":"","Sid":"","Message":"","StringInserts":["Service stopped"]}
{"RecordNumber":24094,"TimeGenerated":"2025-06-27 21:26:25 +0700","TimeWritten":"2025-06-27 21:26:25 +0700","EventID":0,"Qualifiers":0,"EventType":"Information","EventCategory":0,"Channel":"Application","SourceName":"edgeupdate","ComputerName":"DESKTOP-RB8ENUF","Data":"","Sid":"","Message":"Service stopped.\r\n","StringInserts":["Service stopped"]}
{"RecordNumber":24095,"TimeGenerated":"2025-06-27 22:14:09 +0700","TimeWritten":"2025-06-27 22:14:09 +0700","EventID":16394,"Qualifiers":49152,"EventType":"Information","EventCategory":0,"Channel":"Application","SourceName":"Software Protection Platform Service","ComputerName":"DESKTOP-RB8ENUF","Data":"","Sid":"","Message":"Offline downlevel migration succeeded.\r\n","StringInserts":[]}
{"RecordNumber":24096,"TimeGenerated":"2025-06-27 22:14:42 +0700","TimeWritten":"2025-06-27 22:14:42 +0700","EventID":16384,"Qualifiers":16384,"EventType":"Information","EventCategory":0,"Channel":"Application","SourceName":"Software Protection Platform Service","ComputerName":"DESKTOP-RB8ENUF","Data":"","Sid":"","Message":"Successfully scheduled Software Protection service for re-start at 2025-07-02T06:42:42Z. Reason: RulesEngine.\r\n","StringInserts":["2025-07-02T06:42:42Z","RulesEngine"]}
{"RecordNumber":24097,"TimeGenerated":"2025-06-27 23:36:08 +0700","TimeWritten":"2025-06-27 23:36:08 +0700","EventID":16394,"Qualifiers":49152,"EventType":"Information","EventCategory":0,"Channel":"Application","SourceName":"Software Protection Platform Service","ComputerName":"DESKTOP-RB8ENUF","Data":"","Sid":"","Message":"Offline downlevel migration succeeded.\r\n","StringInserts":[]}
{"RecordNumber":24098,"TimeGenerated":"2025-06-27 23:36:39 +0700","TimeWritten":"2025-06-27 23:36:39 +0700","EventID":16384,"Qualifiers":16384,"EventType":"Information","EventCategory":0,"Channel":"Application","SourceName":"Software Protection Platform Service","ComputerName":"DESKTOP-RB8ENUF","Data":"","Sid":"","Message":"Successfully scheduled Software Protection service for re-start at 2025-07-02T06:42:39Z. Reason: RulesEngine.\r\n","StringInserts":["2025-07-02T06:42:39Z","RulesEngine"]}
{"RecordNumber":24099,"TimeGenerated":"2025-06-28 00:50:47 +0700","TimeWritten":"2025-06-28 00:50:47 +0700","EventID":16394,"Qualifiers":49152,"EventType":"Information","EventCategory":0,"Channel":"Application","SourceName":"Software Protection Platform Service","ComputerName":"DESKTOP-RB8ENUF","Data":"","Sid":"","Message":"Offline downlevel migration succeeded.\r\n","StringInserts":[]}
{"RecordNumber":24100,"TimeGenerated":"2025-06-28 00:51:17 +0700","TimeWritten":"2025-06-28 00:51:17 +0700","EventID":16384,"Qualifiers":16384,"EventType":"Information","EventCategory":0,"Channel":"Application","SourceName":"Software Protection Platform Service","ComputerName":"DESKTOP-RB8ENUF","Data":"","Sid":"","Message":"Successfully scheduled Software Protection service for re-start at 2025-07-02T06:42:17Z. Reason: RulesEngine.\r\n","StringInserts":["2025-07-02T06:42:17Z","RulesEngine"]}
{"RecordNumber":24101,"TimeGenerated":"2025-06-28 01:12:00 +0700","TimeWritten":"2025-06-28 01:12:00 +0700","EventID":16394,"Qualifiers":49152,"EventType":"Information","EventCategory":0,"Channel":"Application","SourceName":"Software Protection Platform Service","ComputerName":"DESKTOP-RB8ENUF","Data":"","Sid":"","Message":"Offline downlevel migration succeeded.\r\n","StringInserts":[]}
{"RecordNumber":24102,"TimeGenerated":"2025-06-28 01:12:45 +0700","TimeWritten":"2025-06-28 01:12:45 +0700","EventID":15,"Qualifiers":0,"EventType":"Information","EventCategory":0,"Channel":"Application","SourceName":"SecurityCenter","ComputerName":"DESKTOP-RB8ENUF","Data":"","Sid":"","Message":"Updated Windows Defender status successfully to SECURITY_PRODUCT_STATE_ON.\r\n","StringInserts":["Windows Defender","SECURITY_PRODUCT_STATE_ON"]}
{"RecordNumber":24103,"TimeGenerated":"2025-06-28 01:13:04 +0700","TimeWritten":"2025-06-28 01:13:04 +0700","EventID":16384,"Qualifiers":16384,"EventType":"Information","EventCategory":0,"Channel":"Application","SourceName":"Software Protection Platform Service","ComputerName":"DESKTOP-RB8ENUF","Data":"","Sid":"","Message":"Successfully scheduled Software Protection service for re-start at 2025-07-02T06:43:04Z. Reason: RulesEngine.\r\n","StringInserts":["2025-07-02T06:43:04Z","RulesEngine"]}
{"RecordNumber":24104,"TimeGenerated":"2025-06-28 01:22:50 +0700","TimeWritten":"2025-06-28 01:22:50 +0700","EventID":16394,"Qualifiers":49152,"EventType":"Information","EventCategory":0,"Channel":"Application","SourceName":"Software Protection Platform Service","ComputerName":"DESKTOP-RB8ENUF","Data":"","Sid":"","Message":"Offline downlevel migration succeeded.\r\n","StringInserts":[]}
{"RecordNumber":24105,"TimeGenerated":"2025-06-28 01:23:04 +0700","TimeWritten":"2025-06-28 01:23:04 +0700","EventID":1001,"Qualifiers":0,"EventType":"Information","EventCategory":0,"Channel":"Application","SourceName":"Windows Error Reporting","ComputerName":"DESKTOP-RB8ENUF","Data":"","Sid":"","Message":"Fault bucket , type 0\r\nEvent Name: StoreAgentInstallFailure1\r\nResponse: Not available\r\nCab Id: 0\r\n\r\nProblem signature:\r\nP1: Update;ScanForUpdatesForUser\r\nP2: 80073d02\r\nP3: 19045\r\nP4: 5965\r\nP5: Windows.Desktop\r\nP6: 1\r\nP7: \r\nP8: \r\nP9: \r\nP10: \r\n\r\nAttached files:\r\n\\\\?\\C:\\Windows\\TEMP\\FailureReportMetadata_8070.txt\r\n\\\\?\\C:\\ProgramData\\Microsoft\\Windows\\WER\\Temp\\WER9D1E.tmp.WERInternalMetadata.xml\r\n\\\\?\\C:\\ProgramData\\Microsoft\\Windows\\WER\\Temp\\WER9D4E.tmp.xml\r\n\\\\?\\C:\\ProgramData\\Microsoft\\Windows\\WER\\Temp\\WER9D8C.tmp.csv\r\n\\\\?\\C:\\ProgramData\\Microsoft\\Windows\\WER\\Temp\\WER9DAC.tmp.txt\r\n\r\nThese files may be available here:\r\n\\\\?\\C:\\ProgramData\\Microsoft\\Windows\\WER\\ReportQueue\\NonCritical_Update;ScanForUp_9da2dad15aa53acf9c8043f73827e0be3fe072_00000000_cab_eba19665-e94e-4efb-ab97-6fbabe3fe6fd\r\n\r\nAnalysis symbol: \r\nRechecking for solution: 0\r\nReport Id: eba19665-e94e-4efb-ab97-6fbabe3fe6fd\r\nReport Status: 4\r\nHashed bucket: \r\nCab Guid: 0\r\n","StringInserts":["","0","StoreAgentInstallFailure1","Not available","0","Update;ScanForUpdatesForUser","80073d02","19045","5965","Windows.Desktop","1","","","","","\r\n\\\\?\\C:\\Windows\\TEMP\\FailureReportMetadata_8070.txt\r\n\\\\?\\C:\\ProgramData\\Microsoft\\Windows\\WER\\Temp\\WER9D1E.tmp.WERInternalMetadata.xml\r\n\\\\?\\C:\\ProgramData\\Microsoft\\Windows\\WER\\Temp\\WER9D4E.tmp.xml\r\n\\\\?\\C:\\ProgramData\\Microsoft\\Windows\\WER\\Temp\\WER9D8C.tmp.csv\r\n\\\\?\\C:\\ProgramData\\Microsoft\\Windows\\WER\\Temp\\WER9DAC.tmp.txt","\\\\?\\C:\\ProgramData\\Microsoft\\Windows\\WER\\ReportQueue\\NonCritical_Update;ScanForUp_9da2dad15aa53acf9c8043f73827e0be3fe072_00000000_cab_eba19665-e94e-4efb-ab97-6fbabe3fe6fd","","0","eba19665-e94e-4efb-ab97-6fbabe3fe6fd","4","","0"]}
{"RecordNumber":24106,"TimeGenerated":"2025-06-28 01:23:04 +0700","TimeWritten":"2025-06-28 01:23:04 +0700","EventID":1001,"Qualifiers":0,"EventType":"Information","EventCategory":0,"Channel":"Application","SourceName":"Windows Error Reporting","ComputerName":"DESKTOP-RB8ENUF","Data":"","Sid":"","Message":"Fault bucket 2257980652071876149, type 5\r\nEvent Name: StoreAgentInstallFailure1\r\nResponse: Not available\r\nCab Id: 0\r\n\r\nProblem signature:\r\nP1: Update;ScanForUpdatesForUser\r\nP2: 80073d02\r\nP3: 19045\r\nP4: 5965\r\nP5: Windows.Desktop\r\nP6: 1\r\nP7: \r\nP8: \r\nP9: \r\nP10: \r\n\r\nAttached files:\r\n\\\\?\\C:\\Windows\\TEMP\\FailureReportMetadata_8070.txt\r\n\\\\?\\C:\\ProgramData\\Microsoft\\Windows\\WER\\Temp\\WER9D1E.tmp.WERInternalMetadata.xml\r\n\\\\?\\C:\\ProgramData\\Microsoft\\Windows\\WER\\Temp\\WER9D4E.tmp.xml\r\n\\\\?\\C:\\ProgramData\\Microsoft\\Windows\\WER\\Temp\\WER9D8C.tmp.csv\r\n\\\\?\\C:\\ProgramData\\Microsoft\\Windows\\WER\\Temp\\WER9DAC.tmp.txt\r\n\r\nThese files may be available here:\r\n\\\\?\\C:\\ProgramData\\Microsoft\\Windows\\WER\\ReportArchive\\NonCritical_Update;ScanForUp_9da2dad15aa53acf9c8043f73827e0be3fe072_00000000_eba19665-e94e-4efb-ab97-6fbabe3fe6fd\r\n\r\nAnalysis symbol: \r\nRechecking for solution: 0\r\nReport Id: eba19665-e94e-4efb-ab97-6fbabe3fe6fd\r\nReport Status: 268435456\r\nHashed bucket: 45bc3e2c691ff4882f55f5709472f635\r\nCab Guid: 0\r\n","StringInserts":["2257980652071876149","5","StoreAgentInstallFailure1","Not available","0","Update;ScanForUpdatesForUser","80073d02","19045","5965","Windows.Desktop","1","","","","","\r\n\\\\?\\C:\\Windows\\TEMP\\FailureReportMetadata_8070.txt\r\n\\\\?\\C:\\ProgramData\\Microsoft\\Windows\\WER\\Temp\\WER9D1E.tmp.WERInternalMetadata.xml\r\n\\\\?\\C:\\ProgramData\\Microsoft\\Windows\\WER\\Temp\\WER9D4E.tmp.xml\r\n\\\\?\\C:\\ProgramData\\Microsoft\\Windows\\WER\\Temp\\WER9D8C.tmp.csv\r\n\\\\?\\C:\\ProgramData\\Microsoft\\Windows\\WER\\Temp\\WER9DAC.tmp.txt","\\\\?\\C:\\ProgramData\\Microsoft\\Windows\\WER\\ReportArchive\\NonCritical_Update;ScanForUp_9da2dad15aa53acf9c8043f73827e0be3fe072_00000000_eba19665-e94e-4efb-ab97-6fbabe3fe6fd","","0","eba19665-e94e-4efb-ab97-6fbabe3fe6fd","268435456","45bc3e2c691ff4882f55f5709472f635","0"]}
{"RecordNumber":24107,"TimeGenerated":"2025-06-28 01:23:36 +0700","TimeWritten":"2025-06-28 01:23:36 +0700","EventID":16384,"Qualifiers":16384,"EventType":"Information","EventCategory":0,"Channel":"Application","SourceName":"Software Protection Platform Service","ComputerName":"DESKTOP-RB8ENUF","Data":"","Sid":"","Message":"Successfully scheduled Software Protection service for re-start at 2025-07-02T06:42:35Z. Reason: RulesEngine.\r\n","StringInserts":["2025-07-02T06:42:35Z","RulesEngine"]}
{"RecordNumber":24108,"TimeGenerated":"2025-06-28 01:32:02 +0700","TimeWritten":"2025-06-28 01:32:02 +0700","EventID":0,"Qualifiers":0,"EventType":"Information","EventCategory":0,"Channel":"Application","SourceName":"coccoc","ComputerName":"DESKTOP-RB8ENUF","Data":"","Sid":"","Message":"","StringInserts":["Service stopped"]}
{"RecordNumber":24109,"TimeGenerated":"2025-06-28 02:05:10 +0700","TimeWritten":"2025-06-28 02:05:10 +0700","EventID":16394,"Qualifiers":49152,"EventType":"Information","EventCategory":0,"Channel":"Application","SourceName":"Software Protection Platform Service","ComputerName":"DESKTOP-RB8ENUF","Data":"","Sid":"","Message":"Offline downlevel migration succeeded.\r\n","StringInserts":[]}
