{"RecordNumber":24110,"TimeGenerated":"2025-06-28 02:05:41 +0700","TimeWritten":"2025-06-28 02:05:41 +0700","EventID":16384,"Qualifiers":16384,"EventType":"Information","EventCategory":0,"Channel":"Application","SourceName":"Software Protection Platform Service","ComputerName":"DESKTOP-RB8ENUF","Data":"","Sid":"","Message":"Successfully scheduled Software Protection service for re-start at 2025-07-02T06:42:41Z. Reason: RulesEngine.\r\n","StringInserts":["2025-07-02T06:42:41Z","RulesEngine"]}
{"RecordNumber":24111,"TimeGenerated":"2025-06-28 02:22:15 +0700","TimeWritten":"2025-06-28 02:22:15 +0700","EventID":16394,"Qualifiers":49152,"EventType":"Information","EventCategory":0,"Channel":"Application","SourceName":"Software Protection Platform Service","ComputerName":"DESKTOP-RB8ENUF","Data":"","Sid":"","Message":"Offline downlevel migration succeeded.\r\n","StringInserts":[]}
{"RecordNumber":24112,"TimeGenerated":"2025-06-28 02:23:07 +0700","TimeWritten":"2025-06-28 02:23:07 +0700","EventID":16384,"Qualifiers":16384,"EventType":"Information","EventCategory":0,"Channel":"Application","SourceName":"Software Protection Platform Service","ComputerName":"DESKTOP-RB8ENUF","Data":"","Sid":"","Message":"Successfully scheduled Software Protection service for re-start at 2025-07-02T06:42:07Z. Reason: RulesEngine.\r\n","StringInserts":["2025-07-02T06:42:07Z","RulesEngine"]}
{"RecordNumber":24113,"TimeGenerated":"2025-06-28 02:58:22 +0700","TimeWritten":"2025-06-28 02:58:22 +0700","EventID":16394,"Qualifiers":49152,"EventType":"Information","EventCategory":0,"Channel":"Application","SourceName":"Software Protection Platform Service","ComputerName":"DESKTOP-RB8ENUF","Data":"","Sid":"","Message":"Offline downlevel migration succeeded.\r\n","StringInserts":[]}
{"RecordNumber":24114,"TimeGenerated":"2025-06-28 02:58:53 +0700","TimeWritten":"2025-06-28 02:58:53 +0700","EventID":16384,"Qualifiers":16384,"EventType":"Information","EventCategory":0,"Channel":"Application","SourceName":"Software Protection Platform Service","ComputerName":"DESKTOP-RB8ENUF","Data":"","Sid":"","Message":"Successfully scheduled Software Protection service for re-start at 2025-07-02T06:42:53Z. Reason: RulesEngine.\r\n","StringInserts":["2025-07-02T06:42:53Z","RulesEngine"]}
{"RecordNumber":24115,"TimeGenerated":"2025-06-28 03:07:18 +0700","TimeWritten":"2025-06-28 03:07:18 +0700","EventID":16394,"Qualifiers":49152,"EventType":"Information","EventCategory":0,"Channel":"Application","SourceName":"Software Protection Platform Service","ComputerName":"DESKTOP-RB8ENUF","Data":"","Sid":"","Message":"Offline downlevel migration succeeded.\r\n","StringInserts":[]}
{"RecordNumber":24116,"TimeGenerated":"2025-06-28 03:07:49 +0700","TimeWritten":"2025-06-28 03:07:49 +0700","EventID":16384,"Qualifiers":16384,"EventType":"Information","EventCategory":0,"Channel":"Application","SourceName":"Software Protection Platform Service","ComputerName":"DESKTOP-RB8ENUF","Data":"","Sid":"","Message":"Successfully scheduled Software Protection service for re-start at 2025-07-02T06:42:49Z. Reason: RulesEngine.\r\n","StringInserts":["2025-07-02T06:42:49Z","RulesEngine"]}
{"RecordNumber":24117,"TimeGenerated":"2025-06-28 03:08:35 +0700","TimeWritten":"2025-06-28 03:08:35 +0700","EventID":16394,"Qualifiers":49152,"EventType":"Information","EventCategory":0,"Channel":"Application","SourceName":"Software Protection Platform Service","ComputerName":"DESKTOP-RB8ENUF","Data":"","Sid":"","Message":"Offline downlevel migration succeeded.\r\n","StringInserts":[]}
{"RecordNumber":24118,"TimeGenerated":"2025-06-28 03:09:06 +0700","TimeWritten":"2025-06-28 03:09:06 +0700","EventID":16384,"Qualifiers":16384,"EventType":"Information","EventCategory":0,"Channel":"Application","SourceName":"Software Protection Platform Service","ComputerName":"DESKTOP-RB8ENUF","Data":"","Sid":"","Message":"Successfully scheduled Software Protection service for re-start at 2025-07-02T06:43:05Z. Reason: RulesEngine.\r\n","StringInserts":["2025-07-02T06:43:05Z","RulesEngine"]}
{"RecordNumber":24119,"TimeGenerated":"2025-06-28 03:28:31 +0700","TimeWritten":"2025-06-28 03:28:31 +0700","EventID":16394,"Qualifiers":49152,"EventType":"Information","EventCategory":0,"Channel":"Application","SourceName":"Software Protection Platform Service","ComputerName":"DESKTOP-RB8ENUF","Data":"","Sid":"","Message":"Offline downlevel migration succeeded.\r\n","StringInserts":[]}
{"RecordNumber":24120,"TimeGenerated":"2025-06-28 03:29:01 +0700","TimeWritten":"2025-06-28 03:29:01 +0700","EventID":16384,"Qualifiers":16384,"EventType":"Information","EventCategory":0,"Channel":"Application","SourceName":"Software Protection Platform Service","ComputerName":"DESKTOP-RB8ENUF","Data":"","Sid":"","Message":"Successfully scheduled Software Protection service for re-start at 2025-07-02T06:43:01Z. Reason: RulesEngine.\r\n","StringInserts":["2025-07-02T06:43:01Z","RulesEngine"]}
{"RecordNumber":24121,"TimeGenerated":"2025-06-28 04:14:07 +0700","TimeWritten":"2025-06-28 04:14:07 +0700","EventID":16394,"Qualifiers":49152,"EventType":"Information","EventCategory":0,"Channel":"Application","SourceName":"Software Protection Platform Service","ComputerName":"DESKTOP-RB8ENUF","Data":"","Sid":"","Message":"Offline downlevel migration succeeded.\r\n","StringInserts":[]}
{"RecordNumber":24122,"TimeGenerated":"2025-06-28 04:14:39 +0700","TimeWritten":"2025-06-28 04:14:39 +0700","EventID":16384,"Qualifiers":16384,"EventType":"Information","EventCategory":0,"Channel":"Application","SourceName":"Software Protection Platform Service","ComputerName":"DESKTOP-RB8ENUF","Data":"","Sid":"","Message":"Successfully scheduled Software Protection service for re-start at 2025-07-02T06:42:39Z. Reason: RulesEngine.\r\n","StringInserts":["2025-07-02T06:42:39Z","RulesEngine"]}
{"RecordNumber":24123,"TimeGenerated":"2025-06-28 04:40:44 +0700","TimeWritten":"2025-06-28 04:40:44 +0700","EventID":16394,"Qualifiers":49152,"EventType":"Information","EventCategory":0,"Channel":"Application","SourceName":"Software Protection Platform Service","ComputerName":"DESKTOP-RB8ENUF","Data":"","Sid":"","Message":"Offline downlevel migration succeeded.\r\n","StringInserts":[]}
{"RecordNumber":24124,"TimeGenerated":"2025-06-28 04:41:16 +0700","TimeWritten":"2025-06-28 04:41:16 +0700","EventID":16384,"Qualifiers":16384,"EventType":"Information","EventCategory":0,"Channel":"Application","SourceName":"Software Protection Platform Service","ComputerName":"DESKTOP-RB8ENUF","Data":"","Sid":"","Message":"Successfully scheduled Software Protection service for re-start at 2025-07-02T06:42:16Z. Reason: RulesEngine.\r\n","StringInserts":["2025-07-02T06:42:16Z","RulesEngine"]}
{"RecordNumber":24125,"TimeGenerated":"2025-06-28 06:05:10 +0700","TimeWritten":"2025-06-28 06:05:10 +0700","EventID":16394,"Qualifiers":49152,"EventType":"Information","EventCategory":0,"Channel":"Application","SourceName":"Software Protection Platform Service","ComputerName":"DESKTOP-RB8ENUF","Data":"","Sid":"","Message":"Offline downlevel migration succeeded.\r\n","StringInserts":[]}
{"RecordNumber":24126,"TimeGenerated":"2025-06-28 06:05:41 +0700","TimeWritten":"2025-06-28 06:05:41 +0700","EventID":16384,"Qualifiers":16384,"EventType":"Information","EventCategory":0,"Channel":"Application","SourceName":"Software Protection Platform Service","ComputerName":"DESKTOP-RB8ENUF","Data":"","Sid":"","Message":"Successfully scheduled Software Protection service for re-start at 2025-07-02T06:42:41Z. Reason: RulesEngine.\r\n","StringInserts":["2025-07-02T06:42:41Z","RulesEngine"]}
{"RecordNumber":24127,"TimeGenerated":"2025-06-28 06:32:02 +0700","TimeWritten":"2025-06-28 06:32:02 +0700","EventID":0,"Qualifiers":0,"EventType":"Information","EventCategory":0,"Channel":"Application","SourceName":"coccoc","ComputerName":"DESKTOP-RB8ENUF","Data":"","Sid":"","Message":"","StringInserts":["Service stopped"]}
{"RecordNumber":24128,"TimeGenerated":"2025-06-28 07:28:01 +0700","TimeWritten":"2025-06-28 07:28:01 +0700","EventID":0,"Qualifiers":0,"EventType":"Information","EventCategory":0,"Channel":"Application","SourceName":"edgeupdate","ComputerName":"DESKTOP-RB8ENUF","Data":"","Sid":"","Message":"Service stopped.\r\n","StringInserts":["Service stopped"]}
{"RecordNumber":24129,"TimeGenerated":"2025-06-28 07:45:01 +0700","TimeWritten":"2025-06-28 07:45:01 +0700","EventID":16394,"Qualifiers":49152,"EventType":"Information","EventCategory":0,"Channel":"Application","SourceName":"Software Protection Platform Service","ComputerName":"DESKTOP-RB8ENUF","Data":"","Sid":"","Message":"Offline downlevel migration succeeded.\r\n","StringInserts":[]}
{"RecordNumber":24130,"TimeGenerated":"2025-06-28 07:45:31 +0700","TimeWritten":"2025-06-28 07:45:31 +0700","EventID":16384,"Qualifiers":16384,"EventType":"Information","EventCategory":0,"Channel":"Application","SourceName":"Software Protection Platform Service","ComputerName":"DESKTOP-RB8ENUF","Data":"","Sid":"","Message":"Successfully scheduled Software Protection service for re-start at 2025-07-02T06:42:31Z. Reason: RulesEngine.\r\n","StringInserts":["2025-07-02T06:42:31Z","RulesEngine"]}
{"RecordNumber":24131,"TimeGenerated":"2025-06-28 10:49:10 +0700","TimeWritten":"2025-06-28 10:49:10 +0700","EventID":16394,"Qualifiers":49152,"EventType":"Information","EventCategory":0,"Channel":"Application","SourceName":"Software Protection Platform Service","ComputerName":"DESKTOP-RB8ENUF","Data":"","Sid":"","Message":"Offline downlevel migration succeeded.\r\n","StringInserts":[]}
{"RecordNumber":24132,"TimeGenerated":"2025-06-28 10:49:42 +0700","TimeWritten":"2025-06-28 10:49:42 +0700","EventID":16384,"Qualifiers":16384,"EventType":"Information","EventCategory":0,"Channel":"Application","SourceName":"Software Protection Platform Service","ComputerName":"DESKTOP-RB8ENUF","Data":"","Sid":"","Message":"Successfully scheduled Software Protection service for re-start at 2025-07-02T06:42:42Z. Reason: RulesEngine.\r\n","StringInserts":["2025-07-02T06:42:42Z","RulesEngine"]}
{"RecordNumber":24133,"TimeGenerated":"2025-06-28 11:32:48 +0700","TimeWritten":"2025-06-28 11:32:48 +0700","EventID":0,"Qualifiers":0,"EventType":"Information","EventCategory":0,"Channel":"Application","SourceName":"coccoc","ComputerName":"DESKTOP-RB8ENUF","Data":"","Sid":"","Message":"","StringInserts":["Service stopped"]}
{"RecordNumber":24134,"TimeGenerated":"2025-06-28 11:37:09 +0700","TimeWritten":"2025-06-28 11:37:09 +0700","EventID":16394,"Qualifiers":49152,"EventType":"Information","EventCategory":0,"Channel":"Application","SourceName":"Software Protection Platform Service","ComputerName":"DESKTOP-RB8ENUF","Data":"","Sid":"","Message":"Offline downlevel migration succeeded.\r\n","StringInserts":[]}
{"RecordNumber":24135,"TimeGenerated":"2025-06-28 11:37:39 +0700","TimeWritten":"2025-06-28 11:37:39 +0700","EventID":16384,"Qualifiers":16384,"EventType":"Information","EventCategory":0,"Channel":"Application","SourceName":"Software Protection Platform Service","ComputerName":"DESKTOP-RB8ENUF","Data":"","Sid":"","Message":"Successfully scheduled Software Protection service for re-start at 2025-07-02T06:42:39Z. Reason: RulesEngine.\r\n","StringInserts":["2025-07-02T06:42:39Z","RulesEngine"]}
{"RecordNumber":24136,"TimeGenerated":"2025-06-28 12:25:42 +0700","TimeWritten":"2025-06-28 12:25:42 +0700","EventID":15,"Qualifiers":0,"EventType":"Information","EventCategory":0,"Channel":"Application","SourceName":"SecurityCenter","ComputerName":"DESKTOP-RB8ENUF","Data":"","Sid":"","Message":"Updated Windows Defender status successfully to SECURITY_PRODUCT_STATE_ON.\r\n","StringInserts":["Windows Defender","SECURITY_PRODUCT_STATE_ON"]}
{"RecordNumber":24137,"TimeGenerated":"2025-06-28 12:25:44 +0700","TimeWritten":"2025-06-28 12:25:44 +0700","EventID":15,"Qualifiers":0,"EventType":"Information","EventCategory":0,"Channel":"Application","SourceName":"SecurityCenter","ComputerName":"DESKTOP-RB8ENUF","Data":"","Sid":"","Message":"Updated Windows Defender status successfully to SECURITY_PRODUCT_STATE_ON.\r\n","StringInserts":["Windows Defender","SECURITY_PRODUCT_STATE_ON"]}
{"RecordNumber":24138,"TimeGenerated":"2025-06-28 12:31:51 +0700","TimeWritten":"2025-06-28 12:31:51 +0700","EventID":16394,"Qualifiers":49152,"EventType":"Information","EventCategory":0,"Channel":"Application","SourceName":"Software Protection Platform Service","ComputerName":"DESKTOP-RB8ENUF","Data":"","Sid":"","Message":"Offline downlevel migration succeeded.\r\n","StringInserts":[]}
{"RecordNumber":24139,"TimeGenerated":"2025-06-28 12:32:21 +0700","TimeWritten":"2025-06-28 12:32:21 +0700","EventID":16384,"Qualifiers":16384,"EventType":"Information","EventCategory":0,"Channel":"Application","SourceName":"Software Protection Platform Service","ComputerName":"DESKTOP-RB8ENUF","Data":"","Sid":"","Message":"Successfully scheduled Software Protection service for re-start at 2025-07-02T06:42:21Z. Reason: RulesEngine.\r\n","StringInserts":["2025-07-02T06:42:21Z","RulesEngine"]}
{"RecordNumber":24140,"TimeGenerated":"2025-06-28 14:23:59 +0700","TimeWritten":"2025-06-28 14:23:59 +0700","EventID":16394,"Qualifiers":49152,"EventType":"Information","EventCategory":0,"Channel":"Application","SourceName":"Software Protection Platform Service","ComputerName":"DESKTOP-RB8ENUF","Data":"","Sid":"","Message":"Offline downlevel migration succeeded.\r\n","StringInserts":[]}
{"RecordNumber":24141,"TimeGenerated":"2025-06-28 14:24:30 +0700","TimeWritten":"2025-06-28 14:24:30 +0700","EventID":16384,"Qualifiers":16384,"EventType":"Information","EventCategory":0,"Channel":"Application","SourceName":"Software Protection Platform Service","ComputerName":"DESKTOP-RB8ENUF","Data":"","Sid":"","Message":"Successfully scheduled Software Protection service for re-start at 2025-07-02T06:42:30Z. Reason: RulesEngine.\r\n","StringInserts":["2025-07-02T06:42:30Z","RulesEngine"]}
{"RecordNumber":24142,"TimeGenerated":"2025-06-28 16:32:04 +0700","TimeWritten":"2025-06-28 16:32:04 +0700","EventID":0,"Qualifiers":0,"EventType":"Information","EventCategory":0,"Channel":"Application","SourceName":"coccoc","ComputerName":"DESKTOP-RB8ENUF","Data":"","Sid":"","Message":"","StringInserts":["Service stopped"]}
{"RecordNumber":24143,"TimeGenerated":"2025-06-28 16:55:47 +0700","TimeWritten":"2025-06-28 16:55:47 +0700","EventID":16394,"Qualifiers":49152,"EventType":"Information","EventCategory":0,"Channel":"Application","SourceName":"Software Protection Platform Service","ComputerName":"DESKTOP-RB8ENUF","Data":"","Sid":"","Message":"Offline downlevel migration succeeded.\r\n","StringInserts":[]}
{"RecordNumber":24144,"TimeGenerated":"2025-06-28 16:56:18 +0700","TimeWritten":"2025-06-28 16:56:18 +0700","EventID":16384,"Qualifiers":16384,"EventType":"Information","EventCategory":0,"Channel":"Application","SourceName":"Software Protection Platform Service","ComputerName":"DESKTOP-RB8ENUF","Data":"","Sid":"","Message":"Successfully scheduled Software Protection service for re-start at 2025-07-02T06:42:18Z. Reason: RulesEngine.\r\n","StringInserts":["2025-07-02T06:42:18Z","RulesEngine"]}
{"RecordNumber":24145,"TimeGenerated":"2025-06-28 17:27:06 +0700","TimeWritten":"2025-06-28 17:27:06 +0700","EventID":0,"Qualifiers":0,"EventType":"Information","EventCategory":0,"Channel":"Application","SourceName":"edgeupdate","ComputerName":"DESKTOP-RB8ENUF","Data":"","Sid":"","Message":"Service stopped.\r\n","StringInserts":["Service stopped"]}
{"RecordNumber":24146,"TimeGenerated":"2025-06-28 17:32:46 +0700","TimeWritten":"2025-06-28 17:32:46 +0700","EventID":16394,"Qualifiers":49152,"EventType":"Information","EventCategory":0,"Channel":"Application","SourceName":"Software Protection Platform Service","ComputerName":"DESKTOP-RB8ENUF","Data":"","Sid":"","Message":"Offline downlevel migration succeeded.\r\n","StringInserts":[]}
{"RecordNumber":24147,"TimeGenerated":"2025-06-28 17:33:07 +0700","TimeWritten":"2025-06-28 17:33:07 +0700","EventID":15,"Qualifiers":0,"EventType":"Information","EventCategory":0,"Channel":"Application","SourceName":"SecurityCenter","ComputerName":"DESKTOP-RB8ENUF","Data":"","Sid":"","Message":"Updated Windows Defender status successfully to SECURITY_PRODUCT_STATE_ON.\r\n","StringInserts":["Windows Defender","SECURITY_PRODUCT_STATE_ON"]}
{"RecordNumber":24148,"TimeGenerated":"2025-06-28 17:33:09 +0700","TimeWritten":"2025-06-28 17:33:09 +0700","EventID":15,"Qualifiers":0,"EventType":"Information","EventCategory":0,"Channel":"Application","SourceName":"SecurityCenter","ComputerName":"DESKTOP-RB8ENUF","Data":"","Sid":"","Message":"Updated Windows Defender status successfully to SECURITY_PRODUCT_STATE_ON.\r\n","StringInserts":["Windows Defender","SECURITY_PRODUCT_STATE_ON"]}
{"RecordNumber":24149,"TimeGenerated":"2025-06-28 17:33:11 +0700","TimeWritten":"2025-06-28 17:33:11 +0700","EventID":15,"Qualifiers":0,"EventType":"Information","EventCategory":0,"Channel":"Application","SourceName":"SecurityCenter","ComputerName":"DESKTOP-RB8ENUF","Data":"","Sid":"","Message":"Updated Windows Defender status successfully to SECURITY_PRODUCT_STATE_ON.\r\n","StringInserts":["Windows Defender","SECURITY_PRODUCT_STATE_ON"]}
{"RecordNumber":24150,"TimeGenerated":"2025-06-28 17:33:32 +0700","TimeWritten":"2025-06-28 17:33:32 +0700","EventID":16384,"Qualifiers":16384,"EventType":"Information","EventCategory":0,"Channel":"Application","SourceName":"Software Protection Platform Service","ComputerName":"DESKTOP-RB8ENUF","Data":"","Sid":"","Message":"Successfully scheduled Software Protection service for re-start at 2025-07-02T06:42:32Z. Reason: RulesEngine.\r\n","StringInserts":["2025-07-02T06:42:32Z","RulesEngine"]}
{"RecordNumber":24151,"TimeGenerated":"2025-06-28 18:55:40 +0700","TimeWritten":"2025-06-28 18:55:40 +0700","EventID":16394,"Qualifiers":49152,"EventType":"Information","EventCategory":0,"Channel":"Application","SourceName":"Software Protection Platform Service","ComputerName":"DESKTOP-RB8ENUF","Data":"","Sid":"","Message":"Offline downlevel migration succeeded.\r\n","StringInserts":[]}
{"RecordNumber":24152,"TimeGenerated":"2025-06-28 18:56:12 +0700","TimeWritten":"2025-06-28 18:56:12 +0700","EventID":16384,"Qualifiers":16384,"EventType":"Information","EventCategory":0,"Channel":"Application","SourceName":"Software Protection Platform Service","ComputerName":"DESKTOP-RB8ENUF","Data":"","Sid":"","Message":"Successfully scheduled Software Protection service for re-start at 2025-07-02T06:42:12Z. Reason: RulesEngine.\r\n","StringInserts":["2025-07-02T06:42:12Z","RulesEngine"]}
{"RecordNumber":24153,"TimeGenerated":"2025-06-28 20:41:01 +0700","TimeWritten":"2025-06-28 20:41:01 +0700","EventID":16394,"Qualifiers":49152,"EventType":"Information","EventCategory":0,"Channel":"Application","SourceName":"Software Protection Platform Service","ComputerName":"DESKTOP-RB8ENUF","Data":"","Sid":"","Message":"Offline downlevel migration succeeded.\r\n","StringInserts":[]}
{"RecordNumber":24154,"TimeGenerated":"2025-06-28 20:41:31 +0700","TimeWritten":"2025-06-28 20:41:31 +0700","EventID":16384,"Qualifiers":16384,"EventType":"Information","EventCategory":0,"Channel":"Application","SourceName":"Software Protection Platform Service","ComputerName":"DESKTOP-RB8ENUF","Data":"","Sid":"","Message":"Successfully scheduled Software Protection service for re-start at 2025-07-02T06:42:31Z. Reason: RulesEngine.\r\n","StringInserts":["2025-07-02T06:42:31Z","RulesEngine"]}
{"RecordNumber":24155,"TimeGenerated":"2025-06-28 21:32:34 +0700","TimeWritten":"2025-06-28 21:32:34 +0700","EventID":0,"Qualifiers":0,"EventType":"Information","EventCategory":0,"Channel":"Application","SourceName":"coccoc","ComputerName":"DESKTOP-RB8ENUF","Data":"","Sid":"","Message":"","StringInserts":["Service stopped"]}
{"RecordNumber":24156,"TimeGenerated":"2025-06-28 21:57:34 +0700","TimeWritten":"2025-06-28 21:57:34 +0700","EventID":16394,"Qualifiers":49152,"EventType":"Information","EventCategory":0,"Channel":"Application","SourceName":"Software Protection Platform Service","ComputerName":"DESKTOP-RB8ENUF","Data":"","Sid":"","Message":"Offline downlevel migration succeeded.\r\n","StringInserts":[]}
{"RecordNumber":24157,"TimeGenerated":"2025-06-28 21:58:04 +0700","TimeWritten":"2025-06-28 21:58:04 +0700","EventID":16384,"Qualifiers":16384,"EventType":"Information","EventCategory":0,"Channel":"Application","SourceName":"Software Protection Platform Service","ComputerName":"DESKTOP-RB8ENUF","Data":"","Sid":"","Message":"Successfully scheduled Software Protection service for re-start at 2025-07-02T06:43:04Z. Reason: RulesEngine.\r\n","StringInserts":["2025-07-02T06:43:04Z","RulesEngine"]}
{"RecordNumber":24158,"TimeGenerated":"2025-06-28 23:01:55 +0700","TimeWritten":"2025-06-28 23:01:55 +0700","EventID":16394,"Qualifiers":49152,"EventType":"Information","EventCategory":0,"Channel":"Application","SourceName":"Software Protection Platform Service","ComputerName":"DESKTOP-RB8ENUF","Data":"","Sid":"","Message":"Offline downlevel migration succeeded.\r\n","StringInserts":[]}
{"RecordNumber":24159,"TimeGenerated":"2025-06-28 23:02:32 +0700","TimeWritten":"2025-06-28 23:02:32 +0700","EventID":16384,"Qualifiers":16384,"EventType":"Information","EventCategory":0,"Channel":"Application","SourceName":"Software Protection Platform Service","ComputerName":"DESKTOP-RB8ENUF","Data":"","Sid":"","Message":"Successfully scheduled Software Protection service for re-start at 2025-07-02T06:42:31Z. Reason: RulesEngine.\r\n","StringInserts":["2025-07-02T06:42:31Z","RulesEngine"]}
{"RecordNumber":24160,"TimeGenerated":"2025-06-28 23:22:40 +0700","TimeWritten":"2025-06-28 23:22:40 +0700","EventID":16394,"Qualifiers":49152,"EventType":"Information","EventCategory":0,"Channel":"Application","SourceName":"Software Protection Platform Service","ComputerName":"DESKTOP-RB8ENUF","Data":"","Sid":"","Message":"Offline downlevel migration succeeded.\r\n","StringInserts":[]}
{"RecordNumber":24161,"TimeGenerated":"2025-06-28 23:23:10 +0700","TimeWritten":"2025-06-28 23:23:10 +0700","EventID":15,"Qualifiers":0,"EventType":"Information","EventCategory":0,"Channel":"Application","SourceName":"SecurityCenter","ComputerName":"DESKTOP-RB8ENUF","Data":"","Sid":"","Message":"Updated Windows Defender status successfully to SECURITY_PRODUCT_STATE_ON.\r\n","StringInserts":["Windows Defender","SECURITY_PRODUCT_STATE_ON"]}
{"RecordNumber":24162,"TimeGenerated":"2025-06-28 23:23:31 +0700","TimeWritten":"2025-06-28 23:23:31 +0700","EventID":16384,"Qualifiers":16384,"EventType":"Information","EventCategory":0,"Channel":"Application","SourceName":"Software Protection Platform Service","ComputerName":"DESKTOP-RB8ENUF","Data":"","Sid":"","Message":"Successfully scheduled Software Protection service for re-start at 2025-07-02T06:42:31Z. Reason: RulesEngine.\r\n","StringInserts":["2025-07-02T06:42:31Z","RulesEngine"]}
{"RecordNumber":24163,"TimeGenerated":"2025-06-28 23:25:19 +0700","TimeWritten":"2025-06-28 23:25:19 +0700","EventID":16394,"Qualifiers":49152,"EventType":"Information","EventCategory":0,"Channel":"Application","SourceName":"Software Protection Platform Service","ComputerName":"DESKTOP-RB8ENUF","Data":"","Sid":"","Message":"Offline downlevel migration succeeded.\r\n","StringInserts":[]}
{"RecordNumber":24164,"TimeGenerated":"2025-06-28 23:25:49 +0700","TimeWritten":"2025-06-28 23:25:49 +0700","EventID":16384,"Qualifiers":16384,"EventType":"Information","EventCategory":0,"Channel":"Application","SourceName":"Software Protection Platform Service","ComputerName":"DESKTOP-RB8ENUF","Data":"","Sid":"","Message":"Successfully scheduled Software Protection service for re-start at 2025-07-02T06:42:49Z. Reason: RulesEngine.\r\n","StringInserts":["2025-07-02T06:42:49Z","RulesEngine"]}
{"RecordNumber":24165,"TimeGenerated":"2025-06-29 00:00:15 +0700","TimeWritten":"2025-06-29 00:00:15 +0700","EventID":16394,"Qualifiers":49152,"EventType":"Information","EventCategory":0,"Channel":"Application","SourceName":"Software Protection Platform Service","ComputerName":"DESKTOP-RB8ENUF","Data":"","Sid":"","Message":"Offline downlevel migration succeeded.\r\n","StringInserts":[]}
{"RecordNumber":24166,"TimeGenerated":"2025-06-29 00:00:46 +0700","TimeWritten":"2025-06-29 00:00:46 +0700","EventID":16384,"Qualifiers":16384,"EventType":"Information","EventCategory":0,"Channel":"Application","SourceName":"Software Protection Platform Service","ComputerName":"DESKTOP-RB8ENUF","Data":"","Sid":"","Message":"Successfully scheduled Software Protection service for re-start at 2025-07-02T06:42:46Z. Reason: RulesEngine.\r\n","StringInserts":["2025-07-02T06:42:46Z","RulesEngine"]}
{"RecordNumber":24167,"TimeGenerated":"2025-06-29 00:25:40 +0700","TimeWritten":"2025-06-29 00:25:40 +0700","EventID":16394,"Qualifiers":49152,"EventType":"Information","EventCategory":0,"Channel":"Application","SourceName":"Software Protection Platform Service","ComputerName":"DESKTOP-RB8ENUF","Data":"","Sid":"","Message":"Offline downlevel migration succeeded.\r\n","StringInserts":[]}
{"RecordNumber":24168,"TimeGenerated":"2025-06-29 00:26:31 +0700","TimeWritten":"2025-06-29 00:26:31 +0700","EventID":16384,"Qualifiers":16384,"EventType":"Information","EventCategory":0,"Channel":"Application","SourceName":"Software Protection Platform Service","ComputerName":"DESKTOP-RB8ENUF","Data":"","Sid":"","Message":"Successfully scheduled Software Protection service for re-start at 2025-07-02T06:42:31Z. Reason: RulesEngine.\r\n","StringInserts":["2025-07-02T06:42:31Z","RulesEngine"]}
{"RecordNumber":24169,"TimeGenerated":"2025-06-29 01:26:06 +0700","TimeWritten":"2025-06-29 01:26:06 +0700","EventID":8224,"Qualifiers":0,"EventType":"Information","EventCategory":0,"Channel":"Application","SourceName":"VSS","ComputerName":"DESKTOP-RB8ENUF","Data":"2d20436f64653a2020434f525356434330303030303737342d2043616c6c3a2020434f525356434330303030303735362d205049443a202030303032353336382d205449443a202030303031323937322d20434d443a2020433a5c57696e646f77735c73797374656d33325c76737376632e6578652020202d20557365723a204e616d653a204e5420415554484f524954595c53595354454d2c205349443a532d312d352d313820","Sid":"","Message":"The VSS service is shutting down due to idle timeout.\r\n\r\n","StringInserts":[""]}
{"RecordNumber":24170,"TimeGenerated":"2025-06-29 02:05:17 +0700","TimeWritten":"2025-06-29 02:05:17 +0700","EventID":16394,"Qualifiers":49152,"EventType":"Information","EventCategory":0,"Channel":"Application","SourceName":"Software Protection Platform Service","ComputerName":"DESKTOP-RB8ENUF","Data":"","Sid":"","Message":"Offline downlevel migration succeeded.\r\n","StringInserts":[]}
{"RecordNumber":24171,"TimeGenerated":"2025-06-29 02:05:47 +0700","TimeWritten":"2025-06-29 02:05:47 +0700","EventID":16384,"Qualifiers":16384,"EventType":"Information","EventCategory":0,"Channel":"Application","SourceName":"Software Protection Platform Service","ComputerName":"DESKTOP-RB8ENUF","Data":"","Sid":"","Message":"Successfully scheduled Software Protection service for re-start at 2025-07-02T06:42:47Z. Reason: RulesEngine.\r\n","StringInserts":["2025-07-02T06:42:47Z","RulesEngine"]}
{"RecordNumber":24172,"TimeGenerated":"2025-06-29 02:32:04 +0700","TimeWritten":"2025-06-29 02:32:04 +0700","EventID":0,"Qualifiers":0,"EventType":"Information","EventCategory":0,"Channel":"Application","SourceName":"coccoc","ComputerName":"DESKTOP-RB8ENUF","Data":"","Sid":"","Message":"","StringInserts":["Service stopped"]}
{"RecordNumber":24173,"TimeGenerated":"2025-06-29 03:06:28 +0700","TimeWritten":"2025-06-29 03:06:28 +0700","EventID":16394,"Qualifiers":49152,"EventType":"Information","EventCategory":0,"Channel":"Application","SourceName":"Software Protection Platform Service","ComputerName":"DESKTOP-RB8ENUF","Data":"","Sid":"","Message":"Offline downlevel migration succeeded.\r\n","StringInserts":[]}
{"RecordNumber":24174,"TimeGenerated":"2025-06-29 03:07:06 +0700","TimeWritten":"2025-06-29 03:07:06 +0700","EventID":16384,"Qualifiers":16384,"EventType":"Information","EventCategory":0,"Channel":"Application","SourceName":"Software Protection Platform Service","ComputerName":"DESKTOP-RB8ENUF","Data":"","Sid":"","Message":"Successfully scheduled Software Protection service for re-start at 2025-07-02T06:42:06Z. Reason: RulesEngine.\r\n","StringInserts":["2025-07-02T06:42:06Z","RulesEngine"]}
{"RecordNumber":24175,"TimeGenerated":"2025-06-29 03:09:15 +0700","TimeWritten":"2025-06-29 03:09:15 +0700","EventID":16394,"Qualifiers":49152,"EventType":"Information","EventCategory":0,"Channel":"Application","SourceName":"Software Protection Platform Service","ComputerName":"DESKTOP-RB8ENUF","Data":"","Sid":"","Message":"Offline downlevel migration succeeded.\r\n","StringInserts":[]}
{"RecordNumber":24176,"TimeGenerated":"2025-06-29 03:09:46 +0700","TimeWritten":"2025-06-29 03:09:46 +0700","EventID":16384,"Qualifiers":16384,"EventType":"Information","EventCategory":0,"Channel":"Application","SourceName":"Software Protection Platform Service","ComputerName":"DESKTOP-RB8ENUF","Data":"","Sid":"","Message":"Successfully scheduled Software Protection service for re-start at 2025-07-02T06:42:46Z. Reason: RulesEngine.\r\n","StringInserts":["2025-07-02T06:42:46Z","RulesEngine"]}
{"RecordNumber":24177,"TimeGenerated":"2025-06-29 03:26:51 +0700","TimeWritten":"2025-06-29 03:26:51 +0700","EventID":0,"Qualifiers":0,"EventType":"Information","EventCategory":0,"Channel":"Application","SourceName":"edgeupdate","ComputerName":"DESKTOP-RB8ENUF","Data":"","Sid":"","Message":"Service stopped.\r\n","StringInserts":["Service stopped"]}
{"RecordNumber":24178,"TimeGenerated":"2025-06-29 03:34:30 +0700","TimeWritten":"2025-06-29 03:34:30 +0700","EventID":16394,"Qualifiers":49152,"EventType":"Information","EventCategory":0,"Channel":"Application","SourceName":"Software Protection Platform Service","ComputerName":"DESKTOP-RB8ENUF","Data":"","Sid":"","Message":"Offline downlevel migration succeeded.\r\n","StringInserts":[]}
{"RecordNumber":24179,"TimeGenerated":"2025-06-29 03:35:02 +0700","TimeWritten":"2025-06-29 03:35:02 +0700","EventID":16384,"Qualifiers":16384,"EventType":"Information","EventCategory":0,"Channel":"Application","SourceName":"Software Protection Platform Service","ComputerName":"DESKTOP-RB8ENUF","Data":"","Sid":"","Message":"Successfully scheduled Software Protection service for re-start at 2025-07-02T06:43:02Z. Reason: RulesEngine.\r\n","StringInserts":["2025-07-02T06:43:02Z","RulesEngine"]}
{"RecordNumber":24180,"TimeGenerated":"2025-06-29 04:25:40 +0700","TimeWritten":"2025-06-29 04:25:40 +0700","EventID":16394,"Qualifiers":49152,"EventType":"Information","EventCategory":0,"Channel":"Application","SourceName":"Software Protection Platform Service","ComputerName":"DESKTOP-RB8ENUF","Data":"","Sid":"","Message":"Offline downlevel migration succeeded.\r\n","StringInserts":[]}
{"RecordNumber":24181,"TimeGenerated":"2025-06-29 04:26:14 +0700","TimeWritten":"2025-06-29 04:26:14 +0700","EventID":16384,"Qualifiers":16384,"EventType":"Information","EventCategory":0,"Channel":"Application","SourceName":"Software Protection Platform Service","ComputerName":"DESKTOP-RB8ENUF","Data":"","Sid":"","Message":"Successfully scheduled Software Protection service for re-start at 2025-07-02T06:42:14Z. Reason: RulesEngine.\r\n","StringInserts":["2025-07-02T06:42:14Z","RulesEngine"]}
{"RecordNumber":24182,"TimeGenerated":"2025-06-29 05:44:38 +0700","TimeWritten":"2025-06-29 05:44:38 +0700","EventID":16394,"Qualifiers":49152,"EventType":"Information","EventCategory":0,"Channel":"Application","SourceName":"Software Protection Platform Service","ComputerName":"DESKTOP-RB8ENUF","Data":"","Sid":"","Message":"Offline downlevel migration succeeded.\r\n","StringInserts":[]}
{"RecordNumber":24183,"TimeGenerated":"2025-06-29 05:45:09 +0700","TimeWritten":"2025-06-29 05:45:09 +0700","EventID":16384,"Qualifiers":16384,"EventType":"Information","EventCategory":0,"Channel":"Application","SourceName":"Software Protection Platform Service","ComputerName":"DESKTOP-RB8ENUF","Data":"","Sid":"","Message":"Successfully scheduled Software Protection service for re-start at 2025-07-02T06:42:09Z. Reason: RulesEngine.\r\n","StringInserts":["2025-07-02T06:42:09Z","RulesEngine"]}
{"RecordNumber":24184,"TimeGenerated":"2025-06-29 07:32:50 +0700","TimeWritten":"2025-06-29 07:32:50 +0700","EventID":0,"Qualifiers":0,"EventType":"Information","EventCategory":0,"Channel":"Application","SourceName":"coccoc","ComputerName":"DESKTOP-RB8ENUF","Data":"","Sid":"","Message":"","StringInserts":["Service stopped"]}
{"RecordNumber":24185,"TimeGenerated":"2025-06-29 07:33:34 +0700","TimeWritten":"2025-06-29 07:33:34 +0700","EventID":16394,"Qualifiers":49152,"EventType":"Information","EventCategory":0,"Channel":"Application","SourceName":"Software Protection Platform Service","ComputerName":"DESKTOP-RB8ENUF","Data":"","Sid":"","Message":"Offline downlevel migration succeeded.\r\n","StringInserts":[]}
{"RecordNumber":24186,"TimeGenerated":"2025-06-29 07:34:06 +0700","TimeWritten":"2025-06-29 07:34:06 +0700","EventID":16384,"Qualifiers":16384,"EventType":"Information","EventCategory":0,"Channel":"Application","SourceName":"Software Protection Platform Service","ComputerName":"DESKTOP-RB8ENUF","Data":"","Sid":"","Message":"Successfully scheduled Software Protection service for re-start at 2025-07-02T06:43:05Z. Reason: RulesEngine.\r\n","StringInserts":["2025-07-02T06:43:05Z","RulesEngine"]}
{"RecordNumber":24187,"TimeGenerated":"2025-06-29 09:52:46 +0700","TimeWritten":"2025-06-29 09:52:46 +0700","EventID":9027,"Qualifiers":16384,"EventType":"Information","EventCategory":0,"Channel":"Application","SourceName":"Desktop Window Manager","ComputerName":"DESKTOP-RB8ENUF","Data":"","Sid":"","Message":"The Desktop Window Manager has registered the session port.\r\n","StringInserts":[]}
{"RecordNumber":24188,"TimeGenerated":"2025-06-29 09:52:51 +0700","TimeWritten":"2025-06-29 09:52:51 +0700","EventID":1000,"Qualifiers":0,"EventType":"Error","EventCategory":100,"Channel":"Application","SourceName":"Application Error","ComputerName":"DESKTOP-RB8ENUF","Data":"","Sid":"","Message":"Faulting application name: dwm.exe, version: 10.0.19041.4355, time stamp: 0x6564cf4e\r\nFaulting module name: unknown, version: 0.0.0.0, time stamp: 0x00000000\r\nException code: 0x087a0001\r\nFault offset: 0x0000000000000000\r\nFaulting process id: 0x528\r\nFaulting application start time: 0x01dbe428bcd1318b\r\nFaulting application path: C:\\Windows\\system32\\dwm.exe\r\nFaulting module path: unknown\r\nReport Id: f08bca78-1766-4b8a-b53c-12b17c5eff00\r\nFaulting package full name: \r\nFaulting package-relative application ID: \r\n","StringInserts":["dwm.exe","10.0.19041.4355","6564cf4e","unknown","0.0.0.0","00000000","087a0001","0000000000000000","528","01dbe428bcd1318b","C:\\Windows\\system32\\dwm.exe","unknown","f08bca78-1766-4b8a-b53c-12b17c5eff00","",""]}
{"RecordNumber":24189,"TimeGenerated":"2025-06-29 09:52:57 +0700","TimeWritten":"2025-06-29 09:52:57 +0700","EventID":1001,"Qualifiers":0,"EventType":"Information","EventCategory":0,"Channel":"Application","SourceName":"Windows Error Reporting","ComputerName":"DESKTOP-RB8ENUF","Data":"","Sid":"","Message":"Fault bucket 1378020205862343227, type 4\r\nEvent Name: APPCRASH\r\nResponse: Not available\r\nCab Id: 0\r\n\r\nProblem signature:\r\nP1: dwm.exe\r\nP2: 10.0.19041.4355\r\nP3: 6564cf4e\r\nP4: StackHash_aed3\r\nP5: 0.0.0.0\r\nP6: 00000000\r\nP7: 087a0001\r\nP8: PCH_56_FROM_ntdll+0x00000000000A1E1F\r\nP9: \r\nP10: \r\n\r\nAttached files:\r\n\\\\?\\C:\\ProgramData\\Microsoft\\Windows\\WER\\Temp\\WERBB5A.tmp.mdmp\r\n\\\\?\\C:\\ProgramData\\Microsoft\\Windows\\WER\\Temp\\WERC51F.tmp.WERInternalMetadata.xml\r\n\\\\?\\C:\\ProgramData\\Microsoft\\Windows\\WER\\Temp\\WERC53F.tmp.xml\r\n\\\\?\\C:\\ProgramData\\Microsoft\\Windows\\WER\\Temp\\WERC54D.tmp.csv\r\n\\\\?\\C:\\ProgramData\\Microsoft\\Windows\\WER\\Temp\\WERC56D.tmp.txt\r\n\r\nThese files may be available here:\r\n\\\\?\\C:\\ProgramData\\Microsoft\\Windows\\WER\\ReportArchive\\AppCrash_dwm.exe_ab9feceb7b9393d48616bec3f29158a6685e55b_fed57774_501c37c8-1cfe-43aa-a56f-40e685af1620\r\n\r\nAnalysis symbol: \r\nRechecking for solution: 0\r\nReport Id: f08bca78-1766-4b8a-b53c-12b17c5eff00\r\nReport Status: 268435456\r\nHashed bucket: a562adfbdb1644d7231fb6137fbc523b\r\nCab Guid: 0\r\n","StringInserts":["1378020205862343227","4","APPCRASH","Not available","0","dwm.exe","10.0.19041.4355","6564cf4e","StackHash_aed3","0.0.0.0","00000000","087a0001","PCH_56_FROM_ntdll+0x00000000000A1E1F","","","\r\n\\\\?\\C:\\ProgramData\\Microsoft\\Windows\\WER\\Temp\\WERBB5A.tmp.mdmp\r\n\\\\?\\C:\\ProgramData\\Microsoft\\Windows\\WER\\Temp\\WERC51F.tmp.WERInternalMetadata.xml\r\n\\\\?\\C:\\ProgramData\\Microsoft\\Windows\\WER\\Temp\\WERC53F.tmp.xml\r\n\\\\?\\C:\\ProgramData\\Microsoft\\Windows\\WER\\Temp\\WERC54D.tmp.csv\r\n\\\\?\\C:\\ProgramData\\Microsoft\\Windows\\WER\\Temp\\WERC56D.tmp.txt","\\\\?\\C:\\ProgramData\\Microsoft\\Windows\\WER\\ReportArchive\\AppCrash_dwm.exe_ab9feceb7b9393d48616bec3f29158a6685e55b_fed57774_501c37c8-1cfe-43aa-a56f-40e685af1620","","0","f08bca78-1766-4b8a-b53c-12b17c5eff00","268435456","a562adfbdb1644d7231fb6137fbc523b","0"]}
{"RecordNumber":24190,"TimeGenerated":"2025-06-29 09:53:04 +0700","TimeWritten":"2025-06-29 09:53:04 +0700","EventID":0,"Qualifiers":0,"EventType":"Information","EventCategory":0,"Channel":"Application","SourceName":"igfxCUIService2.0.0.0","ComputerName":"DESKTOP-RB8ENUF","Data":"","Sid":"","Message":"","StringInserts":["Service started/resumed"]}
{"RecordNumber":24191,"TimeGenerated":"2025-06-29 09:53:04 +0700","TimeWritten":"2025-06-29 09:53:04 +0700","EventID":0,"Qualifiers":0,"EventType":"Information","EventCategory":0,"Channel":"Application","SourceName":"igfxCUIService2.0.0.0","ComputerName":"DESKTOP-RB8ENUF","Data":"","Sid":"","Message":"","StringInserts":["Service stopped"]}
{"RecordNumber":24192,"TimeGenerated":"2025-06-29 09:53:05 +0700","TimeWritten":"2025-06-29 09:53:05 +0700","EventID":0,"Qualifiers":32770,"EventType":"Warning","EventCategory":0,"Channel":"Application","SourceName":"Dwminit","ComputerName":"DESKTOP-RB8ENUF","Data":"","Sid":"","Message":"The Desktop Window Manager process has exited. (Process exit code: 0x087a0001, Restart count: 1, Primary display device ID: )\r\n","StringInserts":["0x087a0001","1",""]}
{"RecordNumber":24193,"TimeGenerated":"2025-06-29 09:53:06 +0700","TimeWritten":"2025-06-29 09:53:06 +0700","EventID":9027,"Qualifiers":16384,"EventType":"Information","EventCategory":0,"Channel":"Application","SourceName":"Desktop Window Manager","ComputerName":"DESKTOP-RB8ENUF","Data":"","Sid":"","Message":"The Desktop Window Manager has registered the session port.\r\n","StringInserts":[]}
{"RecordNumber":24194,"TimeGenerated":"2025-06-29 09:54:57 +0700","TimeWritten":"2025-06-29 09:54:57 +0700","EventID":3001,"Qualifiers":16384,"EventType":"Information","EventCategory":0,"Channel":"Application","SourceName":"Process Exit Monitor","ComputerName":"DESKTOP-RB8ENUF","Data":"","Sid":"S-1-5-21-3306260603-718234045-292622573-1001","Message":"The process 'C:\\Program Files\\Microsoft Office\\root\\Office16\\WINWORD.EXE' was terminated by the process 'C:\\Windows\\System32\\Taskmgr.exe' with termination code 1. The creation time for the exiting process was 0x01dbe5aebe299293.\r\n","StringInserts":["C:\\Program Files\\Microsoft Office\\root\\Office16\\WINWORD.EXE","C:\\Windows\\System32\\Taskmgr.exe","1","01dbe5aebe299293"]}
{"RecordNumber":24195,"TimeGenerated":"2025-06-29 09:56:33 +0700","TimeWritten":"2025-06-29 09:56:33 +0700","EventID":1001,"Qualifiers":0,"EventType":"Information","EventCategory":0,"Channel":"Application","SourceName":"Windows Error Reporting","ComputerName":"DESKTOP-RB8ENUF","Data":"","Sid":"","Message":"Fault bucket 2111525315961788241, type 5\r\nEvent Name: PerfWatsonVS12Data\r\nResponse: Not available\r\nCab Id: 1247663436914651734\r\n\r\nProblem signature:\r\nP1: PerfWatsonTcdb\r\nP2: 0\r\nP3: 0\r\nP4: 0\r\nP5: 0\r\nP6: \r\nP7: \r\nP8: \r\nP9: \r\nP10: \r\n\r\nAttached files:\r\n\\\\?\\C:\\Users\\Admin\\AppData\\Local\\Temp\\VSTelem.Out\\202506290256_d17.13_17.13.35825.156_2860_2ff4e43f-0239-4171-8657-733ddb85cbc8.tcdb\r\n\\\\?\\C:\\ProgramData\\Microsoft\\Windows\\WER\\Temp\\WERF306.tmp.WERInternalMetadata.xml\r\n\\\\?\\C:\\ProgramData\\Microsoft\\Windows\\WER\\Temp\\WERF335.tmp.xml\r\n\\\\?\\C:\\ProgramData\\Microsoft\\Windows\\WER\\Temp\\WERF334.tmp.csv\r\n\\\\?\\C:\\ProgramData\\Microsoft\\Windows\\WER\\Temp\\WERF355.tmp.txt\r\n\\\\?\\C:\\Users\\Admin\\AppData\\Local\\Temp\\WERFAD8.tmp.WERDataCollectionStatus.txt\r\n\r\nThese files may be available here:\r\n\\\\?\\C:\\ProgramData\\Microsoft\\Windows\\WER\\ReportArchive\\NonCritical_PerfWatsonTcdb_688f135dd185f2a8133a474a2518efc6ce6cc4a_00000000_cab_7773fd85-3131-4fbd-bc1f-4b427b9c2fc7\r\n\r\nAnalysis symbol: \r\nRechecking for solution: 0\r\nReport Id: 7773fd85-3131-4fbd-bc1f-4b427b9c2fc7\r\nReport Status: 268435464\r\nHashed bucket: fb30d2b9a7acf0305d4da51668259751\r\nCab Guid: 07f877ae-c90f-400f-8150-9749148a7256\r\n","StringInserts":["2111525315961788241","5","PerfWatsonVS12Data","Not available","1247663436914651734","PerfWatsonTcdb","0","0","0","0","","","","","","\r\n\\\\?\\C:\\Users\\Admin\\AppData\\Local\\Temp\\VSTelem.Out\\202506290256_d17.13_17.13.35825.156_2860_2ff4e43f-0239-4171-8657-733ddb85cbc8.tcdb\r\n\\\\?\\C:\\ProgramData\\Microsoft\\Windows\\WER\\Temp\\WERF306.tmp.WERInternalMetadata.xml\r\n\\\\?\\C:\\ProgramData\\Microsoft\\Windows\\WER\\Temp\\WERF335.tmp.xml\r\n\\\\?\\C:\\ProgramData\\Microsoft\\Windows\\WER\\Temp\\WERF334.tmp.csv\r\n\\\\?\\C:\\ProgramData\\Microsoft\\Windows\\WER\\Temp\\WERF355.tmp.txt\r\n\\\\?\\C:\\Users\\Admin\\AppData\\Local\\Temp\\WERFAD8.tmp.WERDataCollectionStatus.txt","\\\\?\\C:\\ProgramData\\Microsoft\\Windows\\WER\\ReportArchive\\NonCritical_PerfWatsonTcdb_688f135dd185f2a8133a474a2518efc6ce6cc4a_00000000_cab_7773fd85-3131-4fbd-bc1f-4b427b9c2fc7","","0","7773fd85-3131-4fbd-bc1f-4b427b9c2fc7","268435464","fb30d2b9a7acf0305d4da51668259751","07f877ae-c90f-400f-8150-9749148a7256"]}
{"RecordNumber":24196,"TimeGenerated":"2025-06-29 09:56:42 +0700","TimeWritten":"2025-06-29 09:56:42 +0700","EventID":16394,"Qualifiers":49152,"EventType":"Information","EventCategory":0,"Channel":"Application","SourceName":"Software Protection Platform Service","ComputerName":"DESKTOP-RB8ENUF","Data":"","Sid":"","Message":"Offline downlevel migration succeeded.\r\n","StringInserts":[]}
{"RecordNumber":24197,"TimeGenerated":"2025-06-29 09:56:42 +0700","TimeWritten":"2025-06-29 09:56:42 +0700","EventID":1003,"Qualifiers":16384,"EventType":"Information","EventCategory":0,"Channel":"Application","SourceName":"Software Protection Platform Service","ComputerName":"DESKTOP-RB8ENUF","Data":"","Sid":"","Message":"The Software Protection service has completed licensing status check.\r\nApplication Id=0ff1ce15-a989-479d-af46-f275c6370663\r\nLicensing Status=\n1: 0b4e6cfa-3072-434c-b702-bd1836e6887c, 1, 0 [(0 [0xC004F014, 0, 0], [(?)(?)(?)(?)(?)(?)(?)(?)])(1 )(2 )(3 )]\n2: 0bc88885-718c-491d-921f-6f214349e79c, 1, 0 [(0 [0xC004F014, 0, 0], [(?)(?)(?)(?)(?)(?)(?)(?)])(1 )(2 )(3 )]\n3: 2ca2bf3f-949e-446a-82c7-e25a15ec78c4, 1, 1 [(0 [0x00000000, 1, 0], [(?)( 1 0x00000000)(?)( 2 0x00000000 0 0 msft:rm/algorithm/volume/1.0 0x00000000 253666)(?)(?)(?)(?)])(1 )(2 )(3 )]\n4: 6755c7a7-4dfe-46f5-bce8-427be8e9dc62, 1, 0 [(0 [0xC004F014, 0, 0], [(?)(?)(?)(?)(?)(?)(?)(?)])(1 )(2 )(3 )]\n5: 73fc2508-0fb1-475a-bd6f-2d42fd84c62a, 1, 0 [(0 [0xC004F014, 0, 0], [(?)(?)(?)(?)(?)(?)(?)(?)])(1 )(2 )(3 )]\n6: 85dd8b5f-eaa4-4af3-a628-cce9e77c9a03, 1, 1 [(0 [0x00000000, 1, 0], [(?)( 1 0x00000000)(?)( 2 0x00000000 0 0 msft:rm/algorithm/volume/1.0 0x00000000 253824)(?)(?)(?)(?)])(1 )(2 )(3 )]\n7: d4ebadd6-401b-40d5-adf4-a5d4accd72d1, 1, 0 [(0 [0xC004F014, 0, 0], [(?)(?)(?)(?)(?)(?)(?)(?)])(1 )(2 )(3 )]\n8: fc7c4d0c-2e85-4bb9-afd4-01ed1476b5e9, 1, 0 [(0 [0xC004F014, 0, 0], [(?)(?)(?)(?)(?)(?)(?)(?)])(1 )(2 )(3 )]\n\n\r\n","StringInserts":["0ff1ce15-a989-479d-af46-f275c6370663","\n1: 0b4e6cfa-3072-434c-b702-bd1836e6887c, 1, 0 [(0 [0xC004F014, 0, 0], [(?)(?)(?)(?)(?)(?)(?)(?)])(1 )(2 )(3 )]\n2: 0bc88885-718c-491d-921f-6f214349e79c, 1, 0 [(0 [0xC004F014, 0, 0], [(?)(?)(?)(?)(?)(?)(?)(?)])(1 )(2 )(3 )]\n3: 2ca2bf3f-949e-446a-82c7-e25a15ec78c4, 1, 1 [(0 [0x00000000, 1, 0], [(?)( 1 0x00000000)(?)( 2 0x00000000 0 0 msft:rm/algorithm/volume/1.0 0x00000000 253666)(?)(?)(?)(?)])(1 )(2 )(3 )]\n4: 6755c7a7-4dfe-46f5-bce8-427be8e9dc62, 1, 0 [(0 [0xC004F014, 0, 0], [(?)(?)(?)(?)(?)(?)(?)(?)])(1 )(2 )(3 )]\n5: 73fc2508-0fb1-475a-bd6f-2d42fd84c62a, 1, 0 [(0 [0xC004F014, 0, 0], [(?)(?)(?)(?)(?)(?)(?)(?)])(1 )(2 )(3 )]\n6: 85dd8b5f-eaa4-4af3-a628-cce9e77c9a03, 1, 1 [(0 [0x00000000, 1, 0], [(?)( 1 0x00000000)(?)( 2 0x00000000 0 0 msft:rm/algorithm/volume/1.0 0x00000000 253824)(?)(?)(?)(?)])(1 )(2 )(3 )]\n7: d4ebadd6-401b-40d5-adf4-a5d4accd72d1, 1, 0 [(0 [0xC004F014, 0, 0], [(?)(?)(?)(?)(?)(?)(?)(?)])(1 )(2 )(3 )]\n8: fc7c4d0c-2e85-4bb9-afd4-01ed1476b5e9, 1, 0 [(0 [0xC004F014, 0, 0], [(?)(?)(?)(?)(?)(?)(?)(?)])(1 )(2 )(3 )]\n\n"]}
{"RecordNumber":24198,"TimeGenerated":"2025-06-29 09:56:42 +0700","TimeWritten":"2025-06-29 09:56:42 +0700","EventID":1003,"Qualifiers":16384,"EventType":"Information","EventCategory":0,"Channel":"Application","SourceName":"Software Protection Platform Service","ComputerName":"DESKTOP-RB8ENUF","Data":"","Sid":"","Message":"The Software Protection service has completed licensing status check.\r\nApplication Id=0ff1ce15-a989-479d-af46-f275c6370663\r\nLicensing Status=\n1: 2ca2bf3f-949e-446a-82c7-e25a15ec78c4, 1, 1 [(0 [0x00000000, 1, 0], [(?)( 1 0x00000000)(?)( 2 0x00000000 0 0 msft:rm/algorithm/volume/1.0 0x00000000 253666)(?)(?)(?)(?)])(1 )(2 )(3 )]\n\n\r\n","StringInserts":["0ff1ce15-a989-479d-af46-f275c6370663","\n1: 2ca2bf3f-949e-446a-82c7-e25a15ec78c4, 1, 1 [(0 [0x00000000, 1, 0], [(?)( 1 0x00000000)(?)( 2 0x00000000 0 0 msft:rm/algorithm/volume/1.0 0x00000000 253666)(?)(?)(?)(?)])(1 )(2 )(3 )]\n\n"]}
{"RecordNumber":24199,"TimeGenerated":"2025-06-29 09:56:42 +0700","TimeWritten":"2025-06-29 09:56:42 +0700","EventID":1003,"Qualifiers":16384,"EventType":"Information","EventCategory":0,"Channel":"Application","SourceName":"Software Protection Platform Service","ComputerName":"DESKTOP-RB8ENUF","Data":"","Sid":"","Message":"The Software Protection service has completed licensing status check.\r\nApplication Id=0ff1ce15-a989-479d-af46-f275c6370663\r\nLicensing Status=\n1: 85dd8b5f-eaa4-4af3-a628-cce9e77c9a03, 1, 1 [(0 [0x00000000, 1, 0], [(?)( 1 0x00000000)(?)( 2 0x00000000 0 0 msft:rm/algorithm/volume/1.0 0x00000000 253824)(?)(?)(?)(?)])(1 )(2 )(3 )]\n\n\r\n","StringInserts":["0ff1ce15-a989-479d-af46-f275c6370663","\n1: 85dd8b5f-eaa4-4af3-a628-cce9e77c9a03, 1, 1 [(0 [0x00000000, 1, 0], [(?)( 1 0x00000000)(?)( 2 0x00000000 0 0 msft:rm/algorithm/volume/1.0 0x00000000 253824)(?)(?)(?)(?)])(1 )(2 )(3 )]\n\n"]}
{"RecordNumber":24200,"TimeGenerated":"2025-06-29 09:56:42 +0700","TimeWritten":"2025-06-29 09:56:42 +0700","EventID":1003,"Qualifiers":16384,"EventType":"Information","EventCategory":0,"Channel":"Application","SourceName":"Software Protection Platform Service","ComputerName":"DESKTOP-RB8ENUF","Data":"","Sid":"","Message":"The Software Protection service has completed licensing status check.\r\nApplication Id=0ff1ce15-a989-479d-af46-f275c6370663\r\nLicensing Status=\n1: 85dd8b5f-eaa4-4af3-a628-cce9e77c9a03, 1, 1 [(0 [0x00000000, 1, 0], [(?)( 1 0x00000000)(?)( 2 0x00000000 0 0 msft:rm/algorithm/volume/1.0 0x00000000 253824)(?)(?)(?)(?)])(1 )(2 )(3 )]\n\n\r\n","StringInserts":["0ff1ce15-a989-479d-af46-f275c6370663","\n1: 85dd8b5f-eaa4-4af3-a628-cce9e77c9a03, 1, 1 [(0 [0x00000000, 1, 0], [(?)( 1 0x00000000)(?)( 2 0x00000000 0 0 msft:rm/algorithm/volume/1.0 0x00000000 253824)(?)(?)(?)(?)])(1 )(2 )(3 )]\n\n"]}
{"RecordNumber":24201,"TimeGenerated":"2025-06-29 09:56:55 +0700","TimeWritten":"2025-06-29 09:56:55 +0700","EventID":3001,"Qualifiers":16384,"EventType":"Information","EventCategory":0,"Channel":"Application","SourceName":"Process Exit Monitor","ComputerName":"DESKTOP-RB8ENUF","Data":"","Sid":"S-1-5-21-3306260603-718234045-292622573-1001","Message":"The process 'C:\\Program Files\\Microsoft Office\\root\\Office16\\WINWORD.EXE' was terminated by the process 'C:\\Program Files\\Microsoft Office\\root\\Office16\\WINWORD.EXE' with termination code 0. The creation time for the exiting process was 0x01dbe8a171d16078.\r\n","StringInserts":["C:\\Program Files\\Microsoft Office\\root\\Office16\\WINWORD.EXE","C:\\Program Files\\Microsoft Office\\root\\Office16\\WINWORD.EXE","0","01dbe8a171d16078"]}
{"RecordNumber":24202,"TimeGenerated":"2025-06-29 09:57:14 +0700","TimeWritten":"2025-06-29 09:57:14 +0700","EventID":16384,"Qualifiers":16384,"EventType":"Information","EventCategory":0,"Channel":"Application","SourceName":"Software Protection Platform Service","ComputerName":"DESKTOP-RB8ENUF","Data":"","Sid":"","Message":"Successfully scheduled Software Protection service for re-start at 2025-07-02T06:42:14Z. Reason: RulesEngine.\r\n","StringInserts":["2025-07-02T06:42:14Z","RulesEngine"]}
{"RecordNumber":24203,"TimeGenerated":"2025-06-29 09:57:49 +0700","TimeWritten":"2025-06-29 09:57:49 +0700","EventID":0,"Qualifiers":0,"EventType":"Information","EventCategory":0,"Channel":"Application","SourceName":"igfxCUIService2.0.0.0","ComputerName":"DESKTOP-RB8ENUF","Data":"","Sid":"","Message":"","StringInserts":["Service started/resumed"]}
{"RecordNumber":24204,"TimeGenerated":"2025-06-29 09:57:49 +0700","TimeWritten":"2025-06-29 09:57:49 +0700","EventID":0,"Qualifiers":0,"EventType":"Information","EventCategory":0,"Channel":"Application","SourceName":"igfxCUIService2.0.0.0","ComputerName":"DESKTOP-RB8ENUF","Data":"","Sid":"","Message":"","StringInserts":["Service stopped"]}
