{"RecordNumber":24493,"TimeGenerated":"2025-07-02 13:43:28 +0700","TimeWritten":"2025-07-02 13:43:28 +0700","EventID":8230,"Qualifiers":16384,"EventType":"Information","EventCategory":0,"Channel":"Application","SourceName":"Software Protection Platform Service","ComputerName":"DESKTOP-RB8ENUF","Data":"","Sid":"","Message":"The rules engine successfully re-evaluated the schedule.\r\nKernel policies:\r\nSecurity-SPP-Action-StateData (REG_SZ) =AppId=55c92734-d682-4d71-983e-d6ec3f16059f;GraceEndDate=2025/12/29:06:43:28;LastConsumptionReason=0x00000000;LastNotificationId=Cleanup;LicenseState=SL_LICENSING_STATUS_LICENSED;PartialProductKey=T83GX;ProductKeyType=Volume:GVLK;SkuId=2de67392-b7a7-462a-b1ca-108dd189f588;ruleId=379cccfb-d4e0-48fe-b0f2-0136097be147;uxDifferentiator=ENVIRONMENT;volumeActivationOrder=normal\r\n","StringInserts":["Security-SPP-Action-StateData (REG_SZ) =AppId=55c92734-d682-4d71-983e-d6ec3f16059f;GraceEndDate=2025/12/29:06:43:28;LastConsumptionReason=0x00000000;LastNotificationId=Cleanup;LicenseState=SL_LICENSING_STATUS_LICENSED;PartialProductKey=T83GX;ProductKeyType=Volume:GVLK;SkuId=2de67392-b7a7-462a-b1ca-108dd189f588;ruleId=379cccfb-d4e0-48fe-b0f2-0136097be147;uxDifferentiator=ENVIRONMENT;volumeActivationOrder=normal"]}
{"RecordNumber":24494,"TimeGenerated":"2025-07-02 13:43:28 +0700","TimeWritten":"2025-07-02 13:43:28 +0700","EventID":8197,"Qualifiers":49152,"EventType":"Information","EventCategory":0,"Channel":"Application","SourceName":"Software Protection Platform Service","ComputerName":"DESKTOP-RB8ENUF","Data":"","Sid":"","Message":"SLUI.exe was launched with the following command-line parameters:\r\nRuleId=379cccfb-d4e0-48fe-b0f2-0136097be147;Action=CleanupState;AppId=55c92734-d682-4d71-983e-d6ec3f16059f;SkuId=2de67392-b7a7-462a-b1ca-108dd189f588;Trigger=TimerEvent\r\n","StringInserts":["RuleId=379cccfb-d4e0-48fe-b0f2-0136097be147;Action=CleanupState;AppId=55c92734-d682-4d71-983e-d6ec3f16059f;SkuId=2de67392-b7a7-462a-b1ca-108dd189f588;Trigger=TimerEvent"]}
{"RecordNumber":24495,"TimeGenerated":"2025-07-02 13:43:30 +0700","TimeWritten":"2025-07-02 13:43:30 +0700","EventID":8230,"Qualifiers":16384,"EventType":"Information","EventCategory":0,"Channel":"Application","SourceName":"Software Protection Platform Service","ComputerName":"DESKTOP-RB8ENUF","Data":"","Sid":"","Message":"The rules engine successfully re-evaluated the schedule.\r\nKernel policies:\r\nSecurity-SPP-Action-StateData (REG_SZ) =AppId=55c92734-d682-4d71-983e-d6ec3f16059f;GraceEndDate=2025/12/29:06:43:29;LastConsumptionReason=0x00000000;LastNotificationId=Cleanup;LicenseState=SL_LICENSING_STATUS_LICENSED;PartialProductKey=T83GX;ProductKeyType=Volume:GVLK;SkuId=2de67392-b7a7-462a-b1ca-108dd189f588;ruleId=379cccfb-d4e0-48fe-b0f2-0136097be147;uxDifferentiator=ENVIRONMENT;volumeActivationOrder=normal\r\n","StringInserts":["Security-SPP-Action-StateData (REG_SZ) =AppId=55c92734-d682-4d71-983e-d6ec3f16059f;GraceEndDate=2025/12/29:06:43:29;LastConsumptionReason=0x00000000;LastNotificationId=Cleanup;LicenseState=SL_LICENSING_STATUS_LICENSED;PartialProductKey=T83GX;ProductKeyType=Volume:GVLK;SkuId=2de67392-b7a7-462a-b1ca-108dd189f588;ruleId=379cccfb-d4e0-48fe-b0f2-0136097be147;uxDifferentiator=ENVIRONMENT;volumeActivationOrder=normal"]}
{"RecordNumber":24496,"TimeGenerated":"2025-07-02 13:43:31 +0700","TimeWritten":"2025-07-02 13:43:31 +0700","EventID":8230,"Qualifiers":16384,"EventType":"Information","EventCategory":0,"Channel":"Application","SourceName":"Software Protection Platform Service","ComputerName":"DESKTOP-RB8ENUF","Data":"","Sid":"","Message":"The rules engine successfully re-evaluated the schedule.\r\nKernel policies:\r\nSecurity-SPP-Action-StateData (REG_SZ) =AppId=55c92734-d682-4d71-983e-d6ec3f16059f;GraceEndDate=2025/12/29:06:43:31;LastConsumptionReason=0x00000000;LastNotificationId=Cleanup;LicenseState=SL_LICENSING_STATUS_LICENSED;PartialProductKey=T83GX;ProductKeyType=Volume:GVLK;SkuId=2de67392-b7a7-462a-b1ca-108dd189f588;ruleId=379cccfb-d4e0-48fe-b0f2-0136097be147;uxDifferentiator=ENVIRONMENT;volumeActivationOrder=normal\r\n","StringInserts":["Security-SPP-Action-StateData (REG_SZ) =AppId=55c92734-d682-4d71-983e-d6ec3f16059f;GraceEndDate=2025/12/29:06:43:31;LastConsumptionReason=0x00000000;LastNotificationId=Cleanup;LicenseState=SL_LICENSING_STATUS_LICENSED;PartialProductKey=T83GX;ProductKeyType=Volume:GVLK;SkuId=2de67392-b7a7-462a-b1ca-108dd189f588;ruleId=379cccfb-d4e0-48fe-b0f2-0136097be147;uxDifferentiator=ENVIRONMENT;volumeActivationOrder=normal"]}
{"RecordNumber":24497,"TimeGenerated":"2025-07-02 13:44:01 +0700","TimeWritten":"2025-07-02 13:44:01 +0700","EventID":16384,"Qualifiers":16384,"EventType":"Information","EventCategory":0,"Channel":"Application","SourceName":"Software Protection Platform Service","ComputerName":"DESKTOP-RB8ENUF","Data":"","Sid":"","Message":"Successfully scheduled Software Protection service for re-start at 2025-07-02T09:20:01Z. Reason: RulesEngine.\r\n","StringInserts":["2025-07-02T09:20:01Z","RulesEngine"]}
{"RecordNumber":24498,"TimeGenerated":"2025-07-02 13:59:49 +0700","TimeWritten":"2025-07-02 13:59:49 +0700","EventID":16394,"Qualifiers":49152,"EventType":"Information","EventCategory":0,"Channel":"Application","SourceName":"Software Protection Platform Service","ComputerName":"DESKTOP-RB8ENUF","Data":"","Sid":"","Message":"Offline downlevel migration succeeded.\r\n","StringInserts":[]}
{"RecordNumber":24499,"TimeGenerated":"2025-07-02 13:59:50 +0700","TimeWritten":"2025-07-02 13:59:50 +0700","EventID":1003,"Qualifiers":16384,"EventType":"Information","EventCategory":0,"Channel":"Application","SourceName":"Software Protection Platform Service","ComputerName":"DESKTOP-RB8ENUF","Data":"","Sid":"","Message":"The Software Protection service has completed licensing status check.\r\nApplication Id=0ff1ce15-a989-479d-af46-f275c6370663\r\nLicensing Status=\n1: 0b4e6cfa-3072-434c-b702-bd1836e6887c, 1, 0 [(0 [0xC004F014, 0, 0], [(?)(?)(?)(?)(?)(?)(?)(?)])(1 )(2 )(3 )]\n2: 0bc88885-718c-491d-921f-6f214349e79c, 1, 0 [(0 [0xC004F014, 0, 0], [(?)(?)(?)(?)(?)(?)(?)(?)])(1 )(2 )(3 )]\n3: 2ca2bf3f-949e-446a-82c7-e25a15ec78c4, 1, 1 [(0 [0x00000000, 1, 0], [(?)( 1 0x00000000)(?)( 2 0x00000000 0 0 msft:rm/algorithm/volume/1.0 0x00000000 259184)(?)(?)(?)(?)])(1 )(2 )(3 )]\n4: 6755c7a7-4dfe-46f5-bce8-427be8e9dc62, 1, 0 [(0 [0xC004F014, 0, 0], [(?)(?)(?)(?)(?)(?)(?)(?)])(1 )(2 )(3 )]\n5: 73fc2508-0fb1-475a-bd6f-2d42fd84c62a, 1, 0 [(0 [0xC004F014, 0, 0], [(?)(?)(?)(?)(?)(?)(?)(?)])(1 )(2 )(3 )]\n6: 85dd8b5f-eaa4-4af3-a628-cce9e77c9a03, 1, 1 [(0 [0x00000000, 1, 0], [(?)( 1 0x00000000)(?)( 2 0x00000000 0 0 msft:rm/algorithm/volume/1.0 0x00000000 249261)(?)(?)(?)(?)])(1 )(2 )(3 )]\n7: d4ebadd6-401b-40d5-adf4-a5d4accd72d1, 1, 0 [(0 [0xC004F014, 0, 0], [(?)(?)(?)(?)(?)(?)(?)(?)])(1 )(2 )(3 )]\n8: fc7c4d0c-2e85-4bb9-afd4-01ed1476b5e9, 1, 0 [(0 [0xC004F014, 0, 0], [(?)(?)(?)(?)(?)(?)(?)(?)])(1 )(2 )(3 )]\n\n\r\n","StringInserts":["0ff1ce15-a989-479d-af46-f275c6370663","\n1: 0b4e6cfa-3072-434c-b702-bd1836e6887c, 1, 0 [(0 [0xC004F014, 0, 0], [(?)(?)(?)(?)(?)(?)(?)(?)])(1 )(2 )(3 )]\n2: 0bc88885-718c-491d-921f-6f214349e79c, 1, 0 [(0 [0xC004F014, 0, 0], [(?)(?)(?)(?)(?)(?)(?)(?)])(1 )(2 )(3 )]\n3: 2ca2bf3f-949e-446a-82c7-e25a15ec78c4, 1, 1 [(0 [0x00000000, 1, 0], [(?)( 1 0x00000000)(?)( 2 0x00000000 0 0 msft:rm/algorithm/volume/1.0 0x00000000 259184)(?)(?)(?)(?)])(1 )(2 )(3 )]\n4: 6755c7a7-4dfe-46f5-bce8-427be8e9dc62, 1, 0 [(0 [0xC004F014, 0, 0], [(?)(?)(?)(?)(?)(?)(?)(?)])(1 )(2 )(3 )]\n5: 73fc2508-0fb1-475a-bd6f-2d42fd84c62a, 1, 0 [(0 [0xC004F014, 0, 0], [(?)(?)(?)(?)(?)(?)(?)(?)])(1 )(2 )(3 )]\n6: 85dd8b5f-eaa4-4af3-a628-cce9e77c9a03, 1, 1 [(0 [0x00000000, 1, 0], [(?)( 1 0x00000000)(?)( 2 0x00000000 0 0 msft:rm/algorithm/volume/1.0 0x00000000 249261)(?)(?)(?)(?)])(1 )(2 )(3 )]\n7: d4ebadd6-401b-40d5-adf4-a5d4accd72d1, 1, 0 [(0 [0xC004F014, 0, 0], [(?)(?)(?)(?)(?)(?)(?)(?)])(1 )(2 )(3 )]\n8: fc7c4d0c-2e85-4bb9-afd4-01ed1476b5e9, 1, 0 [(0 [0xC004F014, 0, 0], [(?)(?)(?)(?)(?)(?)(?)(?)])(1 )(2 )(3 )]\n\n"]}
{"RecordNumber":24500,"TimeGenerated":"2025-07-02 13:59:50 +0700","TimeWritten":"2025-07-02 13:59:50 +0700","EventID":1003,"Qualifiers":16384,"EventType":"Information","EventCategory":0,"Channel":"Application","SourceName":"Software Protection Platform Service","ComputerName":"DESKTOP-RB8ENUF","Data":"","Sid":"","Message":"The Software Protection service has completed licensing status check.\r\nApplication Id=0ff1ce15-a989-479d-af46-f275c6370663\r\nLicensing Status=\n1: 2ca2bf3f-949e-446a-82c7-e25a15ec78c4, 1, 1 [(0 [0x00000000, 1, 0], [(?)( 1 0x00000000)(?)( 2 0x00000000 0 0 msft:rm/algorithm/volume/1.0 0x00000000 259184)(?)(?)(?)(?)])(1 )(2 )(3 )]\n\n\r\n","StringInserts":["0ff1ce15-a989-479d-af46-f275c6370663","\n1: 2ca2bf3f-949e-446a-82c7-e25a15ec78c4, 1, 1 [(0 [0x00000000, 1, 0], [(?)( 1 0x00000000)(?)( 2 0x00000000 0 0 msft:rm/algorithm/volume/1.0 0x00000000 259184)(?)(?)(?)(?)])(1 )(2 )(3 )]\n\n"]}
{"RecordNumber":24501,"TimeGenerated":"2025-07-02 13:59:50 +0700","TimeWritten":"2025-07-02 13:59:50 +0700","EventID":1003,"Qualifiers":16384,"EventType":"Information","EventCategory":0,"Channel":"Application","SourceName":"Software Protection Platform Service","ComputerName":"DESKTOP-RB8ENUF","Data":"","Sid":"","Message":"The Software Protection service has completed licensing status check.\r\nApplication Id=0ff1ce15-a989-479d-af46-f275c6370663\r\nLicensing Status=\n1: 85dd8b5f-eaa4-4af3-a628-cce9e77c9a03, 1, 1 [(0 [0x00000000, 1, 0], [(?)( 1 0x00000000)(?)( 2 0x00000000 0 0 msft:rm/algorithm/volume/1.0 0x00000000 249261)(?)(?)(?)(?)])(1 )(2 )(3 )]\n\n\r\n","StringInserts":["0ff1ce15-a989-479d-af46-f275c6370663","\n1: 85dd8b5f-eaa4-4af3-a628-cce9e77c9a03, 1, 1 [(0 [0x00000000, 1, 0], [(?)( 1 0x00000000)(?)( 2 0x00000000 0 0 msft:rm/algorithm/volume/1.0 0x00000000 249261)(?)(?)(?)(?)])(1 )(2 )(3 )]\n\n"]}
{"RecordNumber":24502,"TimeGenerated":"2025-07-02 13:59:50 +0700","TimeWritten":"2025-07-02 13:59:50 +0700","EventID":1003,"Qualifiers":16384,"EventType":"Information","EventCategory":0,"Channel":"Application","SourceName":"Software Protection Platform Service","ComputerName":"DESKTOP-RB8ENUF","Data":"","Sid":"","Message":"The Software Protection service has completed licensing status check.\r\nApplication Id=0ff1ce15-a989-479d-af46-f275c6370663\r\nLicensing Status=\n1: 85dd8b5f-eaa4-4af3-a628-cce9e77c9a03, 1, 1 [(0 [0x00000000, 1, 0], [(?)( 1 0x00000000)(?)( 2 0x00000000 0 0 msft:rm/algorithm/volume/1.0 0x00000000 249261)(?)(?)(?)(?)])(1 )(2 )(3 )]\n\n\r\n","StringInserts":["0ff1ce15-a989-479d-af46-f275c6370663","\n1: 85dd8b5f-eaa4-4af3-a628-cce9e77c9a03, 1, 1 [(0 [0x00000000, 1, 0], [(?)( 1 0x00000000)(?)( 2 0x00000000 0 0 msft:rm/algorithm/volume/1.0 0x00000000 249261)(?)(?)(?)(?)])(1 )(2 )(3 )]\n\n"]}
{"RecordNumber":24503,"TimeGenerated":"2025-07-02 14:00:23 +0700","TimeWritten":"2025-07-02 14:00:23 +0700","EventID":16384,"Qualifiers":16384,"EventType":"Information","EventCategory":0,"Channel":"Application","SourceName":"Software Protection Platform Service","ComputerName":"DESKTOP-RB8ENUF","Data":"","Sid":"","Message":"Successfully scheduled Software Protection service for re-start at 2025-07-02T09:20:22Z. Reason: RulesEngine.\r\n","StringInserts":["2025-07-02T09:20:22Z","RulesEngine"]}
{"RecordNumber":24504,"TimeGenerated":"2025-07-02 14:08:05 +0700","TimeWritten":"2025-07-02 14:08:05 +0700","EventID":1000,"Qualifiers":0,"EventType":"Error","EventCategory":100,"Channel":"Application","SourceName":"Application Error","ComputerName":"DESKTOP-RB8ENUF","Data":"","Sid":"","Message":"Faulting application name: inno_updater.exe, version: 0.0.0.0, time stamp: 0x67b2cf1c\r\nFaulting module name: inno_updater.exe, version: 0.0.0.0, time stamp: 0x67b2cf1c\r\nException code: 0xc0000409\r\nFault offset: 0x000000000004a549\r\nFaulting process id: 0x4f14\r\nFaulting application start time: 0x01dbeb1ffb8db583\r\nFaulting application path: C:\\Users\\Admin\\AppData\\Local\\Programs\\cursor\\tools\\inno_updater.exe\r\nFaulting module path: C:\\Users\\Admin\\AppData\\Local\\Programs\\cursor\\tools\\inno_updater.exe\r\nReport Id: beabb0dc-314f-4e99-887e-294fd2631df5\r\nFaulting package full name: \r\nFaulting package-relative application ID: \r\n","StringInserts":["inno_updater.exe","0.0.0.0","67b2cf1c","inno_updater.exe","0.0.0.0","67b2cf1c","c0000409","000000000004a549","4f14","01dbeb1ffb8db583","C:\\Users\\Admin\\AppData\\Local\\Programs\\cursor\\tools\\inno_updater.exe","C:\\Users\\Admin\\AppData\\Local\\Programs\\cursor\\tools\\inno_updater.exe","beabb0dc-314f-4e99-887e-294fd2631df5","",""]}
{"RecordNumber":24505,"TimeGenerated":"2025-07-02 14:08:08 +0700","TimeWritten":"2025-07-02 14:08:08 +0700","EventID":1001,"Qualifiers":0,"EventType":"Information","EventCategory":0,"Channel":"Application","SourceName":"Windows Error Reporting","ComputerName":"DESKTOP-RB8ENUF","Data":"","Sid":"","Message":"Fault bucket 1155191849276391167, type 5\r\nEvent Name: BEX64\r\nResponse: Not available\r\nCab Id: 0\r\n\r\nProblem signature:\r\nP1: inno_updater.exe\r\nP2: 0.0.0.0\r\nP3: 67b2cf1c\r\nP4: inno_updater.exe\r\nP5: 0.0.0.0\r\nP6: 67b2cf1c\r\nP7: 000000000004a549\r\nP8: c0000409\r\nP9: 0000000000000007\r\nP10: \r\n\r\nAttached files:\r\n\\\\?\\C:\\ProgramData\\Microsoft\\Windows\\WER\\Temp\\WER8407.tmp.mdmp\r\n\\\\?\\C:\\ProgramData\\Microsoft\\Windows\\WER\\Temp\\WER8446.tmp.WERInternalMetadata.xml\r\n\\\\?\\C:\\ProgramData\\Microsoft\\Windows\\WER\\Temp\\WER8476.tmp.xml\r\n\\\\?\\C:\\ProgramData\\Microsoft\\Windows\\WER\\Temp\\WER8474.tmp.csv\r\n\\\\?\\C:\\ProgramData\\Microsoft\\Windows\\WER\\Temp\\WER8494.tmp.txt\r\n\r\nThese files may be available here:\r\n\\\\?\\C:\\ProgramData\\Microsoft\\Windows\\WER\\ReportArchive\\AppCrash_inno_updater.exe_dddca9d31fa46aac5ffa26cdf6d358852498965_3ed87da4_bbfaee77-17e6-4bfd-841e-630828808d84\r\n\r\nAnalysis symbol: \r\nRechecking for solution: 0\r\nReport Id: beabb0dc-314f-4e99-887e-294fd2631df5\r\nReport Status: 268435456\r\nHashed bucket: 43ef60334ab2dfb7e00810ddcf8bbeff\r\nCab Guid: 0\r\n","StringInserts":["1155191849276391167","5","BEX64","Not available","0","inno_updater.exe","0.0.0.0","67b2cf1c","inno_updater.exe","0.0.0.0","67b2cf1c","000000000004a549","c0000409","0000000000000007","","\r\n\\\\?\\C:\\ProgramData\\Microsoft\\Windows\\WER\\Temp\\WER8407.tmp.mdmp\r\n\\\\?\\C:\\ProgramData\\Microsoft\\Windows\\WER\\Temp\\WER8446.tmp.WERInternalMetadata.xml\r\n\\\\?\\C:\\ProgramData\\Microsoft\\Windows\\WER\\Temp\\WER8476.tmp.xml\r\n\\\\?\\C:\\ProgramData\\Microsoft\\Windows\\WER\\Temp\\WER8474.tmp.csv\r\n\\\\?\\C:\\ProgramData\\Microsoft\\Windows\\WER\\Temp\\WER8494.tmp.txt","\\\\?\\C:\\ProgramData\\Microsoft\\Windows\\WER\\ReportArchive\\AppCrash_inno_updater.exe_dddca9d31fa46aac5ffa26cdf6d358852498965_3ed87da4_bbfaee77-17e6-4bfd-841e-630828808d84","","0","beabb0dc-314f-4e99-887e-294fd2631df5","268435456","43ef60334ab2dfb7e00810ddcf8bbeff","0"]}
{"RecordNumber":24506,"TimeGenerated":"2025-07-02 14:08:08 +0700","TimeWritten":"2025-07-02 14:08:08 +0700","EventID":3000,"Qualifiers":16384,"EventType":"Information","EventCategory":0,"Channel":"Application","SourceName":"Process Exit Monitor","ComputerName":"DESKTOP-RB8ENUF","Data":"","Sid":"S-1-5-21-3306260603-718234045-292622573-1001","Message":"The process 'C:\\Program Files\\Microsoft Office\\root\\Office16\\EXCEL.EXE' exited with exit code 0. The creation time for the exiting process was 0x01dbeb1ee6720dbf.\r\n","StringInserts":["C:\\Program Files\\Microsoft Office\\root\\Office16\\EXCEL.EXE","0","01dbeb1ee6720dbf"]}
{"RecordNumber":24507,"TimeGenerated":"2025-07-02 14:50:34 +0700","TimeWritten":"2025-07-02 14:50:34 +0700","EventID":16394,"Qualifiers":49152,"EventType":"Information","EventCategory":0,"Channel":"Application","SourceName":"Software Protection Platform Service","ComputerName":"DESKTOP-RB8ENUF","Data":"","Sid":"","Message":"Offline downlevel migration succeeded.\r\n","StringInserts":[]}
{"RecordNumber":24508,"TimeGenerated":"2025-07-02 14:51:04 +0700","TimeWritten":"2025-07-02 14:51:04 +0700","EventID":16384,"Qualifiers":16384,"EventType":"Information","EventCategory":0,"Channel":"Application","SourceName":"Software Protection Platform Service","ComputerName":"DESKTOP-RB8ENUF","Data":"","Sid":"","Message":"Successfully scheduled Software Protection service for re-start at 2025-07-02T09:20:04Z. Reason: RulesEngine.\r\n","StringInserts":["2025-07-02T09:20:04Z","RulesEngine"]}
{"RecordNumber":24509,"TimeGenerated":"2025-07-02 16:13:04 +0700","TimeWritten":"2025-07-02 16:13:04 +0700","EventID":16394,"Qualifiers":49152,"EventType":"Information","EventCategory":0,"Channel":"Application","SourceName":"Software Protection Platform Service","ComputerName":"DESKTOP-RB8ENUF","Data":"","Sid":"","Message":"Offline downlevel migration succeeded.\r\n","StringInserts":[]}
{"RecordNumber":24510,"TimeGenerated":"2025-07-02 16:14:01 +0700","TimeWritten":"2025-07-02 16:14:01 +0700","EventID":15,"Qualifiers":0,"EventType":"Information","EventCategory":0,"Channel":"Application","SourceName":"SecurityCenter","ComputerName":"DESKTOP-RB8ENUF","Data":"","Sid":"","Message":"Updated Windows Defender status successfully to SECURITY_PRODUCT_STATE_ON.\r\n","StringInserts":["Windows Defender","SECURITY_PRODUCT_STATE_ON"]}
{"RecordNumber":24511,"TimeGenerated":"2025-07-02 16:20:09 +0700","TimeWritten":"2025-07-02 16:20:09 +0700","EventID":8230,"Qualifiers":16384,"EventType":"Information","EventCategory":0,"Channel":"Application","SourceName":"Software Protection Platform Service","ComputerName":"DESKTOP-RB8ENUF","Data":"","Sid":"","Message":"The rules engine successfully re-evaluated the schedule.\r\nKernel policies:\r\nSecurity-SPP-Action-StateData (REG_SZ) =AppId=55c92734-d682-4d71-983e-d6ec3f16059f;GraceEndDate=2025/12/29:06:44:05;LastConsumptionReason=0x00000000;LastNotificationId=Cleanup;LicenseState=SL_LICENSING_STATUS_LICENSED;PartialProductKey=T83GX;ProductKeyType=Volume:GVLK;SkuId=2de67392-b7a7-462a-b1ca-108dd189f588;ruleId=379cccfb-d4e0-48fe-b0f2-0136097be147;uxDifferentiator=ENVIRONMENT;volumeActivationOrder=normal\r\n","StringInserts":["Security-SPP-Action-StateData (REG_SZ) =AppId=55c92734-d682-4d71-983e-d6ec3f16059f;GraceEndDate=2025/12/29:06:44:05;LastConsumptionReason=0x00000000;LastNotificationId=Cleanup;LicenseState=SL_LICENSING_STATUS_LICENSED;PartialProductKey=T83GX;ProductKeyType=Volume:GVLK;SkuId=2de67392-b7a7-462a-b1ca-108dd189f588;ruleId=379cccfb-d4e0-48fe-b0f2-0136097be147;uxDifferentiator=ENVIRONMENT;volumeActivationOrder=normal"]}
{"RecordNumber":24512,"TimeGenerated":"2025-07-02 16:21:08 +0700","TimeWritten":"2025-07-02 16:21:08 +0700","EventID":8230,"Qualifiers":16384,"EventType":"Information","EventCategory":0,"Channel":"Application","SourceName":"Software Protection Platform Service","ComputerName":"DESKTOP-RB8ENUF","Data":"","Sid":"","Message":"The rules engine successfully re-evaluated the schedule.\r\nKernel policies:\r\nSecurity-SPP-Action-StateData (REG_SZ) =AppId=55c92734-d682-4d71-983e-d6ec3f16059f;GraceEndDate=2025/12/29:06:44:08;LastConsumptionReason=0x00000000;LastNotificationId=Cleanup;LicenseState=SL_LICENSING_STATUS_LICENSED;PartialProductKey=T83GX;ProductKeyType=Volume:GVLK;SkuId=2de67392-b7a7-462a-b1ca-108dd189f588;ruleId=379cccfb-d4e0-48fe-b0f2-0136097be147;uxDifferentiator=ENVIRONMENT;volumeActivationOrder=normal\r\n","StringInserts":["Security-SPP-Action-StateData (REG_SZ) =AppId=55c92734-d682-4d71-983e-d6ec3f16059f;GraceEndDate=2025/12/29:06:44:08;LastConsumptionReason=0x00000000;LastNotificationId=Cleanup;LicenseState=SL_LICENSING_STATUS_LICENSED;PartialProductKey=T83GX;ProductKeyType=Volume:GVLK;SkuId=2de67392-b7a7-462a-b1ca-108dd189f588;ruleId=379cccfb-d4e0-48fe-b0f2-0136097be147;uxDifferentiator=ENVIRONMENT;volumeActivationOrder=normal"]}
{"RecordNumber":24513,"TimeGenerated":"2025-07-02 16:21:16 +0700","TimeWritten":"2025-07-02 16:21:16 +0700","EventID":12288,"Qualifiers":16384,"EventType":"Information","EventCategory":0,"Channel":"Application","SourceName":"Software Protection Platform Service","ComputerName":"DESKTOP-RB8ENUF","Data":"000006005e3b3a5f063423c8150699a96dd6c200cced75fb528d34f5ed317c485d1bc030a31ad4d9ddadce16aeb3594654bd70aa765d83e319e7078e6a9fda862ffe346264f1fbce33e2e7dc78e9f14cc3d48ffab39e8c9ce95459487638c744e9406052eb7457450b29d0b07e99ffeb86a261718254713e8e3d27ddce10211b071dc868d04f1aae04d1edb0dd648ebf1bc47592d1603b24d3bfe1f2a2705ed2caa6c757e6c0f0ba53b300c01ec04c335a46da25862345022291d7b3af9c5b0ed58f6f6976b76fa006697521ab59c5eedd9406bc9b825061e9e5d4dd2eda58ecbb28128fb3f4bbd074fc18cca2dea6353afef4cf18418ab2653580306de3ba310a46e857","Sid":"","Message":"The client has sent an activation request to the key management service machine.\r\nInfo:\r\n0x00000000, 0x00000000, 70.37.61.117:1688, 027b3fcb-307b-4034-99b1-ea592ddb80f7, 2025/07/02 09:21, 0, 1, 249120, 85dd8b5f-eaa4-4af3-a628-cce9e77c9a03, 5\r\n","StringInserts":["0x00000000, 0x00000000, 70.37.61.117:1688, 027b3fcb-307b-4034-99b1-ea592ddb80f7, 2025/07/02 09:21, 0, 1, 249120, 85dd8b5f-eaa4-4af3-a628-cce9e77c9a03, 5"]}
{"RecordNumber":24514,"TimeGenerated":"2025-07-02 16:21:16 +0700","TimeWritten":"2025-07-02 16:21:16 +0700","EventID":12289,"Qualifiers":16384,"EventType":"Information","EventCategory":0,"Channel":"Application","SourceName":"Software Protection Platform Service","ComputerName":"DESKTOP-RB8ENUF","Data":"0000060014776a98862996e3a93ad335e4db12eaf32ed20237e6d866ee80c6d6da3a57ed7931df872fae81a38c6673e7dc0271e15e5184b32a37588d17974282899ea441c773ae75507bd3e70becb5d771b6970b652675c05d0bf4d241febf88b9bf6210ff9a722337be0d102d866641bf0ff9e324cbada6a2a74300d7262223eaf1d764d7cf76707c493f1ef5a3df1e436f83669d09674be82fdb6024f815b664aa0b6de5352dd494314d4c13e5b6d0f1020478a9b54f71576844e077fdb0d1a17e070d6c5ce791f861a564a56ccf594783774828c77c2a9197e07d99498341ed6ba2fb782f9731637d10c1a095c10244f81e20b62876f6b2b04e0fbfdfda378340f7d5","Sid":"","Message":"The client has processed an activation response from the key management service machine.\r\nInfo:\r\n0x00000000, 0x00000000, 1, 0, 10, 120, 10080, 2025/07/02 09:21\r\n","StringInserts":["0x00000000, 0x00000000, 1, 0, 10, 120, 10080, 2025/07/02 09:21"]}
{"RecordNumber":24515,"TimeGenerated":"2025-07-02 16:21:46 +0700","TimeWritten":"2025-07-02 16:21:46 +0700","EventID":16384,"Qualifiers":16384,"EventType":"Information","EventCategory":0,"Channel":"Application","SourceName":"Software Protection Platform Service","ComputerName":"DESKTOP-RB8ENUF","Data":"","Sid":"","Message":"Successfully scheduled Software Protection service for re-start at 2025-07-09T06:43:46Z. Reason: RulesEngine.\r\n","StringInserts":["2025-07-09T06:43:46Z","RulesEngine"]}
{"RecordNumber":24516,"TimeGenerated":"2025-07-02 16:41:53 +0700","TimeWritten":"2025-07-02 16:41:53 +0700","EventID":0,"Qualifiers":0,"EventType":"Information","EventCategory":0,"Channel":"Application","SourceName":"igfxCUIService2.0.0.0","ComputerName":"DESKTOP-RB8ENUF","Data":"","Sid":"","Message":"","StringInserts":["Service started/resumed"]}
{"RecordNumber":24517,"TimeGenerated":"2025-07-02 16:41:55 +0700","TimeWritten":"2025-07-02 16:41:55 +0700","EventID":0,"Qualifiers":0,"EventType":"Information","EventCategory":0,"Channel":"Application","SourceName":"igfxCUIService2.0.0.0","ComputerName":"DESKTOP-RB8ENUF","Data":"","Sid":"","Message":"","StringInserts":["Service stopped"]}
{"RecordNumber":24518,"TimeGenerated":"2025-07-02 16:42:01 +0700","TimeWritten":"2025-07-02 16:42:01 +0700","EventID":1001,"Qualifiers":0,"EventType":"Information","EventCategory":0,"Channel":"Application","SourceName":"Windows Error Reporting","ComputerName":"DESKTOP-RB8ENUF","Data":"","Sid":"","Message":"Fault bucket 2024883851112955265, type 5\r\nEvent Name: MoAppHang\r\nResponse: Not available\r\nCab Id: 0\r\n\r\nProblem signature:\r\nP1: Microsoft.Windows.Search_1.14.18.19041_neutral_neutral_cw5n1h2txyewy\r\nP2: praid:CortanaUI\r\nP3: 10.0.19041.5915\r\nP4: f42474ce\r\nP5: 7f3a\r\nP6: 2097152\r\nP7: \r\nP8: \r\nP9: \r\nP10: \r\n\r\nAttached files:\r\n\\\\?\\C:\\ProgramData\\Microsoft\\Windows\\WER\\Temp\\WER60A2.tmp.WERInternalMetadata.xml\r\n\\\\?\\C:\\ProgramData\\Microsoft\\Windows\\WER\\Temp\\WER60D2.tmp.xml\r\n\\\\?\\C:\\ProgramData\\Microsoft\\Windows\\WER\\Temp\\WER60D3.tmp.csv\r\n\\\\?\\C:\\ProgramData\\Microsoft\\Windows\\WER\\Temp\\WER60F4.tmp.txt\r\n\r\nThese files may be available here:\r\n\\\\?\\C:\\ProgramData\\Microsoft\\Windows\\WER\\ReportArchive\\AppHang_Microsoft.Window_b2d23e6061475a118a42eab55fcfa17aa52cb2_b29d1892_0783c7ab-8fcc-41eb-9749-0e57da27438f\r\n\r\nAnalysis symbol: \r\nRechecking for solution: 0\r\nReport Id: 6b60da85-661f-4d02-88ec-2e62d9ff5db7\r\nReport Status: 268435456\r\nHashed bucket: 9d0590fbeaf6cb50cc19d52261033d81\r\nCab Guid: 0\r\n","StringInserts":["2024883851112955265","5","MoAppHang","Not available","0","Microsoft.Windows.Search_1.14.18.19041_neutral_neutral_cw5n1h2txyewy","praid:CortanaUI","10.0.19041.5915","f42474ce","7f3a","2097152","","","","","\r\n\\\\?\\C:\\ProgramData\\Microsoft\\Windows\\WER\\Temp\\WER60A2.tmp.WERInternalMetadata.xml\r\n\\\\?\\C:\\ProgramData\\Microsoft\\Windows\\WER\\Temp\\WER60D2.tmp.xml\r\n\\\\?\\C:\\ProgramData\\Microsoft\\Windows\\WER\\Temp\\WER60D3.tmp.csv\r\n\\\\?\\C:\\ProgramData\\Microsoft\\Windows\\WER\\Temp\\WER60F4.tmp.txt","\\\\?\\C:\\ProgramData\\Microsoft\\Windows\\WER\\ReportArchive\\AppHang_Microsoft.Window_b2d23e6061475a118a42eab55fcfa17aa52cb2_b29d1892_0783c7ab-8fcc-41eb-9749-0e57da27438f","","0","6b60da85-661f-4d02-88ec-2e62d9ff5db7","268435456","9d0590fbeaf6cb50cc19d52261033d81","0"]}
{"RecordNumber":24519,"TimeGenerated":"2025-07-02 16:42:01 +0700","TimeWritten":"2025-07-02 16:42:01 +0700","EventID":1001,"Qualifiers":0,"EventType":"Information","EventCategory":0,"Channel":"Application","SourceName":"Windows Error Reporting","ComputerName":"DESKTOP-RB8ENUF","Data":"","Sid":"","Message":"Fault bucket 1326687985652387597, type 5\r\nEvent Name: MoAppHang\r\nResponse: Not available\r\nCab Id: 0\r\n\r\nProblem signature:\r\nP1: Microsoft.MicrosoftStickyNotes_6.1.4.0_x64__8wekyb3d8bbwe\r\nP2: praid:App\r\nP3: 6.1.4.0\r\nP4: 6704d009\r\nP5: 8457\r\nP6: 2097152\r\nP7: \r\nP8: \r\nP9: \r\nP10: \r\n\r\nAttached files:\r\n\\\\?\\C:\\ProgramData\\Microsoft\\Windows\\WER\\Temp\\WER5FF7.tmp.WERInternalMetadata.xml\r\n\\\\?\\C:\\ProgramData\\Microsoft\\Windows\\WER\\Temp\\WER6036.tmp.xml\r\n\\\\?\\C:\\ProgramData\\Microsoft\\Windows\\WER\\Temp\\WER6035.tmp.csv\r\n\\\\?\\C:\\ProgramData\\Microsoft\\Windows\\WER\\Temp\\WER6055.tmp.txt\r\n\r\nThese files may be available here:\r\n\\\\?\\C:\\ProgramData\\Microsoft\\Windows\\WER\\ReportArchive\\AppHang_Microsoft.Micros_afa85b935c3551c6977bfc33607b37dbcc8def9f_7dec0f64_4ab90c5c-47fd-4214-81d6-713d259351ea\r\n\r\nAnalysis symbol: \r\nRechecking for solution: 0\r\nReport Id: 000f5cb5-86c8-4d0b-9a9a-4d8fc9282d4e\r\nReport Status: 268435456\r\nHashed bucket: 351ad5a5d68fa093026957b1a096cf0d\r\nCab Guid: 0\r\n","StringInserts":["1326687985652387597","5","MoAppHang","Not available","0","Microsoft.MicrosoftStickyNotes_6.1.4.0_x64__8wekyb3d8bbwe","praid:App","6.1.4.0","6704d009","8457","2097152","","","","","\r\n\\\\?\\C:\\ProgramData\\Microsoft\\Windows\\WER\\Temp\\WER5FF7.tmp.WERInternalMetadata.xml\r\n\\\\?\\C:\\ProgramData\\Microsoft\\Windows\\WER\\Temp\\WER6036.tmp.xml\r\n\\\\?\\C:\\ProgramData\\Microsoft\\Windows\\WER\\Temp\\WER6035.tmp.csv\r\n\\\\?\\C:\\ProgramData\\Microsoft\\Windows\\WER\\Temp\\WER6055.tmp.txt","\\\\?\\C:\\ProgramData\\Microsoft\\Windows\\WER\\ReportArchive\\AppHang_Microsoft.Micros_afa85b935c3551c6977bfc33607b37dbcc8def9f_7dec0f64_4ab90c5c-47fd-4214-81d6-713d259351ea","","0","000f5cb5-86c8-4d0b-9a9a-4d8fc9282d4e","268435456","351ad5a5d68fa093026957b1a096cf0d","0"]}
{"RecordNumber":24520,"TimeGenerated":"2025-07-02 16:42:01 +0700","TimeWritten":"2025-07-02 16:42:01 +0700","EventID":1002,"Qualifiers":0,"EventType":"Error","EventCategory":101,"Channel":"Application","SourceName":"Application Hang","ComputerName":"DESKTOP-RB8ENUF","Data":"510075006900650073006300650000000000","Sid":"","Message":"The program SearchApp.exe version 10.0.19041.5915 stopped interacting with Windows and was closed. To see if more information about the problem is available, check the problem history in the Security and Maintenance control panel.\r\n\r\nProcess ID: 644c\r\n\r\nStart Time: 01dbe8a0ee2fb49d\r\n\r\nTermination Time: 4294967295\r\n\r\nApplication Path: C:\\Windows\\SystemApps\\Microsoft.Windows.Search_cw5n1h2txyewy\\SearchApp.exe\r\n\r\nReport Id: 6b60da85-661f-4d02-88ec-2e62d9ff5db7\r\n\r\nFaulting package full name: Microsoft.Windows.Search_1.14.18.19041_neutral_neutral_cw5n1h2txyewy\r\n\r\nFaulting package-relative application ID: CortanaUI\r\n\r\nHang type: Quiesce\r\n\r\n","StringInserts":["SearchApp.exe","10.0.19041.5915","644c","01dbe8a0ee2fb49d","4294967295","C:\\Windows\\SystemApps\\Microsoft.Windows.Search_cw5n1h2txyewy\\SearchApp.exe","6b60da85-661f-4d02-88ec-2e62d9ff5db7","Microsoft.Windows.Search_1.14.18.19041_neutral_neutral_cw5n1h2txyewy","CortanaUI","Quiesce"]}
{"RecordNumber":24521,"TimeGenerated":"2025-07-02 16:42:01 +0700","TimeWritten":"2025-07-02 16:42:01 +0700","EventID":1002,"Qualifiers":0,"EventType":"Error","EventCategory":101,"Channel":"Application","SourceName":"Application Hang","ComputerName":"DESKTOP-RB8ENUF","Data":"510075006900650073006300650000000000","Sid":"","Message":"The program Microsoft.Notes.exe version 6.1.4.0 stopped interacting with Windows and was closed. To see if more information about the problem is available, check the problem history in the Security and Maintenance control panel.\r\n\r\nProcess ID: 3244\r\n\r\nStart Time: 01dbe4a598d51c8e\r\n\r\nTermination Time: 4294967295\r\n\r\nApplication Path: C:\\Program Files\\WindowsApps\\Microsoft.MicrosoftStickyNotes_6.1.4.0_x64__8wekyb3d8bbwe\\Microsoft.Notes.exe\r\n\r\nReport Id: 000f5cb5-86c8-4d0b-9a9a-4d8fc9282d4e\r\n\r\nFaulting package full name: Microsoft.MicrosoftStickyNotes_6.1.4.0_x64__8wekyb3d8bbwe\r\n\r\nFaulting package-relative application ID: App\r\n\r\nHang type: Quiesce\r\n\r\n","StringInserts":["Microsoft.Notes.exe","6.1.4.0","3244","01dbe4a598d51c8e","4294967295","C:\\Program Files\\WindowsApps\\Microsoft.MicrosoftStickyNotes_6.1.4.0_x64__8wekyb3d8bbwe\\Microsoft.Notes.exe","000f5cb5-86c8-4d0b-9a9a-4d8fc9282d4e","Microsoft.MicrosoftStickyNotes_6.1.4.0_x64__8wekyb3d8bbwe","App","Quiesce"]}
{"RecordNumber":24522,"TimeGenerated":"2025-07-02 17:03:13 +0700","TimeWritten":"2025-07-02 17:03:13 +0700","EventID":0,"Qualifiers":0,"EventType":"Information","EventCategory":0,"Channel":"Application","SourceName":"igfxCUIService2.0.0.0","ComputerName":"DESKTOP-RB8ENUF","Data":"","Sid":"","Message":"","StringInserts":["Service started/resumed"]}
{"RecordNumber":24523,"TimeGenerated":"2025-07-02 17:03:13 +0700","TimeWritten":"2025-07-02 17:03:13 +0700","EventID":0,"Qualifiers":0,"EventType":"Information","EventCategory":0,"Channel":"Application","SourceName":"igfxCUIService2.0.0.0","ComputerName":"DESKTOP-RB8ENUF","Data":"","Sid":"","Message":"","StringInserts":["Service stopped"]}
{"RecordNumber":24524,"TimeGenerated":"2025-07-02 17:08:17 +0700","TimeWritten":"2025-07-02 17:08:17 +0700","EventID":16394,"Qualifiers":49152,"EventType":"Information","EventCategory":0,"Channel":"Application","SourceName":"Software Protection Platform Service","ComputerName":"DESKTOP-RB8ENUF","Data":"","Sid":"","Message":"Offline downlevel migration succeeded.\r\n","StringInserts":[]}
{"RecordNumber":24525,"TimeGenerated":"2025-07-02 17:09:20 +0700","TimeWritten":"2025-07-02 17:09:20 +0700","EventID":16384,"Qualifiers":16384,"EventType":"Information","EventCategory":0,"Channel":"Application","SourceName":"Software Protection Platform Service","ComputerName":"DESKTOP-RB8ENUF","Data":"","Sid":"","Message":"Successfully scheduled Software Protection service for re-start at 2025-07-09T06:43:20Z. Reason: RulesEngine.\r\n","StringInserts":["2025-07-09T06:43:20Z","RulesEngine"]}
{"RecordNumber":24526,"TimeGenerated":"2025-07-02 17:32:43 +0700","TimeWritten":"2025-07-02 17:32:43 +0700","EventID":16394,"Qualifiers":49152,"EventType":"Information","EventCategory":0,"Channel":"Application","SourceName":"Software Protection Platform Service","ComputerName":"DESKTOP-RB8ENUF","Data":"","Sid":"","Message":"Offline downlevel migration succeeded.\r\n","StringInserts":[]}
{"RecordNumber":24527,"TimeGenerated":"2025-07-02 17:33:05 +0700","TimeWritten":"2025-07-02 17:33:05 +0700","EventID":15,"Qualifiers":0,"EventType":"Information","EventCategory":0,"Channel":"Application","SourceName":"SecurityCenter","ComputerName":"DESKTOP-RB8ENUF","Data":"","Sid":"","Message":"Updated Windows Defender status successfully to SECURITY_PRODUCT_STATE_ON.\r\n","StringInserts":["Windows Defender","SECURITY_PRODUCT_STATE_ON"]}
{"RecordNumber":24528,"TimeGenerated":"2025-07-02 17:33:07 +0700","TimeWritten":"2025-07-02 17:33:07 +0700","EventID":15,"Qualifiers":0,"EventType":"Information","EventCategory":0,"Channel":"Application","SourceName":"SecurityCenter","ComputerName":"DESKTOP-RB8ENUF","Data":"","Sid":"","Message":"Updated Windows Defender status successfully to SECURITY_PRODUCT_STATE_ON.\r\n","StringInserts":["Windows Defender","SECURITY_PRODUCT_STATE_ON"]}
{"RecordNumber":24529,"TimeGenerated":"2025-07-02 17:33:23 +0700","TimeWritten":"2025-07-02 17:33:23 +0700","EventID":15,"Qualifiers":0,"EventType":"Information","EventCategory":0,"Channel":"Application","SourceName":"SecurityCenter","ComputerName":"DESKTOP-RB8ENUF","Data":"","Sid":"","Message":"Updated Windows Defender status successfully to SECURITY_PRODUCT_STATE_ON.\r\n","StringInserts":["Windows Defender","SECURITY_PRODUCT_STATE_ON"]}
{"RecordNumber":24530,"TimeGenerated":"2025-07-02 17:33:43 +0700","TimeWritten":"2025-07-02 17:33:43 +0700","EventID":16384,"Qualifiers":16384,"EventType":"Information","EventCategory":0,"Channel":"Application","SourceName":"Software Protection Platform Service","ComputerName":"DESKTOP-RB8ENUF","Data":"","Sid":"","Message":"Successfully scheduled Software Protection service for re-start at 2025-07-09T06:43:43Z. Reason: RulesEngine.\r\n","StringInserts":["2025-07-09T06:43:43Z","RulesEngine"]}
{"RecordNumber":24531,"TimeGenerated":"2025-07-02 18:18:32 +0700","TimeWritten":"2025-07-02 18:18:32 +0700","EventID":16394,"Qualifiers":49152,"EventType":"Information","EventCategory":0,"Channel":"Application","SourceName":"Software Protection Platform Service","ComputerName":"DESKTOP-RB8ENUF","Data":"","Sid":"","Message":"Offline downlevel migration succeeded.\r\n","StringInserts":[]}
{"RecordNumber":24532,"TimeGenerated":"2025-07-02 18:19:03 +0700","TimeWritten":"2025-07-02 18:19:03 +0700","EventID":16384,"Qualifiers":16384,"EventType":"Information","EventCategory":0,"Channel":"Application","SourceName":"Software Protection Platform Service","ComputerName":"DESKTOP-RB8ENUF","Data":"","Sid":"","Message":"Successfully scheduled Software Protection service for re-start at 2025-07-09T06:44:03Z. Reason: RulesEngine.\r\n","StringInserts":["2025-07-09T06:44:03Z","RulesEngine"]}
{"RecordNumber":24533,"TimeGenerated":"2025-07-02 18:32:03 +0700","TimeWritten":"2025-07-02 18:32:03 +0700","EventID":0,"Qualifiers":0,"EventType":"Information","EventCategory":0,"Channel":"Application","SourceName":"coccoc","ComputerName":"DESKTOP-RB8ENUF","Data":"","Sid":"","Message":"","StringInserts":["Service stopped"]}
{"RecordNumber":24534,"TimeGenerated":"2025-07-02 21:11:39 +0700","TimeWritten":"2025-07-02 21:11:39 +0700","EventID":16394,"Qualifiers":49152,"EventType":"Information","EventCategory":0,"Channel":"Application","SourceName":"Software Protection Platform Service","ComputerName":"DESKTOP-RB8ENUF","Data":"","Sid":"","Message":"Offline downlevel migration succeeded.\r\n","StringInserts":[]}
{"RecordNumber":24535,"TimeGenerated":"2025-07-02 21:12:09 +0700","TimeWritten":"2025-07-02 21:12:09 +0700","EventID":16384,"Qualifiers":16384,"EventType":"Information","EventCategory":0,"Channel":"Application","SourceName":"Software Protection Platform Service","ComputerName":"DESKTOP-RB8ENUF","Data":"","Sid":"","Message":"Successfully scheduled Software Protection service for re-start at 2025-07-09T06:43:09Z. Reason: RulesEngine.\r\n","StringInserts":["2025-07-09T06:43:09Z","RulesEngine"]}
{"RecordNumber":24536,"TimeGenerated":"2025-07-02 21:27:00 +0700","TimeWritten":"2025-07-02 21:27:00 +0700","EventID":0,"Qualifiers":0,"EventType":"Information","EventCategory":0,"Channel":"Application","SourceName":"edgeupdate","ComputerName":"DESKTOP-RB8ENUF","Data":"","Sid":"","Message":"Service stopped.\r\n","StringInserts":["Service stopped"]}
{"RecordNumber":24537,"TimeGenerated":"2025-07-02 22:14:13 +0700","TimeWritten":"2025-07-02 22:14:13 +0700","EventID":16394,"Qualifiers":49152,"EventType":"Information","EventCategory":0,"Channel":"Application","SourceName":"Software Protection Platform Service","ComputerName":"DESKTOP-RB8ENUF","Data":"","Sid":"","Message":"Offline downlevel migration succeeded.\r\n","StringInserts":[]}
{"RecordNumber":24538,"TimeGenerated":"2025-07-02 22:14:45 +0700","TimeWritten":"2025-07-02 22:14:45 +0700","EventID":16384,"Qualifiers":16384,"EventType":"Information","EventCategory":0,"Channel":"Application","SourceName":"Software Protection Platform Service","ComputerName":"DESKTOP-RB8ENUF","Data":"","Sid":"","Message":"Successfully scheduled Software Protection service for re-start at 2025-07-09T06:43:45Z. Reason: RulesEngine.\r\n","StringInserts":["2025-07-09T06:43:45Z","RulesEngine"]}
{"RecordNumber":24539,"TimeGenerated":"2025-07-02 23:32:24 +0700","TimeWritten":"2025-07-02 23:32:24 +0700","EventID":0,"Qualifiers":0,"EventType":"Information","EventCategory":0,"Channel":"Application","SourceName":"coccoc","ComputerName":"DESKTOP-RB8ENUF","Data":"","Sid":"","Message":"","StringInserts":["Service stopped"]}
{"RecordNumber":24540,"TimeGenerated":"2025-07-03 00:17:12 +0700","TimeWritten":"2025-07-03 00:17:12 +0700","EventID":16394,"Qualifiers":49152,"EventType":"Information","EventCategory":0,"Channel":"Application","SourceName":"Software Protection Platform Service","ComputerName":"DESKTOP-RB8ENUF","Data":"","Sid":"","Message":"Offline downlevel migration succeeded.\r\n","StringInserts":[]}
{"RecordNumber":24541,"TimeGenerated":"2025-07-03 00:17:43 +0700","TimeWritten":"2025-07-03 00:17:43 +0700","EventID":16384,"Qualifiers":16384,"EventType":"Information","EventCategory":0,"Channel":"Application","SourceName":"Software Protection Platform Service","ComputerName":"DESKTOP-RB8ENUF","Data":"","Sid":"","Message":"Successfully scheduled Software Protection service for re-start at 2025-07-09T06:43:43Z. Reason: RulesEngine.\r\n","StringInserts":["2025-07-09T06:43:43Z","RulesEngine"]}
{"RecordNumber":24542,"TimeGenerated":"2025-07-03 01:22:52 +0700","TimeWritten":"2025-07-03 01:22:52 +0700","EventID":16394,"Qualifiers":49152,"EventType":"Information","EventCategory":0,"Channel":"Application","SourceName":"Software Protection Platform Service","ComputerName":"DESKTOP-RB8ENUF","Data":"","Sid":"","Message":"Offline downlevel migration succeeded.\r\n","StringInserts":[]}
{"RecordNumber":24543,"TimeGenerated":"2025-07-03 01:23:31 +0700","TimeWritten":"2025-07-03 01:23:31 +0700","EventID":16384,"Qualifiers":16384,"EventType":"Information","EventCategory":0,"Channel":"Application","SourceName":"Software Protection Platform Service","ComputerName":"DESKTOP-RB8ENUF","Data":"","Sid":"","Message":"Successfully scheduled Software Protection service for re-start at 2025-07-09T06:43:31Z. Reason: RulesEngine.\r\n","StringInserts":["2025-07-09T06:43:31Z","RulesEngine"]}
{"RecordNumber":24544,"TimeGenerated":"2025-07-03 03:53:04 +0700","TimeWritten":"2025-07-03 03:53:04 +0700","EventID":16394,"Qualifiers":49152,"EventType":"Information","EventCategory":0,"Channel":"Application","SourceName":"Software Protection Platform Service","ComputerName":"DESKTOP-RB8ENUF","Data":"","Sid":"","Message":"Offline downlevel migration succeeded.\r\n","StringInserts":[]}
{"RecordNumber":24545,"TimeGenerated":"2025-07-03 03:53:36 +0700","TimeWritten":"2025-07-03 03:53:36 +0700","EventID":16384,"Qualifiers":16384,"EventType":"Information","EventCategory":0,"Channel":"Application","SourceName":"Software Protection Platform Service","ComputerName":"DESKTOP-RB8ENUF","Data":"","Sid":"","Message":"Successfully scheduled Software Protection service for re-start at 2025-07-09T06:43:36Z. Reason: RulesEngine.\r\n","StringInserts":["2025-07-09T06:43:36Z","RulesEngine"]}
{"RecordNumber":24546,"TimeGenerated":"2025-07-03 04:29:52 +0700","TimeWritten":"2025-07-03 04:29:52 +0700","EventID":16394,"Qualifiers":49152,"EventType":"Information","EventCategory":0,"Channel":"Application","SourceName":"Software Protection Platform Service","ComputerName":"DESKTOP-RB8ENUF","Data":"","Sid":"","Message":"Offline downlevel migration succeeded.\r\n","StringInserts":[]}
{"RecordNumber":24547,"TimeGenerated":"2025-07-03 04:30:23 +0700","TimeWritten":"2025-07-03 04:30:23 +0700","EventID":16384,"Qualifiers":16384,"EventType":"Information","EventCategory":0,"Channel":"Application","SourceName":"Software Protection Platform Service","ComputerName":"DESKTOP-RB8ENUF","Data":"","Sid":"","Message":"Successfully scheduled Software Protection service for re-start at 2025-07-09T06:43:23Z. Reason: RulesEngine.\r\n","StringInserts":["2025-07-09T06:43:23Z","RulesEngine"]}
{"RecordNumber":24548,"TimeGenerated":"2025-07-03 04:31:06 +0700","TimeWritten":"2025-07-03 04:31:06 +0700","EventID":16394,"Qualifiers":49152,"EventType":"Information","EventCategory":0,"Channel":"Application","SourceName":"Software Protection Platform Service","ComputerName":"DESKTOP-RB8ENUF","Data":"","Sid":"","Message":"Offline downlevel migration succeeded.\r\n","StringInserts":[]}
{"RecordNumber":24549,"TimeGenerated":"2025-07-03 04:31:36 +0700","TimeWritten":"2025-07-03 04:31:36 +0700","EventID":16384,"Qualifiers":16384,"EventType":"Information","EventCategory":0,"Channel":"Application","SourceName":"Software Protection Platform Service","ComputerName":"DESKTOP-RB8ENUF","Data":"","Sid":"","Message":"Successfully scheduled Software Protection service for re-start at 2025-07-09T06:43:36Z. Reason: RulesEngine.\r\n","StringInserts":["2025-07-09T06:43:36Z","RulesEngine"]}
{"RecordNumber":24550,"TimeGenerated":"2025-07-03 05:08:19 +0700","TimeWritten":"2025-07-03 05:08:19 +0700","EventID":16394,"Qualifiers":49152,"EventType":"Information","EventCategory":0,"Channel":"Application","SourceName":"Software Protection Platform Service","ComputerName":"DESKTOP-RB8ENUF","Data":"","Sid":"","Message":"Offline downlevel migration succeeded.\r\n","StringInserts":[]}
{"RecordNumber":24551,"TimeGenerated":"2025-07-03 05:08:49 +0700","TimeWritten":"2025-07-03 05:08:49 +0700","EventID":16384,"Qualifiers":16384,"EventType":"Information","EventCategory":0,"Channel":"Application","SourceName":"Software Protection Platform Service","ComputerName":"DESKTOP-RB8ENUF","Data":"","Sid":"","Message":"Successfully scheduled Software Protection service for re-start at 2025-07-09T06:43:49Z. Reason: RulesEngine.\r\n","StringInserts":["2025-07-09T06:43:49Z","RulesEngine"]}
{"RecordNumber":24552,"TimeGenerated":"2025-07-03 05:32:53 +0700","TimeWritten":"2025-07-03 05:32:53 +0700","EventID":0,"Qualifiers":0,"EventType":"Information","EventCategory":0,"Channel":"Application","SourceName":"coccoc","ComputerName":"DESKTOP-RB8ENUF","Data":"","Sid":"","Message":"","StringInserts":["Service stopped"]}
{"RecordNumber":24553,"TimeGenerated":"2025-07-03 06:34:58 +0700","TimeWritten":"2025-07-03 06:34:58 +0700","EventID":16394,"Qualifiers":49152,"EventType":"Information","EventCategory":0,"Channel":"Application","SourceName":"Software Protection Platform Service","ComputerName":"DESKTOP-RB8ENUF","Data":"","Sid":"","Message":"Offline downlevel migration succeeded.\r\n","StringInserts":[]}
{"RecordNumber":24554,"TimeGenerated":"2025-07-03 06:35:30 +0700","TimeWritten":"2025-07-03 06:35:30 +0700","EventID":16384,"Qualifiers":16384,"EventType":"Information","EventCategory":0,"Channel":"Application","SourceName":"Software Protection Platform Service","ComputerName":"DESKTOP-RB8ENUF","Data":"","Sid":"","Message":"Successfully scheduled Software Protection service for re-start at 2025-07-09T06:43:30Z. Reason: RulesEngine.\r\n","StringInserts":["2025-07-09T06:43:30Z","RulesEngine"]}
{"RecordNumber":24555,"TimeGenerated":"2025-07-03 07:27:35 +0700","TimeWritten":"2025-07-03 07:27:35 +0700","EventID":0,"Qualifiers":0,"EventType":"Information","EventCategory":0,"Channel":"Application","SourceName":"edgeupdate","ComputerName":"DESKTOP-RB8ENUF","Data":"","Sid":"","Message":"Service stopped.\r\n","StringInserts":["Service stopped"]}
{"RecordNumber":24556,"TimeGenerated":"2025-07-03 08:43:05 +0700","TimeWritten":"2025-07-03 08:43:05 +0700","EventID":0,"Qualifiers":0,"EventType":"Information","EventCategory":0,"Channel":"Application","SourceName":"igfxCUIService2.0.0.0","ComputerName":"DESKTOP-RB8ENUF","Data":"","Sid":"","Message":"","StringInserts":["Service started/resumed"]}
{"RecordNumber":24557,"TimeGenerated":"2025-07-03 08:43:05 +0700","TimeWritten":"2025-07-03 08:43:05 +0700","EventID":0,"Qualifiers":0,"EventType":"Information","EventCategory":0,"Channel":"Application","SourceName":"igfxCUIService2.0.0.0","ComputerName":"DESKTOP-RB8ENUF","Data":"","Sid":"","Message":"","StringInserts":["Service stopped"]}
{"RecordNumber":24558,"TimeGenerated":"2025-07-03 08:49:34 +0700","TimeWritten":"2025-07-03 08:49:34 +0700","EventID":0,"Qualifiers":0,"EventType":"Information","EventCategory":0,"Channel":"Application","SourceName":"igfxCUIService2.0.0.0","ComputerName":"DESKTOP-RB8ENUF","Data":"","Sid":"","Message":"","StringInserts":["Service started/resumed"]}
{"RecordNumber":24559,"TimeGenerated":"2025-07-03 08:49:34 +0700","TimeWritten":"2025-07-03 08:49:34 +0700","EventID":0,"Qualifiers":0,"EventType":"Information","EventCategory":0,"Channel":"Application","SourceName":"igfxCUIService2.0.0.0","ComputerName":"DESKTOP-RB8ENUF","Data":"","Sid":"","Message":"","StringInserts":["Service stopped"]}
{"RecordNumber":24560,"TimeGenerated":"2025-07-03 08:54:40 +0700","TimeWritten":"2025-07-03 08:54:40 +0700","EventID":3000,"Qualifiers":16384,"EventType":"Information","EventCategory":0,"Channel":"Application","SourceName":"Process Exit Monitor","ComputerName":"DESKTOP-RB8ENUF","Data":"","Sid":"S-1-5-21-3306260603-718234045-292622573-1001","Message":"The process 'C:\\Program Files\\Microsoft Office\\root\\Office16\\WINWORD.EXE' exited with exit code 0. The creation time for the exiting process was 0x01dbebbd700331e5.\r\n","StringInserts":["C:\\Program Files\\Microsoft Office\\root\\Office16\\WINWORD.EXE","0","01dbebbd700331e5"]}
{"RecordNumber":24561,"TimeGenerated":"2025-07-03 09:16:25 +0700","TimeWritten":"2025-07-03 09:16:25 +0700","EventID":16394,"Qualifiers":49152,"EventType":"Information","EventCategory":0,"Channel":"Application","SourceName":"Software Protection Platform Service","ComputerName":"DESKTOP-RB8ENUF","Data":"","Sid":"","Message":"Offline downlevel migration succeeded.\r\n","StringInserts":[]}
{"RecordNumber":24562,"TimeGenerated":"2025-07-03 09:16:55 +0700","TimeWritten":"2025-07-03 09:16:55 +0700","EventID":16384,"Qualifiers":16384,"EventType":"Information","EventCategory":0,"Channel":"Application","SourceName":"Software Protection Platform Service","ComputerName":"DESKTOP-RB8ENUF","Data":"","Sid":"","Message":"Successfully scheduled Software Protection service for re-start at 2025-07-09T06:43:55Z. Reason: RulesEngine.\r\n","StringInserts":["2025-07-09T06:43:55Z","RulesEngine"]}
{"RecordNumber":24563,"TimeGenerated":"2025-07-03 09:53:49 +0700","TimeWritten":"2025-07-03 09:53:49 +0700","EventID":16394,"Qualifiers":49152,"EventType":"Information","EventCategory":0,"Channel":"Application","SourceName":"Software Protection Platform Service","ComputerName":"DESKTOP-RB8ENUF","Data":"","Sid":"","Message":"Offline downlevel migration succeeded.\r\n","StringInserts":[]}
{"RecordNumber":24564,"TimeGenerated":"2025-07-03 09:54:20 +0700","TimeWritten":"2025-07-03 09:54:20 +0700","EventID":16384,"Qualifiers":16384,"EventType":"Information","EventCategory":0,"Channel":"Application","SourceName":"Software Protection Platform Service","ComputerName":"DESKTOP-RB8ENUF","Data":"","Sid":"","Message":"Successfully scheduled Software Protection service for re-start at 2025-07-09T06:43:20Z. Reason: RulesEngine.\r\n","StringInserts":["2025-07-09T06:43:20Z","RulesEngine"]}
{"RecordNumber":24565,"TimeGenerated":"2025-07-03 10:24:54 +0700","TimeWritten":"2025-07-03 10:24:54 +0700","EventID":16394,"Qualifiers":49152,"EventType":"Information","EventCategory":0,"Channel":"Application","SourceName":"Software Protection Platform Service","ComputerName":"DESKTOP-RB8ENUF","Data":"","Sid":"","Message":"Offline downlevel migration succeeded.\r\n","StringInserts":[]}
{"RecordNumber":24566,"TimeGenerated":"2025-07-03 10:25:25 +0700","TimeWritten":"2025-07-03 10:25:25 +0700","EventID":16384,"Qualifiers":16384,"EventType":"Information","EventCategory":0,"Channel":"Application","SourceName":"Software Protection Platform Service","ComputerName":"DESKTOP-RB8ENUF","Data":"","Sid":"","Message":"Successfully scheduled Software Protection service for re-start at 2025-07-09T06:43:25Z. Reason: RulesEngine.\r\n","StringInserts":["2025-07-09T06:43:25Z","RulesEngine"]}
{"RecordNumber":24567,"TimeGenerated":"2025-07-03 10:26:17 +0700","TimeWritten":"2025-07-03 10:26:17 +0700","EventID":0,"Qualifiers":0,"EventType":"Information","EventCategory":0,"Channel":"Application","SourceName":"igfxCUIService2.0.0.0","ComputerName":"DESKTOP-RB8ENUF","Data":"","Sid":"","Message":"","StringInserts":["Service started/resumed"]}
