{"RecordNumber":17638,"TimeGenerated":"2025-06-23 17:19:11 +0700","TimeWritten":"2025-06-23 17:19:11 +0700","EventID":7040,"Qualifiers":16384,"EventType":"Information","EventCategory":0,"Channel":"System","SourceName":"Service Control Manager","ComputerName":"DESKTOP-RB8ENUF","Data":"","Sid":"S-1-5-18","Message":"The start type of the Windows Modules Installer service was changed from demand start to auto start.\r\n","StringInserts":["Windows Modules Installer","demand start","auto start","TrustedInstaller"]}
{"RecordNumber":17639,"TimeGenerated":"2025-06-23 17:19:28 +0700","TimeWritten":"2025-06-23 17:19:28 +0700","EventID":98,"Qualifiers":0,"EventType":"Information","EventCategory":0,"Channel":"System","SourceName":"Microsoft-Windows-Ntfs","ComputerName":"DESKTOP-RB8ENUF","Data":"","Sid":"S-1-5-18","Message":"","StringInserts":["??","\\Device\\HarddiskVolumeShadowCopy2","0"]}
{"RecordNumber":17640,"TimeGenerated":"2025-06-23 17:19:32 +0700","TimeWritten":"2025-06-23 17:19:32 +0700","EventID":7045,"Qualifiers":16384,"EventType":"Information","EventCategory":0,"Channel":"System","SourceName":"Service Control Manager","ComputerName":"DESKTOP-RB8ENUF","Data":"","Sid":"S-1-5-21-3306260603-718234045-292622573-1001","Message":"A service was installed in the system.\r\n\r\nService Name:  Docker Desktop Service\r\nService File Name:  \"C:\\Program Files\\Docker\\Docker\\com.docker.service\"\r\nService Type:  user mode service\r\nService Start Type:  demand start\r\nService Account:  LocalSystem\r\n","StringInserts":["Docker Desktop Service","\"C:\\Program Files\\Docker\\Docker\\com.docker.service\"","user mode service","demand start","LocalSystem"]}
{"RecordNumber":17641,"TimeGenerated":"2025-06-23 17:21:18 +0700","TimeWritten":"2025-06-23 17:21:18 +0700","EventID":1074,"Qualifiers":32768,"EventType":"Information","EventCategory":0,"Channel":"System","SourceName":"User32","ComputerName":"DESKTOP-RB8ENUF","Data":"","Sid":"S-1-5-21-3306260603-718234045-292622573-1001","Message":"The process Docker Desktop Installer.exe has initiated the restart of computer DESKTOP-RB8ENUF on behalf of user DESKTOP-RB8ENUF\\NgThang for the following reason: Application: Installation (Planned)\r\n Reason Code: 0x80040002\r\n Shutdown Type: restart\r\n Comment: \r\n","StringInserts":["Docker Desktop Installer.exe","DESKTOP-RB8ENUF","Application: Installation (Planned)","0x80040002","restart","","DESKTOP-RB8ENUF\\NgThang"]}
{"RecordNumber":17642,"TimeGenerated":"2025-06-23 17:21:39 +0700","TimeWritten":"2025-06-23 17:21:39 +0700","EventID":1074,"Qualifiers":32768,"EventType":"Information","EventCategory":0,"Channel":"System","SourceName":"User32","ComputerName":"DESKTOP-RB8ENUF","Data":"","Sid":"S-1-5-18","Message":"The process C:\\Windows\\system32\\winlogon.exe (DESKTOP-RB8ENUF) has initiated the restart of computer DESKTOP-RB8ENUF on behalf of user NT AUTHORITY\\SYSTEM for the following reason: No title for this reason could be found\r\n Reason Code: 0x500ff\r\n Shutdown Type: restart\r\n Comment: \r\n","StringInserts":["C:\\Windows\\system32\\winlogon.exe (DESKTOP-RB8ENUF)","DESKTOP-RB8ENUF","No title for this reason could be found","0x500ff","restart","","NT AUTHORITY\\SYSTEM"]}
{"RecordNumber":17643,"TimeGenerated":"2025-06-23 17:21:39 +0700","TimeWritten":"2025-06-23 17:21:39 +0700","EventID":7002,"Qualifiers":0,"EventType":"Information","EventCategory":1102,"Channel":"System","SourceName":"Microsoft-Windows-Winlogon","ComputerName":"DESKTOP-RB8ENUF","Data":"","Sid":"S-1-5-18","Message":"User Logoff Notification for Customer Experience Improvement Program\r\n","StringInserts":["1","S-1-5-21-3306260603-718234045-292622573-1001"]}
{"RecordNumber":17644,"TimeGenerated":"2025-06-23 17:21:39 +0700","TimeWritten":"2025-06-23 17:21:39 +0700","EventID":5,"Qualifiers":49152,"EventType":"Error","EventCategory":0,"Channel":"System","SourceName":"vsdatant","ComputerName":"DESKTOP-RB8ENUF","Data":"000000000300280000000000050000c0000000000000000000000000000000000000000000000000","Sid":"","Message":"Process \\??\\C:\\Program Files (x86)\\CheckPoint\\Endpoint Connect\\TrGUI.exe (pid 20404) is signed by Check Point but it will be allowed because there are no rules for it.\r\n","StringInserts":["\\Device\\vsdatant","20404","\\??\\C:\\Program Files (x86)\\CheckPoint\\Endpoint Connect\\TrGUI.exe"]}
{"RecordNumber":17645,"TimeGenerated":"2025-06-23 17:21:59 +0700","TimeWritten":"2025-06-23 17:21:59 +0700","EventID":6006,"Qualifiers":32768,"EventType":"Information","EventCategory":0,"Channel":"System","SourceName":"EventLog","ComputerName":"DESKTOP-RB8ENUF","Data":"0100000000000000","Sid":"","Message":"The Event log service was stopped.\r\n","StringInserts":[]}
{"RecordNumber":17646,"TimeGenerated":"2025-06-23 17:21:59 +0700","TimeWritten":"2025-06-23 17:21:59 +0700","EventID":50104,"Qualifiers":0,"EventType":"Information","EventCategory":4,"Channel":"System","SourceName":"Microsoft-Windows-Dhcp-Client","ComputerName":"DESKTOP-RB8ENUF","Data":"","Sid":"S-1-5-19","Message":"DHCPv4 client received shutdown notification\r\n","StringInserts":[]}
{"RecordNumber":17647,"TimeGenerated":"2025-06-23 17:21:59 +0700","TimeWritten":"2025-06-23 17:21:59 +0700","EventID":50105,"Qualifiers":0,"EventType":"Information","EventCategory":4,"Channel":"System","SourceName":"Microsoft-Windows-Dhcp-Client","ComputerName":"DESKTOP-RB8ENUF","Data":"","Sid":"S-1-5-19","Message":"DHCPv4 client ProcessDHCPRequestForever received TERMINATE_EVENT\r\n","StringInserts":[]}
{"RecordNumber":17648,"TimeGenerated":"2025-06-23 17:21:59 +0700","TimeWritten":"2025-06-23 17:21:59 +0700","EventID":50106,"Qualifiers":0,"EventType":"Information","EventCategory":4,"Channel":"System","SourceName":"Microsoft-Windows-Dhcp-Client","ComputerName":"DESKTOP-RB8ENUF","Data":"","Sid":"S-1-5-19","Message":"DHCPv4 is waiting on DHCPv6 service to stop\r\n","StringInserts":[]}
{"RecordNumber":17649,"TimeGenerated":"2025-06-23 17:21:59 +0700","TimeWritten":"2025-06-23 17:21:59 +0700","EventID":51047,"Qualifiers":0,"EventType":"Information","EventCategory":4,"Channel":"System","SourceName":"Microsoft-Windows-DHCPv6-Client","ComputerName":"DESKTOP-RB8ENUF","Data":"","Sid":"S-1-5-19","Message":"DHCPv6 client service is stopped. ShutDown Flag value is 1\r\n","StringInserts":["1"]}
{"RecordNumber":17650,"TimeGenerated":"2025-06-23 17:21:59 +0700","TimeWritten":"2025-06-23 17:21:59 +0700","EventID":51057,"Qualifiers":0,"EventType":"Information","EventCategory":4,"Channel":"System","SourceName":"Microsoft-Windows-DHCPv6-Client","ComputerName":"DESKTOP-RB8ENUF","Data":"","Sid":"S-1-5-19","Message":"DHCPv6 client service stop is almost done.DHCP Context Ref count is 1\r\n","StringInserts":["1"]}
{"RecordNumber":17651,"TimeGenerated":"2025-06-23 17:21:59 +0700","TimeWritten":"2025-06-23 17:21:59 +0700","EventID":50037,"Qualifiers":0,"EventType":"Information","EventCategory":4,"Channel":"System","SourceName":"Microsoft-Windows-Dhcp-Client","ComputerName":"DESKTOP-RB8ENUF","Data":"","Sid":"S-1-5-19","Message":"DHCPv4 client service is stopped. ShutDown Flag value is 1\r\n","StringInserts":["1"]}
{"RecordNumber":17652,"TimeGenerated":"2025-06-23 17:22:35 +0700","TimeWritten":"2025-06-23 17:22:35 +0700","EventID":6009,"Qualifiers":32768,"EventType":"Information","EventCategory":0,"Channel":"System","SourceName":"EventLog","ComputerName":"DESKTOP-RB8ENUF","Data":"","Sid":"","Message":"Microsoft (R) Windows (R) 10.00. 19045  Multiprocessor Free.\r\n","StringInserts":["10.00.","19045","","Multiprocessor Free","0"]}
{"RecordNumber":17653,"TimeGenerated":"2025-06-23 17:22:35 +0700","TimeWritten":"2025-06-23 17:22:35 +0700","EventID":6005,"Qualifiers":32768,"EventType":"Information","EventCategory":0,"Channel":"System","SourceName":"EventLog","ComputerName":"DESKTOP-RB8ENUF","Data":"e9070600010017000a00160023005f030000000000000000","Sid":"","Message":"The Event log service was started.\r\n","StringInserts":[]}
{"RecordNumber":17654,"TimeGenerated":"2025-06-23 17:22:35 +0700","TimeWritten":"2025-06-23 17:22:35 +0700","EventID":6013,"Qualifiers":32768,"EventType":"Information","EventCategory":0,"Channel":"System","SourceName":"EventLog","ComputerName":"DESKTOP-RB8ENUF","Data":"31002e003100000030000000570069006e0064006f00770073002000310030002000500072006f000000310030002e0030002e003100390030003400350020004200750069006c0064002000310039003000340035002000200000004d0075006c0074006900700072006f0063006500730073006f007200200046007200650065000000310039003000340031002e00760062005f00720065006c0065006100730065002e003100390031003200300036002d00310034003000360000003600350066003300320061003200320000004e006f007400200041007600610069006c00610062006c00650000004e006f007400200041007600610069006c00610062006c00650000003900000031003200000031003600310032003600000034003000390000004400450053004b0054004f0050002d0052004200380045004e005500460000000000","Sid":"","Message":"The system uptime is 15 seconds.\r\n","StringInserts":["","","","","15","60","-420 SE Asia Standard Time"]}
{"RecordNumber":17655,"TimeGenerated":"2025-06-23 17:22:00 +0700","TimeWritten":"2025-06-23 17:22:00 +0700","EventID":4001,"Qualifiers":0,"EventType":"Information","EventCategory":0,"Channel":"System","SourceName":"Microsoft-Windows-WLAN-AutoConfig","ComputerName":"DESKTOP-RB8ENUF","Data":"","Sid":"S-1-5-18","Message":"WLAN AutoConfig service has successfully stopped.\r\n\r\n","StringInserts":[]}
{"RecordNumber":17656,"TimeGenerated":"2025-06-23 17:22:04 +0700","TimeWritten":"2025-06-23 17:22:04 +0700","EventID":109,"Qualifiers":0,"EventType":"Information","EventCategory":103,"Channel":"System","SourceName":"Microsoft-Windows-Kernel-Power","ComputerName":"DESKTOP-RB8ENUF","Data":"","Sid":"","Message":"","StringInserts":["5","0","5"]}
{"RecordNumber":17657,"TimeGenerated":"2025-06-23 17:22:05 +0700","TimeWritten":"2025-06-23 17:22:05 +0700","EventID":13,"Qualifiers":0,"EventType":"Information","EventCategory":2,"Channel":"System","SourceName":"Microsoft-Windows-Kernel-General","ComputerName":"DESKTOP-RB8ENUF","Data":"","Sid":"","Message":"","StringInserts":["2025-06-23T10:22:05.2509742Z"]}
{"RecordNumber":17658,"TimeGenerated":"2025-06-23 17:22:21 +0700","TimeWritten":"2025-06-23 17:22:21 +0700","EventID":12,"Qualifiers":0,"EventType":"Information","EventCategory":1,"Channel":"System","SourceName":"Microsoft-Windows-Kernel-General","ComputerName":"DESKTOP-RB8ENUF","Data":"","Sid":"S-1-5-18","Message":"","StringInserts":["10","0","19041","5965","0","0","2025-06-23T10:22:20.5000000Z"]}
{"RecordNumber":17659,"TimeGenerated":"2025-06-23 17:22:21 +0700","TimeWritten":"2025-06-23 17:22:21 +0700","EventID":153,"Qualifiers":0,"EventType":"Information","EventCategory":62,"Channel":"System","SourceName":"Microsoft-Windows-Kernel-Boot","ComputerName":"DESKTOP-RB8ENUF","Data":"","Sid":"S-1-5-18","Message":"","StringInserts":["0","101","515"]}
{"RecordNumber":17660,"TimeGenerated":"2025-06-23 17:22:21 +0700","TimeWritten":"2025-06-23 17:22:21 +0700","EventID":18,"Qualifiers":0,"EventType":"Information","EventCategory":57,"Channel":"System","SourceName":"Microsoft-Windows-Kernel-Boot","ComputerName":"DESKTOP-RB8ENUF","Data":"","Sid":"S-1-5-18","Message":"","StringInserts":["1"]}
{"RecordNumber":17661,"TimeGenerated":"2025-06-23 17:22:21 +0700","TimeWritten":"2025-06-23 17:22:21 +0700","EventID":32,"Qualifiers":0,"EventType":"Information","EventCategory":58,"Channel":"System","SourceName":"Microsoft-Windows-Kernel-Boot","ComputerName":"DESKTOP-RB8ENUF","Data":"","Sid":"S-1-5-18","Message":"","StringInserts":["0"]}
{"RecordNumber":17662,"TimeGenerated":"2025-06-23 17:22:21 +0700","TimeWritten":"2025-06-23 17:22:21 +0700","EventID":20,"Qualifiers":0,"EventType":"Information","EventCategory":31,"Channel":"System","SourceName":"Microsoft-Windows-Kernel-Boot","ComputerName":"DESKTOP-RB8ENUF","Data":"","Sid":"S-1-5-18","Message":"","StringInserts":["true","true","55","2"]}
{"RecordNumber":17663,"TimeGenerated":"2025-06-23 17:22:21 +0700","TimeWritten":"2025-06-23 17:22:21 +0700","EventID":238,"Qualifiers":0,"EventType":"Information","EventCategory":101,"Channel":"System","SourceName":"Microsoft-Windows-Kernel-Boot","ComputerName":"DESKTOP-RB8ENUF","Data":"","Sid":"S-1-5-18","Message":"","StringInserts":["2047","0"]}
{"RecordNumber":17664,"TimeGenerated":"2025-06-23 17:22:21 +0700","TimeWritten":"2025-06-23 17:22:21 +0700","EventID":25,"Qualifiers":0,"EventType":"Information","EventCategory":32,"Channel":"System","SourceName":"Microsoft-Windows-Kernel-Boot","ComputerName":"DESKTOP-RB8ENUF","Data":"","Sid":"S-1-5-18","Message":"","StringInserts":["1"]}
{"RecordNumber":17665,"TimeGenerated":"2025-06-23 17:22:21 +0700","TimeWritten":"2025-06-23 17:22:21 +0700","EventID":27,"Qualifiers":0,"EventType":"Information","EventCategory":33,"Channel":"System","SourceName":"Microsoft-Windows-Kernel-Boot","ComputerName":"DESKTOP-RB8ENUF","Data":"","Sid":"S-1-5-18","Message":"","StringInserts":["0"," NOEXECUTE=OPTIN  NOVGA"]}
{"RecordNumber":17666,"TimeGenerated":"2025-06-23 17:22:21 +0700","TimeWritten":"2025-06-23 17:22:21 +0700","EventID":30,"Qualifiers":0,"EventType":"Information","EventCategory":21,"Channel":"System","SourceName":"Microsoft-Windows-Kernel-Boot","ComputerName":"DESKTOP-RB8ENUF","Data":"","Sid":"S-1-5-18","Message":"","StringInserts":["346","10366","10432","12462","12463"]}
{"RecordNumber":17667,"TimeGenerated":"2025-06-23 17:22:21 +0700","TimeWritten":"2025-06-23 17:22:21 +0700","EventID":1,"Qualifiers":0,"EventType":"Information","EventCategory":0,"Channel":"System","SourceName":"Microsoft-Windows-Hyper-V-Hypervisor","ComputerName":"DESKTOP-RB8ENUF","Data":"","Sid":"S-1-5-18","Message":"Hypervisor successfully started.\r\n","StringInserts":[]}
{"RecordNumber":17668,"TimeGenerated":"2025-06-23 17:22:21 +0700","TimeWritten":"2025-06-23 17:22:21 +0700","EventID":2,"Qualifiers":0,"EventType":"Information","EventCategory":0,"Channel":"System","SourceName":"Microsoft-Windows-Hyper-V-Hypervisor","ComputerName":"DESKTOP-RB8ENUF","Data":"","Sid":"S-1-5-18","Message":"Hypervisor scheduler type is 0x4.\r\n","StringInserts":["0x4"]}
{"RecordNumber":17669,"TimeGenerated":"2025-06-23 17:22:21 +0700","TimeWritten":"2025-06-23 17:22:21 +0700","EventID":129,"Qualifiers":0,"EventType":"Information","EventCategory":0,"Channel":"System","SourceName":"Microsoft-Windows-Hyper-V-Hypervisor","ComputerName":"DESKTOP-RB8ENUF","Data":"","Sid":"S-1-5-18","Message":"Hypervisor initialized I/O remapping.\r\n\r\nHardware present: true\r\nHardware enabled: true\r\nPolicy: 0x0\r\nEnabled features: 0x43\r\nInternal information: 0x0\r\nProblems: 0x0\r\nAdditional information: 0x0\r\n","StringInserts":["true","true","0x0","0x43","0x0","0x0","0x0"]}
{"RecordNumber":17670,"TimeGenerated":"2025-06-23 17:22:21 +0700","TimeWritten":"2025-06-23 17:22:21 +0700","EventID":156,"Qualifiers":0,"EventType":"Information","EventCategory":0,"Channel":"System","SourceName":"Microsoft-Windows-Hyper-V-Hypervisor","ComputerName":"DESKTOP-RB8ENUF","Data":"","Sid":"S-1-5-18","Message":"","StringInserts":["true","false","true","true","false","false","true","false"]}
{"RecordNumber":17671,"TimeGenerated":"2025-06-23 17:22:21 +0700","TimeWritten":"2025-06-23 17:22:21 +0700","EventID":165,"Qualifiers":0,"EventType":"Information","EventCategory":0,"Channel":"System","SourceName":"Microsoft-Windows-Hyper-V-Hypervisor","ComputerName":"DESKTOP-RB8ENUF","Data":"","Sid":"S-1-5-18","Message":"Hypervisor configured mitigations for CVE-2019-11091, CVE-2018-12126, CVE-2018-12127, CVE-2018-12130 for virtual machines.\r\n\r\nProcessor not affected: true\r\nProcessor family not affected: false\r\nProcessor supports microarchitectural buffer flush: true\r\nBuffer flush needed: false\r\n\r\n","StringInserts":["true","false","true","false"]}
{"RecordNumber":17672,"TimeGenerated":"2025-06-23 17:22:21 +0700","TimeWritten":"2025-06-23 17:22:21 +0700","EventID":3,"Qualifiers":0,"EventType":"Information","EventCategory":0,"Channel":"System","SourceName":"Microsoft-Windows-IsolatedUserMode","ComputerName":"DESKTOP-RB8ENUF","Data":"","Sid":"S-1-5-18","Message":"Secure Kernel started with status 0 and flags 0.\r\n","StringInserts":["0","0"]}
{"RecordNumber":17673,"TimeGenerated":"2025-06-23 17:22:21 +0700","TimeWritten":"2025-06-23 17:22:21 +0700","EventID":20,"Qualifiers":0,"EventType":"Information","EventCategory":6,"Channel":"System","SourceName":"Microsoft-Windows-Kernel-General","ComputerName":"DESKTOP-RB8ENUF","Data":"","Sid":"S-1-5-18","Message":"","StringInserts":["0","true","0","0"]}
{"RecordNumber":17674,"TimeGenerated":"2025-06-23 17:22:21 +0700","TimeWritten":"2025-06-23 17:22:21 +0700","EventID":16,"Qualifiers":0,"EventType":"Information","EventCategory":0,"Channel":"System","SourceName":"Microsoft-Windows-HAL","ComputerName":"DESKTOP-RB8ENUF","Data":"","Sid":"S-1-5-18","Message":"The iommu fault reporting has been initialized.\r\n","StringInserts":[]}
{"RecordNumber":17675,"TimeGenerated":"2025-06-23 17:22:24 +0700","TimeWritten":"2025-06-23 17:22:24 +0700","EventID":6,"Qualifiers":0,"EventType":"Information","EventCategory":0,"Channel":"System","SourceName":"Microsoft-Windows-FilterManager","ComputerName":"DESKTOP-RB8ENUF","Data":"","Sid":"S-1-5-18","Message":"File System Filter 'FileInfo' (10.0, 2062-12-23T12:21:06.0000000Z) has successfully loaded and registered with Filter Manager.\r\n","StringInserts":["0x0","10","0","8","FileInfo","2062-12-23T12:21:06.0000000Z"]}
{"RecordNumber":17676,"TimeGenerated":"2025-06-23 17:22:24 +0700","TimeWritten":"2025-06-23 17:22:24 +0700","EventID":6,"Qualifiers":0,"EventType":"Information","EventCategory":0,"Channel":"System","SourceName":"Microsoft-Windows-FilterManager","ComputerName":"DESKTOP-RB8ENUF","Data":"","Sid":"S-1-5-18","Message":"File System Filter 'Wof' (10.0, 2090-03-17T01:56:17.0000000Z) has successfully loaded and registered with Filter Manager.\r\n","StringInserts":["0x0","10","0","3","Wof","2090-03-17T01:56:17.0000000Z"]}
{"RecordNumber":17677,"TimeGenerated":"2025-06-23 17:22:24 +0700","TimeWritten":"2025-06-23 17:22:24 +0700","EventID":6,"Qualifiers":0,"EventType":"Information","EventCategory":0,"Channel":"System","SourceName":"Microsoft-Windows-FilterManager","ComputerName":"DESKTOP-RB8ENUF","Data":"","Sid":"S-1-5-18","Message":"File System Filter 'WdFilter' (10.0, 1970-08-14T06:04:14.0000000Z) has successfully loaded and registered with Filter Manager.\r\n","StringInserts":["0x0","10","0","8","WdFilter","1970-08-14T06:04:14.0000000Z"]}
{"RecordNumber":17678,"TimeGenerated":"2025-06-23 17:22:24 +0700","TimeWritten":"2025-06-23 17:22:24 +0700","EventID":98,"Qualifiers":0,"EventType":"Information","EventCategory":0,"Channel":"System","SourceName":"Microsoft-Windows-Ntfs","ComputerName":"DESKTOP-RB8ENUF","Data":"","Sid":"S-1-5-18","Message":"","StringInserts":["C:","\\Device\\HarddiskVolume7","0"]}
{"RecordNumber":17679,"TimeGenerated":"2025-06-23 17:22:25 +0700","TimeWritten":"2025-06-23 17:22:25 +0700","EventID":98,"Qualifiers":0,"EventType":"Information","EventCategory":0,"Channel":"System","SourceName":"Microsoft-Windows-Ntfs","ComputerName":"DESKTOP-RB8ENUF","Data":"","Sid":"S-1-5-18","Message":"","StringInserts":["F:","\\Device\\HarddiskVolume4","0"]}
{"RecordNumber":17680,"TimeGenerated":"2025-06-23 17:22:25 +0700","TimeWritten":"2025-06-23 17:22:25 +0700","EventID":6,"Qualifiers":0,"EventType":"Information","EventCategory":0,"Channel":"System","SourceName":"Microsoft-Windows-FilterManager","ComputerName":"DESKTOP-RB8ENUF","Data":"","Sid":"S-1-5-18","Message":"File System Filter 'FileCrypt' (10.0, 2002-03-01T18:12:42.0000000Z) has successfully loaded and registered with Filter Manager.\r\n","StringInserts":["0x0","10","0","9","FileCrypt","2002-03-01T18:12:42.0000000Z"]}
{"RecordNumber":17681,"TimeGenerated":"2025-06-23 17:22:25 +0700","TimeWritten":"2025-06-23 17:22:25 +0700","EventID":6,"Qualifiers":0,"EventType":"Information","EventCategory":0,"Channel":"System","SourceName":"Microsoft-Windows-FilterManager","ComputerName":"DESKTOP-RB8ENUF","Data":"","Sid":"S-1-5-18","Message":"File System Filter 'UCPD' (10.0, 2006-08-28T18:56:22.0000000Z) has successfully loaded and registered with Filter Manager.\r\n","StringInserts":["0x0","10","0","4","UCPD","2006-08-28T18:56:22.0000000Z"]}
{"RecordNumber":17682,"TimeGenerated":"2025-06-23 17:22:25 +0700","TimeWritten":"2025-06-23 17:22:25 +0700","EventID":6,"Qualifiers":0,"EventType":"Information","EventCategory":0,"Channel":"System","SourceName":"Microsoft-Windows-FilterManager","ComputerName":"DESKTOP-RB8ENUF","Data":"","Sid":"S-1-5-18","Message":"File System Filter 'vsdatant' (10.0, 2024-04-04T20:47:31.0000000Z) has successfully loaded and registered with Filter Manager.\r\n","StringInserts":["0x0","10","0","8","vsdatant","2024-04-04T20:47:31.0000000Z"]}
{"RecordNumber":17683,"TimeGenerated":"2025-06-23 17:22:30 +0700","TimeWritten":"2025-06-23 17:22:30 +0700","EventID":7036,"Qualifiers":16384,"EventType":"Information","EventCategory":0,"Channel":"System","SourceName":"VfpExt","ComputerName":"DESKTOP-RB8ENUF","Data":"0000000002002c00000000007c1b0040000000000000000000000000000000000000000000000000","Sid":"","Message":"The  service entered the Driver load start state.\r\n","StringInserts":["","Driver load start"]}
{"RecordNumber":17684,"TimeGenerated":"2025-06-23 17:22:30 +0700","TimeWritten":"2025-06-23 17:22:30 +0700","EventID":7036,"Qualifiers":16384,"EventType":"Information","EventCategory":0,"Channel":"System","SourceName":"VfpExt","ComputerName":"DESKTOP-RB8ENUF","Data":"0000000002002c00000000007c1b0040000000000000000000000000000000000000000000000000","Sid":"","Message":"The  service entered the Driver unload start state.\r\n","StringInserts":["","Driver unload start"]}
{"RecordNumber":17685,"TimeGenerated":"2025-06-23 17:22:30 +0700","TimeWritten":"2025-06-23 17:22:30 +0700","EventID":7036,"Qualifiers":16384,"EventType":"Information","EventCategory":0,"Channel":"System","SourceName":"VfpExt","ComputerName":"DESKTOP-RB8ENUF","Data":"0000000002002c00000000007c1b0040000000000000000000000000000000000000000000000000","Sid":"","Message":"The  service entered the Driver unload complete state.\r\n","StringInserts":["","Driver unload complete"]}
{"RecordNumber":17686,"TimeGenerated":"2025-06-23 17:22:30 +0700","TimeWritten":"2025-06-23 17:22:30 +0700","EventID":7036,"Qualifiers":16384,"EventType":"Information","EventCategory":0,"Channel":"System","SourceName":"VfpExt","ComputerName":"DESKTOP-RB8ENUF","Data":"0000040002003000000000007c1b0040010000c0000000000000000000000000000000000000000032000600","Sid":"","Message":"The  service entered the Driver load complete state.\r\n","StringInserts":["","Driver load complete"]}
{"RecordNumber":17687,"TimeGenerated":"2025-06-23 17:22:30 +0700","TimeWritten":"2025-06-23 17:22:30 +0700","EventID":6,"Qualifiers":0,"EventType":"Information","EventCategory":0,"Channel":"System","SourceName":"Microsoft-Windows-FilterManager","ComputerName":"DESKTOP-RB8ENUF","Data":"","Sid":"S-1-5-18","Message":"File System Filter 'npsvctrig' (10.0, 2025-01-06T09:41:12.0000000Z) has successfully loaded and registered with Filter Manager.\r\n","StringInserts":["0x0","10","0","9","npsvctrig","2025-01-06T09:41:12.0000000Z"]}
{"RecordNumber":17688,"TimeGenerated":"2025-06-23 17:22:30 +0700","TimeWritten":"2025-06-23 17:22:30 +0700","EventID":172,"Qualifiers":0,"EventType":"Information","EventCategory":203,"Channel":"System","SourceName":"Microsoft-Windows-Kernel-Power","ComputerName":"DESKTOP-RB8ENUF","Data":"","Sid":"S-1-5-18","Message":"","StringInserts":["2","6"]}
{"RecordNumber":17689,"TimeGenerated":"2025-06-23 17:22:31 +0700","TimeWritten":"2025-06-23 17:22:31 +0700","EventID":55,"Qualifiers":0,"EventType":"Information","EventCategory":47,"Channel":"System","SourceName":"Microsoft-Windows-Kernel-Processor-Power","ComputerName":"DESKTOP-RB8ENUF","Data":"","Sid":"S-1-5-18","Message":"Hyper-V logical processor 0 exposes the following power management capabilities:\r\n\r\nIdle state type: 1 (3 state(s))\r\n\r\nPerformance state type: 3\r\nNominal Frequency (MHz): 2496\r\nMaximum performance percentage: 180\r\nMinimum performance percentage: 35\r\nMinimum throttle percentage: 3\r\n","StringInserts":["0","0","3","1","2496","180","35","3","3"]}
{"RecordNumber":17690,"TimeGenerated":"2025-06-23 17:22:31 +0700","TimeWritten":"2025-06-23 17:22:31 +0700","EventID":55,"Qualifiers":0,"EventType":"Information","EventCategory":47,"Channel":"System","SourceName":"Microsoft-Windows-Kernel-Processor-Power","ComputerName":"DESKTOP-RB8ENUF","Data":"","Sid":"S-1-5-18","Message":"Hyper-V logical processor 1 exposes the following power management capabilities:\r\n\r\nIdle state type: 1 (3 state(s))\r\n\r\nPerformance state type: 3\r\nNominal Frequency (MHz): 2496\r\nMaximum performance percentage: 180\r\nMinimum performance percentage: 41\r\nMinimum throttle percentage: 3\r\n","StringInserts":["0","1","3","1","2496","180","41","3","3"]}
{"RecordNumber":17691,"TimeGenerated":"2025-06-23 17:22:31 +0700","TimeWritten":"2025-06-23 17:22:31 +0700","EventID":55,"Qualifiers":0,"EventType":"Information","EventCategory":47,"Channel":"System","SourceName":"Microsoft-Windows-Kernel-Processor-Power","ComputerName":"DESKTOP-RB8ENUF","Data":"","Sid":"S-1-5-18","Message":"Hyper-V logical processor 2 exposes the following power management capabilities:\r\n\r\nIdle state type: 1 (3 state(s))\r\n\r\nPerformance state type: 3\r\nNominal Frequency (MHz): 2496\r\nMaximum performance percentage: 180\r\nMinimum performance percentage: 41\r\nMinimum throttle percentage: 3\r\n","StringInserts":["0","2","3","1","2496","180","41","3","3"]}
{"RecordNumber":17692,"TimeGenerated":"2025-06-23 17:22:31 +0700","TimeWritten":"2025-06-23 17:22:31 +0700","EventID":55,"Qualifiers":0,"EventType":"Information","EventCategory":47,"Channel":"System","SourceName":"Microsoft-Windows-Kernel-Processor-Power","ComputerName":"DESKTOP-RB8ENUF","Data":"","Sid":"S-1-5-18","Message":"Hyper-V logical processor 3 exposes the following power management capabilities:\r\n\r\nIdle state type: 1 (3 state(s))\r\n\r\nPerformance state type: 3\r\nNominal Frequency (MHz): 2496\r\nMaximum performance percentage: 180\r\nMinimum performance percentage: 41\r\nMinimum throttle percentage: 3\r\n","StringInserts":["0","3","3","1","2496","180","41","3","3"]}
{"RecordNumber":17693,"TimeGenerated":"2025-06-23 17:22:31 +0700","TimeWritten":"2025-06-23 17:22:31 +0700","EventID":55,"Qualifiers":0,"EventType":"Information","EventCategory":47,"Channel":"System","SourceName":"Microsoft-Windows-Kernel-Processor-Power","ComputerName":"DESKTOP-RB8ENUF","Data":"","Sid":"S-1-5-18","Message":"Hyper-V logical processor 4 exposes the following power management capabilities:\r\n\r\nIdle state type: 1 (3 state(s))\r\n\r\nPerformance state type: 3\r\nNominal Frequency (MHz): 2496\r\nMaximum performance percentage: 180\r\nMinimum performance percentage: 41\r\nMinimum throttle percentage: 3\r\n","StringInserts":["0","4","3","1","2496","180","41","3","3"]}
{"RecordNumber":17694,"TimeGenerated":"2025-06-23 17:22:31 +0700","TimeWritten":"2025-06-23 17:22:31 +0700","EventID":55,"Qualifiers":0,"EventType":"Information","EventCategory":47,"Channel":"System","SourceName":"Microsoft-Windows-Kernel-Processor-Power","ComputerName":"DESKTOP-RB8ENUF","Data":"","Sid":"S-1-5-18","Message":"Hyper-V logical processor 5 exposes the following power management capabilities:\r\n\r\nIdle state type: 1 (3 state(s))\r\n\r\nPerformance state type: 3\r\nNominal Frequency (MHz): 2496\r\nMaximum performance percentage: 180\r\nMinimum performance percentage: 41\r\nMinimum throttle percentage: 3\r\n","StringInserts":["0","5","3","1","2496","180","41","3","3"]}
{"RecordNumber":17695,"TimeGenerated":"2025-06-23 17:22:31 +0700","TimeWritten":"2025-06-23 17:22:31 +0700","EventID":55,"Qualifiers":0,"EventType":"Information","EventCategory":47,"Channel":"System","SourceName":"Microsoft-Windows-Kernel-Processor-Power","ComputerName":"DESKTOP-RB8ENUF","Data":"","Sid":"S-1-5-18","Message":"Hyper-V logical processor 6 exposes the following power management capabilities:\r\n\r\nIdle state type: 1 (3 state(s))\r\n\r\nPerformance state type: 3\r\nNominal Frequency (MHz): 2496\r\nMaximum performance percentage: 180\r\nMinimum performance percentage: 41\r\nMinimum throttle percentage: 3\r\n","StringInserts":["0","6","3","1","2496","180","41","3","3"]}
{"RecordNumber":17696,"TimeGenerated":"2025-06-23 17:22:31 +0700","TimeWritten":"2025-06-23 17:22:31 +0700","EventID":55,"Qualifiers":0,"EventType":"Information","EventCategory":47,"Channel":"System","SourceName":"Microsoft-Windows-Kernel-Processor-Power","ComputerName":"DESKTOP-RB8ENUF","Data":"","Sid":"S-1-5-18","Message":"Hyper-V logical processor 7 exposes the following power management capabilities:\r\n\r\nIdle state type: 1 (3 state(s))\r\n\r\nPerformance state type: 3\r\nNominal Frequency (MHz): 2496\r\nMaximum performance percentage: 180\r\nMinimum performance percentage: 41\r\nMinimum throttle percentage: 3\r\n","StringInserts":["0","7","3","1","2496","180","41","3","3"]}
{"RecordNumber":17697,"TimeGenerated":"2025-06-23 17:22:31 +0700","TimeWritten":"2025-06-23 17:22:31 +0700","EventID":55,"Qualifiers":0,"EventType":"Information","EventCategory":47,"Channel":"System","SourceName":"Microsoft-Windows-Kernel-Processor-Power","ComputerName":"DESKTOP-RB8ENUF","Data":"","Sid":"S-1-5-18","Message":"Hyper-V logical processor 8 exposes the following power management capabilities:\r\n\r\nIdle state type: 1 (3 state(s))\r\n\r\nPerformance state type: 3\r\nNominal Frequency (MHz): 2496\r\nMaximum performance percentage: 180\r\nMinimum performance percentage: 41\r\nMinimum throttle percentage: 3\r\n","StringInserts":["0","8","3","1","2496","180","41","3","3"]}
{"RecordNumber":17698,"TimeGenerated":"2025-06-23 17:22:31 +0700","TimeWritten":"2025-06-23 17:22:31 +0700","EventID":55,"Qualifiers":0,"EventType":"Information","EventCategory":47,"Channel":"System","SourceName":"Microsoft-Windows-Kernel-Processor-Power","ComputerName":"DESKTOP-RB8ENUF","Data":"","Sid":"S-1-5-18","Message":"Hyper-V logical processor 9 exposes the following power management capabilities:\r\n\r\nIdle state type: 1 (3 state(s))\r\n\r\nPerformance state type: 3\r\nNominal Frequency (MHz): 2496\r\nMaximum performance percentage: 180\r\nMinimum performance percentage: 41\r\nMinimum throttle percentage: 3\r\n","StringInserts":["0","9","3","1","2496","180","41","3","3"]}
{"RecordNumber":17699,"TimeGenerated":"2025-06-23 17:22:31 +0700","TimeWritten":"2025-06-23 17:22:31 +0700","EventID":55,"Qualifiers":0,"EventType":"Information","EventCategory":47,"Channel":"System","SourceName":"Microsoft-Windows-Kernel-Processor-Power","ComputerName":"DESKTOP-RB8ENUF","Data":"","Sid":"S-1-5-18","Message":"Hyper-V logical processor 10 exposes the following power management capabilities:\r\n\r\nIdle state type: 1 (3 state(s))\r\n\r\nPerformance state type: 3\r\nNominal Frequency (MHz): 2496\r\nMaximum performance percentage: 180\r\nMinimum performance percentage: 41\r\nMinimum throttle percentage: 3\r\n","StringInserts":["0","10","3","1","2496","180","41","3","3"]}
{"RecordNumber":17700,"TimeGenerated":"2025-06-23 17:22:31 +0700","TimeWritten":"2025-06-23 17:22:31 +0700","EventID":55,"Qualifiers":0,"EventType":"Information","EventCategory":47,"Channel":"System","SourceName":"Microsoft-Windows-Kernel-Processor-Power","ComputerName":"DESKTOP-RB8ENUF","Data":"","Sid":"S-1-5-18","Message":"Hyper-V logical processor 11 exposes the following power management capabilities:\r\n\r\nIdle state type: 1 (3 state(s))\r\n\r\nPerformance state type: 3\r\nNominal Frequency (MHz): 2500\r\nMaximum performance percentage: 180\r\nMinimum performance percentage: 41\r\nMinimum throttle percentage: 3\r\n","StringInserts":["0","11","3","1","2500","180","41","3","3"]}
{"RecordNumber":17701,"TimeGenerated":"2025-06-23 17:22:31 +0700","TimeWritten":"2025-06-23 17:22:31 +0700","EventID":2,"Qualifiers":16391,"EventType":"Information","EventCategory":0,"Channel":"System","SourceName":"MEIx64","ComputerName":"DESKTOP-RB8ENUF","Data":"00000000010000000000000002000740000000000000000000000000000000000000000000000000","Sid":"","Message":"Intel(R) Management Engine Interface driver has started successfully.\r\n","StringInserts":[""]}
{"RecordNumber":17702,"TimeGenerated":"2025-06-23 17:22:32 +0700","TimeWritten":"2025-06-23 17:22:32 +0700","EventID":98,"Qualifiers":0,"EventType":"Information","EventCategory":0,"Channel":"System","SourceName":"Microsoft-Windows-Ntfs","ComputerName":"DESKTOP-RB8ENUF","Data":"","Sid":"S-1-5-18","Message":"","StringInserts":["D:","\\Device\\HarddiskVolume3","0"]}
{"RecordNumber":17703,"TimeGenerated":"2025-06-23 17:22:32 +0700","TimeWritten":"2025-06-23 17:22:32 +0700","EventID":24,"Qualifiers":0,"EventType":"Information","EventCategory":11,"Channel":"System","SourceName":"Microsoft-Windows-Kernel-General","ComputerName":"DESKTOP-RB8ENUF","Data":"","Sid":"S-1-5-18","Message":"","StringInserts":["0","-420","0","0","0"]}
{"RecordNumber":17704,"TimeGenerated":"2025-06-23 17:22:32 +0700","TimeWritten":"2025-06-23 17:22:32 +0700","EventID":17,"Qualifiers":0,"EventType":"Information","EventCategory":0,"Channel":"System","SourceName":"Microsoft-Windows-Subsys-SMSS","ComputerName":"DESKTOP-RB8ENUF","Data":"","Sid":"S-1-5-18","Message":"","StringInserts":[]}
{"RecordNumber":17705,"TimeGenerated":"2025-06-23 17:22:34 +0700","TimeWritten":"2025-06-23 17:22:34 +0700","EventID":14,"Qualifiers":0,"EventType":"Information","EventCategory":0,"Channel":"System","SourceName":"Microsoft-Windows-Wininit","ComputerName":"DESKTOP-RB8ENUF","Data":"","Sid":"S-1-5-18","Message":"Credential Guard configuration: 0, 0\r\n","StringInserts":["0","0"]}
{"RecordNumber":17706,"TimeGenerated":"2025-06-23 17:22:34 +0700","TimeWritten":"2025-06-23 17:22:34 +0700","EventID":5,"Qualifiers":0,"EventType":"Information","EventCategory":0,"Channel":"System","SourceName":"Microsoft-Windows-IsolatedUserMode","ComputerName":"DESKTOP-RB8ENUF","Data":"","Sid":"S-1-5-18","Message":"Secure Trustlet NULL Id 0 and Pid 0 started with status 0.\r\n","StringInserts":["0","0","0","NULL"]}
{"RecordNumber":17707,"TimeGenerated":"2025-06-23 17:22:34 +0700","TimeWritten":"2025-06-23 17:22:34 +0700","EventID":1,"Qualifiers":0,"EventType":"Information","EventCategory":0,"Channel":"System","SourceName":"Microsoft-Windows-IsolatedUserMode","ComputerName":"DESKTOP-RB8ENUF","Data":"","Sid":"S-1-5-18","Message":"Secure Trustlet \\??\\C:\\Windows\\system32\\lsaiso.exe Id 1 and Pid 968 started with status 0.\r\n","StringInserts":["1","968","0","\\??\\C:\\Windows\\system32\\lsaiso.exe"]}
{"RecordNumber":17708,"TimeGenerated":"2025-06-23 17:22:34 +0700","TimeWritten":"2025-06-23 17:22:34 +0700","EventID":18,"Qualifiers":0,"EventType":"Information","EventCategory":0,"Channel":"System","SourceName":"Microsoft-Windows-Wininit","ComputerName":"DESKTOP-RB8ENUF","Data":"","Sid":"S-1-5-18","Message":"Key Guard was started and will protect VSM-isolated keys.\r\n","StringInserts":[]}
{"RecordNumber":17709,"TimeGenerated":"2025-06-23 17:22:34 +0700","TimeWritten":"2025-06-23 17:22:34 +0700","EventID":16962,"Qualifiers":0,"EventType":"Information","EventCategory":0,"Channel":"System","SourceName":"Microsoft-Windows-Directory-Services-SAM","ComputerName":"DESKTOP-RB8ENUF","Data":"","Sid":"S-1-5-18","Message":"Remote calls to the SAM database are being restricted using the default security descriptor: O:SYG:SYD:(A;;RC;;;BA).\r\nFor more information please see http://go.microsoft.com/fwlink/?LinkId=787651.\r\n","StringInserts":["O:SYG:SYD:(A;;RC;;;BA)"]}
{"RecordNumber":17710,"TimeGenerated":"2025-06-23 17:22:34 +0700","TimeWritten":"2025-06-23 17:22:34 +0700","EventID":16977,"Qualifiers":0,"EventType":"Information","EventCategory":0,"Channel":"System","SourceName":"Microsoft-Windows-Directory-Services-SAM","ComputerName":"DESKTOP-RB8ENUF","Data":"","Sid":"S-1-5-18","Message":"The domain is configured with the following minimum password length-related settings.\r\n\r\nMinimumPasswordLength: 0\r\n\r\nRelaxMinimumPasswordLengthLimits: 0\r\n\r\nMinimumPasswordLengthAudit: -1\r\n\r\nFor more information see https://go.microsoft.com/fwlink/?LinkId=2097191.\r\n\r\n","StringInserts":["0","0","-1"]}
{"RecordNumber":17711,"TimeGenerated":"2025-06-23 17:22:34 +0700","TimeWritten":"2025-06-23 17:22:34 +0700","EventID":16983,"Qualifiers":0,"EventType":"Information","EventCategory":0,"Channel":"System","SourceName":"Microsoft-Windows-Directory-Services-SAM","ComputerName":"DESKTOP-RB8ENUF","Data":"","Sid":"S-1-5-18","Message":"The security account manager is now logging periodic summary events for remote clients that call legacy password change or set RPC methods.\r\n\r\nFor more information please see https://go.microsoft.com/fwlink/?linkid=2150956.\r\n\r\n","StringInserts":[]}
{"RecordNumber":17712,"TimeGenerated":"2025-06-23 17:22:35 +0700","TimeWritten":"2025-06-23 17:22:35 +0700","EventID":6,"Qualifiers":0,"EventType":"Information","EventCategory":0,"Channel":"System","SourceName":"Microsoft-Windows-FilterManager","ComputerName":"DESKTOP-RB8ENUF","Data":"","Sid":"S-1-5-18","Message":"File System Filter 'wcifs' (10.0, 2043-11-04T18:04:53.0000000Z) has successfully loaded and registered with Filter Manager.\r\n","StringInserts":["0x0","10","0","5","wcifs","2043-11-04T18:04:53.0000000Z"]}
{"RecordNumber":17713,"TimeGenerated":"2025-06-23 17:22:35 +0700","TimeWritten":"2025-06-23 17:22:35 +0700","EventID":6,"Qualifiers":0,"EventType":"Information","EventCategory":0,"Channel":"System","SourceName":"Microsoft-Windows-FilterManager","ComputerName":"DESKTOP-RB8ENUF","Data":"","Sid":"S-1-5-18","Message":"File System Filter 'luafv' (10.0, 1996-01-27T19:16:28.0000000Z) has successfully loaded and registered with Filter Manager.\r\n","StringInserts":["0x0","10","0","5","luafv","1996-01-27T19:16:28.0000000Z"]}
{"RecordNumber":17714,"TimeGenerated":"2025-06-23 17:22:35 +0700","TimeWritten":"2025-06-23 17:22:35 +0700","EventID":6,"Qualifiers":0,"EventType":"Information","EventCategory":0,"Channel":"System","SourceName":"Microsoft-Windows-FilterManager","ComputerName":"DESKTOP-RB8ENUF","Data":"","Sid":"S-1-5-18","Message":"File System Filter 'CldFlt' (10.0, 2063-06-09T17:33:16.0000000Z) has successfully loaded and registered with Filter Manager.\r\n","StringInserts":["0x0","10","0","6","CldFlt","2063-06-09T17:33:16.0000000Z"]}
{"RecordNumber":17715,"TimeGenerated":"2025-06-23 17:22:35 +0700","TimeWritten":"2025-06-23 17:22:35 +0700","EventID":1,"Qualifiers":0,"EventType":"Information","EventCategory":0,"Channel":"System","SourceName":"Microsoft-Windows-FilterManager","ComputerName":"DESKTOP-RB8ENUF","Data":"","Sid":"S-1-5-18","Message":"File System Filter 'CldFlt' (Version 10.0, 2063-06-09T17:33:16.0000000Z) unloaded successfully.\r\n","StringInserts":["0x0","10","0","6","CldFlt","2063-06-09T17:33:16.0000000Z"]}
{"RecordNumber":17716,"TimeGenerated":"2025-06-23 17:22:35 +0700","TimeWritten":"2025-06-23 17:22:35 +0700","EventID":6,"Qualifiers":0,"EventType":"Information","EventCategory":0,"Channel":"System","SourceName":"Microsoft-Windows-FilterManager","ComputerName":"DESKTOP-RB8ENUF","Data":"","Sid":"S-1-5-18","Message":"File System Filter 'CldFlt' (10.0, 2063-06-09T17:33:16.0000000Z) has successfully loaded and registered with Filter Manager.\r\n","StringInserts":["0x0","10","0","6","CldFlt","2063-06-09T17:33:16.0000000Z"]}
{"RecordNumber":17717,"TimeGenerated":"2025-06-23 17:22:35 +0700","TimeWritten":"2025-06-23 17:22:35 +0700","EventID":6,"Qualifiers":0,"EventType":"Information","EventCategory":0,"Channel":"System","SourceName":"Microsoft-Windows-FilterManager","ComputerName":"DESKTOP-RB8ENUF","Data":"","Sid":"S-1-5-18","Message":"File System Filter 'PrjFlt' (10.0, 2075-04-24T20:03:13.0000000Z) has successfully loaded and registered with Filter Manager.\r\n","StringInserts":["0x0","10","0","6","PrjFlt","2075-04-24T20:03:13.0000000Z"]}
{"RecordNumber":17718,"TimeGenerated":"2025-06-23 17:22:35 +0700","TimeWritten":"2025-06-23 17:22:35 +0700","EventID":6,"Qualifiers":0,"EventType":"Information","EventCategory":0,"Channel":"System","SourceName":"Microsoft-Windows-FilterManager","ComputerName":"DESKTOP-RB8ENUF","Data":"","Sid":"S-1-5-18","Message":"File System Filter 'storqosflt' (10.0, 2038-12-03T16:18:20.0000000Z) has successfully loaded and registered with Filter Manager.\r\n","StringInserts":["0x0","10","0","10","storqosflt","2038-12-03T16:18:20.0000000Z"]}
{"RecordNumber":17719,"TimeGenerated":"2025-06-23 17:22:35 +0700","TimeWritten":"2025-06-23 17:22:35 +0700","EventID":6,"Qualifiers":0,"EventType":"Information","EventCategory":0,"Channel":"System","SourceName":"Microsoft-Windows-FilterManager","ComputerName":"DESKTOP-RB8ENUF","Data":"","Sid":"S-1-5-18","Message":"File System Filter 'bindflt' (10.0, 2091-04-16T06:55:03.0000000Z) has successfully loaded and registered with Filter Manager.\r\n","StringInserts":["0x0","10","0","7","bindflt","2091-04-16T06:55:03.0000000Z"]}
{"RecordNumber":17720,"TimeGenerated":"2025-06-23 17:22:36 +0700","TimeWritten":"2025-06-23 17:22:36 +0700","EventID":50036,"Qualifiers":0,"EventType":"Information","EventCategory":4,"Channel":"System","SourceName":"Microsoft-Windows-Dhcp-Client","ComputerName":"DESKTOP-RB8ENUF","Data":"","Sid":"S-1-5-19","Message":"DHCPv4 client service is started\r\n","StringInserts":[]}
{"RecordNumber":17721,"TimeGenerated":"2025-06-23 17:22:36 +0700","TimeWritten":"2025-06-23 17:22:36 +0700","EventID":50103,"Qualifiers":0,"EventType":"Information","EventCategory":4,"Channel":"System","SourceName":"Microsoft-Windows-Dhcp-Client","ComputerName":"DESKTOP-RB8ENUF","Data":"","Sid":"S-1-5-19","Message":"DHCPv4 client registered for shutdown notification\r\n","StringInserts":[]}
{"RecordNumber":17722,"TimeGenerated":"2025-06-23 17:22:36 +0700","TimeWritten":"2025-06-23 17:22:36 +0700","EventID":51046,"Qualifiers":0,"EventType":"Information","EventCategory":4,"Channel":"System","SourceName":"Microsoft-Windows-DHCPv6-Client","ComputerName":"DESKTOP-RB8ENUF","Data":"","Sid":"S-1-5-19","Message":"DHCPv6 client service is started\r\n","StringInserts":[]}
{"RecordNumber":17723,"TimeGenerated":"2025-06-23 17:22:36 +0700","TimeWritten":"2025-06-23 17:22:36 +0700","EventID":7000,"Qualifiers":49152,"EventType":"Error","EventCategory":0,"Channel":"System","SourceName":"Service Control Manager","ComputerName":"DESKTOP-RB8ENUF","Data":"56004d00530050000000","Sid":"","Message":"The VMSP service failed to start due to the following error: \r\n%%1450\r\n","StringInserts":["VMSP","%%1450"]}
{"RecordNumber":17724,"TimeGenerated":"2025-06-23 17:22:36 +0700","TimeWritten":"2025-06-23 17:22:36 +0700","EventID":7001,"Qualifiers":49152,"EventType":"Error","EventCategory":0,"Channel":"System","SourceName":"Service Control Manager","ComputerName":"DESKTOP-RB8ENUF","Data":"68006e0073000000","Sid":"","Message":"The hns service depends on the VfpExt service which failed to start because of the following error: \r\n%%31\r\n","StringInserts":["hns","VfpExt","%%31"]}
{"RecordNumber":17725,"TimeGenerated":"2025-06-23 17:22:38 +0700","TimeWritten":"2025-06-23 17:22:38 +0700","EventID":1056,"Qualifiers":49152,"EventType":"Information","EventCategory":0,"Channel":"System","SourceName":"TermService","ComputerName":"DESKTOP-RB8ENUF","Data":"45758e7c9cf26d3e7d5128d9f6d683a0bb383c4c","Sid":"","Message":"A new self signed certificate to be used for RD Session Host Server authentication on SSL connections was generated. The name on this certificate is DESKTOP-RB8ENUF. The SHA1 hash of the certificate is in the event data.\r\n","StringInserts":["DESKTOP-RB8ENUF"]}
{"RecordNumber":17726,"TimeGenerated":"2025-06-23 17:22:39 +0700","TimeWritten":"2025-06-23 17:22:39 +0700","EventID":7000,"Qualifiers":49152,"EventType":"Error","EventCategory":0,"Channel":"System","SourceName":"Service Control Manager","ComputerName":"DESKTOP-RB8ENUF","Data":"45006100730065005500530020004100670065006e0074000000","Sid":"","Message":"The EaseUS Agent service failed to start due to the following error: \r\n%%2\r\n","StringInserts":["EaseUS Agent","%%2"]}
{"RecordNumber":17727,"TimeGenerated":"2025-06-23 17:22:39 +0700","TimeWritten":"2025-06-23 17:22:39 +0700","EventID":5,"Qualifiers":49152,"EventType":"Error","EventCategory":0,"Channel":"System","SourceName":"vsdatant","ComputerName":"DESKTOP-RB8ENUF","Data":"000000000300280000000000050000c0000000000000000000000000000000000000000000000000","Sid":"","Message":"Process \\??\\C:\\Program Files (x86)\\CheckPoint\\Endpoint Connect\\Watchdog\\EPWD.exe (pid 4456) is signed by Check Point but it will be allowed because there are no rules for it.\r\n","StringInserts":["\\Device\\vsdatant","4456","\\??\\C:\\Program Files (x86)\\CheckPoint\\Endpoint Connect\\Watchdog\\EPWD.exe"]}
{"RecordNumber":17728,"TimeGenerated":"2025-06-23 17:22:39 +0700","TimeWritten":"2025-06-23 17:22:39 +0700","EventID":7009,"Qualifiers":49152,"EventType":"Error","EventCategory":0,"Channel":"System","SourceName":"Service Control Manager","ComputerName":"DESKTOP-RB8ENUF","Data":"49006e00740065006c002800520029002000540050004d002000500072006f0076006900730069006f006e0069006e006700200053006500720076006900630065000000","Sid":"","Message":"A timeout was reached (180000 milliseconds) while waiting for the Intel(R) TPM Provisioning Service service to connect.\r\n","StringInserts":["180000","Intel(R) TPM Provisioning Service"]}
{"RecordNumber":17729,"TimeGenerated":"2025-06-23 17:22:39 +0700","TimeWritten":"2025-06-23 17:22:39 +0700","EventID":7009,"Qualifiers":49152,"EventType":"Error","EventCategory":0,"Channel":"System","SourceName":"Service Control Manager","ComputerName":"DESKTOP-RB8ENUF","Data":"49006e00740065006c0028005200290020004300610070006100620069006c0069007400790020004c006900630065006e00730069006e006700200053006500720076006900630065002000540043005000200049005000200049006e0074006500720066006100630065000000","Sid":"","Message":"A timeout was reached (180000 milliseconds) while waiting for the Intel(R) Capability Licensing Service TCP IP Interface service to connect.\r\n","StringInserts":["180000","Intel(R) Capability Licensing Service TCP IP Interface"]}
{"RecordNumber":17730,"TimeGenerated":"2025-06-23 17:22:39 +0700","TimeWritten":"2025-06-23 17:22:39 +0700","EventID":5,"Qualifiers":49152,"EventType":"Error","EventCategory":0,"Channel":"System","SourceName":"vsdatant","ComputerName":"DESKTOP-RB8ENUF","Data":"000000000300280000000000050000c0000000000000000000000000000000000000000000000000","Sid":"","Message":"Process \\??\\C:\\Program Files (x86)\\CheckPoint\\Endpoint Connect\\TracSrvWrapper.exe (pid 4756) is signed by Check Point but it will be allowed because there are no rules for it.\r\n","StringInserts":["\\Device\\vsdatant","4756","\\??\\C:\\Program Files (x86)\\CheckPoint\\Endpoint Connect\\TracSrvWrapper.exe"]}
{"RecordNumber":17731,"TimeGenerated":"2025-06-23 17:22:42 +0700","TimeWritten":"2025-06-23 17:22:42 +0700","EventID":4000,"Qualifiers":0,"EventType":"Information","EventCategory":0,"Channel":"System","SourceName":"Microsoft-Windows-WLAN-AutoConfig","ComputerName":"DESKTOP-RB8ENUF","Data":"","Sid":"S-1-5-18","Message":"WLAN AutoConfig service has successfully started.\r\n\r\n","StringInserts":[]}
{"RecordNumber":23594,"TimeGenerated":"2025-06-23 17:12:47 +0700","TimeWritten":"2025-06-23 17:12:47 +0700","EventID":1001,"Qualifiers":0,"EventType":"Information","EventCategory":0,"Channel":"Application","SourceName":"Windows Error Reporting","ComputerName":"DESKTOP-RB8ENUF","Data":"","Sid":"","Message":"Fault bucket 2133033769266067936, type 5\r\nEvent Name: RADAR_PRE_LEAK_64\r\nResponse: Not available\r\nCab Id: 0\r\n\r\nProblem signature:\r\nP1: Cursor.exe\r\nP2: 1.1.3.0\r\nP3: 10.0.19045.2.0.0\r\nP4: \r\nP5: \r\nP6: \r\nP7: \r\nP8: \r\nP9: \r\nP10: \r\n\r\nAttached files:\r\n\\\\?\\C:\\Users\\Admin\\AppData\\Local\\Temp\\RDR89F7.tmp\\empty.txt\r\n\\\\?\\C:\\ProgramData\\Microsoft\\Windows\\WER\\Temp\\WER8A27.tmp.WERInternalMetadata.xml\r\n\\\\?\\C:\\ProgramData\\Microsoft\\Windows\\WER\\Temp\\WER8A67.tmp.xml\r\n\\\\?\\C:\\ProgramData\\Microsoft\\Windows\\WER\\Temp\\WER8AD2.tmp.csv\r\n\\\\?\\C:\\ProgramData\\Microsoft\\Windows\\WER\\Temp\\WER8C2B.tmp.txt\r\n\r\nThese files may be available here:\r\n\r\n\r\nAnalysis symbol: \r\nRechecking for solution: 0\r\nReport Id: f0c13bf3-bfdc-45d9-95f4-d5740cd40a6b\r\nReport Status: 268435456\r\nHashed bucket: e5bc1cc762d10312fd9a0ee96f0439e0\r\nCab Guid: 0\r\n","StringInserts":["2133033769266067936","5","RADAR_PRE_LEAK_64","Not available","0","Cursor.exe","1.1.3.0","10.0.19045.2.0.0","","","","","","","","\r\n\\\\?\\C:\\Users\\Admin\\AppData\\Local\\Temp\\RDR89F7.tmp\\empty.txt\r\n\\\\?\\C:\\ProgramData\\Microsoft\\Windows\\WER\\Temp\\WER8A27.tmp.WERInternalMetadata.xml\r\n\\\\?\\C:\\ProgramData\\Microsoft\\Windows\\WER\\Temp\\WER8A67.tmp.xml\r\n\\\\?\\C:\\ProgramData\\Microsoft\\Windows\\WER\\Temp\\WER8AD2.tmp.csv\r\n\\\\?\\C:\\ProgramData\\Microsoft\\Windows\\WER\\Temp\\WER8C2B.tmp.txt","","","0","f0c13bf3-bfdc-45d9-95f4-d5740cd40a6b","268435456","e5bc1cc762d10312fd9a0ee96f0439e0","0"]}
