{"RecordNumber":24641,"TimeGenerated":"2025-07-03 23:24:20 +0700","TimeWritten":"2025-07-03 23:24:20 +0700","EventID":16394,"Qualifiers":49152,"EventType":"Information","EventCategory":0,"Channel":"Application","SourceName":"Software Protection Platform Service","ComputerName":"DESKTOP-RB8ENUF","Data":"","Sid":"","Message":"Offline downlevel migration succeeded.\r\n","StringInserts":[]}
{"RecordNumber":24642,"TimeGenerated":"2025-07-03 23:24:51 +0700","TimeWritten":"2025-07-03 23:24:51 +0700","EventID":16384,"Qualifiers":16384,"EventType":"Information","EventCategory":0,"Channel":"Application","SourceName":"Software Protection Platform Service","ComputerName":"DESKTOP-RB8ENUF","Data":"","Sid":"","Message":"Successfully scheduled Software Protection service for re-start at 2025-07-09T06:42:51Z. Reason: RulesEngine.\r\n","StringInserts":["2025-07-09T06:42:51Z","RulesEngine"]}
{"RecordNumber":24643,"TimeGenerated":"2025-07-03 23:41:31 +0700","TimeWritten":"2025-07-03 23:41:31 +0700","EventID":16394,"Qualifiers":49152,"EventType":"Information","EventCategory":0,"Channel":"Application","SourceName":"Software Protection Platform Service","ComputerName":"DESKTOP-RB8ENUF","Data":"","Sid":"","Message":"Offline downlevel migration succeeded.\r\n","StringInserts":[]}
{"RecordNumber":24644,"TimeGenerated":"2025-07-03 23:42:02 +0700","TimeWritten":"2025-07-03 23:42:02 +0700","EventID":16384,"Qualifiers":16384,"EventType":"Information","EventCategory":0,"Channel":"Application","SourceName":"Software Protection Platform Service","ComputerName":"DESKTOP-RB8ENUF","Data":"","Sid":"","Message":"Successfully scheduled Software Protection service for re-start at 2025-07-09T06:43:02Z. Reason: RulesEngine.\r\n","StringInserts":["2025-07-09T06:43:02Z","RulesEngine"]}
{"RecordNumber":24645,"TimeGenerated":"2025-07-04 01:08:56 +0700","TimeWritten":"2025-07-04 01:08:56 +0700","EventID":16394,"Qualifiers":49152,"EventType":"Information","EventCategory":0,"Channel":"Application","SourceName":"Software Protection Platform Service","ComputerName":"DESKTOP-RB8ENUF","Data":"","Sid":"","Message":"Offline downlevel migration succeeded.\r\n","StringInserts":[]}
{"RecordNumber":24646,"TimeGenerated":"2025-07-04 01:09:27 +0700","TimeWritten":"2025-07-04 01:09:27 +0700","EventID":16384,"Qualifiers":16384,"EventType":"Information","EventCategory":0,"Channel":"Application","SourceName":"Software Protection Platform Service","ComputerName":"DESKTOP-RB8ENUF","Data":"","Sid":"","Message":"Successfully scheduled Software Protection service for re-start at 2025-07-09T06:43:26Z. Reason: RulesEngine.\r\n","StringInserts":["2025-07-09T06:43:26Z","RulesEngine"]}
{"RecordNumber":24647,"TimeGenerated":"2025-07-04 01:32:31 +0700","TimeWritten":"2025-07-04 01:32:31 +0700","EventID":0,"Qualifiers":0,"EventType":"Information","EventCategory":0,"Channel":"Application","SourceName":"coccoc","ComputerName":"DESKTOP-RB8ENUF","Data":"","Sid":"","Message":"","StringInserts":["Service stopped"]}
{"RecordNumber":24648,"TimeGenerated":"2025-07-04 02:41:07 +0700","TimeWritten":"2025-07-04 02:41:07 +0700","EventID":16394,"Qualifiers":49152,"EventType":"Information","EventCategory":0,"Channel":"Application","SourceName":"Software Protection Platform Service","ComputerName":"DESKTOP-RB8ENUF","Data":"","Sid":"","Message":"Offline downlevel migration succeeded.\r\n","StringInserts":[]}
{"RecordNumber":24649,"TimeGenerated":"2025-07-04 02:41:38 +0700","TimeWritten":"2025-07-04 02:41:38 +0700","EventID":16384,"Qualifiers":16384,"EventType":"Information","EventCategory":0,"Channel":"Application","SourceName":"Software Protection Platform Service","ComputerName":"DESKTOP-RB8ENUF","Data":"","Sid":"","Message":"Successfully scheduled Software Protection service for re-start at 2025-07-09T06:42:38Z. Reason: RulesEngine.\r\n","StringInserts":["2025-07-09T06:42:38Z","RulesEngine"]}
{"RecordNumber":24650,"TimeGenerated":"2025-07-04 03:00:57 +0700","TimeWritten":"2025-07-04 03:00:57 +0700","EventID":16394,"Qualifiers":49152,"EventType":"Information","EventCategory":0,"Channel":"Application","SourceName":"Software Protection Platform Service","ComputerName":"DESKTOP-RB8ENUF","Data":"","Sid":"","Message":"Offline downlevel migration succeeded.\r\n","StringInserts":[]}
{"RecordNumber":24651,"TimeGenerated":"2025-07-04 03:01:28 +0700","TimeWritten":"2025-07-04 03:01:28 +0700","EventID":16384,"Qualifiers":16384,"EventType":"Information","EventCategory":0,"Channel":"Application","SourceName":"Software Protection Platform Service","ComputerName":"DESKTOP-RB8ENUF","Data":"","Sid":"","Message":"Successfully scheduled Software Protection service for re-start at 2025-07-09T06:43:28Z. Reason: RulesEngine.\r\n","StringInserts":["2025-07-09T06:43:28Z","RulesEngine"]}
{"RecordNumber":24652,"TimeGenerated":"2025-07-04 03:10:19 +0700","TimeWritten":"2025-07-04 03:10:19 +0700","EventID":16394,"Qualifiers":49152,"EventType":"Information","EventCategory":0,"Channel":"Application","SourceName":"Software Protection Platform Service","ComputerName":"DESKTOP-RB8ENUF","Data":"","Sid":"","Message":"Offline downlevel migration succeeded.\r\n","StringInserts":[]}
{"RecordNumber":24653,"TimeGenerated":"2025-07-04 03:10:50 +0700","TimeWritten":"2025-07-04 03:10:50 +0700","EventID":16384,"Qualifiers":16384,"EventType":"Information","EventCategory":0,"Channel":"Application","SourceName":"Software Protection Platform Service","ComputerName":"DESKTOP-RB8ENUF","Data":"","Sid":"","Message":"Successfully scheduled Software Protection service for re-start at 2025-07-09T06:42:50Z. Reason: RulesEngine.\r\n","StringInserts":["2025-07-09T06:42:50Z","RulesEngine"]}
{"RecordNumber":24654,"TimeGenerated":"2025-07-04 03:11:24 +0700","TimeWritten":"2025-07-04 03:11:24 +0700","EventID":16394,"Qualifiers":49152,"EventType":"Information","EventCategory":0,"Channel":"Application","SourceName":"Software Protection Platform Service","ComputerName":"DESKTOP-RB8ENUF","Data":"","Sid":"","Message":"Offline downlevel migration succeeded.\r\n","StringInserts":[]}
{"RecordNumber":24655,"TimeGenerated":"2025-07-04 03:11:55 +0700","TimeWritten":"2025-07-04 03:11:55 +0700","EventID":16384,"Qualifiers":16384,"EventType":"Information","EventCategory":0,"Channel":"Application","SourceName":"Software Protection Platform Service","ComputerName":"DESKTOP-RB8ENUF","Data":"","Sid":"","Message":"Successfully scheduled Software Protection service for re-start at 2025-07-09T06:42:55Z. Reason: RulesEngine.\r\n","StringInserts":["2025-07-09T06:42:55Z","RulesEngine"]}
{"RecordNumber":24656,"TimeGenerated":"2025-07-04 03:27:17 +0700","TimeWritten":"2025-07-04 03:27:17 +0700","EventID":0,"Qualifiers":0,"EventType":"Information","EventCategory":0,"Channel":"Application","SourceName":"edgeupdate","ComputerName":"DESKTOP-RB8ENUF","Data":"","Sid":"","Message":"Service stopped.\r\n","StringInserts":["Service stopped"]}
{"RecordNumber":24657,"TimeGenerated":"2025-07-04 05:50:01 +0700","TimeWritten":"2025-07-04 05:50:01 +0700","EventID":16394,"Qualifiers":49152,"EventType":"Information","EventCategory":0,"Channel":"Application","SourceName":"Software Protection Platform Service","ComputerName":"DESKTOP-RB8ENUF","Data":"","Sid":"","Message":"Offline downlevel migration succeeded.\r\n","StringInserts":[]}
{"RecordNumber":24658,"TimeGenerated":"2025-07-04 05:50:39 +0700","TimeWritten":"2025-07-04 05:50:39 +0700","EventID":16384,"Qualifiers":16384,"EventType":"Information","EventCategory":0,"Channel":"Application","SourceName":"Software Protection Platform Service","ComputerName":"DESKTOP-RB8ENUF","Data":"","Sid":"","Message":"Successfully scheduled Software Protection service for re-start at 2025-07-09T06:42:39Z. Reason: RulesEngine.\r\n","StringInserts":["2025-07-09T06:42:39Z","RulesEngine"]}
{"RecordNumber":24659,"TimeGenerated":"2025-07-04 06:32:04 +0700","TimeWritten":"2025-07-04 06:32:04 +0700","EventID":0,"Qualifiers":0,"EventType":"Information","EventCategory":0,"Channel":"Application","SourceName":"coccoc","ComputerName":"DESKTOP-RB8ENUF","Data":"","Sid":"","Message":"","StringInserts":["Service stopped"]}
{"RecordNumber":24660,"TimeGenerated":"2025-07-04 08:33:51 +0700","TimeWritten":"2025-07-04 08:33:51 +0700","EventID":0,"Qualifiers":0,"EventType":"Information","EventCategory":0,"Channel":"Application","SourceName":"igfxCUIService2.0.0.0","ComputerName":"DESKTOP-RB8ENUF","Data":"","Sid":"","Message":"","StringInserts":["Service started/resumed"]}
{"RecordNumber":24661,"TimeGenerated":"2025-07-04 08:33:51 +0700","TimeWritten":"2025-07-04 08:33:51 +0700","EventID":0,"Qualifiers":0,"EventType":"Information","EventCategory":0,"Channel":"Application","SourceName":"igfxCUIService2.0.0.0","ComputerName":"DESKTOP-RB8ENUF","Data":"","Sid":"","Message":"","StringInserts":["Service stopped"]}
{"RecordNumber":24662,"TimeGenerated":"2025-07-04 09:16:36 +0700","TimeWritten":"2025-07-04 09:16:36 +0700","EventID":16394,"Qualifiers":49152,"EventType":"Information","EventCategory":0,"Channel":"Application","SourceName":"Software Protection Platform Service","ComputerName":"DESKTOP-RB8ENUF","Data":"","Sid":"","Message":"Offline downlevel migration succeeded.\r\n","StringInserts":[]}
{"RecordNumber":24663,"TimeGenerated":"2025-07-04 09:17:07 +0700","TimeWritten":"2025-07-04 09:17:07 +0700","EventID":16384,"Qualifiers":16384,"EventType":"Information","EventCategory":0,"Channel":"Application","SourceName":"Software Protection Platform Service","ComputerName":"DESKTOP-RB8ENUF","Data":"","Sid":"","Message":"Successfully scheduled Software Protection service for re-start at 2025-07-09T06:43:07Z. Reason: RulesEngine.\r\n","StringInserts":["2025-07-09T06:43:07Z","RulesEngine"]}
{"RecordNumber":24664,"TimeGenerated":"2025-07-04 10:06:32 +0700","TimeWritten":"2025-07-04 10:06:32 +0700","EventID":0,"Qualifiers":0,"EventType":"Information","EventCategory":0,"Channel":"Application","SourceName":"igfxCUIService2.0.0.0","ComputerName":"DESKTOP-RB8ENUF","Data":"","Sid":"","Message":"","StringInserts":["Service started/resumed"]}
{"RecordNumber":24665,"TimeGenerated":"2025-07-04 10:06:32 +0700","TimeWritten":"2025-07-04 10:06:32 +0700","EventID":0,"Qualifiers":0,"EventType":"Information","EventCategory":0,"Channel":"Application","SourceName":"igfxCUIService2.0.0.0","ComputerName":"DESKTOP-RB8ENUF","Data":"","Sid":"","Message":"","StringInserts":["Service stopped"]}
{"RecordNumber":24666,"TimeGenerated":"2025-07-04 10:25:03 +0700","TimeWritten":"2025-07-04 10:25:03 +0700","EventID":16394,"Qualifiers":49152,"EventType":"Information","EventCategory":0,"Channel":"Application","SourceName":"Software Protection Platform Service","ComputerName":"DESKTOP-RB8ENUF","Data":"","Sid":"","Message":"Offline downlevel migration succeeded.\r\n","StringInserts":[]}
{"RecordNumber":24667,"TimeGenerated":"2025-07-04 10:25:10 +0700","TimeWritten":"2025-07-04 10:25:10 +0700","EventID":0,"Qualifiers":0,"EventType":"Information","EventCategory":0,"Channel":"Application","SourceName":"igfxCUIService2.0.0.0","ComputerName":"DESKTOP-RB8ENUF","Data":"","Sid":"","Message":"","StringInserts":["Service started/resumed"]}
{"RecordNumber":24668,"TimeGenerated":"2025-07-04 10:25:10 +0700","TimeWritten":"2025-07-04 10:25:10 +0700","EventID":0,"Qualifiers":0,"EventType":"Information","EventCategory":0,"Channel":"Application","SourceName":"igfxCUIService2.0.0.0","ComputerName":"DESKTOP-RB8ENUF","Data":"","Sid":"","Message":"","StringInserts":["Service stopped"]}
{"RecordNumber":24669,"TimeGenerated":"2025-07-04 10:25:34 +0700","TimeWritten":"2025-07-04 10:25:34 +0700","EventID":16384,"Qualifiers":16384,"EventType":"Information","EventCategory":0,"Channel":"Application","SourceName":"Software Protection Platform Service","ComputerName":"DESKTOP-RB8ENUF","Data":"","Sid":"","Message":"Successfully scheduled Software Protection service for re-start at 2025-07-09T06:43:33Z. Reason: RulesEngine.\r\n","StringInserts":["2025-07-09T06:43:33Z","RulesEngine"]}
{"RecordNumber":24670,"TimeGenerated":"2025-07-04 10:31:27 +0700","TimeWritten":"2025-07-04 10:31:27 +0700","EventID":16394,"Qualifiers":49152,"EventType":"Information","EventCategory":0,"Channel":"Application","SourceName":"Software Protection Platform Service","ComputerName":"DESKTOP-RB8ENUF","Data":"","Sid":"","Message":"Offline downlevel migration succeeded.\r\n","StringInserts":[]}
{"RecordNumber":24671,"TimeGenerated":"2025-07-04 10:31:58 +0700","TimeWritten":"2025-07-04 10:31:58 +0700","EventID":16384,"Qualifiers":16384,"EventType":"Information","EventCategory":0,"Channel":"Application","SourceName":"Software Protection Platform Service","ComputerName":"DESKTOP-RB8ENUF","Data":"","Sid":"","Message":"Successfully scheduled Software Protection service for re-start at 2025-07-09T06:42:58Z. Reason: RulesEngine.\r\n","StringInserts":["2025-07-09T06:42:58Z","RulesEngine"]}
{"RecordNumber":24672,"TimeGenerated":"2025-07-04 10:43:43 +0700","TimeWritten":"2025-07-04 10:43:43 +0700","EventID":0,"Qualifiers":0,"EventType":"Information","EventCategory":0,"Channel":"Application","SourceName":"igfxCUIService2.0.0.0","ComputerName":"DESKTOP-RB8ENUF","Data":"","Sid":"","Message":"","StringInserts":["Service started/resumed"]}
{"RecordNumber":24673,"TimeGenerated":"2025-07-04 10:43:43 +0700","TimeWritten":"2025-07-04 10:43:43 +0700","EventID":0,"Qualifiers":0,"EventType":"Information","EventCategory":0,"Channel":"Application","SourceName":"igfxCUIService2.0.0.0","ComputerName":"DESKTOP-RB8ENUF","Data":"","Sid":"","Message":"","StringInserts":["Service stopped"]}
{"RecordNumber":24674,"TimeGenerated":"2025-07-04 11:33:02 +0700","TimeWritten":"2025-07-04 11:33:02 +0700","EventID":0,"Qualifiers":0,"EventType":"Information","EventCategory":0,"Channel":"Application","SourceName":"coccoc","ComputerName":"DESKTOP-RB8ENUF","Data":"","Sid":"","Message":"","StringInserts":["Service stopped"]}
{"RecordNumber":24675,"TimeGenerated":"2025-07-04 11:41:25 +0700","TimeWritten":"2025-07-04 11:41:25 +0700","EventID":16394,"Qualifiers":49152,"EventType":"Information","EventCategory":0,"Channel":"Application","SourceName":"Software Protection Platform Service","ComputerName":"DESKTOP-RB8ENUF","Data":"","Sid":"","Message":"Offline downlevel migration succeeded.\r\n","StringInserts":[]}
{"RecordNumber":24676,"TimeGenerated":"2025-07-04 11:41:56 +0700","TimeWritten":"2025-07-04 11:41:56 +0700","EventID":16384,"Qualifiers":16384,"EventType":"Information","EventCategory":0,"Channel":"Application","SourceName":"Software Protection Platform Service","ComputerName":"DESKTOP-RB8ENUF","Data":"","Sid":"","Message":"Successfully scheduled Software Protection service for re-start at 2025-07-09T06:42:56Z. Reason: RulesEngine.\r\n","StringInserts":["2025-07-09T06:42:56Z","RulesEngine"]}
{"RecordNumber":24677,"TimeGenerated":"2025-07-04 11:44:38 +0700","TimeWritten":"2025-07-04 11:44:38 +0700","EventID":1001,"Qualifiers":0,"EventType":"Information","EventCategory":0,"Channel":"Application","SourceName":"Windows Error Reporting","ComputerName":"DESKTOP-RB8ENUF","Data":"","Sid":"","Message":"Fault bucket 2144361947052773678, type 5\r\nEvent Name: RADAR_PRE_LEAK_64\r\nResponse: Not available\r\nCab Id: 0\r\n\r\nProblem signature:\r\nP1: Viber.exe\r\nP2: 25.6.0.0\r\nP3: 10.0.19045.2.0.0\r\nP4: \r\nP5: \r\nP6: \r\nP7: \r\nP8: \r\nP9: \r\nP10: \r\n\r\nAttached files:\r\n\\\\?\\C:\\Users\\Admin\\AppData\\Local\\Temp\\RDRE627.tmp\\empty.txt\r\n\\\\?\\C:\\ProgramData\\Microsoft\\Windows\\WER\\Temp\\WERE666.tmp.WERInternalMetadata.xml\r\n\\\\?\\C:\\ProgramData\\Microsoft\\Windows\\WER\\Temp\\WERE6E4.tmp.xml\r\n\\\\?\\C:\\ProgramData\\Microsoft\\Windows\\WER\\Temp\\WERE73D.tmp.csv\r\n\\\\?\\C:\\ProgramData\\Microsoft\\Windows\\WER\\Temp\\WERE75D.tmp.txt\r\n\r\nThese files may be available here:\r\n\r\n\r\nAnalysis symbol: \r\nRechecking for solution: 0\r\nReport Id: 9b2bb722-1487-4b48-b680-ba7be8e92dfb\r\nReport Status: 268435456\r\nHashed bucket: 60000e7cbfbce96b9dc24dd45bf2112e\r\nCab Guid: 0\r\n","StringInserts":["2144361947052773678","5","RADAR_PRE_LEAK_64","Not available","0","Viber.exe","25.6.0.0","10.0.19045.2.0.0","","","","","","","","\r\n\\\\?\\C:\\Users\\Admin\\AppData\\Local\\Temp\\RDRE627.tmp\\empty.txt\r\n\\\\?\\C:\\ProgramData\\Microsoft\\Windows\\WER\\Temp\\WERE666.tmp.WERInternalMetadata.xml\r\n\\\\?\\C:\\ProgramData\\Microsoft\\Windows\\WER\\Temp\\WERE6E4.tmp.xml\r\n\\\\?\\C:\\ProgramData\\Microsoft\\Windows\\WER\\Temp\\WERE73D.tmp.csv\r\n\\\\?\\C:\\ProgramData\\Microsoft\\Windows\\WER\\Temp\\WERE75D.tmp.txt","","","0","9b2bb722-1487-4b48-b680-ba7be8e92dfb","268435456","60000e7cbfbce96b9dc24dd45bf2112e","0"]}
{"RecordNumber":24678,"TimeGenerated":"2025-07-04 11:54:25 +0700","TimeWritten":"2025-07-04 11:54:25 +0700","EventID":15,"Qualifiers":0,"EventType":"Information","EventCategory":0,"Channel":"Application","SourceName":"SecurityCenter","ComputerName":"DESKTOP-RB8ENUF","Data":"","Sid":"","Message":"Updated Windows Defender status successfully to SECURITY_PRODUCT_STATE_ON.\r\n","StringInserts":["Windows Defender","SECURITY_PRODUCT_STATE_ON"]}
{"RecordNumber":24679,"TimeGenerated":"2025-07-04 11:54:27 +0700","TimeWritten":"2025-07-04 11:54:27 +0700","EventID":15,"Qualifiers":0,"EventType":"Information","EventCategory":0,"Channel":"Application","SourceName":"SecurityCenter","ComputerName":"DESKTOP-RB8ENUF","Data":"","Sid":"","Message":"Updated Windows Defender status successfully to SECURITY_PRODUCT_STATE_ON.\r\n","StringInserts":["Windows Defender","SECURITY_PRODUCT_STATE_ON"]}
{"RecordNumber":24680,"TimeGenerated":"2025-07-04 12:21:38 +0700","TimeWritten":"2025-07-04 12:21:38 +0700","EventID":16394,"Qualifiers":49152,"EventType":"Information","EventCategory":0,"Channel":"Application","SourceName":"Software Protection Platform Service","ComputerName":"DESKTOP-RB8ENUF","Data":"","Sid":"","Message":"Offline downlevel migration succeeded.\r\n","StringInserts":[]}
{"RecordNumber":24681,"TimeGenerated":"2025-07-04 12:22:11 +0700","TimeWritten":"2025-07-04 12:22:11 +0700","EventID":16384,"Qualifiers":16384,"EventType":"Information","EventCategory":0,"Channel":"Application","SourceName":"Software Protection Platform Service","ComputerName":"DESKTOP-RB8ENUF","Data":"","Sid":"","Message":"Successfully scheduled Software Protection service for re-start at 2025-07-09T06:43:11Z. Reason: RulesEngine.\r\n","StringInserts":["2025-07-09T06:43:11Z","RulesEngine"]}
{"RecordNumber":24682,"TimeGenerated":"2025-07-04 12:22:13 +0700","TimeWritten":"2025-07-04 12:22:13 +0700","EventID":16394,"Qualifiers":49152,"EventType":"Information","EventCategory":0,"Channel":"Application","SourceName":"Software Protection Platform Service","ComputerName":"DESKTOP-RB8ENUF","Data":"","Sid":"","Message":"Offline downlevel migration succeeded.\r\n","StringInserts":[]}
{"RecordNumber":24683,"TimeGenerated":"2025-07-04 12:22:42 +0700","TimeWritten":"2025-07-04 12:22:42 +0700","EventID":15,"Qualifiers":0,"EventType":"Information","EventCategory":0,"Channel":"Application","SourceName":"SecurityCenter","ComputerName":"DESKTOP-RB8ENUF","Data":"","Sid":"","Message":"Updated Windows Defender status successfully to SECURITY_PRODUCT_STATE_ON.\r\n","StringInserts":["Windows Defender","SECURITY_PRODUCT_STATE_ON"]}
{"RecordNumber":24684,"TimeGenerated":"2025-07-04 12:23:01 +0700","TimeWritten":"2025-07-04 12:23:01 +0700","EventID":16384,"Qualifiers":16384,"EventType":"Information","EventCategory":0,"Channel":"Application","SourceName":"Software Protection Platform Service","ComputerName":"DESKTOP-RB8ENUF","Data":"","Sid":"","Message":"Successfully scheduled Software Protection service for re-start at 2025-07-09T06:43:01Z. Reason: RulesEngine.\r\n","StringInserts":["2025-07-09T06:43:01Z","RulesEngine"]}
{"RecordNumber":24685,"TimeGenerated":"2025-07-04 13:26:56 +0700","TimeWritten":"2025-07-04 13:26:56 +0700","EventID":0,"Qualifiers":0,"EventType":"Information","EventCategory":0,"Channel":"Application","SourceName":"edgeupdate","ComputerName":"DESKTOP-RB8ENUF","Data":"","Sid":"","Message":"Service stopped.\r\n","StringInserts":["Service stopped"]}
{"RecordNumber":24686,"TimeGenerated":"2025-07-04 13:36:44 +0700","TimeWritten":"2025-07-04 13:36:44 +0700","EventID":264,"Qualifiers":32768,"EventType":"Error","EventCategory":0,"Channel":"Application","SourceName":"Microsoft-Windows-Defrag","ComputerName":"DESKTOP-RB8ENUF","Data":"2a000089800200008d0000009000000022b63823dbb1bd381b0700000000000000000000","Sid":"","Message":"The storage optimizer couldn't complete retrim on Download (D:) because: The operation requested is not supported by the hardware backing the volume. (0x8900002A)\r\n","StringInserts":["retrim","Download (D:)","The operation requested is not supported by the hardware backing the volume. (0x8900002A)"]}
{"RecordNumber":24687,"TimeGenerated":"2025-07-04 13:36:44 +0700","TimeWritten":"2025-07-04 13:36:44 +0700","EventID":258,"Qualifiers":0,"EventType":"Success","EventCategory":0,"Channel":"Application","SourceName":"Microsoft-Windows-Defrag","ComputerName":"DESKTOP-RB8ENUF","Data":"0000000034020000fa0100000000000022b651a2296bedd85e9c8d030000000000000000","Sid":"","Message":"The storage optimizer successfully completed defragmentation on Download (D:)\r\n","StringInserts":["defragmentation","Download (D:)"]}
{"RecordNumber":24688,"TimeGenerated":"2025-07-04 13:37:00 +0700","TimeWritten":"2025-07-04 13:37:00 +0700","EventID":264,"Qualifiers":32768,"EventType":"Error","EventCategory":0,"Channel":"Application","SourceName":"Microsoft-Windows-Defrag","ComputerName":"DESKTOP-RB8ENUF","Data":"2a000089800200008d0000009000000022b63823dbb1bd381b0700000000000000000000","Sid":"","Message":"The storage optimizer couldn't complete retrim on New Volume (F:) because: The operation requested is not supported by the hardware backing the volume. (0x8900002A)\r\n","StringInserts":["retrim","New Volume (F:)","The operation requested is not supported by the hardware backing the volume. (0x8900002A)"]}
{"RecordNumber":24689,"TimeGenerated":"2025-07-04 13:37:00 +0700","TimeWritten":"2025-07-04 13:37:00 +0700","EventID":258,"Qualifiers":0,"EventType":"Success","EventCategory":0,"Channel":"Application","SourceName":"Microsoft-Windows-Defrag","ComputerName":"DESKTOP-RB8ENUF","Data":"0000000034020000fa0100000000000022b651a2296bedd85e9c8d030000000000000000","Sid":"","Message":"The storage optimizer successfully completed defragmentation on New Volume (F:)\r\n","StringInserts":["defragmentation","New Volume (F:)"]}
{"RecordNumber":24690,"TimeGenerated":"2025-07-04 14:16:01 +0700","TimeWritten":"2025-07-04 14:16:01 +0700","EventID":0,"Qualifiers":0,"EventType":"Information","EventCategory":0,"Channel":"Application","SourceName":"igfxCUIService2.0.0.0","ComputerName":"DESKTOP-RB8ENUF","Data":"","Sid":"","Message":"","StringInserts":["Service started/resumed"]}
{"RecordNumber":24691,"TimeGenerated":"2025-07-04 14:16:01 +0700","TimeWritten":"2025-07-04 14:16:01 +0700","EventID":0,"Qualifiers":0,"EventType":"Information","EventCategory":0,"Channel":"Application","SourceName":"igfxCUIService2.0.0.0","ComputerName":"DESKTOP-RB8ENUF","Data":"","Sid":"","Message":"","StringInserts":["Service stopped"]}
{"RecordNumber":24692,"TimeGenerated":"2025-07-04 16:32:43 +0700","TimeWritten":"2025-07-04 16:32:43 +0700","EventID":0,"Qualifiers":0,"EventType":"Information","EventCategory":0,"Channel":"Application","SourceName":"coccoc","ComputerName":"DESKTOP-RB8ENUF","Data":"","Sid":"","Message":"","StringInserts":["Service stopped"]}
{"RecordNumber":24693,"TimeGenerated":"2025-07-04 17:32:44 +0700","TimeWritten":"2025-07-04 17:32:44 +0700","EventID":16394,"Qualifiers":49152,"EventType":"Information","EventCategory":0,"Channel":"Application","SourceName":"Software Protection Platform Service","ComputerName":"DESKTOP-RB8ENUF","Data":"","Sid":"","Message":"Offline downlevel migration succeeded.\r\n","StringInserts":[]}
{"RecordNumber":24694,"TimeGenerated":"2025-07-04 17:33:04 +0700","TimeWritten":"2025-07-04 17:33:04 +0700","EventID":15,"Qualifiers":0,"EventType":"Information","EventCategory":0,"Channel":"Application","SourceName":"SecurityCenter","ComputerName":"DESKTOP-RB8ENUF","Data":"","Sid":"","Message":"Updated Windows Defender status successfully to SECURITY_PRODUCT_STATE_ON.\r\n","StringInserts":["Windows Defender","SECURITY_PRODUCT_STATE_ON"]}
{"RecordNumber":24695,"TimeGenerated":"2025-07-04 17:33:06 +0700","TimeWritten":"2025-07-04 17:33:06 +0700","EventID":15,"Qualifiers":0,"EventType":"Information","EventCategory":0,"Channel":"Application","SourceName":"SecurityCenter","ComputerName":"DESKTOP-RB8ENUF","Data":"","Sid":"","Message":"Updated Windows Defender status successfully to SECURITY_PRODUCT_STATE_ON.\r\n","StringInserts":["Windows Defender","SECURITY_PRODUCT_STATE_ON"]}
{"RecordNumber":24696,"TimeGenerated":"2025-07-04 17:33:11 +0700","TimeWritten":"2025-07-04 17:33:11 +0700","EventID":15,"Qualifiers":0,"EventType":"Information","EventCategory":0,"Channel":"Application","SourceName":"SecurityCenter","ComputerName":"DESKTOP-RB8ENUF","Data":"","Sid":"","Message":"Updated Windows Defender status successfully to SECURITY_PRODUCT_STATE_ON.\r\n","StringInserts":["Windows Defender","SECURITY_PRODUCT_STATE_ON"]}
{"RecordNumber":24697,"TimeGenerated":"2025-07-04 17:33:31 +0700","TimeWritten":"2025-07-04 17:33:31 +0700","EventID":16384,"Qualifiers":16384,"EventType":"Information","EventCategory":0,"Channel":"Application","SourceName":"Software Protection Platform Service","ComputerName":"DESKTOP-RB8ENUF","Data":"","Sid":"","Message":"Successfully scheduled Software Protection service for re-start at 2025-07-09T06:43:31Z. Reason: RulesEngine.\r\n","StringInserts":["2025-07-09T06:43:31Z","RulesEngine"]}
{"RecordNumber":24698,"TimeGenerated":"2025-07-04 17:46:16 +0700","TimeWritten":"2025-07-04 17:46:16 +0700","EventID":16394,"Qualifiers":49152,"EventType":"Information","EventCategory":0,"Channel":"Application","SourceName":"Software Protection Platform Service","ComputerName":"DESKTOP-RB8ENUF","Data":"","Sid":"","Message":"Offline downlevel migration succeeded.\r\n","StringInserts":[]}
{"RecordNumber":24699,"TimeGenerated":"2025-07-04 17:46:47 +0700","TimeWritten":"2025-07-04 17:46:47 +0700","EventID":16384,"Qualifiers":16384,"EventType":"Information","EventCategory":0,"Channel":"Application","SourceName":"Software Protection Platform Service","ComputerName":"DESKTOP-RB8ENUF","Data":"","Sid":"","Message":"Successfully scheduled Software Protection service for re-start at 2025-07-09T06:42:47Z. Reason: RulesEngine.\r\n","StringInserts":["2025-07-09T06:42:47Z","RulesEngine"]}
{"RecordNumber":24700,"TimeGenerated":"2025-07-04 18:53:15 +0700","TimeWritten":"2025-07-04 18:53:15 +0700","EventID":16394,"Qualifiers":49152,"EventType":"Information","EventCategory":0,"Channel":"Application","SourceName":"Software Protection Platform Service","ComputerName":"DESKTOP-RB8ENUF","Data":"","Sid":"","Message":"Offline downlevel migration succeeded.\r\n","StringInserts":[]}
{"RecordNumber":24701,"TimeGenerated":"2025-07-04 18:53:46 +0700","TimeWritten":"2025-07-04 18:53:46 +0700","EventID":16384,"Qualifiers":16384,"EventType":"Information","EventCategory":0,"Channel":"Application","SourceName":"Software Protection Platform Service","ComputerName":"DESKTOP-RB8ENUF","Data":"","Sid":"","Message":"Successfully scheduled Software Protection service for re-start at 2025-07-09T06:42:46Z. Reason: RulesEngine.\r\n","StringInserts":["2025-07-09T06:42:46Z","RulesEngine"]}
{"RecordNumber":24702,"TimeGenerated":"2025-07-04 19:41:37 +0700","TimeWritten":"2025-07-04 19:41:37 +0700","EventID":16394,"Qualifiers":49152,"EventType":"Information","EventCategory":0,"Channel":"Application","SourceName":"Software Protection Platform Service","ComputerName":"DESKTOP-RB8ENUF","Data":"","Sid":"","Message":"Offline downlevel migration succeeded.\r\n","StringInserts":[]}
{"RecordNumber":24703,"TimeGenerated":"2025-07-04 19:42:08 +0700","TimeWritten":"2025-07-04 19:42:08 +0700","EventID":16384,"Qualifiers":16384,"EventType":"Information","EventCategory":0,"Channel":"Application","SourceName":"Software Protection Platform Service","ComputerName":"DESKTOP-RB8ENUF","Data":"","Sid":"","Message":"Successfully scheduled Software Protection service for re-start at 2025-07-09T06:43:08Z. Reason: RulesEngine.\r\n","StringInserts":["2025-07-09T06:43:08Z","RulesEngine"]}
{"RecordNumber":24704,"TimeGenerated":"2025-07-04 20:48:43 +0700","TimeWritten":"2025-07-04 20:48:43 +0700","EventID":16394,"Qualifiers":49152,"EventType":"Information","EventCategory":0,"Channel":"Application","SourceName":"Software Protection Platform Service","ComputerName":"DESKTOP-RB8ENUF","Data":"","Sid":"","Message":"Offline downlevel migration succeeded.\r\n","StringInserts":[]}
{"RecordNumber":24705,"TimeGenerated":"2025-07-04 20:49:13 +0700","TimeWritten":"2025-07-04 20:49:13 +0700","EventID":16384,"Qualifiers":16384,"EventType":"Information","EventCategory":0,"Channel":"Application","SourceName":"Software Protection Platform Service","ComputerName":"DESKTOP-RB8ENUF","Data":"","Sid":"","Message":"Successfully scheduled Software Protection service for re-start at 2025-07-09T06:43:13Z. Reason: RulesEngine.\r\n","StringInserts":["2025-07-09T06:43:13Z","RulesEngine"]}
{"RecordNumber":24706,"TimeGenerated":"2025-07-04 21:32:27 +0700","TimeWritten":"2025-07-04 21:32:27 +0700","EventID":0,"Qualifiers":0,"EventType":"Information","EventCategory":0,"Channel":"Application","SourceName":"coccoc","ComputerName":"DESKTOP-RB8ENUF","Data":"","Sid":"","Message":"","StringInserts":["Service stopped"]}
{"RecordNumber":24707,"TimeGenerated":"2025-07-04 22:42:00 +0700","TimeWritten":"2025-07-04 22:42:00 +0700","EventID":16394,"Qualifiers":49152,"EventType":"Information","EventCategory":0,"Channel":"Application","SourceName":"Software Protection Platform Service","ComputerName":"DESKTOP-RB8ENUF","Data":"","Sid":"","Message":"Offline downlevel migration succeeded.\r\n","StringInserts":[]}
{"RecordNumber":24708,"TimeGenerated":"2025-07-04 22:42:33 +0700","TimeWritten":"2025-07-04 22:42:33 +0700","EventID":16384,"Qualifiers":16384,"EventType":"Information","EventCategory":0,"Channel":"Application","SourceName":"Software Protection Platform Service","ComputerName":"DESKTOP-RB8ENUF","Data":"","Sid":"","Message":"Successfully scheduled Software Protection service for re-start at 2025-07-09T06:43:33Z. Reason: RulesEngine.\r\n","StringInserts":["2025-07-09T06:43:33Z","RulesEngine"]}
{"RecordNumber":24709,"TimeGenerated":"2025-07-04 23:00:32 +0700","TimeWritten":"2025-07-04 23:00:32 +0700","EventID":16394,"Qualifiers":49152,"EventType":"Information","EventCategory":0,"Channel":"Application","SourceName":"Software Protection Platform Service","ComputerName":"DESKTOP-RB8ENUF","Data":"","Sid":"","Message":"Offline downlevel migration succeeded.\r\n","StringInserts":[]}
{"RecordNumber":24710,"TimeGenerated":"2025-07-04 23:01:08 +0700","TimeWritten":"2025-07-04 23:01:08 +0700","EventID":16384,"Qualifiers":16384,"EventType":"Information","EventCategory":0,"Channel":"Application","SourceName":"Software Protection Platform Service","ComputerName":"DESKTOP-RB8ENUF","Data":"","Sid":"","Message":"Successfully scheduled Software Protection service for re-start at 2025-07-09T06:43:08Z. Reason: RulesEngine.\r\n","StringInserts":["2025-07-09T06:43:08Z","RulesEngine"]}
{"RecordNumber":24711,"TimeGenerated":"2025-07-04 23:27:17 +0700","TimeWritten":"2025-07-04 23:27:17 +0700","EventID":0,"Qualifiers":0,"EventType":"Information","EventCategory":0,"Channel":"Application","SourceName":"edgeupdate","ComputerName":"DESKTOP-RB8ENUF","Data":"","Sid":"","Message":"Service stopped.\r\n","StringInserts":["Service stopped"]}
{"RecordNumber":24712,"TimeGenerated":"2025-07-05 00:43:35 +0700","TimeWritten":"2025-07-05 00:43:35 +0700","EventID":16394,"Qualifiers":49152,"EventType":"Information","EventCategory":0,"Channel":"Application","SourceName":"Software Protection Platform Service","ComputerName":"DESKTOP-RB8ENUF","Data":"","Sid":"","Message":"Offline downlevel migration succeeded.\r\n","StringInserts":[]}
{"RecordNumber":24713,"TimeGenerated":"2025-07-05 00:44:05 +0700","TimeWritten":"2025-07-05 00:44:05 +0700","EventID":16384,"Qualifiers":16384,"EventType":"Information","EventCategory":0,"Channel":"Application","SourceName":"Software Protection Platform Service","ComputerName":"DESKTOP-RB8ENUF","Data":"","Sid":"","Message":"Successfully scheduled Software Protection service for re-start at 2025-07-09T06:43:05Z. Reason: RulesEngine.\r\n","StringInserts":["2025-07-09T06:43:05Z","RulesEngine"]}
{"RecordNumber":24714,"TimeGenerated":"2025-07-05 01:22:50 +0700","TimeWritten":"2025-07-05 01:22:50 +0700","EventID":16394,"Qualifiers":49152,"EventType":"Information","EventCategory":0,"Channel":"Application","SourceName":"Software Protection Platform Service","ComputerName":"DESKTOP-RB8ENUF","Data":"","Sid":"","Message":"Offline downlevel migration succeeded.\r\n","StringInserts":[]}
{"RecordNumber":24715,"TimeGenerated":"2025-07-05 01:23:19 +0700","TimeWritten":"2025-07-05 01:23:19 +0700","EventID":8194,"Qualifiers":0,"EventType":"Information","EventCategory":0,"Channel":"Application","SourceName":"System Restore","ComputerName":"DESKTOP-RB8ENUF","Data":"0000000067020000590200000000000022ce28677c6dda79e28c1c000000000000000000","Sid":"","Message":"Successfully created restore point (Process = C:\\Windows\\system32\\srtasks.exe ExecuteScheduledSPPCreation; Description = Scheduled Checkpoint).\r\n","StringInserts":["C:\\Windows\\system32\\srtasks.exe ExecuteScheduledSPPCreation","Scheduled Checkpoint"]}
{"RecordNumber":24716,"TimeGenerated":"2025-07-05 01:23:19 +0700","TimeWritten":"2025-07-05 01:23:19 +0700","EventID":8212,"Qualifiers":0,"EventType":"Information","EventCategory":0,"Channel":"Application","SourceName":"System Restore","ComputerName":"DESKTOP-RB8ENUF","Data":"0000000000000000af01000000000000574c29ce5843be27e26c1c000000000000000000","Sid":"","Message":"Successfully created scheduled restore point.\r\n","StringInserts":[""]}
{"RecordNumber":24717,"TimeGenerated":"2025-07-05 01:23:35 +0700","TimeWritten":"2025-07-05 01:23:35 +0700","EventID":16384,"Qualifiers":16384,"EventType":"Information","EventCategory":0,"Channel":"Application","SourceName":"Software Protection Platform Service","ComputerName":"DESKTOP-RB8ENUF","Data":"","Sid":"","Message":"Successfully scheduled Software Protection service for re-start at 2025-07-09T06:42:35Z. Reason: RulesEngine.\r\n","StringInserts":["2025-07-09T06:42:35Z","RulesEngine"]}
{"RecordNumber":24718,"TimeGenerated":"2025-07-05 01:23:34 +0700","TimeWritten":"2025-07-05 01:23:34 +0700","EventID":8300,"Qualifiers":0,"EventType":"Information","EventCategory":0,"Channel":"Application","SourceName":"Microsoft-Windows-System-Restore","ComputerName":"DESKTOP-RB8ENUF","Data":"","Sid":"S-1-5-18","Message":"Scoping started for shadowcopy \\\\?\\GLOBALROOT\\Device\\HarddiskVolumeShadowCopy4.\r\n","StringInserts":["\\\\?\\GLOBALROOT\\Device\\HarddiskVolumeShadowCopy4"]}
{"RecordNumber":24719,"TimeGenerated":"2025-07-05 01:24:15 +0700","TimeWritten":"2025-07-05 01:24:15 +0700","EventID":8301,"Qualifiers":0,"EventType":"Information","EventCategory":0,"Channel":"Application","SourceName":"Microsoft-Windows-System-Restore","ComputerName":"DESKTOP-RB8ENUF","Data":"","Sid":"S-1-5-18","Message":"Scoping completed for shadowcopy \\\\?\\GLOBALROOT\\Device\\HarddiskVolumeShadowCopy4.\r\n","StringInserts":["\\\\?\\GLOBALROOT\\Device\\HarddiskVolumeShadowCopy4","0x0","285648","1225552","370716","250525","315617","311392"]}
{"RecordNumber":24720,"TimeGenerated":"2025-07-05 01:24:15 +0700","TimeWritten":"2025-07-05 01:24:15 +0700","EventID":8302,"Qualifiers":0,"EventType":"Information","EventCategory":0,"Channel":"Application","SourceName":"Microsoft-Windows-System-Restore","ComputerName":"DESKTOP-RB8ENUF","Data":"","Sid":"S-1-5-18","Message":"Scoping successfully completed for shadowcopy \\\\?\\GLOBALROOT\\Device\\HarddiskVolumeShadowCopy4.\r\n","StringInserts":["\\\\?\\GLOBALROOT\\Device\\HarddiskVolumeShadowCopy4","0x0","285648","1225552","370716","250525","315617","311392"]}
{"RecordNumber":24721,"TimeGenerated":"2025-07-05 01:27:15 +0700","TimeWritten":"2025-07-05 01:27:15 +0700","EventID":8224,"Qualifiers":0,"EventType":"Information","EventCategory":0,"Channel":"Application","SourceName":"VSS","ComputerName":"DESKTOP-RB8ENUF","Data":"2d20436f64653a2020434f525356434330303030303737342d2043616c6c3a2020434f525356434330303030303735362d205049443a202030303032323636342d205449443a202030303030313538302d20434d443a2020433a5c57696e646f77735c73797374656d33325c76737376632e6578652020202d20557365723a204e616d653a204e5420415554484f524954595c53595354454d2c205349443a532d312d352d313820","Sid":"","Message":"The VSS service is shutting down due to idle timeout.\r\n\r\n","StringInserts":[""]}
{"RecordNumber":24722,"TimeGenerated":"2025-07-05 02:32:45 +0700","TimeWritten":"2025-07-05 02:32:45 +0700","EventID":0,"Qualifiers":0,"EventType":"Information","EventCategory":0,"Channel":"Application","SourceName":"coccoc","ComputerName":"DESKTOP-RB8ENUF","Data":"","Sid":"","Message":"","StringInserts":["Service stopped"]}
{"RecordNumber":24723,"TimeGenerated":"2025-07-05 03:37:00 +0700","TimeWritten":"2025-07-05 03:37:00 +0700","EventID":16394,"Qualifiers":49152,"EventType":"Information","EventCategory":0,"Channel":"Application","SourceName":"Software Protection Platform Service","ComputerName":"DESKTOP-RB8ENUF","Data":"","Sid":"","Message":"Offline downlevel migration succeeded.\r\n","StringInserts":[]}
{"RecordNumber":24724,"TimeGenerated":"2025-07-05 03:37:30 +0700","TimeWritten":"2025-07-05 03:37:30 +0700","EventID":16384,"Qualifiers":16384,"EventType":"Information","EventCategory":0,"Channel":"Application","SourceName":"Software Protection Platform Service","ComputerName":"DESKTOP-RB8ENUF","Data":"","Sid":"","Message":"Successfully scheduled Software Protection service for re-start at 2025-07-09T06:43:30Z. Reason: RulesEngine.\r\n","StringInserts":["2025-07-09T06:43:30Z","RulesEngine"]}
{"RecordNumber":24725,"TimeGenerated":"2025-07-05 03:39:30 +0700","TimeWritten":"2025-07-05 03:39:30 +0700","EventID":16394,"Qualifiers":49152,"EventType":"Information","EventCategory":0,"Channel":"Application","SourceName":"Software Protection Platform Service","ComputerName":"DESKTOP-RB8ENUF","Data":"","Sid":"","Message":"Offline downlevel migration succeeded.\r\n","StringInserts":[]}
{"RecordNumber":24726,"TimeGenerated":"2025-07-05 03:40:00 +0700","TimeWritten":"2025-07-05 03:40:00 +0700","EventID":16384,"Qualifiers":16384,"EventType":"Information","EventCategory":0,"Channel":"Application","SourceName":"Software Protection Platform Service","ComputerName":"DESKTOP-RB8ENUF","Data":"","Sid":"","Message":"Successfully scheduled Software Protection service for re-start at 2025-07-09T06:43:00Z. Reason: RulesEngine.\r\n","StringInserts":["2025-07-09T06:43:00Z","RulesEngine"]}
{"RecordNumber":24727,"TimeGenerated":"2025-07-05 04:20:08 +0700","TimeWritten":"2025-07-05 04:20:08 +0700","EventID":16394,"Qualifiers":49152,"EventType":"Information","EventCategory":0,"Channel":"Application","SourceName":"Software Protection Platform Service","ComputerName":"DESKTOP-RB8ENUF","Data":"","Sid":"","Message":"Offline downlevel migration succeeded.\r\n","StringInserts":[]}
{"RecordNumber":24728,"TimeGenerated":"2025-07-05 04:20:40 +0700","TimeWritten":"2025-07-05 04:20:40 +0700","EventID":16384,"Qualifiers":16384,"EventType":"Information","EventCategory":0,"Channel":"Application","SourceName":"Software Protection Platform Service","ComputerName":"DESKTOP-RB8ENUF","Data":"","Sid":"","Message":"Successfully scheduled Software Protection service for re-start at 2025-07-09T06:42:40Z. Reason: RulesEngine.\r\n","StringInserts":["2025-07-09T06:42:40Z","RulesEngine"]}
{"RecordNumber":24729,"TimeGenerated":"2025-07-05 04:37:37 +0700","TimeWritten":"2025-07-05 04:37:37 +0700","EventID":16394,"Qualifiers":49152,"EventType":"Information","EventCategory":0,"Channel":"Application","SourceName":"Software Protection Platform Service","ComputerName":"DESKTOP-RB8ENUF","Data":"","Sid":"","Message":"Offline downlevel migration succeeded.\r\n","StringInserts":[]}
{"RecordNumber":24730,"TimeGenerated":"2025-07-05 04:38:09 +0700","TimeWritten":"2025-07-05 04:38:09 +0700","EventID":16384,"Qualifiers":16384,"EventType":"Information","EventCategory":0,"Channel":"Application","SourceName":"Software Protection Platform Service","ComputerName":"DESKTOP-RB8ENUF","Data":"","Sid":"","Message":"Successfully scheduled Software Protection service for re-start at 2025-07-09T06:43:09Z. Reason: RulesEngine.\r\n","StringInserts":["2025-07-09T06:43:09Z","RulesEngine"]}
{"RecordNumber":24731,"TimeGenerated":"2025-07-05 05:32:42 +0700","TimeWritten":"2025-07-05 05:32:42 +0700","EventID":16394,"Qualifiers":49152,"EventType":"Information","EventCategory":0,"Channel":"Application","SourceName":"Software Protection Platform Service","ComputerName":"DESKTOP-RB8ENUF","Data":"","Sid":"","Message":"Offline downlevel migration succeeded.\r\n","StringInserts":[]}
{"RecordNumber":24732,"TimeGenerated":"2025-07-05 05:33:13 +0700","TimeWritten":"2025-07-05 05:33:13 +0700","EventID":16384,"Qualifiers":16384,"EventType":"Information","EventCategory":0,"Channel":"Application","SourceName":"Software Protection Platform Service","ComputerName":"DESKTOP-RB8ENUF","Data":"","Sid":"","Message":"Successfully scheduled Software Protection service for re-start at 2025-07-09T06:43:13Z. Reason: RulesEngine.\r\n","StringInserts":["2025-07-09T06:43:13Z","RulesEngine"]}
{"RecordNumber":24733,"TimeGenerated":"2025-07-05 07:32:12 +0700","TimeWritten":"2025-07-05 07:32:12 +0700","EventID":0,"Qualifiers":0,"EventType":"Information","EventCategory":0,"Channel":"Application","SourceName":"coccoc","ComputerName":"DESKTOP-RB8ENUF","Data":"","Sid":"","Message":"","StringInserts":["Service stopped"]}
{"RecordNumber":24734,"TimeGenerated":"2025-07-05 08:38:32 +0700","TimeWritten":"2025-07-05 08:38:32 +0700","EventID":16394,"Qualifiers":49152,"EventType":"Information","EventCategory":0,"Channel":"Application","SourceName":"Software Protection Platform Service","ComputerName":"DESKTOP-RB8ENUF","Data":"","Sid":"","Message":"Offline downlevel migration succeeded.\r\n","StringInserts":[]}
{"RecordNumber":24735,"TimeGenerated":"2025-07-05 08:39:03 +0700","TimeWritten":"2025-07-05 08:39:03 +0700","EventID":16384,"Qualifiers":16384,"EventType":"Information","EventCategory":0,"Channel":"Application","SourceName":"Software Protection Platform Service","ComputerName":"DESKTOP-RB8ENUF","Data":"","Sid":"","Message":"Successfully scheduled Software Protection service for re-start at 2025-07-09T06:43:03Z. Reason: RulesEngine.\r\n","StringInserts":["2025-07-09T06:43:03Z","RulesEngine"]}
{"RecordNumber":24736,"TimeGenerated":"2025-07-05 09:16:46 +0700","TimeWritten":"2025-07-05 09:16:46 +0700","EventID":16394,"Qualifiers":49152,"EventType":"Information","EventCategory":0,"Channel":"Application","SourceName":"Software Protection Platform Service","ComputerName":"DESKTOP-RB8ENUF","Data":"","Sid":"","Message":"Offline downlevel migration succeeded.\r\n","StringInserts":[]}
{"RecordNumber":24737,"TimeGenerated":"2025-07-05 09:17:16 +0700","TimeWritten":"2025-07-05 09:17:16 +0700","EventID":16384,"Qualifiers":16384,"EventType":"Information","EventCategory":0,"Channel":"Application","SourceName":"Software Protection Platform Service","ComputerName":"DESKTOP-RB8ENUF","Data":"","Sid":"","Message":"Successfully scheduled Software Protection service for re-start at 2025-07-09T06:43:16Z. Reason: RulesEngine.\r\n","StringInserts":["2025-07-09T06:43:16Z","RulesEngine"]}
{"RecordNumber":24738,"TimeGenerated":"2025-07-05 09:26:35 +0700","TimeWritten":"2025-07-05 09:26:35 +0700","EventID":0,"Qualifiers":0,"EventType":"Information","EventCategory":0,"Channel":"Application","SourceName":"edgeupdate","ComputerName":"DESKTOP-RB8ENUF","Data":"","Sid":"","Message":"Service stopped.\r\n","StringInserts":["Service stopped"]}
{"RecordNumber":24739,"TimeGenerated":"2025-07-05 09:31:56 +0700","TimeWritten":"2025-07-05 09:31:56 +0700","EventID":16394,"Qualifiers":49152,"EventType":"Information","EventCategory":0,"Channel":"Application","SourceName":"Software Protection Platform Service","ComputerName":"DESKTOP-RB8ENUF","Data":"","Sid":"","Message":"Offline downlevel migration succeeded.\r\n","StringInserts":[]}
{"RecordNumber":24740,"TimeGenerated":"2025-07-05 09:32:27 +0700","TimeWritten":"2025-07-05 09:32:27 +0700","EventID":16384,"Qualifiers":16384,"EventType":"Information","EventCategory":0,"Channel":"Application","SourceName":"Software Protection Platform Service","ComputerName":"DESKTOP-RB8ENUF","Data":"","Sid":"","Message":"Successfully scheduled Software Protection service for re-start at 2025-07-09T06:43:27Z. Reason: RulesEngine.\r\n","StringInserts":["2025-07-09T06:43:27Z","RulesEngine"]}
{"RecordNumber":24741,"TimeGenerated":"2025-07-05 10:33:58 +0700","TimeWritten":"2025-07-05 10:33:58 +0700","EventID":16394,"Qualifiers":49152,"EventType":"Information","EventCategory":0,"Channel":"Application","SourceName":"Software Protection Platform Service","ComputerName":"DESKTOP-RB8ENUF","Data":"","Sid":"","Message":"Offline downlevel migration succeeded.\r\n","StringInserts":[]}
{"RecordNumber":24742,"TimeGenerated":"2025-07-05 10:34:28 +0700","TimeWritten":"2025-07-05 10:34:28 +0700","EventID":16384,"Qualifiers":16384,"EventType":"Information","EventCategory":0,"Channel":"Application","SourceName":"Software Protection Platform Service","ComputerName":"DESKTOP-RB8ENUF","Data":"","Sid":"","Message":"Successfully scheduled Software Protection service for re-start at 2025-07-09T06:43:28Z. Reason: RulesEngine.\r\n","StringInserts":["2025-07-09T06:43:28Z","RulesEngine"]}
{"RecordNumber":24743,"TimeGenerated":"2025-07-05 10:43:15 +0700","TimeWritten":"2025-07-05 10:43:15 +0700","EventID":16394,"Qualifiers":49152,"EventType":"Information","EventCategory":0,"Channel":"Application","SourceName":"Software Protection Platform Service","ComputerName":"DESKTOP-RB8ENUF","Data":"","Sid":"","Message":"Offline downlevel migration succeeded.\r\n","StringInserts":[]}
{"RecordNumber":24744,"TimeGenerated":"2025-07-05 10:43:45 +0700","TimeWritten":"2025-07-05 10:43:45 +0700","EventID":16384,"Qualifiers":16384,"EventType":"Information","EventCategory":0,"Channel":"Application","SourceName":"Software Protection Platform Service","ComputerName":"DESKTOP-RB8ENUF","Data":"","Sid":"","Message":"Successfully scheduled Software Protection service for re-start at 2025-07-09T06:42:45Z. Reason: RulesEngine.\r\n","StringInserts":["2025-07-09T06:42:45Z","RulesEngine"]}
{"RecordNumber":24745,"TimeGenerated":"2025-07-05 11:12:34 +0700","TimeWritten":"2025-07-05 11:12:34 +0700","EventID":16394,"Qualifiers":49152,"EventType":"Information","EventCategory":0,"Channel":"Application","SourceName":"Software Protection Platform Service","ComputerName":"DESKTOP-RB8ENUF","Data":"","Sid":"","Message":"Offline downlevel migration succeeded.\r\n","StringInserts":[]}
{"RecordNumber":24746,"TimeGenerated":"2025-07-05 11:13:14 +0700","TimeWritten":"2025-07-05 11:13:14 +0700","EventID":15,"Qualifiers":0,"EventType":"Information","EventCategory":0,"Channel":"Application","SourceName":"SecurityCenter","ComputerName":"DESKTOP-RB8ENUF","Data":"","Sid":"","Message":"Updated Windows Defender status successfully to SECURITY_PRODUCT_STATE_ON.\r\n","StringInserts":["Windows Defender","SECURITY_PRODUCT_STATE_ON"]}
{"RecordNumber":24747,"TimeGenerated":"2025-07-05 11:13:32 +0700","TimeWritten":"2025-07-05 11:13:32 +0700","EventID":16384,"Qualifiers":16384,"EventType":"Information","EventCategory":0,"Channel":"Application","SourceName":"Software Protection Platform Service","ComputerName":"DESKTOP-RB8ENUF","Data":"","Sid":"","Message":"Successfully scheduled Software Protection service for re-start at 2025-07-09T06:43:32Z. Reason: RulesEngine.\r\n","StringInserts":["2025-07-09T06:43:32Z","RulesEngine"]}
{"RecordNumber":24748,"TimeGenerated":"2025-07-05 11:37:30 +0700","TimeWritten":"2025-07-05 11:37:30 +0700","EventID":16394,"Qualifiers":49152,"EventType":"Information","EventCategory":0,"Channel":"Application","SourceName":"Software Protection Platform Service","ComputerName":"DESKTOP-RB8ENUF","Data":"","Sid":"","Message":"Offline downlevel migration succeeded.\r\n","StringInserts":[]}
{"RecordNumber":24749,"TimeGenerated":"2025-07-05 11:38:00 +0700","TimeWritten":"2025-07-05 11:38:00 +0700","EventID":16384,"Qualifiers":16384,"EventType":"Information","EventCategory":0,"Channel":"Application","SourceName":"Software Protection Platform Service","ComputerName":"DESKTOP-RB8ENUF","Data":"","Sid":"","Message":"Successfully scheduled Software Protection service for re-start at 2025-07-09T06:43:00Z. Reason: RulesEngine.\r\n","StringInserts":["2025-07-09T06:43:00Z","RulesEngine"]}
{"RecordNumber":24750,"TimeGenerated":"2025-07-05 12:32:39 +0700","TimeWritten":"2025-07-05 12:32:39 +0700","EventID":0,"Qualifiers":0,"EventType":"Information","EventCategory":0,"Channel":"Application","SourceName":"coccoc","ComputerName":"DESKTOP-RB8ENUF","Data":"","Sid":"","Message":"","StringInserts":["Service stopped"]}
{"RecordNumber":24751,"TimeGenerated":"2025-07-05 12:48:06 +0700","TimeWritten":"2025-07-05 12:48:06 +0700","EventID":16394,"Qualifiers":49152,"EventType":"Information","EventCategory":0,"Channel":"Application","SourceName":"Software Protection Platform Service","ComputerName":"DESKTOP-RB8ENUF","Data":"","Sid":"","Message":"Offline downlevel migration succeeded.\r\n","StringInserts":[]}
