{"RecordNumber":18110,"TimeGenerated":"2025-06-29 09:52:36 +0700","TimeWritten":"2025-06-29 09:52:36 +0700","EventID":10016,"Qualifiers":0,"EventType":"Warning","EventCategory":0,"Channel":"System","SourceName":"DCOM","ComputerName":"DESKTOP-RB8ENUF","Data":"","Sid":"S-1-5-21-3306260603-718234045-292622573-1001","Message":"The machine-default permission settings do not grant Local Activation permission for the COM Server application with CLSID \r\n{C2F03A33-21F5-47FA-B4BB-156362A2F239}\r\n and APPID \r\n{316CDED5-E4AE-4B15-9113-7055D84DCC97}\r\n to the user DESKTOP-RB8ENUF\\NgThang SID (S-1-5-21-3306260603-718234045-292622573-1001) from address LocalHost (Using LRPC) running in the application container Microsoft.Windows.ShellExperienceHost_10.0.19041.5072_neutral_neutral_cw5n1h2txyewy SID (S-1-15-2-155514346-2573954481-755741238-1654018636-1233331829-3075935687-2861478708). This security permission can be modified using the Component Services administrative tool.\r\n","StringInserts":["machine-default","Local","Activation","{C2F03A33-21F5-47FA-B4BB-156362A2F239}","{316CDED5-E4AE-4B15-9113-7055D84DCC97}","DESKTOP-RB8ENUF","NgThang","S-1-5-21-3306260603-718234045-292622573-1001","LocalHost (Using LRPC)","Microsoft.Windows.ShellExperienceHost_10.0.19041.5072_neutral_neutral_cw5n1h2txyewy","S-1-15-2-155514346-2573954481-755741238-1654018636-1233331829-3075935687-2861478708"]}
{"RecordNumber":18111,"TimeGenerated":"2025-06-29 09:53:03 +0700","TimeWritten":"2025-06-29 09:53:03 +0700","EventID":16,"Qualifiers":0,"EventType":"Information","EventCategory":0,"Channel":"System","SourceName":"Microsoft-Windows-Kernel-General","ComputerName":"DESKTOP-RB8ENUF","Data":"","Sid":"S-1-5-18","Message":"","StringInserts":["102","\\??\\C:\\Users\\Admin\\AppData\\Local\\Packages\\Microsoft.Windows.Search_cw5n1h2txyewy\\Settings\\settings.dat","36","7"]}
{"RecordNumber":18112,"TimeGenerated":"2025-06-29 09:53:55 +0700","TimeWritten":"2025-06-29 09:53:55 +0700","EventID":10016,"Qualifiers":0,"EventType":"Warning","EventCategory":0,"Channel":"System","SourceName":"DCOM","ComputerName":"DESKTOP-RB8ENUF","Data":"","Sid":"S-1-5-21-3306260603-718234045-292622573-1001","Message":"The machine-default permission settings do not grant Local Activation permission for the COM Server application with CLSID \r\n{C2F03A33-21F5-47FA-B4BB-156362A2F239}\r\n and APPID \r\n{316CDED5-E4AE-4B15-9113-7055D84DCC97}\r\n to the user DESKTOP-RB8ENUF\\NgThang SID (S-1-5-21-3306260603-718234045-292622573-1001) from address LocalHost (Using LRPC) running in the application container Microsoft.Windows.ShellExperienceHost_10.0.19041.5072_neutral_neutral_cw5n1h2txyewy SID (S-1-15-2-155514346-2573954481-755741238-1654018636-1233331829-3075935687-2861478708). This security permission can be modified using the Component Services administrative tool.\r\n","StringInserts":["machine-default","Local","Activation","{C2F03A33-21F5-47FA-B4BB-156362A2F239}","{316CDED5-E4AE-4B15-9113-7055D84DCC97}","DESKTOP-RB8ENUF","NgThang","S-1-5-21-3306260603-718234045-292622573-1001","LocalHost (Using LRPC)","Microsoft.Windows.ShellExperienceHost_10.0.19041.5072_neutral_neutral_cw5n1h2txyewy","S-1-15-2-155514346-2573954481-755741238-1654018636-1233331829-3075935687-2861478708"]}
{"RecordNumber":18113,"TimeGenerated":"2025-06-29 09:56:43 +0700","TimeWritten":"2025-06-29 09:56:43 +0700","EventID":10016,"Qualifiers":0,"EventType":"Warning","EventCategory":0,"Channel":"System","SourceName":"DCOM","ComputerName":"DESKTOP-RB8ENUF","Data":"","Sid":"S-1-5-21-3306260603-718234045-292622573-1001","Message":"The application-specific permission settings do not grant Local Activation permission for the COM Server application with CLSID \r\n{8BC3F05E-D86B-11D0-A075-00C04FB68820}\r\n and APPID \r\n{8BC3F05E-D86B-11D0-A075-00C04FB68820}\r\n to the user DESKTOP-RB8ENUF\\NgThang SID (S-1-5-21-3306260603-718234045-292622573-1001) from address LocalHost (Using LRPC) running in the application container Unavailable SID (S-1-15-2-610904882-1600303216-2449601619-1467861056-946174632-800693301-4223691884). This security permission can be modified using the Component Services administrative tool.\r\n","StringInserts":["application-specific","Local","Activation","{8BC3F05E-D86B-11D0-A075-00C04FB68820}","{8BC3F05E-D86B-11D0-A075-00C04FB68820}","DESKTOP-RB8ENUF","NgThang","S-1-5-21-3306260603-718234045-292622573-1001","LocalHost (Using LRPC)","Unavailable","S-1-15-2-610904882-1600303216-2449601619-1467861056-946174632-800693301-4223691884"]}
{"RecordNumber":18114,"TimeGenerated":"2025-06-29 10:09:30 +0700","TimeWritten":"2025-06-29 10:09:30 +0700","EventID":10016,"Qualifiers":0,"EventType":"Warning","EventCategory":0,"Channel":"System","SourceName":"DCOM","ComputerName":"DESKTOP-RB8ENUF","Data":"","Sid":"S-1-5-21-3306260603-718234045-292622573-1001","Message":"The application-specific permission settings do not grant Local Activation permission for the COM Server application with CLSID \r\n{2593F8B9-4EAF-457C-B68A-50F6B8EA6B54}\r\n and APPID \r\n{15C20B67-12E7-4BB6-92BB-7AFF07997402}\r\n to the user DESKTOP-RB8ENUF\\NgThang SID (S-1-5-21-3306260603-718234045-292622573-1001) from address LocalHost (Using LRPC) running in the application container Unavailable SID (Unavailable). This security permission can be modified using the Component Services administrative tool.\r\n","StringInserts":["application-specific","Local","Activation","{2593F8B9-4EAF-457C-B68A-50F6B8EA6B54}","{15C20B67-12E7-4BB6-92BB-7AFF07997402}","DESKTOP-RB8ENUF","NgThang","S-1-5-21-3306260603-718234045-292622573-1001","LocalHost (Using LRPC)","Unavailable","Unavailable"]}
{"RecordNumber":18115,"TimeGenerated":"2025-06-29 10:23:08 +0700","TimeWritten":"2025-06-29 10:23:08 +0700","EventID":10016,"Qualifiers":0,"EventType":"Warning","EventCategory":0,"Channel":"System","SourceName":"DCOM","ComputerName":"DESKTOP-RB8ENUF","Data":"","Sid":"S-1-5-21-3306260603-718234045-292622573-1001","Message":"The machine-default permission settings do not grant Local Activation permission for the COM Server application with CLSID \r\n{C2F03A33-21F5-47FA-B4BB-156362A2F239}\r\n and APPID \r\n{316CDED5-E4AE-4B15-9113-7055D84DCC97}\r\n to the user DESKTOP-RB8ENUF\\NgThang SID (S-1-5-21-3306260603-718234045-292622573-1001) from address LocalHost (Using LRPC) running in the application container Microsoft.Windows.ShellExperienceHost_10.0.19041.5072_neutral_neutral_cw5n1h2txyewy SID (S-1-15-2-155514346-2573954481-755741238-1654018636-1233331829-3075935687-2861478708). This security permission can be modified using the Component Services administrative tool.\r\n","StringInserts":["machine-default","Local","Activation","{C2F03A33-21F5-47FA-B4BB-156362A2F239}","{316CDED5-E4AE-4B15-9113-7055D84DCC97}","DESKTOP-RB8ENUF","NgThang","S-1-5-21-3306260603-718234045-292622573-1001","LocalHost (Using LRPC)","Microsoft.Windows.ShellExperienceHost_10.0.19041.5072_neutral_neutral_cw5n1h2txyewy","S-1-15-2-155514346-2573954481-755741238-1654018636-1233331829-3075935687-2861478708"]}
{"RecordNumber":18116,"TimeGenerated":"2025-06-29 10:23:11 +0700","TimeWritten":"2025-06-29 10:23:11 +0700","EventID":10016,"Qualifiers":0,"EventType":"Warning","EventCategory":0,"Channel":"System","SourceName":"DCOM","ComputerName":"DESKTOP-RB8ENUF","Data":"","Sid":"S-1-5-21-3306260603-718234045-292622573-1001","Message":"The machine-default permission settings do not grant Local Activation permission for the COM Server application with CLSID \r\n{C2F03A33-21F5-47FA-B4BB-156362A2F239}\r\n and APPID \r\n{316CDED5-E4AE-4B15-9113-7055D84DCC97}\r\n to the user DESKTOP-RB8ENUF\\NgThang SID (S-1-5-21-3306260603-718234045-292622573-1001) from address LocalHost (Using LRPC) running in the application container Microsoft.Windows.ShellExperienceHost_10.0.19041.5072_neutral_neutral_cw5n1h2txyewy SID (S-1-15-2-155514346-2573954481-755741238-1654018636-1233331829-3075935687-2861478708). This security permission can be modified using the Component Services administrative tool.\r\n","StringInserts":["machine-default","Local","Activation","{C2F03A33-21F5-47FA-B4BB-156362A2F239}","{316CDED5-E4AE-4B15-9113-7055D84DCC97}","DESKTOP-RB8ENUF","NgThang","S-1-5-21-3306260603-718234045-292622573-1001","LocalHost (Using LRPC)","Microsoft.Windows.ShellExperienceHost_10.0.19041.5072_neutral_neutral_cw5n1h2txyewy","S-1-15-2-155514346-2573954481-755741238-1654018636-1233331829-3075935687-2861478708"]}
{"RecordNumber":18117,"TimeGenerated":"2025-06-29 10:24:04 +0700","TimeWritten":"2025-06-29 10:24:04 +0700","EventID":10016,"Qualifiers":0,"EventType":"Warning","EventCategory":0,"Channel":"System","SourceName":"DCOM","ComputerName":"DESKTOP-RB8ENUF","Data":"","Sid":"S-1-5-21-3306260603-718234045-292622573-1001","Message":"The machine-default permission settings do not grant Local Activation permission for the COM Server application with CLSID \r\n{C2F03A33-21F5-47FA-B4BB-156362A2F239}\r\n and APPID \r\n{316CDED5-E4AE-4B15-9113-7055D84DCC97}\r\n to the user DESKTOP-RB8ENUF\\NgThang SID (S-1-5-21-3306260603-718234045-292622573-1001) from address LocalHost (Using LRPC) running in the application container Microsoft.Windows.ShellExperienceHost_10.0.19041.5072_neutral_neutral_cw5n1h2txyewy SID (S-1-15-2-155514346-2573954481-755741238-1654018636-1233331829-3075935687-2861478708). This security permission can be modified using the Component Services administrative tool.\r\n","StringInserts":["machine-default","Local","Activation","{C2F03A33-21F5-47FA-B4BB-156362A2F239}","{316CDED5-E4AE-4B15-9113-7055D84DCC97}","DESKTOP-RB8ENUF","NgThang","S-1-5-21-3306260603-718234045-292622573-1001","LocalHost (Using LRPC)","Microsoft.Windows.ShellExperienceHost_10.0.19041.5072_neutral_neutral_cw5n1h2txyewy","S-1-15-2-155514346-2573954481-755741238-1654018636-1233331829-3075935687-2861478708"]}
{"RecordNumber":18118,"TimeGenerated":"2025-06-29 10:24:56 +0700","TimeWritten":"2025-06-29 10:24:56 +0700","EventID":10016,"Qualifiers":0,"EventType":"Warning","EventCategory":0,"Channel":"System","SourceName":"DCOM","ComputerName":"DESKTOP-RB8ENUF","Data":"","Sid":"S-1-5-21-3306260603-718234045-292622573-1001","Message":"The machine-default permission settings do not grant Local Activation permission for the COM Server application with CLSID \r\n{C2F03A33-21F5-47FA-B4BB-156362A2F239}\r\n and APPID \r\n{316CDED5-E4AE-4B15-9113-7055D84DCC97}\r\n to the user DESKTOP-RB8ENUF\\NgThang SID (S-1-5-21-3306260603-718234045-292622573-1001) from address LocalHost (Using LRPC) running in the application container Microsoft.Windows.ShellExperienceHost_10.0.19041.5072_neutral_neutral_cw5n1h2txyewy SID (S-1-15-2-155514346-2573954481-755741238-1654018636-1233331829-3075935687-2861478708). This security permission can be modified using the Component Services administrative tool.\r\n","StringInserts":["machine-default","Local","Activation","{C2F03A33-21F5-47FA-B4BB-156362A2F239}","{316CDED5-E4AE-4B15-9113-7055D84DCC97}","DESKTOP-RB8ENUF","NgThang","S-1-5-21-3306260603-718234045-292622573-1001","LocalHost (Using LRPC)","Microsoft.Windows.ShellExperienceHost_10.0.19041.5072_neutral_neutral_cw5n1h2txyewy","S-1-15-2-155514346-2573954481-755741238-1654018636-1233331829-3075935687-2861478708"]}
{"RecordNumber":18119,"TimeGenerated":"2025-06-29 10:25:45 +0700","TimeWritten":"2025-06-29 10:25:45 +0700","EventID":10016,"Qualifiers":0,"EventType":"Warning","EventCategory":0,"Channel":"System","SourceName":"DCOM","ComputerName":"DESKTOP-RB8ENUF","Data":"","Sid":"S-1-5-21-3306260603-718234045-292622573-1001","Message":"The machine-default permission settings do not grant Local Activation permission for the COM Server application with CLSID \r\n{C2F03A33-21F5-47FA-B4BB-156362A2F239}\r\n and APPID \r\n{316CDED5-E4AE-4B15-9113-7055D84DCC97}\r\n to the user DESKTOP-RB8ENUF\\NgThang SID (S-1-5-21-3306260603-718234045-292622573-1001) from address LocalHost (Using LRPC) running in the application container Microsoft.Windows.ShellExperienceHost_10.0.19041.5072_neutral_neutral_cw5n1h2txyewy SID (S-1-15-2-155514346-2573954481-755741238-1654018636-1233331829-3075935687-2861478708). This security permission can be modified using the Component Services administrative tool.\r\n","StringInserts":["machine-default","Local","Activation","{C2F03A33-21F5-47FA-B4BB-156362A2F239}","{316CDED5-E4AE-4B15-9113-7055D84DCC97}","DESKTOP-RB8ENUF","NgThang","S-1-5-21-3306260603-718234045-292622573-1001","LocalHost (Using LRPC)","Microsoft.Windows.ShellExperienceHost_10.0.19041.5072_neutral_neutral_cw5n1h2txyewy","S-1-15-2-155514346-2573954481-755741238-1654018636-1233331829-3075935687-2861478708"]}
{"RecordNumber":18120,"TimeGenerated":"2025-06-29 10:32:46 +0700","TimeWritten":"2025-06-29 10:32:46 +0700","EventID":10016,"Qualifiers":0,"EventType":"Warning","EventCategory":0,"Channel":"System","SourceName":"DCOM","ComputerName":"DESKTOP-RB8ENUF","Data":"","Sid":"S-1-5-21-3306260603-718234045-292622573-1001","Message":"The machine-default permission settings do not grant Local Activation permission for the COM Server application with CLSID \r\n{C2F03A33-21F5-47FA-B4BB-156362A2F239}\r\n and APPID \r\n{316CDED5-E4AE-4B15-9113-7055D84DCC97}\r\n to the user DESKTOP-RB8ENUF\\NgThang SID (S-1-5-21-3306260603-718234045-292622573-1001) from address LocalHost (Using LRPC) running in the application container Microsoft.Windows.ShellExperienceHost_10.0.19041.5072_neutral_neutral_cw5n1h2txyewy SID (S-1-15-2-155514346-2573954481-755741238-1654018636-1233331829-3075935687-2861478708). This security permission can be modified using the Component Services administrative tool.\r\n","StringInserts":["machine-default","Local","Activation","{C2F03A33-21F5-47FA-B4BB-156362A2F239}","{316CDED5-E4AE-4B15-9113-7055D84DCC97}","DESKTOP-RB8ENUF","NgThang","S-1-5-21-3306260603-718234045-292622573-1001","LocalHost (Using LRPC)","Microsoft.Windows.ShellExperienceHost_10.0.19041.5072_neutral_neutral_cw5n1h2txyewy","S-1-15-2-155514346-2573954481-755741238-1654018636-1233331829-3075935687-2861478708"]}
{"RecordNumber":18121,"TimeGenerated":"2025-06-29 10:33:55 +0700","TimeWritten":"2025-06-29 10:33:55 +0700","EventID":10016,"Qualifiers":0,"EventType":"Warning","EventCategory":0,"Channel":"System","SourceName":"DCOM","ComputerName":"DESKTOP-RB8ENUF","Data":"","Sid":"S-1-5-21-3306260603-718234045-292622573-1001","Message":"The machine-default permission settings do not grant Local Activation permission for the COM Server application with CLSID \r\n{C2F03A33-21F5-47FA-B4BB-156362A2F239}\r\n and APPID \r\n{316CDED5-E4AE-4B15-9113-7055D84DCC97}\r\n to the user DESKTOP-RB8ENUF\\NgThang SID (S-1-5-21-3306260603-718234045-292622573-1001) from address LocalHost (Using LRPC) running in the application container Microsoft.Windows.ShellExperienceHost_10.0.19041.5072_neutral_neutral_cw5n1h2txyewy SID (S-1-15-2-155514346-2573954481-755741238-1654018636-1233331829-3075935687-2861478708). This security permission can be modified using the Component Services administrative tool.\r\n","StringInserts":["machine-default","Local","Activation","{C2F03A33-21F5-47FA-B4BB-156362A2F239}","{316CDED5-E4AE-4B15-9113-7055D84DCC97}","DESKTOP-RB8ENUF","NgThang","S-1-5-21-3306260603-718234045-292622573-1001","LocalHost (Using LRPC)","Microsoft.Windows.ShellExperienceHost_10.0.19041.5072_neutral_neutral_cw5n1h2txyewy","S-1-15-2-155514346-2573954481-755741238-1654018636-1233331829-3075935687-2861478708"]}
{"RecordNumber":18122,"TimeGenerated":"2025-06-29 10:37:12 +0700","TimeWritten":"2025-06-29 10:37:12 +0700","EventID":10016,"Qualifiers":0,"EventType":"Warning","EventCategory":0,"Channel":"System","SourceName":"DCOM","ComputerName":"DESKTOP-RB8ENUF","Data":"","Sid":"S-1-5-21-3306260603-718234045-292622573-1001","Message":"The machine-default permission settings do not grant Local Activation permission for the COM Server application with CLSID \r\n{C2F03A33-21F5-47FA-B4BB-156362A2F239}\r\n and APPID \r\n{316CDED5-E4AE-4B15-9113-7055D84DCC97}\r\n to the user DESKTOP-RB8ENUF\\NgThang SID (S-1-5-21-3306260603-718234045-292622573-1001) from address LocalHost (Using LRPC) running in the application container Microsoft.Windows.ShellExperienceHost_10.0.19041.5072_neutral_neutral_cw5n1h2txyewy SID (S-1-15-2-155514346-2573954481-755741238-1654018636-1233331829-3075935687-2861478708). This security permission can be modified using the Component Services administrative tool.\r\n","StringInserts":["machine-default","Local","Activation","{C2F03A33-21F5-47FA-B4BB-156362A2F239}","{316CDED5-E4AE-4B15-9113-7055D84DCC97}","DESKTOP-RB8ENUF","NgThang","S-1-5-21-3306260603-718234045-292622573-1001","LocalHost (Using LRPC)","Microsoft.Windows.ShellExperienceHost_10.0.19041.5072_neutral_neutral_cw5n1h2txyewy","S-1-15-2-155514346-2573954481-755741238-1654018636-1233331829-3075935687-2861478708"]}
{"RecordNumber":18123,"TimeGenerated":"2025-06-29 12:00:00 +0700","TimeWritten":"2025-06-29 12:00:00 +0700","EventID":6013,"Qualifiers":32768,"EventType":"Information","EventCategory":0,"Channel":"System","SourceName":"EventLog","ComputerName":"DESKTOP-RB8ENUF","Data":"31002e003100000030000000570069006e0064006f00770073002000310030002000500072006f000000310030002e0030002e003100390030003400350020004200750069006c0064002000310039003000340035002000200000004d0075006c0074006900700072006f0063006500730073006f007200200046007200650065000000310039003000340031002e00760062005f00720065006c0065006100730065002e003100390031003200300036002d00310034003000360000003600350066003300320061003200320000004e006f007400200041007600610069006c00610062006c00650000004e006f007400200041007600610069006c00610062006c00650000003900000031003200000031003600310032003600000034003000390000004400450053004b0054004f0050002d0052004200380045004e005500460000000000","Sid":"","Message":"The system uptime is 499065 seconds.\r\n","StringInserts":["","","","","499065","60","-420 SE Asia Standard Time"]}
{"RecordNumber":18124,"TimeGenerated":"2025-06-29 12:47:12 +0700","TimeWritten":"2025-06-29 12:47:12 +0700","EventID":10016,"Qualifiers":0,"EventType":"Warning","EventCategory":0,"Channel":"System","SourceName":"DCOM","ComputerName":"DESKTOP-RB8ENUF","Data":"","Sid":"S-1-5-21-3306260603-718234045-292622573-1001","Message":"The machine-default permission settings do not grant Local Activation permission for the COM Server application with CLSID \r\n{C2F03A33-21F5-47FA-B4BB-156362A2F239}\r\n and APPID \r\n{316CDED5-E4AE-4B15-9113-7055D84DCC97}\r\n to the user DESKTOP-RB8ENUF\\NgThang SID (S-1-5-21-3306260603-718234045-292622573-1001) from address LocalHost (Using LRPC) running in the application container Microsoft.Windows.ShellExperienceHost_10.0.19041.5072_neutral_neutral_cw5n1h2txyewy SID (S-1-15-2-155514346-2573954481-755741238-1654018636-1233331829-3075935687-2861478708). This security permission can be modified using the Component Services administrative tool.\r\n","StringInserts":["machine-default","Local","Activation","{C2F03A33-21F5-47FA-B4BB-156362A2F239}","{316CDED5-E4AE-4B15-9113-7055D84DCC97}","DESKTOP-RB8ENUF","NgThang","S-1-5-21-3306260603-718234045-292622573-1001","LocalHost (Using LRPC)","Microsoft.Windows.ShellExperienceHost_10.0.19041.5072_neutral_neutral_cw5n1h2txyewy","S-1-15-2-155514346-2573954481-755741238-1654018636-1233331829-3075935687-2861478708"]}
{"RecordNumber":18125,"TimeGenerated":"2025-06-29 13:24:19 +0700","TimeWritten":"2025-06-29 13:24:19 +0700","EventID":7040,"Qualifiers":16384,"EventType":"Information","EventCategory":0,"Channel":"System","SourceName":"Service Control Manager","ComputerName":"DESKTOP-RB8ENUF","Data":"","Sid":"S-1-5-18","Message":"The start type of the Background Intelligent Transfer Service service was changed from demand start to auto start.\r\n","StringInserts":["Background Intelligent Transfer Service","demand start","auto start","BITS"]}
{"RecordNumber":18126,"TimeGenerated":"2025-06-29 13:26:43 +0700","TimeWritten":"2025-06-29 13:26:43 +0700","EventID":7040,"Qualifiers":16384,"EventType":"Information","EventCategory":0,"Channel":"System","SourceName":"Service Control Manager","ComputerName":"DESKTOP-RB8ENUF","Data":"","Sid":"S-1-5-18","Message":"The start type of the Background Intelligent Transfer Service service was changed from auto start to demand start.\r\n","StringInserts":["Background Intelligent Transfer Service","auto start","demand start","BITS"]}
{"RecordNumber":18127,"TimeGenerated":"2025-06-29 17:22:52 +0700","TimeWritten":"2025-06-29 17:22:52 +0700","EventID":7040,"Qualifiers":16384,"EventType":"Information","EventCategory":0,"Channel":"System","SourceName":"Service Control Manager","ComputerName":"DESKTOP-RB8ENUF","Data":"","Sid":"S-1-5-18","Message":"The start type of the Background Intelligent Transfer Service service was changed from demand start to auto start.\r\n","StringInserts":["Background Intelligent Transfer Service","demand start","auto start","BITS"]}
{"RecordNumber":18128,"TimeGenerated":"2025-06-29 17:24:57 +0700","TimeWritten":"2025-06-29 17:24:57 +0700","EventID":7040,"Qualifiers":16384,"EventType":"Information","EventCategory":0,"Channel":"System","SourceName":"Service Control Manager","ComputerName":"DESKTOP-RB8ENUF","Data":"","Sid":"S-1-5-18","Message":"The start type of the Background Intelligent Transfer Service service was changed from auto start to demand start.\r\n","StringInserts":["Background Intelligent Transfer Service","auto start","demand start","BITS"]}
{"RecordNumber":18129,"TimeGenerated":"2025-06-29 17:27:37 +0700","TimeWritten":"2025-06-29 17:27:37 +0700","EventID":1796,"Qualifiers":0,"EventType":"Error","EventCategory":0,"Channel":"System","SourceName":"Microsoft-Windows-TPM-WMI","ComputerName":"DESKTOP-RB8ENUF","Data":"","Sid":"S-1-5-18","Message":"The Secure Boot update failed to update a Secure Boot variable with error -2147020471. For more information, please see https://go.microsoft.com/fwlink/?linkid=2169931\r\n","StringInserts":["-2147020471"]}
{"RecordNumber":18130,"TimeGenerated":"2025-06-29 17:27:37 +0700","TimeWritten":"2025-06-29 17:27:37 +0700","EventID":1796,"Qualifiers":0,"EventType":"Error","EventCategory":0,"Channel":"System","SourceName":"Microsoft-Windows-TPM-WMI","ComputerName":"DESKTOP-RB8ENUF","Data":"","Sid":"S-1-5-18","Message":"The Secure Boot update failed to update a Secure Boot variable with error -2147020471. For more information, please see https://go.microsoft.com/fwlink/?linkid=2169931\r\n","StringInserts":["-2147020471"]}
{"RecordNumber":18131,"TimeGenerated":"2025-06-29 17:33:03 +0700","TimeWritten":"2025-06-29 17:33:03 +0700","EventID":44,"Qualifiers":0,"EventType":"Information","EventCategory":1,"Channel":"System","SourceName":"Microsoft-Windows-WindowsUpdateClient","ComputerName":"DESKTOP-RB8ENUF","Data":"","Sid":"S-1-5-18","Message":"Windows Update started downloading an update.\r\n","StringInserts":["Security Intelligence Update for Microsoft Defender Antivirus - KB2267602 (Version 1.431.292.0) - Current Channel (Broad)","{6a3cdee1-8bbb-45bf-bef0-e5ae0a6a94fe}","200"]}
{"RecordNumber":18132,"TimeGenerated":"2025-06-29 17:33:03 +0700","TimeWritten":"2025-06-29 17:33:03 +0700","EventID":43,"Qualifiers":0,"EventType":"Information","EventCategory":1,"Channel":"System","SourceName":"Microsoft-Windows-WindowsUpdateClient","ComputerName":"DESKTOP-RB8ENUF","Data":"","Sid":"S-1-5-18","Message":"Installation Started: Windows has started installing the following update: Security Intelligence Update for Microsoft Defender Antivirus - KB2267602 (Version 1.431.292.0) - Current Channel (Broad)\r\n","StringInserts":["Security Intelligence Update for Microsoft Defender Antivirus - KB2267602 (Version 1.431.292.0) - Current Channel (Broad)","{6a3cdee1-8bbb-45bf-bef0-e5ae0a6a94fe}","200"]}
{"RecordNumber":18133,"TimeGenerated":"2025-06-29 17:33:11 +0700","TimeWritten":"2025-06-29 17:33:11 +0700","EventID":19,"Qualifiers":0,"EventType":"Information","EventCategory":1,"Channel":"System","SourceName":"Microsoft-Windows-WindowsUpdateClient","ComputerName":"DESKTOP-RB8ENUF","Data":"","Sid":"S-1-5-18","Message":"Installation Successful: Windows successfully installed the following update: Security Intelligence Update for Microsoft Defender Antivirus - KB2267602 (Version 1.431.292.0) - Current Channel (Broad)\r\n","StringInserts":["Security Intelligence Update for Microsoft Defender Antivirus - KB2267602 (Version 1.431.292.0) - Current Channel (Broad)","{6a3cdee1-8bbb-45bf-bef0-e5ae0a6a94fe}","200","{9482f4b4-e343-43b6-b170-9a65bc822c77}"]}
{"RecordNumber":18134,"TimeGenerated":"2025-06-29 18:45:55 +0700","TimeWritten":"2025-06-29 18:45:55 +0700","EventID":7040,"Qualifiers":16384,"EventType":"Information","EventCategory":0,"Channel":"System","SourceName":"Service Control Manager","ComputerName":"DESKTOP-RB8ENUF","Data":"","Sid":"S-1-5-18","Message":"The start type of the Background Intelligent Transfer Service service was changed from demand start to auto start.\r\n","StringInserts":["Background Intelligent Transfer Service","demand start","auto start","BITS"]}
{"RecordNumber":18135,"TimeGenerated":"2025-06-29 18:48:08 +0700","TimeWritten":"2025-06-29 18:48:08 +0700","EventID":7040,"Qualifiers":16384,"EventType":"Information","EventCategory":0,"Channel":"System","SourceName":"Service Control Manager","ComputerName":"DESKTOP-RB8ENUF","Data":"","Sid":"S-1-5-18","Message":"The start type of the Background Intelligent Transfer Service service was changed from auto start to demand start.\r\n","StringInserts":["Background Intelligent Transfer Service","auto start","demand start","BITS"]}
{"RecordNumber":18136,"TimeGenerated":"2025-06-29 21:31:54 +0700","TimeWritten":"2025-06-29 21:31:54 +0700","EventID":44,"Qualifiers":0,"EventType":"Information","EventCategory":1,"Channel":"System","SourceName":"Microsoft-Windows-WindowsUpdateClient","ComputerName":"DESKTOP-RB8ENUF","Data":"","Sid":"S-1-5-18","Message":"Windows Update started downloading an update.\r\n","StringInserts":["Security Intelligence Update for Microsoft Defender Antivirus - KB2267602 (Version 1.431.294.0) - Current Channel (Broad)","{a51b6247-2837-472c-b21a-7032f99f50dd}","200"]}
{"RecordNumber":18137,"TimeGenerated":"2025-06-29 21:31:55 +0700","TimeWritten":"2025-06-29 21:31:55 +0700","EventID":43,"Qualifiers":0,"EventType":"Information","EventCategory":1,"Channel":"System","SourceName":"Microsoft-Windows-WindowsUpdateClient","ComputerName":"DESKTOP-RB8ENUF","Data":"","Sid":"S-1-5-18","Message":"Installation Started: Windows has started installing the following update: Security Intelligence Update for Microsoft Defender Antivirus - KB2267602 (Version 1.431.294.0) - Current Channel (Broad)\r\n","StringInserts":["Security Intelligence Update for Microsoft Defender Antivirus - KB2267602 (Version 1.431.294.0) - Current Channel (Broad)","{a51b6247-2837-472c-b21a-7032f99f50dd}","200"]}
{"RecordNumber":18138,"TimeGenerated":"2025-06-29 21:32:03 +0700","TimeWritten":"2025-06-29 21:32:03 +0700","EventID":19,"Qualifiers":0,"EventType":"Information","EventCategory":1,"Channel":"System","SourceName":"Microsoft-Windows-WindowsUpdateClient","ComputerName":"DESKTOP-RB8ENUF","Data":"","Sid":"S-1-5-18","Message":"Installation Successful: Windows successfully installed the following update: Security Intelligence Update for Microsoft Defender Antivirus - KB2267602 (Version 1.431.294.0) - Current Channel (Broad)\r\n","StringInserts":["Security Intelligence Update for Microsoft Defender Antivirus - KB2267602 (Version 1.431.294.0) - Current Channel (Broad)","{a51b6247-2837-472c-b21a-7032f99f50dd}","200","{9482f4b4-e343-43b6-b170-9a65bc822c77}"]}
{"RecordNumber":18139,"TimeGenerated":"2025-06-29 23:24:19 +0700","TimeWritten":"2025-06-29 23:24:19 +0700","EventID":7040,"Qualifiers":16384,"EventType":"Information","EventCategory":0,"Channel":"System","SourceName":"Service Control Manager","ComputerName":"DESKTOP-RB8ENUF","Data":"","Sid":"S-1-5-18","Message":"The start type of the Background Intelligent Transfer Service service was changed from demand start to auto start.\r\n","StringInserts":["Background Intelligent Transfer Service","demand start","auto start","BITS"]}
{"RecordNumber":18140,"TimeGenerated":"2025-06-29 23:26:31 +0700","TimeWritten":"2025-06-29 23:26:31 +0700","EventID":7040,"Qualifiers":16384,"EventType":"Information","EventCategory":0,"Channel":"System","SourceName":"Service Control Manager","ComputerName":"DESKTOP-RB8ENUF","Data":"","Sid":"S-1-5-18","Message":"The start type of the Background Intelligent Transfer Service service was changed from auto start to demand start.\r\n","StringInserts":["Background Intelligent Transfer Service","auto start","demand start","BITS"]}
{"RecordNumber":18141,"TimeGenerated":"2025-06-29 23:41:20 +0700","TimeWritten":"2025-06-29 23:41:20 +0700","EventID":44,"Qualifiers":0,"EventType":"Information","EventCategory":1,"Channel":"System","SourceName":"Microsoft-Windows-WindowsUpdateClient","ComputerName":"DESKTOP-RB8ENUF","Data":"","Sid":"S-1-5-18","Message":"Windows Update started downloading an update.\r\n","StringInserts":["9NBLGGH4NNS1-Microsoft.DesktopAppInstaller","{eac2b4c7-0286-4746-8b0b-08c11d2ee637}","1"]}
{"RecordNumber":18142,"TimeGenerated":"2025-06-29 23:41:20 +0700","TimeWritten":"2025-06-29 23:41:20 +0700","EventID":43,"Qualifiers":0,"EventType":"Information","EventCategory":1,"Channel":"System","SourceName":"Microsoft-Windows-WindowsUpdateClient","ComputerName":"DESKTOP-RB8ENUF","Data":"","Sid":"S-1-5-18","Message":"Installation Started: Windows has started installing the following update: 9NBLGGH4NNS1-Microsoft.DesktopAppInstaller\r\n","StringInserts":["9NBLGGH4NNS1-Microsoft.DesktopAppInstaller","{eac2b4c7-0286-4746-8b0b-08c11d2ee637}","1"]}
{"RecordNumber":18143,"TimeGenerated":"2025-06-29 23:41:21 +0700","TimeWritten":"2025-06-29 23:41:21 +0700","EventID":20,"Qualifiers":0,"EventType":"Error","EventCategory":1,"Channel":"System","SourceName":"Microsoft-Windows-WindowsUpdateClient","ComputerName":"DESKTOP-RB8ENUF","Data":"","Sid":"S-1-5-18","Message":"Installation Failure: Windows failed to install the following update with error 0x80073d02: 9NBLGGH4NNS1-Microsoft.DesktopAppInstaller.\r\n","StringInserts":["0x80073d02","9NBLGGH4NNS1-Microsoft.DesktopAppInstaller","{eac2b4c7-0286-4746-8b0b-08c11d2ee637}","1","{855e8a7c-ecb4-4ca3-b045-1dfa50104289}"]}
{"RecordNumber":18144,"TimeGenerated":"2025-06-30 00:51:50 +0700","TimeWritten":"2025-06-30 00:51:50 +0700","EventID":7040,"Qualifiers":16384,"EventType":"Information","EventCategory":0,"Channel":"System","SourceName":"Service Control Manager","ComputerName":"DESKTOP-RB8ENUF","Data":"","Sid":"S-1-5-18","Message":"The start type of the Background Intelligent Transfer Service service was changed from demand start to auto start.\r\n","StringInserts":["Background Intelligent Transfer Service","demand start","auto start","BITS"]}
{"RecordNumber":18145,"TimeGenerated":"2025-06-30 00:53:54 +0700","TimeWritten":"2025-06-30 00:53:54 +0700","EventID":7040,"Qualifiers":16384,"EventType":"Information","EventCategory":0,"Channel":"System","SourceName":"Service Control Manager","ComputerName":"DESKTOP-RB8ENUF","Data":"","Sid":"S-1-5-18","Message":"The start type of the Background Intelligent Transfer Service service was changed from auto start to demand start.\r\n","StringInserts":["Background Intelligent Transfer Service","auto start","demand start","BITS"]}
{"RecordNumber":18146,"TimeGenerated":"2025-06-30 01:22:48 +0700","TimeWritten":"2025-06-30 01:22:48 +0700","EventID":7040,"Qualifiers":16384,"EventType":"Information","EventCategory":0,"Channel":"System","SourceName":"Service Control Manager","ComputerName":"DESKTOP-RB8ENUF","Data":"","Sid":"S-1-5-18","Message":"The start type of the Windows Modules Installer service was changed from demand start to auto start.\r\n","StringInserts":["Windows Modules Installer","demand start","auto start","TrustedInstaller"]}
{"RecordNumber":18147,"TimeGenerated":"2025-06-30 01:22:48 +0700","TimeWritten":"2025-06-30 01:22:48 +0700","EventID":158,"Qualifiers":0,"EventType":"Information","EventCategory":0,"Channel":"System","SourceName":"Microsoft-Windows-Time-Service","ComputerName":"DESKTOP-RB8ENUF","Data":"","Sid":"S-1-5-19","Message":"The time provider 'VMICTimeProvider' has indicated that the current hardware and operating environment is not supported and has stopped. This behavior is expected for VMICTimeProvider on non-HyperV-guest environments. This may be the expected behavior for the current provider in the current operating environment as well.\r\n","StringInserts":["VMICTimeProvider"]}
{"RecordNumber":18148,"TimeGenerated":"2025-06-30 01:22:50 +0700","TimeWritten":"2025-06-30 01:22:50 +0700","EventID":37,"Qualifiers":0,"EventType":"Information","EventCategory":0,"Channel":"System","SourceName":"Microsoft-Windows-Time-Service","ComputerName":"DESKTOP-RB8ENUF","Data":"","Sid":"S-1-5-19","Message":"The time provider NtpClient is currently receiving valid time data from time.windows.com,0x9 (ntp.m|0x9|0.0.0.0:123->20.189.79.72:123).\r\n","StringInserts":["time.windows.com,0x9 (ntp.m|0x9|0.0.0.0:123->20.189.79.72:123)"]}
{"RecordNumber":18149,"TimeGenerated":"2025-06-30 01:22:51 +0700","TimeWritten":"2025-06-30 01:22:51 +0700","EventID":16,"Qualifiers":0,"EventType":"Information","EventCategory":0,"Channel":"System","SourceName":"Microsoft-Windows-Kernel-General","ComputerName":"DESKTOP-RB8ENUF","Data":"","Sid":"S-1-5-18","Message":"","StringInserts":["52","\\??\\C:\\Windows\\System32\\SMI\\Store\\Machine\\SCHEMA.DAT","15939","2712"]}
{"RecordNumber":18150,"TimeGenerated":"2025-06-30 01:23:03 +0700","TimeWritten":"2025-06-30 01:23:03 +0700","EventID":24,"Qualifiers":0,"EventType":"Information","EventCategory":11,"Channel":"System","SourceName":"Microsoft-Windows-Kernel-General","ComputerName":"DESKTOP-RB8ENUF","Data":"","Sid":"S-1-5-19","Message":"","StringInserts":["0","-420","0","0","0"]}
{"RecordNumber":18151,"TimeGenerated":"2025-06-30 01:23:03 +0700","TimeWritten":"2025-06-30 01:23:03 +0700","EventID":1,"Qualifiers":0,"EventType":"Information","EventCategory":5,"Channel":"System","SourceName":"Microsoft-Windows-Kernel-General","ComputerName":"DESKTOP-RB8ENUF","Data":"","Sid":"S-1-5-19","Message":"Possible detection of CVE: 2025-06-29T18:23:03.0889476Z\r\nAdditional Information: 2025-06-29T18:23:04.5744954Z\r\n\r\nThis Event is generated when an attempt to exploit a known vulnerability (2025-06-29T18:23:03.0889476Z) is detected.\r\nThis Event is raised by a User mode process.\r\n\r\n","StringInserts":["2025-06-29T18:23:03.0889476Z","2025-06-29T18:23:04.5744954Z","1","\\Device\\HarddiskVolume7\\Windows\\System32\\svchost.exe","20276"]}
{"RecordNumber":18152,"TimeGenerated":"2025-06-30 01:23:03 +0700","TimeWritten":"2025-06-30 01:23:03 +0700","EventID":35,"Qualifiers":0,"EventType":"Information","EventCategory":0,"Channel":"System","SourceName":"Microsoft-Windows-Time-Service","ComputerName":"DESKTOP-RB8ENUF","Data":"","Sid":"S-1-5-19","Message":"The time service is now synchronizing the system time with the time source time.windows.com,0x9 (ntp.m|0x9|0.0.0.0:123->20.189.79.72:123) with reference id 1213185300. Current local stratum number is 4.\r\n","StringInserts":["time.windows.com,0x9 (ntp.m|0x9|0.0.0.0:123->20.189.79.72:123)","1213185300","4"]}
{"RecordNumber":18153,"TimeGenerated":"2025-06-30 01:23:03 +0700","TimeWritten":"2025-06-30 01:23:03 +0700","EventID":24,"Qualifiers":0,"EventType":"Information","EventCategory":11,"Channel":"System","SourceName":"Microsoft-Windows-Kernel-General","ComputerName":"DESKTOP-RB8ENUF","Data":"","Sid":"S-1-5-19","Message":"","StringInserts":["0","-420","0","0","0"]}
{"RecordNumber":18154,"TimeGenerated":"2025-06-30 01:23:03 +0700","TimeWritten":"2025-06-30 01:23:03 +0700","EventID":1,"Qualifiers":0,"EventType":"Information","EventCategory":5,"Channel":"System","SourceName":"Microsoft-Windows-Kernel-General","ComputerName":"DESKTOP-RB8ENUF","Data":"","Sid":"S-1-5-19","Message":"Possible detection of CVE: 2025-06-29T18:23:03.0909286Z\r\nAdditional Information: 2025-06-29T18:23:03.0906953Z\r\n\r\nThis Event is generated when an attempt to exploit a known vulnerability (2025-06-29T18:23:03.0909286Z) is detected.\r\nThis Event is raised by a User mode process.\r\n\r\n","StringInserts":["2025-06-29T18:23:03.0909286Z","2025-06-29T18:23:03.0906953Z","1","\\Device\\HarddiskVolume7\\Windows\\System32\\svchost.exe","20276"]}
{"RecordNumber":18155,"TimeGenerated":"2025-06-30 01:23:03 +0700","TimeWritten":"2025-06-30 01:23:03 +0700","EventID":24,"Qualifiers":0,"EventType":"Information","EventCategory":11,"Channel":"System","SourceName":"Microsoft-Windows-Kernel-General","ComputerName":"DESKTOP-RB8ENUF","Data":"","Sid":"S-1-5-19","Message":"","StringInserts":["0","-420","0","0","0"]}
{"RecordNumber":18156,"TimeGenerated":"2025-06-30 01:23:03 +0700","TimeWritten":"2025-06-30 01:23:03 +0700","EventID":1,"Qualifiers":0,"EventType":"Information","EventCategory":5,"Channel":"System","SourceName":"Microsoft-Windows-Kernel-General","ComputerName":"DESKTOP-RB8ENUF","Data":"","Sid":"S-1-5-19","Message":"Possible detection of CVE: 2025-06-29T18:23:03.0929197Z\r\nAdditional Information: 2025-06-29T18:23:03.0925399Z\r\n\r\nThis Event is generated when an attempt to exploit a known vulnerability (2025-06-29T18:23:03.0929197Z) is detected.\r\nThis Event is raised by a User mode process.\r\n\r\n","StringInserts":["2025-06-29T18:23:03.0929197Z","2025-06-29T18:23:03.0925399Z","1","\\Device\\HarddiskVolume7\\Windows\\System32\\svchost.exe","20276"]}
{"RecordNumber":18157,"TimeGenerated":"2025-06-30 01:24:06 +0700","TimeWritten":"2025-06-30 01:24:06 +0700","EventID":7040,"Qualifiers":16384,"EventType":"Information","EventCategory":0,"Channel":"System","SourceName":"Service Control Manager","ComputerName":"DESKTOP-RB8ENUF","Data":"","Sid":"S-1-5-18","Message":"The start type of the Windows Modules Installer service was changed from auto start to demand start.\r\n","StringInserts":["Windows Modules Installer","auto start","demand start","TrustedInstaller"]}
{"RecordNumber":18158,"TimeGenerated":"2025-06-30 01:24:13 +0700","TimeWritten":"2025-06-30 01:24:13 +0700","EventID":7040,"Qualifiers":16384,"EventType":"Information","EventCategory":0,"Channel":"System","SourceName":"Service Control Manager","ComputerName":"DESKTOP-RB8ENUF","Data":"","Sid":"S-1-5-18","Message":"The start type of the Windows Modules Installer service was changed from demand start to auto start.\r\n","StringInserts":["Windows Modules Installer","demand start","auto start","TrustedInstaller"]}
{"RecordNumber":18159,"TimeGenerated":"2025-06-30 01:24:13 +0700","TimeWritten":"2025-06-30 01:24:13 +0700","EventID":7040,"Qualifiers":16384,"EventType":"Information","EventCategory":0,"Channel":"System","SourceName":"Service Control Manager","ComputerName":"DESKTOP-RB8ENUF","Data":"","Sid":"S-1-5-18","Message":"The start type of the Windows Modules Installer service was changed from auto start to demand start.\r\n","StringInserts":["Windows Modules Installer","auto start","demand start","TrustedInstaller"]}
{"RecordNumber":18160,"TimeGenerated":"2025-06-30 01:31:23 +0700","TimeWritten":"2025-06-30 01:31:23 +0700","EventID":43,"Qualifiers":0,"EventType":"Information","EventCategory":1,"Channel":"System","SourceName":"Microsoft-Windows-WindowsUpdateClient","ComputerName":"DESKTOP-RB8ENUF","Data":"","Sid":"S-1-5-18","Message":"Installation Started: Windows has started installing the following update: 2025-06 Update for Windows 10 Version 22H2 for x64-based Systems (KB5001716)\r\n","StringInserts":["2025-06 Update for Windows 10 Version 22H2 for x64-based Systems (KB5001716)","{dfc3e926-bfb2-45c0-a386-7553f3b1242d}","203"]}
{"RecordNumber":18161,"TimeGenerated":"2025-06-30 01:31:23 +0700","TimeWritten":"2025-06-30 01:31:23 +0700","EventID":19,"Qualifiers":0,"EventType":"Information","EventCategory":1,"Channel":"System","SourceName":"Microsoft-Windows-WindowsUpdateClient","ComputerName":"DESKTOP-RB8ENUF","Data":"","Sid":"S-1-5-18","Message":"Installation Successful: Windows successfully installed the following update: 2025-06 Update for Windows 10 Version 22H2 for x64-based Systems (KB5001716)\r\n","StringInserts":["2025-06 Update for Windows 10 Version 22H2 for x64-based Systems (KB5001716)","{dfc3e926-bfb2-45c0-a386-7553f3b1242d}","203","{9482f4b4-e343-43b6-b170-9a65bc822c77}"]}
{"RecordNumber":18162,"TimeGenerated":"2025-06-30 05:27:37 +0700","TimeWritten":"2025-06-30 05:27:37 +0700","EventID":1796,"Qualifiers":0,"EventType":"Error","EventCategory":0,"Channel":"System","SourceName":"Microsoft-Windows-TPM-WMI","ComputerName":"DESKTOP-RB8ENUF","Data":"","Sid":"S-1-5-18","Message":"The Secure Boot update failed to update a Secure Boot variable with error -2147020471. For more information, please see https://go.microsoft.com/fwlink/?linkid=2169931\r\n","StringInserts":["-2147020471"]}
{"RecordNumber":18163,"TimeGenerated":"2025-06-30 05:27:37 +0700","TimeWritten":"2025-06-30 05:27:37 +0700","EventID":1796,"Qualifiers":0,"EventType":"Error","EventCategory":0,"Channel":"System","SourceName":"Microsoft-Windows-TPM-WMI","ComputerName":"DESKTOP-RB8ENUF","Data":"","Sid":"S-1-5-18","Message":"The Secure Boot update failed to update a Secure Boot variable with error -2147020471. For more information, please see https://go.microsoft.com/fwlink/?linkid=2169931\r\n","StringInserts":["-2147020471"]}
{"RecordNumber":18164,"TimeGenerated":"2025-06-30 07:27:09 +0700","TimeWritten":"2025-06-30 07:27:09 +0700","EventID":10016,"Qualifiers":0,"EventType":"Warning","EventCategory":0,"Channel":"System","SourceName":"DCOM","ComputerName":"DESKTOP-RB8ENUF","Data":"","Sid":"S-1-5-21-3306260603-718234045-292622573-1001","Message":"The machine-default permission settings do not grant Local Activation permission for the COM Server application with CLSID \r\n{C2F03A33-21F5-47FA-B4BB-156362A2F239}\r\n and APPID \r\n{316CDED5-E4AE-4B15-9113-7055D84DCC97}\r\n to the user DESKTOP-RB8ENUF\\NgThang SID (S-1-5-21-3306260603-718234045-292622573-1001) from address LocalHost (Using LRPC) running in the application container Microsoft.Windows.ShellExperienceHost_10.0.19041.5072_neutral_neutral_cw5n1h2txyewy SID (S-1-15-2-155514346-2573954481-755741238-1654018636-1233331829-3075935687-2861478708). This security permission can be modified using the Component Services administrative tool.\r\n","StringInserts":["machine-default","Local","Activation","{C2F03A33-21F5-47FA-B4BB-156362A2F239}","{316CDED5-E4AE-4B15-9113-7055D84DCC97}","DESKTOP-RB8ENUF","NgThang","S-1-5-21-3306260603-718234045-292622573-1001","LocalHost (Using LRPC)","Microsoft.Windows.ShellExperienceHost_10.0.19041.5072_neutral_neutral_cw5n1h2txyewy","S-1-15-2-155514346-2573954481-755741238-1654018636-1233331829-3075935687-2861478708"]}
{"RecordNumber":18165,"TimeGenerated":"2025-06-30 09:06:41 +0700","TimeWritten":"2025-06-30 09:06:41 +0700","EventID":10016,"Qualifiers":0,"EventType":"Warning","EventCategory":0,"Channel":"System","SourceName":"DCOM","ComputerName":"DESKTOP-RB8ENUF","Data":"","Sid":"S-1-5-21-3306260603-718234045-292622573-1001","Message":"The application-specific permission settings do not grant Local Activation permission for the COM Server application with CLSID \r\n{8BC3F05E-D86B-11D0-A075-00C04FB68820}\r\n and APPID \r\n{8BC3F05E-D86B-11D0-A075-00C04FB68820}\r\n to the user DESKTOP-RB8ENUF\\NgThang SID (S-1-5-21-3306260603-718234045-292622573-1001) from address LocalHost (Using LRPC) running in the application container Unavailable SID (S-1-15-2-2085316195-3595399304-1955220219-2244180698-3147274815-1610562881-514699428). This security permission can be modified using the Component Services administrative tool.\r\n","StringInserts":["application-specific","Local","Activation","{8BC3F05E-D86B-11D0-A075-00C04FB68820}","{8BC3F05E-D86B-11D0-A075-00C04FB68820}","DESKTOP-RB8ENUF","NgThang","S-1-5-21-3306260603-718234045-292622573-1001","LocalHost (Using LRPC)","Unavailable","S-1-15-2-2085316195-3595399304-1955220219-2244180698-3147274815-1610562881-514699428"]}
{"RecordNumber":18166,"TimeGenerated":"2025-06-30 09:10:12 +0700","TimeWritten":"2025-06-30 09:10:12 +0700","EventID":10016,"Qualifiers":0,"EventType":"Warning","EventCategory":0,"Channel":"System","SourceName":"DCOM","ComputerName":"DESKTOP-RB8ENUF","Data":"","Sid":"S-1-5-21-3306260603-718234045-292622573-1001","Message":"The machine-default permission settings do not grant Local Activation permission for the COM Server application with CLSID \r\n{C2F03A33-21F5-47FA-B4BB-156362A2F239}\r\n and APPID \r\n{316CDED5-E4AE-4B15-9113-7055D84DCC97}\r\n to the user DESKTOP-RB8ENUF\\NgThang SID (S-1-5-21-3306260603-718234045-292622573-1001) from address LocalHost (Using LRPC) running in the application container Microsoft.Windows.ShellExperienceHost_10.0.19041.5072_neutral_neutral_cw5n1h2txyewy SID (S-1-15-2-155514346-2573954481-755741238-1654018636-1233331829-3075935687-2861478708). This security permission can be modified using the Component Services administrative tool.\r\n","StringInserts":["machine-default","Local","Activation","{C2F03A33-21F5-47FA-B4BB-156362A2F239}","{316CDED5-E4AE-4B15-9113-7055D84DCC97}","DESKTOP-RB8ENUF","NgThang","S-1-5-21-3306260603-718234045-292622573-1001","LocalHost (Using LRPC)","Microsoft.Windows.ShellExperienceHost_10.0.19041.5072_neutral_neutral_cw5n1h2txyewy","S-1-15-2-155514346-2573954481-755741238-1654018636-1233331829-3075935687-2861478708"]}
{"RecordNumber":18167,"TimeGenerated":"2025-06-30 09:26:45 +0700","TimeWritten":"2025-06-30 09:26:45 +0700","EventID":44,"Qualifiers":0,"EventType":"Information","EventCategory":1,"Channel":"System","SourceName":"Microsoft-Windows-WindowsUpdateClient","ComputerName":"DESKTOP-RB8ENUF","Data":"","Sid":"S-1-5-18","Message":"Windows Update started downloading an update.\r\n","StringInserts":["9NHT9RB2F4HD-Microsoft.Copilot","{f7be16d7-51c7-4abb-b590-aa5a711a949b}","1"]}
{"RecordNumber":18168,"TimeGenerated":"2025-06-30 09:26:45 +0700","TimeWritten":"2025-06-30 09:26:45 +0700","EventID":44,"Qualifiers":0,"EventType":"Information","EventCategory":1,"Channel":"System","SourceName":"Microsoft-Windows-WindowsUpdateClient","ComputerName":"DESKTOP-RB8ENUF","Data":"","Sid":"S-1-5-18","Message":"Windows Update started downloading an update.\r\n","StringInserts":["9P8K5G2MWW6Z-AppUp.IntelArcSoftware","{5a009887-dff9-47b2-9602-cd7d86536d08}","1"]}
{"RecordNumber":18169,"TimeGenerated":"2025-06-30 09:26:45 +0700","TimeWritten":"2025-06-30 09:26:45 +0700","EventID":44,"Qualifiers":0,"EventType":"Information","EventCategory":1,"Channel":"System","SourceName":"Microsoft-Windows-WindowsUpdateClient","ComputerName":"DESKTOP-RB8ENUF","Data":"","Sid":"S-1-5-18","Message":"Windows Update started downloading an update.\r\n","StringInserts":["9P8K5G2MWW6Z-AppUp.IntelArcSoftware","{5a009887-dff9-47b2-9602-cd7d86536d08}","1"]}
{"RecordNumber":18170,"TimeGenerated":"2025-06-30 09:26:47 +0700","TimeWritten":"2025-06-30 09:26:47 +0700","EventID":44,"Qualifiers":0,"EventType":"Information","EventCategory":1,"Channel":"System","SourceName":"Microsoft-Windows-WindowsUpdateClient","ComputerName":"DESKTOP-RB8ENUF","Data":"","Sid":"S-1-5-18","Message":"Windows Update started downloading an update.\r\n","StringInserts":["9NBLGGH4RV3K-Microsoft.VCLibs.140.00.UWPDesktop","{fcdd3b59-f41c-4595-b36b-245bacb749e8}","1"]}
{"RecordNumber":18171,"TimeGenerated":"2025-06-30 09:26:47 +0700","TimeWritten":"2025-06-30 09:26:47 +0700","EventID":44,"Qualifiers":0,"EventType":"Information","EventCategory":1,"Channel":"System","SourceName":"Microsoft-Windows-WindowsUpdateClient","ComputerName":"DESKTOP-RB8ENUF","Data":"","Sid":"S-1-5-18","Message":"Windows Update started downloading an update.\r\n","StringInserts":["9P8K5G2MWW6Z-AppUp.IntelArcSoftware","{5a009887-dff9-47b2-9602-cd7d86536d08}","1"]}
{"RecordNumber":18172,"TimeGenerated":"2025-06-30 09:26:47 +0700","TimeWritten":"2025-06-30 09:26:47 +0700","EventID":44,"Qualifiers":0,"EventType":"Information","EventCategory":1,"Channel":"System","SourceName":"Microsoft-Windows-WindowsUpdateClient","ComputerName":"DESKTOP-RB8ENUF","Data":"","Sid":"S-1-5-18","Message":"Windows Update started downloading an update.\r\n","StringInserts":["9WZDNCRD29V9-MICROSOFT.MICROSOFTOFFICEHUB","{52743ed6-6f28-4018-a301-84034091256e}","1"]}
{"RecordNumber":18173,"TimeGenerated":"2025-06-30 09:26:47 +0700","TimeWritten":"2025-06-30 09:26:47 +0700","EventID":44,"Qualifiers":0,"EventType":"Information","EventCategory":1,"Channel":"System","SourceName":"Microsoft-Windows-WindowsUpdateClient","ComputerName":"DESKTOP-RB8ENUF","Data":"","Sid":"S-1-5-18","Message":"Windows Update started downloading an update.\r\n","StringInserts":["9NHT9RB2F4HD-Microsoft.Copilot","{f7be16d7-51c7-4abb-b590-aa5a711a949b}","1"]}
{"RecordNumber":18174,"TimeGenerated":"2025-06-30 09:26:48 +0700","TimeWritten":"2025-06-30 09:26:48 +0700","EventID":43,"Qualifiers":0,"EventType":"Information","EventCategory":1,"Channel":"System","SourceName":"Microsoft-Windows-WindowsUpdateClient","ComputerName":"DESKTOP-RB8ENUF","Data":"","Sid":"S-1-5-18","Message":"Installation Started: Windows has started installing the following update: 9NHT9RB2F4HD-Microsoft.Copilot\r\n","StringInserts":["9NHT9RB2F4HD-Microsoft.Copilot","{f7be16d7-51c7-4abb-b590-aa5a711a949b}","1"]}
{"RecordNumber":18175,"TimeGenerated":"2025-06-30 09:26:49 +0700","TimeWritten":"2025-06-30 09:26:49 +0700","EventID":20,"Qualifiers":0,"EventType":"Error","EventCategory":1,"Channel":"System","SourceName":"Microsoft-Windows-WindowsUpdateClient","ComputerName":"DESKTOP-RB8ENUF","Data":"","Sid":"S-1-5-18","Message":"Installation Failure: Windows failed to install the following update with error 0x80073d02: 9NHT9RB2F4HD-Microsoft.Copilot.\r\n","StringInserts":["0x80073d02","9NHT9RB2F4HD-Microsoft.Copilot","{f7be16d7-51c7-4abb-b590-aa5a711a949b}","1","{855e8a7c-ecb4-4ca3-b045-1dfa50104289}"]}
