{"RecordNumber":17872,"TimeGenerated":"2025-06-25 16:27:12 +0700","TimeWritten":"2025-06-25 16:27:12 +0700","EventID":10016,"Qualifiers":0,"EventType":"Warning","EventCategory":0,"Channel":"System","SourceName":"DCOM","ComputerName":"DESKTOP-RB8ENUF","Data":"","Sid":"S-1-5-21-3306260603-718234045-292622573-1001","Message":"The machine-default permission settings do not grant Local Activation permission for the COM Server application with CLSID \r\n{C2F03A33-21F5-47FA-B4BB-156362A2F239}\r\n and APPID \r\n{316CDED5-E4AE-4B15-9113-7055D84DCC97}\r\n to the user DESKTOP-RB8ENUF\\NgThang SID (S-1-5-21-3306260603-718234045-292622573-1001) from address LocalHost (Using LRPC) running in the application container Microsoft.Windows.ShellExperienceHost_10.0.19041.5072_neutral_neutral_cw5n1h2txyewy SID (S-1-15-2-155514346-2573954481-755741238-1654018636-1233331829-3075935687-2861478708). This security permission can be modified using the Component Services administrative tool.\r\n","StringInserts":["machine-default","Local","Activation","{C2F03A33-21F5-47FA-B4BB-156362A2F239}","{316CDED5-E4AE-4B15-9113-7055D84DCC97}","DESKTOP-RB8ENUF","NgThang","S-1-5-21-3306260603-718234045-292622573-1001","LocalHost (Using LRPC)","Microsoft.Windows.ShellExperienceHost_10.0.19041.5072_neutral_neutral_cw5n1h2txyewy","S-1-15-2-155514346-2573954481-755741238-1654018636-1233331829-3075935687-2861478708"]}
{"RecordNumber":17873,"TimeGenerated":"2025-06-25 16:29:11 +0700","TimeWritten":"2025-06-25 16:29:11 +0700","EventID":7040,"Qualifiers":16384,"EventType":"Information","EventCategory":0,"Channel":"System","SourceName":"Service Control Manager","ComputerName":"DESKTOP-RB8ENUF","Data":"","Sid":"S-1-5-18","Message":"The start type of the Background Intelligent Transfer Service service was changed from auto start to demand start.\r\n","StringInserts":["Background Intelligent Transfer Service","auto start","demand start","BITS"]}
{"RecordNumber":17874,"TimeGenerated":"2025-06-25 16:44:12 +0700","TimeWritten":"2025-06-25 16:44:12 +0700","EventID":10028,"Qualifiers":0,"EventType":"Error","EventCategory":0,"Channel":"System","SourceName":"DCOM","ComputerName":"DESKTOP-RB8ENUF","Data":"3c5265636f726423313a20436f6d70757465723d286e756c6c293b5069643d313137363b362f32352f3230323520393a34343a31323a3234313b5374617475733d313732323b47656e636f6d703d323b4465746c6f633d313731303b466c6167733d303b506172616d733d313b7b506172616d23303a307d3e3c5265636f726423323a20436f6d70757465723d286e756c6c293b5069643d313137363b362f32352f3230323520393a34343a31323a3234313b5374617475733d313732323b47656e636f6d703d31383b4465746c6f633d313434323b466c6167733d303b506172616d733d313b7b506172616d23303a54442d4442337d3e3c5265636f726423333a20436f6d70757465723d286e756c6c293b5069643d313137363b362f32352f3230323520393a34343a31323a3234313b5374617475733d313732323b47656e636f6d703d31383b4465746c6f633d3332323b466c6167733d303b506172616d733d303b3e3c5265636f726423343a20436f6d70757465723d286e756c6c293b5069643d313137363b362f32352f3230323520393a34343a31323a3234313b5374617475733d31313030313b47656e636f6d703d31383b4465746c6f633d3332303b466c6167733d303b506172616d733d313b7b506172616d23303a54442d4442337d3e","Sid":"S-1-5-21-3306260603-718234045-292622573-1001","Message":"DCOM was unable to communicate with the computer TD-DB3 using any of the configured protocols; requested by PID     41cc (C:\\Program Files (x86)\\Microsoft SQL Server Management Studio 20\\Common7\\IDE\\Ssms.exe), while activating CLSID {8BC3F05E-D86B-11D0-A075-00C04FB68820}.\r\n","StringInserts":["TD-DB3","    41cc","C:\\Program Files (x86)\\Microsoft SQL Server Management Studio 20\\Common7\\IDE\\Ssms.exe","{8BC3F05E-D86B-11D0-A075-00C04FB68820}"]}
{"RecordNumber":17875,"TimeGenerated":"2025-06-25 16:44:16 +0700","TimeWritten":"2025-06-25 16:44:16 +0700","EventID":10028,"Qualifiers":0,"EventType":"Error","EventCategory":0,"Channel":"System","SourceName":"DCOM","ComputerName":"DESKTOP-RB8ENUF","Data":"3c5265636f726423313a20436f6d70757465723d286e756c6c293b5069643d313137363b362f32352f3230323520393a34343a31363a3832333b5374617475733d313732323b47656e636f6d703d323b4465746c6f633d313731303b466c6167733d303b506172616d733d313b7b506172616d23303a307d3e3c5265636f726423323a20436f6d70757465723d286e756c6c293b5069643d313137363b362f32352f3230323520393a34343a31363a3832333b5374617475733d313732323b47656e636f6d703d31383b4465746c6f633d313434323b466c6167733d303b506172616d733d313b7b506172616d23303a54442d4442337d3e3c5265636f726423333a20436f6d70757465723d286e756c6c293b5069643d313137363b362f32352f3230323520393a34343a31363a3832333b5374617475733d313732323b47656e636f6d703d31383b4465746c6f633d3332323b466c6167733d303b506172616d733d303b3e3c5265636f726423343a20436f6d70757465723d286e756c6c293b5069643d313137363b362f32352f3230323520393a34343a31363a3832333b5374617475733d31313030313b47656e636f6d703d31383b4465746c6f633d3332303b466c6167733d303b506172616d733d313b7b506172616d23303a54442d4442337d3e","Sid":"S-1-5-21-3306260603-718234045-292622573-1001","Message":"DCOM was unable to communicate with the computer TD-DB3 using any of the configured protocols; requested by PID     41cc (C:\\Program Files (x86)\\Microsoft SQL Server Management Studio 20\\Common7\\IDE\\Ssms.exe), while activating CLSID {8BC3F05E-D86B-11D0-A075-00C04FB68820}.\r\n","StringInserts":["TD-DB3","    41cc","C:\\Program Files (x86)\\Microsoft SQL Server Management Studio 20\\Common7\\IDE\\Ssms.exe","{8BC3F05E-D86B-11D0-A075-00C04FB68820}"]}
{"RecordNumber":17876,"TimeGenerated":"2025-06-25 17:22:52 +0700","TimeWritten":"2025-06-25 17:22:52 +0700","EventID":7040,"Qualifiers":16384,"EventType":"Information","EventCategory":0,"Channel":"System","SourceName":"Service Control Manager","ComputerName":"DESKTOP-RB8ENUF","Data":"","Sid":"S-1-5-18","Message":"The start type of the Background Intelligent Transfer Service service was changed from demand start to auto start.\r\n","StringInserts":["Background Intelligent Transfer Service","demand start","auto start","BITS"]}
{"RecordNumber":17877,"TimeGenerated":"2025-06-25 17:24:57 +0700","TimeWritten":"2025-06-25 17:24:57 +0700","EventID":7040,"Qualifiers":16384,"EventType":"Information","EventCategory":0,"Channel":"System","SourceName":"Service Control Manager","ComputerName":"DESKTOP-RB8ENUF","Data":"","Sid":"S-1-5-18","Message":"The start type of the Background Intelligent Transfer Service service was changed from auto start to demand start.\r\n","StringInserts":["Background Intelligent Transfer Service","auto start","demand start","BITS"]}
{"RecordNumber":17878,"TimeGenerated":"2025-06-25 17:27:37 +0700","TimeWritten":"2025-06-25 17:27:37 +0700","EventID":1796,"Qualifiers":0,"EventType":"Error","EventCategory":0,"Channel":"System","SourceName":"Microsoft-Windows-TPM-WMI","ComputerName":"DESKTOP-RB8ENUF","Data":"","Sid":"S-1-5-18","Message":"The Secure Boot update failed to update a Secure Boot variable with error -2147020471. For more information, please see https://go.microsoft.com/fwlink/?linkid=2169931\r\n","StringInserts":["-2147020471"]}
{"RecordNumber":17879,"TimeGenerated":"2025-06-25 17:27:37 +0700","TimeWritten":"2025-06-25 17:27:37 +0700","EventID":1796,"Qualifiers":0,"EventType":"Error","EventCategory":0,"Channel":"System","SourceName":"Microsoft-Windows-TPM-WMI","ComputerName":"DESKTOP-RB8ENUF","Data":"","Sid":"S-1-5-18","Message":"The Secure Boot update failed to update a Secure Boot variable with error -2147020471. For more information, please see https://go.microsoft.com/fwlink/?linkid=2169931\r\n","StringInserts":["-2147020471"]}
{"RecordNumber":17880,"TimeGenerated":"2025-06-25 17:33:09 +0700","TimeWritten":"2025-06-25 17:33:09 +0700","EventID":44,"Qualifiers":0,"EventType":"Information","EventCategory":1,"Channel":"System","SourceName":"Microsoft-Windows-WindowsUpdateClient","ComputerName":"DESKTOP-RB8ENUF","Data":"","Sid":"S-1-5-18","Message":"Windows Update started downloading an update.\r\n","StringInserts":["Security Intelligence Update for Microsoft Defender Antivirus - KB2267602 (Version 1.431.211.0) - Current Channel (Broad)","{571ab810-a76b-4e8f-bc40-688dbab266de}","200"]}
{"RecordNumber":17881,"TimeGenerated":"2025-06-25 17:33:09 +0700","TimeWritten":"2025-06-25 17:33:09 +0700","EventID":43,"Qualifiers":0,"EventType":"Information","EventCategory":1,"Channel":"System","SourceName":"Microsoft-Windows-WindowsUpdateClient","ComputerName":"DESKTOP-RB8ENUF","Data":"","Sid":"S-1-5-18","Message":"Installation Started: Windows has started installing the following update: Security Intelligence Update for Microsoft Defender Antivirus - KB2267602 (Version 1.431.211.0) - Current Channel (Broad)\r\n","StringInserts":["Security Intelligence Update for Microsoft Defender Antivirus - KB2267602 (Version 1.431.211.0) - Current Channel (Broad)","{571ab810-a76b-4e8f-bc40-688dbab266de}","200"]}
{"RecordNumber":17882,"TimeGenerated":"2025-06-25 17:33:16 +0700","TimeWritten":"2025-06-25 17:33:16 +0700","EventID":19,"Qualifiers":0,"EventType":"Information","EventCategory":1,"Channel":"System","SourceName":"Microsoft-Windows-WindowsUpdateClient","ComputerName":"DESKTOP-RB8ENUF","Data":"","Sid":"S-1-5-18","Message":"Installation Successful: Windows successfully installed the following update: Security Intelligence Update for Microsoft Defender Antivirus - KB2267602 (Version 1.431.211.0) - Current Channel (Broad)\r\n","StringInserts":["Security Intelligence Update for Microsoft Defender Antivirus - KB2267602 (Version 1.431.211.0) - Current Channel (Broad)","{571ab810-a76b-4e8f-bc40-688dbab266de}","200","{9482f4b4-e343-43b6-b170-9a65bc822c77}"]}
{"RecordNumber":17883,"TimeGenerated":"2025-06-25 19:07:57 +0700","TimeWritten":"2025-06-25 19:07:57 +0700","EventID":44,"Qualifiers":0,"EventType":"Information","EventCategory":1,"Channel":"System","SourceName":"Microsoft-Windows-WindowsUpdateClient","ComputerName":"DESKTOP-RB8ENUF","Data":"","Sid":"S-1-5-18","Message":"Windows Update started downloading an update.\r\n","StringInserts":["9NMPJ99VJBWV-Microsoft.YourPhone","{f73c20fb-f7ce-4ebf-97e5-86f426d79c39}","1"]}
{"RecordNumber":17884,"TimeGenerated":"2025-06-25 19:07:57 +0700","TimeWritten":"2025-06-25 19:07:57 +0700","EventID":44,"Qualifiers":0,"EventType":"Information","EventCategory":1,"Channel":"System","SourceName":"Microsoft-Windows-WindowsUpdateClient","ComputerName":"DESKTOP-RB8ENUF","Data":"","Sid":"S-1-5-18","Message":"Windows Update started downloading an update.\r\n","StringInserts":["9NBLGGH4RV3K-Microsoft.VCLibs.140.00.UWPDesktop","{fcdd3b59-f41c-4595-b36b-245bacb749e8}","1"]}
{"RecordNumber":17885,"TimeGenerated":"2025-06-25 19:07:57 +0700","TimeWritten":"2025-06-25 19:07:57 +0700","EventID":44,"Qualifiers":0,"EventType":"Information","EventCategory":1,"Channel":"System","SourceName":"Microsoft-Windows-WindowsUpdateClient","ComputerName":"DESKTOP-RB8ENUF","Data":"","Sid":"S-1-5-18","Message":"Windows Update started downloading an update.\r\n","StringInserts":["9NBLGGH4LS1F-Microsoft.StorePurchaseApp","{3df28fca-0358-451a-9418-3b101dba696d}","1"]}
{"RecordNumber":17886,"TimeGenerated":"2025-06-25 19:07:57 +0700","TimeWritten":"2025-06-25 19:07:57 +0700","EventID":44,"Qualifiers":0,"EventType":"Information","EventCategory":1,"Channel":"System","SourceName":"Microsoft-Windows-WindowsUpdateClient","ComputerName":"DESKTOP-RB8ENUF","Data":"","Sid":"S-1-5-18","Message":"Windows Update started downloading an update.\r\n","StringInserts":["9NMPJ99VJBWV-Microsoft.YourPhone","{f73c20fb-f7ce-4ebf-97e5-86f426d79c39}","1"]}
{"RecordNumber":17887,"TimeGenerated":"2025-06-25 19:07:57 +0700","TimeWritten":"2025-06-25 19:07:57 +0700","EventID":44,"Qualifiers":0,"EventType":"Information","EventCategory":1,"Channel":"System","SourceName":"Microsoft-Windows-WindowsUpdateClient","ComputerName":"DESKTOP-RB8ENUF","Data":"","Sid":"S-1-5-18","Message":"Windows Update started downloading an update.\r\n","StringInserts":["9NBLGGH4LS1F-Microsoft.StorePurchaseApp","{3df28fca-0358-451a-9418-3b101dba696d}","1"]}
{"RecordNumber":17888,"TimeGenerated":"2025-06-25 19:07:59 +0700","TimeWritten":"2025-06-25 19:07:59 +0700","EventID":44,"Qualifiers":0,"EventType":"Information","EventCategory":1,"Channel":"System","SourceName":"Microsoft-Windows-WindowsUpdateClient","ComputerName":"DESKTOP-RB8ENUF","Data":"","Sid":"S-1-5-18","Message":"Windows Update started downloading an update.\r\n","StringInserts":["9NBLGGH4NNS1-Microsoft.DesktopAppInstaller","{eac2b4c7-0286-4746-8b0b-08c11d2ee637}","1"]}
{"RecordNumber":17889,"TimeGenerated":"2025-06-25 19:08:00 +0700","TimeWritten":"2025-06-25 19:08:00 +0700","EventID":44,"Qualifiers":0,"EventType":"Information","EventCategory":1,"Channel":"System","SourceName":"Microsoft-Windows-WindowsUpdateClient","ComputerName":"DESKTOP-RB8ENUF","Data":"","Sid":"S-1-5-18","Message":"Windows Update started downloading an update.\r\n","StringInserts":["9NBLGGH4RV3K-Microsoft.VCLibs.140.00.UWPDesktop","{fcdd3b59-f41c-4595-b36b-245bacb749e8}","1"]}
{"RecordNumber":17890,"TimeGenerated":"2025-06-25 19:08:00 +0700","TimeWritten":"2025-06-25 19:08:00 +0700","EventID":44,"Qualifiers":0,"EventType":"Information","EventCategory":1,"Channel":"System","SourceName":"Microsoft-Windows-WindowsUpdateClient","ComputerName":"DESKTOP-RB8ENUF","Data":"","Sid":"S-1-5-18","Message":"Windows Update started downloading an update.\r\n","StringInserts":["9NBLGGH4NNS1-Microsoft.DesktopAppInstaller","{eac2b4c7-0286-4746-8b0b-08c11d2ee637}","1"]}
{"RecordNumber":17891,"TimeGenerated":"2025-06-25 19:08:00 +0700","TimeWritten":"2025-06-25 19:08:00 +0700","EventID":44,"Qualifiers":0,"EventType":"Information","EventCategory":1,"Channel":"System","SourceName":"Microsoft-Windows-WindowsUpdateClient","ComputerName":"DESKTOP-RB8ENUF","Data":"","Sid":"S-1-5-18","Message":"Windows Update started downloading an update.\r\n","StringInserts":["9NBLGGH4LS1F-Microsoft.StorePurchaseApp","{3df28fca-0358-451a-9418-3b101dba696d}","1"]}
{"RecordNumber":17892,"TimeGenerated":"2025-06-25 19:08:00 +0700","TimeWritten":"2025-06-25 19:08:00 +0700","EventID":44,"Qualifiers":0,"EventType":"Information","EventCategory":1,"Channel":"System","SourceName":"Microsoft-Windows-WindowsUpdateClient","ComputerName":"DESKTOP-RB8ENUF","Data":"","Sid":"S-1-5-18","Message":"Windows Update started downloading an update.\r\n","StringInserts":["9NMPJ99VJBWV-Microsoft.YourPhone","{f73c20fb-f7ce-4ebf-97e5-86f426d79c39}","1"]}
{"RecordNumber":17893,"TimeGenerated":"2025-06-25 19:08:04 +0700","TimeWritten":"2025-06-25 19:08:04 +0700","EventID":44,"Qualifiers":0,"EventType":"Information","EventCategory":1,"Channel":"System","SourceName":"Microsoft-Windows-WindowsUpdateClient","ComputerName":"DESKTOP-RB8ENUF","Data":"","Sid":"S-1-5-18","Message":"Windows Update started downloading an update.\r\n","StringInserts":["9NBLGGH4RV3K-Microsoft.VCLibs.140.00.UWPDesktop","{fcdd3b59-f41c-4595-b36b-245bacb749e8}","1"]}
{"RecordNumber":17894,"TimeGenerated":"2025-06-25 19:08:04 +0700","TimeWritten":"2025-06-25 19:08:04 +0700","EventID":44,"Qualifiers":0,"EventType":"Information","EventCategory":1,"Channel":"System","SourceName":"Microsoft-Windows-WindowsUpdateClient","ComputerName":"DESKTOP-RB8ENUF","Data":"","Sid":"S-1-5-18","Message":"Windows Update started downloading an update.\r\n","StringInserts":["9NBLGGH4NNS1-Microsoft.DesktopAppInstaller","{eac2b4c7-0286-4746-8b0b-08c11d2ee637}","1"]}
{"RecordNumber":17895,"TimeGenerated":"2025-06-25 19:08:04 +0700","TimeWritten":"2025-06-25 19:08:04 +0700","EventID":44,"Qualifiers":0,"EventType":"Information","EventCategory":1,"Channel":"System","SourceName":"Microsoft-Windows-WindowsUpdateClient","ComputerName":"DESKTOP-RB8ENUF","Data":"","Sid":"S-1-5-18","Message":"Windows Update started downloading an update.\r\n","StringInserts":["9NBLGGH4LS1F-Microsoft.StorePurchaseApp","{3df28fca-0358-451a-9418-3b101dba696d}","1"]}
{"RecordNumber":17896,"TimeGenerated":"2025-06-25 19:08:04 +0700","TimeWritten":"2025-06-25 19:08:04 +0700","EventID":44,"Qualifiers":0,"EventType":"Information","EventCategory":1,"Channel":"System","SourceName":"Microsoft-Windows-WindowsUpdateClient","ComputerName":"DESKTOP-RB8ENUF","Data":"","Sid":"S-1-5-18","Message":"Windows Update started downloading an update.\r\n","StringInserts":["9NMPJ99VJBWV-Microsoft.YourPhone","{f73c20fb-f7ce-4ebf-97e5-86f426d79c39}","1"]}
{"RecordNumber":17897,"TimeGenerated":"2025-06-25 19:08:06 +0700","TimeWritten":"2025-06-25 19:08:06 +0700","EventID":16,"Qualifiers":0,"EventType":"Information","EventCategory":0,"Channel":"System","SourceName":"Microsoft-Windows-Kernel-General","ComputerName":"DESKTOP-RB8ENUF","Data":"","Sid":"S-1-5-18","Message":"","StringInserts":["140","\\??\\C:\\ProgramData\\Microsoft\\Windows\\AppRepository\\Packages\\Microsoft.StorePurchaseApp_22505.1401.0.0_x64__8wekyb3d8bbwe\\ActivationStore.dat","0","0"]}
{"RecordNumber":17898,"TimeGenerated":"2025-06-25 19:08:08 +0700","TimeWritten":"2025-06-25 19:08:08 +0700","EventID":43,"Qualifiers":0,"EventType":"Information","EventCategory":1,"Channel":"System","SourceName":"Microsoft-Windows-WindowsUpdateClient","ComputerName":"DESKTOP-RB8ENUF","Data":"","Sid":"S-1-5-18","Message":"Installation Started: Windows has started installing the following update: 9NBLGGH4LS1F-Microsoft.StorePurchaseApp\r\n","StringInserts":["9NBLGGH4LS1F-Microsoft.StorePurchaseApp","{3df28fca-0358-451a-9418-3b101dba696d}","1"]}
{"RecordNumber":17899,"TimeGenerated":"2025-06-25 19:08:08 +0700","TimeWritten":"2025-06-25 19:08:08 +0700","EventID":16,"Qualifiers":0,"EventType":"Information","EventCategory":0,"Channel":"System","SourceName":"Microsoft-Windows-Kernel-General","ComputerName":"DESKTOP-RB8ENUF","Data":"","Sid":"S-1-5-21-3306260603-718234045-292622573-1001","Message":"","StringInserts":["104","\\??\\C:\\Users\\Admin\\AppData\\Local\\Packages\\Microsoft.StorePurchaseApp_8wekyb3d8bbwe\\Settings\\settings.dat","1","1"]}
{"RecordNumber":17900,"TimeGenerated":"2025-06-25 19:08:09 +0700","TimeWritten":"2025-06-25 19:08:09 +0700","EventID":19,"Qualifiers":0,"EventType":"Information","EventCategory":1,"Channel":"System","SourceName":"Microsoft-Windows-WindowsUpdateClient","ComputerName":"DESKTOP-RB8ENUF","Data":"","Sid":"S-1-5-18","Message":"Installation Successful: Windows successfully installed the following update: 9NBLGGH4LS1F-Microsoft.StorePurchaseApp\r\n","StringInserts":["9NBLGGH4LS1F-Microsoft.StorePurchaseApp","{3df28fca-0358-451a-9418-3b101dba696d}","1","{855e8a7c-ecb4-4ca3-b045-1dfa50104289}"]}
{"RecordNumber":17901,"TimeGenerated":"2025-06-25 19:08:15 +0700","TimeWritten":"2025-06-25 19:08:15 +0700","EventID":16,"Qualifiers":0,"EventType":"Information","EventCategory":0,"Channel":"System","SourceName":"Microsoft-Windows-Kernel-General","ComputerName":"DESKTOP-RB8ENUF","Data":"","Sid":"S-1-5-18","Message":"","StringInserts":["139","\\??\\C:\\ProgramData\\Microsoft\\Windows\\AppRepository\\Packages\\Microsoft.DesktopAppInstaller_1.26.400.0_x64__8wekyb3d8bbwe\\ActivationStore.dat","0","0"]}
{"RecordNumber":17902,"TimeGenerated":"2025-06-25 19:08:24 +0700","TimeWritten":"2025-06-25 19:08:24 +0700","EventID":16,"Qualifiers":0,"EventType":"Information","EventCategory":0,"Channel":"System","SourceName":"Microsoft-Windows-Kernel-General","ComputerName":"DESKTOP-RB8ENUF","Data":"","Sid":"S-1-5-18","Message":"","StringInserts":["131","\\??\\C:\\ProgramData\\Microsoft\\Windows\\AppRepository\\Packages\\Microsoft.YourPhone_1.25052.76.0_x64__8wekyb3d8bbwe\\ActivationStore.dat","0","0"]}
{"RecordNumber":17903,"TimeGenerated":"2025-06-25 19:08:26 +0700","TimeWritten":"2025-06-25 19:08:26 +0700","EventID":43,"Qualifiers":0,"EventType":"Information","EventCategory":1,"Channel":"System","SourceName":"Microsoft-Windows-WindowsUpdateClient","ComputerName":"DESKTOP-RB8ENUF","Data":"","Sid":"S-1-5-18","Message":"Installation Started: Windows has started installing the following update: 9NMPJ99VJBWV-Microsoft.YourPhone\r\n","StringInserts":["9NMPJ99VJBWV-Microsoft.YourPhone","{f73c20fb-f7ce-4ebf-97e5-86f426d79c39}","1"]}
{"RecordNumber":17904,"TimeGenerated":"2025-06-25 19:08:26 +0700","TimeWritten":"2025-06-25 19:08:26 +0700","EventID":19,"Qualifiers":0,"EventType":"Information","EventCategory":1,"Channel":"System","SourceName":"Microsoft-Windows-WindowsUpdateClient","ComputerName":"DESKTOP-RB8ENUF","Data":"","Sid":"S-1-5-18","Message":"Installation Successful: Windows successfully installed the following update: 9NMPJ99VJBWV-Microsoft.YourPhone\r\n","StringInserts":["9NMPJ99VJBWV-Microsoft.YourPhone","{f73c20fb-f7ce-4ebf-97e5-86f426d79c39}","1","{855e8a7c-ecb4-4ca3-b045-1dfa50104289}"]}
{"RecordNumber":17905,"TimeGenerated":"2025-06-25 20:24:16 +0700","TimeWritten":"2025-06-25 20:24:16 +0700","EventID":7040,"Qualifiers":16384,"EventType":"Information","EventCategory":0,"Channel":"System","SourceName":"Service Control Manager","ComputerName":"DESKTOP-RB8ENUF","Data":"","Sid":"S-1-5-18","Message":"The start type of the Background Intelligent Transfer Service service was changed from demand start to auto start.\r\n","StringInserts":["Background Intelligent Transfer Service","demand start","auto start","BITS"]}
{"RecordNumber":17906,"TimeGenerated":"2025-06-25 20:26:23 +0700","TimeWritten":"2025-06-25 20:26:23 +0700","EventID":16,"Qualifiers":0,"EventType":"Information","EventCategory":0,"Channel":"System","SourceName":"Microsoft-Windows-Kernel-General","ComputerName":"DESKTOP-RB8ENUF","Data":"","Sid":"S-1-5-18","Message":"","StringInserts":["104","\\??\\C:\\Users\\Admin\\AppData\\Local\\Packages\\Microsoft.AAD.BrokerPlugin_cw5n1h2txyewy\\Settings\\settings.dat","15","1"]}
{"RecordNumber":17907,"TimeGenerated":"2025-06-25 20:27:03 +0700","TimeWritten":"2025-06-25 20:27:03 +0700","EventID":7040,"Qualifiers":16384,"EventType":"Information","EventCategory":0,"Channel":"System","SourceName":"Service Control Manager","ComputerName":"DESKTOP-RB8ENUF","Data":"","Sid":"S-1-5-18","Message":"The start type of the Background Intelligent Transfer Service service was changed from auto start to demand start.\r\n","StringInserts":["Background Intelligent Transfer Service","auto start","demand start","BITS"]}
{"RecordNumber":17908,"TimeGenerated":"2025-06-25 22:24:36 +0700","TimeWritten":"2025-06-25 22:24:36 +0700","EventID":10016,"Qualifiers":0,"EventType":"Warning","EventCategory":0,"Channel":"System","SourceName":"DCOM","ComputerName":"DESKTOP-RB8ENUF","Data":"","Sid":"S-1-5-21-3306260603-718234045-292622573-1001","Message":"The machine-default permission settings do not grant Local Activation permission for the COM Server application with CLSID \r\n{C2F03A33-21F5-47FA-B4BB-156362A2F239}\r\n and APPID \r\n{316CDED5-E4AE-4B15-9113-7055D84DCC97}\r\n to the user DESKTOP-RB8ENUF\\NgThang SID (S-1-5-21-3306260603-718234045-292622573-1001) from address LocalHost (Using LRPC) running in the application container Microsoft.Windows.ShellExperienceHost_10.0.19041.5072_neutral_neutral_cw5n1h2txyewy SID (S-1-15-2-155514346-2573954481-755741238-1654018636-1233331829-3075935687-2861478708). This security permission can be modified using the Component Services administrative tool.\r\n","StringInserts":["machine-default","Local","Activation","{C2F03A33-21F5-47FA-B4BB-156362A2F239}","{316CDED5-E4AE-4B15-9113-7055D84DCC97}","DESKTOP-RB8ENUF","NgThang","S-1-5-21-3306260603-718234045-292622573-1001","LocalHost (Using LRPC)","Microsoft.Windows.ShellExperienceHost_10.0.19041.5072_neutral_neutral_cw5n1h2txyewy","S-1-15-2-155514346-2573954481-755741238-1654018636-1233331829-3075935687-2861478708"]}
{"RecordNumber":17909,"TimeGenerated":"2025-06-26 00:15:44 +0700","TimeWritten":"2025-06-26 00:15:44 +0700","EventID":7040,"Qualifiers":16384,"EventType":"Information","EventCategory":0,"Channel":"System","SourceName":"Service Control Manager","ComputerName":"DESKTOP-RB8ENUF","Data":"","Sid":"S-1-5-18","Message":"The start type of the Background Intelligent Transfer Service service was changed from demand start to auto start.\r\n","StringInserts":["Background Intelligent Transfer Service","demand start","auto start","BITS"]}
{"RecordNumber":17910,"TimeGenerated":"2025-06-26 00:18:16 +0700","TimeWritten":"2025-06-26 00:18:16 +0700","EventID":7040,"Qualifiers":16384,"EventType":"Information","EventCategory":0,"Channel":"System","SourceName":"Service Control Manager","ComputerName":"DESKTOP-RB8ENUF","Data":"","Sid":"S-1-5-18","Message":"The start type of the Background Intelligent Transfer Service service was changed from auto start to demand start.\r\n","StringInserts":["Background Intelligent Transfer Service","auto start","demand start","BITS"]}
{"RecordNumber":17911,"TimeGenerated":"2025-06-26 00:24:22 +0700","TimeWritten":"2025-06-26 00:24:22 +0700","EventID":7040,"Qualifiers":16384,"EventType":"Information","EventCategory":0,"Channel":"System","SourceName":"Service Control Manager","ComputerName":"DESKTOP-RB8ENUF","Data":"","Sid":"S-1-5-18","Message":"The start type of the Background Intelligent Transfer Service service was changed from demand start to auto start.\r\n","StringInserts":["Background Intelligent Transfer Service","demand start","auto start","BITS"]}
{"RecordNumber":17912,"TimeGenerated":"2025-06-26 00:26:48 +0700","TimeWritten":"2025-06-26 00:26:48 +0700","EventID":7040,"Qualifiers":16384,"EventType":"Information","EventCategory":0,"Channel":"System","SourceName":"Service Control Manager","ComputerName":"DESKTOP-RB8ENUF","Data":"","Sid":"S-1-5-18","Message":"The start type of the Background Intelligent Transfer Service service was changed from auto start to demand start.\r\n","StringInserts":["Background Intelligent Transfer Service","auto start","demand start","BITS"]}
{"RecordNumber":17913,"TimeGenerated":"2025-06-26 01:08:20 +0700","TimeWritten":"2025-06-26 01:08:20 +0700","EventID":7040,"Qualifiers":16384,"EventType":"Information","EventCategory":0,"Channel":"System","SourceName":"Service Control Manager","ComputerName":"DESKTOP-RB8ENUF","Data":"","Sid":"S-1-5-18","Message":"The start type of the Background Intelligent Transfer Service service was changed from demand start to auto start.\r\n","StringInserts":["Background Intelligent Transfer Service","demand start","auto start","BITS"]}
{"RecordNumber":17914,"TimeGenerated":"2025-06-26 01:10:24 +0700","TimeWritten":"2025-06-26 01:10:24 +0700","EventID":7040,"Qualifiers":16384,"EventType":"Information","EventCategory":0,"Channel":"System","SourceName":"Service Control Manager","ComputerName":"DESKTOP-RB8ENUF","Data":"","Sid":"S-1-5-18","Message":"The start type of the Background Intelligent Transfer Service service was changed from auto start to demand start.\r\n","StringInserts":["Background Intelligent Transfer Service","auto start","demand start","BITS"]}
{"RecordNumber":17915,"TimeGenerated":"2025-06-26 01:22:49 +0700","TimeWritten":"2025-06-26 01:22:49 +0700","EventID":158,"Qualifiers":0,"EventType":"Information","EventCategory":0,"Channel":"System","SourceName":"Microsoft-Windows-Time-Service","ComputerName":"DESKTOP-RB8ENUF","Data":"","Sid":"S-1-5-19","Message":"The time provider 'VMICTimeProvider' has indicated that the current hardware and operating environment is not supported and has stopped. This behavior is expected for VMICTimeProvider on non-HyperV-guest environments. This may be the expected behavior for the current provider in the current operating environment as well.\r\n","StringInserts":["VMICTimeProvider"]}
{"RecordNumber":17916,"TimeGenerated":"2025-06-26 01:22:51 +0700","TimeWritten":"2025-06-26 01:22:51 +0700","EventID":37,"Qualifiers":0,"EventType":"Information","EventCategory":0,"Channel":"System","SourceName":"Microsoft-Windows-Time-Service","ComputerName":"DESKTOP-RB8ENUF","Data":"","Sid":"S-1-5-19","Message":"The time provider NtpClient is currently receiving valid time data from time.windows.com,0x9 (ntp.m|0x9|0.0.0.0:123->20.189.79.72:123).\r\n","StringInserts":["time.windows.com,0x9 (ntp.m|0x9|0.0.0.0:123->20.189.79.72:123)"]}
{"RecordNumber":17917,"TimeGenerated":"2025-06-26 01:23:03 +0700","TimeWritten":"2025-06-26 01:23:03 +0700","EventID":24,"Qualifiers":0,"EventType":"Information","EventCategory":11,"Channel":"System","SourceName":"Microsoft-Windows-Kernel-General","ComputerName":"DESKTOP-RB8ENUF","Data":"","Sid":"S-1-5-19","Message":"","StringInserts":["0","-420","0","0","0"]}
{"RecordNumber":17918,"TimeGenerated":"2025-06-26 01:23:03 +0700","TimeWritten":"2025-06-26 01:23:03 +0700","EventID":1,"Qualifiers":0,"EventType":"Information","EventCategory":5,"Channel":"System","SourceName":"Microsoft-Windows-Kernel-General","ComputerName":"DESKTOP-RB8ENUF","Data":"","Sid":"S-1-5-19","Message":"Possible detection of CVE: 2025-06-25T18:23:03.8599317Z\r\nAdditional Information: 2025-06-25T18:23:05.4300841Z\r\n\r\nThis Event is generated when an attempt to exploit a known vulnerability (2025-06-25T18:23:03.8599317Z) is detected.\r\nThis Event is raised by a User mode process.\r\n\r\n","StringInserts":["2025-06-25T18:23:03.8599317Z","2025-06-25T18:23:05.4300841Z","1","\\Device\\HarddiskVolume7\\Windows\\System32\\svchost.exe","13536"]}
{"RecordNumber":17919,"TimeGenerated":"2025-06-26 01:23:03 +0700","TimeWritten":"2025-06-26 01:23:03 +0700","EventID":35,"Qualifiers":0,"EventType":"Information","EventCategory":0,"Channel":"System","SourceName":"Microsoft-Windows-Time-Service","ComputerName":"DESKTOP-RB8ENUF","Data":"","Sid":"S-1-5-19","Message":"The time service is now synchronizing the system time with the time source time.windows.com,0x9 (ntp.m|0x9|0.0.0.0:123->20.189.79.72:123) with reference id 1213185300. Current local stratum number is 4.\r\n","StringInserts":["time.windows.com,0x9 (ntp.m|0x9|0.0.0.0:123->20.189.79.72:123)","1213185300","4"]}
{"RecordNumber":17920,"TimeGenerated":"2025-06-26 01:23:03 +0700","TimeWritten":"2025-06-26 01:23:03 +0700","EventID":24,"Qualifiers":0,"EventType":"Information","EventCategory":11,"Channel":"System","SourceName":"Microsoft-Windows-Kernel-General","ComputerName":"DESKTOP-RB8ENUF","Data":"","Sid":"S-1-5-19","Message":"","StringInserts":["0","-420","0","0","0"]}
{"RecordNumber":17921,"TimeGenerated":"2025-06-26 01:23:03 +0700","TimeWritten":"2025-06-26 01:23:03 +0700","EventID":1,"Qualifiers":0,"EventType":"Information","EventCategory":5,"Channel":"System","SourceName":"Microsoft-Windows-Kernel-General","ComputerName":"DESKTOP-RB8ENUF","Data":"","Sid":"S-1-5-19","Message":"Possible detection of CVE: 2025-06-25T18:23:03.8653812Z\r\nAdditional Information: 2025-06-25T18:23:03.8650616Z\r\n\r\nThis Event is generated when an attempt to exploit a known vulnerability (2025-06-25T18:23:03.8653812Z) is detected.\r\nThis Event is raised by a User mode process.\r\n\r\n","StringInserts":["2025-06-25T18:23:03.8653812Z","2025-06-25T18:23:03.8650616Z","1","\\Device\\HarddiskVolume7\\Windows\\System32\\svchost.exe","13536"]}
{"RecordNumber":17922,"TimeGenerated":"2025-06-26 01:23:03 +0700","TimeWritten":"2025-06-26 01:23:03 +0700","EventID":24,"Qualifiers":0,"EventType":"Information","EventCategory":11,"Channel":"System","SourceName":"Microsoft-Windows-Kernel-General","ComputerName":"DESKTOP-RB8ENUF","Data":"","Sid":"S-1-5-19","Message":"","StringInserts":["0","-420","0","0","0"]}
{"RecordNumber":17923,"TimeGenerated":"2025-06-26 01:23:03 +0700","TimeWritten":"2025-06-26 01:23:03 +0700","EventID":1,"Qualifiers":0,"EventType":"Information","EventCategory":5,"Channel":"System","SourceName":"Microsoft-Windows-Kernel-General","ComputerName":"DESKTOP-RB8ENUF","Data":"","Sid":"S-1-5-19","Message":"Possible detection of CVE: 2025-06-25T18:23:03.8688377Z\r\nAdditional Information: 2025-06-25T18:23:03.8679591Z\r\n\r\nThis Event is generated when an attempt to exploit a known vulnerability (2025-06-25T18:23:03.8688377Z) is detected.\r\nThis Event is raised by a User mode process.\r\n\r\n","StringInserts":["2025-06-25T18:23:03.8688377Z","2025-06-25T18:23:03.8679591Z","1","\\Device\\HarddiskVolume7\\Windows\\System32\\svchost.exe","13536"]}
{"RecordNumber":17924,"TimeGenerated":"2025-06-26 01:23:07 +0700","TimeWritten":"2025-06-26 01:23:07 +0700","EventID":11,"Qualifiers":0,"EventType":"Information","EventCategory":0,"Channel":"System","SourceName":"Microsoft-Windows-Kernel-General","ComputerName":"DESKTOP-RB8ENUF","Data":"","Sid":"S-1-5-18","Message":"","StringInserts":["78","\\??\\GLOBALROOT\\Device\\HarddiskVolumeShadowCopy3\\Windows\\System32\\config\\SYSTEM","{d123ddaf-517d-11f0-b979-cc28aa46b9da}","{d123ddae-517d-11f0-b979-cc28aa46b9da}","0xc00000a2","7"]}
{"RecordNumber":17925,"TimeGenerated":"2025-06-26 01:23:07 +0700","TimeWritten":"2025-06-26 01:23:07 +0700","EventID":11,"Qualifiers":0,"EventType":"Information","EventCategory":0,"Channel":"System","SourceName":"Microsoft-Windows-Kernel-General","ComputerName":"DESKTOP-RB8ENUF","Data":"","Sid":"S-1-5-18","Message":"","StringInserts":["79","\\??\\GLOBALROOT\\Device\\HarddiskVolumeShadowCopy3\\Windows\\System32\\config\\DRIVERS","{d123ddb2-517d-11f0-b979-cc28aa46b9da}","{d123ddb1-517d-11f0-b979-cc28aa46b9da}","0xc00000a2","7"]}
{"RecordNumber":17926,"TimeGenerated":"2025-06-26 01:23:19 +0700","TimeWritten":"2025-06-26 01:23:19 +0700","EventID":11,"Qualifiers":0,"EventType":"Information","EventCategory":0,"Channel":"System","SourceName":"Microsoft-Windows-Kernel-General","ComputerName":"DESKTOP-RB8ENUF","Data":"","Sid":"S-1-5-18","Message":"","StringInserts":["78","\\??\\GLOBALROOT\\Device\\HarddiskVolumeShadowCopy2\\Windows\\System32\\config\\SYSTEM","{d123ddd9-517d-11f0-b979-cc28aa46b9da}","{d123ddd8-517d-11f0-b979-cc28aa46b9da}","0xc00000a2","7"]}
{"RecordNumber":17927,"TimeGenerated":"2025-06-26 01:23:19 +0700","TimeWritten":"2025-06-26 01:23:19 +0700","EventID":11,"Qualifiers":0,"EventType":"Information","EventCategory":0,"Channel":"System","SourceName":"Microsoft-Windows-Kernel-General","ComputerName":"DESKTOP-RB8ENUF","Data":"","Sid":"S-1-5-18","Message":"","StringInserts":["79","\\??\\GLOBALROOT\\Device\\HarddiskVolumeShadowCopy2\\Windows\\System32\\config\\DRIVERS","{d123dddc-517d-11f0-b979-cc28aa46b9da}","{d123dddb-517d-11f0-b979-cc28aa46b9da}","0xc00000a2","7"]}
{"RecordNumber":17928,"TimeGenerated":"2025-06-26 01:23:27 +0700","TimeWritten":"2025-06-26 01:23:27 +0700","EventID":16,"Qualifiers":0,"EventType":"Information","EventCategory":0,"Channel":"System","SourceName":"Microsoft-Windows-Kernel-General","ComputerName":"DESKTOP-RB8ENUF","Data":"","Sid":"S-1-5-18","Message":"","StringInserts":["171","\\??\\Volume{9b1023a0-39c8-4475-8bd8-bddf2bed8eee}\\System Volume Information\\SPP\\SppCbsHiveStore\\{cd42efe1-f6f1-427c-b004-033192c625a4}{8E9BA28D-58C6-423F-A9C1-65FA10396645}","64103","7755"]}
{"RecordNumber":17929,"TimeGenerated":"2025-06-26 05:07:30 +0700","TimeWritten":"2025-06-26 05:07:30 +0700","EventID":44,"Qualifiers":0,"EventType":"Information","EventCategory":1,"Channel":"System","SourceName":"Microsoft-Windows-WindowsUpdateClient","ComputerName":"DESKTOP-RB8ENUF","Data":"","Sid":"S-1-5-18","Message":"Windows Update started downloading an update.\r\n","StringInserts":["Security Intelligence Update for Microsoft Defender Antivirus - KB2267602 (Version 1.431.223.0) - Current Channel (Broad)","{4307ecab-5812-4155-96bd-73f97e920a7a}","200"]}
{"RecordNumber":17930,"TimeGenerated":"2025-06-26 05:07:30 +0700","TimeWritten":"2025-06-26 05:07:30 +0700","EventID":43,"Qualifiers":0,"EventType":"Information","EventCategory":1,"Channel":"System","SourceName":"Microsoft-Windows-WindowsUpdateClient","ComputerName":"DESKTOP-RB8ENUF","Data":"","Sid":"S-1-5-18","Message":"Installation Started: Windows has started installing the following update: Security Intelligence Update for Microsoft Defender Antivirus - KB2267602 (Version 1.431.223.0) - Current Channel (Broad)\r\n","StringInserts":["Security Intelligence Update for Microsoft Defender Antivirus - KB2267602 (Version 1.431.223.0) - Current Channel (Broad)","{4307ecab-5812-4155-96bd-73f97e920a7a}","200"]}
{"RecordNumber":17931,"TimeGenerated":"2025-06-26 05:07:36 +0700","TimeWritten":"2025-06-26 05:07:36 +0700","EventID":19,"Qualifiers":0,"EventType":"Information","EventCategory":1,"Channel":"System","SourceName":"Microsoft-Windows-WindowsUpdateClient","ComputerName":"DESKTOP-RB8ENUF","Data":"","Sid":"S-1-5-18","Message":"Installation Successful: Windows successfully installed the following update: Security Intelligence Update for Microsoft Defender Antivirus - KB2267602 (Version 1.431.223.0) - Current Channel (Broad)\r\n","StringInserts":["Security Intelligence Update for Microsoft Defender Antivirus - KB2267602 (Version 1.431.223.0) - Current Channel (Broad)","{4307ecab-5812-4155-96bd-73f97e920a7a}","200","{9482f4b4-e343-43b6-b170-9a65bc822c77}"]}
{"RecordNumber":17932,"TimeGenerated":"2025-06-26 05:27:37 +0700","TimeWritten":"2025-06-26 05:27:37 +0700","EventID":1796,"Qualifiers":0,"EventType":"Error","EventCategory":0,"Channel":"System","SourceName":"Microsoft-Windows-TPM-WMI","ComputerName":"DESKTOP-RB8ENUF","Data":"","Sid":"S-1-5-18","Message":"The Secure Boot update failed to update a Secure Boot variable with error -2147020471. For more information, please see https://go.microsoft.com/fwlink/?linkid=2169931\r\n","StringInserts":["-2147020471"]}
{"RecordNumber":17933,"TimeGenerated":"2025-06-26 05:27:37 +0700","TimeWritten":"2025-06-26 05:27:37 +0700","EventID":1796,"Qualifiers":0,"EventType":"Error","EventCategory":0,"Channel":"System","SourceName":"Microsoft-Windows-TPM-WMI","ComputerName":"DESKTOP-RB8ENUF","Data":"","Sid":"S-1-5-18","Message":"The Secure Boot update failed to update a Secure Boot variable with error -2147020471. For more information, please see https://go.microsoft.com/fwlink/?linkid=2169931\r\n","StringInserts":["-2147020471"]}
{"RecordNumber":17934,"TimeGenerated":"2025-06-26 06:24:14 +0700","TimeWritten":"2025-06-26 06:24:14 +0700","EventID":7040,"Qualifiers":16384,"EventType":"Information","EventCategory":0,"Channel":"System","SourceName":"Service Control Manager","ComputerName":"DESKTOP-RB8ENUF","Data":"","Sid":"S-1-5-18","Message":"The start type of the Background Intelligent Transfer Service service was changed from demand start to auto start.\r\n","StringInserts":["Background Intelligent Transfer Service","demand start","auto start","BITS"]}
{"RecordNumber":17935,"TimeGenerated":"2025-06-26 06:26:38 +0700","TimeWritten":"2025-06-26 06:26:38 +0700","EventID":7040,"Qualifiers":16384,"EventType":"Information","EventCategory":0,"Channel":"System","SourceName":"Service Control Manager","ComputerName":"DESKTOP-RB8ENUF","Data":"","Sid":"S-1-5-18","Message":"The start type of the Background Intelligent Transfer Service service was changed from auto start to demand start.\r\n","StringInserts":["Background Intelligent Transfer Service","auto start","demand start","BITS"]}
{"RecordNumber":17936,"TimeGenerated":"2025-06-26 06:57:33 +0700","TimeWritten":"2025-06-26 06:57:33 +0700","EventID":16,"Qualifiers":0,"EventType":"Information","EventCategory":0,"Channel":"System","SourceName":"Microsoft-Windows-Kernel-General","ComputerName":"DESKTOP-RB8ENUF","Data":"","Sid":"S-1-5-18","Message":"","StringInserts":["97","\\??\\C:\\Users\\Admin\\AppData\\Local\\Packages\\Microsoft.YourPhone_8wekyb3d8bbwe\\Settings\\settings.dat","46","4"]}
{"RecordNumber":17937,"TimeGenerated":"2025-06-26 10:07:05 +0700","TimeWritten":"2025-06-26 10:07:05 +0700","EventID":44,"Qualifiers":0,"EventType":"Information","EventCategory":1,"Channel":"System","SourceName":"Microsoft-Windows-WindowsUpdateClient","ComputerName":"DESKTOP-RB8ENUF","Data":"","Sid":"S-1-5-18","Message":"Windows Update started downloading an update.\r\n","StringInserts":["9NHT9RB2F4HD-Microsoft.Copilot","{f7be16d7-51c7-4abb-b590-aa5a711a949b}","1"]}
{"RecordNumber":17938,"TimeGenerated":"2025-06-26 10:07:05 +0700","TimeWritten":"2025-06-26 10:07:05 +0700","EventID":44,"Qualifiers":0,"EventType":"Information","EventCategory":1,"Channel":"System","SourceName":"Microsoft-Windows-WindowsUpdateClient","ComputerName":"DESKTOP-RB8ENUF","Data":"","Sid":"S-1-5-18","Message":"Windows Update started downloading an update.\r\n","StringInserts":["9WZDNCRFJBBG-MICROSOFT.WINDOWSCAMERA","{978ffa8a-235b-4dbd-9509-ba084819510e}","1"]}
{"RecordNumber":17939,"TimeGenerated":"2025-06-26 10:07:05 +0700","TimeWritten":"2025-06-26 10:07:05 +0700","EventID":44,"Qualifiers":0,"EventType":"Information","EventCategory":1,"Channel":"System","SourceName":"Microsoft-Windows-WindowsUpdateClient","ComputerName":"DESKTOP-RB8ENUF","Data":"","Sid":"S-1-5-18","Message":"Windows Update started downloading an update.\r\n","StringInserts":["9WZDNCRD29V9-MICROSOFT.MICROSOFTOFFICEHUB","{049fdab8-f0e2-4b9c-bbce-1cc6609378eb}","1"]}
{"RecordNumber":17940,"TimeGenerated":"2025-06-26 10:07:11 +0700","TimeWritten":"2025-06-26 10:07:11 +0700","EventID":16,"Qualifiers":0,"EventType":"Information","EventCategory":0,"Channel":"System","SourceName":"Microsoft-Windows-Kernel-General","ComputerName":"DESKTOP-RB8ENUF","Data":"","Sid":"S-1-5-18","Message":"","StringInserts":["143","\\??\\C:\\ProgramData\\Microsoft\\Windows\\AppRepository\\Packages\\Microsoft.MicrosoftOfficeHub_19.2506.53031.0_x64__8wekyb3d8bbwe\\ActivationStore.dat","0","0"]}
{"RecordNumber":17941,"TimeGenerated":"2025-06-26 10:07:12 +0700","TimeWritten":"2025-06-26 10:07:12 +0700","EventID":44,"Qualifiers":0,"EventType":"Information","EventCategory":1,"Channel":"System","SourceName":"Microsoft-Windows-WindowsUpdateClient","ComputerName":"DESKTOP-RB8ENUF","Data":"","Sid":"S-1-5-18","Message":"Windows Update started downloading an update.\r\n","StringInserts":["9NBLGGH4RV3K-Microsoft.VCLibs.140.00.UWPDesktop","{fcdd3b59-f41c-4595-b36b-245bacb749e8}","1"]}
{"RecordNumber":17942,"TimeGenerated":"2025-06-26 10:07:12 +0700","TimeWritten":"2025-06-26 10:07:12 +0700","EventID":44,"Qualifiers":0,"EventType":"Information","EventCategory":1,"Channel":"System","SourceName":"Microsoft-Windows-WindowsUpdateClient","ComputerName":"DESKTOP-RB8ENUF","Data":"","Sid":"S-1-5-18","Message":"Windows Update started downloading an update.\r\n","StringInserts":["9WZDNCRD29V9-MICROSOFT.MICROSOFTOFFICEHUB","{049fdab8-f0e2-4b9c-bbce-1cc6609378eb}","1"]}
{"RecordNumber":17943,"TimeGenerated":"2025-06-26 10:07:12 +0700","TimeWritten":"2025-06-26 10:07:12 +0700","EventID":44,"Qualifiers":0,"EventType":"Information","EventCategory":1,"Channel":"System","SourceName":"Microsoft-Windows-WindowsUpdateClient","ComputerName":"DESKTOP-RB8ENUF","Data":"","Sid":"S-1-5-18","Message":"Windows Update started downloading an update.\r\n","StringInserts":["9NHT9RB2F4HD-Microsoft.Copilot","{f7be16d7-51c7-4abb-b590-aa5a711a949b}","1"]}
{"RecordNumber":17944,"TimeGenerated":"2025-06-26 10:07:13 +0700","TimeWritten":"2025-06-26 10:07:13 +0700","EventID":16,"Qualifiers":0,"EventType":"Information","EventCategory":0,"Channel":"System","SourceName":"Microsoft-Windows-Kernel-General","ComputerName":"DESKTOP-RB8ENUF","Data":"","Sid":"S-1-5-18","Message":"","StringInserts":["136","\\??\\C:\\ProgramData\\Microsoft\\Windows\\AppRepository\\Packages\\Microsoft.WindowsCamera_2025.2505.2.0_x64__8wekyb3d8bbwe\\ActivationStore.dat","0","0"]}
{"RecordNumber":17945,"TimeGenerated":"2025-06-26 10:07:13 +0700","TimeWritten":"2025-06-26 10:07:13 +0700","EventID":16,"Qualifiers":0,"EventType":"Information","EventCategory":0,"Channel":"System","SourceName":"Microsoft-Windows-Kernel-General","ComputerName":"DESKTOP-RB8ENUF","Data":"","Sid":"S-1-5-18","Message":"","StringInserts":["130","\\??\\C:\\ProgramData\\Microsoft\\Windows\\AppRepository\\Packages\\Microsoft.Copilot_1.25062.106.0_x64__8wekyb3d8bbwe\\ActivationStore.dat","0","0"]}
{"RecordNumber":17946,"TimeGenerated":"2025-06-26 10:07:15 +0700","TimeWritten":"2025-06-26 10:07:15 +0700","EventID":43,"Qualifiers":0,"EventType":"Information","EventCategory":1,"Channel":"System","SourceName":"Microsoft-Windows-WindowsUpdateClient","ComputerName":"DESKTOP-RB8ENUF","Data":"","Sid":"S-1-5-18","Message":"Installation Started: Windows has started installing the following update: 9WZDNCRD29V9-MICROSOFT.MICROSOFTOFFICEHUB\r\n","StringInserts":["9WZDNCRD29V9-MICROSOFT.MICROSOFTOFFICEHUB","{049fdab8-f0e2-4b9c-bbce-1cc6609378eb}","1"]}
{"RecordNumber":17947,"TimeGenerated":"2025-06-26 10:07:16 +0700","TimeWritten":"2025-06-26 10:07:16 +0700","EventID":19,"Qualifiers":0,"EventType":"Information","EventCategory":1,"Channel":"System","SourceName":"Microsoft-Windows-WindowsUpdateClient","ComputerName":"DESKTOP-RB8ENUF","Data":"","Sid":"S-1-5-18","Message":"Installation Successful: Windows successfully installed the following update: 9WZDNCRD29V9-MICROSOFT.MICROSOFTOFFICEHUB\r\n","StringInserts":["9WZDNCRD29V9-MICROSOFT.MICROSOFTOFFICEHUB","{049fdab8-f0e2-4b9c-bbce-1cc6609378eb}","1","{855e8a7c-ecb4-4ca3-b045-1dfa50104289}"]}
{"RecordNumber":17948,"TimeGenerated":"2025-06-26 10:07:16 +0700","TimeWritten":"2025-06-26 10:07:16 +0700","EventID":43,"Qualifiers":0,"EventType":"Information","EventCategory":1,"Channel":"System","SourceName":"Microsoft-Windows-WindowsUpdateClient","ComputerName":"DESKTOP-RB8ENUF","Data":"","Sid":"S-1-5-18","Message":"Installation Started: Windows has started installing the following update: 9WZDNCRFJBBG-MICROSOFT.WINDOWSCAMERA\r\n","StringInserts":["9WZDNCRFJBBG-MICROSOFT.WINDOWSCAMERA","{978ffa8a-235b-4dbd-9509-ba084819510e}","1"]}
{"RecordNumber":17949,"TimeGenerated":"2025-06-26 10:07:16 +0700","TimeWritten":"2025-06-26 10:07:16 +0700","EventID":16,"Qualifiers":0,"EventType":"Information","EventCategory":0,"Channel":"System","SourceName":"Microsoft-Windows-Kernel-General","ComputerName":"DESKTOP-RB8ENUF","Data":"","Sid":"S-1-5-21-3306260603-718234045-292622573-1001","Message":"","StringInserts":["101","\\??\\C:\\Users\\Admin\\AppData\\Local\\Packages\\Microsoft.WindowsCamera_8wekyb3d8bbwe\\Settings\\settings.dat","1","1"]}
{"RecordNumber":17950,"TimeGenerated":"2025-06-26 10:07:17 +0700","TimeWritten":"2025-06-26 10:07:17 +0700","EventID":44,"Qualifiers":0,"EventType":"Information","EventCategory":1,"Channel":"System","SourceName":"Microsoft-Windows-WindowsUpdateClient","ComputerName":"DESKTOP-RB8ENUF","Data":"","Sid":"S-1-5-18","Message":"Windows Update started downloading an update.\r\n","StringInserts":["9WZDNCRFJ3PT-MICROSOFT.ZUNEMUSIC","{919c5d78-607c-4f47-829b-c8a5234cc5bc}","1"]}
{"RecordNumber":17951,"TimeGenerated":"2025-06-26 10:07:17 +0700","TimeWritten":"2025-06-26 10:07:17 +0700","EventID":19,"Qualifiers":0,"EventType":"Information","EventCategory":1,"Channel":"System","SourceName":"Microsoft-Windows-WindowsUpdateClient","ComputerName":"DESKTOP-RB8ENUF","Data":"","Sid":"S-1-5-18","Message":"Installation Successful: Windows successfully installed the following update: 9WZDNCRFJBBG-MICROSOFT.WINDOWSCAMERA\r\n","StringInserts":["9WZDNCRFJBBG-MICROSOFT.WINDOWSCAMERA","{978ffa8a-235b-4dbd-9509-ba084819510e}","1","{855e8a7c-ecb4-4ca3-b045-1dfa50104289}"]}
{"RecordNumber":17952,"TimeGenerated":"2025-06-26 10:07:17 +0700","TimeWritten":"2025-06-26 10:07:17 +0700","EventID":43,"Qualifiers":0,"EventType":"Information","EventCategory":1,"Channel":"System","SourceName":"Microsoft-Windows-WindowsUpdateClient","ComputerName":"DESKTOP-RB8ENUF","Data":"","Sid":"S-1-5-18","Message":"Installation Started: Windows has started installing the following update: 9NHT9RB2F4HD-Microsoft.Copilot\r\n","StringInserts":["9NHT9RB2F4HD-Microsoft.Copilot","{f7be16d7-51c7-4abb-b590-aa5a711a949b}","1"]}
{"RecordNumber":17953,"TimeGenerated":"2025-06-26 10:07:17 +0700","TimeWritten":"2025-06-26 10:07:17 +0700","EventID":20,"Qualifiers":0,"EventType":"Error","EventCategory":1,"Channel":"System","SourceName":"Microsoft-Windows-WindowsUpdateClient","ComputerName":"DESKTOP-RB8ENUF","Data":"","Sid":"S-1-5-18","Message":"Installation Failure: Windows failed to install the following update with error 0x80073d02: 9NHT9RB2F4HD-Microsoft.Copilot.\r\n","StringInserts":["0x80073d02","9NHT9RB2F4HD-Microsoft.Copilot","{f7be16d7-51c7-4abb-b590-aa5a711a949b}","1","{855e8a7c-ecb4-4ca3-b045-1dfa50104289}"]}
{"RecordNumber":17954,"TimeGenerated":"2025-06-26 10:07:24 +0700","TimeWritten":"2025-06-26 10:07:24 +0700","EventID":44,"Qualifiers":0,"EventType":"Information","EventCategory":1,"Channel":"System","SourceName":"Microsoft-Windows-WindowsUpdateClient","ComputerName":"DESKTOP-RB8ENUF","Data":"","Sid":"S-1-5-18","Message":"Windows Update started downloading an update.\r\n","StringInserts":["9WZDNCRFJ3P2-MICROSOFT.ZUNEVIDEO","{3e6a974f-eb84-41e2-93d6-c3867656b77e}","1"]}
{"RecordNumber":17955,"TimeGenerated":"2025-06-26 10:07:24 +0700","TimeWritten":"2025-06-26 10:07:24 +0700","EventID":44,"Qualifiers":0,"EventType":"Information","EventCategory":1,"Channel":"System","SourceName":"Microsoft-Windows-WindowsUpdateClient","ComputerName":"DESKTOP-RB8ENUF","Data":"","Sid":"S-1-5-18","Message":"Windows Update started downloading an update.\r\n","StringInserts":["9WZDNCRFJ3P2-MICROSOFT.ZUNEVIDEO","{3e6a974f-eb84-41e2-93d6-c3867656b77e}","1"]}
{"RecordNumber":17956,"TimeGenerated":"2025-06-26 10:07:24 +0700","TimeWritten":"2025-06-26 10:07:24 +0700","EventID":44,"Qualifiers":0,"EventType":"Information","EventCategory":1,"Channel":"System","SourceName":"Microsoft-Windows-WindowsUpdateClient","ComputerName":"DESKTOP-RB8ENUF","Data":"","Sid":"S-1-5-18","Message":"Windows Update started downloading an update.\r\n","StringInserts":["9NBLGGH4RV3K-Microsoft.VCLibs.140.00.UWPDesktop","{fcdd3b59-f41c-4595-b36b-245bacb749e8}","1"]}
{"RecordNumber":17957,"TimeGenerated":"2025-06-26 10:07:27 +0700","TimeWritten":"2025-06-26 10:07:27 +0700","EventID":16,"Qualifiers":0,"EventType":"Information","EventCategory":0,"Channel":"System","SourceName":"Microsoft-Windows-Kernel-General","ComputerName":"DESKTOP-RB8ENUF","Data":"","Sid":"S-1-5-18","Message":"","StringInserts":["130","\\??\\C:\\ProgramData\\Microsoft\\Windows\\AppRepository\\Packages\\Microsoft.ZuneMusic_11.2505.2.0_x64__8wekyb3d8bbwe\\ActivationStore.dat","0","0"]}
