{"RecordNumber":25109,"TimeGenerated":"2025-07-09 16:21:59 +0700","TimeWritten":"2025-07-09 16:21:59 +0700","EventID":12288,"Qualifiers":16384,"EventType":"Information","EventCategory":0,"Channel":"Application","SourceName":"Software Protection Platform Service","ComputerName":"DESKTOP-RB8ENUF","Data":"00000600f6999284dacbd8a8cec4399fc9e1f79a189bb2efd4bbc7736372e2ec7edca15883b8e0be34c732850f9c350ae18d938bbe931fd3f7b5e98f7aaa22f7261910fb41a26944c8f07f8cd3813b2ef046742012d7b64438a9a6b964913bd23119b29a4cf7e91e3e8a4bb0eb473ec5fa0e2220d00f8c43163b886705711eb2a275512ed895805eb651184bfb8ae12ce4be01d3e978ea13d0f1442214d8ae3a4ca4df4b85c3ac1743830f9ad84671f3aaca3fa532f8d7e2c1cda9b6b6b14f01d8266fd85593efc7d8ab4c9a8a5ba3466b1bc0e75444102b7ac24ae3275fbaec84c2189d526f89e3e2021b9beb254f6e6e58d7d119107469151a2958cfe1628d4793de67","Sid":"","Message":"The client has sent an activation request to the key management service machine.\r\nInfo:\r\n0x00000000, 0x00000000, 70.37.61.117:1688, 027b3fcb-307b-4034-99b1-ea592ddb80f7, 2025/07/09 09:21, 0, 1, 249120, 85dd8b5f-eaa4-4af3-a628-cce9e77c9a03, 5\r\n","StringInserts":["0x00000000, 0x00000000, 70.37.61.117:1688, 027b3fcb-307b-4034-99b1-ea592ddb80f7, 2025/07/09 09:21, 0, 1, 249120, 85dd8b5f-eaa4-4af3-a628-cce9e77c9a03, 5"]}
{"RecordNumber":25110,"TimeGenerated":"2025-07-09 16:22:00 +0700","TimeWritten":"2025-07-09 16:22:00 +0700","EventID":12289,"Qualifiers":16384,"EventType":"Information","EventCategory":0,"Channel":"Application","SourceName":"Software Protection Platform Service","ComputerName":"DESKTOP-RB8ENUF","Data":"0000060049b86d5e414a8dc2097af45c14888a2b791f11c7aea97c36cbc78a24a2930d265d54726f09fde33deb181819a4c35ff2c99be96ff20fd1ae6e6b482549ed26cfff2a063eafd0d9c93d9f11ad664fbf538d45d3e1438dcd1847132f2128048abf4d576214cf3af07d414cde8602441fa19deb1d223d17c525aafa93e704c8bf3e82068c71718a472d1e4180a98b630174d669d72c31d3ff6cafd9086295f1deec78935dc334b5e7077da5b9cdb1f91710fc567840a057905fdfc0e587e8417c6fa90ad2f69b94eacb997e9e9662fb2a257ae0c7c29f7f1c06ebba875e1cdaff319c1965735e327f50f51314e13fa2c522d9ef3de74de8fed773ea9c2f3193c890","Sid":"","Message":"The client has processed an activation response from the key management service machine.\r\nInfo:\r\n0x00000000, 0x00000000, 1, 0, 10, 120, 10080, 2025/07/09 09:21\r\n","StringInserts":["0x00000000, 0x00000000, 1, 0, 10, 120, 10080, 2025/07/09 09:21"]}
{"RecordNumber":25109,"TimeGenerated":"2025-07-09 16:21:59 +0700","TimeWritten":"2025-07-09 16:21:59 +0700","EventID":12288,"Qualifiers":16384,"EventType":"Information","EventCategory":0,"Channel":"Application","SourceName":"Software Protection Platform Service","ComputerName":"DESKTOP-RB8ENUF","Data":"00000600f6999284dacbd8a8cec4399fc9e1f79a189bb2efd4bbc7736372e2ec7edca15883b8e0be34c732850f9c350ae18d938bbe931fd3f7b5e98f7aaa22f7261910fb41a26944c8f07f8cd3813b2ef046742012d7b64438a9a6b964913bd23119b29a4cf7e91e3e8a4bb0eb473ec5fa0e2220d00f8c43163b886705711eb2a275512ed895805eb651184bfb8ae12ce4be01d3e978ea13d0f1442214d8ae3a4ca4df4b85c3ac1743830f9ad84671f3aaca3fa532f8d7e2c1cda9b6b6b14f01d8266fd85593efc7d8ab4c9a8a5ba3466b1bc0e75444102b7ac24ae3275fbaec84c2189d526f89e3e2021b9beb254f6e6e58d7d119107469151a2958cfe1628d4793de67","Sid":"","Message":"The client has sent an activation request to the key management service machine.\r\nInfo:\r\n0x00000000, 0x00000000, 70.37.61.117:1688, 027b3fcb-307b-4034-99b1-ea592ddb80f7, 2025/07/09 09:21, 0, 1, 249120, 85dd8b5f-eaa4-4af3-a628-cce9e77c9a03, 5\r\n","StringInserts":["0x00000000, 0x00000000, 70.37.61.117:1688, 027b3fcb-307b-4034-99b1-ea592ddb80f7, 2025/07/09 09:21, 0, 1, 249120, 85dd8b5f-eaa4-4af3-a628-cce9e77c9a03, 5"]}
{"RecordNumber":25110,"TimeGenerated":"2025-07-09 16:22:00 +0700","TimeWritten":"2025-07-09 16:22:00 +0700","EventID":12289,"Qualifiers":16384,"EventType":"Information","EventCategory":0,"Channel":"Application","SourceName":"Software Protection Platform Service","ComputerName":"DESKTOP-RB8ENUF","Data":"0000060049b86d5e414a8dc2097af45c14888a2b791f11c7aea97c36cbc78a24a2930d265d54726f09fde33deb181819a4c35ff2c99be96ff20fd1ae6e6b482549ed26cfff2a063eafd0d9c93d9f11ad664fbf538d45d3e1438dcd1847132f2128048abf4d576214cf3af07d414cde8602441fa19deb1d223d17c525aafa93e704c8bf3e82068c71718a472d1e4180a98b630174d669d72c31d3ff6cafd9086295f1deec78935dc334b5e7077da5b9cdb1f91710fc567840a057905fdfc0e587e8417c6fa90ad2f69b94eacb997e9e9662fb2a257ae0c7c29f7f1c06ebba875e1cdaff319c1965735e327f50f51314e13fa2c522d9ef3de74de8fed773ea9c2f3193c890","Sid":"","Message":"The client has processed an activation response from the key management service machine.\r\nInfo:\r\n0x00000000, 0x00000000, 1, 0, 10, 120, 10080, 2025/07/09 09:21\r\n","StringInserts":["0x00000000, 0x00000000, 1, 0, 10, 120, 10080, 2025/07/09 09:21"]}
{"RecordNumber":25111,"TimeGenerated":"2025-07-09 16:22:30 +0700","TimeWritten":"2025-07-09 16:22:30 +0700","EventID":16384,"Qualifiers":16384,"EventType":"Information","EventCategory":0,"Channel":"Application","SourceName":"Software Protection Platform Service","ComputerName":"DESKTOP-RB8ENUF","Data":"","Sid":"","Message":"Successfully scheduled Software Protection service for re-start at 2025-07-16T06:44:30Z. Reason: RulesEngine.\r\n","StringInserts":["2025-07-16T06:44:30Z","RulesEngine"]}
{"RecordNumber":25111,"TimeGenerated":"2025-07-09 16:22:30 +0700","TimeWritten":"2025-07-09 16:22:30 +0700","EventID":16384,"Qualifiers":16384,"EventType":"Information","EventCategory":0,"Channel":"Application","SourceName":"Software Protection Platform Service","ComputerName":"DESKTOP-RB8ENUF","Data":"","Sid":"","Message":"Successfully scheduled Software Protection service for re-start at 2025-07-16T06:44:30Z. Reason: RulesEngine.\r\n","StringInserts":["2025-07-16T06:44:30Z","RulesEngine"]}
{"RecordNumber":18668,"TimeGenerated":"2025-07-09 16:36:09 +0700","TimeWritten":"2025-07-09 16:36:09 +0700","EventID":16,"Qualifiers":0,"EventType":"Information","EventCategory":0,"Channel":"System","SourceName":"Microsoft-Windows-Kernel-General","ComputerName":"DESKTOP-RB8ENUF","Data":"","Sid":"S-1-5-18","Message":"","StringInserts":["110","\\??\\C:\\Users\\Admin\\AppData\\Local\\Packages\\Microsoft.Windows.Photos_8wekyb3d8bbwe\\SystemAppData\\Helium\\User.dat","16","1"]}
{"RecordNumber":18669,"TimeGenerated":"2025-07-09 16:36:09 +0700","TimeWritten":"2025-07-09 16:36:09 +0700","EventID":16,"Qualifiers":0,"EventType":"Information","EventCategory":0,"Channel":"System","SourceName":"Microsoft-Windows-Kernel-General","ComputerName":"DESKTOP-RB8ENUF","Data":"","Sid":"S-1-5-18","Message":"","StringInserts":["117","\\??\\C:\\Users\\Admin\\AppData\\Local\\Packages\\Microsoft.Windows.Photos_8wekyb3d8bbwe\\SystemAppData\\Helium\\UserClasses.dat","12","1"]}
{"RecordNumber":18670,"TimeGenerated":"2025-07-09 16:36:09 +0700","TimeWritten":"2025-07-09 16:36:09 +0700","EventID":16,"Qualifiers":0,"EventType":"Information","EventCategory":0,"Channel":"System","SourceName":"Microsoft-Windows-Kernel-General","ComputerName":"DESKTOP-RB8ENUF","Data":"","Sid":"S-1-5-18","Message":"","StringInserts":["165","\\??\\C:\\ProgramData\\Packages\\Microsoft.Windows.Photos_8wekyb3d8bbwe\\S-1-5-21-3306260603-718234045-292622573-1001\\SystemAppData\\Helium\\Cache\\145e6b2d56057ba7_COM15.dat","1","1"]}
{"RecordNumber":18671,"TimeGenerated":"2025-07-09 16:36:09 +0700","TimeWritten":"2025-07-09 16:36:09 +0700","EventID":16,"Qualifiers":0,"EventType":"Information","EventCategory":0,"Channel":"System","SourceName":"Microsoft-Windows-Kernel-General","ComputerName":"DESKTOP-RB8ENUF","Data":"","Sid":"S-1-5-18","Message":"","StringInserts":["103","\\??\\C:\\Users\\Admin\\AppData\\Local\\Packages\\Microsoft.Copilot_8wekyb3d8bbwe\\SystemAppData\\Helium\\User.dat","6","1"]}
{"RecordNumber":18672,"TimeGenerated":"2025-07-09 16:36:09 +0700","TimeWritten":"2025-07-09 16:36:09 +0700","EventID":16,"Qualifiers":0,"EventType":"Information","EventCategory":0,"Channel":"System","SourceName":"Microsoft-Windows-Kernel-General","ComputerName":"DESKTOP-RB8ENUF","Data":"","Sid":"S-1-5-18","Message":"","StringInserts":["110","\\??\\C:\\Users\\Admin\\AppData\\Local\\Packages\\Microsoft.Copilot_8wekyb3d8bbwe\\SystemAppData\\Helium\\UserClasses.dat","9","1"]}
{"RecordNumber":18673,"TimeGenerated":"2025-07-09 16:36:11 +0700","TimeWritten":"2025-07-09 16:36:11 +0700","EventID":16,"Qualifiers":0,"EventType":"Information","EventCategory":0,"Channel":"System","SourceName":"Microsoft-Windows-Kernel-General","ComputerName":"DESKTOP-RB8ENUF","Data":"","Sid":"S-1-5-18","Message":"","StringInserts":["102","\\??\\C:\\Users\\Admin\\AppData\\Local\\Packages\\Microsoft.Windows.Photos_8wekyb3d8bbwe\\Settings\\settings.dat","14","5"]}
{"RecordNumber":25112,"TimeGenerated":"2025-07-09 16:34:11 +0700","TimeWritten":"2025-07-09 16:34:11 +0700","EventID":10000,"Qualifiers":0,"EventType":"Information","EventCategory":0,"Channel":"Application","SourceName":"Microsoft-Windows-RestartManager","ComputerName":"DESKTOP-RB8ENUF","Data":"","Sid":"S-1-5-21-3306260603-718234045-292622573-1001","Message":"Starting session 1 - 2025-07-09T09:34:11.2031138Z.\r\n","StringInserts":["1","2025-07-09T09:34:11.2031138Z"]}
{"RecordNumber":25113,"TimeGenerated":"2025-07-09 16:34:11 +0700","TimeWritten":"2025-07-09 16:34:11 +0700","EventID":10001,"Qualifiers":0,"EventType":"Information","EventCategory":0,"Channel":"Application","SourceName":"Microsoft-Windows-RestartManager","ComputerName":"DESKTOP-RB8ENUF","Data":"","Sid":"S-1-5-21-3306260603-718234045-292622573-1001","Message":"Ending session 1 started 2025-07-09T09:34:11.2031138Z.\r\n","StringInserts":["1","2025-07-09T09:34:11.2031138Z"]}
{"RecordNumber":25114,"TimeGenerated":"2025-07-09 16:36:12 +0700","TimeWritten":"2025-07-09 16:36:12 +0700","EventID":16394,"Qualifiers":49152,"EventType":"Information","EventCategory":0,"Channel":"Application","SourceName":"Software Protection Platform Service","ComputerName":"DESKTOP-RB8ENUF","Data":"","Sid":"","Message":"Offline downlevel migration succeeded.\r\n","StringInserts":[]}
{"RecordNumber":25115,"TimeGenerated":"2025-07-09 16:36:44 +0700","TimeWritten":"2025-07-09 16:36:44 +0700","EventID":16384,"Qualifiers":16384,"EventType":"Information","EventCategory":0,"Channel":"Application","SourceName":"Software Protection Platform Service","ComputerName":"DESKTOP-RB8ENUF","Data":"","Sid":"","Message":"Successfully scheduled Software Protection service for re-start at 2025-07-16T06:44:44Z. Reason: RulesEngine.\r\n","StringInserts":["2025-07-16T06:44:44Z","RulesEngine"]}
{"RecordNumber":25116,"TimeGenerated":"2025-07-09 16:50:04 +0700","TimeWritten":"2025-07-09 16:50:04 +0700","EventID":1001,"Qualifiers":0,"EventType":"Information","EventCategory":0,"Channel":"Application","SourceName":"Windows Error Reporting","ComputerName":"DESKTOP-RB8ENUF","Data":"","Sid":"","Message":"Fault bucket 2111525315961788241, type 5\r\nEvent Name: PerfWatsonVS12Data\r\nResponse: Not available\r\nCab Id: 1804014652350302985\r\n\r\nProblem signature:\r\nP1: PerfWatsonTcdb\r\nP2: 0\r\nP3: 0\r\nP4: 0\r\nP5: 0\r\nP6: \r\nP7: \r\nP8: \r\nP9: \r\nP10: \r\n\r\nAttached files:\r\n\\\\?\\C:\\Users\\Admin\\AppData\\Local\\Temp\\VSTelem.Out\\202507090949_d17.13_17.13.35825.156_24236_b5b5644c-7617-4b68-90be-ef285eb9ad51.tcdb\r\n\\\\?\\C:\\ProgramData\\Microsoft\\Windows\\WER\\Temp\\WER3CE2.tmp.WERInternalMetadata.xml\r\n\\\\?\\C:\\ProgramData\\Microsoft\\Windows\\WER\\Temp\\WER3D12.tmp.xml\r\n\\\\?\\C:\\ProgramData\\Microsoft\\Windows\\WER\\Temp\\WER3D21.tmp.csv\r\n\\\\?\\C:\\ProgramData\\Microsoft\\Windows\\WER\\Temp\\WER3D31.tmp.txt\r\n\\\\?\\C:\\Users\\Admin\\AppData\\Local\\Temp\\WER41D6.tmp.WERDataCollectionStatus.txt\r\n\r\nThese files may be available here:\r\n\\\\?\\C:\\ProgramData\\Microsoft\\Windows\\WER\\ReportArchive\\NonCritical_PerfWatsonTcdb_688f135dd185f2a8133a474a2518efc6ce6cc4a_00000000_cab_3a5f5645-a500-4712-b660-356c1b1c6ead\r\n\r\nAnalysis symbol: \r\nRechecking for solution: 0\r\nReport Id: 3a5f5645-a500-4712-b660-356c1b1c6ead\r\nReport Status: 268435464\r\nHashed bucket: fb30d2b9a7acf0305d4da51668259751\r\nCab Guid: 6da4aef5-26a3-4cff-8909-25c4aaf08b09\r\n","StringInserts":["2111525315961788241","5","PerfWatsonVS12Data","Not available","1804014652350302985","PerfWatsonTcdb","0","0","0","0","","","","","","\r\n\\\\?\\C:\\Users\\Admin\\AppData\\Local\\Temp\\VSTelem.Out\\202507090949_d17.13_17.13.35825.156_24236_b5b5644c-7617-4b68-90be-ef285eb9ad51.tcdb\r\n\\\\?\\C:\\ProgramData\\Microsoft\\Windows\\WER\\Temp\\WER3CE2.tmp.WERInternalMetadata.xml\r\n\\\\?\\C:\\ProgramData\\Microsoft\\Windows\\WER\\Temp\\WER3D12.tmp.xml\r\n\\\\?\\C:\\ProgramData\\Microsoft\\Windows\\WER\\Temp\\WER3D21.tmp.csv\r\n\\\\?\\C:\\ProgramData\\Microsoft\\Windows\\WER\\Temp\\WER3D31.tmp.txt\r\n\\\\?\\C:\\Users\\Admin\\AppData\\Local\\Temp\\WER41D6.tmp.WERDataCollectionStatus.txt","\\\\?\\C:\\ProgramData\\Microsoft\\Windows\\WER\\ReportArchive\\NonCritical_PerfWatsonTcdb_688f135dd185f2a8133a474a2518efc6ce6cc4a_00000000_cab_3a5f5645-a500-4712-b660-356c1b1c6ead","","0","3a5f5645-a500-4712-b660-356c1b1c6ead","268435464","fb30d2b9a7acf0305d4da51668259751","6da4aef5-26a3-4cff-8909-25c4aaf08b09"]}
{"RecordNumber":25117,"TimeGenerated":"2025-07-09 17:01:03 +0700","TimeWritten":"2025-07-09 17:01:03 +0700","EventID":16394,"Qualifiers":49152,"EventType":"Information","EventCategory":0,"Channel":"Application","SourceName":"Software Protection Platform Service","ComputerName":"DESKTOP-RB8ENUF","Data":"","Sid":"","Message":"Offline downlevel migration succeeded.\r\n","StringInserts":[]}
{"RecordNumber":25118,"TimeGenerated":"2025-07-09 17:01:33 +0700","TimeWritten":"2025-07-09 17:01:33 +0700","EventID":16384,"Qualifiers":16384,"EventType":"Information","EventCategory":0,"Channel":"Application","SourceName":"Software Protection Platform Service","ComputerName":"DESKTOP-RB8ENUF","Data":"","Sid":"","Message":"Successfully scheduled Software Protection service for re-start at 2025-07-16T06:44:33Z. Reason: RulesEngine.\r\n","StringInserts":["2025-07-16T06:44:33Z","RulesEngine"]}
,"Message":"Offline downlevel migration succeeded.\r\n","StringInserts":[]}
{"RecordNumber":25115,"TimeGenerated":"2025-07-09 16:36:44 +0700","TimeWritten":"2025-07-09 16:36:44 +0700","EventID":16384,"Qualifiers":16384,"EventType":"Information","EventCategory":0,"Channel":"Application","SourceName":"Software Protection Platform Service","ComputerName":"DESKTOP-RB8ENUF","Data":"","Sid":"","Message":"Successfully scheduled Software Protection service for re-start at 2025-07-16T06:44:44Z. Reason: RulesEngine.\r\n","StringInserts":["2025-07-16T06:44:44Z","RulesEngine"]}
{"RecordNumber":25116,"TimeGenerated":"2025-07-09 16:50:04 +0700","TimeWritten":"2025-07-09 16:50:04 +0700","EventID":1001,"Qualifiers":0,"EventType":"Information","EventCategory":0,"Channel":"Application","SourceName":"Windows Error Reporting","ComputerName":"DESKTOP-RB8ENUF","Data":"","Sid":"","Message":"Fault bucket 2111525315961788241, type 5\r\nEvent Name: PerfWatsonVS12Data\r\nResponse: Not available\r\nCab Id: 1804014652350302985\r\n\r\nProblem signature:\r\nP1: PerfWatsonTcdb\r\nP2: 0\r\nP3: 0\r\nP4: 0\r\nP5: 0\r\nP6: \r\nP7: \r\nP8: \r\nP9: \r\nP10: \r\n\r\nAttached files:\r\n\\\\?\\C:\\Users\\Admin\\AppData\\Local\\Temp\\VSTelem.Out\\202507090949_d17.13_17.13.35825.156_24236_b5b5644c-7617-4b68-90be-ef285eb9ad51.tcdb\r\n\\\\?\\C:\\ProgramData\\Microsoft\\Windows\\WER\\Temp\\WER3CE2.tmp.WERInternalMetadata.xml\r\n\\\\?\\C:\\ProgramData\\Microsoft\\Windows\\WER\\Temp\\WER3D12.tmp.xml\r\n\\\\?\\C:\\ProgramData\\Microsoft\\Windows\\WER\\Temp\\WER3D21.tmp.csv\r\n\\\\?\\C:\\ProgramData\\Microsoft\\Windows\\WER\\Temp\\WER3D31.tmp.txt\r\n\\\\?\\C:\\Users\\Admin\\AppData\\Local\\Temp\\WER41D6.tmp.WERDataCollectionStatus.txt\r\n\r\nThese files may be available here:\r\n\\\\?\\C:\\ProgramData\\Microsoft\\Windows\\WER\\ReportArchive\\NonCritical_PerfWatsonTcdb_688f135dd185f2a8133a474a2518efc6ce6cc4a_00000000_cab_3a5f5645-a500-4712-b660-356c1b1c6ead\r\n\r\nAnalysis symbol: \r\nRechecking for solution: 0\r\nReport Id: 3a5f5645-a500-4712-b660-356c1b1c6ead\r\nReport Status: 268435464\r\nHashed bucket: fb30d2b9a7acf0305d4da51668259751\r\nCab Guid: 6da4aef5-26a3-4cff-8909-25c4aaf08b09\r\n","StringInserts":["2111525315961788241","5","PerfWatsonVS12Data","Not available","1804014652350302985","PerfWatsonTcdb","0","0","0","0","","","","","","\r\n\\\\?\\C:\\Users\\Admin\\AppData\\Local\\Temp\\VSTelem.Out\\202507090949_d17.13_17.13.35825.156_24236_b5b5644c-7617-4b68-90be-ef285eb9ad51.tcdb\r\n\\\\?\\C:\\ProgramData\\Microsoft\\Windows\\WER\\Temp\\WER3CE2.tmp.WERInternalMetadata.xml\r\n\\\\?\\C:\\ProgramData\\Microsoft\\Windows\\WER\\Temp\\WER3D12.tmp.xml\r\n\\\\?\\C:\\ProgramData\\Microsoft\\Windows\\WER\\Temp\\WER3D21.tmp.csv\r\n\\\\?\\C:\\ProgramData\\Microsoft\\Windows\\WER\\Temp\\WER3D31.tmp.txt\r\n\\\\?\\C:\\Users\\Admin\\AppData\\Local\\Temp\\WER41D6.tmp.WERDataCollectionStatus.txt","\\\\?\\C:\\ProgramData\\Microsoft\\Windows\\WER\\ReportArchive\\NonCritical_PerfWatsonTcdb_688f135dd185f2a8133a474a2518efc6ce6cc4a_00000000_cab_3a5f5645-a500-4712-b660-356c1b1c6ead","","0","3a5f5645-a500-4712-b660-356c1b1c6ead","268435464","fb30d2b9a7acf0305d4da51668259751","6da4aef5-26a3-4cff-8909-25c4aaf08b09"]}
{"RecordNumber":25117,"TimeGenerated":"2025-07-09 17:01:03 +0700","TimeWritten":"2025-07-09 17:01:03 +0700","EventID":16394,"Qualifiers":49152,"EventType":"Information","EventCategory":0,"Channel":"Application","SourceName":"Software Protection Platform Service","ComputerName":"DESKTOP-RB8ENUF","Data":"","Sid":"","Message":"Offline downlevel migration succeeded.\r\n","StringInserts":[]}
{"RecordNumber":25118,"TimeGenerated":"2025-07-09 17:01:33 +0700","TimeWritten":"2025-07-09 17:01:33 +0700","EventID":16384,"Qualifiers":16384,"EventType":"Information","EventCategory":0,"Channel":"Application","SourceName":"Software Protection Platform Service","ComputerName":"DESKTOP-RB8ENUF","Data":"","Sid":"","Message":"Successfully scheduled Software Protection service for re-start at 2025-07-16T06:44:33Z. Reason: RulesEngine.\r\n","StringInserts":["2025-07-16T06:44:33Z","RulesEngine"]}
{"RecordNumber":18668,"TimeGenerated":"2025-07-09 16:36:09 +0700","TimeWritten":"2025-07-09 16:36:09 +0700","EventID":16,"Qualifiers":0,"EventType":"Information","EventCategory":0,"Channel":"System","SourceName":"Microsoft-Windows-Kernel-General","ComputerName":"DESKTOP-RB8ENUF","Data":"","Sid":"S-1-5-18","Message":"","StringInserts":["110","\\??\\C:\\Users\\Admin\\AppData\\Local\\Packages\\Microsoft.Windows.Photos_8wekyb3d8bbwe\\SystemAppData\\Helium\\User.dat","16","1"]}
{"RecordNumber":18669,"TimeGenerated":"2025-07-09 16:36:09 +0700","TimeWritten":"2025-07-09 16:36:09 +0700","EventID":16,"Qualifiers":0,"EventType":"Information","EventCategory":0,"Channel":"System","SourceName":"Microsoft-Windows-Kernel-General","ComputerName":"DESKTOP-RB8ENUF","Data":"","Sid":"S-1-5-18","Message":"","StringInserts":["117","\\??\\C:\\Users\\Admin\\AppData\\Local\\Packages\\Microsoft.Windows.Photos_8wekyb3d8bbwe\\SystemAppData\\Helium\\UserClasses.dat","12","1"]}
{"RecordNumber":18670,"TimeGenerated":"2025-07-09 16:36:09 +0700","TimeWritten":"2025-07-09 16:36:09 +0700","EventID":16,"Qualifiers":0,"EventType":"Information","EventCategory":0,"Channel":"System","SourceName":"Microsoft-Windows-Kernel-General","ComputerName":"DESKTOP-RB8ENUF","Data":"","Sid":"S-1-5-18","Message":"","StringInserts":["165","\\??\\C:\\ProgramData\\Packages\\Microsoft.Windows.Photos_8wekyb3d8bbwe\\S-1-5-21-3306260603-718234045-292622573-1001\\SystemAppData\\Helium\\Cache\\145e6b2d56057ba7_COM15.dat","1","1"]}
{"RecordNumber":18671,"TimeGenerated":"2025-07-09 16:36:09 +0700","TimeWritten":"2025-07-09 16:36:09 +0700","EventID":16,"Qualifiers":0,"EventType":"Information","EventCategory":0,"Channel":"System","SourceName":"Microsoft-Windows-Kernel-General","ComputerName":"DESKTOP-RB8ENUF","Data":"","Sid":"S-1-5-18","Message":"","StringInserts":["103","\\??\\C:\\Users\\Admin\\AppData\\Local\\Packages\\Microsoft.Copilot_8wekyb3d8bbwe\\SystemAppData\\Helium\\User.dat","6","1"]}
{"RecordNumber":18672,"TimeGenerated":"2025-07-09 16:36:09 +0700","TimeWritten":"2025-07-09 16:36:09 +0700","EventID":16,"Qualifiers":0,"EventType":"Information","EventCategory":0,"Channel":"System","SourceName":"Microsoft-Windows-Kernel-General","ComputerName":"DESKTOP-RB8ENUF","Data":"","Sid":"S-1-5-18","Message":"","StringInserts":["110","\\??\\C:\\Users\\Admin\\AppData\\Local\\Packages\\Microsoft.Copilot_8wekyb3d8bbwe\\SystemAppData\\Helium\\UserClasses.dat","9","1"]}
{"RecordNumber":18673,"TimeGenerated":"2025-07-09 16:36:11 +0700","TimeWritten":"2025-07-09 16:36:11 +0700","EventID":16,"Qualifiers":0,"EventType":"Information","EventCategory":0,"Channel":"System","SourceName":"Microsoft-Windows-Kernel-General","ComputerName":"DESKTOP-RB8ENUF","Data":"","Sid":"S-1-5-18","Message":"","StringInserts":["102","\\??\\C:\\Users\\Admin\\AppData\\Local\\Packages\\Microsoft.Windows.Photos_8wekyb3d8bbwe\\Settings\\settings.dat","14","5"]}
{"RecordNumber":25112,"TimeGenerated":"2025-07-09 16:34:11 +0700","TimeWritten":"2025-07-09 16:34:11 +0700","EventID":10000,"Qualifiers":0,"EventType":"Information","EventCategory":0,"Channel":"Application","SourceName":"Microsoft-Windows-RestartManager","ComputerName":"DESKTOP-RB8ENUF","Data":"","Sid":"S-1-5-21-3306260603-718234045-292622573-1001","Message":"Starting session 1 - 2025-07-09T09:34:11.2031138Z.\r\n","StringInserts":["1","2025-07-09T09:34:11.2031138Z"]}
{"RecordNumber":25113,"TimeGenerated":"2025-07-09 16:34:11 +0700","TimeWritten":"2025-07-09 16:34:11 +0700","EventID":10001,"Qualifiers":0,"EventType":"Information","EventCategory":0,"Channel":"Application","SourceName":"Microsoft-Windows-RestartManager","ComputerName":"DESKTOP-RB8ENUF","Data":"","Sid":"S-1-5-21-3306260603-718234045-292622573-1001","Message":"Ending session 1 started 2025-07-09T09:34:11.2031138Z.\r\n","StringInserts":["1","2025-07-09T09:34:11.2031138Z"]}
{"RecordNumber":25114,"TimeGenerated":"2025-07-09 16:36:12 +0700","TimeWritten":"2025-07-09 16:36:12 +0700","EventID":16394,"Qualifiers":49152,"EventType":"Information","EventCategory":0,"Channel":"Application","SourceName":"Software Protection Platform Service","ComputerName":"DESKTOP-RB8ENUF","Data":"","Sid":"","Message":"Offline downlevel migration succeeded.\r\n","StringInserts":[]}
{"RecordNumber":25115,"TimeGenerated":"2025-07-09 16:36:44 +0700","TimeWritten":"2025-07-09 16:36:44 +0700","EventID":16384,"Qualifiers":16384,"EventType":"Information","EventCategory":0,"Channel":"Application","SourceName":"Software Protection Platform Service","ComputerName":"DESKTOP-RB8ENUF","Data":"","Sid":"","Message":"Successfully scheduled Software Protection service for re-start at 2025-07-16T06:44:44Z. Reason: RulesEngine.\r\n","StringInserts":["2025-07-16T06:44:44Z","RulesEngine"]}
{"RecordNumber":25116,"TimeGenerated":"2025-07-09 16:50:04 +0700","TimeWritten":"2025-07-09 16:50:04 +0700","EventID":1001,"Qualifiers":0,"EventType":"Information","EventCategory":0,"Channel":"Application","SourceName":"Windows Error Reporting","ComputerName":"DESKTOP-RB8ENUF","Data":"","Sid":"","Message":"Fault bucket 2111525315961788241, type 5\r\nEvent Name: PerfWatsonVS12Data\r\nResponse: Not available\r\nCab Id: 1804014652350302985\r\n\r\nProblem signature:\r\nP1: PerfWatsonTcdb\r\nP2: 0\r\nP3: 0\r\nP4: 0\r\nP5: 0\r\nP6: \r\nP7: \r\nP8: \r\nP9: \r\nP10: \r\n\r\nAttached files:\r\n\\\\?\\C:\\Users\\Admin\\AppData\\Local\\Temp\\VSTelem.Out\\202507090949_d17.13_17.13.35825.156_24236_b5b5644c-7617-4b68-90be-ef285eb9ad51.tcdb\r\n\\\\?\\C:\\ProgramData\\Microsoft\\Windows\\WER\\Temp\\WER3CE2.tmp.WERInternalMetadata.xml\r\n\\\\?\\C:\\ProgramData\\Microsoft\\Windows\\WER\\Temp\\WER3D12.tmp.xml\r\n\\\\?\\C:\\ProgramData\\Microsoft\\Windows\\WER\\Temp\\WER3D21.tmp.csv\r\n\\\\?\\C:\\ProgramData\\Microsoft\\Windows\\WER\\Temp\\WER3D31.tmp.txt\r\n\\\\?\\C:\\Users\\Admin\\AppData\\Local\\Temp\\WER41D6.tmp.WERDataCollectionStatus.txt\r\n\r\nThese files may be available here:\r\n\\\\?\\C:\\ProgramData\\Microsoft\\Windows\\WER\\ReportArchive\\NonCritical_PerfWatsonTcdb_688f135dd185f2a8133a474a2518efc6ce6cc4a_00000000_cab_3a5f5645-a500-4712-b660-356c1b1c6ead\r\n\r\nAnalysis symbol: \r\nRechecking for solution: 0\r\nReport Id: 3a5f5645-a500-4712-b660-356c1b1c6ead\r\nReport Status: 268435464\r\nHashed bucket: fb30d2b9a7acf0305d4da51668259751\r\nCab Guid: 6da4aef5-26a3-4cff-8909-25c4aaf08b09\r\n","StringInserts":["2111525315961788241","5","PerfWatsonVS12Data","Not available","1804014652350302985","PerfWatsonTcdb","0","0","0","0","","","","","","\r\n\\\\?\\C:\\Users\\Admin\\AppData\\Local\\Temp\\VSTelem.Out\\202507090949_d17.13_17.13.35825.156_24236_b5b5644c-7617-4b68-90be-ef285eb9ad51.tcdb\r\n\\\\?\\C:\\ProgramData\\Microsoft\\Windows\\WER\\Temp\\WER3CE2.tmp.WERInternalMetadata.xml\r\n\\\\?\\C:\\ProgramData\\Microsoft\\Windows\\WER\\Temp\\WER3D12.tmp.xml\r\n\\\\?\\C:\\ProgramData\\Microsoft\\Windows\\WER\\Temp\\WER3D21.tmp.csv\r\n\\\\?\\C:\\ProgramData\\Microsoft\\Windows\\WER\\Temp\\WER3D31.tmp.txt\r\n\\\\?\\C:\\Users\\Admin\\AppData\\Local\\Temp\\WER41D6.tmp.WERDataCollectionStatus.txt","\\\\?\\C:\\ProgramData\\Microsoft\\Windows\\WER\\ReportArchive\\NonCritical_PerfWatsonTcdb_688f135dd185f2a8133a474a2518efc6ce6cc4a_00000000_cab_3a5f5645-a500-4712-b660-356c1b1c6ead","","0","3a5f5645-a500-4712-b660-356c1b1c6ead","268435464","fb30d2b9a7acf0305d4da51668259751","6da4aef5-26a3-4cff-8909-25c4aaf08b09"]}
{"RecordNumber":25117,"TimeGenerated":"2025-07-09 17:01:03 +0700","TimeWritten":"2025-07-09 17:01:03 +0700","EventID":16394,"Qualifiers":49152,"EventType":"Information","EventCategory":0,"Channel":"Application","SourceName":"Software Protection Platform Service","ComputerName":"DESKTOP-RB8ENUF","Data":"","Sid":"","Message":"Offline downlevel migration succeeded.\r\n","StringInserts":[]}
{"RecordNumber":25118,"TimeGenerated":"2025-07-09 17:01:33 +0700","TimeWritten":"2025-07-09 17:01:33 +0700","EventID":16384,"Qualifiers":16384,"EventType":"Information","EventCategory":0,"Channel":"Application","SourceName":"Software Protection Platform Service","ComputerName":"DESKTOP-RB8ENUF","Data":"","Sid":"","Message":"Successfully scheduled Software Protection service for re-start at 2025-07-16T06:44:33Z. Reason: RulesEngine.\r\n","StringInserts":["2025-07-16T06:44:33Z","RulesEngine"]}
,"Message":"Offline downlevel migration succeeded.\r\n","StringInserts":[]}
{"RecordNumber":25115,"TimeGenerated":"2025-07-09 16:36:44 +0700","TimeWritten":"2025-07-09 16:36:44 +0700","EventID":16384,"Qualifiers":16384,"EventType":"Information","EventCategory":0,"Channel":"Application","SourceName":"Software Protection Platform Service","ComputerName":"DESKTOP-RB8ENUF","Data":"","Sid":"","Message":"Successfully scheduled Software Protection service for re-start at 2025-07-16T06:44:44Z. Reason: RulesEngine.\r\n","StringInserts":["2025-07-16T06:44:44Z","RulesEngine"]}
{"RecordNumber":25116,"TimeGenerated":"2025-07-09 16:50:04 +0700","TimeWritten":"2025-07-09 16:50:04 +0700","EventID":1001,"Qualifiers":0,"EventType":"Information","EventCategory":0,"Channel":"Application","SourceName":"Windows Error Reporting","ComputerName":"DESKTOP-RB8ENUF","Data":"","Sid":"","Message":"Fault bucket 2111525315961788241, type 5\r\nEvent Name: PerfWatsonVS12Data\r\nResponse: Not available\r\nCab Id: 1804014652350302985\r\n\r\nProblem signature:\r\nP1: PerfWatsonTcdb\r\nP2: 0\r\nP3: 0\r\nP4: 0\r\nP5: 0\r\nP6: \r\nP7: \r\nP8: \r\nP9: \r\nP10: \r\n\r\nAttached files:\r\n\\\\?\\C:\\Users\\Admin\\AppData\\Local\\Temp\\VSTelem.Out\\202507090949_d17.13_17.13.35825.156_24236_b5b5644c-7617-4b68-90be-ef285eb9ad51.tcdb\r\n\\\\?\\C:\\ProgramData\\Microsoft\\Windows\\WER\\Temp\\WER3CE2.tmp.WERInternalMetadata.xml\r\n\\\\?\\C:\\ProgramData\\Microsoft\\Windows\\WER\\Temp\\WER3D12.tmp.xml\r\n\\\\?\\C:\\ProgramData\\Microsoft\\Windows\\WER\\Temp\\WER3D21.tmp.csv\r\n\\\\?\\C:\\ProgramData\\Microsoft\\Windows\\WER\\Temp\\WER3D31.tmp.txt\r\n\\\\?\\C:\\Users\\Admin\\AppData\\Local\\Temp\\WER41D6.tmp.WERDataCollectionStatus.txt\r\n\r\nThese files may be available here:\r\n\\\\?\\C:\\ProgramData\\Microsoft\\Windows\\WER\\ReportArchive\\NonCritical_PerfWatsonTcdb_688f135dd185f2a8133a474a2518efc6ce6cc4a_00000000_cab_3a5f5645-a500-4712-b660-356c1b1c6ead\r\n\r\nAnalysis symbol: \r\nRechecking for solution: 0\r\nReport Id: 3a5f5645-a500-4712-b660-356c1b1c6ead\r\nReport Status: 268435464\r\nHashed bucket: fb30d2b9a7acf0305d4da51668259751\r\nCab Guid: 6da4aef5-26a3-4cff-8909-25c4aaf08b09\r\n","StringInserts":["2111525315961788241","5","PerfWatsonVS12Data","Not available","1804014652350302985","PerfWatsonTcdb","0","0","0","0","","","","","","\r\n\\\\?\\C:\\Users\\Admin\\AppData\\Local\\Temp\\VSTelem.Out\\202507090949_d17.13_17.13.35825.156_24236_b5b5644c-7617-4b68-90be-ef285eb9ad51.tcdb\r\n\\\\?\\C:\\ProgramData\\Microsoft\\Windows\\WER\\Temp\\WER3CE2.tmp.WERInternalMetadata.xml\r\n\\\\?\\C:\\ProgramData\\Microsoft\\Windows\\WER\\Temp\\WER3D12.tmp.xml\r\n\\\\?\\C:\\ProgramData\\Microsoft\\Windows\\WER\\Temp\\WER3D21.tmp.csv\r\n\\\\?\\C:\\ProgramData\\Microsoft\\Windows\\WER\\Temp\\WER3D31.tmp.txt\r\n\\\\?\\C:\\Users\\Admin\\AppData\\Local\\Temp\\WER41D6.tmp.WERDataCollectionStatus.txt","\\\\?\\C:\\ProgramData\\Microsoft\\Windows\\WER\\ReportArchive\\NonCritical_PerfWatsonTcdb_688f135dd185f2a8133a474a2518efc6ce6cc4a_00000000_cab_3a5f5645-a500-4712-b660-356c1b1c6ead","","0","3a5f5645-a500-4712-b660-356c1b1c6ead","268435464","fb30d2b9a7acf0305d4da51668259751","6da4aef5-26a3-4cff-8909-25c4aaf08b09"]}
{"RecordNumber":25117,"TimeGenerated":"2025-07-09 17:01:03 +0700","TimeWritten":"2025-07-09 17:01:03 +0700","EventID":16394,"Qualifiers":49152,"EventType":"Information","EventCategory":0,"Channel":"Application","SourceName":"Software Protection Platform Service","ComputerName":"DESKTOP-RB8ENUF","Data":"","Sid":"","Message":"Offline downlevel migration succeeded.\r\n","StringInserts":[]}
{"RecordNumber":25118,"TimeGenerated":"2025-07-09 17:01:33 +0700","TimeWritten":"2025-07-09 17:01:33 +0700","EventID":16384,"Qualifiers":16384,"EventType":"Information","EventCategory":0,"Channel":"Application","SourceName":"Software Protection Platform Service","ComputerName":"DESKTOP-RB8ENUF","Data":"","Sid":"","Message":"Successfully scheduled Software Protection service for re-start at 2025-07-16T06:44:33Z. Reason: RulesEngine.\r\n","StringInserts":["2025-07-16T06:44:33Z","RulesEngine"]}
