{"RecordNumber":18525,"TimeGenerated":"2025-07-07 07:30:48 +0700","TimeWritten":"2025-07-07 07:30:48 +0700","EventID":19,"Qualifiers":0,"EventType":"Information","EventCategory":1,"Channel":"System","SourceName":"Microsoft-Windows-WindowsUpdateClient","ComputerName":"DESKTOP-RB8ENUF","Data":"","Sid":"S-1-5-18","Message":"Installation Successful: Windows successfully installed the following update: Security Intelligence Update for Microsoft Defender Antivirus - KB2267602 (Version 1.431.438.0) - Current Channel (Broad)\r\n","StringInserts":["Security Intelligence Update for Microsoft Defender Antivirus - KB2267602 (Version 1.431.438.0) - Current Channel (Broad)","{8bfcb3e9-4138-47b7-b225-cc93de0851ca}","200","{9482f4b4-e343-43b6-b170-9a65bc822c77}"]}
{"RecordNumber":18526,"TimeGenerated":"2025-07-07 08:55:58 +0700","TimeWritten":"2025-07-07 08:55:58 +0700","EventID":1014,"Qualifiers":0,"EventType":"Warning","EventCategory":1014,"Channel":"System","SourceName":"Microsoft-Windows-DNS-Client","ComputerName":"DESKTOP-RB8ENUF","Data":"","Sid":"S-1-5-20","Message":"Name resolution for the name wpad timed out after none of the configured DNS servers responded.\r\n","StringInserts":["wpad","128","0200000008080808000000000000000000000000000000000000000000000000000000000000000000000000000000000000000000000000000000000000000000000000000000000000000000000000000000000000000000000000000000000000000000000000000000000000000000000000000000000000000000000000"]}
{"RecordNumber":18527,"TimeGenerated":"2025-07-07 09:57:59 +0700","TimeWritten":"2025-07-07 09:57:59 +0700","EventID":10016,"Qualifiers":0,"EventType":"Warning","EventCategory":0,"Channel":"System","SourceName":"DCOM","ComputerName":"DESKTOP-RB8ENUF","Data":"","Sid":"S-1-5-21-3306260603-718234045-292622573-1001","Message":"The machine-default permission settings do not grant Local Activation permission for the COM Server application with CLSID \r\n{C2F03A33-21F5-47FA-B4BB-156362A2F239}\r\n and APPID \r\n{316CDED5-E4AE-4B15-9113-7055D84DCC97}\r\n to the user DESKTOP-RB8ENUF\\NgThang SID (S-1-5-21-3306260603-718234045-292622573-1001) from address LocalHost (Using LRPC) running in the application container Microsoft.Windows.ShellExperienceHost_10.0.19041.5072_neutral_neutral_cw5n1h2txyewy SID (S-1-15-2-155514346-2573954481-755741238-1654018636-1233331829-3075935687-2861478708). This security permission can be modified using the Component Services administrative tool.\r\n","StringInserts":["machine-default","Local","Activation","{C2F03A33-21F5-47FA-B4BB-156362A2F239}","{316CDED5-E4AE-4B15-9113-7055D84DCC97}","DESKTOP-RB8ENUF","NgThang","S-1-5-21-3306260603-718234045-292622573-1001","LocalHost (Using LRPC)","Microsoft.Windows.ShellExperienceHost_10.0.19041.5072_neutral_neutral_cw5n1h2txyewy","S-1-15-2-155514346-2573954481-755741238-1654018636-1233331829-3075935687-2861478708"]}
{"RecordNumber":18528,"TimeGenerated":"2025-07-07 12:00:00 +0700","TimeWritten":"2025-07-07 12:00:00 +0700","EventID":6013,"Qualifiers":32768,"EventType":"Information","EventCategory":0,"Channel":"System","SourceName":"EventLog","ComputerName":"DESKTOP-RB8ENUF","Data":"31002e003100000030000000570069006e0064006f00770073002000310030002000500072006f000000310030002e0030002e003100390030003400350020004200750069006c0064002000310039003000340035002000200000004d0075006c0074006900700072006f0063006500730073006f007200200046007200650065000000310039003000340031002e00760062005f00720065006c0065006100730065002e003100390031003200300036002d00310034003000360000003600350066003300320061003200320000004e006f007400200041007600610069006c00610062006c00650000004e006f007400200041007600610069006c00610062006c00650000003900000031003200000031003600310032003600000034003000390000004400450053004b0054004f0050002d0052004200380045004e005500460000000000","Sid":"","Message":"The system uptime is 1190272 seconds.\r\n","StringInserts":["","","","","1190272","60","-420 SE Asia Standard Time"]}
{"RecordNumber":18529,"TimeGenerated":"2025-07-07 12:24:20 +0700","TimeWritten":"2025-07-07 12:24:20 +0700","EventID":10016,"Qualifiers":0,"EventType":"Warning","EventCategory":0,"Channel":"System","SourceName":"DCOM","ComputerName":"DESKTOP-RB8ENUF","Data":"","Sid":"S-1-5-21-3306260603-718234045-292622573-1001","Message":"The machine-default permission settings do not grant Local Activation permission for the COM Server application with CLSID \r\n{C2F03A33-21F5-47FA-B4BB-156362A2F239}\r\n and APPID \r\n{316CDED5-E4AE-4B15-9113-7055D84DCC97}\r\n to the user DESKTOP-RB8ENUF\\NgThang SID (S-1-5-21-3306260603-718234045-292622573-1001) from address LocalHost (Using LRPC) running in the application container Microsoft.Windows.ShellExperienceHost_10.0.19041.5072_neutral_neutral_cw5n1h2txyewy SID (S-1-15-2-155514346-2573954481-755741238-1654018636-1233331829-3075935687-2861478708). This security permission can be modified using the Component Services administrative tool.\r\n","StringInserts":["machine-default","Local","Activation","{C2F03A33-21F5-47FA-B4BB-156362A2F239}","{316CDED5-E4AE-4B15-9113-7055D84DCC97}","DESKTOP-RB8ENUF","NgThang","S-1-5-21-3306260603-718234045-292622573-1001","LocalHost (Using LRPC)","Microsoft.Windows.ShellExperienceHost_10.0.19041.5072_neutral_neutral_cw5n1h2txyewy","S-1-15-2-155514346-2573954481-755741238-1654018636-1233331829-3075935687-2861478708"]}
{"RecordNumber":18530,"TimeGenerated":"2025-07-07 14:24:32 +0700","TimeWritten":"2025-07-07 14:24:32 +0700","EventID":10016,"Qualifiers":0,"EventType":"Warning","EventCategory":0,"Channel":"System","SourceName":"DCOM","ComputerName":"DESKTOP-RB8ENUF","Data":"","Sid":"S-1-5-21-3306260603-718234045-292622573-1001","Message":"The machine-default permission settings do not grant Local Activation permission for the COM Server application with CLSID \r\n{C2F03A33-21F5-47FA-B4BB-156362A2F239}\r\n and APPID \r\n{316CDED5-E4AE-4B15-9113-7055D84DCC97}\r\n to the user DESKTOP-RB8ENUF\\NgThang SID (S-1-5-21-3306260603-718234045-292622573-1001) from address LocalHost (Using LRPC) running in the application container Microsoft.Windows.ShellExperienceHost_10.0.19041.5072_neutral_neutral_cw5n1h2txyewy SID (S-1-15-2-155514346-2573954481-755741238-1654018636-1233331829-3075935687-2861478708). This security permission can be modified using the Component Services administrative tool.\r\n","StringInserts":["machine-default","Local","Activation","{C2F03A33-21F5-47FA-B4BB-156362A2F239}","{316CDED5-E4AE-4B15-9113-7055D84DCC97}","DESKTOP-RB8ENUF","NgThang","S-1-5-21-3306260603-718234045-292622573-1001","LocalHost (Using LRPC)","Microsoft.Windows.ShellExperienceHost_10.0.19041.5072_neutral_neutral_cw5n1h2txyewy","S-1-15-2-155514346-2573954481-755741238-1654018636-1233331829-3075935687-2861478708"]}
{"RecordNumber":18531,"TimeGenerated":"2025-07-07 16:25:14 +0700","TimeWritten":"2025-07-07 16:25:14 +0700","EventID":10016,"Qualifiers":0,"EventType":"Warning","EventCategory":0,"Channel":"System","SourceName":"DCOM","ComputerName":"DESKTOP-RB8ENUF","Data":"","Sid":"S-1-5-21-3306260603-718234045-292622573-1001","Message":"The machine-default permission settings do not grant Local Activation permission for the COM Server application with CLSID \r\n{C2F03A33-21F5-47FA-B4BB-156362A2F239}\r\n and APPID \r\n{316CDED5-E4AE-4B15-9113-7055D84DCC97}\r\n to the user DESKTOP-RB8ENUF\\NgThang SID (S-1-5-21-3306260603-718234045-292622573-1001) from address LocalHost (Using LRPC) running in the application container Microsoft.Windows.ShellExperienceHost_10.0.19041.5072_neutral_neutral_cw5n1h2txyewy SID (S-1-15-2-155514346-2573954481-755741238-1654018636-1233331829-3075935687-2861478708). This security permission can be modified using the Component Services administrative tool.\r\n","StringInserts":["machine-default","Local","Activation","{C2F03A33-21F5-47FA-B4BB-156362A2F239}","{316CDED5-E4AE-4B15-9113-7055D84DCC97}","DESKTOP-RB8ENUF","NgThang","S-1-5-21-3306260603-718234045-292622573-1001","LocalHost (Using LRPC)","Microsoft.Windows.ShellExperienceHost_10.0.19041.5072_neutral_neutral_cw5n1h2txyewy","S-1-15-2-155514346-2573954481-755741238-1654018636-1233331829-3075935687-2861478708"]}
{"RecordNumber":18532,"TimeGenerated":"2025-07-07 16:39:12 +0700","TimeWritten":"2025-07-07 16:39:12 +0700","EventID":7040,"Qualifiers":16384,"EventType":"Information","EventCategory":0,"Channel":"System","SourceName":"Service Control Manager","ComputerName":"DESKTOP-RB8ENUF","Data":"","Sid":"S-1-5-18","Message":"The start type of the Background Intelligent Transfer Service service was changed from demand start to auto start.\r\n","StringInserts":["Background Intelligent Transfer Service","demand start","auto start","BITS"]}
{"RecordNumber":18533,"TimeGenerated":"2025-07-07 16:41:25 +0700","TimeWritten":"2025-07-07 16:41:25 +0700","EventID":7040,"Qualifiers":16384,"EventType":"Information","EventCategory":0,"Channel":"System","SourceName":"Service Control Manager","ComputerName":"DESKTOP-RB8ENUF","Data":"","Sid":"S-1-5-18","Message":"The start type of the Background Intelligent Transfer Service service was changed from auto start to demand start.\r\n","StringInserts":["Background Intelligent Transfer Service","auto start","demand start","BITS"]}
{"RecordNumber":18534,"TimeGenerated":"2025-07-07 17:27:37 +0700","TimeWritten":"2025-07-07 17:27:37 +0700","EventID":1796,"Qualifiers":0,"EventType":"Error","EventCategory":0,"Channel":"System","SourceName":"Microsoft-Windows-TPM-WMI","ComputerName":"DESKTOP-RB8ENUF","Data":"","Sid":"S-1-5-18","Message":"The Secure Boot update failed to update a Secure Boot variable with error -2147020471. For more information, please see https://go.microsoft.com/fwlink/?linkid=2169931\r\n","StringInserts":["-2147020471"]}
{"RecordNumber":18535,"TimeGenerated":"2025-07-07 17:27:37 +0700","TimeWritten":"2025-07-07 17:27:37 +0700","EventID":1796,"Qualifiers":0,"EventType":"Error","EventCategory":0,"Channel":"System","SourceName":"Microsoft-Windows-TPM-WMI","ComputerName":"DESKTOP-RB8ENUF","Data":"","Sid":"S-1-5-18","Message":"The Secure Boot update failed to update a Secure Boot variable with error -2147020471. For more information, please see https://go.microsoft.com/fwlink/?linkid=2169931\r\n","StringInserts":["-2147020471"]}
{"RecordNumber":18536,"TimeGenerated":"2025-07-07 17:32:59 +0700","TimeWritten":"2025-07-07 17:32:59 +0700","EventID":44,"Qualifiers":0,"EventType":"Information","EventCategory":1,"Channel":"System","SourceName":"Microsoft-Windows-WindowsUpdateClient","ComputerName":"DESKTOP-RB8ENUF","Data":"","Sid":"S-1-5-18","Message":"Windows Update started downloading an update.\r\n","StringInserts":["Security Intelligence Update for Microsoft Defender Antivirus - KB2267602 (Version 1.431.448.0) - Current Channel (Broad)","{8c0ec974-5302-4709-9ddd-627a973b8b74}","200"]}
{"RecordNumber":18537,"TimeGenerated":"2025-07-07 17:32:59 +0700","TimeWritten":"2025-07-07 17:32:59 +0700","EventID":43,"Qualifiers":0,"EventType":"Information","EventCategory":1,"Channel":"System","SourceName":"Microsoft-Windows-WindowsUpdateClient","ComputerName":"DESKTOP-RB8ENUF","Data":"","Sid":"S-1-5-18","Message":"Installation Started: Windows has started installing the following update: Security Intelligence Update for Microsoft Defender Antivirus - KB2267602 (Version 1.431.448.0) - Current Channel (Broad)\r\n","StringInserts":["Security Intelligence Update for Microsoft Defender Antivirus - KB2267602 (Version 1.431.448.0) - Current Channel (Broad)","{8c0ec974-5302-4709-9ddd-627a973b8b74}","200"]}
{"RecordNumber":18538,"TimeGenerated":"2025-07-07 17:33:09 +0700","TimeWritten":"2025-07-07 17:33:09 +0700","EventID":19,"Qualifiers":0,"EventType":"Information","EventCategory":1,"Channel":"System","SourceName":"Microsoft-Windows-WindowsUpdateClient","ComputerName":"DESKTOP-RB8ENUF","Data":"","Sid":"S-1-5-18","Message":"Installation Successful: Windows successfully installed the following update: Security Intelligence Update for Microsoft Defender Antivirus - KB2267602 (Version 1.431.448.0) - Current Channel (Broad)\r\n","StringInserts":["Security Intelligence Update for Microsoft Defender Antivirus - KB2267602 (Version 1.431.448.0) - Current Channel (Broad)","{8c0ec974-5302-4709-9ddd-627a973b8b74}","200","{9482f4b4-e343-43b6-b170-9a65bc822c77}"]}
{"RecordNumber":18539,"TimeGenerated":"2025-07-07 17:47:02 +0700","TimeWritten":"2025-07-07 17:47:02 +0700","EventID":7040,"Qualifiers":16384,"EventType":"Information","EventCategory":0,"Channel":"System","SourceName":"Service Control Manager","ComputerName":"DESKTOP-RB8ENUF","Data":"","Sid":"S-1-5-18","Message":"The start type of the Background Intelligent Transfer Service service was changed from demand start to auto start.\r\n","StringInserts":["Background Intelligent Transfer Service","demand start","auto start","BITS"]}
{"RecordNumber":18540,"TimeGenerated":"2025-07-07 17:49:07 +0700","TimeWritten":"2025-07-07 17:49:07 +0700","EventID":7040,"Qualifiers":16384,"EventType":"Information","EventCategory":0,"Channel":"System","SourceName":"Service Control Manager","ComputerName":"DESKTOP-RB8ENUF","Data":"","Sid":"S-1-5-18","Message":"The start type of the Background Intelligent Transfer Service service was changed from auto start to demand start.\r\n","StringInserts":["Background Intelligent Transfer Service","auto start","demand start","BITS"]}
{"RecordNumber":18541,"TimeGenerated":"2025-07-07 18:26:22 +0700","TimeWritten":"2025-07-07 18:26:22 +0700","EventID":10016,"Qualifiers":0,"EventType":"Warning","EventCategory":0,"Channel":"System","SourceName":"DCOM","ComputerName":"DESKTOP-RB8ENUF","Data":"","Sid":"S-1-5-21-3306260603-718234045-292622573-1001","Message":"The machine-default permission settings do not grant Local Activation permission for the COM Server application with CLSID \r\n{C2F03A33-21F5-47FA-B4BB-156362A2F239}\r\n and APPID \r\n{316CDED5-E4AE-4B15-9113-7055D84DCC97}\r\n to the user DESKTOP-RB8ENUF\\NgThang SID (S-1-5-21-3306260603-718234045-292622573-1001) from address LocalHost (Using LRPC) running in the application container Microsoft.Windows.ShellExperienceHost_10.0.19041.5072_neutral_neutral_cw5n1h2txyewy SID (S-1-15-2-155514346-2573954481-755741238-1654018636-1233331829-3075935687-2861478708). This security permission can be modified using the Component Services administrative tool.\r\n","StringInserts":["machine-default","Local","Activation","{C2F03A33-21F5-47FA-B4BB-156362A2F239}","{316CDED5-E4AE-4B15-9113-7055D84DCC97}","DESKTOP-RB8ENUF","NgThang","S-1-5-21-3306260603-718234045-292622573-1001","LocalHost (Using LRPC)","Microsoft.Windows.ShellExperienceHost_10.0.19041.5072_neutral_neutral_cw5n1h2txyewy","S-1-15-2-155514346-2573954481-755741238-1654018636-1233331829-3075935687-2861478708"]}
{"RecordNumber":18542,"TimeGenerated":"2025-07-07 18:47:26 +0700","TimeWritten":"2025-07-07 18:47:26 +0700","EventID":16,"Qualifiers":0,"EventType":"Information","EventCategory":0,"Channel":"System","SourceName":"Microsoft-Windows-Kernel-General","ComputerName":"DESKTOP-RB8ENUF","Data":"","Sid":"S-1-5-18","Message":"","StringInserts":["106","\\??\\C:\\Users\\Admin\\AppData\\Local\\Packages\\Microsoft.WindowsFeedbackHub_8wekyb3d8bbwe\\Settings\\settings.dat","2","1"]}
{"RecordNumber":18543,"TimeGenerated":"2025-07-07 20:25:55 +0700","TimeWritten":"2025-07-07 20:25:55 +0700","EventID":10016,"Qualifiers":0,"EventType":"Warning","EventCategory":0,"Channel":"System","SourceName":"DCOM","ComputerName":"DESKTOP-RB8ENUF","Data":"","Sid":"S-1-5-21-3306260603-718234045-292622573-1001","Message":"The machine-default permission settings do not grant Local Activation permission for the COM Server application with CLSID \r\n{C2F03A33-21F5-47FA-B4BB-156362A2F239}\r\n and APPID \r\n{316CDED5-E4AE-4B15-9113-7055D84DCC97}\r\n to the user DESKTOP-RB8ENUF\\NgThang SID (S-1-5-21-3306260603-718234045-292622573-1001) from address LocalHost (Using LRPC) running in the application container Microsoft.Windows.ShellExperienceHost_10.0.19041.5072_neutral_neutral_cw5n1h2txyewy SID (S-1-15-2-155514346-2573954481-755741238-1654018636-1233331829-3075935687-2861478708). This security permission can be modified using the Component Services administrative tool.\r\n","StringInserts":["machine-default","Local","Activation","{C2F03A33-21F5-47FA-B4BB-156362A2F239}","{316CDED5-E4AE-4B15-9113-7055D84DCC97}","DESKTOP-RB8ENUF","NgThang","S-1-5-21-3306260603-718234045-292622573-1001","LocalHost (Using LRPC)","Microsoft.Windows.ShellExperienceHost_10.0.19041.5072_neutral_neutral_cw5n1h2txyewy","S-1-15-2-155514346-2573954481-755741238-1654018636-1233331829-3075935687-2861478708"]}
{"RecordNumber":18544,"TimeGenerated":"2025-07-07 20:47:32 +0700","TimeWritten":"2025-07-07 20:47:32 +0700","EventID":7045,"Qualifiers":16384,"EventType":"Information","EventCategory":0,"Channel":"System","SourceName":"Service Control Manager","ComputerName":"DESKTOP-RB8ENUF","Data":"","Sid":"S-1-5-18","Message":"A service was installed in the system.\r\n\r\nService Name:  Google Updater Internal Service (GoogleUpdaterInternalService138.0.7194.4)\r\nService File Name:  \"C:\\Program Files (x86)\\Google\\GoogleUpdater\\138.0.7194.4\\updater.exe\" --system --windows-service --service=update-internal\r\nService Type:  user mode service\r\nService Start Type:  auto start\r\nService Account:  LocalSystem\r\n","StringInserts":["Google Updater Internal Service (GoogleUpdaterInternalService138.0.7194.4)","\"C:\\Program Files (x86)\\Google\\GoogleUpdater\\138.0.7194.4\\updater.exe\" --system --windows-service --service=update-internal","user mode service","auto start","LocalSystem"]}
{"RecordNumber":18545,"TimeGenerated":"2025-07-07 21:52:32 +0700","TimeWritten":"2025-07-07 21:52:32 +0700","EventID":7045,"Qualifiers":16384,"EventType":"Information","EventCategory":0,"Channel":"System","SourceName":"Service Control Manager","ComputerName":"DESKTOP-RB8ENUF","Data":"","Sid":"S-1-5-18","Message":"A service was installed in the system.\r\n\r\nService Name:  Google Updater Service (GoogleUpdaterService138.0.7194.4)\r\nService File Name:  \"C:\\Program Files (x86)\\Google\\GoogleUpdater\\138.0.7194.4\\updater.exe\" --system --windows-service --service=update\r\nService Type:  user mode service\r\nService Start Type:  auto start\r\nService Account:  LocalSystem\r\n","StringInserts":["Google Updater Service (GoogleUpdaterService138.0.7194.4)","\"C:\\Program Files (x86)\\Google\\GoogleUpdater\\138.0.7194.4\\updater.exe\" --system --windows-service --service=update","user mode service","auto start","LocalSystem"]}
{"RecordNumber":18546,"TimeGenerated":"2025-07-07 22:26:16 +0700","TimeWritten":"2025-07-07 22:26:16 +0700","EventID":10016,"Qualifiers":0,"EventType":"Warning","EventCategory":0,"Channel":"System","SourceName":"DCOM","ComputerName":"DESKTOP-RB8ENUF","Data":"","Sid":"S-1-5-21-3306260603-718234045-292622573-1001","Message":"The machine-default permission settings do not grant Local Activation permission for the COM Server application with CLSID \r\n{C2F03A33-21F5-47FA-B4BB-156362A2F239}\r\n and APPID \r\n{316CDED5-E4AE-4B15-9113-7055D84DCC97}\r\n to the user DESKTOP-RB8ENUF\\NgThang SID (S-1-5-21-3306260603-718234045-292622573-1001) from address LocalHost (Using LRPC) running in the application container Microsoft.Windows.ShellExperienceHost_10.0.19041.5072_neutral_neutral_cw5n1h2txyewy SID (S-1-15-2-155514346-2573954481-755741238-1654018636-1233331829-3075935687-2861478708). This security permission can be modified using the Component Services administrative tool.\r\n","StringInserts":["machine-default","Local","Activation","{C2F03A33-21F5-47FA-B4BB-156362A2F239}","{316CDED5-E4AE-4B15-9113-7055D84DCC97}","DESKTOP-RB8ENUF","NgThang","S-1-5-21-3306260603-718234045-292622573-1001","LocalHost (Using LRPC)","Microsoft.Windows.ShellExperienceHost_10.0.19041.5072_neutral_neutral_cw5n1h2txyewy","S-1-15-2-155514346-2573954481-755741238-1654018636-1233331829-3075935687-2861478708"]}
{"RecordNumber":18547,"TimeGenerated":"2025-07-08 01:17:12 +0700","TimeWritten":"2025-07-08 01:17:12 +0700","EventID":7040,"Qualifiers":16384,"EventType":"Information","EventCategory":0,"Channel":"System","SourceName":"Service Control Manager","ComputerName":"DESKTOP-RB8ENUF","Data":"","Sid":"S-1-5-18","Message":"The start type of the Background Intelligent Transfer Service service was changed from demand start to auto start.\r\n","StringInserts":["Background Intelligent Transfer Service","demand start","auto start","BITS"]}
{"RecordNumber":18548,"TimeGenerated":"2025-07-08 01:19:16 +0700","TimeWritten":"2025-07-08 01:19:16 +0700","EventID":7040,"Qualifiers":16384,"EventType":"Information","EventCategory":0,"Channel":"System","SourceName":"Service Control Manager","ComputerName":"DESKTOP-RB8ENUF","Data":"","Sid":"S-1-5-18","Message":"The start type of the Background Intelligent Transfer Service service was changed from auto start to demand start.\r\n","StringInserts":["Background Intelligent Transfer Service","auto start","demand start","BITS"]}
{"RecordNumber":18549,"TimeGenerated":"2025-07-08 01:22:51 +0700","TimeWritten":"2025-07-08 01:22:51 +0700","EventID":158,"Qualifiers":0,"EventType":"Information","EventCategory":0,"Channel":"System","SourceName":"Microsoft-Windows-Time-Service","ComputerName":"DESKTOP-RB8ENUF","Data":"","Sid":"S-1-5-19","Message":"The time provider 'VMICTimeProvider' has indicated that the current hardware and operating environment is not supported and has stopped. This behavior is expected for VMICTimeProvider on non-HyperV-guest environments. This may be the expected behavior for the current provider in the current operating environment as well.\r\n","StringInserts":["VMICTimeProvider"]}
{"RecordNumber":18550,"TimeGenerated":"2025-07-08 01:22:53 +0700","TimeWritten":"2025-07-08 01:22:53 +0700","EventID":37,"Qualifiers":0,"EventType":"Information","EventCategory":0,"Channel":"System","SourceName":"Microsoft-Windows-Time-Service","ComputerName":"DESKTOP-RB8ENUF","Data":"","Sid":"S-1-5-19","Message":"The time provider NtpClient is currently receiving valid time data from time.windows.com,0x9 (ntp.m|0x9|0.0.0.0:123->20.189.79.72:123).\r\n","StringInserts":["time.windows.com,0x9 (ntp.m|0x9|0.0.0.0:123->20.189.79.72:123)"]}
{"RecordNumber":18551,"TimeGenerated":"2025-07-08 01:23:07 +0700","TimeWritten":"2025-07-08 01:23:07 +0700","EventID":35,"Qualifiers":0,"EventType":"Information","EventCategory":0,"Channel":"System","SourceName":"Microsoft-Windows-Time-Service","ComputerName":"DESKTOP-RB8ENUF","Data":"","Sid":"S-1-5-19","Message":"The time service is now synchronizing the system time with the time source time.windows.com,0x9 (ntp.m|0x9|0.0.0.0:123->20.189.79.72:123) with reference id 1213185300. Current local stratum number is 4.\r\n","StringInserts":["time.windows.com,0x9 (ntp.m|0x9|0.0.0.0:123->20.189.79.72:123)","1213185300","4"]}
{"RecordNumber":18552,"TimeGenerated":"2025-07-08 01:23:07 +0700","TimeWritten":"2025-07-08 01:23:07 +0700","EventID":24,"Qualifiers":0,"EventType":"Information","EventCategory":11,"Channel":"System","SourceName":"Microsoft-Windows-Kernel-General","ComputerName":"DESKTOP-RB8ENUF","Data":"","Sid":"S-1-5-19","Message":"","StringInserts":["0","-420","0","0","0"]}
{"RecordNumber":18553,"TimeGenerated":"2025-07-08 01:23:07 +0700","TimeWritten":"2025-07-08 01:23:07 +0700","EventID":1,"Qualifiers":0,"EventType":"Information","EventCategory":5,"Channel":"System","SourceName":"Microsoft-Windows-Kernel-General","ComputerName":"DESKTOP-RB8ENUF","Data":"","Sid":"S-1-5-19","Message":"Possible detection of CVE: 2025-07-07T18:23:07.5535533Z\r\nAdditional Information: 2025-07-07T18:23:07.5533591Z\r\n\r\nThis Event is generated when an attempt to exploit a known vulnerability (2025-07-07T18:23:07.5535533Z) is detected.\r\nThis Event is raised by a User mode process.\r\n\r\n","StringInserts":["2025-07-07T18:23:07.5535533Z","2025-07-07T18:23:07.5533591Z","1","\\Device\\HarddiskVolume7\\Windows\\System32\\svchost.exe","14652"]}
{"RecordNumber":18554,"TimeGenerated":"2025-07-08 01:52:37 +0700","TimeWritten":"2025-07-08 01:52:37 +0700","EventID":7045,"Qualifiers":16384,"EventType":"Information","EventCategory":0,"Channel":"System","SourceName":"Service Control Manager","ComputerName":"DESKTOP-RB8ENUF","Data":"","Sid":"S-1-5-18","Message":"A service was installed in the system.\r\n\r\nService Name:  Google Updater Internal Service (GoogleUpdaterInternalService140.0.7272.0)\r\nService File Name:  \"C:\\Program Files (x86)\\Google\\GoogleUpdater\\140.0.7272.0\\updater.exe\" --system --windows-service --service=update-internal\r\nService Type:  user mode service\r\nService Start Type:  auto start\r\nService Account:  LocalSystem\r\n","StringInserts":["Google Updater Internal Service (GoogleUpdaterInternalService140.0.7272.0)","\"C:\\Program Files (x86)\\Google\\GoogleUpdater\\140.0.7272.0\\updater.exe\" --system --windows-service --service=update-internal","user mode service","auto start","LocalSystem"]}
{"RecordNumber":18555,"TimeGenerated":"2025-07-08 02:06:37 +0700","TimeWritten":"2025-07-08 02:06:37 +0700","EventID":1014,"Qualifiers":0,"EventType":"Warning","EventCategory":1014,"Channel":"System","SourceName":"Microsoft-Windows-DNS-Client","ComputerName":"DESKTOP-RB8ENUF","Data":"","Sid":"S-1-5-20","Message":"Name resolution for the name www.google.com timed out after none of the configured DNS servers responded.\r\n","StringInserts":["www.google.com","128","0200000008080808000000000000000000000000000000000000000000000000000000000000000000000000000000000000000000000000000000000000000000000000000000000000000000000000000000000000000000000000000000000000000000000000000000000000000000000000000000000000000000000000"]}
{"RecordNumber":18556,"TimeGenerated":"2025-07-08 02:24:13 +0700","TimeWritten":"2025-07-08 02:24:13 +0700","EventID":7040,"Qualifiers":16384,"EventType":"Information","EventCategory":0,"Channel":"System","SourceName":"Service Control Manager","ComputerName":"DESKTOP-RB8ENUF","Data":"","Sid":"S-1-5-18","Message":"The start type of the Background Intelligent Transfer Service service was changed from demand start to auto start.\r\n","StringInserts":["Background Intelligent Transfer Service","demand start","auto start","BITS"]}
{"RecordNumber":18557,"TimeGenerated":"2025-07-08 02:26:33 +0700","TimeWritten":"2025-07-08 02:26:33 +0700","EventID":7040,"Qualifiers":16384,"EventType":"Information","EventCategory":0,"Channel":"System","SourceName":"Service Control Manager","ComputerName":"DESKTOP-RB8ENUF","Data":"","Sid":"S-1-5-18","Message":"The start type of the Background Intelligent Transfer Service service was changed from auto start to demand start.\r\n","StringInserts":["Background Intelligent Transfer Service","auto start","demand start","BITS"]}
{"RecordNumber":18558,"TimeGenerated":"2025-07-08 02:57:37 +0700","TimeWritten":"2025-07-08 02:57:37 +0700","EventID":7045,"Qualifiers":16384,"EventType":"Information","EventCategory":0,"Channel":"System","SourceName":"Service Control Manager","ComputerName":"DESKTOP-RB8ENUF","Data":"","Sid":"S-1-5-18","Message":"A service was installed in the system.\r\n\r\nService Name:  Google Updater Service (GoogleUpdaterService140.0.7272.0)\r\nService File Name:  \"C:\\Program Files (x86)\\Google\\GoogleUpdater\\140.0.7272.0\\updater.exe\" --system --windows-service --service=update\r\nService Type:  user mode service\r\nService Start Type:  auto start\r\nService Account:  LocalSystem\r\n","StringInserts":["Google Updater Service (GoogleUpdaterService140.0.7272.0)","\"C:\\Program Files (x86)\\Google\\GoogleUpdater\\140.0.7272.0\\updater.exe\" --system --windows-service --service=update","user mode service","auto start","LocalSystem"]}
{"RecordNumber":18559,"TimeGenerated":"2025-07-08 04:34:08 +0700","TimeWritten":"2025-07-08 04:34:08 +0700","EventID":44,"Qualifiers":0,"EventType":"Information","EventCategory":1,"Channel":"System","SourceName":"Microsoft-Windows-WindowsUpdateClient","ComputerName":"DESKTOP-RB8ENUF","Data":"","Sid":"S-1-5-18","Message":"Windows Update started downloading an update.\r\n","StringInserts":["Security Intelligence Update for Microsoft Defender Antivirus - KB2267602 (Version 1.431.457.0) - Current Channel (Broad)","{4d989408-5704-4be8-b134-4db01e6dd34d}","200"]}
{"RecordNumber":18560,"TimeGenerated":"2025-07-08 04:34:08 +0700","TimeWritten":"2025-07-08 04:34:08 +0700","EventID":43,"Qualifiers":0,"EventType":"Information","EventCategory":1,"Channel":"System","SourceName":"Microsoft-Windows-WindowsUpdateClient","ComputerName":"DESKTOP-RB8ENUF","Data":"","Sid":"S-1-5-18","Message":"Installation Started: Windows has started installing the following update: Security Intelligence Update for Microsoft Defender Antivirus - KB2267602 (Version 1.431.457.0) - Current Channel (Broad)\r\n","StringInserts":["Security Intelligence Update for Microsoft Defender Antivirus - KB2267602 (Version 1.431.457.0) - Current Channel (Broad)","{4d989408-5704-4be8-b134-4db01e6dd34d}","200"]}
{"RecordNumber":18561,"TimeGenerated":"2025-07-08 04:34:19 +0700","TimeWritten":"2025-07-08 04:34:19 +0700","EventID":19,"Qualifiers":0,"EventType":"Information","EventCategory":1,"Channel":"System","SourceName":"Microsoft-Windows-WindowsUpdateClient","ComputerName":"DESKTOP-RB8ENUF","Data":"","Sid":"S-1-5-18","Message":"Installation Successful: Windows successfully installed the following update: Security Intelligence Update for Microsoft Defender Antivirus - KB2267602 (Version 1.431.457.0) - Current Channel (Broad)\r\n","StringInserts":["Security Intelligence Update for Microsoft Defender Antivirus - KB2267602 (Version 1.431.457.0) - Current Channel (Broad)","{4d989408-5704-4be8-b134-4db01e6dd34d}","200","{9482f4b4-e343-43b6-b170-9a65bc822c77}"]}
{"RecordNumber":18562,"TimeGenerated":"2025-07-08 05:27:37 +0700","TimeWritten":"2025-07-08 05:27:37 +0700","EventID":1796,"Qualifiers":0,"EventType":"Error","EventCategory":0,"Channel":"System","SourceName":"Microsoft-Windows-TPM-WMI","ComputerName":"DESKTOP-RB8ENUF","Data":"","Sid":"S-1-5-18","Message":"The Secure Boot update failed to update a Secure Boot variable with error -2147020471. For more information, please see https://go.microsoft.com/fwlink/?linkid=2169931\r\n","StringInserts":["-2147020471"]}
{"RecordNumber":18563,"TimeGenerated":"2025-07-08 05:27:37 +0700","TimeWritten":"2025-07-08 05:27:37 +0700","EventID":1796,"Qualifiers":0,"EventType":"Error","EventCategory":0,"Channel":"System","SourceName":"Microsoft-Windows-TPM-WMI","ComputerName":"DESKTOP-RB8ENUF","Data":"","Sid":"S-1-5-18","Message":"The Secure Boot update failed to update a Secure Boot variable with error -2147020471. For more information, please see https://go.microsoft.com/fwlink/?linkid=2169931\r\n","StringInserts":["-2147020471"]}
{"RecordNumber":18564,"TimeGenerated":"2025-07-08 06:12:44 +0700","TimeWritten":"2025-07-08 06:12:44 +0700","EventID":1014,"Qualifiers":0,"EventType":"Warning","EventCategory":1014,"Channel":"System","SourceName":"Microsoft-Windows-DNS-Client","ComputerName":"DESKTOP-RB8ENUF","Data":"","Sid":"S-1-5-20","Message":"Name resolution for the name array613.prod.do.dsp.mp.microsoft.com timed out after none of the configured DNS servers responded.\r\n","StringInserts":["array613.prod.do.dsp.mp.microsoft.com","128","0200000008080808000000000000000000000000000000000000000000000000000000000000000000000000000000000000000000000000000000000000000000000000000000000000000000000000000000000000000000000000000000000000000000000000000000000000000000000000000000000000000000000000"]}
{"RecordNumber":18565,"TimeGenerated":"2025-07-08 07:57:08 +0700","TimeWritten":"2025-07-08 07:57:08 +0700","EventID":234,"Qualifiers":0,"EventType":"Information","EventCategory":0,"Channel":"System","SourceName":"Microsoft-Windows-Hyper-V-VmSwitch","ComputerName":"DESKTOP-RB8ENUF","Data":"","Sid":"S-1-5-18","Message":"NIC 60219CB2-543E-4DF2-926E-F3E32B00B22B successfully disconnected from port .\r\n","StringInserts":["36","60219CB2-543E-4DF2-926E-F3E32B00B22B","1",""]}
{"RecordNumber":18566,"TimeGenerated":"2025-07-08 07:57:08 +0700","TimeWritten":"2025-07-08 07:57:08 +0700","EventID":7,"Qualifiers":0,"EventType":"Information","EventCategory":1004,"Channel":"System","SourceName":"Microsoft-Windows-Hyper-V-VmSwitch","ComputerName":"DESKTOP-RB8ENUF","Data":"","Sid":"S-1-5-18","Message":"Miniport NIC 60219CB2-543E-4DF2-926E-F3E32B00B22B (Friendly Name: WSL) successfully initialized.\r\n","StringInserts":["36","60219CB2-543E-4DF2-926E-F3E32B00B22B","3","WSL"]}
{"RecordNumber":18567,"TimeGenerated":"2025-07-08 07:57:08 +0700","TimeWritten":"2025-07-08 07:57:08 +0700","EventID":5,"Qualifiers":0,"EventType":"Information","EventCategory":1003,"Channel":"System","SourceName":"Microsoft-Windows-Hyper-V-VmSwitch","ComputerName":"DESKTOP-RB8ENUF","Data":"","Sid":"S-1-5-18","Message":"Miniport NIC 60219CB2-543E-4DF2-926E-F3E32B00B22B (Friendly Name: ) successfully enabled\r\n","StringInserts":["36","60219CB2-543E-4DF2-926E-F3E32B00B22B","1",""]}
{"RecordNumber":18568,"TimeGenerated":"2025-07-08 07:57:09 +0700","TimeWritten":"2025-07-08 07:57:09 +0700","EventID":232,"Qualifiers":0,"EventType":"Information","EventCategory":0,"Channel":"System","SourceName":"Microsoft-Windows-Hyper-V-VmSwitch","ComputerName":"DESKTOP-RB8ENUF","Data":"","Sid":"S-1-5-18","Message":"NIC 60219CB2-543E-4DF2-926E-F3E32B00B22B (Friendly Name: WSL) successfully connected to port D6F07F9E-5E1A-4C35-960F-ACBB3F964D45 (Friendly Name: Container NIC d291bd94) on switch B36A3EE9-E4C2-4344-A844-8F5162661079(Friendly Name: WSL).\r\n","StringInserts":["36","60219CB2-543E-4DF2-926E-F3E32B00B22B","3","WSL","36","D6F07F9E-5E1A-4C35-960F-ACBB3F964D45","22","Container NIC d291bd94","36","B36A3EE9-E4C2-4344-A844-8F5162661079","3","WSL"]}
{"RecordNumber":18569,"TimeGenerated":"2025-07-08 07:57:12 +0700","TimeWritten":"2025-07-08 07:57:12 +0700","EventID":2505,"Qualifiers":49152,"EventType":"Error","EventCategory":0,"Channel":"System","SourceName":"Server","ComputerName":"DESKTOP-RB8ENUF","Data":"34000000","Sid":"","Message":"The server could not bind to the transport \\Device\\NetBT_Tcpip_{8385D876-EC31-4058-A1BA-561C0E6A3EEA} because another computer on the network has the same name.  The server could not start.\r\n","StringInserts":["\\Device\\NetBT_Tcpip_{8385D876-EC31-4058-A1BA-561C0E6A3EEA}"]}
{"RecordNumber":18570,"TimeGenerated":"2025-07-08 07:57:12 +0700","TimeWritten":"2025-07-08 07:57:12 +0700","EventID":4321,"Qualifiers":49152,"EventType":"Error","EventCategory":0,"Channel":"System","SourceName":"NetBT","ComputerName":"DESKTOP-RB8ENUF","Data":"000000000400320000000000e11000c001010000010000c000000000000000000000000000000000","Sid":"","Message":"The name \"DESKTOP-RB8ENUF:20\" could not be registered on the interface with IP address 169.254.8.25.\r\nThe computer with the IP address 169.254.243.19 did not allow the name to be claimed by\r\nthis computer.\r\n","StringInserts":["","DESKTOP-RB8ENUF:20","169.254.8.25","169.254.243.19"]}
{"RecordNumber":18571,"TimeGenerated":"2025-07-08 07:57:12 +0700","TimeWritten":"2025-07-08 07:57:12 +0700","EventID":4321,"Qualifiers":49152,"EventType":"Error","EventCategory":0,"Channel":"System","SourceName":"NetBT","ComputerName":"DESKTOP-RB8ENUF","Data":"000000000400320000000000e11000c001010000010000c001000000000000000000000000000000","Sid":"","Message":"The name \"DESKTOP-RB8ENUF:0\" could not be registered on the interface with IP address 169.254.8.25.\r\nThe computer with the IP address 169.254.243.19 did not allow the name to be claimed by\r\nthis computer.\r\n","StringInserts":["","DESKTOP-RB8ENUF:0","169.254.8.25","169.254.243.19"]}
{"RecordNumber":18572,"TimeGenerated":"2025-07-08 08:55:23 +0700","TimeWritten":"2025-07-08 08:55:23 +0700","EventID":2505,"Qualifiers":49152,"EventType":"Error","EventCategory":0,"Channel":"System","SourceName":"Server","ComputerName":"DESKTOP-RB8ENUF","Data":"34000000","Sid":"","Message":"The server could not bind to the transport \\Device\\NetBT_Tcpip_{8385D876-EC31-4058-A1BA-561C0E6A3EEA} because another computer on the network has the same name.  The server could not start.\r\n","StringInserts":["\\Device\\NetBT_Tcpip_{8385D876-EC31-4058-A1BA-561C0E6A3EEA}"]}
{"RecordNumber":18573,"TimeGenerated":"2025-07-08 08:55:22 +0700","TimeWritten":"2025-07-08 08:55:22 +0700","EventID":234,"Qualifiers":0,"EventType":"Information","EventCategory":0,"Channel":"System","SourceName":"Microsoft-Windows-Hyper-V-VmSwitch","ComputerName":"DESKTOP-RB8ENUF","Data":"","Sid":"S-1-5-18","Message":"NIC 60219CB2-543E-4DF2-926E-F3E32B00B22B successfully disconnected from port .\r\n","StringInserts":["36","60219CB2-543E-4DF2-926E-F3E32B00B22B","1",""]}
{"RecordNumber":18574,"TimeGenerated":"2025-07-08 08:55:23 +0700","TimeWritten":"2025-07-08 08:55:23 +0700","EventID":4321,"Qualifiers":49152,"EventType":"Error","EventCategory":0,"Channel":"System","SourceName":"NetBT","ComputerName":"DESKTOP-RB8ENUF","Data":"000000000400320000000000e11000c001010000010000c002000000000000000000000000000000","Sid":"","Message":"The name \"DESKTOP-RB8ENUF:20\" could not be registered on the interface with IP address 192.168.2.192.\r\nThe computer with the IP address 192.168.2.182 did not allow the name to be claimed by\r\nthis computer.\r\n","StringInserts":["","DESKTOP-RB8ENUF:20","192.168.2.192","192.168.2.182"]}
{"RecordNumber":18575,"TimeGenerated":"2025-07-08 08:55:23 +0700","TimeWritten":"2025-07-08 08:55:23 +0700","EventID":4321,"Qualifiers":49152,"EventType":"Error","EventCategory":0,"Channel":"System","SourceName":"NetBT","ComputerName":"DESKTOP-RB8ENUF","Data":"000000000400320000000000e11000c001010000010000c003000000000000000000000000000000","Sid":"","Message":"The name \"DESKTOP-RB8ENUF:0\" could not be registered on the interface with IP address 192.168.2.192.\r\nThe computer with the IP address 192.168.2.182 did not allow the name to be claimed by\r\nthis computer.\r\n","StringInserts":["","DESKTOP-RB8ENUF:0","192.168.2.192","192.168.2.182"]}
{"RecordNumber":18576,"TimeGenerated":"2025-07-08 08:55:23 +0700","TimeWritten":"2025-07-08 08:55:23 +0700","EventID":7,"Qualifiers":0,"EventType":"Information","EventCategory":1004,"Channel":"System","SourceName":"Microsoft-Windows-Hyper-V-VmSwitch","ComputerName":"DESKTOP-RB8ENUF","Data":"","Sid":"S-1-5-18","Message":"Miniport NIC 60219CB2-543E-4DF2-926E-F3E32B00B22B (Friendly Name: WSL) successfully initialized.\r\n","StringInserts":["36","60219CB2-543E-4DF2-926E-F3E32B00B22B","3","WSL"]}
{"RecordNumber":18577,"TimeGenerated":"2025-07-08 08:55:23 +0700","TimeWritten":"2025-07-08 08:55:23 +0700","EventID":5,"Qualifiers":0,"EventType":"Information","EventCategory":1003,"Channel":"System","SourceName":"Microsoft-Windows-Hyper-V-VmSwitch","ComputerName":"DESKTOP-RB8ENUF","Data":"","Sid":"S-1-5-18","Message":"Miniport NIC 60219CB2-543E-4DF2-926E-F3E32B00B22B (Friendly Name: ) successfully enabled\r\n","StringInserts":["36","60219CB2-543E-4DF2-926E-F3E32B00B22B","1",""]}
{"RecordNumber":18578,"TimeGenerated":"2025-07-08 08:55:23 +0700","TimeWritten":"2025-07-08 08:55:23 +0700","EventID":232,"Qualifiers":0,"EventType":"Information","EventCategory":0,"Channel":"System","SourceName":"Microsoft-Windows-Hyper-V-VmSwitch","ComputerName":"DESKTOP-RB8ENUF","Data":"","Sid":"S-1-5-18","Message":"NIC 60219CB2-543E-4DF2-926E-F3E32B00B22B (Friendly Name: WSL) successfully connected to port D6F07F9E-5E1A-4C35-960F-ACBB3F964D45 (Friendly Name: Container NIC d291bd94) on switch B36A3EE9-E4C2-4344-A844-8F5162661079(Friendly Name: WSL).\r\n","StringInserts":["36","60219CB2-543E-4DF2-926E-F3E32B00B22B","3","WSL","36","D6F07F9E-5E1A-4C35-960F-ACBB3F964D45","22","Container NIC d291bd94","36","B36A3EE9-E4C2-4344-A844-8F5162661079","3","WSL"]}
{"RecordNumber":18579,"TimeGenerated":"2025-07-08 10:26:12 +0700","TimeWritten":"2025-07-08 10:26:12 +0700","EventID":10016,"Qualifiers":0,"EventType":"Warning","EventCategory":0,"Channel":"System","SourceName":"DCOM","ComputerName":"DESKTOP-RB8ENUF","Data":"","Sid":"S-1-5-21-3306260603-718234045-292622573-1001","Message":"The machine-default permission settings do not grant Local Activation permission for the COM Server application with CLSID \r\n{C2F03A33-21F5-47FA-B4BB-156362A2F239}\r\n and APPID \r\n{316CDED5-E4AE-4B15-9113-7055D84DCC97}\r\n to the user DESKTOP-RB8ENUF\\NgThang SID (S-1-5-21-3306260603-718234045-292622573-1001) from address LocalHost (Using LRPC) running in the application container Microsoft.Windows.ShellExperienceHost_10.0.19041.5072_neutral_neutral_cw5n1h2txyewy SID (S-1-15-2-155514346-2573954481-755741238-1654018636-1233331829-3075935687-2861478708). This security permission can be modified using the Component Services administrative tool.\r\n","StringInserts":["machine-default","Local","Activation","{C2F03A33-21F5-47FA-B4BB-156362A2F239}","{316CDED5-E4AE-4B15-9113-7055D84DCC97}","DESKTOP-RB8ENUF","NgThang","S-1-5-21-3306260603-718234045-292622573-1001","LocalHost (Using LRPC)","Microsoft.Windows.ShellExperienceHost_10.0.19041.5072_neutral_neutral_cw5n1h2txyewy","S-1-15-2-155514346-2573954481-755741238-1654018636-1233331829-3075935687-2861478708"]}
{"RecordNumber":18580,"TimeGenerated":"2025-07-08 12:00:00 +0700","TimeWritten":"2025-07-08 12:00:00 +0700","EventID":6013,"Qualifiers":32768,"EventType":"Information","EventCategory":0,"Channel":"System","SourceName":"EventLog","ComputerName":"DESKTOP-RB8ENUF","Data":"31002e003100000030000000570069006e0064006f00770073002000310030002000500072006f000000310030002e0030002e003100390030003400350020004200750069006c0064002000310039003000340035002000200000004d0075006c0074006900700072006f0063006500730073006f007200200046007200650065000000310039003000340031002e00760062005f00720065006c0065006100730065002e003100390031003200300036002d00310034003000360000003600350066003300320061003200320000004e006f007400200041007600610069006c00610062006c00650000004e006f007400200041007600610069006c00610062006c00650000003900000031003200000031003600310032003600000034003000390000004400450053004b0054004f0050002d0052004200380045004e005500460000000000","Sid":"","Message":"The system uptime is 1276672 seconds.\r\n","StringInserts":["","","","","1276672","60","-420 SE Asia Standard Time"]}
{"RecordNumber":18581,"TimeGenerated":"2025-07-08 13:24:41 +0700","TimeWritten":"2025-07-08 13:24:41 +0700","EventID":7040,"Qualifiers":16384,"EventType":"Information","EventCategory":0,"Channel":"System","SourceName":"Service Control Manager","ComputerName":"DESKTOP-RB8ENUF","Data":"","Sid":"S-1-5-18","Message":"The start type of the Background Intelligent Transfer Service service was changed from demand start to auto start.\r\n","StringInserts":["Background Intelligent Transfer Service","demand start","auto start","BITS"]}
{"RecordNumber":18582,"TimeGenerated":"2025-07-08 13:26:45 +0700","TimeWritten":"2025-07-08 13:26:45 +0700","EventID":7040,"Qualifiers":16384,"EventType":"Information","EventCategory":0,"Channel":"System","SourceName":"Service Control Manager","ComputerName":"DESKTOP-RB8ENUF","Data":"","Sid":"S-1-5-18","Message":"The start type of the Background Intelligent Transfer Service service was changed from auto start to demand start.\r\n","StringInserts":["Background Intelligent Transfer Service","auto start","demand start","BITS"]}
{"RecordNumber":18583,"TimeGenerated":"2025-07-08 14:24:37 +0700","TimeWritten":"2025-07-08 14:24:37 +0700","EventID":10016,"Qualifiers":0,"EventType":"Warning","EventCategory":0,"Channel":"System","SourceName":"DCOM","ComputerName":"DESKTOP-RB8ENUF","Data":"","Sid":"S-1-5-21-3306260603-718234045-292622573-1001","Message":"The machine-default permission settings do not grant Local Activation permission for the COM Server application with CLSID \r\n{C2F03A33-21F5-47FA-B4BB-156362A2F239}\r\n and APPID \r\n{316CDED5-E4AE-4B15-9113-7055D84DCC97}\r\n to the user DESKTOP-RB8ENUF\\NgThang SID (S-1-5-21-3306260603-718234045-292622573-1001) from address LocalHost (Using LRPC) running in the application container Microsoft.Windows.ShellExperienceHost_10.0.19041.5072_neutral_neutral_cw5n1h2txyewy SID (S-1-15-2-155514346-2573954481-755741238-1654018636-1233331829-3075935687-2861478708). This security permission can be modified using the Component Services administrative tool.\r\n","StringInserts":["machine-default","Local","Activation","{C2F03A33-21F5-47FA-B4BB-156362A2F239}","{316CDED5-E4AE-4B15-9113-7055D84DCC97}","DESKTOP-RB8ENUF","NgThang","S-1-5-21-3306260603-718234045-292622573-1001","LocalHost (Using LRPC)","Microsoft.Windows.ShellExperienceHost_10.0.19041.5072_neutral_neutral_cw5n1h2txyewy","S-1-15-2-155514346-2573954481-755741238-1654018636-1233331829-3075935687-2861478708"]}
{"RecordNumber":18584,"TimeGenerated":"2025-07-08 14:38:56 +0700","TimeWritten":"2025-07-08 14:38:56 +0700","EventID":7040,"Qualifiers":16384,"EventType":"Information","EventCategory":0,"Channel":"System","SourceName":"Service Control Manager","ComputerName":"DESKTOP-RB8ENUF","Data":"","Sid":"S-1-5-18","Message":"The start type of the Background Intelligent Transfer Service service was changed from demand start to auto start.\r\n","StringInserts":["Background Intelligent Transfer Service","demand start","auto start","BITS"]}
{"RecordNumber":18585,"TimeGenerated":"2025-07-08 14:41:20 +0700","TimeWritten":"2025-07-08 14:41:20 +0700","EventID":7040,"Qualifiers":16384,"EventType":"Information","EventCategory":0,"Channel":"System","SourceName":"Service Control Manager","ComputerName":"DESKTOP-RB8ENUF","Data":"","Sid":"S-1-5-18","Message":"The start type of the Background Intelligent Transfer Service service was changed from auto start to demand start.\r\n","StringInserts":["Background Intelligent Transfer Service","auto start","demand start","BITS"]}
{"RecordNumber":18586,"TimeGenerated":"2025-07-08 16:28:52 +0700","TimeWritten":"2025-07-08 16:28:52 +0700","EventID":10016,"Qualifiers":0,"EventType":"Warning","EventCategory":0,"Channel":"System","SourceName":"DCOM","ComputerName":"DESKTOP-RB8ENUF","Data":"","Sid":"S-1-5-21-3306260603-718234045-292622573-1001","Message":"The machine-default permission settings do not grant Local Activation permission for the COM Server application with CLSID \r\n{C2F03A33-21F5-47FA-B4BB-156362A2F239}\r\n and APPID \r\n{316CDED5-E4AE-4B15-9113-7055D84DCC97}\r\n to the user DESKTOP-RB8ENUF\\NgThang SID (S-1-5-21-3306260603-718234045-292622573-1001) from address LocalHost (Using LRPC) running in the application container Microsoft.Windows.ShellExperienceHost_10.0.19041.5072_neutral_neutral_cw5n1h2txyewy SID (S-1-15-2-155514346-2573954481-755741238-1654018636-1233331829-3075935687-2861478708). This security permission can be modified using the Component Services administrative tool.\r\n","StringInserts":["machine-default","Local","Activation","{C2F03A33-21F5-47FA-B4BB-156362A2F239}","{316CDED5-E4AE-4B15-9113-7055D84DCC97}","DESKTOP-RB8ENUF","NgThang","S-1-5-21-3306260603-718234045-292622573-1001","LocalHost (Using LRPC)","Microsoft.Windows.ShellExperienceHost_10.0.19041.5072_neutral_neutral_cw5n1h2txyewy","S-1-15-2-155514346-2573954481-755741238-1654018636-1233331829-3075935687-2861478708"]}
{"RecordNumber":18587,"TimeGenerated":"2025-07-08 17:24:27 +0700","TimeWritten":"2025-07-08 17:24:27 +0700","EventID":7040,"Qualifiers":16384,"EventType":"Information","EventCategory":0,"Channel":"System","SourceName":"Service Control Manager","ComputerName":"DESKTOP-RB8ENUF","Data":"","Sid":"S-1-5-18","Message":"The start type of the Background Intelligent Transfer Service service was changed from demand start to auto start.\r\n","StringInserts":["Background Intelligent Transfer Service","demand start","auto start","BITS"]}
{"RecordNumber":18588,"TimeGenerated":"2025-07-08 17:26:42 +0700","TimeWritten":"2025-07-08 17:26:42 +0700","EventID":7040,"Qualifiers":16384,"EventType":"Information","EventCategory":0,"Channel":"System","SourceName":"Service Control Manager","ComputerName":"DESKTOP-RB8ENUF","Data":"","Sid":"S-1-5-18","Message":"The start type of the Background Intelligent Transfer Service service was changed from auto start to demand start.\r\n","StringInserts":["Background Intelligent Transfer Service","auto start","demand start","BITS"]}
{"RecordNumber":18589,"TimeGenerated":"2025-07-08 17:27:37 +0700","TimeWritten":"2025-07-08 17:27:37 +0700","EventID":1796,"Qualifiers":0,"EventType":"Error","EventCategory":0,"Channel":"System","SourceName":"Microsoft-Windows-TPM-WMI","ComputerName":"DESKTOP-RB8ENUF","Data":"","Sid":"S-1-5-18","Message":"The Secure Boot update failed to update a Secure Boot variable with error -2147020471. For more information, please see https://go.microsoft.com/fwlink/?linkid=2169931\r\n","StringInserts":["-2147020471"]}
{"RecordNumber":18590,"TimeGenerated":"2025-07-08 17:27:37 +0700","TimeWritten":"2025-07-08 17:27:37 +0700","EventID":1796,"Qualifiers":0,"EventType":"Error","EventCategory":0,"Channel":"System","SourceName":"Microsoft-Windows-TPM-WMI","ComputerName":"DESKTOP-RB8ENUF","Data":"","Sid":"S-1-5-18","Message":"The Secure Boot update failed to update a Secure Boot variable with error -2147020471. For more information, please see https://go.microsoft.com/fwlink/?linkid=2169931\r\n","StringInserts":["-2147020471"]}
{"RecordNumber":18591,"TimeGenerated":"2025-07-08 17:33:28 +0700","TimeWritten":"2025-07-08 17:33:28 +0700","EventID":44,"Qualifiers":0,"EventType":"Information","EventCategory":1,"Channel":"System","SourceName":"Microsoft-Windows-WindowsUpdateClient","ComputerName":"DESKTOP-RB8ENUF","Data":"","Sid":"S-1-5-18","Message":"Windows Update started downloading an update.\r\n","StringInserts":["Security Intelligence Update for Microsoft Defender Antivirus - KB2267602 (Version 1.431.467.0) - Current Channel (Broad)","{d1072d6e-1607-401a-ad29-dda8dd031561}","200"]}
