{"RecordNumber":24299,"TimeGenerated":"2025-06-30 17:33:09 +0700","TimeWritten":"2025-06-30 17:33:09 +0700","EventID":15,"Qualifiers":0,"EventType":"Information","EventCategory":0,"Channel":"Application","SourceName":"SecurityCenter","ComputerName":"DESKTOP-RB8ENUF","Data":"","Sid":"","Message":"Updated Windows Defender status successfully to SECURITY_PRODUCT_STATE_ON.\r\n","StringInserts":["Windows Defender","SECURITY_PRODUCT_STATE_ON"]}
{"RecordNumber":24300,"TimeGenerated":"2025-06-30 17:33:17 +0700","TimeWritten":"2025-06-30 17:33:17 +0700","EventID":16384,"Qualifiers":16384,"EventType":"Information","EventCategory":0,"Channel":"Application","SourceName":"Software Protection Platform Service","ComputerName":"DESKTOP-RB8ENUF","Data":"","Sid":"","Message":"Successfully scheduled Software Protection service for re-start at 2025-07-02T06:42:17Z. Reason: RulesEngine.\r\n","StringInserts":["2025-07-02T06:42:17Z","RulesEngine"]}
{"RecordNumber":24301,"TimeGenerated":"2025-06-30 17:33:24 +0700","TimeWritten":"2025-06-30 17:33:24 +0700","EventID":16394,"Qualifiers":49152,"EventType":"Information","EventCategory":0,"Channel":"Application","SourceName":"Software Protection Platform Service","ComputerName":"DESKTOP-RB8ENUF","Data":"","Sid":"","Message":"Offline downlevel migration succeeded.\r\n","StringInserts":[]}
{"RecordNumber":24302,"TimeGenerated":"2025-06-30 17:33:39 +0700","TimeWritten":"2025-06-30 17:33:39 +0700","EventID":15,"Qualifiers":0,"EventType":"Information","EventCategory":0,"Channel":"Application","SourceName":"SecurityCenter","ComputerName":"DESKTOP-RB8ENUF","Data":"","Sid":"","Message":"Updated Windows Defender status successfully to SECURITY_PRODUCT_STATE_ON.\r\n","StringInserts":["Windows Defender","SECURITY_PRODUCT_STATE_ON"]}
{"RecordNumber":24303,"TimeGenerated":"2025-06-30 17:33:55 +0700","TimeWritten":"2025-06-30 17:33:55 +0700","EventID":16384,"Qualifiers":16384,"EventType":"Information","EventCategory":0,"Channel":"Application","SourceName":"Software Protection Platform Service","ComputerName":"DESKTOP-RB8ENUF","Data":"","Sid":"","Message":"Successfully scheduled Software Protection service for re-start at 2025-07-02T06:42:55Z. Reason: RulesEngine.\r\n","StringInserts":["2025-07-02T06:42:55Z","RulesEngine"]}
{"RecordNumber":24304,"TimeGenerated":"2025-06-30 19:21:06 +0700","TimeWritten":"2025-06-30 19:21:06 +0700","EventID":16394,"Qualifiers":49152,"EventType":"Information","EventCategory":0,"Channel":"Application","SourceName":"Software Protection Platform Service","ComputerName":"DESKTOP-RB8ENUF","Data":"","Sid":"","Message":"Offline downlevel migration succeeded.\r\n","StringInserts":[]}
{"RecordNumber":24305,"TimeGenerated":"2025-06-30 19:21:36 +0700","TimeWritten":"2025-06-30 19:21:36 +0700","EventID":16384,"Qualifiers":16384,"EventType":"Information","EventCategory":0,"Channel":"Application","SourceName":"Software Protection Platform Service","ComputerName":"DESKTOP-RB8ENUF","Data":"","Sid":"","Message":"Successfully scheduled Software Protection service for re-start at 2025-07-02T06:42:36Z. Reason: RulesEngine.\r\n","StringInserts":["2025-07-02T06:42:36Z","RulesEngine"]}
{"RecordNumber":24306,"TimeGenerated":"2025-06-30 19:26:27 +0700","TimeWritten":"2025-06-30 19:26:27 +0700","EventID":0,"Qualifiers":0,"EventType":"Information","EventCategory":0,"Channel":"Application","SourceName":"edgeupdate","ComputerName":"DESKTOP-RB8ENUF","Data":"","Sid":"","Message":"Service stopped.\r\n","StringInserts":["Service stopped"]}
{"RecordNumber":24307,"TimeGenerated":"2025-06-30 19:32:09 +0700","TimeWritten":"2025-06-30 19:32:09 +0700","EventID":0,"Qualifiers":0,"EventType":"Information","EventCategory":0,"Channel":"Application","SourceName":"coccoc","ComputerName":"DESKTOP-RB8ENUF","Data":"","Sid":"","Message":"","StringInserts":["Service stopped"]}
{"RecordNumber":24308,"TimeGenerated":"2025-06-30 19:36:54 +0700","TimeWritten":"2025-06-30 19:36:54 +0700","EventID":16394,"Qualifiers":49152,"EventType":"Information","EventCategory":0,"Channel":"Application","SourceName":"Software Protection Platform Service","ComputerName":"DESKTOP-RB8ENUF","Data":"","Sid":"","Message":"Offline downlevel migration succeeded.\r\n","StringInserts":[]}
{"RecordNumber":24309,"TimeGenerated":"2025-06-30 19:37:26 +0700","TimeWritten":"2025-06-30 19:37:26 +0700","EventID":15,"Qualifiers":0,"EventType":"Information","EventCategory":0,"Channel":"Application","SourceName":"SecurityCenter","ComputerName":"DESKTOP-RB8ENUF","Data":"","Sid":"","Message":"Updated Windows Defender status successfully to SECURITY_PRODUCT_STATE_ON.\r\n","StringInserts":["Windows Defender","SECURITY_PRODUCT_STATE_ON"]}
{"RecordNumber":24310,"TimeGenerated":"2025-06-30 19:37:45 +0700","TimeWritten":"2025-06-30 19:37:45 +0700","EventID":16384,"Qualifiers":16384,"EventType":"Information","EventCategory":0,"Channel":"Application","SourceName":"Software Protection Platform Service","ComputerName":"DESKTOP-RB8ENUF","Data":"","Sid":"","Message":"Successfully scheduled Software Protection service for re-start at 2025-07-02T06:42:45Z. Reason: RulesEngine.\r\n","StringInserts":["2025-07-02T06:42:45Z","RulesEngine"]}
{"RecordNumber":24311,"TimeGenerated":"2025-06-30 21:49:35 +0700","TimeWritten":"2025-06-30 21:49:35 +0700","EventID":16394,"Qualifiers":49152,"EventType":"Information","EventCategory":0,"Channel":"Application","SourceName":"Software Protection Platform Service","ComputerName":"DESKTOP-RB8ENUF","Data":"","Sid":"","Message":"Offline downlevel migration succeeded.\r\n","StringInserts":[]}
{"RecordNumber":24312,"TimeGenerated":"2025-06-30 21:50:08 +0700","TimeWritten":"2025-06-30 21:50:08 +0700","EventID":16384,"Qualifiers":16384,"EventType":"Information","EventCategory":0,"Channel":"Application","SourceName":"Software Protection Platform Service","ComputerName":"DESKTOP-RB8ENUF","Data":"","Sid":"","Message":"Successfully scheduled Software Protection service for re-start at 2025-07-02T06:42:08Z. Reason: RulesEngine.\r\n","StringInserts":["2025-07-02T06:42:08Z","RulesEngine"]}
{"RecordNumber":24313,"TimeGenerated":"2025-06-30 23:42:14 +0700","TimeWritten":"2025-06-30 23:42:14 +0700","EventID":16394,"Qualifiers":49152,"EventType":"Information","EventCategory":0,"Channel":"Application","SourceName":"Software Protection Platform Service","ComputerName":"DESKTOP-RB8ENUF","Data":"","Sid":"","Message":"Offline downlevel migration succeeded.\r\n","StringInserts":[]}
{"RecordNumber":24314,"TimeGenerated":"2025-06-30 23:42:45 +0700","TimeWritten":"2025-06-30 23:42:45 +0700","EventID":16384,"Qualifiers":16384,"EventType":"Information","EventCategory":0,"Channel":"Application","SourceName":"Software Protection Platform Service","ComputerName":"DESKTOP-RB8ENUF","Data":"","Sid":"","Message":"Successfully scheduled Software Protection service for re-start at 2025-07-02T06:42:44Z. Reason: RulesEngine.\r\n","StringInserts":["2025-07-02T06:42:44Z","RulesEngine"]}
{"RecordNumber":24315,"TimeGenerated":"2025-07-01 01:22:57 +0700","TimeWritten":"2025-07-01 01:22:57 +0700","EventID":16394,"Qualifiers":49152,"EventType":"Information","EventCategory":0,"Channel":"Application","SourceName":"Software Protection Platform Service","ComputerName":"DESKTOP-RB8ENUF","Data":"","Sid":"","Message":"Offline downlevel migration succeeded.\r\n","StringInserts":[]}
{"RecordNumber":24316,"TimeGenerated":"2025-07-01 01:23:30 +0700","TimeWritten":"2025-07-01 01:23:30 +0700","EventID":1001,"Qualifiers":0,"EventType":"Information","EventCategory":0,"Channel":"Application","SourceName":"Windows Error Reporting","ComputerName":"DESKTOP-RB8ENUF","Data":"","Sid":"","Message":"Fault bucket , type 0\r\nEvent Name: StoreAgentInstallFailure1\r\nResponse: Not available\r\nCab Id: 0\r\n\r\nProblem signature:\r\nP1: Update;ScanForUpdatesForUser\r\nP2: 80073d02\r\nP3: 19045\r\nP4: 5965\r\nP5: Windows.Desktop\r\nP6: 1\r\nP7: \r\nP8: \r\nP9: \r\nP10: \r\n\r\nAttached files:\r\n\\\\?\\C:\\Windows\\TEMP\\FailureReportMetadata_2625.txt\r\n\\\\?\\C:\\ProgramData\\Microsoft\\Windows\\WER\\Temp\\WER2055.tmp.WERInternalMetadata.xml\r\n\\\\?\\C:\\ProgramData\\Microsoft\\Windows\\WER\\Temp\\WER2102.tmp.xml\r\n\\\\?\\C:\\ProgramData\\Microsoft\\Windows\\WER\\Temp\\WER2228.tmp.csv\r\n\\\\?\\C:\\ProgramData\\Microsoft\\Windows\\WER\\Temp\\WER23CF.tmp.txt\r\n\r\nThese files may be available here:\r\n\\\\?\\C:\\ProgramData\\Microsoft\\Windows\\WER\\ReportQueue\\NonCritical_Update;ScanForUp_9da2dad15aa53acf9c8043f73827e0be3fe072_00000000_cab_d97bea45-9cc3-4ba2-826a-d43bca94b130\r\n\r\nAnalysis symbol: \r\nRechecking for solution: 0\r\nReport Id: d97bea45-9cc3-4ba2-826a-d43bca94b130\r\nReport Status: 4\r\nHashed bucket: \r\nCab Guid: 0\r\n","StringInserts":["","0","StoreAgentInstallFailure1","Not available","0","Update;ScanForUpdatesForUser","80073d02","19045","5965","Windows.Desktop","1","","","","","\r\n\\\\?\\C:\\Windows\\TEMP\\FailureReportMetadata_2625.txt\r\n\\\\?\\C:\\ProgramData\\Microsoft\\Windows\\WER\\Temp\\WER2055.tmp.WERInternalMetadata.xml\r\n\\\\?\\C:\\ProgramData\\Microsoft\\Windows\\WER\\Temp\\WER2102.tmp.xml\r\n\\\\?\\C:\\ProgramData\\Microsoft\\Windows\\WER\\Temp\\WER2228.tmp.csv\r\n\\\\?\\C:\\ProgramData\\Microsoft\\Windows\\WER\\Temp\\WER23CF.tmp.txt","\\\\?\\C:\\ProgramData\\Microsoft\\Windows\\WER\\ReportQueue\\NonCritical_Update;ScanForUp_9da2dad15aa53acf9c8043f73827e0be3fe072_00000000_cab_d97bea45-9cc3-4ba2-826a-d43bca94b130","","0","d97bea45-9cc3-4ba2-826a-d43bca94b130","4","","0"]}
{"RecordNumber":24317,"TimeGenerated":"2025-07-01 01:23:34 +0700","TimeWritten":"2025-07-01 01:23:34 +0700","EventID":1001,"Qualifiers":0,"EventType":"Information","EventCategory":0,"Channel":"Application","SourceName":"Windows Error Reporting","ComputerName":"DESKTOP-RB8ENUF","Data":"","Sid":"","Message":"Fault bucket 2257980652071876149, type 5\r\nEvent Name: StoreAgentInstallFailure1\r\nResponse: Not available\r\nCab Id: 0\r\n\r\nProblem signature:\r\nP1: Update;ScanForUpdatesForUser\r\nP2: 80073d02\r\nP3: 19045\r\nP4: 5965\r\nP5: Windows.Desktop\r\nP6: 1\r\nP7: \r\nP8: \r\nP9: \r\nP10: \r\n\r\nAttached files:\r\n\\\\?\\C:\\Windows\\TEMP\\FailureReportMetadata_2625.txt\r\n\\\\?\\C:\\ProgramData\\Microsoft\\Windows\\WER\\Temp\\WER2055.tmp.WERInternalMetadata.xml\r\n\\\\?\\C:\\ProgramData\\Microsoft\\Windows\\WER\\Temp\\WER2102.tmp.xml\r\n\\\\?\\C:\\ProgramData\\Microsoft\\Windows\\WER\\Temp\\WER2228.tmp.csv\r\n\\\\?\\C:\\ProgramData\\Microsoft\\Windows\\WER\\Temp\\WER23CF.tmp.txt\r\n\r\nThese files may be available here:\r\n\\\\?\\C:\\ProgramData\\Microsoft\\Windows\\WER\\ReportArchive\\NonCritical_Update;ScanForUp_9da2dad15aa53acf9c8043f73827e0be3fe072_00000000_d97bea45-9cc3-4ba2-826a-d43bca94b130\r\n\r\nAnalysis symbol: \r\nRechecking for solution: 0\r\nReport Id: d97bea45-9cc3-4ba2-826a-d43bca94b130\r\nReport Status: 268435456\r\nHashed bucket: 45bc3e2c691ff4882f55f5709472f635\r\nCab Guid: 0\r\n","StringInserts":["2257980652071876149","5","StoreAgentInstallFailure1","Not available","0","Update;ScanForUpdatesForUser","80073d02","19045","5965","Windows.Desktop","1","","","","","\r\n\\\\?\\C:\\Windows\\TEMP\\FailureReportMetadata_2625.txt\r\n\\\\?\\C:\\ProgramData\\Microsoft\\Windows\\WER\\Temp\\WER2055.tmp.WERInternalMetadata.xml\r\n\\\\?\\C:\\ProgramData\\Microsoft\\Windows\\WER\\Temp\\WER2102.tmp.xml\r\n\\\\?\\C:\\ProgramData\\Microsoft\\Windows\\WER\\Temp\\WER2228.tmp.csv\r\n\\\\?\\C:\\ProgramData\\Microsoft\\Windows\\WER\\Temp\\WER23CF.tmp.txt","\\\\?\\C:\\ProgramData\\Microsoft\\Windows\\WER\\ReportArchive\\NonCritical_Update;ScanForUp_9da2dad15aa53acf9c8043f73827e0be3fe072_00000000_d97bea45-9cc3-4ba2-826a-d43bca94b130","","0","d97bea45-9cc3-4ba2-826a-d43bca94b130","268435456","45bc3e2c691ff4882f55f5709472f635","0"]}
{"RecordNumber":24318,"TimeGenerated":"2025-07-01 01:24:10 +0700","TimeWritten":"2025-07-01 01:24:10 +0700","EventID":16384,"Qualifiers":16384,"EventType":"Information","EventCategory":0,"Channel":"Application","SourceName":"Software Protection Platform Service","ComputerName":"DESKTOP-RB8ENUF","Data":"","Sid":"","Message":"Successfully scheduled Software Protection service for re-start at 2025-07-02T06:42:10Z. Reason: RulesEngine.\r\n","StringInserts":["2025-07-02T06:42:10Z","RulesEngine"]}
{"RecordNumber":24319,"TimeGenerated":"2025-07-01 01:32:33 +0700","TimeWritten":"2025-07-01 01:32:33 +0700","EventID":0,"Qualifiers":0,"EventType":"Information","EventCategory":0,"Channel":"Application","SourceName":"coccoc","ComputerName":"DESKTOP-RB8ENUF","Data":"","Sid":"","Message":"","StringInserts":["Service stopped"]}
{"RecordNumber":24320,"TimeGenerated":"2025-07-01 02:41:35 +0700","TimeWritten":"2025-07-01 02:41:35 +0700","EventID":16394,"Qualifiers":49152,"EventType":"Information","EventCategory":0,"Channel":"Application","SourceName":"Software Protection Platform Service","ComputerName":"DESKTOP-RB8ENUF","Data":"","Sid":"","Message":"Offline downlevel migration succeeded.\r\n","StringInserts":[]}
{"RecordNumber":24321,"TimeGenerated":"2025-07-01 02:42:07 +0700","TimeWritten":"2025-07-01 02:42:07 +0700","EventID":16384,"Qualifiers":16384,"EventType":"Information","EventCategory":0,"Channel":"Application","SourceName":"Software Protection Platform Service","ComputerName":"DESKTOP-RB8ENUF","Data":"","Sid":"","Message":"Successfully scheduled Software Protection service for re-start at 2025-07-02T06:42:06Z. Reason: RulesEngine.\r\n","StringInserts":["2025-07-02T06:42:06Z","RulesEngine"]}
{"RecordNumber":24322,"TimeGenerated":"2025-07-01 04:01:47 +0700","TimeWritten":"2025-07-01 04:01:47 +0700","EventID":16394,"Qualifiers":49152,"EventType":"Information","EventCategory":0,"Channel":"Application","SourceName":"Software Protection Platform Service","ComputerName":"DESKTOP-RB8ENUF","Data":"","Sid":"","Message":"Offline downlevel migration succeeded.\r\n","StringInserts":[]}
{"RecordNumber":24323,"TimeGenerated":"2025-07-01 04:02:18 +0700","TimeWritten":"2025-07-01 04:02:18 +0700","EventID":16384,"Qualifiers":16384,"EventType":"Information","EventCategory":0,"Channel":"Application","SourceName":"Software Protection Platform Service","ComputerName":"DESKTOP-RB8ENUF","Data":"","Sid":"","Message":"Successfully scheduled Software Protection service for re-start at 2025-07-02T06:42:18Z. Reason: RulesEngine.\r\n","StringInserts":["2025-07-02T06:42:18Z","RulesEngine"]}
{"RecordNumber":24324,"TimeGenerated":"2025-07-01 04:10:31 +0700","TimeWritten":"2025-07-01 04:10:31 +0700","EventID":16394,"Qualifiers":49152,"EventType":"Information","EventCategory":0,"Channel":"Application","SourceName":"Software Protection Platform Service","ComputerName":"DESKTOP-RB8ENUF","Data":"","Sid":"","Message":"Offline downlevel migration succeeded.\r\n","StringInserts":[]}
{"RecordNumber":24325,"TimeGenerated":"2025-07-01 04:11:02 +0700","TimeWritten":"2025-07-01 04:11:02 +0700","EventID":16384,"Qualifiers":16384,"EventType":"Information","EventCategory":0,"Channel":"Application","SourceName":"Software Protection Platform Service","ComputerName":"DESKTOP-RB8ENUF","Data":"","Sid":"","Message":"Successfully scheduled Software Protection service for re-start at 2025-07-02T06:43:02Z. Reason: RulesEngine.\r\n","StringInserts":["2025-07-02T06:43:02Z","RulesEngine"]}
{"RecordNumber":24326,"TimeGenerated":"2025-07-01 04:11:42 +0700","TimeWritten":"2025-07-01 04:11:42 +0700","EventID":16394,"Qualifiers":49152,"EventType":"Information","EventCategory":0,"Channel":"Application","SourceName":"Software Protection Platform Service","ComputerName":"DESKTOP-RB8ENUF","Data":"","Sid":"","Message":"Offline downlevel migration succeeded.\r\n","StringInserts":[]}
{"RecordNumber":24327,"TimeGenerated":"2025-07-01 04:12:13 +0700","TimeWritten":"2025-07-01 04:12:13 +0700","EventID":16384,"Qualifiers":16384,"EventType":"Information","EventCategory":0,"Channel":"Application","SourceName":"Software Protection Platform Service","ComputerName":"DESKTOP-RB8ENUF","Data":"","Sid":"","Message":"Successfully scheduled Software Protection service for re-start at 2025-07-02T06:42:13Z. Reason: RulesEngine.\r\n","StringInserts":["2025-07-02T06:42:13Z","RulesEngine"]}
{"RecordNumber":24328,"TimeGenerated":"2025-07-01 04:13:55 +0700","TimeWritten":"2025-07-01 04:13:55 +0700","EventID":16394,"Qualifiers":49152,"EventType":"Information","EventCategory":0,"Channel":"Application","SourceName":"Software Protection Platform Service","ComputerName":"DESKTOP-RB8ENUF","Data":"","Sid":"","Message":"Offline downlevel migration succeeded.\r\n","StringInserts":[]}
{"RecordNumber":24329,"TimeGenerated":"2025-07-01 04:14:27 +0700","TimeWritten":"2025-07-01 04:14:27 +0700","EventID":16384,"Qualifiers":16384,"EventType":"Information","EventCategory":0,"Channel":"Application","SourceName":"Software Protection Platform Service","ComputerName":"DESKTOP-RB8ENUF","Data":"","Sid":"","Message":"Successfully scheduled Software Protection service for re-start at 2025-07-02T06:42:27Z. Reason: RulesEngine.\r\n","StringInserts":["2025-07-02T06:42:27Z","RulesEngine"]}
{"RecordNumber":24330,"TimeGenerated":"2025-07-01 05:20:35 +0700","TimeWritten":"2025-07-01 05:20:35 +0700","EventID":16394,"Qualifiers":49152,"EventType":"Information","EventCategory":0,"Channel":"Application","SourceName":"Software Protection Platform Service","ComputerName":"DESKTOP-RB8ENUF","Data":"","Sid":"","Message":"Offline downlevel migration succeeded.\r\n","StringInserts":[]}
{"RecordNumber":24331,"TimeGenerated":"2025-07-01 05:21:06 +0700","TimeWritten":"2025-07-01 05:21:06 +0700","EventID":16384,"Qualifiers":16384,"EventType":"Information","EventCategory":0,"Channel":"Application","SourceName":"Software Protection Platform Service","ComputerName":"DESKTOP-RB8ENUF","Data":"","Sid":"","Message":"Successfully scheduled Software Protection service for re-start at 2025-07-02T06:43:05Z. Reason: RulesEngine.\r\n","StringInserts":["2025-07-02T06:43:05Z","RulesEngine"]}
{"RecordNumber":24332,"TimeGenerated":"2025-07-01 05:26:41 +0700","TimeWritten":"2025-07-01 05:26:41 +0700","EventID":0,"Qualifiers":0,"EventType":"Information","EventCategory":0,"Channel":"Application","SourceName":"edgeupdate","ComputerName":"DESKTOP-RB8ENUF","Data":"","Sid":"","Message":"Service stopped.\r\n","StringInserts":["Service stopped"]}
{"RecordNumber":24333,"TimeGenerated":"2025-07-01 06:32:47 +0700","TimeWritten":"2025-07-01 06:32:47 +0700","EventID":0,"Qualifiers":0,"EventType":"Information","EventCategory":0,"Channel":"Application","SourceName":"coccoc","ComputerName":"DESKTOP-RB8ENUF","Data":"","Sid":"","Message":"","StringInserts":["Service stopped"]}
{"RecordNumber":24334,"TimeGenerated":"2025-07-01 07:29:45 +0700","TimeWritten":"2025-07-01 07:29:45 +0700","EventID":16394,"Qualifiers":49152,"EventType":"Information","EventCategory":0,"Channel":"Application","SourceName":"Software Protection Platform Service","ComputerName":"DESKTOP-RB8ENUF","Data":"","Sid":"","Message":"Offline downlevel migration succeeded.\r\n","StringInserts":[]}
{"RecordNumber":24335,"TimeGenerated":"2025-07-01 07:30:16 +0700","TimeWritten":"2025-07-01 07:30:16 +0700","EventID":16384,"Qualifiers":16384,"EventType":"Information","EventCategory":0,"Channel":"Application","SourceName":"Software Protection Platform Service","ComputerName":"DESKTOP-RB8ENUF","Data":"","Sid":"","Message":"Successfully scheduled Software Protection service for re-start at 2025-07-02T06:42:16Z. Reason: RulesEngine.\r\n","StringInserts":["2025-07-02T06:42:16Z","RulesEngine"]}
{"RecordNumber":24336,"TimeGenerated":"2025-07-01 08:10:36 +0700","TimeWritten":"2025-07-01 08:10:36 +0700","EventID":16394,"Qualifiers":49152,"EventType":"Information","EventCategory":0,"Channel":"Application","SourceName":"Software Protection Platform Service","ComputerName":"DESKTOP-RB8ENUF","Data":"","Sid":"","Message":"Offline downlevel migration succeeded.\r\n","StringInserts":[]}
{"RecordNumber":24337,"TimeGenerated":"2025-07-01 08:11:06 +0700","TimeWritten":"2025-07-01 08:11:06 +0700","EventID":16384,"Qualifiers":16384,"EventType":"Information","EventCategory":0,"Channel":"Application","SourceName":"Software Protection Platform Service","ComputerName":"DESKTOP-RB8ENUF","Data":"","Sid":"","Message":"Successfully scheduled Software Protection service for re-start at 2025-07-02T06:42:06Z. Reason: RulesEngine.\r\n","StringInserts":["2025-07-02T06:42:06Z","RulesEngine"]}
{"RecordNumber":24338,"TimeGenerated":"2025-07-01 08:48:00 +0700","TimeWritten":"2025-07-01 08:48:00 +0700","EventID":16394,"Qualifiers":49152,"EventType":"Information","EventCategory":0,"Channel":"Application","SourceName":"Software Protection Platform Service","ComputerName":"DESKTOP-RB8ENUF","Data":"","Sid":"","Message":"Offline downlevel migration succeeded.\r\n","StringInserts":[]}
{"RecordNumber":24339,"TimeGenerated":"2025-07-01 08:48:31 +0700","TimeWritten":"2025-07-01 08:48:31 +0700","EventID":16384,"Qualifiers":16384,"EventType":"Information","EventCategory":0,"Channel":"Application","SourceName":"Software Protection Platform Service","ComputerName":"DESKTOP-RB8ENUF","Data":"","Sid":"","Message":"Successfully scheduled Software Protection service for re-start at 2025-07-02T06:42:31Z. Reason: RulesEngine.\r\n","StringInserts":["2025-07-02T06:42:31Z","RulesEngine"]}
{"RecordNumber":24340,"TimeGenerated":"2025-07-01 09:16:10 +0700","TimeWritten":"2025-07-01 09:16:10 +0700","EventID":16394,"Qualifiers":49152,"EventType":"Information","EventCategory":0,"Channel":"Application","SourceName":"Software Protection Platform Service","ComputerName":"DESKTOP-RB8ENUF","Data":"","Sid":"","Message":"Offline downlevel migration succeeded.\r\n","StringInserts":[]}
{"RecordNumber":24341,"TimeGenerated":"2025-07-01 09:16:40 +0700","TimeWritten":"2025-07-01 09:16:40 +0700","EventID":16384,"Qualifiers":16384,"EventType":"Information","EventCategory":0,"Channel":"Application","SourceName":"Software Protection Platform Service","ComputerName":"DESKTOP-RB8ENUF","Data":"","Sid":"","Message":"Successfully scheduled Software Protection service for re-start at 2025-07-02T06:42:40Z. Reason: RulesEngine.\r\n","StringInserts":["2025-07-02T06:42:40Z","RulesEngine"]}
{"RecordNumber":24342,"TimeGenerated":"2025-07-01 10:15:50 +0700","TimeWritten":"2025-07-01 10:15:50 +0700","EventID":16394,"Qualifiers":49152,"EventType":"Information","EventCategory":0,"Channel":"Application","SourceName":"Software Protection Platform Service","ComputerName":"DESKTOP-RB8ENUF","Data":"","Sid":"","Message":"Offline downlevel migration succeeded.\r\n","StringInserts":[]}
{"RecordNumber":24343,"TimeGenerated":"2025-07-01 10:16:23 +0700","TimeWritten":"2025-07-01 10:16:23 +0700","EventID":16384,"Qualifiers":16384,"EventType":"Information","EventCategory":0,"Channel":"Application","SourceName":"Software Protection Platform Service","ComputerName":"DESKTOP-RB8ENUF","Data":"","Sid":"","Message":"Successfully scheduled Software Protection service for re-start at 2025-07-02T06:42:23Z. Reason: RulesEngine.\r\n","StringInserts":["2025-07-02T06:42:23Z","RulesEngine"]}
{"RecordNumber":24344,"TimeGenerated":"2025-07-01 10:53:54 +0700","TimeWritten":"2025-07-01 10:53:54 +0700","EventID":9027,"Qualifiers":16384,"EventType":"Information","EventCategory":0,"Channel":"Application","SourceName":"Desktop Window Manager","ComputerName":"DESKTOP-RB8ENUF","Data":"","Sid":"","Message":"The Desktop Window Manager has registered the session port.\r\n","StringInserts":[]}
{"RecordNumber":24345,"TimeGenerated":"2025-07-01 10:53:58 +0700","TimeWritten":"2025-07-01 10:53:58 +0700","EventID":0,"Qualifiers":0,"EventType":"Information","EventCategory":0,"Channel":"Application","SourceName":"igfxCUIService2.0.0.0","ComputerName":"DESKTOP-RB8ENUF","Data":"","Sid":"","Message":"","StringInserts":["Service started/resumed"]}
{"RecordNumber":24346,"TimeGenerated":"2025-07-01 10:53:58 +0700","TimeWritten":"2025-07-01 10:53:58 +0700","EventID":0,"Qualifiers":0,"EventType":"Information","EventCategory":0,"Channel":"Application","SourceName":"igfxCUIService2.0.0.0","ComputerName":"DESKTOP-RB8ENUF","Data":"","Sid":"","Message":"","StringInserts":["Service stopped"]}
{"RecordNumber":24347,"TimeGenerated":"2025-07-01 10:54:36 +0700","TimeWritten":"2025-07-01 10:54:36 +0700","EventID":1026,"Qualifiers":0,"EventType":"Error","EventCategory":0,"Channel":"Application","SourceName":".NET Runtime","ComputerName":"DESKTOP-RB8ENUF","Data":"","Sid":"","Message":"Application: Cloudflare WARP.exe\nCoreCLR Version: 6.0.3624.51421\n.NET Version: 6.0.36\nDescription: The process was terminated due to an unhandled exception.\nException Info: System.DllNotFoundException: Dll was not found.\r\n   at MS.Win32.Penimc.UnsafeNativeMethods.CreateResetEvent(IntPtr& handle)\r\n   at System.Windows.Input.PenThreadWorker..ctor()\r\n   at System.Windows.Input.PenThreadPool.GetPenThreadForPenContextHelper(PenContext penContext)\r\n   at System.Windows.Input.PenThreadPool.GetPenThreadForPenContext(PenContext penContext)\r\n   at System.Windows.Input.StylusWisp.WispTabletDeviceCollection.UpdateTabletsImpl()\r\n   at System.Windows.Input.StylusWisp.WispTabletDeviceCollection.UpdateTablets()\r\n   at System.Windows.Input.StylusWisp.WispLogic.OnTabletAdded(UInt32 wisptisIndex)\r\n   at System.Windows.Input.StylusWisp.WispLogic.HandleMessage(WindowMessage msg, IntPtr wParam, IntPtr lParam)\r\n   at System.Windows.SystemResources.SystemThemeFilterMessage(IntPtr hwnd, Int32 msg, IntPtr wParam, IntPtr lParam, Boolean& handled)\r\n   at MS.Win32.HwndWrapper.WndProc(IntPtr hwnd, Int32 msg, IntPtr wParam, IntPtr lParam, Boolean& handled)\r\n   at MS.Win32.HwndSubclass.DispatcherCallbackOperation(Object o)\r\n   at System.Windows.Threading.ExceptionWrapper.InternalRealCall(Delegate callback, Object args, Int32 numArgs)\r\n   at System.Windows.Threading.ExceptionWrapper.TryCatchWhen(Object source, Delegate callback, Object args, Int32 numArgs, Delegate catchHandler)\r\n   at System.Windows.Threading.Dispatcher.LegacyInvokeImpl(DispatcherPriority priority, TimeSpan timeout, Delegate method, Object args, Int32 numArgs)\r\n   at MS.Win32.HwndSubclass.SubclassWndProc(IntPtr hwnd, Int32 msg, IntPtr wParam, IntPtr lParam)\r\n   at MS.Win32.UnsafeNativeMethods.DispatchMessage(MSG& msg)\r\n   at System.Windows.Threading.Dispatcher.PushFrameImpl(DispatcherFrame frame)\r\n   at System.Windows.Threading.Dispatcher.PushFrame(DispatcherFrame frame)\r\n   at System.Windows.Threading.Dispatcher.Run()\r\n   at System.Windows.Application.RunDispatcher(Object ignore)\r\n   at System.Windows.Application.RunInternal(Window window)\r\n   at System.Windows.Application.Run()\r\n   at Warp.UI.Program.Main(String[] args)\n\r\n","StringInserts":["Application: Cloudflare WARP.exe\nCoreCLR Version: 6.0.3624.51421\n.NET Version: 6.0.36\nDescription: The process was terminated due to an unhandled exception.\nException Info: System.DllNotFoundException: Dll was not found.\r\n   at MS.Win32.Penimc.UnsafeNativeMethods.CreateResetEvent(IntPtr& handle)\r\n   at System.Windows.Input.PenThreadWorker..ctor()\r\n   at System.Windows.Input.PenThreadPool.GetPenThreadForPenContextHelper(PenContext penContext)\r\n   at System.Windows.Input.PenThreadPool.GetPenThreadForPenContext(PenContext penContext)\r\n   at System.Windows.Input.StylusWisp.WispTabletDeviceCollection.UpdateTabletsImpl()\r\n   at System.Windows.Input.StylusWisp.WispTabletDeviceCollection.UpdateTablets()\r\n   at System.Windows.Input.StylusWisp.WispLogic.OnTabletAdded(UInt32 wisptisIndex)\r\n   at System.Windows.Input.StylusWisp.WispLogic.HandleMessage(WindowMessage msg, IntPtr wParam, IntPtr lParam)\r\n   at System.Windows.SystemResources.SystemThemeFilterMessage(IntPtr hwnd, Int32 msg, IntPtr wParam, IntPtr lParam, Boolean& handled)\r\n   at MS.Win32.HwndWrapper.WndProc(IntPtr hwnd, Int32 msg, IntPtr wParam, IntPtr lParam, Boolean& handled)\r\n   at MS.Win32.HwndSubclass.DispatcherCallbackOperation(Object o)\r\n   at System.Windows.Threading.ExceptionWrapper.InternalRealCall(Delegate callback, Object args, Int32 numArgs)\r\n   at System.Windows.Threading.ExceptionWrapper.TryCatchWhen(Object source, Delegate callback, Object args, Int32 numArgs, Delegate catchHandler)\r\n   at System.Windows.Threading.Dispatcher.LegacyInvokeImpl(DispatcherPriority priority, TimeSpan timeout, Delegate method, Object args, Int32 numArgs)\r\n   at MS.Win32.HwndSubclass.SubclassWndProc(IntPtr hwnd, Int32 msg, IntPtr wParam, IntPtr lParam)\r\n   at MS.Win32.UnsafeNativeMethods.DispatchMessage(MSG& msg)\r\n   at System.Windows.Threading.Dispatcher.PushFrameImpl(DispatcherFrame frame)\r\n   at System.Windows.Threading.Dispatcher.PushFrame(DispatcherFrame frame)\r\n   at System.Windows.Threading.Dispatcher.Run()\r\n   at System.Windows.Application.RunDispatcher(Object ignore)\r\n   at System.Windows.Application.RunInternal(Window window)\r\n   at System.Windows.Application.Run()\r\n   at Warp.UI.Program.Main(String[] args)\n"]}
{"RecordNumber":24348,"TimeGenerated":"2025-07-01 10:54:47 +0700","TimeWritten":"2025-07-01 10:54:47 +0700","EventID":4354,"Qualifiers":32768,"EventType":"Warning","EventCategory":18,"Channel":"Application","SourceName":"EventSystem","ComputerName":"DESKTOP-RB8ENUF","Data":"","Sid":"","Message":"The COM+ Event System failed to fire the DisplayLock method on event class {D5978630-5B9F-11D1-8DD2-00AA004ABD5E} for publisher  and subscriber . The display name of the subscription is \"Visual Studio ISensLogon Subscription\". The HRESULT was 8001010a.","StringInserts":["8001010a","DisplayLock","{D5978630-5B9F-11D1-8DD2-00AA004ABD5E}","","","Visual Studio ISensLogon Subscription",""]}
{"RecordNumber":24349,"TimeGenerated":"2025-07-01 10:54:47 +0700","TimeWritten":"2025-07-01 10:54:47 +0700","EventID":4354,"Qualifiers":32768,"EventType":"Warning","EventCategory":18,"Channel":"Application","SourceName":"EventSystem","ComputerName":"DESKTOP-RB8ENUF","Data":"","Sid":"","Message":"The COM+ Event System failed to fire the DisplayUnlock method on event class {D5978630-5B9F-11D1-8DD2-00AA004ABD5E} for publisher  and subscriber . The display name of the subscription is \"Visual Studio ISensLogon Subscription\". The HRESULT was 8001010a.","StringInserts":["8001010a","DisplayUnlock","{D5978630-5B9F-11D1-8DD2-00AA004ABD5E}","","","Visual Studio ISensLogon Subscription",""]}
{"RecordNumber":24350,"TimeGenerated":"2025-07-01 10:54:48 +0700","TimeWritten":"2025-07-01 10:54:48 +0700","EventID":1000,"Qualifiers":0,"EventType":"Error","EventCategory":100,"Channel":"Application","SourceName":"Application Error","ComputerName":"DESKTOP-RB8ENUF","Data":"","Sid":"","Message":"Faulting application name: Cloudflare WARP.exe, version: 2025.4.943.0, time stamp: 0x670ddfae\r\nFaulting module name: KERNELBASE.dll, version: 10.0.19041.5915, time stamp: 0x4c1e5ac2\r\nException code: 0xe0434352\r\nFault offset: 0x000000000003af29\r\nFaulting process id: 0x352c\r\nFaulting application start time: 0x01dbe428d67843c9\r\nFaulting application path: C:\\Program Files\\Cloudflare\\Cloudflare WARP\\Cloudflare WARP.exe\r\nFaulting module path: C:\\Windows\\System32\\KERNELBASE.dll\r\nReport Id: b9f672fd-b7d1-4d3f-b344-0d358069d88f\r\nFaulting package full name: \r\nFaulting package-relative application ID: \r\n","StringInserts":["Cloudflare WARP.exe","2025.4.943.0","670ddfae","KERNELBASE.dll","10.0.19041.5915","4c1e5ac2","e0434352","000000000003af29","352c","01dbe428d67843c9","C:\\Program Files\\Cloudflare\\Cloudflare WARP\\Cloudflare WARP.exe","C:\\Windows\\System32\\KERNELBASE.dll","b9f672fd-b7d1-4d3f-b344-0d358069d88f","",""]}
{"RecordNumber":24351,"TimeGenerated":"2025-07-01 10:55:20 +0700","TimeWritten":"2025-07-01 10:55:20 +0700","EventID":1001,"Qualifiers":0,"EventType":"Information","EventCategory":0,"Channel":"Application","SourceName":"Windows Error Reporting","ComputerName":"DESKTOP-RB8ENUF","Data":"","Sid":"","Message":"Fault bucket 1680620156541809469, type 4\r\nEvent Name: APPCRASH\r\nResponse: Not available\r\nCab Id: 0\r\n\r\nProblem signature:\r\nP1: Cloudflare WARP.exe\r\nP2: 2025.4.943.0\r\nP3: 670ddfae\r\nP4: KERNELBASE.dll\r\nP5: 10.0.19041.5915\r\nP6: 4c1e5ac2\r\nP7: e0434352\r\nP8: 000000000003af29\r\nP9: \r\nP10: \r\n\r\nAttached files:\r\n\\\\?\\C:\\ProgramData\\Microsoft\\Windows\\WER\\Temp\\WER3AF0.tmp.mdmp\r\n\\\\?\\C:\\ProgramData\\Microsoft\\Windows\\WER\\Temp\\WERA4B7.tmp.WERInternalMetadata.xml\r\n\\\\?\\C:\\ProgramData\\Microsoft\\Windows\\WER\\Temp\\WERA4F6.tmp.xml\r\n\\\\?\\C:\\ProgramData\\Microsoft\\Windows\\WER\\Temp\\WERA4F4.tmp.csv\r\n\\\\?\\C:\\ProgramData\\Microsoft\\Windows\\WER\\Temp\\WERA514.tmp.txt\r\n\r\nThese files may be available here:\r\n\\\\?\\C:\\ProgramData\\Microsoft\\Windows\\WER\\ReportArchive\\AppCrash_Cloudflare WARP._35e31eeebdb06168a0b9b3fe9485528c2412098_7f4d5b78_c7f05957-c3f8-4d8c-a8b8-116411cb12a5\r\n\r\nAnalysis symbol: \r\nRechecking for solution: 0\r\nReport Id: b9f672fd-b7d1-4d3f-b344-0d358069d88f\r\nReport Status: 268435456\r\nHashed bucket: a1ec556c3d76215fa752c320c909333d\r\nCab Guid: 0\r\n","StringInserts":["1680620156541809469","4","APPCRASH","Not available","0","Cloudflare WARP.exe","2025.4.943.0","670ddfae","KERNELBASE.dll","10.0.19041.5915","4c1e5ac2","e0434352","000000000003af29","","","\r\n\\\\?\\C:\\ProgramData\\Microsoft\\Windows\\WER\\Temp\\WER3AF0.tmp.mdmp\r\n\\\\?\\C:\\ProgramData\\Microsoft\\Windows\\WER\\Temp\\WERA4B7.tmp.WERInternalMetadata.xml\r\n\\\\?\\C:\\ProgramData\\Microsoft\\Windows\\WER\\Temp\\WERA4F6.tmp.xml\r\n\\\\?\\C:\\ProgramData\\Microsoft\\Windows\\WER\\Temp\\WERA4F4.tmp.csv\r\n\\\\?\\C:\\ProgramData\\Microsoft\\Windows\\WER\\Temp\\WERA514.tmp.txt","\\\\?\\C:\\ProgramData\\Microsoft\\Windows\\WER\\ReportArchive\\AppCrash_Cloudflare WARP._35e31eeebdb06168a0b9b3fe9485528c2412098_7f4d5b78_c7f05957-c3f8-4d8c-a8b8-116411cb12a5","","0","b9f672fd-b7d1-4d3f-b344-0d358069d88f","268435456","a1ec556c3d76215fa752c320c909333d","0"]}
{"RecordNumber":24352,"TimeGenerated":"2025-07-01 11:03:05 +0700","TimeWritten":"2025-07-01 11:03:05 +0700","EventID":16394,"Qualifiers":49152,"EventType":"Information","EventCategory":0,"Channel":"Application","SourceName":"Software Protection Platform Service","ComputerName":"DESKTOP-RB8ENUF","Data":"","Sid":"","Message":"Offline downlevel migration succeeded.\r\n","StringInserts":[]}
{"RecordNumber":24353,"TimeGenerated":"2025-07-01 11:04:03 +0700","TimeWritten":"2025-07-01 11:04:03 +0700","EventID":16384,"Qualifiers":16384,"EventType":"Information","EventCategory":0,"Channel":"Application","SourceName":"Software Protection Platform Service","ComputerName":"DESKTOP-RB8ENUF","Data":"","Sid":"","Message":"Successfully scheduled Software Protection service for re-start at 2025-07-02T06:43:03Z. Reason: RulesEngine.\r\n","StringInserts":["2025-07-02T06:43:03Z","RulesEngine"]}
{"RecordNumber":24354,"TimeGenerated":"2025-07-01 11:26:11 +0700","TimeWritten":"2025-07-01 11:26:11 +0700","EventID":0,"Qualifiers":0,"EventType":"Information","EventCategory":0,"Channel":"Application","SourceName":"igfxCUIService2.0.0.0","ComputerName":"DESKTOP-RB8ENUF","Data":"","Sid":"","Message":"","StringInserts":["Service started/resumed"]}
{"RecordNumber":24355,"TimeGenerated":"2025-07-01 11:26:11 +0700","TimeWritten":"2025-07-01 11:26:11 +0700","EventID":0,"Qualifiers":0,"EventType":"Information","EventCategory":0,"Channel":"Application","SourceName":"igfxCUIService2.0.0.0","ComputerName":"DESKTOP-RB8ENUF","Data":"","Sid":"","Message":"","StringInserts":["Service stopped"]}
{"RecordNumber":24356,"TimeGenerated":"2025-07-01 11:26:13 +0700","TimeWritten":"2025-07-01 11:26:13 +0700","EventID":4354,"Qualifiers":32768,"EventType":"Warning","EventCategory":18,"Channel":"Application","SourceName":"EventSystem","ComputerName":"DESKTOP-RB8ENUF","Data":"","Sid":"","Message":"The COM+ Event System failed to fire the DisplayUnlock method on event class {D5978630-5B9F-11D1-8DD2-00AA004ABD5E} for publisher  and subscriber . The display name of the subscription is \"Visual Studio ISensLogon Subscription\". The HRESULT was 8001010a.","StringInserts":["8001010a","DisplayUnlock","{D5978630-5B9F-11D1-8DD2-00AA004ABD5E}","","","Visual Studio ISensLogon Subscription",""]}
{"RecordNumber":24357,"TimeGenerated":"2025-07-01 11:32:45 +0700","TimeWritten":"2025-07-01 11:32:45 +0700","EventID":0,"Qualifiers":0,"EventType":"Information","EventCategory":0,"Channel":"Application","SourceName":"coccoc","ComputerName":"DESKTOP-RB8ENUF","Data":"","Sid":"","Message":"","StringInserts":["Service stopped"]}
{"RecordNumber":24358,"TimeGenerated":"2025-07-01 12:22:17 +0700","TimeWritten":"2025-07-01 12:22:17 +0700","EventID":0,"Qualifiers":0,"EventType":"Information","EventCategory":0,"Channel":"Application","SourceName":"igfxCUIService2.0.0.0","ComputerName":"DESKTOP-RB8ENUF","Data":"","Sid":"","Message":"","StringInserts":["Service started/resumed"]}
{"RecordNumber":24359,"TimeGenerated":"2025-07-01 12:22:17 +0700","TimeWritten":"2025-07-01 12:22:17 +0700","EventID":0,"Qualifiers":0,"EventType":"Information","EventCategory":0,"Channel":"Application","SourceName":"igfxCUIService2.0.0.0","ComputerName":"DESKTOP-RB8ENUF","Data":"","Sid":"","Message":"","StringInserts":["Service stopped"]}
{"RecordNumber":24360,"TimeGenerated":"2025-07-01 12:22:18 +0700","TimeWritten":"2025-07-01 12:22:18 +0700","EventID":4354,"Qualifiers":32768,"EventType":"Warning","EventCategory":18,"Channel":"Application","SourceName":"EventSystem","ComputerName":"DESKTOP-RB8ENUF","Data":"","Sid":"","Message":"The COM+ Event System failed to fire the DisplayUnlock method on event class {D5978630-5B9F-11D1-8DD2-00AA004ABD5E} for publisher  and subscriber . The display name of the subscription is \"Visual Studio ISensLogon Subscription\". The HRESULT was 8001010a.","StringInserts":["8001010a","DisplayUnlock","{D5978630-5B9F-11D1-8DD2-00AA004ABD5E}","","","Visual Studio ISensLogon Subscription",""]}
{"RecordNumber":24361,"TimeGenerated":"2025-07-01 12:29:52 +0700","TimeWritten":"2025-07-01 12:29:52 +0700","EventID":15,"Qualifiers":0,"EventType":"Information","EventCategory":0,"Channel":"Application","SourceName":"SecurityCenter","ComputerName":"DESKTOP-RB8ENUF","Data":"","Sid":"","Message":"Updated Windows Defender status successfully to SECURITY_PRODUCT_STATE_ON.\r\n","StringInserts":["Windows Defender","SECURITY_PRODUCT_STATE_ON"]}
{"RecordNumber":24362,"TimeGenerated":"2025-07-01 12:32:49 +0700","TimeWritten":"2025-07-01 12:32:49 +0700","EventID":15,"Qualifiers":0,"EventType":"Information","EventCategory":0,"Channel":"Application","SourceName":"SecurityCenter","ComputerName":"DESKTOP-RB8ENUF","Data":"","Sid":"","Message":"Updated Windows Defender status successfully to SECURITY_PRODUCT_STATE_ON.\r\n","StringInserts":["Windows Defender","SECURITY_PRODUCT_STATE_ON"]}
{"RecordNumber":24363,"TimeGenerated":"2025-07-01 12:44:41 +0700","TimeWritten":"2025-07-01 12:44:41 +0700","EventID":16394,"Qualifiers":49152,"EventType":"Information","EventCategory":0,"Channel":"Application","SourceName":"Software Protection Platform Service","ComputerName":"DESKTOP-RB8ENUF","Data":"","Sid":"","Message":"Offline downlevel migration succeeded.\r\n","StringInserts":[]}
{"RecordNumber":24364,"TimeGenerated":"2025-07-01 12:45:12 +0700","TimeWritten":"2025-07-01 12:45:12 +0700","EventID":16384,"Qualifiers":16384,"EventType":"Information","EventCategory":0,"Channel":"Application","SourceName":"Software Protection Platform Service","ComputerName":"DESKTOP-RB8ENUF","Data":"","Sid":"","Message":"Successfully scheduled Software Protection service for re-start at 2025-07-02T06:42:12Z. Reason: RulesEngine.\r\n","StringInserts":["2025-07-02T06:42:12Z","RulesEngine"]}
{"RecordNumber":24365,"TimeGenerated":"2025-07-01 13:55:55 +0700","TimeWritten":"2025-07-01 13:55:55 +0700","EventID":0,"Qualifiers":0,"EventType":"Information","EventCategory":0,"Channel":"Application","SourceName":"igfxCUIService2.0.0.0","ComputerName":"DESKTOP-RB8ENUF","Data":"","Sid":"","Message":"","StringInserts":["Service started/resumed"]}
{"RecordNumber":24366,"TimeGenerated":"2025-07-01 13:55:55 +0700","TimeWritten":"2025-07-01 13:55:55 +0700","EventID":0,"Qualifiers":0,"EventType":"Information","EventCategory":0,"Channel":"Application","SourceName":"igfxCUIService2.0.0.0","ComputerName":"DESKTOP-RB8ENUF","Data":"","Sid":"","Message":"","StringInserts":["Service stopped"]}
{"RecordNumber":24367,"TimeGenerated":"2025-07-01 13:57:57 +0700","TimeWritten":"2025-07-01 13:57:57 +0700","EventID":16394,"Qualifiers":49152,"EventType":"Information","EventCategory":0,"Channel":"Application","SourceName":"Software Protection Platform Service","ComputerName":"DESKTOP-RB8ENUF","Data":"","Sid":"","Message":"Offline downlevel migration succeeded.\r\n","StringInserts":[]}
{"RecordNumber":24368,"TimeGenerated":"2025-07-01 13:57:58 +0700","TimeWritten":"2025-07-01 13:57:58 +0700","EventID":1003,"Qualifiers":16384,"EventType":"Information","EventCategory":0,"Channel":"Application","SourceName":"Software Protection Platform Service","ComputerName":"DESKTOP-RB8ENUF","Data":"","Sid":"","Message":"The Software Protection service has completed licensing status check.\r\nApplication Id=0ff1ce15-a989-479d-af46-f275c6370663\r\nLicensing Status=\n1: 0b4e6cfa-3072-434c-b702-bd1836e6887c, 1, 0 [(0 [0xC004F014, 0, 0], [(?)(?)(?)(?)(?)(?)(?)(?)])(1 )(2 )(3 )]\n2: 0bc88885-718c-491d-921f-6f214349e79c, 1, 0 [(0 [0xC004F014, 0, 0], [(?)(?)(?)(?)(?)(?)(?)(?)])(1 )(2 )(3 )]\n3: 2ca2bf3f-949e-446a-82c7-e25a15ec78c4, 1, 1 [(0 [0x00000000, 1, 0], [(?)( 1 0x00000000)(?)( 2 0x00000000 0 0 msft:rm/algorithm/volume/1.0 0x00000000 250545)(?)(?)(?)(?)])(1 )(2 )(3 )]\n4: 6755c7a7-4dfe-46f5-bce8-427be8e9dc62, 1, 0 [(0 [0xC004F014, 0, 0], [(?)(?)(?)(?)(?)(?)(?)(?)])(1 )(2 )(3 )]\n5: 73fc2508-0fb1-475a-bd6f-2d42fd84c62a, 1, 0 [(0 [0xC004F014, 0, 0], [(?)(?)(?)(?)(?)(?)(?)(?)])(1 )(2 )(3 )]\n6: 85dd8b5f-eaa4-4af3-a628-cce9e77c9a03, 1, 1 [(0 [0x00000000, 1, 0], [(?)( 1 0x00000000)(?)( 2 0x00000000 0 0 msft:rm/algorithm/volume/1.0 0x00000000 250703)(?)(?)(?)(?)])(1 )(2 )(3 )]\n7: d4ebadd6-401b-40d5-adf4-a5d4accd72d1, 1, 0 [(0 [0xC004F014, 0, 0], [(?)(?)(?)(?)(?)(?)(?)(?)])(1 )(2 )(3 )]\n8: fc7c4d0c-2e85-4bb9-afd4-01ed1476b5e9, 1, 0 [(0 [0xC004F014, 0, 0], [(?)(?)(?)(?)(?)(?)(?)(?)])(1 )(2 )(3 )]\n\n\r\n","StringInserts":["0ff1ce15-a989-479d-af46-f275c6370663","\n1: 0b4e6cfa-3072-434c-b702-bd1836e6887c, 1, 0 [(0 [0xC004F014, 0, 0], [(?)(?)(?)(?)(?)(?)(?)(?)])(1 )(2 )(3 )]\n2: 0bc88885-718c-491d-921f-6f214349e79c, 1, 0 [(0 [0xC004F014, 0, 0], [(?)(?)(?)(?)(?)(?)(?)(?)])(1 )(2 )(3 )]\n3: 2ca2bf3f-949e-446a-82c7-e25a15ec78c4, 1, 1 [(0 [0x00000000, 1, 0], [(?)( 1 0x00000000)(?)( 2 0x00000000 0 0 msft:rm/algorithm/volume/1.0 0x00000000 250545)(?)(?)(?)(?)])(1 )(2 )(3 )]\n4: 6755c7a7-4dfe-46f5-bce8-427be8e9dc62, 1, 0 [(0 [0xC004F014, 0, 0], [(?)(?)(?)(?)(?)(?)(?)(?)])(1 )(2 )(3 )]\n5: 73fc2508-0fb1-475a-bd6f-2d42fd84c62a, 1, 0 [(0 [0xC004F014, 0, 0], [(?)(?)(?)(?)(?)(?)(?)(?)])(1 )(2 )(3 )]\n6: 85dd8b5f-eaa4-4af3-a628-cce9e77c9a03, 1, 1 [(0 [0x00000000, 1, 0], [(?)( 1 0x00000000)(?)( 2 0x00000000 0 0 msft:rm/algorithm/volume/1.0 0x00000000 250703)(?)(?)(?)(?)])(1 )(2 )(3 )]\n7: d4ebadd6-401b-40d5-adf4-a5d4accd72d1, 1, 0 [(0 [0xC004F014, 0, 0], [(?)(?)(?)(?)(?)(?)(?)(?)])(1 )(2 )(3 )]\n8: fc7c4d0c-2e85-4bb9-afd4-01ed1476b5e9, 1, 0 [(0 [0xC004F014, 0, 0], [(?)(?)(?)(?)(?)(?)(?)(?)])(1 )(2 )(3 )]\n\n"]}
{"RecordNumber":24369,"TimeGenerated":"2025-07-01 13:57:58 +0700","TimeWritten":"2025-07-01 13:57:58 +0700","EventID":1003,"Qualifiers":16384,"EventType":"Information","EventCategory":0,"Channel":"Application","SourceName":"Software Protection Platform Service","ComputerName":"DESKTOP-RB8ENUF","Data":"","Sid":"","Message":"The Software Protection service has completed licensing status check.\r\nApplication Id=0ff1ce15-a989-479d-af46-f275c6370663\r\nLicensing Status=\n1: 2ca2bf3f-949e-446a-82c7-e25a15ec78c4, 1, 1 [(0 [0x00000000, 1, 0], [(?)( 1 0x00000000)(?)( 2 0x00000000 0 0 msft:rm/algorithm/volume/1.0 0x00000000 250545)(?)(?)(?)(?)])(1 )(2 )(3 )]\n\n\r\n","StringInserts":["0ff1ce15-a989-479d-af46-f275c6370663","\n1: 2ca2bf3f-949e-446a-82c7-e25a15ec78c4, 1, 1 [(0 [0x00000000, 1, 0], [(?)( 1 0x00000000)(?)( 2 0x00000000 0 0 msft:rm/algorithm/volume/1.0 0x00000000 250545)(?)(?)(?)(?)])(1 )(2 )(3 )]\n\n"]}
{"RecordNumber":24370,"TimeGenerated":"2025-07-01 13:57:58 +0700","TimeWritten":"2025-07-01 13:57:58 +0700","EventID":1003,"Qualifiers":16384,"EventType":"Information","EventCategory":0,"Channel":"Application","SourceName":"Software Protection Platform Service","ComputerName":"DESKTOP-RB8ENUF","Data":"","Sid":"","Message":"The Software Protection service has completed licensing status check.\r\nApplication Id=0ff1ce15-a989-479d-af46-f275c6370663\r\nLicensing Status=\n1: 85dd8b5f-eaa4-4af3-a628-cce9e77c9a03, 1, 1 [(0 [0x00000000, 1, 0], [(?)( 1 0x00000000)(?)( 2 0x00000000 0 0 msft:rm/algorithm/volume/1.0 0x00000000 250703)(?)(?)(?)(?)])(1 )(2 )(3 )]\n\n\r\n","StringInserts":["0ff1ce15-a989-479d-af46-f275c6370663","\n1: 85dd8b5f-eaa4-4af3-a628-cce9e77c9a03, 1, 1 [(0 [0x00000000, 1, 0], [(?)( 1 0x00000000)(?)( 2 0x00000000 0 0 msft:rm/algorithm/volume/1.0 0x00000000 250703)(?)(?)(?)(?)])(1 )(2 )(3 )]\n\n"]}
{"RecordNumber":24371,"TimeGenerated":"2025-07-01 13:57:58 +0700","TimeWritten":"2025-07-01 13:57:58 +0700","EventID":1003,"Qualifiers":16384,"EventType":"Information","EventCategory":0,"Channel":"Application","SourceName":"Software Protection Platform Service","ComputerName":"DESKTOP-RB8ENUF","Data":"","Sid":"","Message":"The Software Protection service has completed licensing status check.\r\nApplication Id=0ff1ce15-a989-479d-af46-f275c6370663\r\nLicensing Status=\n1: 85dd8b5f-eaa4-4af3-a628-cce9e77c9a03, 1, 1 [(0 [0x00000000, 1, 0], [(?)( 1 0x00000000)(?)( 2 0x00000000 0 0 msft:rm/algorithm/volume/1.0 0x00000000 250703)(?)(?)(?)(?)])(1 )(2 )(3 )]\n\n\r\n","StringInserts":["0ff1ce15-a989-479d-af46-f275c6370663","\n1: 85dd8b5f-eaa4-4af3-a628-cce9e77c9a03, 1, 1 [(0 [0x00000000, 1, 0], [(?)( 1 0x00000000)(?)( 2 0x00000000 0 0 msft:rm/algorithm/volume/1.0 0x00000000 250703)(?)(?)(?)(?)])(1 )(2 )(3 )]\n\n"]}
{"RecordNumber":24372,"TimeGenerated":"2025-07-01 13:58:30 +0700","TimeWritten":"2025-07-01 13:58:30 +0700","EventID":16384,"Qualifiers":16384,"EventType":"Information","EventCategory":0,"Channel":"Application","SourceName":"Software Protection Platform Service","ComputerName":"DESKTOP-RB8ENUF","Data":"","Sid":"","Message":"Successfully scheduled Software Protection service for re-start at 2025-07-02T06:42:30Z. Reason: RulesEngine.\r\n","StringInserts":["2025-07-02T06:42:30Z","RulesEngine"]}
{"RecordNumber":24373,"TimeGenerated":"2025-07-01 14:05:03 +0700","TimeWritten":"2025-07-01 14:05:03 +0700","EventID":0,"Qualifiers":0,"EventType":"Information","EventCategory":0,"Channel":"Application","SourceName":"igfxCUIService2.0.0.0","ComputerName":"DESKTOP-RB8ENUF","Data":"","Sid":"","Message":"","StringInserts":["Service started/resumed"]}
{"RecordNumber":24374,"TimeGenerated":"2025-07-01 14:05:03 +0700","TimeWritten":"2025-07-01 14:05:03 +0700","EventID":0,"Qualifiers":0,"EventType":"Information","EventCategory":0,"Channel":"Application","SourceName":"igfxCUIService2.0.0.0","ComputerName":"DESKTOP-RB8ENUF","Data":"","Sid":"","Message":"","StringInserts":["Service stopped"]}
{"RecordNumber":24375,"TimeGenerated":"2025-07-01 14:05:05 +0700","TimeWritten":"2025-07-01 14:05:05 +0700","EventID":4354,"Qualifiers":32768,"EventType":"Warning","EventCategory":18,"Channel":"Application","SourceName":"EventSystem","ComputerName":"DESKTOP-RB8ENUF","Data":"","Sid":"","Message":"The COM+ Event System failed to fire the DisplayUnlock method on event class {D5978630-5B9F-11D1-8DD2-00AA004ABD5E} for publisher  and subscriber . The display name of the subscription is \"Visual Studio ISensLogon Subscription\". The HRESULT was 8001010a.","StringInserts":["8001010a","DisplayUnlock","{D5978630-5B9F-11D1-8DD2-00AA004ABD5E}","","","Visual Studio ISensLogon Subscription",""]}
{"RecordNumber":24376,"TimeGenerated":"2025-07-01 14:47:01 +0700","TimeWritten":"2025-07-01 14:47:01 +0700","EventID":16394,"Qualifiers":49152,"EventType":"Information","EventCategory":0,"Channel":"Application","SourceName":"Software Protection Platform Service","ComputerName":"DESKTOP-RB8ENUF","Data":"","Sid":"","Message":"Offline downlevel migration succeeded.\r\n","StringInserts":[]}
{"RecordNumber":24377,"TimeGenerated":"2025-07-01 14:47:32 +0700","TimeWritten":"2025-07-01 14:47:32 +0700","EventID":16384,"Qualifiers":16384,"EventType":"Information","EventCategory":0,"Channel":"Application","SourceName":"Software Protection Platform Service","ComputerName":"DESKTOP-RB8ENUF","Data":"","Sid":"","Message":"Successfully scheduled Software Protection service for re-start at 2025-07-02T06:42:32Z. Reason: RulesEngine.\r\n","StringInserts":["2025-07-02T06:42:32Z","RulesEngine"]}
{"RecordNumber":24378,"TimeGenerated":"2025-07-01 15:27:14 +0700","TimeWritten":"2025-07-01 15:27:14 +0700","EventID":0,"Qualifiers":0,"EventType":"Information","EventCategory":0,"Channel":"Application","SourceName":"edgeupdate","ComputerName":"DESKTOP-RB8ENUF","Data":"","Sid":"","Message":"Service stopped.\r\n","StringInserts":["Service stopped"]}
{"RecordNumber":24379,"TimeGenerated":"2025-07-01 16:17:46 +0700","TimeWritten":"2025-07-01 16:17:46 +0700","EventID":16394,"Qualifiers":49152,"EventType":"Information","EventCategory":0,"Channel":"Application","SourceName":"Software Protection Platform Service","ComputerName":"DESKTOP-RB8ENUF","Data":"","Sid":"","Message":"Offline downlevel migration succeeded.\r\n","StringInserts":[]}
