{"RecordNumber":18238,"TimeGenerated":"2025-07-01 10:54:02 +0700","TimeWritten":"2025-07-01 10:54:02 +0700","EventID":7040,"Qualifiers":16384,"EventType":"Information","EventCategory":0,"Channel":"System","SourceName":"Service Control Manager","ComputerName":"DESKTOP-RB8ENUF","Data":"","Sid":"S-1-5-18","Message":"The start type of the Touch Keyboard and Handwriting Panel Service service was changed from demand start to auto start.\r\n","StringInserts":["Touch Keyboard and Handwriting Panel Service","demand start","auto start","TabletInputService"]}
{"RecordNumber":18239,"TimeGenerated":"2025-07-01 11:03:32 +0700","TimeWritten":"2025-07-01 11:03:32 +0700","EventID":44,"Qualifiers":0,"EventType":"Information","EventCategory":1,"Channel":"System","SourceName":"Microsoft-Windows-WindowsUpdateClient","ComputerName":"DESKTOP-RB8ENUF","Data":"","Sid":"S-1-5-18","Message":"Windows Update started downloading an update.\r\n","StringInserts":["9NBLGGH4NNS1-Microsoft.DesktopAppInstaller","{eac2b4c7-0286-4746-8b0b-08c11d2ee637}","1"]}
{"RecordNumber":18240,"TimeGenerated":"2025-07-01 11:03:33 +0700","TimeWritten":"2025-07-01 11:03:33 +0700","EventID":43,"Qualifiers":0,"EventType":"Information","EventCategory":1,"Channel":"System","SourceName":"Microsoft-Windows-WindowsUpdateClient","ComputerName":"DESKTOP-RB8ENUF","Data":"","Sid":"S-1-5-18","Message":"Installation Started: Windows has started installing the following update: 9NBLGGH4NNS1-Microsoft.DesktopAppInstaller\r\n","StringInserts":["9NBLGGH4NNS1-Microsoft.DesktopAppInstaller","{eac2b4c7-0286-4746-8b0b-08c11d2ee637}","1"]}
{"RecordNumber":18241,"TimeGenerated":"2025-07-01 11:03:33 +0700","TimeWritten":"2025-07-01 11:03:33 +0700","EventID":20,"Qualifiers":0,"EventType":"Error","EventCategory":1,"Channel":"System","SourceName":"Microsoft-Windows-WindowsUpdateClient","ComputerName":"DESKTOP-RB8ENUF","Data":"","Sid":"S-1-5-18","Message":"Installation Failure: Windows failed to install the following update with error 0x80073d02: 9NBLGGH4NNS1-Microsoft.DesktopAppInstaller.\r\n","StringInserts":["0x80073d02","9NBLGGH4NNS1-Microsoft.DesktopAppInstaller","{eac2b4c7-0286-4746-8b0b-08c11d2ee637}","1","{855e8a7c-ecb4-4ca3-b045-1dfa50104289}"]}
{"RecordNumber":18242,"TimeGenerated":"2025-07-01 12:00:00 +0700","TimeWritten":"2025-07-01 12:00:00 +0700","EventID":6013,"Qualifiers":32768,"EventType":"Information","EventCategory":0,"Channel":"System","SourceName":"EventLog","ComputerName":"DESKTOP-RB8ENUF","Data":"31002e003100000030000000570069006e0064006f00770073002000310030002000500072006f000000310030002e0030002e003100390030003400350020004200750069006c0064002000310039003000340035002000200000004d0075006c0074006900700072006f0063006500730073006f007200200046007200650065000000310039003000340031002e00760062005f00720065006c0065006100730065002e003100390031003200300036002d00310034003000360000003600350066003300320061003200320000004e006f007400200041007600610069006c00610062006c00650000004e006f007400200041007600610069006c00610062006c00650000003900000031003200000031003600310032003600000034003000390000004400450053004b0054004f0050002d0052004200380045004e005500460000000000","Sid":"","Message":"The system uptime is 671867 seconds.\r\n","StringInserts":["","","","","671867","60","-420 SE Asia Standard Time"]}
{"RecordNumber":18243,"TimeGenerated":"2025-07-01 12:32:11 +0700","TimeWritten":"2025-07-01 12:32:11 +0700","EventID":7040,"Qualifiers":16384,"EventType":"Information","EventCategory":0,"Channel":"System","SourceName":"Service Control Manager","ComputerName":"DESKTOP-RB8ENUF","Data":"","Sid":"S-1-5-18","Message":"The start type of the Background Intelligent Transfer Service service was changed from demand start to auto start.\r\n","StringInserts":["Background Intelligent Transfer Service","demand start","auto start","BITS"]}
{"RecordNumber":18244,"TimeGenerated":"2025-07-01 12:34:15 +0700","TimeWritten":"2025-07-01 12:34:15 +0700","EventID":7040,"Qualifiers":16384,"EventType":"Information","EventCategory":0,"Channel":"System","SourceName":"Service Control Manager","ComputerName":"DESKTOP-RB8ENUF","Data":"","Sid":"S-1-5-18","Message":"The start type of the Background Intelligent Transfer Service service was changed from auto start to demand start.\r\n","StringInserts":["Background Intelligent Transfer Service","auto start","demand start","BITS"]}
{"RecordNumber":18245,"TimeGenerated":"2025-07-01 12:44:34 +0700","TimeWritten":"2025-07-01 12:44:34 +0700","EventID":16,"Qualifiers":0,"EventType":"Information","EventCategory":0,"Channel":"System","SourceName":"Microsoft-Windows-Kernel-General","ComputerName":"DESKTOP-RB8ENUF","Data":"","Sid":"S-1-5-18","Message":"","StringInserts":["41","\\??\\C:\\Windows\\System32\\config\\COMPONENTS","62772","7683"]}
{"RecordNumber":18246,"TimeGenerated":"2025-07-01 15:00:58 +0700","TimeWritten":"2025-07-01 15:00:58 +0700","EventID":10028,"Qualifiers":0,"EventType":"Error","EventCategory":0,"Channel":"System","SourceName":"DCOM","ComputerName":"DESKTOP-RB8ENUF","Data":"3c5265636f726423313a20436f6d70757465723d286e756c6c293b5069643d313137363b372f312f3230323520383a303a35383a3535303b5374617475733d313732323b47656e636f6d703d323b4465746c6f633d313731303b466c6167733d303b506172616d733d313b7b506172616d23303a307d3e3c5265636f726423323a20436f6d70757465723d286e756c6c293b5069643d313137363b372f312f3230323520383a303a35383a3535303b5374617475733d313732323b47656e636f6d703d31383b4465746c6f633d313434323b466c6167733d303b506172616d733d313b7b506172616d23303a54442d4442337d3e3c5265636f726423333a20436f6d70757465723d286e756c6c293b5069643d313137363b372f312f3230323520383a303a35383a3535303b5374617475733d313732323b47656e636f6d703d31383b4465746c6f633d3332323b466c6167733d303b506172616d733d303b3e3c5265636f726423343a20436f6d70757465723d286e756c6c293b5069643d313137363b372f312f3230323520383a303a35383a3535303b5374617475733d31313030313b47656e636f6d703d31383b4465746c6f633d3332303b466c6167733d303b506172616d733d313b7b506172616d23303a54442d4442337d3e","Sid":"S-1-5-21-3306260603-718234045-292622573-1001","Message":"DCOM was unable to communicate with the computer TD-DB3 using any of the configured protocols; requested by PID     18bc (C:\\Program Files (x86)\\Microsoft SQL Server Management Studio 20\\Common7\\IDE\\ssms.exe), while activating CLSID {8BC3F05E-D86B-11D0-A075-00C04FB68820}.\r\n","StringInserts":["TD-DB3","    18bc","C:\\Program Files (x86)\\Microsoft SQL Server Management Studio 20\\Common7\\IDE\\ssms.exe","{8BC3F05E-D86B-11D0-A075-00C04FB68820}"]}
{"RecordNumber":18247,"TimeGenerated":"2025-07-01 15:01:03 +0700","TimeWritten":"2025-07-01 15:01:03 +0700","EventID":10028,"Qualifiers":0,"EventType":"Error","EventCategory":0,"Channel":"System","SourceName":"DCOM","ComputerName":"DESKTOP-RB8ENUF","Data":"3c5265636f726423313a20436f6d70757465723d286e756c6c293b5069643d313137363b372f312f3230323520383a313a333a3230393b5374617475733d313732323b47656e636f6d703d323b4465746c6f633d313731303b466c6167733d303b506172616d733d313b7b506172616d23303a307d3e3c5265636f726423323a20436f6d70757465723d286e756c6c293b5069643d313137363b372f312f3230323520383a313a333a3230393b5374617475733d313732323b47656e636f6d703d31383b4465746c6f633d313434323b466c6167733d303b506172616d733d313b7b506172616d23303a54442d4442337d3e3c5265636f726423333a20436f6d70757465723d286e756c6c293b5069643d313137363b372f312f3230323520383a313a333a3230393b5374617475733d313732323b47656e636f6d703d31383b4465746c6f633d3332323b466c6167733d303b506172616d733d303b3e3c5265636f726423343a20436f6d70757465723d286e756c6c293b5069643d313137363b372f312f3230323520383a313a333a3230393b5374617475733d31313030313b47656e636f6d703d31383b4465746c6f633d3332303b466c6167733d303b506172616d733d313b7b506172616d23303a54442d4442337d3e","Sid":"S-1-5-21-3306260603-718234045-292622573-1001","Message":"DCOM was unable to communicate with the computer TD-DB3 using any of the configured protocols; requested by PID     18bc (C:\\Program Files (x86)\\Microsoft SQL Server Management Studio 20\\Common7\\IDE\\ssms.exe), while activating CLSID {8BC3F05E-D86B-11D0-A075-00C04FB68820}.\r\n","StringInserts":["TD-DB3","    18bc","C:\\Program Files (x86)\\Microsoft SQL Server Management Studio 20\\Common7\\IDE\\ssms.exe","{8BC3F05E-D86B-11D0-A075-00C04FB68820}"]}
{"RecordNumber":18248,"TimeGenerated":"2025-07-01 16:24:11 +0700","TimeWritten":"2025-07-01 16:24:11 +0700","EventID":7040,"Qualifiers":16384,"EventType":"Information","EventCategory":0,"Channel":"System","SourceName":"Service Control Manager","ComputerName":"DESKTOP-RB8ENUF","Data":"","Sid":"S-1-5-18","Message":"The start type of the Background Intelligent Transfer Service service was changed from demand start to auto start.\r\n","StringInserts":["Background Intelligent Transfer Service","demand start","auto start","BITS"]}
{"RecordNumber":18249,"TimeGenerated":"2025-07-01 16:26:28 +0700","TimeWritten":"2025-07-01 16:26:28 +0700","EventID":7040,"Qualifiers":16384,"EventType":"Information","EventCategory":0,"Channel":"System","SourceName":"Service Control Manager","ComputerName":"DESKTOP-RB8ENUF","Data":"","Sid":"S-1-5-18","Message":"The start type of the Background Intelligent Transfer Service service was changed from auto start to demand start.\r\n","StringInserts":["Background Intelligent Transfer Service","auto start","demand start","BITS"]}
{"RecordNumber":18250,"TimeGenerated":"2025-07-01 16:46:20 +0700","TimeWritten":"2025-07-01 16:46:20 +0700","EventID":7040,"Qualifiers":16384,"EventType":"Information","EventCategory":0,"Channel":"System","SourceName":"Service Control Manager","ComputerName":"DESKTOP-RB8ENUF","Data":"","Sid":"S-1-5-18","Message":"The start type of the Background Intelligent Transfer Service service was changed from demand start to auto start.\r\n","StringInserts":["Background Intelligent Transfer Service","demand start","auto start","BITS"]}
{"RecordNumber":18251,"TimeGenerated":"2025-07-01 16:49:10 +0700","TimeWritten":"2025-07-01 16:49:10 +0700","EventID":7040,"Qualifiers":16384,"EventType":"Information","EventCategory":0,"Channel":"System","SourceName":"Service Control Manager","ComputerName":"DESKTOP-RB8ENUF","Data":"","Sid":"S-1-5-18","Message":"The start type of the Background Intelligent Transfer Service service was changed from auto start to demand start.\r\n","StringInserts":["Background Intelligent Transfer Service","auto start","demand start","BITS"]}
{"RecordNumber":18252,"TimeGenerated":"2025-07-01 17:27:38 +0700","TimeWritten":"2025-07-01 17:27:38 +0700","EventID":1796,"Qualifiers":0,"EventType":"Error","EventCategory":0,"Channel":"System","SourceName":"Microsoft-Windows-TPM-WMI","ComputerName":"DESKTOP-RB8ENUF","Data":"","Sid":"S-1-5-18","Message":"The Secure Boot update failed to update a Secure Boot variable with error -2147020471. For more information, please see https://go.microsoft.com/fwlink/?linkid=2169931\r\n","StringInserts":["-2147020471"]}
{"RecordNumber":18253,"TimeGenerated":"2025-07-01 17:27:38 +0700","TimeWritten":"2025-07-01 17:27:38 +0700","EventID":1796,"Qualifiers":0,"EventType":"Error","EventCategory":0,"Channel":"System","SourceName":"Microsoft-Windows-TPM-WMI","ComputerName":"DESKTOP-RB8ENUF","Data":"","Sid":"S-1-5-18","Message":"The Secure Boot update failed to update a Secure Boot variable with error -2147020471. For more information, please see https://go.microsoft.com/fwlink/?linkid=2169931\r\n","StringInserts":["-2147020471"]}
{"RecordNumber":18254,"TimeGenerated":"2025-07-01 17:33:23 +0700","TimeWritten":"2025-07-01 17:33:23 +0700","EventID":44,"Qualifiers":0,"EventType":"Information","EventCategory":1,"Channel":"System","SourceName":"Microsoft-Windows-WindowsUpdateClient","ComputerName":"DESKTOP-RB8ENUF","Data":"","Sid":"S-1-5-18","Message":"Windows Update started downloading an update.\r\n","StringInserts":["Security Intelligence Update for Microsoft Defender Antivirus - KB2267602 (Version 1.431.325.0) - Current Channel (Broad)","{0b590f2f-7e99-4900-bb56-531558359c17}","200"]}
{"RecordNumber":18255,"TimeGenerated":"2025-07-01 17:33:23 +0700","TimeWritten":"2025-07-01 17:33:23 +0700","EventID":43,"Qualifiers":0,"EventType":"Information","EventCategory":1,"Channel":"System","SourceName":"Microsoft-Windows-WindowsUpdateClient","ComputerName":"DESKTOP-RB8ENUF","Data":"","Sid":"S-1-5-18","Message":"Installation Started: Windows has started installing the following update: Security Intelligence Update for Microsoft Defender Antivirus - KB2267602 (Version 1.431.325.0) - Current Channel (Broad)\r\n","StringInserts":["Security Intelligence Update for Microsoft Defender Antivirus - KB2267602 (Version 1.431.325.0) - Current Channel (Broad)","{0b590f2f-7e99-4900-bb56-531558359c17}","200"]}
{"RecordNumber":18256,"TimeGenerated":"2025-07-01 17:33:32 +0700","TimeWritten":"2025-07-01 17:33:32 +0700","EventID":19,"Qualifiers":0,"EventType":"Information","EventCategory":1,"Channel":"System","SourceName":"Microsoft-Windows-WindowsUpdateClient","ComputerName":"DESKTOP-RB8ENUF","Data":"","Sid":"S-1-5-18","Message":"Installation Successful: Windows successfully installed the following update: Security Intelligence Update for Microsoft Defender Antivirus - KB2267602 (Version 1.431.325.0) - Current Channel (Broad)\r\n","StringInserts":["Security Intelligence Update for Microsoft Defender Antivirus - KB2267602 (Version 1.431.325.0) - Current Channel (Broad)","{0b590f2f-7e99-4900-bb56-531558359c17}","200","{9482f4b4-e343-43b6-b170-9a65bc822c77}"]}
{"RecordNumber":18257,"TimeGenerated":"2025-07-01 17:47:03 +0700","TimeWritten":"2025-07-01 17:47:03 +0700","EventID":7040,"Qualifiers":16384,"EventType":"Information","EventCategory":0,"Channel":"System","SourceName":"Service Control Manager","ComputerName":"DESKTOP-RB8ENUF","Data":"","Sid":"S-1-5-18","Message":"The start type of the Background Intelligent Transfer Service service was changed from demand start to auto start.\r\n","StringInserts":["Background Intelligent Transfer Service","demand start","auto start","BITS"]}
{"RecordNumber":18258,"TimeGenerated":"2025-07-01 17:49:09 +0700","TimeWritten":"2025-07-01 17:49:09 +0700","EventID":7040,"Qualifiers":16384,"EventType":"Information","EventCategory":0,"Channel":"System","SourceName":"Service Control Manager","ComputerName":"DESKTOP-RB8ENUF","Data":"","Sid":"S-1-5-18","Message":"The start type of the Background Intelligent Transfer Service service was changed from auto start to demand start.\r\n","StringInserts":["Background Intelligent Transfer Service","auto start","demand start","BITS"]}
{"RecordNumber":18259,"TimeGenerated":"2025-07-02 00:32:54 +0700","TimeWritten":"2025-07-02 00:32:54 +0700","EventID":7040,"Qualifiers":16384,"EventType":"Information","EventCategory":0,"Channel":"System","SourceName":"Service Control Manager","ComputerName":"DESKTOP-RB8ENUF","Data":"","Sid":"S-1-5-18","Message":"The start type of the Background Intelligent Transfer Service service was changed from demand start to auto start.\r\n","StringInserts":["Background Intelligent Transfer Service","demand start","auto start","BITS"]}
{"RecordNumber":18260,"TimeGenerated":"2025-07-02 00:34:59 +0700","TimeWritten":"2025-07-02 00:34:59 +0700","EventID":7040,"Qualifiers":16384,"EventType":"Information","EventCategory":0,"Channel":"System","SourceName":"Service Control Manager","ComputerName":"DESKTOP-RB8ENUF","Data":"","Sid":"S-1-5-18","Message":"The start type of the Background Intelligent Transfer Service service was changed from auto start to demand start.\r\n","StringInserts":["Background Intelligent Transfer Service","auto start","demand start","BITS"]}
{"RecordNumber":18261,"TimeGenerated":"2025-07-02 01:22:49 +0700","TimeWritten":"2025-07-02 01:22:49 +0700","EventID":158,"Qualifiers":0,"EventType":"Information","EventCategory":0,"Channel":"System","SourceName":"Microsoft-Windows-Time-Service","ComputerName":"DESKTOP-RB8ENUF","Data":"","Sid":"S-1-5-19","Message":"The time provider 'VMICTimeProvider' has indicated that the current hardware and operating environment is not supported and has stopped. This behavior is expected for VMICTimeProvider on non-HyperV-guest environments. This may be the expected behavior for the current provider in the current operating environment as well.\r\n","StringInserts":["VMICTimeProvider"]}
{"RecordNumber":18262,"TimeGenerated":"2025-07-02 01:22:50 +0700","TimeWritten":"2025-07-02 01:22:50 +0700","EventID":37,"Qualifiers":0,"EventType":"Information","EventCategory":0,"Channel":"System","SourceName":"Microsoft-Windows-Time-Service","ComputerName":"DESKTOP-RB8ENUF","Data":"","Sid":"S-1-5-19","Message":"The time provider NtpClient is currently receiving valid time data from time.windows.com,0x9 (ntp.m|0x9|0.0.0.0:123->20.189.79.72:123).\r\n","StringInserts":["time.windows.com,0x9 (ntp.m|0x9|0.0.0.0:123->20.189.79.72:123)"]}
{"RecordNumber":18263,"TimeGenerated":"2025-07-02 01:23:05 +0700","TimeWritten":"2025-07-02 01:23:05 +0700","EventID":35,"Qualifiers":0,"EventType":"Information","EventCategory":0,"Channel":"System","SourceName":"Microsoft-Windows-Time-Service","ComputerName":"DESKTOP-RB8ENUF","Data":"","Sid":"S-1-5-19","Message":"The time service is now synchronizing the system time with the time source time.windows.com,0x9 (ntp.m|0x9|0.0.0.0:123->20.189.79.72:123) with reference id 1213185300. Current local stratum number is 4.\r\n","StringInserts":["time.windows.com,0x9 (ntp.m|0x9|0.0.0.0:123->20.189.79.72:123)","1213185300","4"]}
{"RecordNumber":18264,"TimeGenerated":"2025-07-02 01:23:05 +0700","TimeWritten":"2025-07-02 01:23:05 +0700","EventID":24,"Qualifiers":0,"EventType":"Information","EventCategory":11,"Channel":"System","SourceName":"Microsoft-Windows-Kernel-General","ComputerName":"DESKTOP-RB8ENUF","Data":"","Sid":"S-1-5-19","Message":"","StringInserts":["0","-420","0","0","0"]}
{"RecordNumber":18265,"TimeGenerated":"2025-07-02 01:23:05 +0700","TimeWritten":"2025-07-02 01:23:05 +0700","EventID":1,"Qualifiers":0,"EventType":"Information","EventCategory":5,"Channel":"System","SourceName":"Microsoft-Windows-Kernel-General","ComputerName":"DESKTOP-RB8ENUF","Data":"","Sid":"S-1-5-19","Message":"Possible detection of CVE: 2025-07-01T18:23:05.1389399Z\r\nAdditional Information: 2025-07-01T18:23:05.1387818Z\r\n\r\nThis Event is generated when an attempt to exploit a known vulnerability (2025-07-01T18:23:05.1389399Z) is detected.\r\nThis Event is raised by a User mode process.\r\n\r\n","StringInserts":["2025-07-01T18:23:05.1389399Z","2025-07-01T18:23:05.1387818Z","1","\\Device\\HarddiskVolume7\\Windows\\System32\\svchost.exe","10028"]}
{"RecordNumber":18266,"TimeGenerated":"2025-07-02 01:24:17 +0700","TimeWritten":"2025-07-02 01:24:17 +0700","EventID":7040,"Qualifiers":16384,"EventType":"Information","EventCategory":0,"Channel":"System","SourceName":"Service Control Manager","ComputerName":"DESKTOP-RB8ENUF","Data":"","Sid":"S-1-5-18","Message":"The start type of the Background Intelligent Transfer Service service was changed from demand start to auto start.\r\n","StringInserts":["Background Intelligent Transfer Service","demand start","auto start","BITS"]}
{"RecordNumber":18267,"TimeGenerated":"2025-07-02 01:26:56 +0700","TimeWritten":"2025-07-02 01:26:56 +0700","EventID":7040,"Qualifiers":16384,"EventType":"Information","EventCategory":0,"Channel":"System","SourceName":"Service Control Manager","ComputerName":"DESKTOP-RB8ENUF","Data":"","Sid":"S-1-5-18","Message":"The start type of the Background Intelligent Transfer Service service was changed from auto start to demand start.\r\n","StringInserts":["Background Intelligent Transfer Service","auto start","demand start","BITS"]}
{"RecordNumber":18268,"TimeGenerated":"2025-07-02 02:24:11 +0700","TimeWritten":"2025-07-02 02:24:11 +0700","EventID":7040,"Qualifiers":16384,"EventType":"Information","EventCategory":0,"Channel":"System","SourceName":"Service Control Manager","ComputerName":"DESKTOP-RB8ENUF","Data":"","Sid":"S-1-5-18","Message":"The start type of the Background Intelligent Transfer Service service was changed from demand start to auto start.\r\n","StringInserts":["Background Intelligent Transfer Service","demand start","auto start","BITS"]}
{"RecordNumber":18269,"TimeGenerated":"2025-07-02 02:26:28 +0700","TimeWritten":"2025-07-02 02:26:28 +0700","EventID":7040,"Qualifiers":16384,"EventType":"Information","EventCategory":0,"Channel":"System","SourceName":"Service Control Manager","ComputerName":"DESKTOP-RB8ENUF","Data":"","Sid":"S-1-5-18","Message":"The start type of the Background Intelligent Transfer Service service was changed from auto start to demand start.\r\n","StringInserts":["Background Intelligent Transfer Service","auto start","demand start","BITS"]}
{"RecordNumber":18270,"TimeGenerated":"2025-07-02 05:27:37 +0700","TimeWritten":"2025-07-02 05:27:37 +0700","EventID":1796,"Qualifiers":0,"EventType":"Error","EventCategory":0,"Channel":"System","SourceName":"Microsoft-Windows-TPM-WMI","ComputerName":"DESKTOP-RB8ENUF","Data":"","Sid":"S-1-5-18","Message":"The Secure Boot update failed to update a Secure Boot variable with error -2147020471. For more information, please see https://go.microsoft.com/fwlink/?linkid=2169931\r\n","StringInserts":["-2147020471"]}
{"RecordNumber":18271,"TimeGenerated":"2025-07-02 05:27:37 +0700","TimeWritten":"2025-07-02 05:27:37 +0700","EventID":1796,"Qualifiers":0,"EventType":"Error","EventCategory":0,"Channel":"System","SourceName":"Microsoft-Windows-TPM-WMI","ComputerName":"DESKTOP-RB8ENUF","Data":"","Sid":"S-1-5-18","Message":"The Secure Boot update failed to update a Secure Boot variable with error -2147020471. For more information, please see https://go.microsoft.com/fwlink/?linkid=2169931\r\n","StringInserts":["-2147020471"]}
{"RecordNumber":18272,"TimeGenerated":"2025-07-02 08:05:07 +0700","TimeWritten":"2025-07-02 08:05:07 +0700","EventID":7040,"Qualifiers":16384,"EventType":"Information","EventCategory":0,"Channel":"System","SourceName":"Service Control Manager","ComputerName":"DESKTOP-RB8ENUF","Data":"","Sid":"S-1-5-18","Message":"The start type of the Background Intelligent Transfer Service service was changed from demand start to auto start.\r\n","StringInserts":["Background Intelligent Transfer Service","demand start","auto start","BITS"]}
{"RecordNumber":18273,"TimeGenerated":"2025-07-02 08:07:51 +0700","TimeWritten":"2025-07-02 08:07:51 +0700","EventID":7040,"Qualifiers":16384,"EventType":"Information","EventCategory":0,"Channel":"System","SourceName":"Service Control Manager","ComputerName":"DESKTOP-RB8ENUF","Data":"","Sid":"S-1-5-18","Message":"The start type of the Background Intelligent Transfer Service service was changed from auto start to demand start.\r\n","StringInserts":["Background Intelligent Transfer Service","auto start","demand start","BITS"]}
{"RecordNumber":18274,"TimeGenerated":"2025-07-02 08:35:58 +0700","TimeWritten":"2025-07-02 08:35:58 +0700","EventID":16,"Qualifiers":0,"EventType":"Information","EventCategory":0,"Channel":"System","SourceName":"Microsoft-Windows-Kernel-General","ComputerName":"DESKTOP-RB8ENUF","Data":"","Sid":"S-1-5-18","Message":"","StringInserts":["100","\\??\\C:\\Users\\Admin\\AppData\\Local\\Packages\\Microsoft.WindowsStore_8wekyb3d8bbwe\\Settings\\settings.dat","10","2"]}
{"RecordNumber":18275,"TimeGenerated":"2025-07-02 11:24:17 +0700","TimeWritten":"2025-07-02 11:24:17 +0700","EventID":7040,"Qualifiers":16384,"EventType":"Information","EventCategory":0,"Channel":"System","SourceName":"Service Control Manager","ComputerName":"DESKTOP-RB8ENUF","Data":"","Sid":"S-1-5-18","Message":"The start type of the Background Intelligent Transfer Service service was changed from demand start to auto start.\r\n","StringInserts":["Background Intelligent Transfer Service","demand start","auto start","BITS"]}
{"RecordNumber":18276,"TimeGenerated":"2025-07-02 11:26:37 +0700","TimeWritten":"2025-07-02 11:26:37 +0700","EventID":7040,"Qualifiers":16384,"EventType":"Information","EventCategory":0,"Channel":"System","SourceName":"Service Control Manager","ComputerName":"DESKTOP-RB8ENUF","Data":"","Sid":"S-1-5-18","Message":"The start type of the Background Intelligent Transfer Service service was changed from auto start to demand start.\r\n","StringInserts":["Background Intelligent Transfer Service","auto start","demand start","BITS"]}
{"RecordNumber":18277,"TimeGenerated":"2025-07-02 12:00:00 +0700","TimeWritten":"2025-07-02 12:00:00 +0700","EventID":6013,"Qualifiers":32768,"EventType":"Information","EventCategory":0,"Channel":"System","SourceName":"EventLog","ComputerName":"DESKTOP-RB8ENUF","Data":"31002e003100000030000000570069006e0064006f00770073002000310030002000500072006f000000310030002e0030002e003100390030003400350020004200750069006c0064002000310039003000340035002000200000004d0075006c0074006900700072006f0063006500730073006f007200200046007200650065000000310039003000340031002e00760062005f00720065006c0065006100730065002e003100390031003200300036002d00310034003000360000003600350066003300320061003200320000004e006f007400200041007600610069006c00610062006c00650000004e006f007400200041007600610069006c00610062006c00650000003900000031003200000031003600310032003600000034003000390000004400450053004b0054004f0050002d0052004200380045004e005500460000000000","Sid":"","Message":"The system uptime is 758268 seconds.\r\n","StringInserts":["","","","","758268","60","-420 SE Asia Standard Time"]}
{"RecordNumber":18278,"TimeGenerated":"2025-07-02 13:02:46 +0700","TimeWritten":"2025-07-02 13:02:46 +0700","EventID":7040,"Qualifiers":16384,"EventType":"Information","EventCategory":0,"Channel":"System","SourceName":"Service Control Manager","ComputerName":"DESKTOP-RB8ENUF","Data":"","Sid":"S-1-5-18","Message":"The start type of the Background Intelligent Transfer Service service was changed from demand start to auto start.\r\n","StringInserts":["Background Intelligent Transfer Service","demand start","auto start","BITS"]}
{"RecordNumber":18279,"TimeGenerated":"2025-07-02 13:05:10 +0700","TimeWritten":"2025-07-02 13:05:10 +0700","EventID":7040,"Qualifiers":16384,"EventType":"Information","EventCategory":0,"Channel":"System","SourceName":"Service Control Manager","ComputerName":"DESKTOP-RB8ENUF","Data":"","Sid":"S-1-5-18","Message":"The start type of the Background Intelligent Transfer Service service was changed from auto start to demand start.\r\n","StringInserts":["Background Intelligent Transfer Service","auto start","demand start","BITS"]}
{"RecordNumber":18280,"TimeGenerated":"2025-07-02 14:08:23 +0700","TimeWritten":"2025-07-02 14:08:23 +0700","EventID":10016,"Qualifiers":0,"EventType":"Warning","EventCategory":0,"Channel":"System","SourceName":"DCOM","ComputerName":"DESKTOP-RB8ENUF","Data":"","Sid":"S-1-5-21-3306260603-718234045-292622573-1001","Message":"The application-specific permission settings do not grant Local Activation permission for the COM Server application with CLSID \r\n{2593F8B9-4EAF-457C-B68A-50F6B8EA6B54}\r\n and APPID \r\n{15C20B67-12E7-4BB6-92BB-7AFF07997402}\r\n to the user DESKTOP-RB8ENUF\\NgThang SID (S-1-5-21-3306260603-718234045-292622573-1001) from address LocalHost (Using LRPC) running in the application container Unavailable SID (Unavailable). This security permission can be modified using the Component Services administrative tool.\r\n","StringInserts":["application-specific","Local","Activation","{2593F8B9-4EAF-457C-B68A-50F6B8EA6B54}","{15C20B67-12E7-4BB6-92BB-7AFF07997402}","DESKTOP-RB8ENUF","NgThang","S-1-5-21-3306260603-718234045-292622573-1001","LocalHost (Using LRPC)","Unavailable","Unavailable"]}
{"RecordNumber":18281,"TimeGenerated":"2025-07-02 14:25:28 +0700","TimeWritten":"2025-07-02 14:25:28 +0700","EventID":10016,"Qualifiers":0,"EventType":"Warning","EventCategory":0,"Channel":"System","SourceName":"DCOM","ComputerName":"DESKTOP-RB8ENUF","Data":"","Sid":"S-1-5-21-3306260603-718234045-292622573-1001","Message":"The machine-default permission settings do not grant Local Activation permission for the COM Server application with CLSID \r\n{C2F03A33-21F5-47FA-B4BB-156362A2F239}\r\n and APPID \r\n{316CDED5-E4AE-4B15-9113-7055D84DCC97}\r\n to the user DESKTOP-RB8ENUF\\NgThang SID (S-1-5-21-3306260603-718234045-292622573-1001) from address LocalHost (Using LRPC) running in the application container Microsoft.Windows.ShellExperienceHost_10.0.19041.5072_neutral_neutral_cw5n1h2txyewy SID (S-1-15-2-155514346-2573954481-755741238-1654018636-1233331829-3075935687-2861478708). This security permission can be modified using the Component Services administrative tool.\r\n","StringInserts":["machine-default","Local","Activation","{C2F03A33-21F5-47FA-B4BB-156362A2F239}","{316CDED5-E4AE-4B15-9113-7055D84DCC97}","DESKTOP-RB8ENUF","NgThang","S-1-5-21-3306260603-718234045-292622573-1001","LocalHost (Using LRPC)","Microsoft.Windows.ShellExperienceHost_10.0.19041.5072_neutral_neutral_cw5n1h2txyewy","S-1-15-2-155514346-2573954481-755741238-1654018636-1233331829-3075935687-2861478708"]}
{"RecordNumber":18282,"TimeGenerated":"2025-07-02 14:40:26 +0700","TimeWritten":"2025-07-02 14:40:26 +0700","EventID":7040,"Qualifiers":16384,"EventType":"Information","EventCategory":0,"Channel":"System","SourceName":"Service Control Manager","ComputerName":"DESKTOP-RB8ENUF","Data":"","Sid":"S-1-5-18","Message":"The start type of the Background Intelligent Transfer Service service was changed from demand start to auto start.\r\n","StringInserts":["Background Intelligent Transfer Service","demand start","auto start","BITS"]}
{"RecordNumber":18283,"TimeGenerated":"2025-07-02 14:42:37 +0700","TimeWritten":"2025-07-02 14:42:37 +0700","EventID":7040,"Qualifiers":16384,"EventType":"Information","EventCategory":0,"Channel":"System","SourceName":"Service Control Manager","ComputerName":"DESKTOP-RB8ENUF","Data":"","Sid":"S-1-5-18","Message":"The start type of the Background Intelligent Transfer Service service was changed from auto start to demand start.\r\n","StringInserts":["Background Intelligent Transfer Service","auto start","demand start","BITS"]}
{"RecordNumber":18284,"TimeGenerated":"2025-07-02 16:13:49 +0700","TimeWritten":"2025-07-02 16:13:49 +0700","EventID":44,"Qualifiers":0,"EventType":"Information","EventCategory":1,"Channel":"System","SourceName":"Microsoft-Windows-WindowsUpdateClient","ComputerName":"DESKTOP-RB8ENUF","Data":"","Sid":"S-1-5-18","Message":"Windows Update started downloading an update.\r\n","StringInserts":["Security Intelligence Update for Microsoft Defender Antivirus - KB2267602 (Version 1.431.345.0) - Current Channel (Broad)","{20b18f18-ea02-4edf-b377-58ff794c4cf7}","201"]}
{"RecordNumber":18285,"TimeGenerated":"2025-07-02 16:13:49 +0700","TimeWritten":"2025-07-02 16:13:49 +0700","EventID":43,"Qualifiers":0,"EventType":"Information","EventCategory":1,"Channel":"System","SourceName":"Microsoft-Windows-WindowsUpdateClient","ComputerName":"DESKTOP-RB8ENUF","Data":"","Sid":"S-1-5-18","Message":"Installation Started: Windows has started installing the following update: Security Intelligence Update for Microsoft Defender Antivirus - KB2267602 (Version 1.431.345.0) - Current Channel (Broad)\r\n","StringInserts":["Security Intelligence Update for Microsoft Defender Antivirus - KB2267602 (Version 1.431.345.0) - Current Channel (Broad)","{20b18f18-ea02-4edf-b377-58ff794c4cf7}","201"]}
{"RecordNumber":18286,"TimeGenerated":"2025-07-02 16:13:59 +0700","TimeWritten":"2025-07-02 16:13:59 +0700","EventID":19,"Qualifiers":0,"EventType":"Information","EventCategory":1,"Channel":"System","SourceName":"Microsoft-Windows-WindowsUpdateClient","ComputerName":"DESKTOP-RB8ENUF","Data":"","Sid":"S-1-5-18","Message":"Installation Successful: Windows successfully installed the following update: Security Intelligence Update for Microsoft Defender Antivirus - KB2267602 (Version 1.431.345.0) - Current Channel (Broad)\r\n","StringInserts":["Security Intelligence Update for Microsoft Defender Antivirus - KB2267602 (Version 1.431.345.0) - Current Channel (Broad)","{20b18f18-ea02-4edf-b377-58ff794c4cf7}","201","{9482f4b4-e343-43b6-b170-9a65bc822c77}"]}
{"RecordNumber":18287,"TimeGenerated":"2025-07-02 17:08:48 +0700","TimeWritten":"2025-07-02 17:08:48 +0700","EventID":44,"Qualifiers":0,"EventType":"Information","EventCategory":1,"Channel":"System","SourceName":"Microsoft-Windows-WindowsUpdateClient","ComputerName":"DESKTOP-RB8ENUF","Data":"","Sid":"S-1-5-18","Message":"Windows Update started downloading an update.\r\n","StringInserts":["9NBLGGH4NNS1-Microsoft.DesktopAppInstaller","{eac2b4c7-0286-4746-8b0b-08c11d2ee637}","1"]}
{"RecordNumber":18288,"TimeGenerated":"2025-07-02 17:08:48 +0700","TimeWritten":"2025-07-02 17:08:48 +0700","EventID":44,"Qualifiers":0,"EventType":"Information","EventCategory":1,"Channel":"System","SourceName":"Microsoft-Windows-WindowsUpdateClient","ComputerName":"DESKTOP-RB8ENUF","Data":"","Sid":"S-1-5-18","Message":"Windows Update started downloading an update.\r\n","StringInserts":["9NBLGGH4RV3K-Microsoft.VCLibs.140.00.UWPDesktop","{fcdd3b59-f41c-4595-b36b-245bacb749e8}","1"]}
{"RecordNumber":18289,"TimeGenerated":"2025-07-02 17:08:48 +0700","TimeWritten":"2025-07-02 17:08:48 +0700","EventID":44,"Qualifiers":0,"EventType":"Information","EventCategory":1,"Channel":"System","SourceName":"Microsoft-Windows-WindowsUpdateClient","ComputerName":"DESKTOP-RB8ENUF","Data":"","Sid":"S-1-5-18","Message":"Windows Update started downloading an update.\r\n","StringInserts":["9NBLGGH4NNS1-Microsoft.DesktopAppInstaller","{eac2b4c7-0286-4746-8b0b-08c11d2ee637}","1"]}
{"RecordNumber":18290,"TimeGenerated":"2025-07-02 17:08:50 +0700","TimeWritten":"2025-07-02 17:08:50 +0700","EventID":43,"Qualifiers":0,"EventType":"Information","EventCategory":1,"Channel":"System","SourceName":"Microsoft-Windows-WindowsUpdateClient","ComputerName":"DESKTOP-RB8ENUF","Data":"","Sid":"S-1-5-18","Message":"Installation Started: Windows has started installing the following update: 9NBLGGH4NNS1-Microsoft.DesktopAppInstaller\r\n","StringInserts":["9NBLGGH4NNS1-Microsoft.DesktopAppInstaller","{eac2b4c7-0286-4746-8b0b-08c11d2ee637}","1"]}
{"RecordNumber":18291,"TimeGenerated":"2025-07-02 17:08:50 +0700","TimeWritten":"2025-07-02 17:08:50 +0700","EventID":20,"Qualifiers":0,"EventType":"Error","EventCategory":1,"Channel":"System","SourceName":"Microsoft-Windows-WindowsUpdateClient","ComputerName":"DESKTOP-RB8ENUF","Data":"","Sid":"S-1-5-18","Message":"Installation Failure: Windows failed to install the following update with error 0x80073d02: 9NBLGGH4NNS1-Microsoft.DesktopAppInstaller.\r\n","StringInserts":["0x80073d02","9NBLGGH4NNS1-Microsoft.DesktopAppInstaller","{eac2b4c7-0286-4746-8b0b-08c11d2ee637}","1","{855e8a7c-ecb4-4ca3-b045-1dfa50104289}"]}
{"RecordNumber":18292,"TimeGenerated":"2025-07-02 17:27:37 +0700","TimeWritten":"2025-07-02 17:27:37 +0700","EventID":1796,"Qualifiers":0,"EventType":"Error","EventCategory":0,"Channel":"System","SourceName":"Microsoft-Windows-TPM-WMI","ComputerName":"DESKTOP-RB8ENUF","Data":"","Sid":"S-1-5-18","Message":"The Secure Boot update failed to update a Secure Boot variable with error -2147020471. For more information, please see https://go.microsoft.com/fwlink/?linkid=2169931\r\n","StringInserts":["-2147020471"]}
{"RecordNumber":18293,"TimeGenerated":"2025-07-02 17:27:37 +0700","TimeWritten":"2025-07-02 17:27:37 +0700","EventID":1796,"Qualifiers":0,"EventType":"Error","EventCategory":0,"Channel":"System","SourceName":"Microsoft-Windows-TPM-WMI","ComputerName":"DESKTOP-RB8ENUF","Data":"","Sid":"S-1-5-18","Message":"The Secure Boot update failed to update a Secure Boot variable with error -2147020471. For more information, please see https://go.microsoft.com/fwlink/?linkid=2169931\r\n","StringInserts":["-2147020471"]}
{"RecordNumber":18294,"TimeGenerated":"2025-07-02 17:33:12 +0700","TimeWritten":"2025-07-02 17:33:12 +0700","EventID":44,"Qualifiers":0,"EventType":"Information","EventCategory":1,"Channel":"System","SourceName":"Microsoft-Windows-WindowsUpdateClient","ComputerName":"DESKTOP-RB8ENUF","Data":"","Sid":"S-1-5-18","Message":"Windows Update started downloading an update.\r\n","StringInserts":["Security Intelligence Update for Microsoft Defender Antivirus - KB2267602 (Version 1.431.348.0) - Current Channel (Broad)","{bcf801f4-e67c-452c-acf6-0a3bad3f2639}","200"]}
{"RecordNumber":18295,"TimeGenerated":"2025-07-02 17:33:13 +0700","TimeWritten":"2025-07-02 17:33:13 +0700","EventID":43,"Qualifiers":0,"EventType":"Information","EventCategory":1,"Channel":"System","SourceName":"Microsoft-Windows-WindowsUpdateClient","ComputerName":"DESKTOP-RB8ENUF","Data":"","Sid":"S-1-5-18","Message":"Installation Started: Windows has started installing the following update: Security Intelligence Update for Microsoft Defender Antivirus - KB2267602 (Version 1.431.348.0) - Current Channel (Broad)\r\n","StringInserts":["Security Intelligence Update for Microsoft Defender Antivirus - KB2267602 (Version 1.431.348.0) - Current Channel (Broad)","{bcf801f4-e67c-452c-acf6-0a3bad3f2639}","200"]}
{"RecordNumber":18296,"TimeGenerated":"2025-07-02 17:33:21 +0700","TimeWritten":"2025-07-02 17:33:21 +0700","EventID":19,"Qualifiers":0,"EventType":"Information","EventCategory":1,"Channel":"System","SourceName":"Microsoft-Windows-WindowsUpdateClient","ComputerName":"DESKTOP-RB8ENUF","Data":"","Sid":"S-1-5-18","Message":"Installation Successful: Windows successfully installed the following update: Security Intelligence Update for Microsoft Defender Antivirus - KB2267602 (Version 1.431.348.0) - Current Channel (Broad)\r\n","StringInserts":["Security Intelligence Update for Microsoft Defender Antivirus - KB2267602 (Version 1.431.348.0) - Current Channel (Broad)","{bcf801f4-e67c-452c-acf6-0a3bad3f2639}","200","{9482f4b4-e343-43b6-b170-9a65bc822c77}"]}
{"RecordNumber":18297,"TimeGenerated":"2025-07-02 17:47:02 +0700","TimeWritten":"2025-07-02 17:47:02 +0700","EventID":7040,"Qualifiers":16384,"EventType":"Information","EventCategory":0,"Channel":"System","SourceName":"Service Control Manager","ComputerName":"DESKTOP-RB8ENUF","Data":"","Sid":"S-1-5-18","Message":"The start type of the Background Intelligent Transfer Service service was changed from demand start to auto start.\r\n","StringInserts":["Background Intelligent Transfer Service","demand start","auto start","BITS"]}
{"RecordNumber":18298,"TimeGenerated":"2025-07-02 17:49:07 +0700","TimeWritten":"2025-07-02 17:49:07 +0700","EventID":7040,"Qualifiers":16384,"EventType":"Information","EventCategory":0,"Channel":"System","SourceName":"Service Control Manager","ComputerName":"DESKTOP-RB8ENUF","Data":"","Sid":"S-1-5-18","Message":"The start type of the Background Intelligent Transfer Service service was changed from auto start to demand start.\r\n","StringInserts":["Background Intelligent Transfer Service","auto start","demand start","BITS"]}
{"RecordNumber":18299,"TimeGenerated":"2025-07-02 18:26:14 +0700","TimeWritten":"2025-07-02 18:26:14 +0700","EventID":10016,"Qualifiers":0,"EventType":"Warning","EventCategory":0,"Channel":"System","SourceName":"DCOM","ComputerName":"DESKTOP-RB8ENUF","Data":"","Sid":"S-1-5-21-3306260603-718234045-292622573-1001","Message":"The machine-default permission settings do not grant Local Activation permission for the COM Server application with CLSID \r\n{C2F03A33-21F5-47FA-B4BB-156362A2F239}\r\n and APPID \r\n{316CDED5-E4AE-4B15-9113-7055D84DCC97}\r\n to the user DESKTOP-RB8ENUF\\NgThang SID (S-1-5-21-3306260603-718234045-292622573-1001) from address LocalHost (Using LRPC) running in the application container Microsoft.Windows.ShellExperienceHost_10.0.19041.5072_neutral_neutral_cw5n1h2txyewy SID (S-1-15-2-155514346-2573954481-755741238-1654018636-1233331829-3075935687-2861478708). This security permission can be modified using the Component Services administrative tool.\r\n","StringInserts":["machine-default","Local","Activation","{C2F03A33-21F5-47FA-B4BB-156362A2F239}","{316CDED5-E4AE-4B15-9113-7055D84DCC97}","DESKTOP-RB8ENUF","NgThang","S-1-5-21-3306260603-718234045-292622573-1001","LocalHost (Using LRPC)","Microsoft.Windows.ShellExperienceHost_10.0.19041.5072_neutral_neutral_cw5n1h2txyewy","S-1-15-2-155514346-2573954481-755741238-1654018636-1233331829-3075935687-2861478708"]}
{"RecordNumber":18300,"TimeGenerated":"2025-07-02 19:59:11 +0700","TimeWritten":"2025-07-02 19:59:11 +0700","EventID":7040,"Qualifiers":16384,"EventType":"Information","EventCategory":0,"Channel":"System","SourceName":"Service Control Manager","ComputerName":"DESKTOP-RB8ENUF","Data":"","Sid":"S-1-5-18","Message":"The start type of the Background Intelligent Transfer Service service was changed from demand start to auto start.\r\n","StringInserts":["Background Intelligent Transfer Service","demand start","auto start","BITS"]}
{"RecordNumber":18301,"TimeGenerated":"2025-07-02 20:01:58 +0700","TimeWritten":"2025-07-02 20:01:58 +0700","EventID":7040,"Qualifiers":16384,"EventType":"Information","EventCategory":0,"Channel":"System","SourceName":"Service Control Manager","ComputerName":"DESKTOP-RB8ENUF","Data":"","Sid":"S-1-5-18","Message":"The start type of the Background Intelligent Transfer Service service was changed from auto start to demand start.\r\n","StringInserts":["Background Intelligent Transfer Service","auto start","demand start","BITS"]}
{"RecordNumber":18302,"TimeGenerated":"2025-07-02 20:25:04 +0700","TimeWritten":"2025-07-02 20:25:04 +0700","EventID":10016,"Qualifiers":0,"EventType":"Warning","EventCategory":0,"Channel":"System","SourceName":"DCOM","ComputerName":"DESKTOP-RB8ENUF","Data":"","Sid":"S-1-5-21-3306260603-718234045-292622573-1001","Message":"The machine-default permission settings do not grant Local Activation permission for the COM Server application with CLSID \r\n{C2F03A33-21F5-47FA-B4BB-156362A2F239}\r\n and APPID \r\n{316CDED5-E4AE-4B15-9113-7055D84DCC97}\r\n to the user DESKTOP-RB8ENUF\\NgThang SID (S-1-5-21-3306260603-718234045-292622573-1001) from address LocalHost (Using LRPC) running in the application container Microsoft.Windows.ShellExperienceHost_10.0.19041.5072_neutral_neutral_cw5n1h2txyewy SID (S-1-15-2-155514346-2573954481-755741238-1654018636-1233331829-3075935687-2861478708). This security permission can be modified using the Component Services administrative tool.\r\n","StringInserts":["machine-default","Local","Activation","{C2F03A33-21F5-47FA-B4BB-156362A2F239}","{316CDED5-E4AE-4B15-9113-7055D84DCC97}","DESKTOP-RB8ENUF","NgThang","S-1-5-21-3306260603-718234045-292622573-1001","LocalHost (Using LRPC)","Microsoft.Windows.ShellExperienceHost_10.0.19041.5072_neutral_neutral_cw5n1h2txyewy","S-1-15-2-155514346-2573954481-755741238-1654018636-1233331829-3075935687-2861478708"]}
{"RecordNumber":18303,"TimeGenerated":"2025-07-02 20:26:23 +0700","TimeWritten":"2025-07-02 20:26:23 +0700","EventID":16,"Qualifiers":0,"EventType":"Information","EventCategory":0,"Channel":"System","SourceName":"Microsoft-Windows-Kernel-General","ComputerName":"DESKTOP-RB8ENUF","Data":"","Sid":"S-1-5-18","Message":"","StringInserts":["104","\\??\\C:\\Users\\Admin\\AppData\\Local\\Packages\\Microsoft.AAD.BrokerPlugin_cw5n1h2txyewy\\Settings\\settings.dat","15","1"]}
{"RecordNumber":18304,"TimeGenerated":"2025-07-02 21:24:18 +0700","TimeWritten":"2025-07-02 21:24:18 +0700","EventID":7040,"Qualifiers":16384,"EventType":"Information","EventCategory":0,"Channel":"System","SourceName":"Service Control Manager","ComputerName":"DESKTOP-RB8ENUF","Data":"","Sid":"S-1-5-18","Message":"The start type of the Background Intelligent Transfer Service service was changed from demand start to auto start.\r\n","StringInserts":["Background Intelligent Transfer Service","demand start","auto start","BITS"]}
{"RecordNumber":18305,"TimeGenerated":"2025-07-02 21:26:39 +0700","TimeWritten":"2025-07-02 21:26:39 +0700","EventID":7040,"Qualifiers":16384,"EventType":"Information","EventCategory":0,"Channel":"System","SourceName":"Service Control Manager","ComputerName":"DESKTOP-RB8ENUF","Data":"","Sid":"S-1-5-18","Message":"The start type of the Background Intelligent Transfer Service service was changed from auto start to demand start.\r\n","StringInserts":["Background Intelligent Transfer Service","auto start","demand start","BITS"]}
{"RecordNumber":18306,"TimeGenerated":"2025-07-02 22:24:11 +0700","TimeWritten":"2025-07-02 22:24:11 +0700","EventID":7040,"Qualifiers":16384,"EventType":"Information","EventCategory":0,"Channel":"System","SourceName":"Service Control Manager","ComputerName":"DESKTOP-RB8ENUF","Data":"","Sid":"S-1-5-18","Message":"The start type of the Background Intelligent Transfer Service service was changed from demand start to auto start.\r\n","StringInserts":["Background Intelligent Transfer Service","demand start","auto start","BITS"]}
{"RecordNumber":18307,"TimeGenerated":"2025-07-02 22:26:31 +0700","TimeWritten":"2025-07-02 22:26:31 +0700","EventID":7040,"Qualifiers":16384,"EventType":"Information","EventCategory":0,"Channel":"System","SourceName":"Service Control Manager","ComputerName":"DESKTOP-RB8ENUF","Data":"","Sid":"S-1-5-18","Message":"The start type of the Background Intelligent Transfer Service service was changed from auto start to demand start.\r\n","StringInserts":["Background Intelligent Transfer Service","auto start","demand start","BITS"]}
{"RecordNumber":18308,"TimeGenerated":"2025-07-03 00:06:54 +0700","TimeWritten":"2025-07-03 00:06:54 +0700","EventID":7040,"Qualifiers":16384,"EventType":"Information","EventCategory":0,"Channel":"System","SourceName":"Service Control Manager","ComputerName":"DESKTOP-RB8ENUF","Data":"","Sid":"S-1-5-18","Message":"The start type of the Background Intelligent Transfer Service service was changed from demand start to auto start.\r\n","StringInserts":["Background Intelligent Transfer Service","demand start","auto start","BITS"]}
{"RecordNumber":18309,"TimeGenerated":"2025-07-03 00:08:58 +0700","TimeWritten":"2025-07-03 00:08:58 +0700","EventID":7040,"Qualifiers":16384,"EventType":"Information","EventCategory":0,"Channel":"System","SourceName":"Service Control Manager","ComputerName":"DESKTOP-RB8ENUF","Data":"","Sid":"S-1-5-18","Message":"The start type of the Background Intelligent Transfer Service service was changed from auto start to demand start.\r\n","StringInserts":["Background Intelligent Transfer Service","auto start","demand start","BITS"]}
{"RecordNumber":18310,"TimeGenerated":"2025-07-03 01:22:49 +0700","TimeWritten":"2025-07-03 01:22:49 +0700","EventID":158,"Qualifiers":0,"EventType":"Information","EventCategory":0,"Channel":"System","SourceName":"Microsoft-Windows-Time-Service","ComputerName":"DESKTOP-RB8ENUF","Data":"","Sid":"S-1-5-19","Message":"The time provider 'VMICTimeProvider' has indicated that the current hardware and operating environment is not supported and has stopped. This behavior is expected for VMICTimeProvider on non-HyperV-guest environments. This may be the expected behavior for the current provider in the current operating environment as well.\r\n","StringInserts":["VMICTimeProvider"]}
{"RecordNumber":18311,"TimeGenerated":"2025-07-03 01:22:50 +0700","TimeWritten":"2025-07-03 01:22:50 +0700","EventID":37,"Qualifiers":0,"EventType":"Information","EventCategory":0,"Channel":"System","SourceName":"Microsoft-Windows-Time-Service","ComputerName":"DESKTOP-RB8ENUF","Data":"","Sid":"S-1-5-19","Message":"The time provider NtpClient is currently receiving valid time data from time.windows.com,0x9 (ntp.m|0x9|0.0.0.0:123->20.189.79.72:123).\r\n","StringInserts":["time.windows.com,0x9 (ntp.m|0x9|0.0.0.0:123->20.189.79.72:123)"]}
{"RecordNumber":18312,"TimeGenerated":"2025-07-03 01:23:03 +0700","TimeWritten":"2025-07-03 01:23:03 +0700","EventID":24,"Qualifiers":0,"EventType":"Information","EventCategory":11,"Channel":"System","SourceName":"Microsoft-Windows-Kernel-General","ComputerName":"DESKTOP-RB8ENUF","Data":"","Sid":"S-1-5-19","Message":"","StringInserts":["0","-420","0","0","0"]}
{"RecordNumber":18313,"TimeGenerated":"2025-07-03 01:23:03 +0700","TimeWritten":"2025-07-03 01:23:03 +0700","EventID":1,"Qualifiers":0,"EventType":"Information","EventCategory":5,"Channel":"System","SourceName":"Microsoft-Windows-Kernel-General","ComputerName":"DESKTOP-RB8ENUF","Data":"","Sid":"S-1-5-19","Message":"Possible detection of CVE: 2025-07-02T18:23:03.8197354Z\r\nAdditional Information: 2025-07-02T18:23:05.0742861Z\r\n\r\nThis Event is generated when an attempt to exploit a known vulnerability (2025-07-02T18:23:03.8197354Z) is detected.\r\nThis Event is raised by a User mode process.\r\n\r\n","StringInserts":["2025-07-02T18:23:03.8197354Z","2025-07-02T18:23:05.0742861Z","1","\\Device\\HarddiskVolume7\\Windows\\System32\\svchost.exe","19700"]}
{"RecordNumber":18314,"TimeGenerated":"2025-07-03 01:23:03 +0700","TimeWritten":"2025-07-03 01:23:03 +0700","EventID":35,"Qualifiers":0,"EventType":"Information","EventCategory":0,"Channel":"System","SourceName":"Microsoft-Windows-Time-Service","ComputerName":"DESKTOP-RB8ENUF","Data":"","Sid":"S-1-5-19","Message":"The time service is now synchronizing the system time with the time source time.windows.com,0x9 (ntp.m|0x9|0.0.0.0:123->20.189.79.72:123) with reference id 1213185300. Current local stratum number is 4.\r\n","StringInserts":["time.windows.com,0x9 (ntp.m|0x9|0.0.0.0:123->20.189.79.72:123)","1213185300","4"]}
{"RecordNumber":18315,"TimeGenerated":"2025-07-03 01:23:03 +0700","TimeWritten":"2025-07-03 01:23:03 +0700","EventID":24,"Qualifiers":0,"EventType":"Information","EventCategory":11,"Channel":"System","SourceName":"Microsoft-Windows-Kernel-General","ComputerName":"DESKTOP-RB8ENUF","Data":"","Sid":"S-1-5-19","Message":"","StringInserts":["0","-420","0","0","0"]}
